[2025-06-05 00:21:00] - run : 2 in seed: 4
[2025-06-05 00:21:00] - +-----------------------------------+------------+
|              Modules              | Parameters |
+-----------------------------------+------------+
|     fm.Linear_Seasonal.weight     |    9216    |
|      fm.Linear_Seasonal.bias      |     96     |
|       fm.Linear_Trend.weight      |    9216    |
|        fm.Linear_Trend.bias       |     96     |
|             nm.weight             |     14     |
| nm.model_freq.model_freq.0.weight |    6144    |
|  nm.model_freq.model_freq.0.bias  |     64     |
|  nm.model_freq.model_all.0.weight |   20480    |
|   nm.model_freq.model_all.0.bias  |    128     |
|  nm.model_freq.model_all.2.weight |   12288    |
|   nm.model_freq.model_all.2.bias  |     96     |
| nm.model_pred.model_freq.0.weight |   24576    |
|  nm.model_pred.model_freq.0.bias  |    256     |
|  nm.model_pred.model_all.0.weight |   180224   |
|   nm.model_pred.model_all.0.bias  |    512     |
|  nm.model_pred.model_all.2.weight |   49152    |
|   nm.model_pred.model_all.2.bias  |     96     |
+-----------------------------------+------------+
[2025-06-05 00:21:00] - Total Trainable Params: 312654
[2025-06-05 00:21:00] - model parameters: 312654
[2025-06-05 00:21:09] - Epoch: 1 cost time: 9.882962226867676
[2025-06-05 00:21:09] - Traininng loss : 0.9017242128227619
[2025-06-05 00:21:11] - vali_results: {'mae': 0.42784613370895386, 'mape': 4.906734943389893, 'mse': 0.3951866328716278, 'rmse': 0.6286386847496033}
[2025-06-05 00:21:13] - test_results: {'mae': 0.4384893774986267, 'mape': 7.594675064086914, 'mse': 0.37947988510131836, 'rmse': 0.6160193681716919}
[2025-06-05 00:21:23] - Epoch: 2 cost time: 23.19370150566101
[2025-06-05 00:21:23] - Traininng loss : 0.7564943202949584
[2025-06-05 00:21:24] - vali_results: {'mae': 0.42572423815727234, 'mape': 4.92474889755249, 'mse': 0.39101672172546387, 'rmse': 0.6253132820129395}
[2025-06-05 00:21:25] - test_results: {'mae': 0.4331362247467041, 'mape': 7.237589359283447, 'mse': 0.3725607693195343, 'rmse': 0.6103775501251221}
[2025-06-05 00:21:36] - Epoch: 3 cost time: 36.06078219413757
[2025-06-05 00:21:36] - Traininng loss : 0.7427175933534794
[2025-06-05 00:21:37] - vali_results: {'mae': 0.4223600924015045, 'mape': 4.998791694641113, 'mse': 0.386053204536438, 'rmse': 0.6213318109512329}
[2025-06-05 00:21:39] - test_results: {'mae': 0.42705315351486206, 'mape': 7.559131145477295, 'mse': 0.3648984134197235, 'rmse': 0.6040682196617126}
[2025-06-05 00:21:49] - Epoch: 4 cost time: 49.195544481277466
[2025-06-05 00:21:49] - Traininng loss : 0.7358754183700744
[2025-06-05 00:21:50] - vali_results: {'mae': 0.4198039472103119, 'mape': 5.151442050933838, 'mse': 0.3837304413318634, 'rmse': 0.6194598078727722}
[2025-06-05 00:21:52] - test_results: {'mae': 0.42567509412765503, 'mape': 7.686255931854248, 'mse': 0.36370331048965454, 'rmse': 0.6030781865119934}
[2025-06-05 00:22:02] - Epoch: 5 cost time: 62.60544967651367
[2025-06-05 00:22:02] - Traininng loss : 0.7307879335068642
[2025-06-05 00:22:04] - vali_results: {'mae': 0.41947469115257263, 'mape': 5.196475028991699, 'mse': 0.38468214869499207, 'rmse': 0.6202275156974792}
[2025-06-05 00:22:05] - test_results: {'mae': 0.42589396238327026, 'mape': 7.286755084991455, 'mse': 0.3643289804458618, 'rmse': 0.6035966873168945}
[2025-06-05 00:22:15] - Epoch: 6 cost time: 75.23594784736633
[2025-06-05 00:22:15] - Traininng loss : 0.7261028424539464
[2025-06-05 00:22:16] - vali_results: {'mae': 0.41924506425857544, 'mape': 5.037781238555908, 'mse': 0.3841959238052368, 'rmse': 0.619835376739502}
[2025-06-05 00:22:17] - test_results: {'mae': 0.427571564912796, 'mape': 6.84890604019165, 'mse': 0.36563941836357117, 'rmse': 0.6046812534332275}
[2025-06-05 00:22:27] - Epoch: 7 cost time: 87.9857668876648
[2025-06-05 00:22:27] - Traininng loss : 0.7220304058270252
[2025-06-05 00:22:30] - vali_results: {'mae': 0.41924384236335754, 'mape': 5.182317733764648, 'mse': 0.3849225342273712, 'rmse': 0.6204212307929993}
[2025-06-05 00:22:31] - test_results: {'mae': 0.42816710472106934, 'mape': 6.7558088302612305, 'mse': 0.36711013317108154, 'rmse': 0.6058961153030396}
[2025-06-05 00:22:41] - Epoch: 8 cost time: 101.38321852684021
[2025-06-05 00:22:41] - Traininng loss : 0.7186341059810304
[2025-06-05 00:22:43] - vali_results: {'mae': 0.41864559054374695, 'mape': 5.242625713348389, 'mse': 0.3823021948337555, 'rmse': 0.6183059215545654}
[2025-06-05 00:22:44] - test_results: {'mae': 0.4234805107116699, 'mape': 7.14035177230835, 'mse': 0.3608000874519348, 'rmse': 0.600666344165802}
[2025-06-05 00:22:54] - Epoch: 9 cost time: 113.99451971054077
[2025-06-05 00:22:54] - Traininng loss : 0.7146153615668733
[2025-06-05 00:22:55] - vali_results: {'mae': 0.4182527959346771, 'mape': 5.090188503265381, 'mse': 0.3806929886341095, 'rmse': 0.6170032620429993}
[2025-06-05 00:22:56] - test_results: {'mae': 0.4259129464626312, 'mape': 6.846065521240234, 'mse': 0.3631722629070282, 'rmse': 0.602637767791748}
[2025-06-05 00:23:06] - Epoch: 10 cost time: 126.64651107788086
[2025-06-05 00:23:06] - Traininng loss : 0.7130976051409194
[2025-06-05 00:23:08] - vali_results: {'mae': 0.4164108633995056, 'mape': 5.22207498550415, 'mse': 0.38164761662483215, 'rmse': 0.6177763342857361}
[2025-06-05 00:23:09] - test_results: {'mae': 0.4260123670101166, 'mape': 6.906909465789795, 'mse': 0.36452874541282654, 'rmse': 0.603762149810791}
[2025-06-05 00:23:18] - Epoch: 11 cost time: 138.9155900478363
[2025-06-05 00:23:18] - Traininng loss : 0.7119895566175592
[2025-06-05 00:23:20] - vali_results: {'mae': 0.4168867766857147, 'mape': 5.168173789978027, 'mse': 0.38142919540405273, 'rmse': 0.6175995469093323}
[2025-06-05 00:23:21] - test_results: {'mae': 0.4269816279411316, 'mape': 6.970583915710449, 'mse': 0.36519455909729004, 'rmse': 0.604313313961029}
[2025-06-05 00:23:31] - Epoch: 12 cost time: 151.73131012916565
[2025-06-05 00:23:31] - Traininng loss : 0.7089731472920864
[2025-06-05 00:23:33] - vali_results: {'mae': 0.42027243971824646, 'mape': 4.955989837646484, 'mse': 0.38340121507644653, 'rmse': 0.6191940307617188}
[2025-06-05 00:23:34] - test_results: {'mae': 0.43135473132133484, 'mape': 6.5487060546875, 'mse': 0.36903974413871765, 'rmse': 0.6074864268302917}
[2025-06-05 00:23:44] - Epoch: 13 cost time: 164.43714833259583
[2025-06-05 00:23:44] - Traininng loss : 0.7077463507018191
[2025-06-05 00:23:46] - vali_results: {'mae': 0.4233638346195221, 'mape': 5.090403079986572, 'mse': 0.38411352038383484, 'rmse': 0.6197689175605774}
[2025-06-05 00:23:47] - test_results: {'mae': 0.4298987090587616, 'mape': 6.531490325927734, 'mse': 0.3671267330646515, 'rmse': 0.6059098243713379}
[2025-06-05 00:23:56] - Epoch: 14 cost time: 176.68974113464355
[2025-06-05 00:23:56] - Traininng loss : 0.704604983012727
[2025-06-05 00:23:58] - vali_results: {'mae': 0.42090219259262085, 'mape': 5.258519172668457, 'mse': 0.383402943611145, 'rmse': 0.6191954016685486}
[2025-06-05 00:23:59] - test_results: {'mae': 0.42475947737693787, 'mape': 6.6586408615112305, 'mse': 0.3617151379585266, 'rmse': 0.6014275550842285}
[2025-06-05 00:23:59] - loss no decreased for 5 epochs,  early stopping ....
[2025-06-05 00:24:00] - test_results: {'mae': 0.4259129464626312, 'mape': 6.846065521240234, 'mse': 0.3631722629070282, 'rmse': 0.602637767791748}
