[2025-05-28 18:03:49] - run : 0 in seed: 1
[2025-05-28 18:03:49] - +-----------------------------------+------------+
|              Modules              | Parameters |
+-----------------------------------+------------+
|     fm.Linear_Seasonal.weight     |   32256    |
|      fm.Linear_Seasonal.bias      |    336     |
|       fm.Linear_Trend.weight      |   32256    |
|        fm.Linear_Trend.bias       |    336     |
|             nm.weight             |     14     |
| nm.model_freq.model_freq.0.weight |    6144    |
|  nm.model_freq.model_freq.0.bias  |     64     |
|  nm.model_freq.model_all.0.weight |   20480    |
|   nm.model_freq.model_all.0.bias  |    128     |
|  nm.model_freq.model_all.2.weight |   43008    |
|   nm.model_freq.model_all.2.bias  |    336     |
| nm.model_pred.model_freq.0.weight |   24576    |
|  nm.model_pred.model_freq.0.bias  |    256     |
|  nm.model_pred.model_all.0.weight |   180224   |
|   nm.model_pred.model_all.0.bias  |    512     |
|  nm.model_pred.model_all.2.weight |   172032   |
|   nm.model_pred.model_all.2.bias  |    336     |
+-----------------------------------+------------+
[2025-05-28 18:03:49] - Total Trainable Params: 513294
[2025-05-28 18:03:49] - model parameters: 513294
[2025-05-28 18:04:53] - Epoch: 1 cost time: 63.92268896102905
[2025-05-28 18:04:53] - Traininng loss : 0.8295339120688776
[2025-05-28 18:04:59] - vali_results: {'mae': 0.43192386627197266, 'mape': 1.9359561204910278, 'mse': 0.4171193242073059, 'rmse': 0.645847737789154}
[2025-05-28 18:05:03] - test_results: {'mae': 0.4552578926086426, 'mape': 1.9936444759368896, 'mse': 0.4213426113128662, 'rmse': 0.6491090655326843}
[2025-05-28 18:06:05] - Epoch: 2 cost time: 136.10571312904358
[2025-05-28 18:06:05] - Traininng loss : 0.7775848872372837
[2025-05-28 18:06:12] - vali_results: {'mae': 0.43615031242370605, 'mape': 1.908044457435608, 'mse': 0.4158457815647125, 'rmse': 0.6448610424995422}
[2025-05-28 18:06:15] - test_results: {'mae': 0.4551534652709961, 'mape': 1.9181870222091675, 'mse': 0.4197956621646881, 'rmse': 0.6479163765907288}
[2025-05-28 18:07:17] - Epoch: 3 cost time: 208.49938201904297
[2025-05-28 18:07:17] - Traininng loss : 0.7697855399824152
[2025-05-28 18:07:25] - vali_results: {'mae': 0.4269120395183563, 'mape': 1.8978179693222046, 'mse': 0.41313523054122925, 'rmse': 0.6427559852600098}
[2025-05-28 18:07:28] - test_results: {'mae': 0.4583336412906647, 'mape': 1.9836554527282715, 'mse': 0.42782723903656006, 'rmse': 0.6540850400924683}
[2025-05-28 18:08:35] - Epoch: 4 cost time: 286.642037153244
[2025-05-28 18:08:35] - Traininng loss : 0.7654234354145711
[2025-05-28 18:08:43] - vali_results: {'mae': 0.4329839050769806, 'mape': 1.9020434617996216, 'mse': 0.41910213232040405, 'rmse': 0.6473810076713562}
[2025-05-28 18:08:47] - test_results: {'mae': 0.4662230908870697, 'mape': 1.9936275482177734, 'mse': 0.4378766119480133, 'rmse': 0.6617224812507629}
[2025-05-28 18:09:54] - Epoch: 5 cost time: 365.4987418651581
[2025-05-28 18:09:54] - Traininng loss : 0.7616152000064332
[2025-05-28 18:10:02] - vali_results: {'mae': 0.42600274085998535, 'mape': 1.9071934223175049, 'mse': 0.41152238845825195, 'rmse': 0.6415001153945923}
[2025-05-28 18:10:05] - test_results: {'mae': 0.4628203213214874, 'mape': 2.0226426124572754, 'mse': 0.43346619606018066, 'rmse': 0.6583815217018127}
[2025-05-28 18:11:13] - Epoch: 6 cost time: 444.3443670272827
[2025-05-28 18:11:13] - Traininng loss : 0.7585735949438033
[2025-05-28 18:11:20] - vali_results: {'mae': 0.4312196671962738, 'mape': 1.875047206878662, 'mse': 0.41608792543411255, 'rmse': 0.6450487971305847}
[2025-05-28 18:11:24] - test_results: {'mae': 0.4709447920322418, 'mape': 1.985138177871704, 'mse': 0.44424140453338623, 'rmse': 0.6665143966674805}
[2025-05-28 18:12:32] - Epoch: 7 cost time: 523.5377275943756
[2025-05-28 18:12:32] - Traininng loss : 0.7562104948382753
[2025-05-28 18:12:40] - vali_results: {'mae': 0.4291497468948364, 'mape': 1.8774582147598267, 'mse': 0.4130818843841553, 'rmse': 0.6427144408226013}
[2025-05-28 18:12:44] - test_results: {'mae': 0.4634282886981964, 'mape': 1.9640467166900635, 'mse': 0.4337288737297058, 'rmse': 0.6585809588432312}
[2025-05-28 18:13:52] - Epoch: 8 cost time: 603.1747739315033
[2025-05-28 18:13:52] - Traininng loss : 0.7543852433986336
[2025-05-28 18:13:59] - vali_results: {'mae': 0.4289062023162842, 'mape': 1.906141757965088, 'mse': 0.4114363193511963, 'rmse': 0.6414330005645752}
[2025-05-28 18:14:03] - test_results: {'mae': 0.46111202239990234, 'mape': 1.9850850105285645, 'mse': 0.43110191822052, 'rmse': 0.6565835475921631}
[2025-05-28 18:15:12] - Epoch: 9 cost time: 683.5340616703033
[2025-05-28 18:15:12] - Traininng loss : 0.7529056672817978
[2025-05-28 18:15:19] - vali_results: {'mae': 0.4310617446899414, 'mape': 1.9054030179977417, 'mse': 0.41115930676460266, 'rmse': 0.641217052936554}
[2025-05-28 18:15:23] - test_results: {'mae': 0.459504097700119, 'mape': 1.9460806846618652, 'mse': 0.4284556210041046, 'rmse': 0.6545652151107788}
[2025-05-28 18:16:32] - Epoch: 10 cost time: 763.4117465019226
[2025-05-28 18:16:32] - Traininng loss : 0.75107367673037
[2025-05-28 18:16:40] - vali_results: {'mae': 0.42868736386299133, 'mape': 1.946016550064087, 'mse': 0.4090794026851654, 'rmse': 0.6395931243896484}
[2025-05-28 18:16:44] - test_results: {'mae': 0.4566724896430969, 'mape': 2.0007801055908203, 'mse': 0.4239750802516937, 'rmse': 0.6511337161064148}
[2025-05-28 18:17:51] - Epoch: 11 cost time: 842.6517295837402
[2025-05-28 18:17:51] - Traininng loss : 0.7496783805556205
[2025-05-28 18:17:59] - vali_results: {'mae': 0.4319537878036499, 'mape': 1.8927931785583496, 'mse': 0.4129907786846161, 'rmse': 0.6426435708999634}
[2025-05-28 18:18:03] - test_results: {'mae': 0.46254435181617737, 'mape': 1.960414171218872, 'mse': 0.43144452571868896, 'rmse': 0.6568443775177002}
[2025-05-28 18:19:10] - Epoch: 12 cost time: 921.5971009731293
[2025-05-28 18:19:10] - Traininng loss : 0.7484695912985356
[2025-05-28 18:19:18] - vali_results: {'mae': 0.42949891090393066, 'mape': 1.9027464389801025, 'mse': 0.4109303951263428, 'rmse': 0.6410385370254517}
[2025-05-28 18:19:22] - test_results: {'mae': 0.46074798703193665, 'mape': 1.9875320196151733, 'mse': 0.4303410053253174, 'rmse': 0.6560038328170776}
[2025-05-28 18:20:30] - Epoch: 13 cost time: 1001.675154209137
[2025-05-28 18:20:30] - Traininng loss : 0.7470776118993917
[2025-05-28 18:20:38] - vali_results: {'mae': 0.42806631326675415, 'mape': 1.910597562789917, 'mse': 0.4120585024356842, 'rmse': 0.6419178247451782}
[2025-05-28 18:20:42] - test_results: {'mae': 0.46412432193756104, 'mape': 2.0262253284454346, 'mse': 0.4356757700443268, 'rmse': 0.6600574254989624}
[2025-05-28 18:21:49] - Epoch: 14 cost time: 1080.8771204948425
[2025-05-28 18:21:49] - Traininng loss : 0.746123346211025
[2025-05-28 18:21:57] - vali_results: {'mae': 0.4278680086135864, 'mape': 1.9383049011230469, 'mse': 0.41159379482269287, 'rmse': 0.6415557861328125}
[2025-05-28 18:22:01] - test_results: {'mae': 0.4590613842010498, 'mape': 2.022805690765381, 'mse': 0.42921486496925354, 'rmse': 0.6551449298858643}
[2025-05-28 18:23:09] - Epoch: 15 cost time: 1160.760437965393
[2025-05-28 18:23:09] - Traininng loss : 0.745255192134019
[2025-05-28 18:23:17] - vali_results: {'mae': 0.42960473895072937, 'mape': 1.8972923755645752, 'mse': 0.4120926558971405, 'rmse': 0.641944408416748}
[2025-05-28 18:23:21] - test_results: {'mae': 0.4661557376384735, 'mape': 1.9876242876052856, 'mse': 0.43808513879776, 'rmse': 0.6618800163269043}
[2025-05-28 18:23:21] - loss no decreased for 5 epochs,  early stopping ....
[2025-05-28 18:23:25] - test_results: {'mae': 0.4566724896430969, 'mape': 2.0007801055908203, 'mse': 0.4239750802516937, 'rmse': 0.6511337161064148}
