[2025-05-28 18:23:34] - run : 0 in seed: 1
[2025-05-28 18:23:34] - +-----------------------------------+------------+
|              Modules              | Parameters |
+-----------------------------------+------------+
|     fm.Linear_Seasonal.weight     |   69120    |
|      fm.Linear_Seasonal.bias      |    720     |
|       fm.Linear_Trend.weight      |   69120    |
|        fm.Linear_Trend.bias       |    720     |
|             nm.weight             |     14     |
| nm.model_freq.model_freq.0.weight |    6144    |
|  nm.model_freq.model_freq.0.bias  |     64     |
|  nm.model_freq.model_all.0.weight |   20480    |
|   nm.model_freq.model_all.0.bias  |    128     |
|  nm.model_freq.model_all.2.weight |   92160    |
|   nm.model_freq.model_all.2.bias  |    720     |
| nm.model_pred.model_freq.0.weight |   24576    |
|  nm.model_pred.model_freq.0.bias  |    256     |
|  nm.model_pred.model_all.0.weight |   180224   |
|   nm.model_pred.model_all.0.bias  |    512     |
|  nm.model_pred.model_all.2.weight |   368640   |
|   nm.model_pred.model_all.2.bias  |    720     |
+-----------------------------------+------------+
[2025-05-28 18:23:34] - Total Trainable Params: 834318
[2025-05-28 18:23:34] - model parameters: 834318
[2025-05-28 18:25:17] - Epoch: 1 cost time: 103.28554964065552
[2025-05-28 18:25:17] - Traininng loss : 1.0151982291926536
[2025-05-28 18:25:25] - vali_results: {'mae': 0.47434863448143005, 'mape': 2.0113813877105713, 'mse': 0.47873687744140625, 'rmse': 0.6919081211090088}
[2025-05-28 18:25:29] - test_results: {'mae': 0.49821949005126953, 'mape': 2.067539930343628, 'mse': 0.479429692029953, 'rmse': 0.6924086213111877}
[2025-05-28 18:27:11] - Epoch: 2 cost time: 216.8561816215515
[2025-05-28 18:27:11] - Traininng loss : 0.9684707602713408
[2025-05-28 18:27:19] - vali_results: {'mae': 0.46501728892326355, 'mape': 2.0739946365356445, 'mse': 0.47140541672706604, 'rmse': 0.6865897178649902}
[2025-05-28 18:27:23] - test_results: {'mae': 0.49319958686828613, 'mape': 2.144923686981201, 'mse': 0.47599735856056213, 'rmse': 0.6899256110191345}
[2025-05-28 18:29:05] - Epoch: 3 cost time: 330.6653640270233
[2025-05-28 18:29:05] - Traininng loss : 0.961792274583889
[2025-05-28 18:29:12] - vali_results: {'mae': 0.47224369645118713, 'mape': 2.0237855911254883, 'mse': 0.47435712814331055, 'rmse': 0.6887359023094177}
[2025-05-28 18:29:16] - test_results: {'mae': 0.49626854062080383, 'mape': 2.042375087738037, 'mse': 0.47876042127609253, 'rmse': 0.6919251680374146}
[2025-05-28 18:30:57] - Epoch: 4 cost time: 442.9103989601135
[2025-05-28 18:30:57] - Traininng loss : 0.9573315349000545
[2025-05-28 18:31:04] - vali_results: {'mae': 0.4635310173034668, 'mape': 2.142411947250366, 'mse': 0.46986642479896545, 'rmse': 0.6854680180549622}
[2025-05-28 18:31:08] - test_results: {'mae': 0.4909234344959259, 'mape': 2.1939406394958496, 'mse': 0.47352227568626404, 'rmse': 0.6881295442581177}
[2025-05-28 18:32:51] - Epoch: 5 cost time: 557.3478968143463
[2025-05-28 18:32:51] - Traininng loss : 0.9545186682491799
[2025-05-28 18:32:59] - vali_results: {'mae': 0.46658074855804443, 'mape': 2.066274881362915, 'mse': 0.46998855471611023, 'rmse': 0.6855571269989014}
[2025-05-28 18:33:03] - test_results: {'mae': 0.4932691156864166, 'mape': 2.1089706420898438, 'mse': 0.4763556718826294, 'rmse': 0.6901852488517761}
[2025-05-28 18:34:45] - Epoch: 6 cost time: 671.4395217895508
[2025-05-28 18:34:45] - Traininng loss : 0.9514200938312589
[2025-05-28 18:34:53] - vali_results: {'mae': 0.4692460298538208, 'mape': 2.0368731021881104, 'mse': 0.4727596938610077, 'rmse': 0.6875752210617065}
[2025-05-28 18:34:57] - test_results: {'mae': 0.49838656187057495, 'mape': 2.0952534675598145, 'mse': 0.4836166501045227, 'rmse': 0.6954255104064941}
[2025-05-28 18:36:38] - Epoch: 7 cost time: 784.1140601634979
[2025-05-28 18:36:38] - Traininng loss : 0.9487386982865617
[2025-05-28 18:36:46] - vali_results: {'mae': 0.46767669916152954, 'mape': 2.054560899734497, 'mse': 0.46909672021865845, 'rmse': 0.6849063634872437}
[2025-05-28 18:36:49] - test_results: {'mae': 0.49464288353919983, 'mape': 2.0913448333740234, 'mse': 0.47790592908859253, 'rmse': 0.6913074254989624}
[2025-05-28 18:38:31] - Epoch: 8 cost time: 896.9646446704865
[2025-05-28 18:38:31] - Traininng loss : 0.9467930107453889
[2025-05-28 18:38:38] - vali_results: {'mae': 0.4674743711948395, 'mape': 2.0472676753997803, 'mse': 0.4696878492832184, 'rmse': 0.6853377819061279}
[2025-05-28 18:38:42] - test_results: {'mae': 0.4956657588481903, 'mape': 2.0978341102600098, 'mse': 0.4796464145183563, 'rmse': 0.6925650835037231}
[2025-05-28 18:40:22] - Epoch: 9 cost time: 1008.1589438915253
[2025-05-28 18:40:22] - Traininng loss : 0.9455248738941627
[2025-05-28 18:40:30] - vali_results: {'mae': 0.4774726331233978, 'mape': 1.9722812175750732, 'mse': 0.4768123924732208, 'rmse': 0.6905160546302795}
[2025-05-28 18:40:33] - test_results: {'mae': 0.5083907842636108, 'mape': 2.0317044258117676, 'mse': 0.49578407406806946, 'rmse': 0.7041193842887878}
[2025-05-28 18:42:21] - Epoch: 10 cost time: 1127.4520671367645
[2025-05-28 18:42:21] - Traininng loss : 0.9427983423246392
[2025-05-28 18:42:29] - vali_results: {'mae': 0.4709831774234772, 'mape': 2.0547916889190674, 'mse': 0.47070732712745667, 'rmse': 0.6860811114311218}
[2025-05-28 18:42:34] - test_results: {'mae': 0.49530038237571716, 'mape': 2.070528984069824, 'mse': 0.47848060727119446, 'rmse': 0.6917229294776917}
[2025-05-28 18:44:19] - Epoch: 11 cost time: 1245.1264259815216
[2025-05-28 18:44:19] - Traininng loss : 0.9416563841722424
[2025-05-28 18:44:26] - vali_results: {'mae': 0.4707028567790985, 'mape': 2.089730739593506, 'mse': 0.4723895490169525, 'rmse': 0.6873059868812561}
[2025-05-28 18:44:30] - test_results: {'mae': 0.495928555727005, 'mape': 2.1315817832946777, 'mse': 0.48080554604530334, 'rmse': 0.6934014558792114}
[2025-05-28 18:46:13] - Epoch: 12 cost time: 1358.6134905815125
[2025-05-28 18:46:13] - Traininng loss : 0.9406261751459312
[2025-05-28 18:46:20] - vali_results: {'mae': 0.47492706775665283, 'mape': 2.040552854537964, 'mse': 0.47514036297798157, 'rmse': 0.6893042325973511}
[2025-05-28 18:46:24] - test_results: {'mae': 0.49818921089172363, 'mape': 2.0726842880249023, 'mse': 0.48334282636642456, 'rmse': 0.695228636264801}
[2025-05-28 18:46:24] - loss no decreased for 5 epochs,  early stopping ....
[2025-05-28 18:46:28] - test_results: {'mae': 0.49464288353919983, 'mape': 2.0913448333740234, 'mse': 0.47790592908859253, 'rmse': 0.6913074254989624}
