[2025-05-28 15:09:45] - run : 0 in seed: 1
[2025-05-28 15:09:45] - +-----------------------------------+------------+
|              Modules              | Parameters |
+-----------------------------------+------------+
|     fm.Linear_Seasonal.weight     |   69120    |
|      fm.Linear_Seasonal.bias      |    720     |
|       fm.Linear_Trend.weight      |   69120    |
|        fm.Linear_Trend.bias       |    720     |
|             nm.weight             |    1724    |
| nm.model_freq.model_freq.0.weight |    6144    |
|  nm.model_freq.model_freq.0.bias  |     64     |
|  nm.model_freq.model_all.0.weight |   20480    |
|   nm.model_freq.model_all.0.bias  |    128     |
|  nm.model_freq.model_all.2.weight |   92160    |
|   nm.model_freq.model_all.2.bias  |    720     |
| nm.model_pred.model_freq.0.weight |   24576    |
|  nm.model_pred.model_freq.0.bias  |    256     |
|  nm.model_pred.model_all.0.weight |   180224   |
|   nm.model_pred.model_all.0.bias  |    512     |
|  nm.model_pred.model_all.2.weight |   368640   |
|   nm.model_pred.model_all.2.bias  |    720     |
+-----------------------------------+------------+
[2025-05-28 15:09:45] - Total Trainable Params: 836028
[2025-05-28 15:09:45] - model parameters: 836028
[2025-05-28 15:10:54] - Epoch: 1 cost time: 68.95057535171509
[2025-05-28 15:10:54] - Traininng loss : 0.9666512839309352
[2025-05-28 15:11:22] - vali_results: {'mae': 0.3451104462146759, 'mape': 5.518083095550537, 'mse': 0.4009246528148651, 'rmse': 0.6331861019134521}
[2025-05-28 15:11:34] - test_results: {'mae': 0.40969741344451904, 'mape': 6.505668640136719, 'mse': 0.523430347442627, 'rmse': 0.7234848737716675}
[2025-05-28 15:12:43] - Epoch: 2 cost time: 177.5949010848999
[2025-05-28 15:12:43] - Traininng loss : 0.7399520603395106
[2025-05-28 15:13:11] - vali_results: {'mae': 0.32551461458206177, 'mape': 5.090775489807129, 'mse': 0.37588828802108765, 'rmse': 0.6130973100662231}
[2025-05-28 15:13:23] - test_results: {'mae': 0.39249423146247864, 'mape': 6.181957244873047, 'mse': 0.5009680986404419, 'rmse': 0.7077909708023071}
[2025-05-28 15:14:36] - Epoch: 3 cost time: 290.91181540489197
[2025-05-28 15:14:36] - Traininng loss : 0.7078296915734379
[2025-05-28 15:15:06] - vali_results: {'mae': 0.31797802448272705, 'mape': 4.900635719299316, 'mse': 0.36623525619506836, 'rmse': 0.6051737666130066}
[2025-05-28 15:15:20] - test_results: {'mae': 0.38791415095329285, 'mape': 6.206453323364258, 'mse': 0.49522265791893005, 'rmse': 0.7037205696105957}
[2025-05-28 15:16:33] - Epoch: 4 cost time: 407.93876457214355
[2025-05-28 15:16:33] - Traininng loss : 0.6926506425676904
[2025-05-28 15:17:02] - vali_results: {'mae': 0.31529125571250916, 'mape': 4.921047210693359, 'mse': 0.3611784875392914, 'rmse': 0.6009812951087952}
[2025-05-28 15:17:15] - test_results: {'mae': 0.385593444108963, 'mape': 6.248933792114258, 'mse': 0.4909055531024933, 'rmse': 0.7006465196609497}
[2025-05-28 15:18:22] - Epoch: 5 cost time: 516.674319267273
[2025-05-28 15:18:22] - Traininng loss : 0.6836260638529211
[2025-05-28 15:18:50] - vali_results: {'mae': 0.31325143575668335, 'mape': 4.884192943572998, 'mse': 0.35844480991363525, 'rmse': 0.598702609539032}
[2025-05-28 15:19:03] - test_results: {'mae': 0.38386911153793335, 'mape': 6.186892032623291, 'mse': 0.4881645441055298, 'rmse': 0.698687732219696}
[2025-05-28 15:20:12] - Epoch: 6 cost time: 626.5661294460297
[2025-05-28 15:20:12] - Traininng loss : 0.677295028499242
[2025-05-28 15:20:42] - vali_results: {'mae': 0.3112802505493164, 'mape': 4.876626491546631, 'mse': 0.3554113209247589, 'rmse': 0.596163809299469}
[2025-05-28 15:20:56] - test_results: {'mae': 0.3835551142692566, 'mape': 6.333384990692139, 'mse': 0.4874188005924225, 'rmse': 0.6981538534164429}
[2025-05-28 15:22:07] - Epoch: 7 cost time: 741.7962520122528
[2025-05-28 15:22:07] - Traininng loss : 0.6722474358872119
[2025-05-28 15:22:36] - vali_results: {'mae': 0.3089697062969208, 'mape': 4.747631549835205, 'mse': 0.3541383743286133, 'rmse': 0.5950952768325806}
[2025-05-28 15:22:48] - test_results: {'mae': 0.380511999130249, 'mape': 6.178318500518799, 'mse': 0.48492613434791565, 'rmse': 0.6963663697242737}
[2025-05-28 15:23:55] - Epoch: 8 cost time: 849.9626166820526
[2025-05-28 15:23:55] - Traininng loss : 0.6682358981839129
[2025-05-28 15:24:24] - vali_results: {'mae': 0.30859383940696716, 'mape': 4.712180137634277, 'mse': 0.35301774740219116, 'rmse': 0.5941529870033264}
[2025-05-28 15:24:36] - test_results: {'mae': 0.3806315064430237, 'mape': 6.201483249664307, 'mse': 0.48388051986694336, 'rmse': 0.6956152319908142}
[2025-05-28 15:25:44] - Epoch: 9 cost time: 958.4090588092804
[2025-05-28 15:25:44] - Traininng loss : 0.6651731809201679
[2025-05-28 15:26:12] - vali_results: {'mae': 0.3062843382358551, 'mape': 4.713758945465088, 'mse': 0.35145995020866394, 'rmse': 0.5928405523300171}
[2025-05-28 15:26:25] - test_results: {'mae': 0.37743309140205383, 'mape': 6.104265213012695, 'mse': 0.4813355505466461, 'rmse': 0.6937835216522217}
[2025-05-28 15:27:34] - Epoch: 10 cost time: 1069.038331747055
[2025-05-28 15:27:34] - Traininng loss : 0.6626017636575406
[2025-05-28 15:28:04] - vali_results: {'mae': 0.3065291941165924, 'mape': 4.717942714691162, 'mse': 0.3505704402923584, 'rmse': 0.5920898914337158}
[2025-05-28 15:28:16] - test_results: {'mae': 0.37873268127441406, 'mape': 6.147369861602783, 'mse': 0.48164331912994385, 'rmse': 0.6940052509307861}
[2025-05-28 15:29:25] - Epoch: 11 cost time: 1179.9145398139954
[2025-05-28 15:29:25] - Traininng loss : 0.6603658667513919
[2025-05-28 15:29:54] - vali_results: {'mae': 0.30592599511146545, 'mape': 4.742106914520264, 'mse': 0.3494301736354828, 'rmse': 0.5911262035369873}
[2025-05-28 15:30:08] - test_results: {'mae': 0.3794638216495514, 'mape': 6.3137359619140625, 'mse': 0.48215940594673157, 'rmse': 0.6943770051002502}
[2025-05-28 15:31:23] - Epoch: 12 cost time: 1297.3608167171478
[2025-05-28 15:31:23] - Traininng loss : 0.658397787792769
[2025-05-28 15:31:52] - vali_results: {'mae': 0.3043159544467926, 'mape': 4.625934600830078, 'mse': 0.3483848571777344, 'rmse': 0.5902413725852966}
[2025-05-28 15:32:04] - test_results: {'mae': 0.37619227170944214, 'mape': 6.140550136566162, 'mse': 0.479398250579834, 'rmse': 0.6923859119415283}
[2025-05-28 15:33:14] - Epoch: 13 cost time: 1408.4286918640137
[2025-05-28 15:33:14] - Traininng loss : 0.6565366741010406
[2025-05-28 15:33:43] - vali_results: {'mae': 0.3046863079071045, 'mape': 4.788704872131348, 'mse': 0.34703367948532104, 'rmse': 0.5890956521034241}
[2025-05-28 15:33:55] - test_results: {'mae': 0.3762510120868683, 'mape': 6.254215240478516, 'mse': 0.4777776300907135, 'rmse': 0.6912146210670471}
[2025-05-28 15:35:05] - Epoch: 14 cost time: 1520.0173435211182
[2025-05-28 15:35:05] - Traininng loss : 0.655197888695762
[2025-05-28 15:35:35] - vali_results: {'mae': 0.303975373506546, 'mape': 4.705260276794434, 'mse': 0.3467133939266205, 'rmse': 0.5888237357139587}
[2025-05-28 15:35:47] - test_results: {'mae': 0.37627968192100525, 'mape': 6.203971862792969, 'mse': 0.4783984422683716, 'rmse': 0.6916635036468506}
[2025-05-28 15:36:56] - Epoch: 15 cost time: 1630.5532581806183
[2025-05-28 15:36:56] - Traininng loss : 0.6537677609156766
[2025-05-28 15:37:24] - vali_results: {'mae': 0.30327311158180237, 'mape': 4.698054313659668, 'mse': 0.34579530358314514, 'rmse': 0.5880436301231384}
[2025-05-28 15:37:38] - test_results: {'mae': 0.37671080231666565, 'mape': 6.25093412399292, 'mse': 0.47861337661743164, 'rmse': 0.69181889295578}
[2025-05-28 15:38:49] - Epoch: 16 cost time: 1743.387587070465
[2025-05-28 15:38:49] - Traininng loss : 0.6527666995784366
[2025-05-28 15:39:18] - vali_results: {'mae': 0.30312618613243103, 'mape': 4.730127811431885, 'mse': 0.3457249104976654, 'rmse': 0.5879837870597839}
[2025-05-28 15:39:30] - test_results: {'mae': 0.3764286935329437, 'mape': 6.220074653625488, 'mse': 0.4781493842601776, 'rmse': 0.6914834380149841}
[2025-05-28 15:40:37] - Epoch: 17 cost time: 1852.0646712779999
[2025-05-28 15:40:37] - Traininng loss : 0.6515996416299124
[2025-05-28 15:41:06] - vali_results: {'mae': 0.30328577756881714, 'mape': 4.742746353149414, 'mse': 0.3449857532978058, 'rmse': 0.5873548984527588}
[2025-05-28 15:41:18] - test_results: {'mae': 0.3743513226509094, 'mape': 6.13129186630249, 'mse': 0.475298136472702, 'rmse': 0.6894186735153198}
[2025-05-28 15:42:26] - Epoch: 18 cost time: 1960.901874780655
[2025-05-28 15:42:26] - Traininng loss : 0.6505326892672143
[2025-05-28 15:42:55] - vali_results: {'mae': 0.301882803440094, 'mape': 4.707524299621582, 'mse': 0.3441588878631592, 'rmse': 0.586650550365448}
[2025-05-28 15:43:07] - test_results: {'mae': 0.3742621839046478, 'mape': 6.218481540679932, 'mse': 0.475526362657547, 'rmse': 0.6895841956138611}
[2025-05-28 15:44:15] - Epoch: 19 cost time: 2069.6826198101044
[2025-05-28 15:44:15] - Traininng loss : 0.6497606210057781
[2025-05-28 15:44:43] - vali_results: {'mae': 0.30186232924461365, 'mape': 4.743675708770752, 'mse': 0.34342172741889954, 'rmse': 0.5860219597816467}
[2025-05-28 15:44:56] - test_results: {'mae': 0.3750574290752411, 'mape': 6.2612433433532715, 'mse': 0.4760032296180725, 'rmse': 0.6899299025535583}
[2025-05-28 15:46:05] - Epoch: 20 cost time: 2179.846939563751
[2025-05-28 15:46:05] - Traininng loss : 0.6488702594403769
[2025-05-28 15:46:35] - vali_results: {'mae': 0.30159425735473633, 'mape': 4.74282693862915, 'mse': 0.3430030643939972, 'rmse': 0.5856646299362183}
[2025-05-28 15:46:47] - test_results: {'mae': 0.37438973784446716, 'mape': 6.21865701675415, 'mse': 0.47499480843544006, 'rmse': 0.6891986727714539}
[2025-05-28 15:47:58] - Epoch: 21 cost time: 2292.3884913921356
[2025-05-28 15:47:58] - Traininng loss : 0.6483606566625717
[2025-05-28 15:48:29] - vali_results: {'mae': 0.30067339539527893, 'mape': 4.704636573791504, 'mse': 0.34287285804748535, 'rmse': 0.5855534672737122}
[2025-05-28 15:48:41] - test_results: {'mae': 0.373569518327713, 'mape': 6.143946647644043, 'mse': 0.4750210642814636, 'rmse': 0.689217746257782}
[2025-05-28 15:49:49] - Epoch: 22 cost time: 2404.2914605140686
[2025-05-28 15:49:49] - Traininng loss : 0.647618279483657
[2025-05-28 15:50:19] - vali_results: {'mae': 0.3002380430698395, 'mape': 4.630725860595703, 'mse': 0.34289249777793884, 'rmse': 0.585570216178894}
[2025-05-28 15:50:32] - test_results: {'mae': 0.37406429648399353, 'mape': 6.136565208435059, 'mse': 0.4756320118904114, 'rmse': 0.6896607875823975}
[2025-05-28 15:51:41] - Epoch: 23 cost time: 2515.4142298698425
[2025-05-28 15:51:41] - Traininng loss : 0.646727919246493
[2025-05-28 15:52:10] - vali_results: {'mae': 0.3005050718784332, 'mape': 4.667426109313965, 'mse': 0.3426927328109741, 'rmse': 0.5853996276855469}
[2025-05-28 15:52:24] - test_results: {'mae': 0.37273311614990234, 'mape': 6.127555847167969, 'mse': 0.4740971028804779, 'rmse': 0.6885470747947693}
[2025-05-28 15:53:32] - Epoch: 24 cost time: 2626.958113193512
[2025-05-28 15:53:32] - Traininng loss : 0.6462351774438843
[2025-05-28 15:54:01] - vali_results: {'mae': 0.30069348216056824, 'mape': 4.70451545715332, 'mse': 0.34216952323913574, 'rmse': 0.5849525928497314}
[2025-05-28 15:54:14] - test_results: {'mae': 0.3747316300868988, 'mape': 6.253126621246338, 'mse': 0.4756172001361847, 'rmse': 0.6896500587463379}
[2025-05-28 15:55:23] - Epoch: 25 cost time: 2737.49631357193
[2025-05-28 15:55:23] - Traininng loss : 0.6458271902915828
[2025-05-28 15:55:51] - vali_results: {'mae': 0.3002931773662567, 'mape': 4.698731899261475, 'mse': 0.34169840812683105, 'rmse': 0.5845497250556946}
[2025-05-28 15:56:04] - test_results: {'mae': 0.37266805768013, 'mape': 6.242130279541016, 'mse': 0.4733327627182007, 'rmse': 0.6879918575286865}
[2025-05-28 15:57:13] - Epoch: 26 cost time: 2847.621542930603
[2025-05-28 15:57:13] - Traininng loss : 0.6452662587829952
[2025-05-28 15:57:42] - vali_results: {'mae': 0.30007117986679077, 'mape': 4.675684928894043, 'mse': 0.34131887555122375, 'rmse': 0.5842249989509583}
[2025-05-28 15:57:54] - test_results: {'mae': 0.3729548156261444, 'mape': 6.231396198272705, 'mse': 0.4738468527793884, 'rmse': 0.6883653402328491}
[2025-05-28 15:59:04] - Epoch: 27 cost time: 2958.912092924118
[2025-05-28 15:59:04] - Traininng loss : 0.6446690592593137
[2025-05-28 15:59:33] - vali_results: {'mae': 0.2996428310871124, 'mape': 4.613396167755127, 'mse': 0.3416631519794464, 'rmse': 0.5845195651054382}
[2025-05-28 15:59:46] - test_results: {'mae': 0.37282896041870117, 'mape': 6.109239101409912, 'mse': 0.4738919138908386, 'rmse': 0.6883980631828308}
[2025-05-28 16:00:54] - Epoch: 28 cost time: 3068.835411310196
[2025-05-28 16:00:54] - Traininng loss : 0.6442419796933039
[2025-05-28 16:01:23] - vali_results: {'mae': 0.3000471889972687, 'mape': 4.738885879516602, 'mse': 0.3410266041755676, 'rmse': 0.5839748382568359}
[2025-05-28 16:01:35] - test_results: {'mae': 0.37441858649253845, 'mape': 6.255184650421143, 'mse': 0.4749089777469635, 'rmse': 0.6891363859176636}
[2025-05-28 16:02:45] - Epoch: 29 cost time: 3179.6412391662598
[2025-05-28 16:02:45] - Traininng loss : 0.6440640634813016
[2025-05-28 16:03:16] - vali_results: {'mae': 0.2997562885284424, 'mape': 4.7316741943359375, 'mse': 0.3406287431716919, 'rmse': 0.583634078502655}
[2025-05-28 16:03:28] - test_results: {'mae': 0.3720611333847046, 'mape': 6.168659687042236, 'mse': 0.47217363119125366, 'rmse': 0.687148928642273}
[2025-05-28 16:04:36] - Epoch: 30 cost time: 3290.9189817905426
[2025-05-28 16:04:36] - Traininng loss : 0.6435200354515012
[2025-05-28 16:05:06] - vali_results: {'mae': 0.2984735369682312, 'mape': 4.59689998626709, 'mse': 0.34077706933021545, 'rmse': 0.5837611556053162}
[2025-05-28 16:05:18] - test_results: {'mae': 0.37146151065826416, 'mape': 6.075197219848633, 'mse': 0.4731251299381256, 'rmse': 0.6878409385681152}
[2025-05-28 16:06:26] - Epoch: 31 cost time: 3400.4764881134033
[2025-05-28 16:06:26] - Traininng loss : 0.6431978872891588
[2025-05-28 16:06:58] - vali_results: {'mae': 0.2988038957118988, 'mape': 4.64231538772583, 'mse': 0.34029045701026917, 'rmse': 0.5833442211151123}
[2025-05-28 16:07:12] - test_results: {'mae': 0.37168172001838684, 'mape': 6.212213039398193, 'mse': 0.4724119007587433, 'rmse': 0.6873222589492798}
[2025-05-28 16:08:29] - Epoch: 32 cost time: 3523.4672651290894
[2025-05-28 16:08:29] - Traininng loss : 0.6428550988186701
[2025-05-28 16:09:00] - vali_results: {'mae': 0.29850202798843384, 'mape': 4.649993419647217, 'mse': 0.3401779234409332, 'rmse': 0.583247721195221}
[2025-05-28 16:09:14] - test_results: {'mae': 0.37078776955604553, 'mape': 6.13614559173584, 'mse': 0.4716075658798218, 'rmse': 0.6867368817329407}
[2025-05-28 16:10:29] - Epoch: 33 cost time: 3644.0504643917084
[2025-05-28 16:10:29] - Traininng loss : 0.6424944017258859
[2025-05-28 16:11:00] - vali_results: {'mae': 0.2986097037792206, 'mape': 4.6911115646362305, 'mse': 0.33969688415527344, 'rmse': 0.5828351974487305}
[2025-05-28 16:11:13] - test_results: {'mae': 0.37286174297332764, 'mape': 6.2740020751953125, 'mse': 0.4737962484359741, 'rmse': 0.6883285641670227}
[2025-05-28 16:12:30] - Epoch: 34 cost time: 3764.6196053028107
[2025-05-28 16:12:30] - Traininng loss : 0.6421897515945115
[2025-05-28 16:13:00] - vali_results: {'mae': 0.2983313202857971, 'mape': 4.586526870727539, 'mse': 0.3404092788696289, 'rmse': 0.5834460258483887}
[2025-05-28 16:13:13] - test_results: {'mae': 0.37116608023643494, 'mape': 6.076590538024902, 'mse': 0.47232377529144287, 'rmse': 0.6872581839561462}
[2025-05-28 16:14:20] - Epoch: 35 cost time: 3875.1552090644836
[2025-05-28 16:14:20] - Traininng loss : 0.6418960124337242
[2025-05-28 16:14:50] - vali_results: {'mae': 0.29891934990882874, 'mape': 4.6596455574035645, 'mse': 0.3405790627002716, 'rmse': 0.5835915207862854}
[2025-05-28 16:15:04] - test_results: {'mae': 0.3736599087715149, 'mape': 6.138637542724609, 'mse': 0.4746705889701843, 'rmse': 0.6889634132385254}
[2025-05-28 16:16:14] - Epoch: 36 cost time: 3988.847410440445
[2025-05-28 16:16:14] - Traininng loss : 0.6415856201668636
[2025-05-28 16:16:45] - vali_results: {'mae': 0.2978987693786621, 'mape': 4.566986083984375, 'mse': 0.33974921703338623, 'rmse': 0.5828800797462463}
[2025-05-28 16:16:58] - test_results: {'mae': 0.3699510395526886, 'mape': 6.1096062660217285, 'mse': 0.47097036242485046, 'rmse': 0.6862727999687195}
[2025-05-28 16:18:06] - Epoch: 37 cost time: 4100.386213302612
[2025-05-28 16:18:06] - Traininng loss : 0.6412827473829051
[2025-05-28 16:18:34] - vali_results: {'mae': 0.29774296283721924, 'mape': 4.552425861358643, 'mse': 0.34007662534713745, 'rmse': 0.5831608772277832}
[2025-05-28 16:18:46] - test_results: {'mae': 0.37045520544052124, 'mape': 6.057699203491211, 'mse': 0.47195297479629517, 'rmse': 0.686988353729248}
[2025-05-28 16:19:52] - Epoch: 38 cost time: 4207.1182949543
[2025-05-28 16:19:52] - Traininng loss : 0.6411304864046633
[2025-05-28 16:20:22] - vali_results: {'mae': 0.2973812520503998, 'mape': 4.586743354797363, 'mse': 0.33950290083885193, 'rmse': 0.5826687812805176}
[2025-05-28 16:20:35] - test_results: {'mae': 0.37046903371810913, 'mape': 6.0948381423950195, 'mse': 0.47162705659866333, 'rmse': 0.6867510676383972}
[2025-05-28 16:21:44] - Epoch: 39 cost time: 4318.498011112213
[2025-05-28 16:21:44] - Traininng loss : 0.6407963611953438
[2025-05-28 16:22:13] - vali_results: {'mae': 0.2977910339832306, 'mape': 4.644398212432861, 'mse': 0.3391365706920624, 'rmse': 0.5823543071746826}
[2025-05-28 16:22:27] - test_results: {'mae': 0.3726039528846741, 'mape': 6.208441734313965, 'mse': 0.4736500680446625, 'rmse': 0.6882224082946777}
[2025-05-28 16:23:46] - Epoch: 40 cost time: 4440.877151250839
[2025-05-28 16:23:46] - Traininng loss : 0.6406674921346575
[2025-05-28 16:24:16] - vali_results: {'mae': 0.29782503843307495, 'mape': 4.648057460784912, 'mse': 0.33909058570861816, 'rmse': 0.5823148488998413}
[2025-05-28 16:24:28] - test_results: {'mae': 0.3720587491989136, 'mape': 6.276861190795898, 'mse': 0.4730724096298218, 'rmse': 0.6878026127815247}
[2025-05-28 16:25:41] - Epoch: 41 cost time: 4555.810209989548
[2025-05-28 16:25:41] - Traininng loss : 0.6404649100595862
[2025-05-28 16:26:12] - vali_results: {'mae': 0.29723551869392395, 'mape': 4.622409820556641, 'mse': 0.33890286087989807, 'rmse': 0.5821536183357239}
[2025-05-28 16:26:25] - test_results: {'mae': 0.37118566036224365, 'mape': 6.1648149490356445, 'mse': 0.4724905490875244, 'rmse': 0.6873794794082642}
[2025-05-28 16:27:33] - Epoch: 42 cost time: 4667.375281095505
[2025-05-28 16:27:33] - Traininng loss : 0.6400725404864234
[2025-05-28 16:28:05] - vali_results: {'mae': 0.297481894493103, 'mape': 4.639079570770264, 'mse': 0.3387052118778229, 'rmse': 0.5819838643074036}
[2025-05-28 16:28:18] - test_results: {'mae': 0.37056460976600647, 'mape': 6.172370910644531, 'mse': 0.4711914658546448, 'rmse': 0.6864338517189026}
[2025-05-28 16:29:29] - Epoch: 43 cost time: 4783.904644727707
[2025-05-28 16:29:29] - Traininng loss : 0.6399610939132138
[2025-05-28 16:29:59] - vali_results: {'mae': 0.2972896099090576, 'mape': 4.631229877471924, 'mse': 0.3384039103984833, 'rmse': 0.5817249417304993}
[2025-05-28 16:30:11] - test_results: {'mae': 0.3702804744243622, 'mape': 6.167798042297363, 'mse': 0.47073057293891907, 'rmse': 0.6860980987548828}
[2025-05-28 16:31:21] - Epoch: 44 cost time: 4895.627068996429
[2025-05-28 16:31:21] - Traininng loss : 0.6396678948468817
[2025-05-28 16:31:49] - vali_results: {'mae': 0.2975326180458069, 'mape': 4.634840965270996, 'mse': 0.33851560950279236, 'rmse': 0.5818209648132324}
[2025-05-28 16:32:01] - test_results: {'mae': 0.36988845467567444, 'mape': 6.157626152038574, 'mse': 0.46992331743240356, 'rmse': 0.6855095028877258}
[2025-05-28 16:33:08] - Epoch: 45 cost time: 5003.249902486801
[2025-05-28 16:33:08] - Traininng loss : 0.6394153966213003
[2025-05-28 16:33:37] - vali_results: {'mae': 0.2970339357852936, 'mape': 4.602878093719482, 'mse': 0.3387009799480438, 'rmse': 0.5819802284240723}
[2025-05-28 16:33:50] - test_results: {'mae': 0.37094610929489136, 'mape': 6.174395561218262, 'mse': 0.471897691488266, 'rmse': 0.6869481205940247}
[2025-05-28 16:35:02] - Epoch: 46 cost time: 5116.997429132462
[2025-05-28 16:35:02] - Traininng loss : 0.6393079028820261
[2025-05-28 16:35:32] - vali_results: {'mae': 0.2967204749584198, 'mape': 4.571557521820068, 'mse': 0.33847343921661377, 'rmse': 0.581784725189209}
[2025-05-28 16:35:44] - test_results: {'mae': 0.3702082931995392, 'mape': 6.141214370727539, 'mse': 0.4713752865791321, 'rmse': 0.6865677833557129}
[2025-05-28 16:36:56] - Epoch: 47 cost time: 5231.191584587097
[2025-05-28 16:36:56] - Traininng loss : 0.6389771784580518
[2025-05-28 16:37:24] - vali_results: {'mae': 0.29649797081947327, 'mape': 4.570585250854492, 'mse': 0.3386203348636627, 'rmse': 0.5819109082221985}
[2025-05-28 16:37:36] - test_results: {'mae': 0.36885547637939453, 'mape': 6.080418586730957, 'mse': 0.4697909653186798, 'rmse': 0.6854130029678345}
[2025-05-28 16:38:46] - Epoch: 48 cost time: 5340.6454882621765
[2025-05-28 16:38:46] - Traininng loss : 0.6389922567728834
[2025-05-28 16:39:15] - vali_results: {'mae': 0.29665684700012207, 'mape': 4.60696268081665, 'mse': 0.3379547595977783, 'rmse': 0.5813387632369995}
[2025-05-28 16:39:28] - test_results: {'mae': 0.36932358145713806, 'mape': 6.154508113861084, 'mse': 0.46968406438827515, 'rmse': 0.6853349804878235}
[2025-05-28 16:40:37] - Epoch: 49 cost time: 5451.668508768082
[2025-05-28 16:40:37] - Traininng loss : 0.6387147006882267
[2025-05-28 16:41:05] - vali_results: {'mae': 0.29645875096321106, 'mape': 4.515847206115723, 'mse': 0.3387814164161682, 'rmse': 0.5820493102073669}
[2025-05-28 16:41:18] - test_results: {'mae': 0.36923885345458984, 'mape': 5.998703479766846, 'mse': 0.47072115540504456, 'rmse': 0.6860912442207336}
[2025-05-28 16:42:27] - Epoch: 50 cost time: 5562.002063989639
[2025-05-28 16:42:27] - Traininng loss : 0.6385280207671162
[2025-05-28 16:42:56] - vali_results: {'mae': 0.29646384716033936, 'mape': 4.563050746917725, 'mse': 0.33828073740005493, 'rmse': 0.5816190838813782}
[2025-05-28 16:43:09] - test_results: {'mae': 0.36954066157341003, 'mape': 6.062684535980225, 'mse': 0.47060874104499817, 'rmse': 0.6860092878341675}
[2025-05-28 16:44:21] - Epoch: 51 cost time: 5675.661673545837
[2025-05-28 16:44:21] - Traininng loss : 0.6383100143714203
[2025-05-28 16:44:51] - vali_results: {'mae': 0.296016126871109, 'mape': 4.561191082000732, 'mse': 0.33789703249931335, 'rmse': 0.5812891125679016}
[2025-05-28 16:45:03] - test_results: {'mae': 0.36934348940849304, 'mape': 6.152342796325684, 'mse': 0.4703955054283142, 'rmse': 0.6858538389205933}
[2025-05-28 16:46:14] - Epoch: 52 cost time: 5788.848886013031
[2025-05-28 16:46:14] - Traininng loss : 0.63828237906804
[2025-05-28 16:46:43] - vali_results: {'mae': 0.2963605523109436, 'mape': 4.604591369628906, 'mse': 0.3377961218357086, 'rmse': 0.5812023282051086}
[2025-05-28 16:46:55] - test_results: {'mae': 0.36963972449302673, 'mape': 6.161895751953125, 'mse': 0.4702584743499756, 'rmse': 0.6857539415359497}
[2025-05-28 16:48:07] - Epoch: 53 cost time: 5901.567725419998
[2025-05-28 16:48:07] - Traininng loss : 0.6380790770884012
[2025-05-28 16:48:35] - vali_results: {'mae': 0.2959974408149719, 'mape': 4.595631122589111, 'mse': 0.3377811908721924, 'rmse': 0.5811894536018372}
[2025-05-28 16:48:47] - test_results: {'mae': 0.3695215880870819, 'mape': 6.143797874450684, 'mse': 0.47042176127433777, 'rmse': 0.6858729720115662}
[2025-05-28 16:49:58] - Epoch: 54 cost time: 6013.052550315857
[2025-05-28 16:49:58] - Traininng loss : 0.6378859525603504
[2025-05-28 16:50:27] - vali_results: {'mae': 0.29645687341690063, 'mape': 4.591097354888916, 'mse': 0.33793652057647705, 'rmse': 0.5813230872154236}
[2025-05-28 16:50:40] - test_results: {'mae': 0.36933577060699463, 'mape': 6.126918792724609, 'mse': 0.4699118733406067, 'rmse': 0.6855011582374573}
[2025-05-28 16:51:53] - Epoch: 55 cost time: 6127.500847816467
[2025-05-28 16:51:53] - Traininng loss : 0.6378328951288399
[2025-05-28 16:52:22] - vali_results: {'mae': 0.2961549460887909, 'mape': 4.5724005699157715, 'mse': 0.33794379234313965, 'rmse': 0.581329345703125}
[2025-05-28 16:52:34] - test_results: {'mae': 0.3693922162055969, 'mape': 6.059017658233643, 'mse': 0.47023868560791016, 'rmse': 0.6857395172119141}
[2025-05-28 16:53:45] - Epoch: 56 cost time: 6239.443158864975
[2025-05-28 16:53:45] - Traininng loss : 0.6376383317878319
[2025-05-28 16:54:13] - vali_results: {'mae': 0.2958889901638031, 'mape': 4.571075916290283, 'mse': 0.33761486411094666, 'rmse': 0.5810463428497314}
[2025-05-28 16:54:25] - test_results: {'mae': 0.3694450259208679, 'mape': 6.167179584503174, 'mse': 0.4703335464000702, 'rmse': 0.6858086585998535}
[2025-05-28 16:55:36] - Epoch: 57 cost time: 6350.838351488113
[2025-05-28 16:55:36] - Traininng loss : 0.6374611590566077
[2025-05-28 16:56:05] - vali_results: {'mae': 0.2956734895706177, 'mape': 4.560183525085449, 'mse': 0.3372955322265625, 'rmse': 0.5807715058326721}
[2025-05-28 16:56:18] - test_results: {'mae': 0.3687748312950134, 'mape': 6.167590141296387, 'mse': 0.4695497453212738, 'rmse': 0.6852369904518127}
[2025-05-28 16:57:28] - Epoch: 58 cost time: 6463.258229255676
[2025-05-28 16:57:28] - Traininng loss : 0.6373070775632407
[2025-05-28 16:57:56] - vali_results: {'mae': 0.29553893208503723, 'mape': 4.579958438873291, 'mse': 0.337198406457901, 'rmse': 0.5806878805160522}
[2025-05-28 16:58:09] - test_results: {'mae': 0.36959490180015564, 'mape': 6.18190336227417, 'mse': 0.4704378545284271, 'rmse': 0.6858847141265869}
[2025-05-28 16:59:19] - Epoch: 59 cost time: 6574.227966308594
[2025-05-28 16:59:19] - Traininng loss : 0.6371711059201063
[2025-05-28 16:59:48] - vali_results: {'mae': 0.2957399785518646, 'mape': 4.54908561706543, 'mse': 0.3376854360103607, 'rmse': 0.5811070799827576}
[2025-05-28 17:00:00] - test_results: {'mae': 0.3693859875202179, 'mape': 6.087942123413086, 'mse': 0.470599502325058, 'rmse': 0.6860025525093079}
[2025-05-28 17:01:11] - Epoch: 60 cost time: 6685.8855102062225
[2025-05-28 17:01:11] - Traininng loss : 0.6372286645814901
[2025-05-28 17:01:42] - vali_results: {'mae': 0.2952209413051605, 'mape': 4.508718490600586, 'mse': 0.3374927341938019, 'rmse': 0.5809412598609924}
[2025-05-28 17:01:55] - test_results: {'mae': 0.36880484223365784, 'mape': 6.077437400817871, 'mse': 0.47006550431251526, 'rmse': 0.685613214969635}
[2025-05-28 17:03:07] - Epoch: 61 cost time: 6801.612893819809
[2025-05-28 17:03:07] - Traininng loss : 0.6371139098674806
[2025-05-28 17:03:37] - vali_results: {'mae': 0.29552045464515686, 'mape': 4.488547325134277, 'mse': 0.338148832321167, 'rmse': 0.5815056562423706}
[2025-05-28 17:03:50] - test_results: {'mae': 0.36943551898002625, 'mape': 6.062737464904785, 'mse': 0.47138458490371704, 'rmse': 0.6865745186805725}
[2025-05-28 17:05:01] - Epoch: 62 cost time: 6915.774190664291
[2025-05-28 17:05:01] - Traininng loss : 0.6367890303513466
[2025-05-28 17:05:30] - vali_results: {'mae': 0.29545843601226807, 'mape': 4.547303199768066, 'mse': 0.3374941349029541, 'rmse': 0.5809424519538879}
[2025-05-28 17:05:42] - test_results: {'mae': 0.3687252402305603, 'mape': 6.093245983123779, 'mse': 0.4697624146938324, 'rmse': 0.6853921413421631}
[2025-05-28 17:06:53] - Epoch: 63 cost time: 7027.882452487946
[2025-05-28 17:06:53] - Traininng loss : 0.6367623454016895
[2025-05-28 17:07:20] - vali_results: {'mae': 0.295228511095047, 'mape': 4.558268070220947, 'mse': 0.3370411694049835, 'rmse': 0.5805524587631226}
[2025-05-28 17:07:33] - test_results: {'mae': 0.3683871626853943, 'mape': 6.117581844329834, 'mse': 0.46922236680984497, 'rmse': 0.684998095035553}
[2025-05-28 17:08:41] - Epoch: 64 cost time: 7135.55363202095
[2025-05-28 17:08:41] - Traininng loss : 0.6366899063328183
[2025-05-28 17:09:08] - vali_results: {'mae': 0.29516273736953735, 'mape': 4.553266525268555, 'mse': 0.3372097313404083, 'rmse': 0.5806975960731506}
[2025-05-28 17:09:21] - test_results: {'mae': 0.36844104528427124, 'mape': 6.0687761306762695, 'mse': 0.46953997015953064, 'rmse': 0.6852298378944397}
[2025-05-28 17:10:30] - Epoch: 65 cost time: 7244.317965745926
[2025-05-28 17:10:30] - Traininng loss : 0.6364801715343443
[2025-05-28 17:10:58] - vali_results: {'mae': 0.29553067684173584, 'mape': 4.597080707550049, 'mse': 0.33710047602653503, 'rmse': 0.5806035399436951}
[2025-05-28 17:11:10] - test_results: {'mae': 0.3701097071170807, 'mape': 6.2134623527526855, 'mse': 0.470973938703537, 'rmse': 0.6862754225730896}
[2025-05-28 17:12:18] - Epoch: 66 cost time: 7352.669629335403
[2025-05-28 17:12:18] - Traininng loss : 0.6364976028213926
[2025-05-28 17:12:46] - vali_results: {'mae': 0.2948543131351471, 'mape': 4.5266008377075195, 'mse': 0.33705228567123413, 'rmse': 0.5805620551109314}
[2025-05-28 17:12:58] - test_results: {'mae': 0.3683670163154602, 'mape': 6.096639633178711, 'mse': 0.46983370184898376, 'rmse': 0.685444176197052}
[2025-05-28 17:14:06] - Epoch: 67 cost time: 7461.224802970886
[2025-05-28 17:14:06] - Traininng loss : 0.6362291546253108
[2025-05-28 17:14:34] - vali_results: {'mae': 0.29492655396461487, 'mape': 4.558776378631592, 'mse': 0.3369174897670746, 'rmse': 0.5804459452629089}
[2025-05-28 17:14:46] - test_results: {'mae': 0.36805078387260437, 'mape': 6.082317352294922, 'mse': 0.46910932660102844, 'rmse': 0.6849155426025391}
[2025-05-28 17:15:55] - Epoch: 68 cost time: 7569.53050661087
[2025-05-28 17:15:55] - Traininng loss : 0.6362702735287233
[2025-05-28 17:16:22] - vali_results: {'mae': 0.2946067750453949, 'mape': 4.518749237060547, 'mse': 0.33696985244750977, 'rmse': 0.5804910659790039}
[2025-05-28 17:16:34] - test_results: {'mae': 0.3674573600292206, 'mape': 6.0647759437561035, 'mse': 0.46891215443611145, 'rmse': 0.6847715973854065}
[2025-05-28 17:17:45] - Epoch: 69 cost time: 7679.717539072037
[2025-05-28 17:17:45] - Traininng loss : 0.636124105340591
[2025-05-28 17:18:15] - vali_results: {'mae': 0.2947612702846527, 'mape': 4.529767036437988, 'mse': 0.3370647132396698, 'rmse': 0.5805727243423462}
[2025-05-28 17:18:28] - test_results: {'mae': 0.3681800663471222, 'mape': 6.086524486541748, 'mse': 0.469611257314682, 'rmse': 0.6852818727493286}
[2025-05-28 17:19:37] - Epoch: 70 cost time: 7792.1166524887085
[2025-05-28 17:19:37] - Traininng loss : 0.6361110177212771
[2025-05-28 17:20:05] - vali_results: {'mae': 0.2945561707019806, 'mape': 4.477583885192871, 'mse': 0.3372954726219177, 'rmse': 0.5807714462280273}
[2025-05-28 17:20:18] - test_results: {'mae': 0.36817866563796997, 'mape': 6.027725696563721, 'mse': 0.4700745940208435, 'rmse': 0.6856198906898499}
[2025-05-28 17:21:28] - Epoch: 71 cost time: 7902.936113834381
[2025-05-28 17:21:28] - Traininng loss : 0.6359417531483684
[2025-05-28 17:21:56] - vali_results: {'mae': 0.29440006613731384, 'mape': 4.497471332550049, 'mse': 0.3369910418987274, 'rmse': 0.5805093050003052}
[2025-05-28 17:22:08] - test_results: {'mae': 0.36770036816596985, 'mape': 6.04536247253418, 'mse': 0.46931910514831543, 'rmse': 0.685068666934967}
[2025-05-28 17:23:16] - Epoch: 72 cost time: 8011.117142915726
[2025-05-28 17:23:16] - Traininng loss : 0.6358703869631032
[2025-05-28 17:23:44] - vali_results: {'mae': 0.2946176528930664, 'mape': 4.543513298034668, 'mse': 0.3367532193660736, 'rmse': 0.5803044438362122}
[2025-05-28 17:23:56] - test_results: {'mae': 0.3673638701438904, 'mape': 6.070431232452393, 'mse': 0.46845319867134094, 'rmse': 0.6844363808631897}
[2025-05-28 17:25:05] - Epoch: 73 cost time: 8120.028715133667
[2025-05-28 17:25:05] - Traininng loss : 0.6358113888246435
[2025-05-28 17:25:33] - vali_results: {'mae': 0.2945106029510498, 'mape': 4.532135009765625, 'mse': 0.336801141500473, 'rmse': 0.5803456902503967}
[2025-05-28 17:25:45] - test_results: {'mae': 0.3676447570323944, 'mape': 6.063379764556885, 'mse': 0.46894511580467224, 'rmse': 0.6847956776618958}
[2025-05-28 17:26:54] - Epoch: 74 cost time: 8228.690791845322
[2025-05-28 17:26:54] - Traininng loss : 0.635671254320065
[2025-05-28 17:27:21] - vali_results: {'mae': 0.29433441162109375, 'mape': 4.52883768081665, 'mse': 0.3365461528301239, 'rmse': 0.5801259875297546}
[2025-05-28 17:27:33] - test_results: {'mae': 0.3678185045719147, 'mape': 6.105132102966309, 'mse': 0.4689929485321045, 'rmse': 0.6848306059837341}
[2025-05-28 17:28:42] - Epoch: 75 cost time: 8336.367715120316
[2025-05-28 17:28:42] - Traininng loss : 0.6355540611285685
[2025-05-28 17:29:10] - vali_results: {'mae': 0.2943125367164612, 'mape': 4.518450736999512, 'mse': 0.3367108702659607, 'rmse': 0.5802679061889648}
[2025-05-28 17:29:22] - test_results: {'mae': 0.36781105399131775, 'mape': 6.074138641357422, 'mse': 0.4692237973213196, 'rmse': 0.6849991083145142}
[2025-05-28 17:30:31] - Epoch: 76 cost time: 8445.813901424408
[2025-05-28 17:30:31] - Traininng loss : 0.6356731199952553
[2025-05-28 17:30:59] - vali_results: {'mae': 0.2941242754459381, 'mape': 4.5145955085754395, 'mse': 0.3366183340549469, 'rmse': 0.5801882147789001}
[2025-05-28 17:31:11] - test_results: {'mae': 0.3673413097858429, 'mape': 6.084079265594482, 'mse': 0.46874940395355225, 'rmse': 0.6846527457237244}
[2025-05-28 17:32:19] - Epoch: 77 cost time: 8554.108316421509
[2025-05-28 17:32:19] - Traininng loss : 0.635371784147778
[2025-05-28 17:32:47] - vali_results: {'mae': 0.29436182975769043, 'mape': 4.51018762588501, 'mse': 0.33698299527168274, 'rmse': 0.5805023908615112}
[2025-05-28 17:32:59] - test_results: {'mae': 0.36822786927223206, 'mape': 6.076888084411621, 'mse': 0.4698781967163086, 'rmse': 0.6854766011238098}
[2025-05-28 17:34:08] - Epoch: 78 cost time: 8662.445710897446
[2025-05-28 17:34:08] - Traininng loss : 0.6355507755678013
[2025-05-28 17:34:36] - vali_results: {'mae': 0.29416555166244507, 'mape': 4.5212202072143555, 'mse': 0.3365652859210968, 'rmse': 0.5801424980163574}
[2025-05-28 17:34:48] - test_results: {'mae': 0.3679195046424866, 'mape': 6.094747066497803, 'mse': 0.4693044424057007, 'rmse': 0.6850579977035522}
[2025-05-28 17:35:57] - Epoch: 79 cost time: 8771.89504623413
[2025-05-28 17:35:57] - Traininng loss : 0.6354209005334583
[2025-05-28 17:36:25] - vali_results: {'mae': 0.2942180037498474, 'mape': 4.505807876586914, 'mse': 0.3367985785007477, 'rmse': 0.58034348487854}
[2025-05-28 17:36:38] - test_results: {'mae': 0.3677613437175751, 'mape': 6.058579921722412, 'mse': 0.4694908857345581, 'rmse': 0.6851940751075745}
[2025-05-28 17:36:38] - loss no decreased for 5 epochs,  early stopping ....
[2025-05-28 17:36:50] - test_results: {'mae': 0.3678185045719147, 'mape': 6.105132102966309, 'mse': 0.4689929485321045, 'rmse': 0.6848306059837341}
