[2025-05-28 19:42:23] - run : 0 in seed: 1
[2025-05-28 19:42:23] - +-----------------------------------+------------+
|              Modules              | Parameters |
+-----------------------------------+------------+
|     fm.Linear_Seasonal.weight     |   69120    |
|      fm.Linear_Seasonal.bias      |    720     |
|       fm.Linear_Trend.weight      |   69120    |
|        fm.Linear_Trend.bias       |    720     |
|             nm.weight             |     14     |
| nm.model_freq.model_freq.0.weight |    6144    |
|  nm.model_freq.model_freq.0.bias  |     64     |
|  nm.model_freq.model_all.0.weight |   20480    |
|   nm.model_freq.model_all.0.bias  |    128     |
|  nm.model_freq.model_all.2.weight |   92160    |
|   nm.model_freq.model_all.2.bias  |    720     |
| nm.model_pred.model_freq.0.weight |   24576    |
|  nm.model_pred.model_freq.0.bias  |    256     |
|  nm.model_pred.model_all.0.weight |   180224   |
|   nm.model_pred.model_all.0.bias  |    512     |
|  nm.model_pred.model_all.2.weight |   368640   |
|   nm.model_pred.model_all.2.bias  |    720     |
+-----------------------------------+------------+
[2025-05-28 19:42:23] - Total Trainable Params: 834318
[2025-05-28 19:42:23] - model parameters: 834318
[2025-05-28 19:44:05] - Epoch: 1 cost time: 101.46838235855103
[2025-05-28 19:44:05] - Traininng loss : 0.7896826383946656
[2025-05-28 19:44:12] - vali_results: {'mae': 0.37761619687080383, 'mape': 1.9687004089355469, 'mse': 0.2986592948436737, 'rmse': 0.5464972853660583}
[2025-05-28 19:44:16] - test_results: {'mae': 0.26864945888519287, 'mape': 2.4204037189483643, 'mse': 0.14087364077568054, 'rmse': 0.3753313720226288}
[2025-05-28 19:45:58] - Epoch: 2 cost time: 214.33789443969727
[2025-05-28 19:45:58] - Traininng loss : 0.7460324991894531
[2025-05-28 19:46:05] - vali_results: {'mae': 0.3746454417705536, 'mape': 2.0533716678619385, 'mse': 0.2976374626159668, 'rmse': 0.5455616116523743}
[2025-05-28 19:46:09] - test_results: {'mae': 0.26591265201568604, 'mape': 2.5874054431915283, 'mse': 0.140406996011734, 'rmse': 0.37470921874046326}
[2025-05-28 19:47:52] - Epoch: 3 cost time: 328.88279581069946
[2025-05-28 19:47:52] - Traininng loss : 0.738093177026872
[2025-05-28 19:48:00] - vali_results: {'mae': 0.3997747600078583, 'mape': 1.837539553642273, 'mse': 0.3169225752353668, 'rmse': 0.5629587769508362}
[2025-05-28 19:48:04] - test_results: {'mae': 0.2799503207206726, 'mape': 2.296189069747925, 'mse': 0.14562201499938965, 'rmse': 0.38160452246665955}
[2025-05-28 19:49:45] - Epoch: 4 cost time: 441.76151514053345
[2025-05-28 19:49:45] - Traininng loss : 0.7342551934711133
[2025-05-28 19:49:53] - vali_results: {'mae': 0.37728339433670044, 'mape': 1.982208490371704, 'mse': 0.29651135206222534, 'rmse': 0.5445285439491272}
[2025-05-28 19:49:57] - test_results: {'mae': 0.2682386040687561, 'mape': 2.450658082962036, 'mse': 0.14030595123767853, 'rmse': 0.37457436323165894}
[2025-05-28 19:51:38] - Epoch: 5 cost time: 555.1363575458527
[2025-05-28 19:51:38] - Traininng loss : 0.7299397849615133
[2025-05-28 19:51:46] - vali_results: {'mae': 0.3901362419128418, 'mape': 1.8772600889205933, 'mse': 0.3074067234992981, 'rmse': 0.5544427037239075}
[2025-05-28 19:51:50] - test_results: {'mae': 0.2741021513938904, 'mape': 2.298654317855835, 'mse': 0.1425548791885376, 'rmse': 0.377564400434494}
[2025-05-28 19:53:31] - Epoch: 6 cost time: 667.4946520328522
[2025-05-28 19:53:31] - Traininng loss : 0.7268865041489438
[2025-05-28 19:53:38] - vali_results: {'mae': 0.377962201833725, 'mape': 1.9938201904296875, 'mse': 0.29625070095062256, 'rmse': 0.5442891716957092}
[2025-05-28 19:53:42] - test_results: {'mae': 0.26829174160957336, 'mape': 2.472687244415283, 'mse': 0.14033280313014984, 'rmse': 0.37461021542549133}
[2025-05-28 19:55:22] - Epoch: 7 cost time: 778.6939647197723
[2025-05-28 19:55:22] - Traininng loss : 0.7237971535796242
[2025-05-28 19:55:29] - vali_results: {'mae': 0.3977944254875183, 'mape': 1.8376418352127075, 'mse': 0.317219078540802, 'rmse': 0.5632220506668091}
[2025-05-28 19:55:33] - test_results: {'mae': 0.28013157844543457, 'mape': 2.3538594245910645, 'mse': 0.14637628197669983, 'rmse': 0.3825915455818176}
[2025-05-28 19:57:14] - Epoch: 8 cost time: 890.2786245346069
[2025-05-28 19:57:14] - Traininng loss : 0.7218328835051245
[2025-05-28 19:57:21] - vali_results: {'mae': 0.38389477133750916, 'mape': 1.9087562561035156, 'mse': 0.3038492500782013, 'rmse': 0.5512252449989319}
[2025-05-28 19:57:25] - test_results: {'mae': 0.2702082395553589, 'mape': 2.3862414360046387, 'mse': 0.1409769207239151, 'rmse': 0.3754689395427704}
[2025-05-28 19:59:07] - Epoch: 9 cost time: 1003.2721445560455
[2025-05-28 19:59:07] - Traininng loss : 0.7203122377196816
[2025-05-28 19:59:14] - vali_results: {'mae': 0.369901180267334, 'mape': 2.0145509243011475, 'mse': 0.28838515281677246, 'rmse': 0.5370150208473206}
[2025-05-28 19:59:18] - test_results: {'mae': 0.2646799087524414, 'mape': 2.461195230484009, 'mse': 0.13936248421669006, 'rmse': 0.3733128607273102}
[2025-05-28 20:01:00] - Epoch: 10 cost time: 1116.4459528923035
[2025-05-28 20:01:00] - Traininng loss : 0.7176742031027111
[2025-05-28 20:01:07] - vali_results: {'mae': 0.39229995012283325, 'mape': 1.8271079063415527, 'mse': 0.3124143183231354, 'rmse': 0.5589403510093689}
[2025-05-28 20:01:11] - test_results: {'mae': 0.27448156476020813, 'mape': 2.348999500274658, 'mse': 0.14260312914848328, 'rmse': 0.37762829661369324}
[2025-05-28 20:02:53] - Epoch: 11 cost time: 1229.2912709712982
[2025-05-28 20:02:53] - Traininng loss : 0.7165472069289225
[2025-05-28 20:03:00] - vali_results: {'mae': 0.3883432447910309, 'mape': 1.8520753383636475, 'mse': 0.3066596984863281, 'rmse': 0.5537686347961426}
[2025-05-28 20:03:04] - test_results: {'mae': 0.27119359374046326, 'mape': 2.35451078414917, 'mse': 0.14070211350917816, 'rmse': 0.37510281801223755}
[2025-05-28 20:04:43] - Epoch: 12 cost time: 1339.3469808101654
[2025-05-28 20:04:43] - Traininng loss : 0.7152794561957104
[2025-05-28 20:04:50] - vali_results: {'mae': 0.3992437422275543, 'mape': 1.7912373542785645, 'mse': 0.3176765739917755, 'rmse': 0.5636280179023743}
[2025-05-28 20:04:53] - test_results: {'mae': 0.27912580966949463, 'mape': 2.254040002822876, 'mse': 0.14531181752681732, 'rmse': 0.38119786977767944}
[2025-05-28 20:06:33] - Epoch: 13 cost time: 1449.2802863121033
[2025-05-28 20:06:33] - Traininng loss : 0.7139556477513609
[2025-05-28 20:06:40] - vali_results: {'mae': 0.38202300667762756, 'mape': 1.9072058200836182, 'mse': 0.30123278498649597, 'rmse': 0.5488467812538147}
[2025-05-28 20:06:44] - test_results: {'mae': 0.2697761654853821, 'mape': 2.405024528503418, 'mse': 0.14122679829597473, 'rmse': 0.37580153346061707}
[2025-05-28 20:08:21] - Epoch: 14 cost time: 1557.299616575241
[2025-05-28 20:08:21] - Traininng loss : 0.7134968524300471
[2025-05-28 20:08:27] - vali_results: {'mae': 0.3878542482852936, 'mape': 1.8772833347320557, 'mse': 0.3096003532409668, 'rmse': 0.5564174056053162}
[2025-05-28 20:08:31] - test_results: {'mae': 0.27157580852508545, 'mape': 2.413386821746826, 'mse': 0.14186109602451324, 'rmse': 0.3766445219516754}
[2025-05-28 20:08:31] - loss no decreased for 5 epochs,  early stopping ....
[2025-05-28 20:08:35] - test_results: {'mae': 0.2646799087524414, 'mape': 2.461195230484009, 'mse': 0.13936248421669006, 'rmse': 0.3733128607273102}
