[2025-06-05 20:15:02] - run : 0 in seed: 2
[2025-06-05 20:15:02] - +-----------------------------------+------------+
|              Modules              | Parameters |
+-----------------------------------+------------+
|     fm.Linear_Seasonal.weight     |   16128    |
|      fm.Linear_Seasonal.bias      |    168     |
|       fm.Linear_Trend.weight      |   16128    |
|        fm.Linear_Trend.bias       |    168     |
|             nm.weight             |     42     |
| nm.model_freq.model_freq.0.weight |    6144    |
|  nm.model_freq.model_freq.0.bias  |     64     |
|  nm.model_freq.model_all.0.weight |   20480    |
|   nm.model_freq.model_all.0.bias  |    128     |
|  nm.model_freq.model_all.2.weight |   21504    |
|   nm.model_freq.model_all.2.bias  |    168     |
| nm.model_pred.model_freq.0.weight |   24576    |
|  nm.model_pred.model_freq.0.bias  |    256     |
|  nm.model_pred.model_all.0.weight |   180224   |
|   nm.model_pred.model_all.0.bias  |    512     |
|  nm.model_pred.model_all.2.weight |   86016    |
|   nm.model_pred.model_all.2.bias  |    168     |
+-----------------------------------+------------+
[2025-06-05 20:15:02] - Total Trainable Params: 372874
[2025-06-05 20:15:02] - model parameters: 372874
[2025-06-05 20:15:37] - Epoch: 1 cost time: 35.59570074081421
[2025-06-05 20:15:37] - Traininng loss : 1.220105200823738
[2025-06-05 20:15:43] - vali_results: {'mae': 0.32093656063079834, 'mape': 4.992730140686035, 'mse': 0.35177159309387207, 'rmse': 0.5931033492088318}
[2025-06-05 20:15:46] - test_results: {'mae': 0.2548464834690094, 'mape': 1.5239652395248413, 'mse': 0.22324402630329132, 'rmse': 0.47248706221580505}
[2025-06-05 20:16:22] - Epoch: 2 cost time: 80.78985118865967
[2025-06-05 20:16:22] - Traininng loss : 1.1444680537719394
[2025-06-05 20:16:28] - vali_results: {'mae': 0.32402852177619934, 'mape': 4.805536270141602, 'mse': 0.34510940313339233, 'rmse': 0.5874601006507874}
[2025-06-05 20:16:31] - test_results: {'mae': 0.27759647369384766, 'mape': 1.489452600479126, 'mse': 0.23039518296718597, 'rmse': 0.4799949824810028}
[2025-06-05 20:17:07] - Epoch: 3 cost time: 125.47436618804932
[2025-06-05 20:17:07] - Traininng loss : 1.1297998620433058
[2025-06-05 20:17:13] - vali_results: {'mae': 0.3189181089401245, 'mape': 4.682339191436768, 'mse': 0.34369078278541565, 'rmse': 0.586251437664032}
[2025-06-05 20:17:16] - test_results: {'mae': 0.2552276849746704, 'mape': 1.465087652206421, 'mse': 0.22120149433612823, 'rmse': 0.4703206419944763}
[2025-06-05 20:17:51] - Epoch: 4 cost time: 169.3470118045807
[2025-06-05 20:17:51] - Traininng loss : 1.1224778811483924
[2025-06-05 20:17:57] - vali_results: {'mae': 0.31462734937667847, 'mape': 4.827643394470215, 'mse': 0.3411810100078583, 'rmse': 0.5841070413589478}
[2025-06-05 20:18:00] - test_results: {'mae': 0.24635718762874603, 'mape': 1.4879035949707031, 'mse': 0.21537165343761444, 'rmse': 0.4640815258026123}
[2025-06-05 20:18:35] - Epoch: 5 cost time: 213.47502517700195
[2025-06-05 20:18:35] - Traininng loss : 1.1155538897847506
[2025-06-05 20:18:40] - vali_results: {'mae': 0.3204663097858429, 'mape': 6.038926124572754, 'mse': 0.34532997012138367, 'rmse': 0.5876478552818298}
[2025-06-05 20:18:43] - test_results: {'mae': 0.2509266138076782, 'mape': 1.7056385278701782, 'mse': 0.21947981417179108, 'rmse': 0.4684867262840271}
[2025-06-05 20:19:21] - Epoch: 6 cost time: 258.97269105911255
[2025-06-05 20:19:21] - Traininng loss : 1.1121049175616435
[2025-06-05 20:19:27] - vali_results: {'mae': 0.31798025965690613, 'mape': 5.600532531738281, 'mse': 0.34212788939476013, 'rmse': 0.5849170088768005}
[2025-06-05 20:19:30] - test_results: {'mae': 0.2503935694694519, 'mape': 1.6289743185043335, 'mse': 0.21913476288318634, 'rmse': 0.4681183099746704}
[2025-06-05 20:20:05] - Epoch: 7 cost time: 303.0573697090149
[2025-06-05 20:20:05] - Traininng loss : 1.1085520756296716
[2025-06-05 20:20:11] - vali_results: {'mae': 0.31656208634376526, 'mape': 4.693711757659912, 'mse': 0.3423607349395752, 'rmse': 0.5851160287857056}
[2025-06-05 20:20:14] - test_results: {'mae': 0.25507888197898865, 'mape': 1.4867098331451416, 'mse': 0.22080688178539276, 'rmse': 0.4699009358882904}
[2025-06-05 20:20:47] - Epoch: 8 cost time: 345.767520904541
[2025-06-05 20:20:47] - Traininng loss : 1.106686466958325
[2025-06-05 20:20:53] - vali_results: {'mae': 0.3148844838142395, 'mape': 5.261326313018799, 'mse': 0.3411030173301697, 'rmse': 0.5840402245521545}
[2025-06-05 20:20:56] - test_results: {'mae': 0.24873188138008118, 'mape': 1.5716793537139893, 'mse': 0.2176324874162674, 'rmse': 0.46651098132133484}
[2025-06-05 20:21:33] - Epoch: 9 cost time: 391.7121729850769
[2025-06-05 20:21:33] - Traininng loss : 1.1047362527993048
[2025-06-05 20:21:40] - vali_results: {'mae': 0.31356412172317505, 'mape': 4.523665904998779, 'mse': 0.33780917525291443, 'rmse': 0.5812135338783264}
[2025-06-05 20:21:43] - test_results: {'mae': 0.24620884656906128, 'mape': 1.4462401866912842, 'mse': 0.21570312976837158, 'rmse': 0.4644384980201721}
[2025-06-05 20:22:19] - Epoch: 10 cost time: 437.4825830459595
[2025-06-05 20:22:19] - Traininng loss : 1.102399052386721
[2025-06-05 20:22:25] - vali_results: {'mae': 0.315000057220459, 'mape': 4.713067531585693, 'mse': 0.3376023471355438, 'rmse': 0.5810355544090271}
[2025-06-05 20:22:28] - test_results: {'mae': 0.2561224102973938, 'mape': 1.4650799036026, 'mse': 0.2182861566543579, 'rmse': 0.4672110378742218}
[2025-06-05 20:23:02] - Epoch: 11 cost time: 480.7382152080536
[2025-06-05 20:23:02] - Traininng loss : 1.1010316835740768
[2025-06-05 20:23:09] - vali_results: {'mae': 0.3155515491962433, 'mape': 4.48185920715332, 'mse': 0.33397263288497925, 'rmse': 0.5779036283493042}
[2025-06-05 20:23:12] - test_results: {'mae': 0.2587403655052185, 'mape': 1.4201910495758057, 'mse': 0.21786899864673615, 'rmse': 0.4667643904685974}
[2025-06-05 20:23:49] - Epoch: 12 cost time: 527.0860388278961
[2025-06-05 20:23:49] - Traininng loss : 1.0994358086169547
[2025-06-05 20:23:55] - vali_results: {'mae': 0.3140261769294739, 'mape': 5.0939412117004395, 'mse': 0.33671140670776367, 'rmse': 0.580268383026123}
[2025-06-05 20:23:58] - test_results: {'mae': 0.24740445613861084, 'mape': 1.5364525318145752, 'mse': 0.2148990035057068, 'rmse': 0.4635719954967499}
[2025-06-05 20:24:32] - Epoch: 13 cost time: 569.993860244751
[2025-06-05 20:24:32] - Traininng loss : 1.0982155036197478
[2025-06-05 20:24:38] - vali_results: {'mae': 0.32153916358947754, 'mape': 4.943121433258057, 'mse': 0.33970463275909424, 'rmse': 0.5828418731689453}
[2025-06-05 20:24:41] - test_results: {'mae': 0.26580342650413513, 'mape': 1.5116877555847168, 'mse': 0.22428849339485168, 'rmse': 0.47359105944633484}
[2025-06-05 20:25:19] - Epoch: 14 cost time: 617.6174507141113
[2025-06-05 20:25:19] - Traininng loss : 1.0981596028440384
[2025-06-05 20:25:26] - vali_results: {'mae': 0.3187888264656067, 'mape': 4.929177284240723, 'mse': 0.3359483480453491, 'rmse': 0.5796105265617371}
[2025-06-05 20:25:30] - test_results: {'mae': 0.26565757393836975, 'mape': 1.5013446807861328, 'mse': 0.22149460017681122, 'rmse': 0.4706321358680725}
[2025-06-05 20:26:08] - Epoch: 15 cost time: 666.6745154857635
[2025-06-05 20:26:08] - Traininng loss : 1.0959570057006902
[2025-06-05 20:26:14] - vali_results: {'mae': 0.312141478061676, 'mape': 4.581037521362305, 'mse': 0.33628061413764954, 'rmse': 0.5798970460891724}
[2025-06-05 20:26:18] - test_results: {'mae': 0.24424827098846436, 'mape': 1.452470302581787, 'mse': 0.213424950838089, 'rmse': 0.46197938919067383}
[2025-06-05 20:26:55] - Epoch: 16 cost time: 713.8644738197327
[2025-06-05 20:26:55] - Traininng loss : 1.0946108099675074
[2025-06-05 20:27:02] - vali_results: {'mae': 0.31373271346092224, 'mape': 4.443787574768066, 'mse': 0.3362968862056732, 'rmse': 0.5799111127853394}
[2025-06-05 20:27:05] - test_results: {'mae': 0.2507416307926178, 'mape': 1.424373745918274, 'mse': 0.21660277247428894, 'rmse': 0.46540603041648865}
[2025-06-05 20:27:05] - loss no decreased for 5 epochs,  early stopping ....
[2025-06-05 20:27:08] - test_results: {'mae': 0.2587403655052185, 'mape': 1.4201910495758057, 'mse': 0.21786899864673615, 'rmse': 0.4667643904685974}
