[2025-05-28 12:42:49] - run : 0 in seed: 1
[2025-05-28 12:42:49] - +-----------------------------------+------------+
|              Modules              | Parameters |
+-----------------------------------+------------+
|     fm.Linear_Seasonal.weight     |    9216    |
|      fm.Linear_Seasonal.bias      |     96     |
|       fm.Linear_Trend.weight      |    9216    |
|        fm.Linear_Trend.bias       |     96     |
|             nm.weight             |    1724    |
| nm.model_freq.model_freq.0.weight |    6144    |
|  nm.model_freq.model_freq.0.bias  |     64     |
|  nm.model_freq.model_all.0.weight |   20480    |
|   nm.model_freq.model_all.0.bias  |    128     |
|  nm.model_freq.model_all.2.weight |   12288    |
|   nm.model_freq.model_all.2.bias  |     96     |
| nm.model_pred.model_freq.0.weight |   24576    |
|  nm.model_pred.model_freq.0.bias  |    256     |
|  nm.model_pred.model_all.0.weight |   180224   |
|   nm.model_pred.model_all.0.bias  |    512     |
|  nm.model_pred.model_all.2.weight |   49152    |
|   nm.model_pred.model_all.2.bias  |     96     |
+-----------------------------------+------------+
[2025-05-28 12:42:49] - Total Trainable Params: 314364
[2025-05-28 12:42:49] - model parameters: 314364
[2025-05-28 12:43:07] - Epoch: 1 cost time: 18.36147141456604
[2025-05-28 12:43:07] - Traininng loss : 0.929668636706771
[2025-05-28 12:43:14] - vali_results: {'mae': 0.3403511047363281, 'mape': 5.002527236938477, 'mse': 0.3938247561454773, 'rmse': 0.6275545954704285}
[2025-05-28 12:43:18] - test_results: {'mae': 0.3777729868888855, 'mape': 7.612864017486572, 'mse': 0.47231221199035645, 'rmse': 0.6872497200965881}
[2025-05-28 12:43:37] - Epoch: 2 cost time: 47.974193811416626
[2025-05-28 12:43:37] - Traininng loss : 0.7095241138228664
[2025-05-28 12:43:44] - vali_results: {'mae': 0.32054010033607483, 'mape': 4.8135457038879395, 'mse': 0.36279296875, 'rmse': 0.6023229956626892}
[2025-05-28 12:43:49] - test_results: {'mae': 0.36163967847824097, 'mape': 7.324463367462158, 'mse': 0.445370078086853, 'rmse': 0.6673605442047119}
[2025-05-28 12:44:07] - Epoch: 3 cost time: 78.27183723449707
[2025-05-28 12:44:07] - Traininng loss : 0.6708826622950337
[2025-05-28 12:44:14] - vali_results: {'mae': 0.3132837116718292, 'mape': 4.646738052368164, 'mse': 0.35265111923217773, 'rmse': 0.5938443541526794}
[2025-05-28 12:44:19] - test_results: {'mae': 0.3551194965839386, 'mape': 6.932595252990723, 'mse': 0.4360972046852112, 'rmse': 0.6603765487670898}
[2025-05-28 12:44:38] - Epoch: 4 cost time: 109.13350176811218
[2025-05-28 12:44:38] - Traininng loss : 0.6508649727970204
[2025-05-28 12:44:46] - vali_results: {'mae': 0.3095513582229614, 'mape': 4.547975063323975, 'mse': 0.34663939476013184, 'rmse': 0.5887609124183655}
[2025-05-28 12:44:50] - test_results: {'mae': 0.35266610980033875, 'mape': 6.804630756378174, 'mse': 0.43132099509239197, 'rmse': 0.6567503213882446}
[2025-05-28 12:45:09] - Epoch: 5 cost time: 140.60704350471497
[2025-05-28 12:45:09] - Traininng loss : 0.6376482043316756
[2025-05-28 12:45:17] - vali_results: {'mae': 0.3067050278186798, 'mape': 4.54258394241333, 'mse': 0.34359636902809143, 'rmse': 0.5861709117889404}
[2025-05-28 12:45:21] - test_results: {'mae': 0.349124014377594, 'mape': 6.684138774871826, 'mse': 0.427068293094635, 'rmse': 0.6535046100616455}
[2025-05-28 12:45:40] - Epoch: 6 cost time: 171.59142518043518
[2025-05-28 12:45:40] - Traininng loss : 0.6282458912443232
[2025-05-28 12:45:48] - vali_results: {'mae': 0.30539670586586, 'mape': 4.6170244216918945, 'mse': 0.3397723436355591, 'rmse': 0.5828999280929565}
[2025-05-28 12:45:52] - test_results: {'mae': 0.34875038266181946, 'mape': 6.815648078918457, 'mse': 0.4239945709705353, 'rmse': 0.6511486768722534}
[2025-05-28 12:46:11] - Epoch: 7 cost time: 202.1672933101654
[2025-05-28 12:46:11] - Traininng loss : 0.6210101298869602
[2025-05-28 12:46:19] - vali_results: {'mae': 0.30382078886032104, 'mape': 4.544004440307617, 'mse': 0.3393094837665558, 'rmse': 0.5825027823448181}
[2025-05-28 12:46:23] - test_results: {'mae': 0.3464530408382416, 'mape': 6.5359625816345215, 'mse': 0.4222331643104553, 'rmse': 0.6497946977615356}
[2025-05-28 12:46:42] - Epoch: 8 cost time: 233.54076051712036
[2025-05-28 12:46:42] - Traininng loss : 0.6153086367107573
[2025-05-28 12:46:50] - vali_results: {'mae': 0.3010226786136627, 'mape': 4.4457879066467285, 'mse': 0.33627381920814514, 'rmse': 0.5798912048339844}
[2025-05-28 12:46:54] - test_results: {'mae': 0.3450466990470886, 'mape': 6.354057312011719, 'mse': 0.42145678400993347, 'rmse': 0.6491970419883728}
[2025-05-28 12:47:13] - Epoch: 9 cost time: 264.31710720062256
[2025-05-28 12:47:13] - Traininng loss : 0.610426084862815
[2025-05-28 12:47:20] - vali_results: {'mae': 0.2999185025691986, 'mape': 4.496339797973633, 'mse': 0.33383041620254517, 'rmse': 0.5777806043624878}
[2025-05-28 12:47:25] - test_results: {'mae': 0.34397849440574646, 'mape': 6.565900802612305, 'mse': 0.41826093196868896, 'rmse': 0.6467309594154358}
[2025-05-28 12:47:44] - Epoch: 10 cost time: 295.4289267063141
[2025-05-28 12:47:44] - Traininng loss : 0.6064173922967658
[2025-05-28 12:47:52] - vali_results: {'mae': 0.29911038279533386, 'mape': 4.383017539978027, 'mse': 0.33421868085861206, 'rmse': 0.5781164765357971}
[2025-05-28 12:47:57] - test_results: {'mae': 0.34247443079948425, 'mape': 6.28582763671875, 'mse': 0.4180147647857666, 'rmse': 0.646540641784668}
[2025-05-28 12:48:16] - Epoch: 11 cost time: 327.606760263443
[2025-05-28 12:48:16] - Traininng loss : 0.6029911760299925
[2025-05-28 12:48:24] - vali_results: {'mae': 0.2990793287754059, 'mape': 4.515271186828613, 'mse': 0.3315042555332184, 'rmse': 0.5757640600204468}
[2025-05-28 12:48:29] - test_results: {'mae': 0.34320777654647827, 'mape': 6.568540096282959, 'mse': 0.41608670353889465, 'rmse': 0.6450478434562683}
[2025-05-28 12:48:47] - Epoch: 12 cost time: 358.24803137779236
[2025-05-28 12:48:47] - Traininng loss : 0.6000876533922064
[2025-05-28 12:48:54] - vali_results: {'mae': 0.29828259348869324, 'mape': 4.49733304977417, 'mse': 0.3306629955768585, 'rmse': 0.5750330090522766}
[2025-05-28 12:48:59] - test_results: {'mae': 0.3433845639228821, 'mape': 6.588339328765869, 'mse': 0.41642770171165466, 'rmse': 0.6453120708465576}
[2025-05-28 12:49:17] - Epoch: 13 cost time: 388.65757513046265
[2025-05-28 12:49:17] - Traininng loss : 0.5976014050541731
[2025-05-28 12:49:25] - vali_results: {'mae': 0.2971658408641815, 'mape': 4.476091384887695, 'mse': 0.32982760667800903, 'rmse': 0.5743061900138855}
[2025-05-28 12:49:30] - test_results: {'mae': 0.3415874242782593, 'mape': 6.595981597900391, 'mse': 0.4148607552051544, 'rmse': 0.644096851348877}
[2025-05-28 12:49:49] - Epoch: 14 cost time: 420.1541211605072
[2025-05-28 12:49:49] - Traininng loss : 0.5953605211285687
[2025-05-28 12:49:56] - vali_results: {'mae': 0.29995834827423096, 'mape': 4.553781986236572, 'mse': 0.330109179019928, 'rmse': 0.5745512843132019}
[2025-05-28 12:50:01] - test_results: {'mae': 0.34520766139030457, 'mape': 6.638560771942139, 'mse': 0.41584086418151855, 'rmse': 0.6448572278022766}
[2025-05-28 12:50:19] - Epoch: 15 cost time: 450.50943756103516
[2025-05-28 12:50:19] - Traininng loss : 0.5935735582674622
[2025-05-28 12:50:27] - vali_results: {'mae': 0.29739996790885925, 'mape': 4.4387383460998535, 'mse': 0.3288321793079376, 'rmse': 0.5734388828277588}
[2025-05-28 12:50:31] - test_results: {'mae': 0.3430999517440796, 'mape': 6.503175735473633, 'mse': 0.4149283170700073, 'rmse': 0.6441493034362793}
[2025-05-28 12:50:50] - Epoch: 16 cost time: 481.1676495075226
[2025-05-28 12:50:50] - Traininng loss : 0.591612081836771
[2025-05-28 12:50:58] - vali_results: {'mae': 0.29736393690109253, 'mape': 4.50826358795166, 'mse': 0.32812514901161194, 'rmse': 0.572822093963623}
[2025-05-28 12:51:02] - test_results: {'mae': 0.3425567150115967, 'mape': 6.556980609893799, 'mse': 0.4134765863418579, 'rmse': 0.6430214643478394}
[2025-05-28 12:51:21] - Epoch: 17 cost time: 512.4535081386566
[2025-05-28 12:51:21] - Traininng loss : 0.590107772243086
[2025-05-28 12:51:29] - vali_results: {'mae': 0.29551348090171814, 'mape': 4.414133071899414, 'mse': 0.3283745348453522, 'rmse': 0.573039710521698}
[2025-05-28 12:51:34] - test_results: {'mae': 0.33911868929862976, 'mape': 6.3806843757629395, 'mse': 0.41190090775489807, 'rmse': 0.6417950391769409}
[2025-05-28 12:51:53] - Epoch: 18 cost time: 543.9562952518463
[2025-05-28 12:51:53] - Traininng loss : 0.5885677550520215
[2025-05-28 12:52:00] - vali_results: {'mae': 0.2961812913417816, 'mape': 4.541848659515381, 'mse': 0.32651886343955994, 'rmse': 0.571418285369873}
[2025-05-28 12:52:05] - test_results: {'mae': 0.3409699499607086, 'mape': 6.651587009429932, 'mse': 0.41146421432495117, 'rmse': 0.6414547562599182}
[2025-05-28 12:52:23] - Epoch: 19 cost time: 574.4822602272034
[2025-05-28 12:52:23] - Traininng loss : 0.5872150746287492
[2025-05-28 12:52:30] - vali_results: {'mae': 0.29469165205955505, 'mape': 4.471864223480225, 'mse': 0.32606765627861023, 'rmse': 0.5710233449935913}
[2025-05-28 12:52:35] - test_results: {'mae': 0.33952438831329346, 'mape': 6.5546135902404785, 'mse': 0.4112498164176941, 'rmse': 0.641287624835968}
[2025-05-28 12:52:53] - Epoch: 20 cost time: 604.1580326557159
[2025-05-28 12:52:53] - Traininng loss : 0.5860816861586596
[2025-05-28 12:53:01] - vali_results: {'mae': 0.2941542863845825, 'mape': 4.37621545791626, 'mse': 0.32624825835227966, 'rmse': 0.5711814761161804}
[2025-05-28 12:53:05] - test_results: {'mae': 0.3389604687690735, 'mape': 6.390237331390381, 'mse': 0.41093406081199646, 'rmse': 0.6410413980484009}
[2025-05-28 12:53:24] - Epoch: 21 cost time: 635.0887544155121
[2025-05-28 12:53:24] - Traininng loss : 0.5849919636098165
[2025-05-28 12:53:31] - vali_results: {'mae': 0.2939983308315277, 'mape': 4.3360371589660645, 'mse': 0.32627052068710327, 'rmse': 0.571200966835022}
[2025-05-28 12:53:36] - test_results: {'mae': 0.3387356698513031, 'mape': 6.292069911956787, 'mse': 0.4104933440685272, 'rmse': 0.6406975388526917}
[2025-05-28 12:53:56] - Epoch: 22 cost time: 666.8799529075623
[2025-05-28 12:53:56] - Traininng loss : 0.5838652376144652
[2025-05-28 12:54:04] - vali_results: {'mae': 0.29422447085380554, 'mape': 4.410242080688477, 'mse': 0.3255142569541931, 'rmse': 0.5705385804176331}
[2025-05-28 12:54:08] - test_results: {'mae': 0.3387767970561981, 'mape': 6.440755844116211, 'mse': 0.40978920459747314, 'rmse': 0.6401478052139282}
[2025-05-28 12:54:27] - Epoch: 23 cost time: 698.154310464859
[2025-05-28 12:54:27] - Traininng loss : 0.5829310390368971
[2025-05-28 12:54:35] - vali_results: {'mae': 0.29325518012046814, 'mape': 4.3477582931518555, 'mse': 0.32527217268943787, 'rmse': 0.5703263878822327}
[2025-05-28 12:54:40] - test_results: {'mae': 0.33800390362739563, 'mape': 6.29417610168457, 'mse': 0.40960243344306946, 'rmse': 0.6400018930435181}
[2025-05-28 12:54:59] - Epoch: 24 cost time: 730.4848494529724
[2025-05-28 12:54:59] - Traininng loss : 0.5820527231251752
[2025-05-28 12:55:07] - vali_results: {'mae': 0.2933577299118042, 'mape': 4.407767295837402, 'mse': 0.32411766052246094, 'rmse': 0.5693133473396301}
[2025-05-28 12:55:11] - test_results: {'mae': 0.338390588760376, 'mape': 6.5602006912231445, 'mse': 0.4087440073490143, 'rmse': 0.6393309235572815}
[2025-05-28 12:55:30] - Epoch: 25 cost time: 761.1984910964966
[2025-05-28 12:55:30] - Traininng loss : 0.5813201965478362
[2025-05-28 12:55:37] - vali_results: {'mae': 0.2932736873626709, 'mape': 4.423952102661133, 'mse': 0.3233524262905121, 'rmse': 0.5686408877372742}
[2025-05-28 12:55:42] - test_results: {'mae': 0.3388080596923828, 'mape': 6.588770389556885, 'mse': 0.4088743329048157, 'rmse': 0.6394328474998474}
[2025-05-28 12:56:00] - Epoch: 26 cost time: 791.5815198421478
[2025-05-28 12:56:00] - Traininng loss : 0.5802971365905943
[2025-05-28 12:56:08] - vali_results: {'mae': 0.29228171706199646, 'mape': 4.331306457519531, 'mse': 0.32387852668762207, 'rmse': 0.5691032409667969}
[2025-05-28 12:56:13] - test_results: {'mae': 0.33776846528053284, 'mape': 6.3475542068481445, 'mse': 0.4090820252895355, 'rmse': 0.6395952105522156}
[2025-05-28 12:56:32] - Epoch: 27 cost time: 822.9727256298065
[2025-05-28 12:56:32] - Traininng loss : 0.5796737212037283
[2025-05-28 12:56:39] - vali_results: {'mae': 0.2922861874103546, 'mape': 4.319985866546631, 'mse': 0.3246577978134155, 'rmse': 0.5697875022888184}
[2025-05-28 12:56:43] - test_results: {'mae': 0.33634352684020996, 'mape': 6.237334728240967, 'mse': 0.40819159150123596, 'rmse': 0.6388987302780151}
[2025-05-28 12:57:01] - Epoch: 28 cost time: 852.7070691585541
[2025-05-28 12:57:01] - Traininng loss : 0.5789798572265282
[2025-05-28 12:57:09] - vali_results: {'mae': 0.2927352786064148, 'mape': 4.337610244750977, 'mse': 0.3243928849697113, 'rmse': 0.5695549845695496}
[2025-05-28 12:57:13] - test_results: {'mae': 0.33775559067726135, 'mape': 6.298745632171631, 'mse': 0.4086706340312958, 'rmse': 0.6392735242843628}
[2025-05-28 12:57:32] - Epoch: 29 cost time: 883.0995512008667
[2025-05-28 12:57:32] - Traininng loss : 0.5785433735954698
[2025-05-28 12:57:40] - vali_results: {'mae': 0.2919522821903229, 'mape': 4.376049041748047, 'mse': 0.32262739539146423, 'rmse': 0.5680029988288879}
[2025-05-28 12:57:44] - test_results: {'mae': 0.33710795640945435, 'mape': 6.435654640197754, 'mse': 0.4073348343372345, 'rmse': 0.6382278800010681}
[2025-05-28 12:58:03] - Epoch: 30 cost time: 914.0300962924957
[2025-05-28 12:58:03] - Traininng loss : 0.5776791727889783
[2025-05-28 12:58:10] - vali_results: {'mae': 0.2921670377254486, 'mape': 4.372204780578613, 'mse': 0.3227674663066864, 'rmse': 0.5681262612342834}
[2025-05-28 12:58:14] - test_results: {'mae': 0.33702775835990906, 'mape': 6.501949787139893, 'mse': 0.40718895196914673, 'rmse': 0.6381136178970337}
[2025-05-28 12:58:33] - Epoch: 31 cost time: 944.1899144649506
[2025-05-28 12:58:33] - Traininng loss : 0.5772686368889279
[2025-05-28 12:58:40] - vali_results: {'mae': 0.29127591848373413, 'mape': 4.336115837097168, 'mse': 0.3224901854991913, 'rmse': 0.5678821802139282}
[2025-05-28 12:58:45] - test_results: {'mae': 0.3364807963371277, 'mape': 6.406740188598633, 'mse': 0.40718191862106323, 'rmse': 0.6381080746650696}
[2025-05-28 12:59:04] - Epoch: 32 cost time: 974.9482448101044
[2025-05-28 12:59:04] - Traininng loss : 0.5766610720012554
[2025-05-28 12:59:12] - vali_results: {'mae': 0.2926475703716278, 'mape': 4.401997089385986, 'mse': 0.3218495547771454, 'rmse': 0.5673178434371948}
[2025-05-28 12:59:17] - test_results: {'mae': 0.3389468491077423, 'mape': 6.579172134399414, 'mse': 0.40784597396850586, 'rmse': 0.6386281847953796}
[2025-05-28 12:59:35] - Epoch: 33 cost time: 1006.2859265804291
[2025-05-28 12:59:35] - Traininng loss : 0.5760390702536498
[2025-05-28 12:59:43] - vali_results: {'mae': 0.2909788489341736, 'mape': 4.3580002784729, 'mse': 0.3226280212402344, 'rmse': 0.5680035352706909}
[2025-05-28 12:59:48] - test_results: {'mae': 0.33518922328948975, 'mape': 6.449259281158447, 'mse': 0.40611326694488525, 'rmse': 0.6372701525688171}
[2025-05-28 13:00:06] - Epoch: 34 cost time: 1037.653268814087
[2025-05-28 13:00:06] - Traininng loss : 0.5755340549996291
[2025-05-28 13:00:14] - vali_results: {'mae': 0.2907694876194, 'mape': 4.380577564239502, 'mse': 0.32108283042907715, 'rmse': 0.5666416883468628}
[2025-05-28 13:00:19] - test_results: {'mae': 0.3365425169467926, 'mape': 6.487680435180664, 'mse': 0.4068211317062378, 'rmse': 0.6378253102302551}
[2025-05-28 13:00:38] - Epoch: 35 cost time: 1069.313878774643
[2025-05-28 13:00:38] - Traininng loss : 0.5750059056534338
[2025-05-28 13:00:45] - vali_results: {'mae': 0.2912531793117523, 'mape': 4.340182304382324, 'mse': 0.32123562693595886, 'rmse': 0.5667765140533447}
[2025-05-28 13:00:50] - test_results: {'mae': 0.33761706948280334, 'mape': 6.499353408813477, 'mse': 0.4073220193386078, 'rmse': 0.6382178664207458}
[2025-05-28 13:01:08] - Epoch: 36 cost time: 1099.4227800369263
[2025-05-28 13:01:08] - Traininng loss : 0.5745712438273052
[2025-05-28 13:01:16] - vali_results: {'mae': 0.29008689522743225, 'mape': 4.302976131439209, 'mse': 0.3218497335910797, 'rmse': 0.5673180222511292}
[2025-05-28 13:01:21] - test_results: {'mae': 0.33566397428512573, 'mape': 6.270552158355713, 'mse': 0.406635582447052, 'rmse': 0.6376798152923584}
[2025-05-28 13:01:40] - Epoch: 37 cost time: 1131.0961740016937
[2025-05-28 13:01:40] - Traininng loss : 0.5742273361436905
[2025-05-28 13:01:47] - vali_results: {'mae': 0.2908116281032562, 'mape': 4.367929935455322, 'mse': 0.3207673728466034, 'rmse': 0.5663632750511169}
[2025-05-28 13:01:52] - test_results: {'mae': 0.3367792069911957, 'mape': 6.50855827331543, 'mse': 0.406108558177948, 'rmse': 0.6372664570808411}
[2025-05-28 13:02:11] - Epoch: 38 cost time: 1161.7249133586884
[2025-05-28 13:02:11] - Traininng loss : 0.5737767480510884
[2025-05-28 13:02:18] - vali_results: {'mae': 0.2907455861568451, 'mape': 4.393741130828857, 'mse': 0.3202815353870392, 'rmse': 0.5659342408180237}
[2025-05-28 13:02:22] - test_results: {'mae': 0.33682096004486084, 'mape': 6.6600341796875, 'mse': 0.40583986043930054, 'rmse': 0.6370556354522705}
[2025-05-28 13:02:41] - Epoch: 39 cost time: 1192.1061017513275
[2025-05-28 13:02:41] - Traininng loss : 0.5735585475094104
[2025-05-28 13:02:49] - vali_results: {'mae': 0.2894239127635956, 'mape': 4.279967308044434, 'mse': 0.3211146891117096, 'rmse': 0.5666698217391968}
[2025-05-28 13:02:54] - test_results: {'mae': 0.33396294713020325, 'mape': 6.3342390060424805, 'mse': 0.40470626950263977, 'rmse': 0.6361652612686157}
[2025-05-28 13:03:13] - Epoch: 40 cost time: 1224.1446723937988
[2025-05-28 13:03:13] - Traininng loss : 0.5729479337968524
[2025-05-28 13:03:20] - vali_results: {'mae': 0.2895069420337677, 'mape': 4.304239749908447, 'mse': 0.3207657039165497, 'rmse': 0.5663617849349976}
[2025-05-28 13:03:25] - test_results: {'mae': 0.33442261815071106, 'mape': 6.354599952697754, 'mse': 0.4051944315433502, 'rmse': 0.6365488171577454}
[2025-05-28 13:03:43] - Epoch: 41 cost time: 1254.609646320343
[2025-05-28 13:03:43] - Traininng loss : 0.5725769961952533
[2025-05-28 13:03:51] - vali_results: {'mae': 0.2895266115665436, 'mape': 4.2230753898620605, 'mse': 0.3211809992790222, 'rmse': 0.5667283535003662}
[2025-05-28 13:03:55] - test_results: {'mae': 0.3352082371711731, 'mape': 6.160378932952881, 'mse': 0.40586552023887634, 'rmse': 0.6370757818222046}
[2025-05-28 13:04:14] - Epoch: 42 cost time: 1285.296190738678
[2025-05-28 13:04:14] - Traininng loss : 0.5722441254627137
[2025-05-28 13:04:22] - vali_results: {'mae': 0.289812296628952, 'mape': 4.370503902435303, 'mse': 0.32017582654953003, 'rmse': 0.5658408403396606}
[2025-05-28 13:04:27] - test_results: {'mae': 0.33503153920173645, 'mape': 6.528266429901123, 'mse': 0.4044009745121002, 'rmse': 0.63592529296875}
[2025-05-28 13:04:46] - Epoch: 43 cost time: 1316.8606126308441
[2025-05-28 13:04:46] - Traininng loss : 0.5720087329231242
[2025-05-28 13:04:53] - vali_results: {'mae': 0.28925567865371704, 'mape': 4.32119083404541, 'mse': 0.31946825981140137, 'rmse': 0.5652152299880981}
[2025-05-28 13:04:57] - test_results: {'mae': 0.33500197529792786, 'mape': 6.517734527587891, 'mse': 0.40460729598999023, 'rmse': 0.6360874772071838}
[2025-05-28 13:05:16] - Epoch: 44 cost time: 1347.243571281433
[2025-05-28 13:05:16] - Traininng loss : 0.5715573441099238
[2025-05-28 13:05:25] - vali_results: {'mae': 0.28944435715675354, 'mape': 4.382500648498535, 'mse': 0.31919875741004944, 'rmse': 0.5649767518043518}
[2025-05-28 13:05:30] - test_results: {'mae': 0.3351043462753296, 'mape': 6.652965545654297, 'mse': 0.40428146719932556, 'rmse': 0.6358312964439392}
[2025-05-28 13:05:49] - Epoch: 45 cost time: 1380.6090276241302
[2025-05-28 13:05:49] - Traininng loss : 0.5713747788673986
[2025-05-28 13:05:58] - vali_results: {'mae': 0.28879374265670776, 'mape': 4.337324142456055, 'mse': 0.3195967376232147, 'rmse': 0.5653288960456848}
[2025-05-28 13:06:03] - test_results: {'mae': 0.33385226130485535, 'mape': 6.466897010803223, 'mse': 0.4041278660297394, 'rmse': 0.6357105374336243}
[2025-05-28 13:06:21] - Epoch: 46 cost time: 1412.1039927005768
[2025-05-28 13:06:21] - Traininng loss : 0.5708182476184986
[2025-05-28 13:06:28] - vali_results: {'mae': 0.28883591294288635, 'mape': 4.256440162658691, 'mse': 0.31998422741889954, 'rmse': 0.5656715035438538}
[2025-05-28 13:06:33] - test_results: {'mae': 0.33456093072891235, 'mape': 6.2742109298706055, 'mse': 0.40488627552986145, 'rmse': 0.6363067626953125}
[2025-05-28 13:06:51] - Epoch: 47 cost time: 1442.5973045825958
[2025-05-28 13:06:51] - Traininng loss : 0.5707615112501477
[2025-05-28 13:06:59] - vali_results: {'mae': 0.2887689769268036, 'mape': 4.290972709655762, 'mse': 0.3197053372859955, 'rmse': 0.565424919128418}
[2025-05-28 13:07:04] - test_results: {'mae': 0.3342170715332031, 'mape': 6.36883020401001, 'mse': 0.4046590328216553, 'rmse': 0.6361281871795654}
[2025-05-28 13:07:23] - Epoch: 48 cost time: 1473.7929797172546
[2025-05-28 13:07:23] - Traininng loss : 0.5704558893013253
[2025-05-28 13:07:31] - vali_results: {'mae': 0.2880530059337616, 'mape': 4.271326541900635, 'mse': 0.31927770376205444, 'rmse': 0.5650466680526733}
[2025-05-28 13:07:35] - test_results: {'mae': 0.33361634612083435, 'mape': 6.330603122711182, 'mse': 0.4037797152996063, 'rmse': 0.6354366540908813}
[2025-05-28 13:07:53] - Epoch: 49 cost time: 1504.6847794055939
[2025-05-28 13:07:53] - Traininng loss : 0.5700978428598434
[2025-05-28 13:08:02] - vali_results: {'mae': 0.2885083854198456, 'mape': 4.308187961578369, 'mse': 0.319049596786499, 'rmse': 0.5648447275161743}
[2025-05-28 13:08:06] - test_results: {'mae': 0.3335903584957123, 'mape': 6.401492118835449, 'mse': 0.4035457670688629, 'rmse': 0.6352525353431702}
[2025-05-28 13:08:25] - Epoch: 50 cost time: 1536.384449005127
[2025-05-28 13:08:25] - Traininng loss : 0.5697178775986667
[2025-05-28 13:08:32] - vali_results: {'mae': 0.28841641545295715, 'mape': 4.304999828338623, 'mse': 0.3184552788734436, 'rmse': 0.5643184185028076}
[2025-05-28 13:08:37] - test_results: {'mae': 0.33431920409202576, 'mape': 6.486984729766846, 'mse': 0.40362784266471863, 'rmse': 0.6353171467781067}
[2025-05-28 13:08:56] - Epoch: 51 cost time: 1567.0657303333282
[2025-05-28 13:08:56] - Traininng loss : 0.5695740110659725
[2025-05-28 13:09:03] - vali_results: {'mae': 0.2874065041542053, 'mape': 4.213954925537109, 'mse': 0.31946998834609985, 'rmse': 0.5652167797088623}
[2025-05-28 13:09:08] - test_results: {'mae': 0.33250173926353455, 'mape': 6.178518772125244, 'mse': 0.4033971130847931, 'rmse': 0.6351355314254761}
[2025-05-28 13:09:27] - Epoch: 52 cost time: 1597.8894748687744
[2025-05-28 13:09:27] - Traininng loss : 0.569183904027182
[2025-05-28 13:09:35] - vali_results: {'mae': 0.28859949111938477, 'mape': 4.307943344116211, 'mse': 0.3189214766025543, 'rmse': 0.5647313594818115}
[2025-05-28 13:09:40] - test_results: {'mae': 0.33371734619140625, 'mape': 6.441887378692627, 'mse': 0.40318557620048523, 'rmse': 0.6349689364433289}
[2025-05-28 13:09:58] - Epoch: 53 cost time: 1629.4719488620758
[2025-05-28 13:09:58] - Traininng loss : 0.5690714198130148
[2025-05-28 13:10:05] - vali_results: {'mae': 0.28803324699401855, 'mape': 4.312658309936523, 'mse': 0.3183642327785492, 'rmse': 0.5642377734184265}
[2025-05-28 13:10:10] - test_results: {'mae': 0.33398759365081787, 'mape': 6.425587177276611, 'mse': 0.40333688259124756, 'rmse': 0.6350880861282349}
[2025-05-28 13:10:28] - Epoch: 54 cost time: 1659.2402634620667
[2025-05-28 13:10:28] - Traininng loss : 0.5687656098257297
[2025-05-28 13:10:35] - vali_results: {'mae': 0.2878941595554352, 'mape': 4.272080421447754, 'mse': 0.31895536184310913, 'rmse': 0.5647613406181335}
[2025-05-28 13:10:40] - test_results: {'mae': 0.33324527740478516, 'mape': 6.372616291046143, 'mse': 0.4032202661037445, 'rmse': 0.6349962949752808}
[2025-05-28 13:10:58] - Epoch: 55 cost time: 1689.4195675849915
[2025-05-28 13:10:58] - Traininng loss : 0.5686418090863202
[2025-05-28 13:11:07] - vali_results: {'mae': 0.287788063287735, 'mape': 4.340476036071777, 'mse': 0.3178609311580658, 'rmse': 0.5637915730476379}
[2025-05-28 13:11:11] - test_results: {'mae': 0.333709180355072, 'mape': 6.508005142211914, 'mse': 0.40328696370124817, 'rmse': 0.6350488066673279}
[2025-05-28 13:11:30] - Epoch: 56 cost time: 1721.3938093185425
[2025-05-28 13:11:30] - Traininng loss : 0.5683685897519348
[2025-05-28 13:11:38] - vali_results: {'mae': 0.2872023284435272, 'mape': 4.24992561340332, 'mse': 0.3184589147567749, 'rmse': 0.5643216371536255}
[2025-05-28 13:11:42] - test_results: {'mae': 0.3327660858631134, 'mape': 6.363607883453369, 'mse': 0.4029383361339569, 'rmse': 0.6347742676734924}
[2025-05-28 13:12:01] - Epoch: 57 cost time: 1751.7941918373108
[2025-05-28 13:12:01] - Traininng loss : 0.5681221139809441
[2025-05-28 13:12:08] - vali_results: {'mae': 0.28714096546173096, 'mape': 4.26312255859375, 'mse': 0.3183779716491699, 'rmse': 0.5642499327659607}
[2025-05-28 13:12:12] - test_results: {'mae': 0.33238476514816284, 'mape': 6.39222526550293, 'mse': 0.4024503827095032, 'rmse': 0.6343897581100464}
[2025-05-28 13:12:30] - Epoch: 58 cost time: 1781.7079482078552
[2025-05-28 13:12:30] - Traininng loss : 0.5679202973842621
[2025-05-28 13:12:38] - vali_results: {'mae': 0.28707200288772583, 'mape': 4.279354095458984, 'mse': 0.3182813823223114, 'rmse': 0.5641643404960632}
[2025-05-28 13:12:43] - test_results: {'mae': 0.3318541944026947, 'mape': 6.383953094482422, 'mse': 0.40182268619537354, 'rmse': 0.6338948607444763}
[2025-05-28 13:13:01] - Epoch: 59 cost time: 1812.5701088905334
[2025-05-28 13:13:01] - Traininng loss : 0.5677445854144122
[2025-05-28 13:13:08] - vali_results: {'mae': 0.2870948910713196, 'mape': 4.255063533782959, 'mse': 0.3185237646102905, 'rmse': 0.564379096031189}
[2025-05-28 13:13:13] - test_results: {'mae': 0.3320009112358093, 'mape': 6.277871608734131, 'mse': 0.40221619606018066, 'rmse': 0.634205162525177}
[2025-05-28 13:13:31] - Epoch: 60 cost time: 1842.6064584255219
[2025-05-28 13:13:31] - Traininng loss : 0.5675911579340224
[2025-05-28 13:13:39] - vali_results: {'mae': 0.28721264004707336, 'mape': 4.2703657150268555, 'mse': 0.31812307238578796, 'rmse': 0.5640239715576172}
[2025-05-28 13:13:43] - test_results: {'mae': 0.33265602588653564, 'mape': 6.337108612060547, 'mse': 0.4025331437587738, 'rmse': 0.6344550251960754}
[2025-05-28 13:13:44] - loss no decreased for 5 epochs,  early stopping ....
[2025-05-28 13:13:48] - test_results: {'mae': 0.333709180355072, 'mape': 6.508005142211914, 'mse': 0.40328696370124817, 'rmse': 0.6350488066673279}
