[2025-06-04 22:14:08] - run : 3 in seed: 5
[2025-06-04 22:14:08] - +-----------------------------------+------------+
|              Modules              | Parameters |
+-----------------------------------+------------+
|     fm.Linear_Seasonal.weight     |   69120    |
|      fm.Linear_Seasonal.bias      |    720     |
|       fm.Linear_Trend.weight      |   69120    |
|        fm.Linear_Trend.bias       |    720     |
|             nm.weight             |    642     |
| nm.model_freq.model_freq.0.weight |    6144    |
|  nm.model_freq.model_freq.0.bias  |     64     |
|  nm.model_freq.model_all.0.weight |   20480    |
|   nm.model_freq.model_all.0.bias  |    128     |
|  nm.model_freq.model_all.2.weight |   92160    |
|   nm.model_freq.model_all.2.bias  |    720     |
| nm.model_pred.model_freq.0.weight |   24576    |
|  nm.model_pred.model_freq.0.bias  |    256     |
|  nm.model_pred.model_all.0.weight |   180224   |
|   nm.model_pred.model_all.0.bias  |    512     |
|  nm.model_pred.model_all.2.weight |   368640   |
|   nm.model_pred.model_all.2.bias  |    720     |
+-----------------------------------+------------+
[2025-06-04 22:14:08] - Total Trainable Params: 834946
[2025-06-04 22:14:08] - model parameters: 834946
[2025-06-04 22:15:09] - Epoch: 1 cost time: 61.00944805145264
[2025-06-04 22:15:09] - Traininng loss : 0.6812759117646651
[2025-06-04 22:15:30] - vali_results: {'mae': 0.3207812011241913, 'mape': 2.7741572856903076, 'mse': 0.22792333364486694, 'rmse': 0.4774131774902344}
[2025-06-04 22:15:41] - test_results: {'mae': 0.3313886225223541, 'mape': 3.4771876335144043, 'mse': 0.2321203649044037, 'rmse': 0.4817887246608734}
[2025-06-04 22:16:42] - Epoch: 2 cost time: 154.52814483642578
[2025-06-04 22:16:42] - Traininng loss : 0.539804945696484
[2025-06-04 22:17:03] - vali_results: {'mae': 0.3190125823020935, 'mape': 2.8452155590057373, 'mse': 0.22632773220539093, 'rmse': 0.47573915123939514}
[2025-06-04 22:17:13] - test_results: {'mae': 0.33155596256256104, 'mape': 3.5539767742156982, 'mse': 0.23122628033161163, 'rmse': 0.4808599352836609}
[2025-06-04 22:18:15] - Epoch: 3 cost time: 246.7869749069214
[2025-06-04 22:18:15] - Traininng loss : 0.5354225074161183
[2025-06-04 22:18:35] - vali_results: {'mae': 0.31583672761917114, 'mape': 2.7292206287384033, 'mse': 0.22419261932373047, 'rmse': 0.47348982095718384}
[2025-06-04 22:18:45] - test_results: {'mae': 0.3253084719181061, 'mape': 3.4037678241729736, 'mse': 0.22653205692768097, 'rmse': 0.4759538471698761}
[2025-06-04 22:19:46] - Epoch: 4 cost time: 338.1291253566742
[2025-06-04 22:19:46] - Traininng loss : 0.5331015113267031
[2025-06-04 22:20:06] - vali_results: {'mae': 0.31551602482795715, 'mape': 2.7501418590545654, 'mse': 0.22365012764930725, 'rmse': 0.4729166328907013}
[2025-06-04 22:20:17] - test_results: {'mae': 0.3244951367378235, 'mape': 3.4319939613342285, 'mse': 0.22554250061511993, 'rmse': 0.4749131500720978}
[2025-06-04 22:21:19] - Epoch: 5 cost time: 431.06277680397034
[2025-06-04 22:21:19] - Traininng loss : 0.5318669067187742
[2025-06-04 22:21:39] - vali_results: {'mae': 0.313763827085495, 'mape': 2.6657803058624268, 'mse': 0.2237444370985031, 'rmse': 0.47301632165908813}
[2025-06-04 22:21:50] - test_results: {'mae': 0.3192927837371826, 'mape': 3.3216896057128906, 'mse': 0.22300270199775696, 'rmse': 0.4722316265106201}
[2025-06-04 22:22:51] - Epoch: 6 cost time: 523.3472473621368
[2025-06-04 22:22:51] - Traininng loss : 0.5309732373194261
[2025-06-04 22:23:11] - vali_results: {'mae': 0.31370025873184204, 'mape': 2.7632498741149902, 'mse': 0.22290627658367157, 'rmse': 0.4721295237541199}
[2025-06-04 22:23:22] - test_results: {'mae': 0.3226994276046753, 'mape': 3.4443979263305664, 'mse': 0.22469262778759003, 'rmse': 0.47401753067970276}
[2025-06-04 22:24:23] - Epoch: 7 cost time: 615.4742262363434
[2025-06-04 22:24:23] - Traininng loss : 0.5301579878005115
[2025-06-04 22:24:44] - vali_results: {'mae': 0.31713348627090454, 'mape': 2.7856385707855225, 'mse': 0.2238141894340515, 'rmse': 0.4730900526046753}
[2025-06-04 22:24:55] - test_results: {'mae': 0.32908281683921814, 'mape': 3.4824187755584717, 'mse': 0.22793275117874146, 'rmse': 0.4774230420589447}
[2025-06-04 22:25:56] - Epoch: 8 cost time: 708.412505865097
[2025-06-04 22:25:56] - Traininng loss : 0.5297731816768646
[2025-06-04 22:26:16] - vali_results: {'mae': 0.31425169110298157, 'mape': 2.7182095050811768, 'mse': 0.22263944149017334, 'rmse': 0.4718468487262726}
[2025-06-04 22:26:27] - test_results: {'mae': 0.32229769229888916, 'mape': 3.407452344894409, 'mse': 0.2237825244665146, 'rmse': 0.4730565845966339}
[2025-06-04 22:27:27] - Epoch: 9 cost time: 799.2249743938446
[2025-06-04 22:27:27] - Traininng loss : 0.5295874828100204
[2025-06-04 22:27:47] - vali_results: {'mae': 0.3127547800540924, 'mape': 2.6825265884399414, 'mse': 0.22328563034534454, 'rmse': 0.4725310802459717}
[2025-06-04 22:27:57] - test_results: {'mae': 0.3182765245437622, 'mape': 3.355318546295166, 'mse': 0.2226436287164688, 'rmse': 0.47185128927230835}
[2025-06-04 22:28:58] - Epoch: 10 cost time: 889.9980583190918
[2025-06-04 22:28:58] - Traininng loss : 0.5292671516808597
[2025-06-04 22:29:18] - vali_results: {'mae': 0.3120099902153015, 'mape': 2.71429705619812, 'mse': 0.2227407693862915, 'rmse': 0.47195419669151306}
[2025-06-04 22:29:29] - test_results: {'mae': 0.3195866346359253, 'mape': 3.3967552185058594, 'mse': 0.2237263172864914, 'rmse': 0.47299715876579285}
[2025-06-04 22:30:31] - Epoch: 11 cost time: 983.0487859249115
[2025-06-04 22:30:31] - Traininng loss : 0.5291401480544697
[2025-06-04 22:30:52] - vali_results: {'mae': 0.3136161267757416, 'mape': 2.7079455852508545, 'mse': 0.22245348989963531, 'rmse': 0.47164976596832275}
[2025-06-04 22:31:02] - test_results: {'mae': 0.32058262825012207, 'mape': 3.3980793952941895, 'mse': 0.22289855778217316, 'rmse': 0.47212132811546326}
[2025-06-04 22:32:03] - Epoch: 12 cost time: 1075.7020998001099
[2025-06-04 22:32:03] - Traininng loss : 0.5285645225915042
[2025-06-04 22:32:24] - vali_results: {'mae': 0.3135376572608948, 'mape': 2.735419750213623, 'mse': 0.22251877188682556, 'rmse': 0.471718966960907}
[2025-06-04 22:32:34] - test_results: {'mae': 0.32198601961135864, 'mape': 3.428863763809204, 'mse': 0.22406624257564545, 'rmse': 0.47335636615753174}
[2025-06-04 22:33:35] - Epoch: 13 cost time: 1167.7551102638245
[2025-06-04 22:33:35] - Traininng loss : 0.528482815081423
[2025-06-04 22:33:56] - vali_results: {'mae': 0.3137606978416443, 'mape': 2.7040772438049316, 'mse': 0.22242535650730133, 'rmse': 0.47161993384361267}
[2025-06-04 22:34:07] - test_results: {'mae': 0.32119008898735046, 'mape': 3.373718738555908, 'mse': 0.22313788533210754, 'rmse': 0.47237473726272583}
[2025-06-04 22:35:08] - Epoch: 14 cost time: 1260.5940532684326
[2025-06-04 22:35:08] - Traininng loss : 0.5281806633147327
[2025-06-04 22:35:30] - vali_results: {'mae': 0.3123021423816681, 'mape': 2.717162609100342, 'mse': 0.22228920459747314, 'rmse': 0.4714755713939667}
[2025-06-04 22:35:41] - test_results: {'mae': 0.3204444348812103, 'mape': 3.400143623352051, 'mse': 0.22380678355693817, 'rmse': 0.47308221459388733}
[2025-06-04 22:36:42] - Epoch: 15 cost time: 1354.4697029590607
[2025-06-04 22:36:42] - Traininng loss : 0.52819488752972
[2025-06-04 22:37:03] - vali_results: {'mae': 0.3126080632209778, 'mape': 2.722872018814087, 'mse': 0.22220920026302338, 'rmse': 0.4713906943798065}
[2025-06-04 22:37:13] - test_results: {'mae': 0.31987372040748596, 'mape': 3.4114534854888916, 'mse': 0.22288186848163605, 'rmse': 0.47210365533828735}
[2025-06-04 22:38:15] - Epoch: 16 cost time: 1446.8136310577393
[2025-06-04 22:38:15] - Traininng loss : 0.5280853486061097
[2025-06-04 22:38:35] - vali_results: {'mae': 0.31563642621040344, 'mape': 2.7985057830810547, 'mse': 0.22266700863838196, 'rmse': 0.4718760550022125}
[2025-06-04 22:38:46] - test_results: {'mae': 0.3273456394672394, 'mape': 3.4994847774505615, 'mse': 0.22644470632076263, 'rmse': 0.475862056016922}
[2025-06-04 22:39:47] - Epoch: 17 cost time: 1539.1643059253693
[2025-06-04 22:39:47] - Traininng loss : 0.5280178050561385
[2025-06-04 22:40:08] - vali_results: {'mae': 0.31600865721702576, 'mape': 2.784421443939209, 'mse': 0.22275064885616302, 'rmse': 0.47196465730667114}
[2025-06-04 22:40:18] - test_results: {'mae': 0.3267050087451935, 'mape': 3.468034505844116, 'mse': 0.22576670348644257, 'rmse': 0.47514912486076355}
[2025-06-04 22:41:19] - Epoch: 18 cost time: 1631.3878099918365
[2025-06-04 22:41:19] - Traininng loss : 0.5278135468201204
[2025-06-04 22:41:40] - vali_results: {'mae': 0.3124777674674988, 'mape': 2.699056625366211, 'mse': 0.22189950942993164, 'rmse': 0.4710620939731598}
[2025-06-04 22:41:50] - test_results: {'mae': 0.32009464502334595, 'mape': 3.380864381790161, 'mse': 0.2226460725069046, 'rmse': 0.4718538820743561}
[2025-06-04 22:42:51] - Epoch: 19 cost time: 1723.4288229942322
[2025-06-04 22:42:51] - Traininng loss : 0.5275035839731043
[2025-06-04 22:43:11] - vali_results: {'mae': 0.312957763671875, 'mape': 2.72556209564209, 'mse': 0.22227323055267334, 'rmse': 0.4714586138725281}
[2025-06-04 22:43:22] - test_results: {'mae': 0.3210078179836273, 'mape': 3.400947332382202, 'mse': 0.22332356870174408, 'rmse': 0.4725712239742279}
[2025-06-04 22:44:22] - Epoch: 20 cost time: 1814.7315452098846
[2025-06-04 22:44:22] - Traininng loss : 0.5276651201464914
[2025-06-04 22:44:43] - vali_results: {'mae': 0.3120335340499878, 'mape': 2.717437505722046, 'mse': 0.22233255207538605, 'rmse': 0.4715215265750885}
[2025-06-04 22:44:53] - test_results: {'mae': 0.31843286752700806, 'mape': 3.397566556930542, 'mse': 0.2225452959537506, 'rmse': 0.4717470705509186}
[2025-06-04 22:45:53] - Epoch: 21 cost time: 1905.411866903305
[2025-06-04 22:45:53] - Traininng loss : 0.527393805438822
[2025-06-04 22:46:13] - vali_results: {'mae': 0.31303831934928894, 'mape': 2.7235300540924072, 'mse': 0.2220449447631836, 'rmse': 0.47121644020080566}
[2025-06-04 22:46:24] - test_results: {'mae': 0.32054105401039124, 'mape': 3.4057252407073975, 'mse': 0.2227647453546524, 'rmse': 0.4719795882701874}
[2025-06-04 22:47:25] - Epoch: 22 cost time: 1997.4169192314148
[2025-06-04 22:47:25] - Traininng loss : 0.5273632362755862
[2025-06-04 22:47:47] - vali_results: {'mae': 0.31448718905448914, 'mape': 2.792421340942383, 'mse': 0.22234725952148438, 'rmse': 0.47153711318969727}
[2025-06-04 22:47:58] - test_results: {'mae': 0.3254026472568512, 'mape': 3.4920647144317627, 'mse': 0.22549858689308167, 'rmse': 0.47486692667007446}
[2025-06-04 22:48:59] - Epoch: 23 cost time: 2091.645391702652
[2025-06-04 22:48:59] - Traininng loss : 0.5271352552825754
[2025-06-04 22:49:20] - vali_results: {'mae': 0.3122197687625885, 'mape': 2.733203172683716, 'mse': 0.2217639982700348, 'rmse': 0.4709182381629944}
[2025-06-04 22:49:31] - test_results: {'mae': 0.32041963934898376, 'mape': 3.4201579093933105, 'mse': 0.22293157875537872, 'rmse': 0.4721563160419464}
[2025-06-04 22:50:32] - Epoch: 24 cost time: 2184.2841851711273
[2025-06-04 22:50:32] - Traininng loss : 0.5270944002541629
[2025-06-04 22:50:52] - vali_results: {'mae': 0.31227463483810425, 'mape': 2.739837408065796, 'mse': 0.22198514640331268, 'rmse': 0.47115299105644226}
[2025-06-04 22:51:03] - test_results: {'mae': 0.32165127992630005, 'mape': 3.4257652759552, 'mse': 0.22397279739379883, 'rmse': 0.4732576310634613}
[2025-06-04 22:52:04] - Epoch: 25 cost time: 2276.349195241928
[2025-06-04 22:52:04] - Traininng loss : 0.5271694830872796
[2025-06-04 22:52:25] - vali_results: {'mae': 0.31173229217529297, 'mape': 2.720820426940918, 'mse': 0.221872940659523, 'rmse': 0.47103390097618103}
[2025-06-04 22:52:36] - test_results: {'mae': 0.3195247948169708, 'mape': 3.384753465652466, 'mse': 0.22268550097942352, 'rmse': 0.47189563512802124}
[2025-06-04 22:53:38] - Epoch: 26 cost time: 2370.3426060676575
[2025-06-04 22:53:38] - Traininng loss : 0.5272520621798256
[2025-06-04 22:53:58] - vali_results: {'mae': 0.31296518445014954, 'mape': 2.7423224449157715, 'mse': 0.2218485325574875, 'rmse': 0.4710080027580261}
[2025-06-04 22:54:08] - test_results: {'mae': 0.3216422498226166, 'mape': 3.432131290435791, 'mse': 0.22354964911937714, 'rmse': 0.47281038761138916}
[2025-06-04 22:55:09] - Epoch: 27 cost time: 2461.7104320526123
[2025-06-04 22:55:09] - Traininng loss : 0.5268677238984542
[2025-06-04 22:55:30] - vali_results: {'mae': 0.313070684671402, 'mape': 2.7499430179595947, 'mse': 0.22226117551326752, 'rmse': 0.47144582867622375}
[2025-06-04 22:55:40] - test_results: {'mae': 0.3218529224395752, 'mape': 3.4307162761688232, 'mse': 0.22395111620426178, 'rmse': 0.47323474287986755}
[2025-06-04 22:56:42] - Epoch: 28 cost time: 2554.432918071747
[2025-06-04 22:56:42] - Traininng loss : 0.5268820099397139
[2025-06-04 22:57:03] - vali_results: {'mae': 0.3130941390991211, 'mape': 2.780064105987549, 'mse': 0.22182214260101318, 'rmse': 0.4709799885749817}
[2025-06-04 22:57:14] - test_results: {'mae': 0.323783814907074, 'mape': 3.478529214859009, 'mse': 0.22470423579216003, 'rmse': 0.4740297794342041}
[2025-06-04 22:57:14] - loss no decreased for 5 epochs,  early stopping ....
[2025-06-04 22:57:24] - test_results: {'mae': 0.32041963934898376, 'mape': 3.4201579093933105, 'mse': 0.22293157875537872, 'rmse': 0.4721563160419464}
