[2025-06-04 23:24:50] - run : 4 in seed: 5
[2025-06-04 23:24:50] - +-----------------------------------+------------+
|              Modules              | Parameters |
+-----------------------------------+------------+
|     fm.Linear_Seasonal.weight     |   32256    |
|      fm.Linear_Seasonal.bias      |    336     |
|       fm.Linear_Trend.weight      |   32256    |
|        fm.Linear_Trend.bias       |    336     |
|             nm.weight             |     16     |
| nm.model_freq.model_freq.0.weight |    6144    |
|  nm.model_freq.model_freq.0.bias  |     64     |
|  nm.model_freq.model_all.0.weight |   20480    |
|   nm.model_freq.model_all.0.bias  |    128     |
|  nm.model_freq.model_all.2.weight |   43008    |
|   nm.model_freq.model_all.2.bias  |    336     |
| nm.model_pred.model_freq.0.weight |   24576    |
|  nm.model_pred.model_freq.0.bias  |    256     |
|  nm.model_pred.model_all.0.weight |   180224   |
|   nm.model_pred.model_all.0.bias  |    512     |
|  nm.model_pred.model_all.2.weight |   172032   |
|   nm.model_pred.model_all.2.bias  |    336     |
+-----------------------------------+------------+
[2025-06-04 23:24:50] - Total Trainable Params: 513296
[2025-06-04 23:24:50] - model parameters: 513296
[2025-06-04 23:24:56] - Epoch: 1 cost time: 6.301244735717773
[2025-06-04 23:24:56] - Traininng loss : 0.6924672212476045
[2025-06-04 23:24:57] - vali_results: {'mae': 0.5697768330574036, 'mape': 1.060437560081482, 'mse': 0.48399853706359863, 'rmse': 0.6957000494003296}
[2025-06-04 23:24:57] - test_results: {'mae': 0.3162962794303894, 'mape': 1.8970099687576294, 'mse': 0.17507436871528625, 'rmse': 0.41841888427734375}
[2025-06-04 23:25:04] - Epoch: 2 cost time: 14.263025760650635
[2025-06-04 23:25:04] - Traininng loss : 0.5124388204680549
[2025-06-04 23:25:05] - vali_results: {'mae': 0.6022042036056519, 'mape': 1.052909016609192, 'mse': 0.5320371985435486, 'rmse': 0.7294088006019592}
[2025-06-04 23:25:05] - test_results: {'mae': 0.3254750370979309, 'mape': 1.81236732006073, 'mse': 0.18054048717021942, 'rmse': 0.4249005615711212}
[2025-06-04 23:25:12] - Epoch: 3 cost time: 22.07412314414978
[2025-06-04 23:25:12] - Traininng loss : 0.5016480956981385
[2025-06-04 23:25:13] - vali_results: {'mae': 0.4583151936531067, 'mape': 0.9646018147468567, 'mse': 0.3250865042209625, 'rmse': 0.5701635479927063}
[2025-06-04 23:25:13] - test_results: {'mae': 0.2943405508995056, 'mape': 2.0638625621795654, 'mse': 0.16040869057178497, 'rmse': 0.4005105495452881}
[2025-06-04 23:25:20] - Epoch: 4 cost time: 29.817687034606934
[2025-06-04 23:25:20] - Traininng loss : 0.49685629053053515
[2025-06-04 23:25:20] - vali_results: {'mae': 0.5251248478889465, 'mape': 0.9857809543609619, 'mse': 0.4307689964771271, 'rmse': 0.6563299298286438}
[2025-06-04 23:25:21] - test_results: {'mae': 0.30840420722961426, 'mape': 1.9129512310028076, 'mse': 0.16900141537189484, 'rmse': 0.41109782457351685}
[2025-06-04 23:25:27] - Epoch: 5 cost time: 37.49705171585083
[2025-06-04 23:25:27] - Traininng loss : 0.492395947376887
[2025-06-04 23:25:28] - vali_results: {'mae': 0.5033045411109924, 'mape': 1.059587836265564, 'mse': 0.3928251266479492, 'rmse': 0.6267576217651367}
[2025-06-04 23:25:29] - test_results: {'mae': 0.3022112548351288, 'mape': 2.0492701530456543, 'mse': 0.16355274617671967, 'rmse': 0.404416561126709}
[2025-06-04 23:25:35] - Epoch: 6 cost time: 45.21790647506714
[2025-06-04 23:25:35] - Traininng loss : 0.48876972934779
[2025-06-04 23:25:36] - vali_results: {'mae': 0.4544767737388611, 'mape': 0.9856772422790527, 'mse': 0.3451617360115051, 'rmse': 0.5875046849250793}
[2025-06-04 23:25:36] - test_results: {'mae': 0.30035313963890076, 'mape': 2.1301400661468506, 'mse': 0.16294153034687042, 'rmse': 0.4036601781845093}
[2025-06-04 23:25:43] - Epoch: 7 cost time: 52.80489921569824
[2025-06-04 23:25:43] - Traininng loss : 0.48964844127885654
[2025-06-04 23:25:43] - vali_results: {'mae': 0.5380591154098511, 'mape': 0.9476099014282227, 'mse': 0.4504927694797516, 'rmse': 0.6711875796318054}
[2025-06-04 23:25:44] - test_results: {'mae': 0.3118527829647064, 'mape': 1.873779296875, 'mse': 0.17335818707942963, 'rmse': 0.41636306047439575}
[2025-06-04 23:25:50] - Epoch: 8 cost time: 60.53747820854187
[2025-06-04 23:25:50] - Traininng loss : 0.4842538681684756
[2025-06-04 23:25:51] - vali_results: {'mae': 0.584882915019989, 'mape': 1.002170205116272, 'mse': 0.53023362159729, 'rmse': 0.7281714081764221}
[2025-06-04 23:25:52] - test_results: {'mae': 0.32203784584999084, 'mape': 1.7735368013381958, 'mse': 0.18076178431510925, 'rmse': 0.42516088485717773}
[2025-06-04 23:25:52] - loss no decreased for 5 epochs,  early stopping ....
[2025-06-04 23:25:52] - test_results: {'mae': 0.2943405508995056, 'mape': 2.0638625621795654, 'mse': 0.16040869057178497, 'rmse': 0.4005105495452881}
