[2025-06-05 13:48:58] - run : 0 in seed: 2
[2025-06-05 13:48:58] - +-----------------------------------+------------+
|              Modules              | Parameters |
+-----------------------------------+------------+
|     fm.Linear_Seasonal.weight     |   69120    |
|      fm.Linear_Seasonal.bias      |    720     |
|       fm.Linear_Trend.weight      |   69120    |
|        fm.Linear_Trend.bias       |    720     |
|             nm.weight             |     14     |
| nm.model_freq.model_freq.0.weight |    6144    |
|  nm.model_freq.model_freq.0.bias  |     64     |
|  nm.model_freq.model_all.0.weight |   20480    |
|   nm.model_freq.model_all.0.bias  |    128     |
|  nm.model_freq.model_all.2.weight |   92160    |
|   nm.model_freq.model_all.2.bias  |    720     |
| nm.model_pred.model_freq.0.weight |   24576    |
|  nm.model_pred.model_freq.0.bias  |    256     |
|  nm.model_pred.model_all.0.weight |   180224   |
|   nm.model_pred.model_all.0.bias  |    512     |
|  nm.model_pred.model_all.2.weight |   368640   |
|   nm.model_pred.model_all.2.bias  |    720     |
+-----------------------------------+------------+
[2025-06-05 13:48:58] - Total Trainable Params: 834318
[2025-06-05 13:48:58] - model parameters: 834318
[2025-06-05 13:50:37] - Epoch: 1 cost time: 98.78122735023499
[2025-06-05 13:50:37] - Traininng loss : 1.0151156588663173
[2025-06-05 13:50:44] - vali_results: {'mae': 0.4675045907497406, 'mape': 2.0622072219848633, 'mse': 0.474117249250412, 'rmse': 0.688561737537384}
[2025-06-05 13:50:48] - test_results: {'mae': 0.49386048316955566, 'mape': 2.1416425704956055, 'mse': 0.4758213758468628, 'rmse': 0.6897980570793152}
[2025-06-05 13:52:23] - Epoch: 2 cost time: 204.84442615509033
[2025-06-05 13:52:23] - Traininng loss : 0.9679076386897703
[2025-06-05 13:52:31] - vali_results: {'mae': 0.4727112352848053, 'mape': 2.027921438217163, 'mse': 0.47521865367889404, 'rmse': 0.689361035823822}
[2025-06-05 13:52:35] - test_results: {'mae': 0.495410680770874, 'mape': 2.0507583618164062, 'mse': 0.47667837142944336, 'rmse': 0.6904189586639404}
[2025-06-05 13:54:14] - Epoch: 3 cost time: 315.9191098213196
[2025-06-05 13:54:14] - Traininng loss : 0.9613121378970512
[2025-06-05 13:54:22] - vali_results: {'mae': 0.46349918842315674, 'mape': 2.141296148300171, 'mse': 0.47005921602249146, 'rmse': 0.6856086254119873}
[2025-06-05 13:54:26] - test_results: {'mae': 0.49058088660240173, 'mape': 2.192953109741211, 'mse': 0.4722885191440582, 'rmse': 0.687232494354248}
[2025-06-05 13:56:04] - Epoch: 4 cost time: 425.928071975708
[2025-06-05 13:56:04] - Traininng loss : 0.9575929632975786
[2025-06-05 13:56:12] - vali_results: {'mae': 0.46644333004951477, 'mape': 2.069697856903076, 'mse': 0.4700795114040375, 'rmse': 0.6856234669685364}
[2025-06-05 13:56:16] - test_results: {'mae': 0.4926903247833252, 'mape': 2.108724594116211, 'mse': 0.4748642146587372, 'rmse': 0.689103901386261}
[2025-06-05 13:57:53] - Epoch: 5 cost time: 534.4059321880341
[2025-06-05 13:57:53] - Traininng loss : 0.953838829162361
[2025-06-05 13:58:00] - vali_results: {'mae': 0.469178169965744, 'mape': 2.039637327194214, 'mse': 0.4729284644126892, 'rmse': 0.6876979470252991}
[2025-06-05 13:58:04] - test_results: {'mae': 0.49772074818611145, 'mape': 2.0912363529205322, 'mse': 0.4819527566432953, 'rmse': 0.6942281723022461}
[2025-06-05 13:59:42] - Epoch: 6 cost time: 643.5365898609161
[2025-06-05 13:59:42] - Traininng loss : 0.9506251174978927
[2025-06-05 13:59:49] - vali_results: {'mae': 0.46750280261039734, 'mape': 2.052337884902954, 'mse': 0.46890515089035034, 'rmse': 0.6847664713859558}
[2025-06-05 13:59:53] - test_results: {'mae': 0.4941495954990387, 'mape': 2.086787223815918, 'mse': 0.4764064848423004, 'rmse': 0.6902220845222473}
[2025-06-05 14:01:30] - Epoch: 7 cost time: 751.4315776824951
[2025-06-05 14:01:30] - Traininng loss : 0.9482658663696254
[2025-06-05 14:01:38] - vali_results: {'mae': 0.4669097065925598, 'mape': 2.048861265182495, 'mse': 0.4689992666244507, 'rmse': 0.6848351955413818}
[2025-06-05 14:01:42] - test_results: {'mae': 0.4951973259449005, 'mape': 2.093681812286377, 'mse': 0.47825801372528076, 'rmse': 0.6915619969367981}
[2025-06-05 14:03:20] - Epoch: 8 cost time: 861.5898878574371
[2025-06-05 14:03:20] - Traininng loss : 0.9466055317907989
[2025-06-05 14:03:28] - vali_results: {'mae': 0.4764243960380554, 'mape': 1.9714674949645996, 'mse': 0.47555363178253174, 'rmse': 0.6896039843559265}
[2025-06-05 14:03:32] - test_results: {'mae': 0.5081851482391357, 'mape': 2.028594732284546, 'mse': 0.49470722675323486, 'rmse': 0.7033542394638062}
[2025-06-05 14:05:11] - Epoch: 9 cost time: 972.6977570056915
[2025-06-05 14:05:11] - Traininng loss : 0.9435554075988632
[2025-06-05 14:05:19] - vali_results: {'mae': 0.4698503911495209, 'mape': 2.051600217819214, 'mse': 0.46945881843566895, 'rmse': 0.6851706504821777}
[2025-06-05 14:05:24] - test_results: {'mae': 0.4950287938117981, 'mape': 2.0664446353912354, 'mse': 0.4775102138519287, 'rmse': 0.6910211443901062}
[2025-06-05 14:07:04] - Epoch: 10 cost time: 1086.349143743515
[2025-06-05 14:07:04] - Traininng loss : 0.9423291855370545
[2025-06-05 14:07:13] - vali_results: {'mae': 0.46983471512794495, 'mape': 2.0903658866882324, 'mse': 0.4715559184551239, 'rmse': 0.6866992712020874}
[2025-06-05 14:07:16] - test_results: {'mae': 0.49609801173210144, 'mape': 2.1294236183166504, 'mse': 0.48023390769958496, 'rmse': 0.6929891109466553}
[2025-06-05 14:08:55] - Epoch: 11 cost time: 1196.398758172989
[2025-06-05 14:08:55] - Traininng loss : 0.9410763328038827
[2025-06-05 14:09:03] - vali_results: {'mae': 0.47439244389533997, 'mape': 2.035743236541748, 'mse': 0.47399067878723145, 'rmse': 0.6884698271751404}
[2025-06-05 14:09:06] - test_results: {'mae': 0.4982433617115021, 'mape': 2.061027765274048, 'mse': 0.48250696063041687, 'rmse': 0.6946272253990173}
[2025-06-05 14:09:06] - loss no decreased for 5 epochs,  early stopping ....
[2025-06-05 14:09:11] - test_results: {'mae': 0.4941495954990387, 'mape': 2.086787223815918, 'mse': 0.4764064848423004, 'rmse': 0.6902220845222473}
