[2025-06-05 12:48:07] - run : 0 in seed: 2
[2025-06-05 12:48:07] - +-----------------------------------+------------+
|              Modules              | Parameters |
+-----------------------------------+------------+
|     fm.Linear_Seasonal.weight     |   32256    |
|      fm.Linear_Seasonal.bias      |    336     |
|       fm.Linear_Trend.weight      |   32256    |
|        fm.Linear_Trend.bias       |    336     |
|             nm.weight             |     14     |
| nm.model_freq.model_freq.0.weight |    6144    |
|  nm.model_freq.model_freq.0.bias  |     64     |
|  nm.model_freq.model_all.0.weight |   20480    |
|   nm.model_freq.model_all.0.bias  |    128     |
|  nm.model_freq.model_all.2.weight |   43008    |
|   nm.model_freq.model_all.2.bias  |    336     |
| nm.model_pred.model_freq.0.weight |   24576    |
|  nm.model_pred.model_freq.0.bias  |    256     |
|  nm.model_pred.model_all.0.weight |   180224   |
|   nm.model_pred.model_all.0.bias  |    512     |
|  nm.model_pred.model_all.2.weight |   172032   |
|   nm.model_pred.model_all.2.bias  |    336     |
+-----------------------------------+------------+
[2025-06-05 12:48:07] - Total Trainable Params: 513294
[2025-06-05 12:48:07] - model parameters: 513294
[2025-06-05 12:49:09] - Epoch: 1 cost time: 61.7134313583374
[2025-06-05 12:49:09] - Traininng loss : 0.829961989629671
[2025-06-05 12:49:15] - vali_results: {'mae': 0.43857941031455994, 'mape': 1.9138376712799072, 'mse': 0.4188019335269928, 'rmse': 0.6471490859985352}
[2025-06-05 12:49:19] - test_results: {'mae': 0.45557382702827454, 'mape': 1.9406189918518066, 'mse': 0.4194820821285248, 'rmse': 0.6476743817329407}
[2025-06-05 12:50:20] - Epoch: 2 cost time: 132.88735437393188
[2025-06-05 12:50:20] - Traininng loss : 0.7768330923142929
[2025-06-05 12:50:26] - vali_results: {'mae': 0.42792215943336487, 'mape': 1.9027215242385864, 'mse': 0.414797842502594, 'rmse': 0.6440480351448059}
[2025-06-05 12:50:30] - test_results: {'mae': 0.4582599997520447, 'mape': 1.9916563034057617, 'mse': 0.42707303166389465, 'rmse': 0.6535082459449768}
[2025-06-05 12:51:31] - Epoch: 3 cost time: 203.66850447654724
[2025-06-05 12:51:31] - Traininng loss : 0.7697884167447775
[2025-06-05 12:51:38] - vali_results: {'mae': 0.4338429272174835, 'mape': 1.8963862657546997, 'mse': 0.41977474093437195, 'rmse': 0.6479002833366394}
[2025-06-05 12:51:41] - test_results: {'mae': 0.4661715626716614, 'mape': 1.9798930883407593, 'mse': 0.43718791007995605, 'rmse': 0.6612018942832947}
[2025-06-05 12:52:41] - Epoch: 4 cost time: 274.31199193000793
[2025-06-05 12:52:41] - Traininng loss : 0.7647048944199346
[2025-06-05 12:52:48] - vali_results: {'mae': 0.4262698292732239, 'mape': 1.9085687398910522, 'mse': 0.41188696026802063, 'rmse': 0.6417841911315918}
[2025-06-05 12:52:51] - test_results: {'mae': 0.4616474509239197, 'mape': 2.0158920288085938, 'mse': 0.43184828758239746, 'rmse': 0.6571516394615173}
[2025-06-05 12:53:50] - Epoch: 5 cost time: 343.5758316516876
[2025-06-05 12:53:50] - Traininng loss : 0.7608492232410423
[2025-06-05 12:53:57] - vali_results: {'mae': 0.4316428005695343, 'mape': 1.8782249689102173, 'mse': 0.41659829020500183, 'rmse': 0.6454442739486694}
[2025-06-05 12:54:01] - test_results: {'mae': 0.47042301297187805, 'mape': 1.985587477684021, 'mse': 0.44369667768478394, 'rmse': 0.6661056280136108}
[2025-06-05 12:55:03] - Epoch: 6 cost time: 416.24637818336487
[2025-06-05 12:55:03] - Traininng loss : 0.7580455862710525
[2025-06-05 12:55:10] - vali_results: {'mae': 0.4294413924217224, 'mape': 1.8743150234222412, 'mse': 0.41281187534332275, 'rmse': 0.6425043940544128}
[2025-06-05 12:55:14] - test_results: {'mae': 0.4629635810852051, 'mape': 1.953216314315796, 'mse': 0.4330762028694153, 'rmse': 0.6580852270126343}
[2025-06-05 12:56:17] - Epoch: 7 cost time: 489.7231924533844
[2025-06-05 12:56:17] - Traininng loss : 0.7557313843802219
[2025-06-05 12:56:24] - vali_results: {'mae': 0.4292742908000946, 'mape': 1.9024605751037598, 'mse': 0.4115782678127289, 'rmse': 0.6415436863899231}
[2025-06-05 12:56:28] - test_results: {'mae': 0.46130111813545227, 'mape': 1.979979157447815, 'mse': 0.43162232637405396, 'rmse': 0.6569796800613403}
[2025-06-05 12:57:29] - Epoch: 8 cost time: 562.1662967205048
[2025-06-05 12:57:29] - Traininng loss : 0.7539880639429049
[2025-06-05 12:57:36] - vali_results: {'mae': 0.43042343854904175, 'mape': 1.909757375717163, 'mse': 0.410857617855072, 'rmse': 0.6409817337989807}
[2025-06-05 12:57:40] - test_results: {'mae': 0.4596390426158905, 'mape': 1.9495254755020142, 'mse': 0.42896467447280884, 'rmse': 0.6549539566040039}
[2025-06-05 12:58:41] - Epoch: 9 cost time: 634.2168679237366
[2025-06-05 12:58:41] - Traininng loss : 0.7519206897380887
[2025-06-05 12:58:49] - vali_results: {'mae': 0.4291779696941376, 'mape': 1.9476816654205322, 'mse': 0.4092482626438141, 'rmse': 0.6397251486778259}
[2025-06-05 12:58:53] - test_results: {'mae': 0.45620059967041016, 'mape': 1.9975568056106567, 'mse': 0.4236676096916199, 'rmse': 0.6508975625038147}
[2025-06-05 12:59:57] - Epoch: 10 cost time: 709.6929407119751
[2025-06-05 12:59:57] - Traininng loss : 0.7503771878961377
[2025-06-05 13:00:04] - vali_results: {'mae': 0.43273428082466125, 'mape': 1.8914190530776978, 'mse': 0.4133675992488861, 'rmse': 0.6429367065429688}
[2025-06-05 13:00:07] - test_results: {'mae': 0.4626288115978241, 'mape': 1.9540445804595947, 'mse': 0.43193867802619934, 'rmse': 0.6572204232215881}
[2025-06-05 13:01:08] - Epoch: 11 cost time: 781.181708574295
[2025-06-05 13:01:08] - Traininng loss : 0.7490915897111874
[2025-06-05 13:01:15] - vali_results: {'mae': 0.4300529658794403, 'mape': 1.9122861623764038, 'mse': 0.41175055503845215, 'rmse': 0.6416779160499573}
[2025-06-05 13:01:19] - test_results: {'mae': 0.4601670503616333, 'mape': 1.9955214262008667, 'mse': 0.4302922487258911, 'rmse': 0.6559666395187378}
[2025-06-05 13:02:20] - Epoch: 12 cost time: 852.9686372280121
[2025-06-05 13:02:20] - Traininng loss : 0.7477750520213876
[2025-06-05 13:02:27] - vali_results: {'mae': 0.42816033959388733, 'mape': 1.9196182489395142, 'mse': 0.41256406903266907, 'rmse': 0.6423115134239197}
[2025-06-05 13:02:31] - test_results: {'mae': 0.4631359577178955, 'mape': 2.034578561782837, 'mse': 0.4349302053451538, 'rmse': 0.6594923734664917}
[2025-06-05 13:03:32] - Epoch: 13 cost time: 925.0658705234528
[2025-06-05 13:03:32] - Traininng loss : 0.7468470896339668
[2025-06-05 13:03:39] - vali_results: {'mae': 0.4279949367046356, 'mape': 1.9471174478530884, 'mse': 0.412264883518219, 'rmse': 0.6420785784721375}
[2025-06-05 13:03:43] - test_results: {'mae': 0.4585995078086853, 'mape': 2.0347533226013184, 'mse': 0.42939916253089905, 'rmse': 0.6552855372428894}
[2025-06-05 13:04:47] - Epoch: 14 cost time: 1000.1100785732269
[2025-06-05 13:04:47] - Traininng loss : 0.7460747088603354
[2025-06-05 13:04:54] - vali_results: {'mae': 0.4289326071739197, 'mape': 1.9061859846115112, 'mse': 0.41232386231422424, 'rmse': 0.6421244740486145}
[2025-06-05 13:04:58] - test_results: {'mae': 0.46573910117149353, 'mape': 2.00549578666687, 'mse': 0.438399076461792, 'rmse': 0.6621171236038208}
[2025-06-05 13:04:58] - loss no decreased for 5 epochs,  early stopping ....
[2025-06-05 13:05:02] - test_results: {'mae': 0.45620059967041016, 'mape': 1.9975568056106567, 'mse': 0.4236676096916199, 'rmse': 0.6508975625038147}
