[2025-05-28 18:52:39] - run : 0 in seed: 1
[2025-05-28 18:52:39] - +-----------------------------------+------------+
|              Modules              | Parameters |
+-----------------------------------+------------+
|     fm.Linear_Seasonal.weight     |    9216    |
|      fm.Linear_Seasonal.bias      |     96     |
|       fm.Linear_Trend.weight      |    9216    |
|        fm.Linear_Trend.bias       |     96     |
|             nm.weight             |     14     |
| nm.model_freq.model_freq.0.weight |    6144    |
|  nm.model_freq.model_freq.0.bias  |     64     |
|  nm.model_freq.model_all.0.weight |   20480    |
|   nm.model_freq.model_all.0.bias  |    128     |
|  nm.model_freq.model_all.2.weight |   12288    |
|   nm.model_freq.model_all.2.bias  |     96     |
| nm.model_pred.model_freq.0.weight |   24576    |
|  nm.model_pred.model_freq.0.bias  |    256     |
|  nm.model_pred.model_all.0.weight |   180224   |
|   nm.model_pred.model_all.0.bias  |    512     |
|  nm.model_pred.model_all.2.weight |   49152    |
|   nm.model_pred.model_all.2.bias  |     96     |
+-----------------------------------+------------+
[2025-05-28 18:52:39] - Total Trainable Params: 312654
[2025-05-28 18:52:39] - model parameters: 312654
[2025-05-28 18:53:18] - Epoch: 1 cost time: 38.790379762649536
[2025-05-28 18:53:18] - Traininng loss : 0.35068933519585654
[2025-05-28 18:53:24] - vali_results: {'mae': 0.2698231339454651, 'mape': 1.5552654266357422, 'mse': 0.15651458501815796, 'rmse': 0.3956192433834076}
[2025-05-28 18:53:28] - test_results: {'mae': 0.20892685651779175, 'mape': 1.9883195161819458, 'mse': 0.08353611081838608, 'rmse': 0.289026141166687}
[2025-05-28 18:54:07] - Epoch: 2 cost time: 87.8912456035614
[2025-05-28 18:54:07] - Traininng loss : 0.30155201072830995
[2025-05-28 18:54:13] - vali_results: {'mae': 0.2591446340084076, 'mape': 1.6059614419937134, 'mse': 0.1496986746788025, 'rmse': 0.3869091272354126}
[2025-05-28 18:54:17] - test_results: {'mae': 0.2029809057712555, 'mape': 1.9845181703567505, 'mse': 0.08031100034713745, 'rmse': 0.28339195251464844}
[2025-05-28 18:54:57] - Epoch: 3 cost time: 138.27509307861328
[2025-05-28 18:54:57] - Traininng loss : 0.29451719816183086
[2025-05-28 18:55:03] - vali_results: {'mae': 0.26396656036376953, 'mape': 1.5268518924713135, 'mse': 0.1508605182170868, 'rmse': 0.3884076774120331}
[2025-05-28 18:55:07] - test_results: {'mae': 0.20377357304096222, 'mape': 1.9130301475524902, 'mse': 0.07973843067884445, 'rmse': 0.28237995505332947}
[2025-05-28 18:55:48] - Epoch: 4 cost time: 188.87672686576843
[2025-05-28 18:55:48] - Traininng loss : 0.29116467614563146
[2025-05-28 18:55:55] - vali_results: {'mae': 0.2666935324668884, 'mape': 1.5218971967697144, 'mse': 0.15476082265377045, 'rmse': 0.3933965265750885}
[2025-05-28 18:55:58] - test_results: {'mae': 0.20480877161026, 'mape': 1.9521254301071167, 'mse': 0.08083166182041168, 'rmse': 0.2843090891838074}
[2025-05-28 18:56:38] - Epoch: 5 cost time: 239.40295577049255
[2025-05-28 18:56:38] - Traininng loss : 0.2893476294619696
[2025-05-28 18:56:45] - vali_results: {'mae': 0.2665744721889496, 'mape': 1.5356632471084595, 'mse': 0.15224790573120117, 'rmse': 0.39018958806991577}
[2025-05-28 18:56:49] - test_results: {'mae': 0.20457689464092255, 'mape': 1.9286537170410156, 'mse': 0.08031055331230164, 'rmse': 0.28339117765426636}
[2025-05-28 18:57:29] - Epoch: 6 cost time: 290.3251416683197
[2025-05-28 18:57:29] - Traininng loss : 0.2878361485354048
[2025-05-28 18:57:35] - vali_results: {'mae': 0.26381367444992065, 'mape': 1.5420951843261719, 'mse': 0.1501467525959015, 'rmse': 0.3874877393245697}
[2025-05-28 18:57:39] - test_results: {'mae': 0.20329125225543976, 'mape': 1.9193891286849976, 'mse': 0.07962042093276978, 'rmse': 0.2821709215641022}
[2025-05-28 18:58:19] - Epoch: 7 cost time: 340.53356194496155
[2025-05-28 18:58:19] - Traininng loss : 0.2866031592852823
[2025-05-28 18:58:26] - vali_results: {'mae': 0.25609588623046875, 'mape': 1.581613302230835, 'mse': 0.14803820848464966, 'rmse': 0.3847573399543762}
[2025-05-28 18:58:29] - test_results: {'mae': 0.20049548149108887, 'mape': 1.9917904138565063, 'mse': 0.07897090911865234, 'rmse': 0.28101763129234314}
[2025-05-28 18:59:10] - Epoch: 8 cost time: 391.0798342227936
[2025-05-28 18:59:10] - Traininng loss : 0.2864897941350152
[2025-05-28 18:59:17] - vali_results: {'mae': 0.2708994746208191, 'mape': 1.4932101964950562, 'mse': 0.15535500645637512, 'rmse': 0.3941510021686554}
[2025-05-28 18:59:20] - test_results: {'mae': 0.20634813606739044, 'mape': 1.8691316843032837, 'mse': 0.08091378211975098, 'rmse': 0.28445348143577576}
[2025-05-28 19:00:00] - Epoch: 9 cost time: 441.4928865432739
[2025-05-28 19:00:00] - Traininng loss : 0.28567265827574173
[2025-05-28 19:00:07] - vali_results: {'mae': 0.2573087215423584, 'mape': 1.568398118019104, 'mse': 0.1483720988035202, 'rmse': 0.3851909935474396}
[2025-05-28 19:00:10] - test_results: {'mae': 0.20049741864204407, 'mape': 1.9744322299957275, 'mse': 0.07845635712146759, 'rmse': 0.28010061383247375}
[2025-05-28 19:00:50] - Epoch: 10 cost time: 491.7616834640503
[2025-05-28 19:00:50] - Traininng loss : 0.2847407251066719
[2025-05-28 19:00:57] - vali_results: {'mae': 0.2564575970172882, 'mape': 1.560943841934204, 'mse': 0.14765384793281555, 'rmse': 0.3842575252056122}
[2025-05-28 19:01:00] - test_results: {'mae': 0.2000778168439865, 'mape': 1.960715889930725, 'mse': 0.07827633619308472, 'rmse': 0.2797790765762329}
[2025-05-28 19:01:40] - Epoch: 11 cost time: 541.6600062847137
[2025-05-28 19:01:40] - Traininng loss : 0.28402896619808365
[2025-05-28 19:01:47] - vali_results: {'mae': 0.2572579085826874, 'mape': 1.5781277418136597, 'mse': 0.14773650467395782, 'rmse': 0.3843650817871094}
[2025-05-28 19:01:51] - test_results: {'mae': 0.20052485167980194, 'mape': 1.9851064682006836, 'mse': 0.07845750451087952, 'rmse': 0.2801026701927185}
[2025-05-28 19:02:31] - Epoch: 12 cost time: 592.5510919094086
[2025-05-28 19:02:31] - Traininng loss : 0.28394947920566016
[2025-05-28 19:02:38] - vali_results: {'mae': 0.2537514865398407, 'mape': 1.5948385000228882, 'mse': 0.14684808254241943, 'rmse': 0.38320761919021606}
[2025-05-28 19:02:42] - test_results: {'mae': 0.1991451382637024, 'mape': 1.9849709272384644, 'mse': 0.07804948836565018, 'rmse': 0.2793733775615692}
[2025-05-28 19:03:21] - Epoch: 13 cost time: 642.2961189746857
[2025-05-28 19:03:21] - Traininng loss : 0.2830203742652131
[2025-05-28 19:03:28] - vali_results: {'mae': 0.25642409920692444, 'mape': 1.5240689516067505, 'mse': 0.14815197885036469, 'rmse': 0.3849051594734192}
[2025-05-28 19:03:31] - test_results: {'mae': 0.19893816113471985, 'mape': 1.914697289466858, 'mse': 0.07739914208650589, 'rmse': 0.278207004070282}
[2025-05-28 19:04:12] - Epoch: 14 cost time: 693.6925103664398
[2025-05-28 19:04:12] - Traininng loss : 0.2831270255251414
[2025-05-28 19:04:19] - vali_results: {'mae': 0.25548890233039856, 'mape': 1.576269507408142, 'mse': 0.14709632098674774, 'rmse': 0.383531391620636}
[2025-05-28 19:04:22] - test_results: {'mae': 0.20025967061519623, 'mape': 1.968827724456787, 'mse': 0.0788155123591423, 'rmse': 0.28074100613594055}
[2025-05-28 19:05:02] - Epoch: 15 cost time: 743.445864200592
[2025-05-28 19:05:02] - Traininng loss : 0.28244152285497076
[2025-05-28 19:05:09] - vali_results: {'mae': 0.2549036145210266, 'mape': 1.6372309923171997, 'mse': 0.1471102237701416, 'rmse': 0.3835495114326477}
[2025-05-28 19:05:12] - test_results: {'mae': 0.2011108249425888, 'mape': 2.0307672023773193, 'mse': 0.07943787425756454, 'rmse': 0.2818472385406494}
[2025-05-28 19:05:53] - Epoch: 16 cost time: 794.0676972866058
[2025-05-28 19:05:53] - Traininng loss : 0.28245615322998746
[2025-05-28 19:06:00] - vali_results: {'mae': 0.2575418949127197, 'mape': 1.5765926837921143, 'mse': 0.14789360761642456, 'rmse': 0.384569376707077}
[2025-05-28 19:06:03] - test_results: {'mae': 0.20092478394508362, 'mape': 1.9848555326461792, 'mse': 0.07874184101819992, 'rmse': 0.28060975670814514}
[2025-05-28 19:06:44] - Epoch: 17 cost time: 845.7245864868164
[2025-05-28 19:06:44] - Traininng loss : 0.2818588601907199
[2025-05-28 19:06:51] - vali_results: {'mae': 0.2603670060634613, 'mape': 1.5474295616149902, 'mse': 0.14980308711528778, 'rmse': 0.3870440423488617}
[2025-05-28 19:06:55] - test_results: {'mae': 0.20183272659778595, 'mape': 1.9598605632781982, 'mse': 0.07921663671731949, 'rmse': 0.28145450353622437}
[2025-05-28 19:06:55] - loss no decreased for 5 epochs,  early stopping ....
[2025-05-28 19:06:58] - test_results: {'mae': 0.1991451382637024, 'mape': 1.9849709272384644, 'mse': 0.07804948836565018, 'rmse': 0.2793733775615692}
