[2025-06-04 19:15:49] - run : 2 in seed: 4
[2025-06-04 19:15:49] - +-----------------------------------+------------+
|              Modules              | Parameters |
+-----------------------------------+------------+
|     fm.Linear_Seasonal.weight     |   32256    |
|      fm.Linear_Seasonal.bias      |    336     |
|       fm.Linear_Trend.weight      |   32256    |
|        fm.Linear_Trend.bias       |    336     |
|             nm.weight             |    642     |
| nm.model_freq.model_freq.0.weight |    6144    |
|  nm.model_freq.model_freq.0.bias  |     64     |
|  nm.model_freq.model_all.0.weight |   20480    |
|   nm.model_freq.model_all.0.bias  |    128     |
|  nm.model_freq.model_all.2.weight |   43008    |
|   nm.model_freq.model_all.2.bias  |    336     |
| nm.model_pred.model_freq.0.weight |   24576    |
|  nm.model_pred.model_freq.0.bias  |    256     |
|  nm.model_pred.model_all.0.weight |   180224   |
|   nm.model_pred.model_all.0.bias  |    512     |
|  nm.model_pred.model_all.2.weight |   172032   |
|   nm.model_pred.model_all.2.bias  |    336     |
+-----------------------------------+------------+
[2025-06-04 19:15:49] - Total Trainable Params: 513922
[2025-06-04 19:15:49] - model parameters: 513922
[2025-06-04 19:16:24] - Epoch: 1 cost time: 35.21880841255188
[2025-06-04 19:16:24] - Traininng loss : 0.6030843311463386
[2025-06-04 19:16:36] - vali_results: {'mae': 0.29421138763427734, 'mape': 2.5227925777435303, 'mse': 0.20007310807704926, 'rmse': 0.44729533791542053}
[2025-06-04 19:16:42] - test_results: {'mae': 0.29460376501083374, 'mape': 3.1577277183532715, 'mse': 0.19844341278076172, 'rmse': 0.4454698860645294}
[2025-06-04 19:17:17] - Epoch: 2 cost time: 87.6163239479065
[2025-06-04 19:17:17] - Traininng loss : 0.46293624943897815
[2025-06-04 19:17:28] - vali_results: {'mae': 0.28916552662849426, 'mape': 2.4734015464782715, 'mse': 0.19659335911273956, 'rmse': 0.4433884918689728}
[2025-06-04 19:17:35] - test_results: {'mae': 0.2876248061656952, 'mape': 3.098158121109009, 'mse': 0.1932630091905594, 'rmse': 0.4396168887615204}
[2025-06-04 19:18:10] - Epoch: 3 cost time: 140.96031284332275
[2025-06-04 19:18:10] - Traininng loss : 0.45786902934206763
[2025-06-04 19:18:22] - vali_results: {'mae': 0.28872376680374146, 'mape': 2.507124900817871, 'mse': 0.19555114209651947, 'rmse': 0.44221165776252747}
[2025-06-04 19:18:28] - test_results: {'mae': 0.28840309381484985, 'mape': 3.110959529876709, 'mse': 0.1926349401473999, 'rmse': 0.43890196084976196}
[2025-06-04 19:19:03] - Epoch: 4 cost time: 194.00608205795288
[2025-06-04 19:19:03] - Traininng loss : 0.4554649853409397
[2025-06-04 19:19:15] - vali_results: {'mae': 0.28998425602912903, 'mape': 2.4695584774017334, 'mse': 0.19540637731552124, 'rmse': 0.44204792380332947}
[2025-06-04 19:19:21] - test_results: {'mae': 0.2895384430885315, 'mape': 3.0601930618286133, 'mse': 0.19245705008506775, 'rmse': 0.43869927525520325}
[2025-06-04 19:19:56] - Epoch: 5 cost time: 246.3739573955536
[2025-06-04 19:19:56] - Traininng loss : 0.45378138755988395
[2025-06-04 19:20:07] - vali_results: {'mae': 0.287526935338974, 'mape': 2.476297616958618, 'mse': 0.19425731897354126, 'rmse': 0.4407463073730469}
[2025-06-04 19:20:13] - test_results: {'mae': 0.2867850065231323, 'mape': 3.0676560401916504, 'mse': 0.1910443753004074, 'rmse': 0.43708622455596924}
[2025-06-04 19:20:49] - Epoch: 6 cost time: 299.28606820106506
[2025-06-04 19:20:49] - Traininng loss : 0.4527313582519619
[2025-06-04 19:21:00] - vali_results: {'mae': 0.2867882549762726, 'mape': 2.487466335296631, 'mse': 0.1939428597688675, 'rmse': 0.4403894543647766}
[2025-06-04 19:21:07] - test_results: {'mae': 0.2857844829559326, 'mape': 3.0853822231292725, 'mse': 0.1905861347913742, 'rmse': 0.4365617334842682}
[2025-06-04 19:21:42] - Epoch: 7 cost time: 352.44762682914734
[2025-06-04 19:21:42] - Traininng loss : 0.45191619150154955
[2025-06-04 19:21:54] - vali_results: {'mae': 0.28729432821273804, 'mape': 2.5238685607910156, 'mse': 0.19384197890758514, 'rmse': 0.4402748942375183}
[2025-06-04 19:22:01] - test_results: {'mae': 0.2867765724658966, 'mape': 3.1108148097991943, 'mse': 0.1908522993326187, 'rmse': 0.4368664622306824}
[2025-06-04 19:22:36] - Epoch: 8 cost time: 407.00278091430664
[2025-06-04 19:22:36] - Traininng loss : 0.4511752492380312
[2025-06-04 19:22:48] - vali_results: {'mae': 0.28617385029792786, 'mape': 2.5031261444091797, 'mse': 0.19377386569976807, 'rmse': 0.44019752740859985}
[2025-06-04 19:22:54] - test_results: {'mae': 0.28520527482032776, 'mape': 3.0861775875091553, 'mse': 0.1903427541255951, 'rmse': 0.4362828731536865}
[2025-06-04 19:23:29] - Epoch: 9 cost time: 459.8314712047577
[2025-06-04 19:23:29] - Traininng loss : 0.4508596246670998
[2025-06-04 19:23:40] - vali_results: {'mae': 0.2858019173145294, 'mape': 2.4824862480163574, 'mse': 0.19370576739311218, 'rmse': 0.4401201605796814}
[2025-06-04 19:23:47] - test_results: {'mae': 0.2847100496292114, 'mape': 3.063237190246582, 'mse': 0.19003655016422272, 'rmse': 0.43593183159828186}
[2025-06-04 19:24:22] - Epoch: 10 cost time: 513.0733006000519
[2025-06-04 19:24:22] - Traininng loss : 0.4502462809938553
[2025-06-04 19:24:34] - vali_results: {'mae': 0.2868231534957886, 'mape': 2.4853053092956543, 'mse': 0.19409331679344177, 'rmse': 0.4405602216720581}
[2025-06-04 19:24:40] - test_results: {'mae': 0.2860194742679596, 'mape': 3.068695306777954, 'mse': 0.19069775938987732, 'rmse': 0.436689555644989}
[2025-06-04 19:25:15] - Epoch: 11 cost time: 566.0963497161865
[2025-06-04 19:25:15] - Traininng loss : 0.450048210251798
[2025-06-04 19:25:27] - vali_results: {'mae': 0.2870727777481079, 'mape': 2.4294652938842773, 'mse': 0.19485998153686523, 'rmse': 0.44142946600914}
[2025-06-04 19:25:33] - test_results: {'mae': 0.28391140699386597, 'mape': 3.036978006362915, 'mse': 0.19038088619709015, 'rmse': 0.4363265931606293}
[2025-06-04 19:26:08] - Epoch: 12 cost time: 619.102255821228
[2025-06-04 19:26:08] - Traininng loss : 0.44995845838373666
[2025-06-04 19:26:20] - vali_results: {'mae': 0.2875625193119049, 'mape': 2.540351152420044, 'mse': 0.19355347752571106, 'rmse': 0.43994712829589844}
[2025-06-04 19:26:26] - test_results: {'mae': 0.2876337468624115, 'mape': 3.1097159385681152, 'mse': 0.1907837688922882, 'rmse': 0.43678802251815796}
[2025-06-04 19:27:01] - Epoch: 13 cost time: 671.5186674594879
[2025-06-04 19:27:01] - Traininng loss : 0.4495967755962521
[2025-06-04 19:27:12] - vali_results: {'mae': 0.2869723439216614, 'mape': 2.5291759967803955, 'mse': 0.19379404187202454, 'rmse': 0.440220445394516}
[2025-06-04 19:27:19] - test_results: {'mae': 0.28624334931373596, 'mape': 3.107144355773926, 'mse': 0.19057245552539825, 'rmse': 0.43654605746269226}
[2025-06-04 19:27:53] - Epoch: 14 cost time: 724.0532178878784
[2025-06-04 19:27:53] - Traininng loss : 0.4493280369722122
[2025-06-04 19:28:05] - vali_results: {'mae': 0.28660446405410767, 'mape': 2.489948034286499, 'mse': 0.19337449967861176, 'rmse': 0.43974366784095764}
[2025-06-04 19:28:11] - test_results: {'mae': 0.2855103611946106, 'mape': 3.0983972549438477, 'mse': 0.19011160731315613, 'rmse': 0.4360179007053375}
[2025-06-04 19:28:45] - Epoch: 15 cost time: 775.4971394538879
[2025-06-04 19:28:45] - Traininng loss : 0.44929206509182884
[2025-06-04 19:28:56] - vali_results: {'mae': 0.2853565216064453, 'mape': 2.4423744678497314, 'mse': 0.19375741481781006, 'rmse': 0.44017884135246277}
[2025-06-04 19:29:02] - test_results: {'mae': 0.2826702296733856, 'mape': 3.0158708095550537, 'mse': 0.1890597641468048, 'rmse': 0.4348100423812866}
[2025-06-04 19:29:37] - Epoch: 16 cost time: 828.1876471042633
[2025-06-04 19:29:37] - Traininng loss : 0.44924298008353686
[2025-06-04 19:29:49] - vali_results: {'mae': 0.28559982776641846, 'mape': 2.4264745712280273, 'mse': 0.19384951889514923, 'rmse': 0.4402834475040436}
[2025-06-04 19:29:55] - test_results: {'mae': 0.2825774550437927, 'mape': 3.0107171535491943, 'mse': 0.18902893364429474, 'rmse': 0.43477457761764526}
[2025-06-04 19:30:30] - Epoch: 17 cost time: 880.9392156600952
[2025-06-04 19:30:30] - Traininng loss : 0.44892439171937015
[2025-06-04 19:30:42] - vali_results: {'mae': 0.2864087224006653, 'mape': 2.4949264526367188, 'mse': 0.19300557672977448, 'rmse': 0.4393239915370941}
[2025-06-04 19:30:48] - test_results: {'mae': 0.2857723534107208, 'mape': 3.059345006942749, 'mse': 0.18967889249324799, 'rmse': 0.4355213940143585}
[2025-06-04 19:31:24] - Epoch: 18 cost time: 934.9683856964111
[2025-06-04 19:31:24] - Traininng loss : 0.44897361152749043
[2025-06-04 19:31:36] - vali_results: {'mae': 0.2857515811920166, 'mape': 2.455460548400879, 'mse': 0.19368623197078705, 'rmse': 0.44009798765182495}
[2025-06-04 19:31:42] - test_results: {'mae': 0.2837134599685669, 'mape': 3.024733066558838, 'mse': 0.18945379555225372, 'rmse': 0.43526291847229004}
[2025-06-04 19:32:18] - Epoch: 19 cost time: 988.5491604804993
[2025-06-04 19:32:18] - Traininng loss : 0.4489191737675582
[2025-06-04 19:32:29] - vali_results: {'mae': 0.2860502004623413, 'mape': 2.4663262367248535, 'mse': 0.19288645684719086, 'rmse': 0.4391884207725525}
[2025-06-04 19:32:35] - test_results: {'mae': 0.2851704955101013, 'mape': 3.0443027019500732, 'mse': 0.18954071402549744, 'rmse': 0.43536272644996643}
[2025-06-04 19:33:10] - Epoch: 20 cost time: 1040.4111466407776
[2025-06-04 19:33:10] - Traininng loss : 0.44871623066396477
[2025-06-04 19:33:21] - vali_results: {'mae': 0.28610843420028687, 'mape': 2.502293825149536, 'mse': 0.19338257610797882, 'rmse': 0.43975284695625305}
[2025-06-04 19:33:27] - test_results: {'mae': 0.2854512631893158, 'mape': 3.0864009857177734, 'mse': 0.19004841148853302, 'rmse': 0.43594542145729065}
[2025-06-04 19:34:01] - Epoch: 21 cost time: 1092.0533730983734
[2025-06-04 19:34:01] - Traininng loss : 0.44854211791342263
[2025-06-04 19:34:13] - vali_results: {'mae': 0.2864207923412323, 'mape': 2.449808359146118, 'mse': 0.19349569082260132, 'rmse': 0.43988144397735596}
[2025-06-04 19:34:19] - test_results: {'mae': 0.28442656993865967, 'mape': 3.0380468368530273, 'mse': 0.1895180642604828, 'rmse': 0.43533673882484436}
[2025-06-04 19:34:54] - Epoch: 22 cost time: 1144.68687582016
[2025-06-04 19:34:54] - Traininng loss : 0.4485357436633195
[2025-06-04 19:35:05] - vali_results: {'mae': 0.2856559157371521, 'mape': 2.468522310256958, 'mse': 0.19307659566402435, 'rmse': 0.43940481543540955}
[2025-06-04 19:35:12] - test_results: {'mae': 0.283940851688385, 'mape': 3.0435993671417236, 'mse': 0.18905016779899597, 'rmse': 0.4347989857196808}
[2025-06-04 19:35:47] - Epoch: 23 cost time: 1197.5076069831848
[2025-06-04 19:35:47] - Traininng loss : 0.4485282834844657
[2025-06-04 19:35:58] - vali_results: {'mae': 0.2875545620918274, 'mape': 2.528395175933838, 'mse': 0.19339849054813385, 'rmse': 0.43977096676826477}
[2025-06-04 19:36:04] - test_results: {'mae': 0.28799721598625183, 'mape': 3.102756977081299, 'mse': 0.19091740250587463, 'rmse': 0.4369409680366516}
[2025-06-04 19:36:39] - Epoch: 24 cost time: 1250.0960114002228
[2025-06-04 19:36:39] - Traininng loss : 0.4485473129566878
[2025-06-04 19:36:51] - vali_results: {'mae': 0.28572243452072144, 'mape': 2.5183887481689453, 'mse': 0.19332432746887207, 'rmse': 0.4396866261959076}
[2025-06-04 19:36:57] - test_results: {'mae': 0.2851340174674988, 'mape': 3.1072912216186523, 'mse': 0.19019998610019684, 'rmse': 0.4361192286014557}
[2025-06-04 19:36:57] - loss no decreased for 5 epochs,  early stopping ....
[2025-06-04 19:37:04] - test_results: {'mae': 0.2851704955101013, 'mape': 3.0443027019500732, 'mse': 0.18954071402549744, 'rmse': 0.43536272644996643}
