[2025-05-28 20:17:12] - run : 0 in seed: 1
[2025-05-28 20:17:12] - +-----------------------------------+------------+
|              Modules              | Parameters |
+-----------------------------------+------------+
|     fm.Linear_Seasonal.weight     |   32256    |
|      fm.Linear_Seasonal.bias      |    336     |
|       fm.Linear_Trend.weight      |   32256    |
|        fm.Linear_Trend.bias       |    336     |
|             nm.weight             |     14     |
| nm.model_freq.model_freq.0.weight |    6144    |
|  nm.model_freq.model_freq.0.bias  |     64     |
|  nm.model_freq.model_all.0.weight |   20480    |
|   nm.model_freq.model_all.0.bias  |    128     |
|  nm.model_freq.model_all.2.weight |   43008    |
|   nm.model_freq.model_all.2.bias  |    336     |
| nm.model_pred.model_freq.0.weight |   24576    |
|  nm.model_pred.model_freq.0.bias  |    256     |
|  nm.model_pred.model_all.0.weight |   180224   |
|   nm.model_pred.model_all.0.bias  |    512     |
|  nm.model_pred.model_all.2.weight |   172032   |
|   nm.model_pred.model_all.2.bias  |    336     |
+-----------------------------------+------------+
[2025-05-28 20:17:12] - Total Trainable Params: 513294
[2025-05-28 20:17:12] - model parameters: 513294
[2025-05-28 20:17:28] - Epoch: 1 cost time: 15.541513204574585
[2025-05-28 20:17:28] - Traininng loss : 1.226030364146699
[2025-05-28 20:17:30] - vali_results: {'mae': 0.48473772406578064, 'mape': 6.444981098175049, 'mse': 0.47779643535614014, 'rmse': 0.6912282109260559}
[2025-05-28 20:17:31] - test_results: {'mae': 0.4934420585632324, 'mape': 6.961668968200684, 'mse': 0.45475417375564575, 'rmse': 0.674354612827301}
[2025-05-28 20:17:46] - Epoch: 2 cost time: 33.7190477848053
[2025-05-28 20:17:46] - Traininng loss : 1.0892286342771158
[2025-05-28 20:17:48] - vali_results: {'mae': 0.4837065637111664, 'mape': 6.2416672706604, 'mse': 0.4759006202220917, 'rmse': 0.6898555159568787}
[2025-05-28 20:17:49] - test_results: {'mae': 0.4904693067073822, 'mape': 6.343082427978516, 'mse': 0.44940340518951416, 'rmse': 0.6703755855560303}
[2025-05-28 20:18:04] - Epoch: 3 cost time: 51.874550342559814
[2025-05-28 20:18:04] - Traininng loss : 1.0737199733114762
[2025-05-28 20:18:06] - vali_results: {'mae': 0.4786338806152344, 'mape': 6.112114429473877, 'mse': 0.4743591248989105, 'rmse': 0.6887373328208923}
[2025-05-28 20:18:07] - test_results: {'mae': 0.4973352551460266, 'mape': 5.965942859649658, 'mse': 0.46009179949760437, 'rmse': 0.678300678730011}
[2025-05-28 20:18:22] - Epoch: 4 cost time: 70.3392505645752
[2025-05-28 20:18:22] - Traininng loss : 1.0668566497447698
[2025-05-28 20:18:24] - vali_results: {'mae': 0.47897687554359436, 'mape': 6.3287034034729, 'mse': 0.4722442328929901, 'rmse': 0.6872003078460693}
[2025-05-28 20:18:25] - test_results: {'mae': 0.49378639459609985, 'mape': 6.389471054077148, 'mse': 0.4542647898197174, 'rmse': 0.6739916801452637}
[2025-05-28 20:18:41] - Epoch: 5 cost time: 88.48668503761292
[2025-05-28 20:18:41] - Traininng loss : 1.0615353723583014
[2025-05-28 20:18:42] - vali_results: {'mae': 0.4781724512577057, 'mape': 6.203426361083984, 'mse': 0.4690842628479004, 'rmse': 0.684897243976593}
[2025-05-28 20:18:43] - test_results: {'mae': 0.4890916347503662, 'mape': 6.2322540283203125, 'mse': 0.4476153254508972, 'rmse': 0.6690406203269958}
[2025-05-28 20:18:59] - Epoch: 6 cost time: 106.51644229888916
[2025-05-28 20:18:59] - Traininng loss : 1.0560667160088602
[2025-05-28 20:19:00] - vali_results: {'mae': 0.47802987694740295, 'mape': 6.251246929168701, 'mse': 0.47051534056663513, 'rmse': 0.685941219329834}
[2025-05-28 20:19:01] - test_results: {'mae': 0.4846080243587494, 'mape': 6.2033867835998535, 'mse': 0.4422973692417145, 'rmse': 0.665054440498352}
[2025-05-28 20:19:17] - Epoch: 7 cost time: 124.6305468082428
[2025-05-28 20:19:17] - Traininng loss : 1.0529334316759005
[2025-05-28 20:19:18] - vali_results: {'mae': 0.47739726305007935, 'mape': 6.296288967132568, 'mse': 0.4677806794643402, 'rmse': 0.6839449405670166}
[2025-05-28 20:19:19] - test_results: {'mae': 0.48651131987571716, 'mape': 6.624903678894043, 'mse': 0.44411131739616394, 'rmse': 0.6664167642593384}
[2025-05-28 20:19:35] - Epoch: 8 cost time: 142.76075291633606
[2025-05-28 20:19:35] - Traininng loss : 1.0511452275449815
[2025-05-28 20:19:37] - vali_results: {'mae': 0.47702670097351074, 'mape': 6.154020309448242, 'mse': 0.4722563922405243, 'rmse': 0.6872091293334961}
[2025-05-28 20:19:38] - test_results: {'mae': 0.5011940598487854, 'mape': 6.025886058807373, 'mse': 0.4635823965072632, 'rmse': 0.6808688640594482}
[2025-05-28 20:19:54] - Epoch: 9 cost time: 161.3950469493866
[2025-05-28 20:19:54] - Traininng loss : 1.0472929516564244
[2025-05-28 20:19:55] - vali_results: {'mae': 0.47547292709350586, 'mape': 6.357872009277344, 'mse': 0.46755319833755493, 'rmse': 0.6837786436080933}
[2025-05-28 20:19:56] - test_results: {'mae': 0.4902482330799103, 'mape': 6.435801982879639, 'mse': 0.44882655143737793, 'rmse': 0.6699451804161072}
[2025-05-28 20:20:12] - Epoch: 10 cost time: 179.56122708320618
[2025-05-28 20:20:12] - Traininng loss : 1.043400946194711
[2025-05-28 20:20:13] - vali_results: {'mae': 0.4772438704967499, 'mape': 6.279404163360596, 'mse': 0.4697624742984772, 'rmse': 0.6853922009468079}
[2025-05-28 20:20:15] - test_results: {'mae': 0.4880809187889099, 'mape': 6.134066581726074, 'mse': 0.4456225037574768, 'rmse': 0.6675496101379395}
[2025-05-28 20:20:30] - Epoch: 11 cost time: 197.85924005508423
[2025-05-28 20:20:30] - Traininng loss : 1.041264951715003
[2025-05-28 20:20:32] - vali_results: {'mae': 0.4798240661621094, 'mape': 6.180255889892578, 'mse': 0.47264575958251953, 'rmse': 0.6874923706054688}
[2025-05-28 20:20:33] - test_results: {'mae': 0.4914676249027252, 'mape': 5.897424697875977, 'mse': 0.4491543173789978, 'rmse': 0.6701897382736206}
[2025-05-28 20:20:48] - Epoch: 12 cost time: 216.17526936531067
[2025-05-28 20:20:48] - Traininng loss : 1.0394664354946301
[2025-05-28 20:20:50] - vali_results: {'mae': 0.4822022616863251, 'mape': 6.306982040405273, 'mse': 0.4745504558086395, 'rmse': 0.688876211643219}
[2025-05-28 20:20:51] - test_results: {'mae': 0.4867642819881439, 'mape': 6.235153675079346, 'mse': 0.44221872091293335, 'rmse': 0.6649952530860901}
[2025-05-28 20:21:07] - Epoch: 13 cost time: 234.46196722984314
[2025-05-28 20:21:07] - Traininng loss : 1.0375101678073406
[2025-05-28 20:21:08] - vali_results: {'mae': 0.4758596420288086, 'mape': 6.349662780761719, 'mse': 0.4698382616043091, 'rmse': 0.6854475140571594}
[2025-05-28 20:21:09] - test_results: {'mae': 0.4842434227466583, 'mape': 6.176009654998779, 'mse': 0.44099122285842896, 'rmse': 0.6640716791152954}
[2025-05-28 20:21:25] - Epoch: 14 cost time: 252.7271761894226
[2025-05-28 20:21:25] - Traininng loss : 1.034508927360825
[2025-05-28 20:21:27] - vali_results: {'mae': 0.4761093556880951, 'mape': 6.202914237976074, 'mse': 0.4694049656391144, 'rmse': 0.6851313710212708}
[2025-05-28 20:21:28] - test_results: {'mae': 0.49747276306152344, 'mape': 5.829522609710693, 'mse': 0.4571972191333771, 'rmse': 0.6761636137962341}
[2025-05-28 20:21:28] - loss no decreased for 5 epochs,  early stopping ....
[2025-05-28 20:21:29] - test_results: {'mae': 0.4902482330799103, 'mape': 6.435801982879639, 'mse': 0.44882655143737793, 'rmse': 0.6699451804161072}
