[2025-05-28 21:14:47] - run : 0 in seed: 1
[2025-05-28 21:14:47] - +-----------------------------------+------------+
|              Modules              | Parameters |
+-----------------------------------+------------+
|     fm.Linear_Seasonal.weight     |   16128    |
|      fm.Linear_Seasonal.bias      |    168     |
|       fm.Linear_Trend.weight      |   16128    |
|        fm.Linear_Trend.bias       |    168     |
|             nm.weight             |     42     |
| nm.model_freq.model_freq.0.weight |    6144    |
|  nm.model_freq.model_freq.0.bias  |     64     |
|  nm.model_freq.model_all.0.weight |   20480    |
|   nm.model_freq.model_all.0.bias  |    128     |
|  nm.model_freq.model_all.2.weight |   21504    |
|   nm.model_freq.model_all.2.bias  |    168     |
| nm.model_pred.model_freq.0.weight |   24576    |
|  nm.model_pred.model_freq.0.bias  |    256     |
|  nm.model_pred.model_all.0.weight |   180224   |
|   nm.model_pred.model_all.0.bias  |    512     |
|  nm.model_pred.model_all.2.weight |   86016    |
|   nm.model_pred.model_all.2.bias  |    168     |
+-----------------------------------+------------+
[2025-05-28 21:14:47] - Total Trainable Params: 372874
[2025-05-28 21:14:47] - model parameters: 372874
[2025-05-28 21:15:23] - Epoch: 1 cost time: 36.02756905555725
[2025-05-28 21:15:23] - Traininng loss : 1.2211290490679345
[2025-05-28 21:15:28] - vali_results: {'mae': 0.3231227397918701, 'mape': 5.067698955535889, 'mse': 0.35961833596229553, 'rmse': 0.5996818542480469}
[2025-05-28 21:15:31] - test_results: {'mae': 0.2511429190635681, 'mape': 1.5645599365234375, 'mse': 0.2252412885427475, 'rmse': 0.47459593415260315}
[2025-05-28 21:16:07] - Epoch: 2 cost time: 80.24012088775635
[2025-05-28 21:16:07] - Traininng loss : 1.1437164664268493
[2025-05-28 21:16:13] - vali_results: {'mae': 0.3183545768260956, 'mape': 5.08712911605835, 'mse': 0.3456760346889496, 'rmse': 0.5879421830177307}
[2025-05-28 21:16:16] - test_results: {'mae': 0.2528479993343353, 'mape': 1.5416969060897827, 'mse': 0.22046536207199097, 'rmse': 0.4695373773574829}
[2025-05-28 21:16:53] - Epoch: 3 cost time: 125.82648944854736
[2025-05-28 21:16:53] - Traininng loss : 1.1292240583219904
[2025-05-28 21:16:58] - vali_results: {'mae': 0.3217741549015045, 'mape': 4.889577388763428, 'mse': 0.34201616048812866, 'rmse': 0.5848214626312256}
[2025-05-28 21:17:01] - test_results: {'mae': 0.27278196811676025, 'mape': 1.5000439882278442, 'mse': 0.2268354445695877, 'rmse': 0.47627243399620056}
[2025-05-28 21:17:37] - Epoch: 4 cost time: 170.4217927455902
[2025-05-28 21:17:37] - Traininng loss : 1.1210251355795882
[2025-05-28 21:17:43] - vali_results: {'mae': 0.3182002305984497, 'mape': 4.8733978271484375, 'mse': 0.3424065113067627, 'rmse': 0.5851551294326782}
[2025-05-28 21:17:46] - test_results: {'mae': 0.2532573938369751, 'mape': 1.4910457134246826, 'mse': 0.2199585884809494, 'rmse': 0.46899741888046265}
[2025-05-28 21:18:23] - Epoch: 5 cost time: 215.65285634994507
[2025-05-28 21:18:23] - Traininng loss : 1.1168407810306966
[2025-05-28 21:18:28] - vali_results: {'mae': 0.3144480884075165, 'mape': 4.8685784339904785, 'mse': 0.34014400839805603, 'rmse': 0.5832186341285706}
[2025-05-28 21:18:31] - test_results: {'mae': 0.24591907858848572, 'mape': 1.4939450025558472, 'mse': 0.21470382809638977, 'rmse': 0.4633614420890808}
[2025-05-28 21:19:07] - Epoch: 6 cost time: 260.50256419181824
[2025-05-28 21:19:07] - Traininng loss : 1.1113993218892526
[2025-05-28 21:19:13] - vali_results: {'mae': 0.3192451596260071, 'mape': 5.830951690673828, 'mse': 0.3436538279056549, 'rmse': 0.5862199664115906}
[2025-05-28 21:19:16] - test_results: {'mae': 0.2489015907049179, 'mape': 1.6686453819274902, 'mse': 0.21779142320156097, 'rmse': 0.46668127179145813}
[2025-05-28 21:19:53] - Epoch: 7 cost time: 306.1110315322876
[2025-05-28 21:19:53] - Traininng loss : 1.1084223266772308
[2025-05-28 21:19:59] - vali_results: {'mae': 0.3176930844783783, 'mape': 5.434839248657227, 'mse': 0.341539204120636, 'rmse': 0.5844135284423828}
[2025-05-28 21:20:02] - test_results: {'mae': 0.24885313212871552, 'mape': 1.603572964668274, 'mse': 0.21812015771865845, 'rmse': 0.46703335642814636}
[2025-05-28 21:20:38] - Epoch: 8 cost time: 351.3033015727997
[2025-05-28 21:20:38] - Traininng loss : 1.1054345073137741
[2025-05-28 21:20:44] - vali_results: {'mae': 0.31503599882125854, 'mape': 4.615081310272217, 'mse': 0.3411734402179718, 'rmse': 0.5841005444526672}
[2025-05-28 21:20:47] - test_results: {'mae': 0.25146639347076416, 'mape': 1.4729691743850708, 'mse': 0.21845465898513794, 'rmse': 0.46739134192466736}
[2025-05-28 21:21:22] - Epoch: 9 cost time: 395.4701957702637
[2025-05-28 21:21:22] - Traininng loss : 1.1038936211552683
[2025-05-28 21:21:28] - vali_results: {'mae': 0.31449094414711, 'mape': 5.270139217376709, 'mse': 0.3406771123409271, 'rmse': 0.5836755037307739}
[2025-05-28 21:21:31] - test_results: {'mae': 0.24788036942481995, 'mape': 1.5702946186065674, 'mse': 0.2169436514377594, 'rmse': 0.4657720923423767}
[2025-05-28 21:22:07] - Epoch: 10 cost time: 440.3762719631195
[2025-05-28 21:22:07] - Traininng loss : 1.1022436503760158
[2025-05-28 21:22:13] - vali_results: {'mae': 0.31338128447532654, 'mape': 4.572232246398926, 'mse': 0.33829599618911743, 'rmse': 0.5816321969032288}
[2025-05-28 21:22:17] - test_results: {'mae': 0.24547609686851501, 'mape': 1.4511208534240723, 'mse': 0.21576032042503357, 'rmse': 0.4645000696182251}
[2025-05-28 21:22:56] - Epoch: 11 cost time: 489.5070297718048
[2025-05-28 21:22:56] - Traininng loss : 1.100209159986421
[2025-05-28 21:23:03] - vali_results: {'mae': 0.31527280807495117, 'mape': 4.8620524406433105, 'mse': 0.3375367224216461, 'rmse': 0.5809791088104248}
[2025-05-28 21:23:06] - test_results: {'mae': 0.25628429651260376, 'mape': 1.4847023487091064, 'mse': 0.2181977480649948, 'rmse': 0.46711641550064087}
[2025-05-28 21:23:46] - Epoch: 12 cost time: 539.0437216758728
[2025-05-28 21:23:46] - Traininng loss : 1.0992459693329824
[2025-05-28 21:23:52] - vali_results: {'mae': 0.3154817521572113, 'mape': 4.583566665649414, 'mse': 0.33377334475517273, 'rmse': 0.577731192111969}
[2025-05-28 21:23:56] - test_results: {'mae': 0.2588951587677002, 'mape': 1.4303637742996216, 'mse': 0.21785402297973633, 'rmse': 0.46674835681915283}
[2025-05-28 21:24:36] - Epoch: 13 cost time: 588.6229720115662
[2025-05-28 21:24:36] - Traininng loss : 1.0979111783889703
[2025-05-28 21:24:42] - vali_results: {'mae': 0.31400707364082336, 'mape': 5.116281986236572, 'mse': 0.3362601399421692, 'rmse': 0.5798794031143188}
[2025-05-28 21:24:45] - test_results: {'mae': 0.2483629733324051, 'mape': 1.5300695896148682, 'mse': 0.2149343192577362, 'rmse': 0.46361008286476135}
[2025-05-28 21:25:24] - Epoch: 14 cost time: 637.3188636302948
[2025-05-28 21:25:24] - Traininng loss : 1.0969558406865232
[2025-05-28 21:25:30] - vali_results: {'mae': 0.3213520348072052, 'mape': 5.024829387664795, 'mse': 0.3398412764072418, 'rmse': 0.5829590559005737}
[2025-05-28 21:25:34] - test_results: {'mae': 0.26509329676628113, 'mape': 1.5219547748565674, 'mse': 0.22395581007003784, 'rmse': 0.4732396900653839}
[2025-05-28 21:26:14] - Epoch: 15 cost time: 686.6506345272064
[2025-05-28 21:26:14] - Traininng loss : 1.097043139653435
[2025-05-28 21:26:20] - vali_results: {'mae': 0.31834715604782104, 'mape': 4.947536468505859, 'mse': 0.3353860676288605, 'rmse': 0.5791252851486206}
[2025-05-28 21:26:23] - test_results: {'mae': 0.2655232846736908, 'mape': 1.5007119178771973, 'mse': 0.22103279829025269, 'rmse': 0.4701412618160248}
[2025-05-28 21:27:03] - Epoch: 16 cost time: 735.8533933162689
[2025-05-28 21:27:03] - Traininng loss : 1.0948422733352694
[2025-05-28 21:27:09] - vali_results: {'mae': 0.31265324354171753, 'mape': 4.620506763458252, 'mse': 0.3362531363964081, 'rmse': 0.5798733830451965}
[2025-05-28 21:27:12] - test_results: {'mae': 0.24557435512542725, 'mape': 1.4513862133026123, 'mse': 0.2137511819601059, 'rmse': 0.4623323380947113}
[2025-05-28 21:27:51] - Epoch: 17 cost time: 783.9131588935852
[2025-05-28 21:27:51] - Traininng loss : 1.0935416825994133
[2025-05-28 21:27:57] - vali_results: {'mae': 0.31405988335609436, 'mape': 4.562877178192139, 'mse': 0.33599135279655457, 'rmse': 0.5796476006507874}
[2025-05-28 21:28:01] - test_results: {'mae': 0.2525666654109955, 'mape': 1.4352952241897583, 'mse': 0.21720902621746063, 'rmse': 0.4660568833351135}
[2025-05-28 21:28:01] - loss no decreased for 5 epochs,  early stopping ....
[2025-05-28 21:28:04] - test_results: {'mae': 0.2588951587677002, 'mape': 1.4303637742996216, 'mse': 0.21785402297973633, 'rmse': 0.46674835681915283}
