[2025-06-03 15:35:15] - run : 0 in seed: 2
[2025-06-03 15:35:15] - +-----------------------------------+------------+
|              Modules              | Parameters |
+-----------------------------------+------------+
|     fm.Linear_Seasonal.weight     |    9216    |
|      fm.Linear_Seasonal.bias      |     96     |
|       fm.Linear_Trend.weight      |    9216    |
|        fm.Linear_Trend.bias       |     96     |
|             nm.weight             |    1724    |
| nm.model_freq.model_freq.0.weight |    6144    |
|  nm.model_freq.model_freq.0.bias  |     64     |
|  nm.model_freq.model_all.0.weight |   20480    |
|   nm.model_freq.model_all.0.bias  |    128     |
|  nm.model_freq.model_all.2.weight |   12288    |
|   nm.model_freq.model_all.2.bias  |     96     |
| nm.model_pred.model_freq.0.weight |   24576    |
|  nm.model_pred.model_freq.0.bias  |    256     |
|  nm.model_pred.model_all.0.weight |   180224   |
|   nm.model_pred.model_all.0.bias  |    512     |
|  nm.model_pred.model_all.2.weight |   49152    |
|   nm.model_pred.model_all.2.bias  |     96     |
+-----------------------------------+------------+
[2025-06-03 15:35:15] - Total Trainable Params: 314364
[2025-06-03 15:35:15] - model parameters: 314364
[2025-06-03 15:35:32] - Epoch: 1 cost time: 16.754544973373413
[2025-06-03 15:35:32] - Traininng loss : 0.9170950991766793
[2025-06-03 15:35:39] - vali_results: {'mae': 0.34020912647247314, 'mape': 5.227113723754883, 'mse': 0.3910718262195587, 'rmse': 0.6253573298454285}
[2025-06-03 15:35:43] - test_results: {'mae': 0.379002183675766, 'mape': 8.10041618347168, 'mse': 0.4703613519668579, 'rmse': 0.6858289241790771}
[2025-06-03 15:36:00] - Epoch: 2 cost time: 44.673218727111816
[2025-06-03 15:36:00] - Traininng loss : 0.7106784402378021
[2025-06-03 15:36:07] - vali_results: {'mae': 0.3214397430419922, 'mape': 4.779651165008545, 'mse': 0.36432039737701416, 'rmse': 0.6035895943641663}
[2025-06-03 15:36:12] - test_results: {'mae': 0.3618168234825134, 'mape': 7.2074360847473145, 'mse': 0.4457765817642212, 'rmse': 0.6676650047302246}
[2025-06-03 15:36:29] - Epoch: 3 cost time: 73.46955442428589
[2025-06-03 15:36:29] - Traininng loss : 0.6733371973353088
[2025-06-03 15:36:37] - vali_results: {'mae': 0.3143680691719055, 'mape': 4.6251020431518555, 'mse': 0.353180855512619, 'rmse': 0.5942901968955994}
[2025-06-03 15:36:42] - test_results: {'mae': 0.35651135444641113, 'mape': 6.951847076416016, 'mse': 0.43656450510025024, 'rmse': 0.6607303023338318}
[2025-06-03 15:36:59] - Epoch: 4 cost time: 103.91886758804321
[2025-06-03 15:36:59] - Traininng loss : 0.6519592372828691
[2025-06-03 15:37:07] - vali_results: {'mae': 0.3101635277271271, 'mape': 4.599634647369385, 'mse': 0.34796786308288574, 'rmse': 0.5898880362510681}
[2025-06-03 15:37:12] - test_results: {'mae': 0.35221362113952637, 'mape': 6.790390491485596, 'mse': 0.43108853697776794, 'rmse': 0.6565733551979065}
[2025-06-03 15:37:29] - Epoch: 5 cost time: 133.38599181175232
[2025-06-03 15:37:29] - Traininng loss : 0.6381924535546984
[2025-06-03 15:37:37] - vali_results: {'mae': 0.30828776955604553, 'mape': 4.629679203033447, 'mse': 0.3431079089641571, 'rmse': 0.5857541561126709}
[2025-06-03 15:37:41] - test_results: {'mae': 0.3514571785926819, 'mape': 6.898406028747559, 'mse': 0.42724767327308655, 'rmse': 0.6536418795585632}
[2025-06-03 15:37:59] - Epoch: 6 cost time: 163.12583255767822
[2025-06-03 15:37:59] - Traininng loss : 0.62813440406764
[2025-06-03 15:38:07] - vali_results: {'mae': 0.3061427175998688, 'mape': 4.558193206787109, 'mse': 0.34178659319877625, 'rmse': 0.5846251845359802}
[2025-06-03 15:38:11] - test_results: {'mae': 0.3488117456436157, 'mape': 6.6470770835876465, 'mse': 0.4248710870742798, 'rmse': 0.6518213748931885}
[2025-06-03 15:38:29] - Epoch: 7 cost time: 193.72817015647888
[2025-06-03 15:38:29] - Traininng loss : 0.6205637145925451
[2025-06-03 15:38:37] - vali_results: {'mae': 0.3026439845561981, 'mape': 4.4511332511901855, 'mse': 0.33854299783706665, 'rmse': 0.5818445086479187}
[2025-06-03 15:38:42] - test_results: {'mae': 0.34650251269340515, 'mape': 6.38090705871582, 'mse': 0.42348700761795044, 'rmse': 0.6507588028907776}
[2025-06-03 15:38:59] - Epoch: 8 cost time: 223.96560192108154
[2025-06-03 15:38:59] - Traininng loss : 0.6142507685870721
[2025-06-03 15:39:07] - vali_results: {'mae': 0.301546573638916, 'mape': 4.5191755294799805, 'mse': 0.33542725443840027, 'rmse': 0.5791608095169067}
[2025-06-03 15:39:12] - test_results: {'mae': 0.3457726836204529, 'mape': 6.67033576965332, 'mse': 0.4200258255004883, 'rmse': 0.6480939984321594}
[2025-06-03 15:39:29] - Epoch: 9 cost time: 253.9471092224121
[2025-06-03 15:39:29] - Traininng loss : 0.6093014943851995
[2025-06-03 15:39:37] - vali_results: {'mae': 0.3004797697067261, 'mape': 4.439379692077637, 'mse': 0.3355763852596283, 'rmse': 0.5792895555496216}
[2025-06-03 15:39:41] - test_results: {'mae': 0.343926340341568, 'mape': 6.316462993621826, 'mse': 0.4196068346500397, 'rmse': 0.6477706432342529}
[2025-06-03 15:39:59] - Epoch: 10 cost time: 283.2903263568878
[2025-06-03 15:39:59] - Traininng loss : 0.6051284662945561
[2025-06-03 15:40:06] - vali_results: {'mae': 0.3002624213695526, 'mape': 4.52021598815918, 'mse': 0.33254531025886536, 'rmse': 0.5766674280166626}
[2025-06-03 15:40:10] - test_results: {'mae': 0.3443590998649597, 'mape': 6.611340045928955, 'mse': 0.41733384132385254, 'rmse': 0.6460137963294983}
[2025-06-03 15:40:28] - Epoch: 11 cost time: 312.22211599349976
[2025-06-03 15:40:28] - Traininng loss : 0.6016533493049561
[2025-06-03 15:40:35] - vali_results: {'mae': 0.2993420660495758, 'mape': 4.526909351348877, 'mse': 0.33158165216445923, 'rmse': 0.5758312940597534}
[2025-06-03 15:40:39] - test_results: {'mae': 0.34466636180877686, 'mape': 6.589371681213379, 'mse': 0.4176866114139557, 'rmse': 0.6462867856025696}
[2025-06-03 15:40:56] - Epoch: 12 cost time: 340.305166721344
[2025-06-03 15:40:56] - Traininng loss : 0.5986798154929328
[2025-06-03 15:41:03] - vali_results: {'mae': 0.29809457063674927, 'mape': 4.505114555358887, 'mse': 0.3307530879974365, 'rmse': 0.5751113891601562}
[2025-06-03 15:41:07] - test_results: {'mae': 0.3425101637840271, 'mape': 6.5464982986450195, 'mse': 0.41589707136154175, 'rmse': 0.6449007987976074}
[2025-06-03 15:41:24] - Epoch: 13 cost time: 368.23645639419556
[2025-06-03 15:41:24] - Traininng loss : 0.596183070903102
[2025-06-03 15:41:31] - vali_results: {'mae': 0.30064648389816284, 'mape': 4.581213474273682, 'mse': 0.33073878288269043, 'rmse': 0.5750989317893982}
[2025-06-03 15:41:35] - test_results: {'mae': 0.3461427390575409, 'mape': 6.611445903778076, 'mse': 0.41697946190834045, 'rmse': 0.6457394957542419}
[2025-06-03 15:41:52] - Epoch: 14 cost time: 396.9190716743469
[2025-06-03 15:41:52] - Traininng loss : 0.5940859243667945
[2025-06-03 15:42:00] - vali_results: {'mae': 0.2980112135410309, 'mape': 4.445059299468994, 'mse': 0.3293529152870178, 'rmse': 0.5738927721977234}
[2025-06-03 15:42:04] - test_results: {'mae': 0.3438786566257477, 'mape': 6.471017837524414, 'mse': 0.4159490466117859, 'rmse': 0.6449410915374756}
[2025-06-03 15:42:21] - Epoch: 15 cost time: 425.4876763820648
[2025-06-03 15:42:21] - Traininng loss : 0.5919276441215838
[2025-06-03 15:42:28] - vali_results: {'mae': 0.2978050410747528, 'mape': 4.509549617767334, 'mse': 0.3285687565803528, 'rmse': 0.5732091665267944}
[2025-06-03 15:42:33] - test_results: {'mae': 0.3430687487125397, 'mape': 6.528520584106445, 'mse': 0.4141988754272461, 'rmse': 0.643582820892334}
[2025-06-03 15:42:50] - Epoch: 16 cost time: 454.68238377571106
[2025-06-03 15:42:50] - Traininng loss : 0.5902356095414943
[2025-06-03 15:42:58] - vali_results: {'mae': 0.29585519433021545, 'mape': 4.424799919128418, 'mse': 0.32846584916114807, 'rmse': 0.5731194019317627}
[2025-06-03 15:43:02] - test_results: {'mae': 0.33974719047546387, 'mape': 6.298947334289551, 'mse': 0.4125852584838867, 'rmse': 0.6423280239105225}
[2025-06-03 15:43:20] - Epoch: 17 cost time: 484.3024125099182
[2025-06-03 15:43:20] - Traininng loss : 0.5885683676553151
[2025-06-03 15:43:27] - vali_results: {'mae': 0.29621127247810364, 'mape': 4.521693706512451, 'mse': 0.32662683725357056, 'rmse': 0.571512758731842}
[2025-06-03 15:43:32] - test_results: {'mae': 0.3412500023841858, 'mape': 6.5683369636535645, 'mse': 0.41206446290016174, 'rmse': 0.6419224739074707}
[2025-06-03 15:43:49] - Epoch: 18 cost time: 513.7623813152313
[2025-06-03 15:43:49] - Traininng loss : 0.5871392449058553
[2025-06-03 15:43:57] - vali_results: {'mae': 0.2951745390892029, 'mape': 4.500911235809326, 'mse': 0.3261438310146332, 'rmse': 0.571090042591095}
[2025-06-03 15:44:01] - test_results: {'mae': 0.34032246470451355, 'mape': 6.5362138748168945, 'mse': 0.4119648039340973, 'rmse': 0.6418448686599731}
[2025-06-03 15:44:19] - Epoch: 19 cost time: 543.5955650806427
[2025-06-03 15:44:19] - Traininng loss : 0.585869408000714
[2025-06-03 15:44:26] - vali_results: {'mae': 0.29461726546287537, 'mape': 4.397924423217773, 'mse': 0.32636120915412903, 'rmse': 0.571280300617218}
[2025-06-03 15:44:31] - test_results: {'mae': 0.33956706523895264, 'mape': 6.331581115722656, 'mse': 0.41150057315826416, 'rmse': 0.6414831280708313}
[2025-06-03 15:44:48] - Epoch: 20 cost time: 572.9518156051636
[2025-06-03 15:44:48] - Traininng loss : 0.5846944836081651
[2025-06-03 15:44:56] - vali_results: {'mae': 0.2946644723415375, 'mape': 4.372020244598389, 'mse': 0.3263475298881531, 'rmse': 0.5712683796882629}
[2025-06-03 15:45:01] - test_results: {'mae': 0.33952879905700684, 'mape': 6.2537617683410645, 'mse': 0.41123008728027344, 'rmse': 0.641272246837616}
[2025-06-03 15:45:19] - Epoch: 21 cost time: 603.1898336410522
[2025-06-03 15:45:19] - Traininng loss : 0.5834804841134914
[2025-06-03 15:45:26] - vali_results: {'mae': 0.2943938672542572, 'mape': 4.419912815093994, 'mse': 0.3255487382411957, 'rmse': 0.5705687999725342}
[2025-06-03 15:45:31] - test_results: {'mae': 0.33917224407196045, 'mape': 6.396576404571533, 'mse': 0.41041940450668335, 'rmse': 0.6406398415565491}
[2025-06-03 15:45:49] - Epoch: 22 cost time: 633.0703234672546
[2025-06-03 15:45:49] - Traininng loss : 0.5824864519336236
[2025-06-03 15:45:56] - vali_results: {'mae': 0.29323020577430725, 'mape': 4.368785858154297, 'mse': 0.32492098212242126, 'rmse': 0.5700184106826782}
[2025-06-03 15:46:00] - test_results: {'mae': 0.3383309841156006, 'mape': 6.27280330657959, 'mse': 0.41001734137535095, 'rmse': 0.6403259634971619}
[2025-06-03 15:46:18] - Epoch: 23 cost time: 662.4842598438263
[2025-06-03 15:46:18] - Traininng loss : 0.5815055788194061
[2025-06-03 15:46:25] - vali_results: {'mae': 0.2935107350349426, 'mape': 4.44156551361084, 'mse': 0.3241741955280304, 'rmse': 0.569362998008728}
[2025-06-03 15:46:30] - test_results: {'mae': 0.3385979235172272, 'mape': 6.500162601470947, 'mse': 0.4092099070549011, 'rmse': 0.6396951675415039}
[2025-06-03 15:46:48] - Epoch: 24 cost time: 692.2232980728149
[2025-06-03 15:46:48] - Traininng loss : 0.5807016132369874
[2025-06-03 15:46:55] - vali_results: {'mae': 0.29360708594322205, 'mape': 4.453802108764648, 'mse': 0.32322242856025696, 'rmse': 0.568526566028595}
[2025-06-03 15:47:00] - test_results: {'mae': 0.3393191993236542, 'mape': 6.592142105102539, 'mse': 0.40951550006866455, 'rmse': 0.6399340033531189}
[2025-06-03 15:47:18] - Epoch: 25 cost time: 722.583470582962
[2025-06-03 15:47:18] - Traininng loss : 0.5795934123021586
[2025-06-03 15:47:26] - vali_results: {'mae': 0.2928268611431122, 'mape': 4.385815620422363, 'mse': 0.3236047923564911, 'rmse': 0.5688627362251282}
[2025-06-03 15:47:31] - test_results: {'mae': 0.3385877311229706, 'mape': 6.351849555969238, 'mse': 0.4095848500728607, 'rmse': 0.6399881839752197}
[2025-06-03 15:47:49] - Epoch: 26 cost time: 753.055935382843
[2025-06-03 15:47:49] - Traininng loss : 0.5789221261859571
[2025-06-03 15:47:57] - vali_results: {'mae': 0.29247164726257324, 'mape': 4.348820686340332, 'mse': 0.3245861232280731, 'rmse': 0.5697246193885803}
[2025-06-03 15:48:01] - test_results: {'mae': 0.33660051226615906, 'mape': 6.195705890655518, 'mse': 0.40866032242774963, 'rmse': 0.6392654776573181}
[2025-06-03 15:48:19] - Epoch: 27 cost time: 783.558641910553
[2025-06-03 15:48:19] - Traininng loss : 0.5782052734226146
[2025-06-03 15:48:27] - vali_results: {'mae': 0.2929554879665375, 'mape': 4.379417896270752, 'mse': 0.32409340143203735, 'rmse': 0.5692920088768005}
[2025-06-03 15:48:31] - test_results: {'mae': 0.3382417857646942, 'mape': 6.303114891052246, 'mse': 0.4091651439666748, 'rmse': 0.6396601796150208}
[2025-06-03 15:48:49] - Epoch: 28 cost time: 813.1769757270813
[2025-06-03 15:48:49] - Traininng loss : 0.5777037998355886
[2025-06-03 15:48:56] - vali_results: {'mae': 0.29204025864601135, 'mape': 4.409247875213623, 'mse': 0.3222273290157318, 'rmse': 0.5676507353782654}
[2025-06-03 15:49:00] - test_results: {'mae': 0.33753782510757446, 'mape': 6.422214984893799, 'mse': 0.4076479375362396, 'rmse': 0.6384731531143188}
[2025-06-03 15:49:18] - Epoch: 29 cost time: 842.9384965896606
[2025-06-03 15:49:18] - Traininng loss : 0.5768203289105148
[2025-06-03 15:49:26] - vali_results: {'mae': 0.2921278774738312, 'mape': 4.407680988311768, 'mse': 0.32252034544944763, 'rmse': 0.567908763885498}
[2025-06-03 15:49:30] - test_results: {'mae': 0.3371441066265106, 'mape': 6.45265531539917, 'mse': 0.40749573707580566, 'rmse': 0.6383539438247681}
[2025-06-03 15:49:48] - Epoch: 30 cost time: 872.1352159976959
[2025-06-03 15:49:48] - Traininng loss : 0.5762788035251476
[2025-06-03 15:49:55] - vali_results: {'mae': 0.29150334000587463, 'mape': 4.385998249053955, 'mse': 0.32233288884162903, 'rmse': 0.5677436590194702}
[2025-06-03 15:49:59] - test_results: {'mae': 0.3368537724018097, 'mape': 6.347748279571533, 'mse': 0.40757790207862854, 'rmse': 0.6384182572364807}
[2025-06-03 15:50:17] - Epoch: 31 cost time: 901.3997271060944
[2025-06-03 15:50:17] - Traininng loss : 0.5756978898767441
[2025-06-03 15:50:24] - vali_results: {'mae': 0.2924728989601135, 'mape': 4.425826549530029, 'mse': 0.3214789628982544, 'rmse': 0.5669911503791809}
[2025-06-03 15:50:29] - test_results: {'mae': 0.3391377925872803, 'mape': 6.552793502807617, 'mse': 0.408150315284729, 'rmse': 0.6388664245605469}
[2025-06-03 15:50:47] - Epoch: 32 cost time: 931.4903781414032
[2025-06-03 15:50:47] - Traininng loss : 0.5750108544157926
[2025-06-03 15:50:54] - vali_results: {'mae': 0.29075121879577637, 'mape': 4.370671272277832, 'mse': 0.32221418619155884, 'rmse': 0.5676391124725342}
[2025-06-03 15:50:58] - test_results: {'mae': 0.33526501059532166, 'mape': 6.398988246917725, 'mse': 0.40636131167411804, 'rmse': 0.6374647617340088}
[2025-06-03 15:51:16] - Epoch: 33 cost time: 960.4699869155884
[2025-06-03 15:51:16] - Traininng loss : 0.5744946594276126
[2025-06-03 15:51:23] - vali_results: {'mae': 0.29064980149269104, 'mape': 4.408639907836914, 'mse': 0.320770800113678, 'rmse': 0.5663663148880005}
[2025-06-03 15:51:28] - test_results: {'mae': 0.33657822012901306, 'mape': 6.448465824127197, 'mse': 0.4070204794406891, 'rmse': 0.6379815936088562}
[2025-06-03 15:51:46] - Epoch: 34 cost time: 990.4456329345703
[2025-06-03 15:51:46] - Traininng loss : 0.573923579284123
[2025-06-03 15:51:53] - vali_results: {'mae': 0.2908641993999481, 'mape': 4.3677520751953125, 'mse': 0.3207738399505615, 'rmse': 0.5663689970970154}
[2025-06-03 15:51:57] - test_results: {'mae': 0.33736497163772583, 'mape': 6.419750213623047, 'mse': 0.40734148025512695, 'rmse': 0.6382330656051636}
[2025-06-03 15:52:15] - Epoch: 35 cost time: 1019.2342576980591
[2025-06-03 15:52:15] - Traininng loss : 0.5734170937033557
[2025-06-03 15:52:22] - vali_results: {'mae': 0.29004281759262085, 'mape': 4.353420257568359, 'mse': 0.3213804364204407, 'rmse': 0.5669042468070984}
[2025-06-03 15:52:26] - test_results: {'mae': 0.3357432782649994, 'mape': 6.233634948730469, 'mse': 0.4066648483276367, 'rmse': 0.6377027630805969}
[2025-06-03 15:52:44] - Epoch: 36 cost time: 1048.64590549469
[2025-06-03 15:52:44] - Traininng loss : 0.5730470118541566
[2025-06-03 15:52:51] - vali_results: {'mae': 0.29066136479377747, 'mape': 4.42236328125, 'mse': 0.32023346424102783, 'rmse': 0.5658917427062988}
[2025-06-03 15:52:55] - test_results: {'mae': 0.3367827832698822, 'mape': 6.483892440795898, 'mse': 0.40606042742729187, 'rmse': 0.6372287273406982}
[2025-06-03 15:53:13] - Epoch: 37 cost time: 1077.5099272727966
[2025-06-03 15:53:13] - Traininng loss : 0.5725647336433805
[2025-06-03 15:53:20] - vali_results: {'mae': 0.29040759801864624, 'mape': 4.419612884521484, 'mse': 0.3196861743927002, 'rmse': 0.5654079914093018}
[2025-06-03 15:53:25] - test_results: {'mae': 0.33676081895828247, 'mape': 6.586813449859619, 'mse': 0.40591344237327576, 'rmse': 0.6371133923530579}
[2025-06-03 15:53:43] - Epoch: 38 cost time: 1107.4864292144775
[2025-06-03 15:53:43] - Traininng loss : 0.5723123630834004
[2025-06-03 15:53:50] - vali_results: {'mae': 0.28915461897850037, 'mape': 4.30277681350708, 'mse': 0.32049065828323364, 'rmse': 0.5661189556121826}
[2025-06-03 15:53:55] - test_results: {'mae': 0.3340112566947937, 'mape': 6.29055643081665, 'mse': 0.40475228428840637, 'rmse': 0.6362014412879944}
[2025-06-03 15:54:12] - Epoch: 39 cost time: 1136.9712300300598
[2025-06-03 15:54:12] - Traininng loss : 0.5717018494214962
[2025-06-03 15:54:20] - vali_results: {'mae': 0.2892104983329773, 'mape': 4.348423004150391, 'mse': 0.32014426589012146, 'rmse': 0.5658129453659058}
[2025-06-03 15:54:24] - test_results: {'mae': 0.3343149721622467, 'mape': 6.311410427093506, 'mse': 0.4051065146923065, 'rmse': 0.6364797949790955}
[2025-06-03 15:54:42] - Epoch: 40 cost time: 1166.4768137931824
[2025-06-03 15:54:42] - Traininng loss : 0.5712694533602901
[2025-06-03 15:54:49] - vali_results: {'mae': 0.2892254889011383, 'mape': 4.293532848358154, 'mse': 0.32040098309516907, 'rmse': 0.5660397410392761}
[2025-06-03 15:54:53] - test_results: {'mae': 0.3351714611053467, 'mape': 6.184772968292236, 'mse': 0.40572622418403625, 'rmse': 0.6369664072990417}
[2025-06-03 15:55:11] - Epoch: 41 cost time: 1195.4258229732513
[2025-06-03 15:55:11] - Traininng loss : 0.5709605745222203
[2025-06-03 15:55:18] - vali_results: {'mae': 0.28953227400779724, 'mape': 4.388143539428711, 'mse': 0.3195571303367615, 'rmse': 0.5652938485145569}
[2025-06-03 15:55:22] - test_results: {'mae': 0.33491548895835876, 'mape': 6.495615482330322, 'mse': 0.4042554795742035, 'rmse': 0.635810911655426}
[2025-06-03 15:55:40] - Epoch: 42 cost time: 1224.4004995822906
[2025-06-03 15:55:40] - Traininng loss : 0.5706934671868723
[2025-06-03 15:55:47] - vali_results: {'mae': 0.2891092002391815, 'mape': 4.361936569213867, 'mse': 0.31893622875213623, 'rmse': 0.5647444128990173}
[2025-06-03 15:55:51] - test_results: {'mae': 0.3350425362586975, 'mape': 6.486557483673096, 'mse': 0.40455886721611023, 'rmse': 0.6360494494438171}
[2025-06-03 15:56:09] - Epoch: 43 cost time: 1253.986581325531
[2025-06-03 15:56:09] - Traininng loss : 0.5702628272551077
[2025-06-03 15:56:17] - vali_results: {'mae': 0.28899818658828735, 'mape': 4.41990852355957, 'mse': 0.3186088502407074, 'rmse': 0.5644544959068298}
[2025-06-03 15:56:22] - test_results: {'mae': 0.33484044671058655, 'mape': 6.566059112548828, 'mse': 0.40419435501098633, 'rmse': 0.6357628107070923}
[2025-06-03 15:56:39] - Epoch: 44 cost time: 1283.7880413532257
[2025-06-03 15:56:39] - Traininng loss : 0.5700425936116112
[2025-06-03 15:56:46] - vali_results: {'mae': 0.28844043612480164, 'mape': 4.356405258178711, 'mse': 0.3190125823020935, 'rmse': 0.5648120045661926}
[2025-06-03 15:56:51] - test_results: {'mae': 0.3339138925075531, 'mape': 6.403135776519775, 'mse': 0.40420761704444885, 'rmse': 0.635773241519928}
[2025-06-03 15:57:08] - Epoch: 45 cost time: 1312.3905079364777
[2025-06-03 15:57:08] - Traininng loss : 0.5694834943170901
[2025-06-03 15:57:15] - vali_results: {'mae': 0.2881183922290802, 'mape': 4.296934127807617, 'mse': 0.31921127438545227, 'rmse': 0.56498783826828}
[2025-06-03 15:57:20] - test_results: {'mae': 0.3341456353664398, 'mape': 6.195449352264404, 'mse': 0.4047943949699402, 'rmse': 0.6362345218658447}
[2025-06-03 15:57:37] - Epoch: 46 cost time: 1341.863614320755
[2025-06-03 15:57:37] - Traininng loss : 0.5693794864983786
[2025-06-03 15:57:45] - vali_results: {'mae': 0.2884475588798523, 'mape': 4.318209171295166, 'mse': 0.319169819355011, 'rmse': 0.5649511814117432}
[2025-06-03 15:57:50] - test_results: {'mae': 0.33408161997795105, 'mape': 6.286920070648193, 'mse': 0.4046114981174469, 'rmse': 0.6360908150672913}
[2025-06-03 15:58:08] - Epoch: 47 cost time: 1372.5055465698242
[2025-06-03 15:58:08] - Traininng loss : 0.5690942495745956
[2025-06-03 15:58:15] - vali_results: {'mae': 0.28779563307762146, 'mape': 4.304391860961914, 'mse': 0.3187325894832611, 'rmse': 0.564564049243927}
[2025-06-03 15:58:19] - test_results: {'mae': 0.33361178636550903, 'mape': 6.322810649871826, 'mse': 0.4038238525390625, 'rmse': 0.6354713439941406}
[2025-06-03 15:58:37] - Epoch: 48 cost time: 1401.5712485313416
[2025-06-03 15:58:37] - Traininng loss : 0.5687010892169185
[2025-06-03 15:58:44] - vali_results: {'mae': 0.287883460521698, 'mape': 4.319455146789551, 'mse': 0.3183176815509796, 'rmse': 0.5641964673995972}
[2025-06-03 15:58:49] - test_results: {'mae': 0.33339130878448486, 'mape': 6.326670169830322, 'mse': 0.40353336930274963, 'rmse': 0.635242760181427}
[2025-06-03 15:59:06] - Epoch: 49 cost time: 1430.9636857509613
[2025-06-03 15:59:06] - Traininng loss : 0.5683297402959652
[2025-06-03 15:59:14] - vali_results: {'mae': 0.28811001777648926, 'mape': 4.362104415893555, 'mse': 0.3177603781223297, 'rmse': 0.563702404499054}
[2025-06-03 15:59:18] - test_results: {'mae': 0.3343440294265747, 'mape': 6.457324504852295, 'mse': 0.40360748767852783, 'rmse': 0.6353011131286621}
[2025-06-03 15:59:35] - Epoch: 50 cost time: 1459.9079325199127
[2025-06-03 15:59:35] - Traininng loss : 0.5681784252325693
[2025-06-03 15:59:43] - vali_results: {'mae': 0.2869713008403778, 'mape': 4.258458137512207, 'mse': 0.31870004534721375, 'rmse': 0.5645352602005005}
[2025-06-03 15:59:47] - test_results: {'mae': 0.332296758890152, 'mape': 6.1414947509765625, 'mse': 0.40320199728012085, 'rmse': 0.6349818706512451}
[2025-06-03 16:00:04] - Epoch: 51 cost time: 1488.8298230171204
[2025-06-03 16:00:04] - Traininng loss : 0.5677834612036509
[2025-06-03 16:00:12] - vali_results: {'mae': 0.28793418407440186, 'mape': 4.349644184112549, 'mse': 0.3181672692298889, 'rmse': 0.5640631914138794}
[2025-06-03 16:00:16] - test_results: {'mae': 0.33322837948799133, 'mape': 6.410676002502441, 'mse': 0.40297839045524597, 'rmse': 0.6348057985305786}
[2025-06-03 16:00:34] - Epoch: 52 cost time: 1518.2888402938843
[2025-06-03 16:00:34] - Traininng loss : 0.5676522868335563
[2025-06-03 16:00:41] - vali_results: {'mae': 0.2874540388584137, 'mape': 4.334038734436035, 'mse': 0.31764307618141174, 'rmse': 0.5635983347892761}
[2025-06-03 16:00:45] - test_results: {'mae': 0.333720862865448, 'mape': 6.34641695022583, 'mse': 0.4032635986804962, 'rmse': 0.6350303888320923}
[2025-06-03 16:01:03] - Epoch: 53 cost time: 1547.3766930103302
[2025-06-03 16:01:03] - Traininng loss : 0.5673760096862833
[2025-06-03 16:01:10] - vali_results: {'mae': 0.2873757779598236, 'mape': 4.31464147567749, 'mse': 0.3181574046611786, 'rmse': 0.5640544295310974}
[2025-06-03 16:01:15] - test_results: {'mae': 0.3331342935562134, 'mape': 6.314699649810791, 'mse': 0.4031776785850525, 'rmse': 0.6349627375602722}
[2025-06-03 16:01:33] - Epoch: 54 cost time: 1577.10728931427
[2025-06-03 16:01:33] - Traininng loss : 0.5672429543008249
[2025-06-03 16:01:40] - vali_results: {'mae': 0.28744009137153625, 'mape': 4.362226486206055, 'mse': 0.31714656949043274, 'rmse': 0.5631576776504517}
[2025-06-03 16:01:45] - test_results: {'mae': 0.33379286527633667, 'mape': 6.439571380615234, 'mse': 0.40337803959846497, 'rmse': 0.6351205110549927}
[2025-06-03 16:02:02] - Epoch: 55 cost time: 1606.5296852588654
[2025-06-03 16:02:02] - Traininng loss : 0.5669577954307435
[2025-06-03 16:02:10] - vali_results: {'mae': 0.2868685722351074, 'mape': 4.301371097564697, 'mse': 0.3178229033946991, 'rmse': 0.5637578368186951}
[2025-06-03 16:02:14] - test_results: {'mae': 0.33274874091148376, 'mape': 6.3172101974487305, 'mse': 0.4029214680194855, 'rmse': 0.6347609758377075}
[2025-06-03 16:02:32] - Epoch: 56 cost time: 1636.5935668945312
[2025-06-03 16:02:32] - Traininng loss : 0.5667189090024858
[2025-06-03 16:02:40] - vali_results: {'mae': 0.2867000102996826, 'mape': 4.303727626800537, 'mse': 0.31767991185188293, 'rmse': 0.563630998134613}
[2025-06-03 16:02:44] - test_results: {'mae': 0.3321368098258972, 'mape': 6.344189643859863, 'mse': 0.40231889486312866, 'rmse': 0.634286105632782}
[2025-06-03 16:03:02] - Epoch: 57 cost time: 1666.6760184764862
[2025-06-03 16:03:02] - Traininng loss : 0.5664999864246479
[2025-06-03 16:03:09] - vali_results: {'mae': 0.2866201102733612, 'mape': 4.305403709411621, 'mse': 0.31763747334480286, 'rmse': 0.5635933876037598}
[2025-06-03 16:03:14] - test_results: {'mae': 0.33169320225715637, 'mape': 6.334068775177002, 'mse': 0.4017541706562042, 'rmse': 0.633840799331665}
[2025-06-03 16:03:31] - Epoch: 58 cost time: 1695.97931432724
[2025-06-03 16:03:31] - Traininng loss : 0.5663617105868758
[2025-06-03 16:03:39] - vali_results: {'mae': 0.2866196930408478, 'mape': 4.289225101470947, 'mse': 0.31780537962913513, 'rmse': 0.5637422800064087}
[2025-06-03 16:03:43] - test_results: {'mae': 0.3318636119365692, 'mape': 6.250536918640137, 'mse': 0.40211954712867737, 'rmse': 0.634128987789154}
[2025-06-03 16:04:01] - Epoch: 59 cost time: 1725.3170437812805
[2025-06-03 16:04:01] - Traininng loss : 0.5661669569040733
[2025-06-03 16:04:08] - vali_results: {'mae': 0.2868693768978119, 'mape': 4.302163600921631, 'mse': 0.3174598813056946, 'rmse': 0.5634357929229736}
[2025-06-03 16:04:13] - test_results: {'mae': 0.33262354135513306, 'mape': 6.297477722167969, 'mse': 0.4024941325187683, 'rmse': 0.6344242691993713}
[2025-06-03 16:04:13] - loss no decreased for 5 epochs,  early stopping ....
[2025-06-03 16:04:17] - test_results: {'mae': 0.33379286527633667, 'mape': 6.439571380615234, 'mse': 0.40337803959846497, 'rmse': 0.6351205110549927}
