[2025-06-05 17:21:15] - run : 2 in seed: 4
[2025-06-05 17:21:15] - +-----------------------------------+------------+
|              Modules              | Parameters |
+-----------------------------------+------------+
|     fm.Linear_Seasonal.weight     |   32256    |
|      fm.Linear_Seasonal.bias      |    336     |
|       fm.Linear_Trend.weight      |   32256    |
|        fm.Linear_Trend.bias       |    336     |
|             nm.weight             |     14     |
| nm.model_freq.model_freq.0.weight |    6144    |
|  nm.model_freq.model_freq.0.bias  |     64     |
|  nm.model_freq.model_all.0.weight |   20480    |
|   nm.model_freq.model_all.0.bias  |    128     |
|  nm.model_freq.model_all.2.weight |   43008    |
|   nm.model_freq.model_all.2.bias  |    336     |
| nm.model_pred.model_freq.0.weight |   24576    |
|  nm.model_pred.model_freq.0.bias  |    256     |
|  nm.model_pred.model_all.0.weight |   180224   |
|   nm.model_pred.model_all.0.bias  |    512     |
|  nm.model_pred.model_all.2.weight |   172032   |
|   nm.model_pred.model_all.2.bias  |    336     |
+-----------------------------------+------------+
[2025-06-05 17:21:15] - Total Trainable Params: 513294
[2025-06-05 17:21:15] - model parameters: 513294
[2025-06-05 17:22:16] - Epoch: 1 cost time: 61.245994091033936
[2025-06-05 17:22:16] - Traininng loss : 0.5995529853966282
[2025-06-05 17:22:23] - vali_results: {'mae': 0.33275729417800903, 'mape': 1.9117611646652222, 'mse': 0.24406692385673523, 'rmse': 0.49403131008148193}
[2025-06-05 17:22:27] - test_results: {'mae': 0.2448391616344452, 'mape': 2.380650281906128, 'mse': 0.1160087138414383, 'rmse': 0.34060052037239075}
[2025-06-05 17:23:29] - Epoch: 2 cost time: 133.94147205352783
[2025-06-05 17:23:29] - Traininng loss : 0.5513485571964934
[2025-06-05 17:23:35] - vali_results: {'mae': 0.33852750062942505, 'mape': 1.8727245330810547, 'mse': 0.24674902856349945, 'rmse': 0.49673840403556824}
[2025-06-05 17:23:39] - test_results: {'mae': 0.24658730626106262, 'mape': 2.3296258449554443, 'mse': 0.11591122299432755, 'rmse': 0.34045737981796265}
[2025-06-05 17:24:40] - Epoch: 3 cost time: 204.70143270492554
[2025-06-05 17:24:40] - Traininng loss : 0.5416151188525989
[2025-06-05 17:24:47] - vali_results: {'mae': 0.35372182726860046, 'mape': 1.7587852478027344, 'mse': 0.2632250487804413, 'rmse': 0.513054609298706}
[2025-06-05 17:24:50] - test_results: {'mae': 0.2512251138687134, 'mape': 2.259967088699341, 'mse': 0.11811693757772446, 'rmse': 0.3436814546585083}
[2025-06-05 17:25:50] - Epoch: 4 cost time: 275.3321747779846
[2025-06-05 17:25:50] - Traininng loss : 0.5375306792286041
[2025-06-05 17:25:57] - vali_results: {'mae': 0.342497318983078, 'mape': 1.7989917993545532, 'mse': 0.2511056661605835, 'rmse': 0.501104474067688}
[2025-06-05 17:26:01] - test_results: {'mae': 0.24617967009544373, 'mape': 2.2800562381744385, 'mse': 0.11530942469835281, 'rmse': 0.33957239985466003}
[2025-06-05 17:27:01] - Epoch: 5 cost time: 346.3742768764496
[2025-06-05 17:27:01] - Traininng loss : 0.5335800803847695
[2025-06-05 17:27:09] - vali_results: {'mae': 0.330953985452652, 'mape': 1.8531742095947266, 'mse': 0.24163922667503357, 'rmse': 0.49156811833381653}
[2025-06-05 17:27:12] - test_results: {'mae': 0.24123404920101166, 'mape': 2.3887295722961426, 'mse': 0.11311894655227661, 'rmse': 0.3363316059112549}
[2025-06-05 17:28:12] - Epoch: 6 cost time: 417.08272337913513
[2025-06-05 17:28:12] - Traininng loss : 0.5307740317047391
[2025-06-05 17:28:19] - vali_results: {'mae': 0.3324572741985321, 'mape': 1.8512264490127563, 'mse': 0.23988111317157745, 'rmse': 0.4897765815258026}
[2025-06-05 17:28:23] - test_results: {'mae': 0.24382779002189636, 'mape': 2.2831451892852783, 'mse': 0.11508866399526596, 'rmse': 0.3392471969127655}
[2025-06-05 17:29:25] - Epoch: 7 cost time: 489.91348147392273
[2025-06-05 17:29:25] - Traininng loss : 0.5292753693206984
[2025-06-05 17:29:32] - vali_results: {'mae': 0.33049800992012024, 'mape': 1.8362343311309814, 'mse': 0.23999103903770447, 'rmse': 0.4898888170719147}
[2025-06-05 17:29:35] - test_results: {'mae': 0.24119091033935547, 'mape': 2.368028402328491, 'mse': 0.1129608303308487, 'rmse': 0.33609646558761597}
[2025-06-05 17:30:35] - Epoch: 8 cost time: 560.2626612186432
[2025-06-05 17:30:35] - Traininng loss : 0.5279434957621036
[2025-06-05 17:30:43] - vali_results: {'mae': 0.3461587131023407, 'mape': 1.7191232442855835, 'mse': 0.25627920031547546, 'rmse': 0.5062402486801147}
[2025-06-05 17:30:47] - test_results: {'mae': 0.24649609625339508, 'mape': 2.222245693206787, 'mse': 0.11540272831916809, 'rmse': 0.3397097587585449}
[2025-06-05 17:31:47] - Epoch: 9 cost time: 632.1446080207825
[2025-06-05 17:31:47] - Traininng loss : 0.5265949870244625
[2025-06-05 17:31:54] - vali_results: {'mae': 0.3364658057689667, 'mape': 1.8068649768829346, 'mse': 0.2468922883272171, 'rmse': 0.4968825578689575}
[2025-06-05 17:31:58] - test_results: {'mae': 0.2426249086856842, 'mape': 2.3316197395324707, 'mse': 0.11398085951805115, 'rmse': 0.33761051297187805}
[2025-06-05 17:33:00] - Epoch: 10 cost time: 704.6126337051392
[2025-06-05 17:33:00] - Traininng loss : 0.5244180806064984
[2025-06-05 17:33:06] - vali_results: {'mae': 0.33470430970191956, 'mape': 1.7956725358963013, 'mse': 0.2429935336112976, 'rmse': 0.49294373393058777}
[2025-06-05 17:33:10] - test_results: {'mae': 0.2422284632921219, 'mape': 2.297382116317749, 'mse': 0.11315077543258667, 'rmse': 0.33637890219688416}
[2025-06-05 17:34:11] - Epoch: 11 cost time: 775.9214787483215
[2025-06-05 17:34:11] - Traininng loss : 0.5236420518787076
[2025-06-05 17:34:17] - vali_results: {'mae': 0.3307468891143799, 'mape': 1.8243918418884277, 'mse': 0.24217523634433746, 'rmse': 0.49211302399635315}
[2025-06-05 17:34:21] - test_results: {'mae': 0.24117033183574677, 'mape': 2.3233625888824463, 'mse': 0.11421247571706772, 'rmse': 0.3379533588886261}
[2025-06-05 17:34:21] - loss no decreased for 5 epochs,  early stopping ....
[2025-06-05 17:34:24] - test_results: {'mae': 0.24382779002189636, 'mape': 2.2831451892852783, 'mse': 0.11508866399526596, 'rmse': 0.3392471969127655}
