[2025-06-04 16:26:58] - run : 3 in seed: 5
[2025-06-04 16:26:58] - +-----------------------------------+------------+
|              Modules              | Parameters |
+-----------------------------------+------------+
|     fm.Linear_Seasonal.weight     |   69120    |
|      fm.Linear_Seasonal.bias      |    720     |
|       fm.Linear_Trend.weight      |   69120    |
|        fm.Linear_Trend.bias       |    720     |
|             nm.weight             |     14     |
| nm.model_freq.model_freq.0.weight |    6144    |
|  nm.model_freq.model_freq.0.bias  |     64     |
|  nm.model_freq.model_all.0.weight |   20480    |
|   nm.model_freq.model_all.0.bias  |    128     |
|  nm.model_freq.model_all.2.weight |   92160    |
|   nm.model_freq.model_all.2.bias  |    720     |
| nm.model_pred.model_freq.0.weight |   24576    |
|  nm.model_pred.model_freq.0.bias  |    256     |
|  nm.model_pred.model_all.0.weight |   180224   |
|   nm.model_pred.model_all.0.bias  |    512     |
|  nm.model_pred.model_all.2.weight |   368640   |
|   nm.model_pred.model_all.2.bias  |    720     |
+-----------------------------------+------------+
[2025-06-04 16:26:58] - Total Trainable Params: 834318
[2025-06-04 16:26:58] - model parameters: 834318
[2025-06-04 16:27:24] - Epoch: 1 cost time: 25.139681816101074
[2025-06-04 16:27:24] - Traininng loss : 1.3541873325122875
[2025-06-04 16:27:26] - vali_results: {'mae': 0.5027734041213989, 'mape': 3.7838945388793945, 'mse': 0.4487995505332947, 'rmse': 0.6699250340461731}
[2025-06-04 16:27:27] - test_results: {'mae': 0.33022427558898926, 'mape': 11.864729881286621, 'mse': 0.19197392463684082, 'rmse': 0.43814828991889954}
[2025-06-04 16:27:52] - Epoch: 2 cost time: 53.75829863548279
[2025-06-04 16:27:52] - Traininng loss : 1.2460425537958573
[2025-06-04 16:27:54] - vali_results: {'mae': 0.4659643769264221, 'mape': 4.3292741775512695, 'mse': 0.3985437750816345, 'rmse': 0.6313032507896423}
[2025-06-04 16:27:55] - test_results: {'mae': 0.29870545864105225, 'mape': 15.019832611083984, 'mse': 0.16574062407016754, 'rmse': 0.4071125388145447}
[2025-06-04 16:28:20] - Epoch: 3 cost time: 81.52543377876282
[2025-06-04 16:28:20] - Traininng loss : 1.2268101569641843
[2025-06-04 16:28:22] - vali_results: {'mae': 0.4874802529811859, 'mape': 4.109882831573486, 'mse': 0.43310829997062683, 'rmse': 0.6581096649169922}
[2025-06-04 16:28:23] - test_results: {'mae': 0.31221720576286316, 'mape': 13.008655548095703, 'mse': 0.1752525418996811, 'rmse': 0.41863176226615906}
[2025-06-04 16:28:48] - Epoch: 4 cost time: 109.99290013313293
[2025-06-04 16:28:48] - Traininng loss : 1.210889335931017
[2025-06-04 16:28:51] - vali_results: {'mae': 0.46453025937080383, 'mape': 4.205784797668457, 'mse': 0.3984435200691223, 'rmse': 0.6312237977981567}
[2025-06-04 16:28:52] - test_results: {'mae': 0.2952262759208679, 'mape': 15.105586051940918, 'mse': 0.1615336835384369, 'rmse': 0.40191254019737244}
[2025-06-04 16:29:17] - Epoch: 5 cost time: 138.13200902938843
[2025-06-04 16:29:17] - Traininng loss : 1.2010279783372129
[2025-06-04 16:29:19] - vali_results: {'mae': 0.4546017348766327, 'mape': 4.248490333557129, 'mse': 0.3867363929748535, 'rmse': 0.6218813061714172}
[2025-06-04 16:29:20] - test_results: {'mae': 0.28604596853256226, 'mape': 16.616641998291016, 'mse': 0.15764020383358002, 'rmse': 0.3970392942428589}
[2025-06-04 16:29:45] - Epoch: 6 cost time: 166.43546557426453
[2025-06-04 16:29:45] - Traininng loss : 1.191838144753756
[2025-06-04 16:29:47] - vali_results: {'mae': 0.46367841958999634, 'mape': 4.404942035675049, 'mse': 0.40077677369117737, 'rmse': 0.6330693364143372}
[2025-06-04 16:29:48] - test_results: {'mae': 0.2898024022579193, 'mape': 15.672409057617188, 'mse': 0.15860064327716827, 'rmse': 0.39824697375297546}
[2025-06-04 16:30:13] - Epoch: 7 cost time: 194.82332587242126
[2025-06-04 16:30:13] - Traininng loss : 1.1836592971943738
[2025-06-04 16:30:15] - vali_results: {'mae': 0.4546802341938019, 'mape': 4.545982837677002, 'mse': 0.3875064253807068, 'rmse': 0.6225001215934753}
[2025-06-04 16:30:17] - test_results: {'mae': 0.2858201265335083, 'mape': 17.492935180664062, 'mse': 0.16001485288143158, 'rmse': 0.400018572807312}
[2025-06-04 16:30:42] - Epoch: 8 cost time: 223.53560948371887
[2025-06-04 16:30:42] - Traininng loss : 1.1761862505018041
[2025-06-04 16:30:44] - vali_results: {'mae': 0.4593530595302582, 'mape': 4.291285514831543, 'mse': 0.3962540626525879, 'rmse': 0.629487156867981}
[2025-06-04 16:30:45] - test_results: {'mae': 0.2856689691543579, 'mape': 15.796378135681152, 'mse': 0.15761221945285797, 'rmse': 0.39700406789779663}
[2025-06-04 16:31:10] - Epoch: 9 cost time: 251.40758419036865
[2025-06-04 16:31:10] - Traininng loss : 1.1698956342225664
[2025-06-04 16:31:12] - vali_results: {'mae': 0.46845778822898865, 'mape': 4.054314136505127, 'mse': 0.408232182264328, 'rmse': 0.6389304995536804}
[2025-06-04 16:31:13] - test_results: {'mae': 0.2940267324447632, 'mape': 14.449899673461914, 'mse': 0.16157174110412598, 'rmse': 0.4019598662853241}
[2025-06-04 16:31:37] - Epoch: 10 cost time: 278.5887315273285
[2025-06-04 16:31:37] - Traininng loss : 1.1654586016796948
[2025-06-04 16:31:39] - vali_results: {'mae': 0.4565182328224182, 'mape': 4.082660675048828, 'mse': 0.39056646823883057, 'rmse': 0.6249531507492065}
[2025-06-04 16:31:40] - test_results: {'mae': 0.2848410904407501, 'mape': 15.476126670837402, 'mse': 0.1574525088071823, 'rmse': 0.3968028724193573}
[2025-06-04 16:31:40] - loss no decreased for 5 epochs,  early stopping ....
[2025-06-04 16:31:41] - test_results: {'mae': 0.28604596853256226, 'mape': 16.616641998291016, 'mse': 0.15764020383358002, 'rmse': 0.3970392942428589}
