[2025-06-05 21:52:54] - run : 0 in seed: 2
[2025-06-05 21:52:54] - +-----------------------------------+------------+
|              Modules              | Parameters |
+-----------------------------------+------------+
|     fm.Linear_Seasonal.weight     |   69120    |
|      fm.Linear_Seasonal.bias      |    720     |
|       fm.Linear_Trend.weight      |   69120    |
|        fm.Linear_Trend.bias       |    720     |
|             nm.weight             |     42     |
| nm.model_freq.model_freq.0.weight |    6144    |
|  nm.model_freq.model_freq.0.bias  |     64     |
|  nm.model_freq.model_all.0.weight |   20480    |
|   nm.model_freq.model_all.0.bias  |    128     |
|  nm.model_freq.model_all.2.weight |   92160    |
|   nm.model_freq.model_all.2.bias  |    720     |
| nm.model_pred.model_freq.0.weight |   24576    |
|  nm.model_pred.model_freq.0.bias  |    256     |
|  nm.model_pred.model_all.0.weight |   180224   |
|   nm.model_pred.model_all.0.bias  |    512     |
|  nm.model_pred.model_all.2.weight |   368640   |
|   nm.model_pred.model_all.2.bias  |    720     |
+-----------------------------------+------------+
[2025-06-05 21:52:54] - Total Trainable Params: 834346
[2025-06-05 21:52:54] - model parameters: 834346
[2025-06-05 21:54:14] - Epoch: 1 cost time: 80.4760069847107
[2025-06-05 21:54:14] - Traininng loss : 1.506960040817024
[2025-06-05 21:54:21] - vali_results: {'mae': 0.4306260645389557, 'mape': 5.639109134674072, 'mse': 0.5051956176757812, 'rmse': 0.7107711434364319}
[2025-06-05 21:54:25] - test_results: {'mae': 0.35822686553001404, 'mape': 1.7917728424072266, 'mse': 0.35111287236213684, 'rmse': 0.5925477743148804}
[2025-06-05 21:55:45] - Epoch: 2 cost time: 171.13333988189697
[2025-06-05 21:55:45] - Traininng loss : 1.4444193695770933
[2025-06-05 21:55:52] - vali_results: {'mae': 0.4285047650337219, 'mape': 5.883856296539307, 'mse': 0.5002580285072327, 'rmse': 0.7072892189025879}
[2025-06-05 21:55:56] - test_results: {'mae': 0.34898626804351807, 'mape': 1.8135175704956055, 'mse': 0.34406980872154236, 'rmse': 0.5865746140480042}
[2025-06-05 21:57:16] - Epoch: 3 cost time: 262.1805579662323
[2025-06-05 21:57:16] - Traininng loss : 1.4352893588919167
[2025-06-05 21:57:23] - vali_results: {'mae': 0.4346231520175934, 'mape': 6.628487586975098, 'mse': 0.5105462074279785, 'rmse': 0.7145251631736755}
[2025-06-05 21:57:27] - test_results: {'mae': 0.3509967029094696, 'mape': 1.9538471698760986, 'mse': 0.349229633808136, 'rmse': 0.5909565687179565}
[2025-06-05 21:58:45] - Epoch: 4 cost time: 351.5879592895508
[2025-06-05 21:58:45] - Traininng loss : 1.431249720988967
[2025-06-05 21:58:53] - vali_results: {'mae': 0.44394150376319885, 'mape': 7.973739147186279, 'mse': 0.5225099921226501, 'rmse': 0.7228485345840454}
[2025-06-05 21:58:57] - test_results: {'mae': 0.362731009721756, 'mape': 2.181602716445923, 'mse': 0.3600277006626129, 'rmse': 0.600023090839386}
[2025-06-05 22:00:16] - Epoch: 5 cost time: 442.23806953430176
[2025-06-05 22:00:16] - Traininng loss : 1.4297062135334555
[2025-06-05 22:00:24] - vali_results: {'mae': 0.42859959602355957, 'mape': 5.5054755210876465, 'mse': 0.5071662068367004, 'rmse': 0.7121559977531433}
[2025-06-05 22:00:28] - test_results: {'mae': 0.3392104506492615, 'mape': 1.8016597032546997, 'mse': 0.34179171919822693, 'rmse': 0.5846295356750488}
[2025-06-05 22:01:48] - Epoch: 6 cost time: 534.1703989505768
[2025-06-05 22:01:48] - Traininng loss : 1.4273105358823817
[2025-06-05 22:01:56] - vali_results: {'mae': 0.4331240952014923, 'mape': 5.973332405090332, 'mse': 0.5088678598403931, 'rmse': 0.7133497595787048}
[2025-06-05 22:02:00] - test_results: {'mae': 0.35576149821281433, 'mape': 1.8412365913391113, 'mse': 0.35275229811668396, 'rmse': 0.5939295291900635}
[2025-06-05 22:03:23] - Epoch: 7 cost time: 628.9736225605011
[2025-06-05 22:03:23] - Traininng loss : 1.4258535460483097
[2025-06-05 22:03:30] - vali_results: {'mae': 0.43586912751197815, 'mape': 6.348076343536377, 'mse': 0.5131732225418091, 'rmse': 0.7163611054420471}
[2025-06-05 22:03:34] - test_results: {'mae': 0.3523726463317871, 'mape': 1.906674861907959, 'mse': 0.35069015622138977, 'rmse': 0.5921909809112549}
[2025-06-05 22:03:34] - loss no decreased for 5 epochs,  early stopping ....
[2025-06-05 22:03:39] - test_results: {'mae': 0.34898626804351807, 'mape': 1.8135175704956055, 'mse': 0.34406980872154236, 'rmse': 0.5865746140480042}
