[2025-06-04 15:04:42] - run : 3 in seed: 5
[2025-06-04 15:04:42] - +-----------------------------------+------------+
|              Modules              | Parameters |
+-----------------------------------+------------+
|     fm.Linear_Seasonal.weight     |   32256    |
|      fm.Linear_Seasonal.bias      |    336     |
|       fm.Linear_Trend.weight      |   32256    |
|        fm.Linear_Trend.bias       |    336     |
|             nm.weight             |     14     |
| nm.model_freq.model_freq.0.weight |    6144    |
|  nm.model_freq.model_freq.0.bias  |     64     |
|  nm.model_freq.model_all.0.weight |   20480    |
|   nm.model_freq.model_all.0.bias  |    128     |
|  nm.model_freq.model_all.2.weight |   43008    |
|   nm.model_freq.model_all.2.bias  |    336     |
| nm.model_pred.model_freq.0.weight |   24576    |
|  nm.model_pred.model_freq.0.bias  |    256     |
|  nm.model_pred.model_all.0.weight |   180224   |
|   nm.model_pred.model_all.0.bias  |    512     |
|  nm.model_pred.model_all.2.weight |   172032   |
|   nm.model_pred.model_all.2.bias  |    336     |
+-----------------------------------+------------+
[2025-06-04 15:04:42] - Total Trainable Params: 513294
[2025-06-04 15:04:42] - model parameters: 513294
[2025-06-04 15:04:58] - Epoch: 1 cost time: 15.464507341384888
[2025-06-04 15:04:58] - Traininng loss : 1.027264959462311
[2025-06-04 15:05:00] - vali_results: {'mae': 0.41887784004211426, 'mape': 4.5075602531433105, 'mse': 0.3419865369796753, 'rmse': 0.584796130657196}
[2025-06-04 15:05:01] - test_results: {'mae': 0.2809015214443207, 'mape': 13.591272354125977, 'mse': 0.14496450126171112, 'rmse': 0.38074204325675964}
[2025-06-04 15:05:16] - Epoch: 2 cost time: 33.50307273864746
[2025-06-04 15:05:16] - Traininng loss : 0.9100301183112289
[2025-06-04 15:05:18] - vali_results: {'mae': 0.404602587223053, 'mape': 4.625049591064453, 'mse': 0.3272447884082794, 'rmse': 0.5720531344413757}
[2025-06-04 15:05:19] - test_results: {'mae': 0.2709977328777313, 'mape': 14.320205688476562, 'mse': 0.1398072987794876, 'rmse': 0.373908132314682}
[2025-06-04 15:05:34] - Epoch: 3 cost time: 51.51773929595947
[2025-06-04 15:05:34] - Traininng loss : 0.8880979147456263
[2025-06-04 15:05:36] - vali_results: {'mae': 0.40984219312667847, 'mape': 4.311861991882324, 'mse': 0.3331429660320282, 'rmse': 0.5771853923797607}
[2025-06-04 15:05:37] - test_results: {'mae': 0.2712014615535736, 'mape': 13.416627883911133, 'mse': 0.13705943524837494, 'rmse': 0.37021538615226746}
[2025-06-04 15:05:52] - Epoch: 4 cost time: 69.8990740776062
[2025-06-04 15:05:52] - Traininng loss : 0.8755572122400221
[2025-06-04 15:05:54] - vali_results: {'mae': 0.40566307306289673, 'mape': 4.478619575500488, 'mse': 0.33056122064590454, 'rmse': 0.5749445557594299}
[2025-06-04 15:05:55] - test_results: {'mae': 0.26589471101760864, 'mape': 14.129522323608398, 'mse': 0.1335204541683197, 'rmse': 0.36540451645851135}
[2025-06-04 15:06:10] - Epoch: 5 cost time: 87.8741979598999
[2025-06-04 15:06:10] - Traininng loss : 0.8681411999885155
[2025-06-04 15:06:12] - vali_results: {'mae': 0.3951628804206848, 'mape': 4.720909118652344, 'mse': 0.3172960579395294, 'rmse': 0.5632903575897217}
[2025-06-04 15:06:13] - test_results: {'mae': 0.260640412569046, 'mape': 15.843398094177246, 'mse': 0.13290433585643768, 'rmse': 0.36456045508384705}
[2025-06-04 15:06:28] - Epoch: 6 cost time: 105.6965172290802
[2025-06-04 15:06:28] - Traininng loss : 0.8624695675528568
[2025-06-04 15:06:30] - vali_results: {'mae': 0.4129246175289154, 'mape': 4.217721939086914, 'mse': 0.3349014222621918, 'rmse': 0.578706681728363}
[2025-06-04 15:06:31] - test_results: {'mae': 0.27248820662498474, 'mape': 13.487825393676758, 'mse': 0.13682474195957184, 'rmse': 0.3698982894420624}
[2025-06-04 15:06:46] - Epoch: 7 cost time: 123.88089346885681
[2025-06-04 15:06:46] - Traininng loss : 0.8568586270608332
[2025-06-04 15:06:48] - vali_results: {'mae': 0.399689644575119, 'mape': 4.532922267913818, 'mse': 0.32168814539909363, 'rmse': 0.567175567150116}
[2025-06-04 15:06:49] - test_results: {'mae': 0.26193007826805115, 'mape': 14.76362133026123, 'mse': 0.13175801932811737, 'rmse': 0.36298486590385437}
[2025-06-04 15:07:05] - Epoch: 8 cost time: 142.13525891304016
[2025-06-04 15:07:05] - Traininng loss : 0.8528586145814346
[2025-06-04 15:07:06] - vali_results: {'mae': 0.39930814504623413, 'mape': 4.6259074211120605, 'mse': 0.32342302799224854, 'rmse': 0.5687029361724854}
[2025-06-04 15:07:07] - test_results: {'mae': 0.2642410099506378, 'mape': 15.121138572692871, 'mse': 0.13314475119113922, 'rmse': 0.36489003896713257}
[2025-06-04 15:07:23] - Epoch: 9 cost time: 160.08485770225525
[2025-06-04 15:07:23] - Traininng loss : 0.8472567951387685
[2025-06-04 15:07:25] - vali_results: {'mae': 0.3911333978176117, 'mape': 4.682896614074707, 'mse': 0.30855581164360046, 'rmse': 0.5554779767990112}
[2025-06-04 15:07:26] - test_results: {'mae': 0.265263170003891, 'mape': 16.858142852783203, 'mse': 0.1403687745332718, 'rmse': 0.3746581971645355}
[2025-06-04 15:07:41] - Epoch: 10 cost time: 178.57710456848145
[2025-06-04 15:07:41] - Traininng loss : 0.8431766195951597
[2025-06-04 15:07:43] - vali_results: {'mae': 0.3983279764652252, 'mape': 4.75675106048584, 'mse': 0.3204543888568878, 'rmse': 0.5660868883132935}
[2025-06-04 15:07:44] - test_results: {'mae': 0.2642877399921417, 'mape': 15.512216567993164, 'mse': 0.13388384878635406, 'rmse': 0.3659014105796814}
[2025-06-04 15:07:59] - Epoch: 11 cost time: 196.55204319953918
[2025-06-04 15:07:59] - Traininng loss : 0.8415778080082458
[2025-06-04 15:08:01] - vali_results: {'mae': 0.39302098751068115, 'mape': 4.888824939727783, 'mse': 0.31370043754577637, 'rmse': 0.560089647769928}
[2025-06-04 15:08:02] - test_results: {'mae': 0.263902872800827, 'mape': 17.328937530517578, 'mse': 0.13897693157196045, 'rmse': 0.37279608845710754}
[2025-06-04 15:08:17] - Epoch: 12 cost time: 214.63288593292236
[2025-06-04 15:08:17] - Traininng loss : 0.8389862909427156
[2025-06-04 15:08:19] - vali_results: {'mae': 0.3982565701007843, 'mape': 4.374832630157471, 'mse': 0.3181699812412262, 'rmse': 0.5640655755996704}
[2025-06-04 15:08:20] - test_results: {'mae': 0.2628747224807739, 'mape': 15.100116729736328, 'mse': 0.13391074538230896, 'rmse': 0.3659381568431854}
[2025-06-04 15:08:35] - Epoch: 13 cost time: 232.69912266731262
[2025-06-04 15:08:35] - Traininng loss : 0.8375722870392643
[2025-06-04 15:08:37] - vali_results: {'mae': 0.407648503780365, 'mape': 4.408919334411621, 'mse': 0.33438563346862793, 'rmse': 0.5782608985900879}
[2025-06-04 15:08:38] - test_results: {'mae': 0.2651500701904297, 'mape': 14.129674911499023, 'mse': 0.13283659517765045, 'rmse': 0.3644675612449646}
[2025-06-04 15:08:53] - Epoch: 14 cost time: 251.00723671913147
[2025-06-04 15:08:53] - Traininng loss : 0.8329057280460129
[2025-06-04 15:08:55] - vali_results: {'mae': 0.405627578496933, 'mape': 4.694944858551025, 'mse': 0.3295516073703766, 'rmse': 0.5740658640861511}
[2025-06-04 15:08:56] - test_results: {'mae': 0.26779207587242126, 'mape': 14.784724235534668, 'mse': 0.13495804369449615, 'rmse': 0.36736637353897095}
[2025-06-04 15:08:57] - loss no decreased for 5 epochs,  early stopping ....
[2025-06-04 15:08:57] - test_results: {'mae': 0.265263170003891, 'mape': 16.858142852783203, 'mse': 0.1403687745332718, 'rmse': 0.3746581971645355}
