[2025-06-03 16:04:17] - run : 1 in seed: 3
[2025-06-03 16:04:17] - +-----------------------------------+------------+
|              Modules              | Parameters |
+-----------------------------------+------------+
|     fm.Linear_Seasonal.weight     |    9216    |
|      fm.Linear_Seasonal.bias      |     96     |
|       fm.Linear_Trend.weight      |    9216    |
|        fm.Linear_Trend.bias       |     96     |
|             nm.weight             |    1724    |
| nm.model_freq.model_freq.0.weight |    6144    |
|  nm.model_freq.model_freq.0.bias  |     64     |
|  nm.model_freq.model_all.0.weight |   20480    |
|   nm.model_freq.model_all.0.bias  |    128     |
|  nm.model_freq.model_all.2.weight |   12288    |
|   nm.model_freq.model_all.2.bias  |     96     |
| nm.model_pred.model_freq.0.weight |   24576    |
|  nm.model_pred.model_freq.0.bias  |    256     |
|  nm.model_pred.model_all.0.weight |   180224   |
|   nm.model_pred.model_all.0.bias  |    512     |
|  nm.model_pred.model_all.2.weight |   49152    |
|   nm.model_pred.model_all.2.bias  |     96     |
+-----------------------------------+------------+
[2025-06-03 16:04:17] - Total Trainable Params: 314364
[2025-06-03 16:04:17] - model parameters: 314364
[2025-06-03 16:04:35] - Epoch: 1 cost time: 17.603613138198853
[2025-06-03 16:04:35] - Traininng loss : 0.9174908960937823
[2025-06-03 16:04:42] - vali_results: {'mae': 0.3395324945449829, 'mape': 5.155159950256348, 'mse': 0.3910968005657196, 'rmse': 0.6253772974014282}
[2025-06-03 16:04:47] - test_results: {'mae': 0.3774367868900299, 'mape': 7.854089736938477, 'mse': 0.469514936208725, 'rmse': 0.6852115988731384}
[2025-06-03 16:05:05] - Epoch: 2 cost time: 47.547117710113525
[2025-06-03 16:05:05] - Traininng loss : 0.7066592282403714
[2025-06-03 16:05:12] - vali_results: {'mae': 0.3208162188529968, 'mape': 4.749156475067139, 'mse': 0.3629274368286133, 'rmse': 0.6024345755577087}
[2025-06-03 16:05:16] - test_results: {'mae': 0.3619071841239929, 'mape': 7.278540134429932, 'mse': 0.4450529217720032, 'rmse': 0.6671228408813477}
[2025-06-03 16:05:34] - Epoch: 3 cost time: 76.92413830757141
[2025-06-03 16:05:34] - Traininng loss : 0.6683801636494026
[2025-06-03 16:05:41] - vali_results: {'mae': 0.31354281306266785, 'mape': 4.665358066558838, 'mse': 0.35274791717529297, 'rmse': 0.5939258337020874}
[2025-06-03 16:05:46] - test_results: {'mae': 0.3551260530948639, 'mape': 7.0598464012146, 'mse': 0.43549206852912903, 'rmse': 0.6599182486534119}
[2025-06-03 16:06:03] - Epoch: 4 cost time: 106.31349015235901
[2025-06-03 16:06:03] - Traininng loss : 0.6484098410795606
[2025-06-03 16:06:11] - vali_results: {'mae': 0.3103105127811432, 'mape': 4.673947334289551, 'mse': 0.3462904989719391, 'rmse': 0.5884644985198975}
[2025-06-03 16:06:15] - test_results: {'mae': 0.35329753160476685, 'mape': 7.037536144256592, 'mse': 0.4302818477153778, 'rmse': 0.6559587121009827}
[2025-06-03 16:06:33] - Epoch: 5 cost time: 135.9286983013153
[2025-06-03 16:06:33] - Traininng loss : 0.6354262324237319
[2025-06-03 16:06:41] - vali_results: {'mae': 0.30746304988861084, 'mape': 4.555099964141846, 'mse': 0.344133585691452, 'rmse': 0.5866289734840393}
[2025-06-03 16:06:45] - test_results: {'mae': 0.34987661242485046, 'mape': 6.649407863616943, 'mse': 0.4269421398639679, 'rmse': 0.6534081101417542}
[2025-06-03 16:07:02] - Epoch: 6 cost time: 165.11862683296204
[2025-06-03 16:07:02] - Traininng loss : 0.6262149709873098
[2025-06-03 16:07:10] - vali_results: {'mae': 0.3036709725856781, 'mape': 4.456070899963379, 'mse': 0.3401311933994293, 'rmse': 0.5832076668739319}
[2025-06-03 16:07:14] - test_results: {'mae': 0.3476110100746155, 'mape': 6.4204864501953125, 'mse': 0.4252306818962097, 'rmse': 0.6520971655845642}
[2025-06-03 16:07:32] - Epoch: 7 cost time: 194.6315689086914
[2025-06-03 16:07:32] - Traininng loss : 0.6188651715952252
[2025-06-03 16:07:39] - vali_results: {'mae': 0.30265164375305176, 'mape': 4.508840560913086, 'mse': 0.3368283212184906, 'rmse': 0.5803691148757935}
[2025-06-03 16:07:43] - test_results: {'mae': 0.34662434458732605, 'mape': 6.666136741638184, 'mse': 0.4212360084056854, 'rmse': 0.6490269899368286}
[2025-06-03 16:08:01] - Epoch: 8 cost time: 223.53242540359497
[2025-06-03 16:08:01] - Traininng loss : 0.6131575520707186
[2025-06-03 16:08:08] - vali_results: {'mae': 0.3011280596256256, 'mape': 4.378775119781494, 'mse': 0.3368090093135834, 'rmse': 0.5803524851799011}
[2025-06-03 16:08:12] - test_results: {'mae': 0.34468668699264526, 'mape': 6.323615550994873, 'mse': 0.4208647310733795, 'rmse': 0.6487408876419067}
[2025-06-03 16:08:30] - Epoch: 9 cost time: 252.7683527469635
[2025-06-03 16:08:30] - Traininng loss : 0.6083837760188592
[2025-06-03 16:08:37] - vali_results: {'mae': 0.30046790838241577, 'mape': 4.508124351501465, 'mse': 0.333446741104126, 'rmse': 0.5774484872817993}
[2025-06-03 16:08:41] - test_results: {'mae': 0.34459248185157776, 'mape': 6.640971660614014, 'mse': 0.41803106665611267, 'rmse': 0.6465532183647156}
[2025-06-03 16:08:59] - Epoch: 10 cost time: 281.9798092842102
[2025-06-03 16:08:59] - Traininng loss : 0.6045054564715693
[2025-06-03 16:09:06] - vali_results: {'mae': 0.2996431291103363, 'mape': 4.503624439239502, 'mse': 0.33237096667289734, 'rmse': 0.5765162110328674}
[2025-06-03 16:09:10] - test_results: {'mae': 0.34483933448791504, 'mape': 6.645462989807129, 'mse': 0.41832447052001953, 'rmse': 0.6467800736427307}
[2025-06-03 16:09:28] - Epoch: 11 cost time: 310.6364481449127
[2025-06-03 16:09:28] - Traininng loss : 0.6011925860056802
[2025-06-03 16:09:35] - vali_results: {'mae': 0.2982674539089203, 'mape': 4.472276210784912, 'mse': 0.33125486969947815, 'rmse': 0.575547456741333}
[2025-06-03 16:09:40] - test_results: {'mae': 0.3426315486431122, 'mape': 6.652500629425049, 'mse': 0.416341096162796, 'rmse': 0.6452450156211853}
[2025-06-03 16:09:57] - Epoch: 12 cost time: 340.48877024650574
[2025-06-03 16:09:57] - Traininng loss : 0.5983520281062555
[2025-06-03 16:10:05] - vali_results: {'mae': 0.3009915351867676, 'mape': 4.559013366699219, 'mse': 0.3313561975955963, 'rmse': 0.5756354928016663}
[2025-06-03 16:10:09] - test_results: {'mae': 0.34648165106773376, 'mape': 6.656440258026123, 'mse': 0.4174302816390991, 'rmse': 0.6460884213447571}
[2025-06-03 16:10:27] - Epoch: 13 cost time: 369.8144955635071
[2025-06-03 16:10:27] - Traininng loss : 0.5960083488749448
[2025-06-03 16:10:34] - vali_results: {'mae': 0.2981894016265869, 'mape': 4.432955741882324, 'mse': 0.33004021644592285, 'rmse': 0.5744912624359131}
[2025-06-03 16:10:38] - test_results: {'mae': 0.3438222408294678, 'mape': 6.511795520782471, 'mse': 0.4162375330924988, 'rmse': 0.6451647281646729}
[2025-06-03 16:10:56] - Epoch: 14 cost time: 399.0693037509918
[2025-06-03 16:10:56] - Traininng loss : 0.5935983351929478
[2025-06-03 16:11:04] - vali_results: {'mae': 0.2977358400821686, 'mape': 4.518163681030273, 'mse': 0.3288984000682831, 'rmse': 0.5734966397285461}
[2025-06-03 16:11:08] - test_results: {'mae': 0.3428908884525299, 'mape': 6.592165470123291, 'mse': 0.41443613171577454, 'rmse': 0.6437671184539795}
[2025-06-03 16:11:26] - Epoch: 15 cost time: 428.8286204338074
[2025-06-03 16:11:26] - Traininng loss : 0.5917178373488169
[2025-06-03 16:11:33] - vali_results: {'mae': 0.2959322929382324, 'mape': 4.386613368988037, 'mse': 0.3290401101112366, 'rmse': 0.5736202001571655}
[2025-06-03 16:11:38] - test_results: {'mae': 0.3397757411003113, 'mape': 6.398195743560791, 'mse': 0.41300472617149353, 'rmse': 0.6426544189453125}
[2025-06-03 16:11:55] - Epoch: 16 cost time: 458.0450220108032
[2025-06-03 16:11:55] - Traininng loss : 0.5899025969719761
[2025-06-03 16:12:03] - vali_results: {'mae': 0.29646286368370056, 'mape': 4.550051689147949, 'mse': 0.3269104063510895, 'rmse': 0.5717607736587524}
[2025-06-03 16:12:08] - test_results: {'mae': 0.34134528040885925, 'mape': 6.665900707244873, 'mse': 0.41216468811035156, 'rmse': 0.6420005559921265}
[2025-06-03 16:12:25] - Epoch: 17 cost time: 488.3979682922363
[2025-06-03 16:12:25] - Traininng loss : 0.588251164981297
[2025-06-03 16:12:33] - vali_results: {'mae': 0.2952147424221039, 'mape': 4.488109588623047, 'mse': 0.32640108466148376, 'rmse': 0.5713152289390564}
[2025-06-03 16:12:38] - test_results: {'mae': 0.34014245867729187, 'mape': 6.570666790008545, 'mse': 0.4118756949901581, 'rmse': 0.6417754292488098}
[2025-06-03 16:12:55] - Epoch: 18 cost time: 518.2760615348816
[2025-06-03 16:12:55] - Traininng loss : 0.5868836007420979
[2025-06-03 16:13:03] - vali_results: {'mae': 0.29445159435272217, 'mape': 4.375341415405273, 'mse': 0.32650306820869446, 'rmse': 0.5714044570922852}
[2025-06-03 16:13:07] - test_results: {'mae': 0.33941900730133057, 'mape': 6.403911113739014, 'mse': 0.4116564393043518, 'rmse': 0.6416046023368835}
[2025-06-03 16:13:25] - Epoch: 19 cost time: 548.0135815143585
[2025-06-03 16:13:25] - Traininng loss : 0.5855122336319515
[2025-06-03 16:13:32] - vali_results: {'mae': 0.2943217158317566, 'mape': 4.358645439147949, 'mse': 0.3263838589191437, 'rmse': 0.5713001489639282}
[2025-06-03 16:13:37] - test_results: {'mae': 0.3392678201198578, 'mape': 6.332623481750488, 'mse': 0.4111674129962921, 'rmse': 0.6412233710289001}
[2025-06-03 16:13:54] - Epoch: 20 cost time: 577.4372189044952
[2025-06-03 16:13:54] - Traininng loss : 0.5842633072345976
[2025-06-03 16:14:02] - vali_results: {'mae': 0.29442712664604187, 'mape': 4.407639026641846, 'mse': 0.3257907032966614, 'rmse': 0.5707808136940002}
[2025-06-03 16:14:07] - test_results: {'mae': 0.33914119005203247, 'mape': 6.442530155181885, 'mse': 0.4104614853858948, 'rmse': 0.6406726837158203}
[2025-06-03 16:14:24] - Epoch: 21 cost time: 607.2483603954315
[2025-06-03 16:14:24] - Traininng loss : 0.5831526673975445
[2025-06-03 16:14:32] - vali_results: {'mae': 0.2933855652809143, 'mape': 4.331823825836182, 'mse': 0.3252980411052704, 'rmse': 0.5703490376472473}
[2025-06-03 16:14:37] - test_results: {'mae': 0.33826130628585815, 'mape': 6.319258213043213, 'mse': 0.4100744128227234, 'rmse': 0.6403705477714539}
[2025-06-03 16:14:55] - Epoch: 22 cost time: 638.0544908046722
[2025-06-03 16:14:55] - Traininng loss : 0.582079437201616
[2025-06-03 16:15:02] - vali_results: {'mae': 0.29365697503089905, 'mape': 4.465312480926514, 'mse': 0.324337899684906, 'rmse': 0.5695067048072815}
[2025-06-03 16:15:07] - test_results: {'mae': 0.3386082351207733, 'mape': 6.5543622970581055, 'mse': 0.4090803861618042, 'rmse': 0.6395938992500305}
[2025-06-03 16:15:25] - Epoch: 23 cost time: 667.886656999588
[2025-06-03 16:15:25] - Traininng loss : 0.5812018745475345
[2025-06-03 16:15:32] - vali_results: {'mae': 0.29338887333869934, 'mape': 4.446552753448486, 'mse': 0.3233098089694977, 'rmse': 0.5686033964157104}
[2025-06-03 16:15:37] - test_results: {'mae': 0.3391405940055847, 'mape': 6.604049205780029, 'mse': 0.409343957901001, 'rmse': 0.639799952507019}
[2025-06-03 16:15:55] - Epoch: 24 cost time: 697.8930103778839
[2025-06-03 16:15:55] - Traininng loss : 0.5800506459972846
[2025-06-03 16:16:02] - vali_results: {'mae': 0.2926180064678192, 'mape': 4.366779804229736, 'mse': 0.3237086236476898, 'rmse': 0.5689539909362793}
[2025-06-03 16:16:07] - test_results: {'mae': 0.33820754289627075, 'mape': 6.404930591583252, 'mse': 0.40937939286231995, 'rmse': 0.6398276090621948}
[2025-06-03 16:16:24] - Epoch: 25 cost time: 727.4062833786011
[2025-06-03 16:16:24] - Traininng loss : 0.5792961264098132
[2025-06-03 16:16:32] - vali_results: {'mae': 0.2926267981529236, 'mape': 4.338101387023926, 'mse': 0.3246666491031647, 'rmse': 0.5697952508926392}
[2025-06-03 16:16:36] - test_results: {'mae': 0.33681604266166687, 'mape': 6.310181140899658, 'mse': 0.4086284339427948, 'rmse': 0.6392405033111572}
[2025-06-03 16:16:54] - Epoch: 26 cost time: 756.7031481266022
[2025-06-03 16:16:54] - Traininng loss : 0.5784462028079562
[2025-06-03 16:17:01] - vali_results: {'mae': 0.292725533246994, 'mape': 4.344930171966553, 'mse': 0.3243009150028229, 'rmse': 0.5694742202758789}
[2025-06-03 16:17:06] - test_results: {'mae': 0.3379109501838684, 'mape': 6.338326454162598, 'mse': 0.40901458263397217, 'rmse': 0.6395424604415894}
[2025-06-03 16:17:24] - Epoch: 27 cost time: 786.6202943325043
[2025-06-03 16:17:24] - Traininng loss : 0.5779474172642622
[2025-06-03 16:17:31] - vali_results: {'mae': 0.29210808873176575, 'mape': 4.396620273590088, 'mse': 0.32243216037750244, 'rmse': 0.5678310990333557}
[2025-06-03 16:17:35] - test_results: {'mae': 0.33731526136398315, 'mape': 6.475610733032227, 'mse': 0.40745308995246887, 'rmse': 0.6383205056190491}
[2025-06-03 16:17:53] - Epoch: 28 cost time: 816.0907819271088
[2025-06-03 16:17:53] - Traininng loss : 0.5769621980568719
[2025-06-03 16:18:00] - vali_results: {'mae': 0.2920382618904114, 'mape': 4.395640850067139, 'mse': 0.32256779074668884, 'rmse': 0.5679505467414856}
[2025-06-03 16:18:05] - test_results: {'mae': 0.33696430921554565, 'mape': 6.501862525939941, 'mse': 0.4071539044380188, 'rmse': 0.6380861401557922}
[2025-06-03 16:18:23] - Epoch: 29 cost time: 846.0554666519165
[2025-06-03 16:18:23] - Traininng loss : 0.5763866251738614
[2025-06-03 16:18:31] - vali_results: {'mae': 0.2912200689315796, 'mape': 4.338387489318848, 'mse': 0.3224036395549774, 'rmse': 0.5678060054779053}
[2025-06-03 16:18:35] - test_results: {'mae': 0.33650216460227966, 'mape': 6.366497993469238, 'mse': 0.407355397939682, 'rmse': 0.6382439732551575}
[2025-06-03 16:18:53] - Epoch: 30 cost time: 876.2839081287384
[2025-06-03 16:18:53] - Traininng loss : 0.5758240684945747
[2025-06-03 16:19:01] - vali_results: {'mae': 0.2927098274230957, 'mape': 4.426619529724121, 'mse': 0.3214942514896393, 'rmse': 0.5670046210289001}
[2025-06-03 16:19:05] - test_results: {'mae': 0.33904147148132324, 'mape': 6.594321250915527, 'mse': 0.40778836607933044, 'rmse': 0.6385830640792847}
[2025-06-03 16:19:23] - Epoch: 31 cost time: 905.9153101444244
[2025-06-03 16:19:23] - Traininng loss : 0.5750854915727384
[2025-06-03 16:19:30] - vali_results: {'mae': 0.29077696800231934, 'mape': 4.3504958152771, 'mse': 0.32232940196990967, 'rmse': 0.5677406191825867}
[2025-06-03 16:19:35] - test_results: {'mae': 0.33509504795074463, 'mape': 6.451070785522461, 'mse': 0.40613099932670593, 'rmse': 0.6372841000556946}
[2025-06-03 16:19:52] - Epoch: 32 cost time: 935.1784527301788
[2025-06-03 16:19:52] - Traininng loss : 0.5745086903294558
[2025-06-03 16:20:00] - vali_results: {'mae': 0.29074639081954956, 'mape': 4.410264492034912, 'mse': 0.32074442505836487, 'rmse': 0.5663430094718933}
[2025-06-03 16:20:04] - test_results: {'mae': 0.33655649423599243, 'mape': 6.520074367523193, 'mse': 0.40676289796829224, 'rmse': 0.6377796530723572}
[2025-06-03 16:20:21] - Epoch: 33 cost time: 964.4911687374115
[2025-06-03 16:20:21] - Traininng loss : 0.5738892927371636
[2025-06-03 16:20:29] - vali_results: {'mae': 0.2911289930343628, 'mape': 4.357959270477295, 'mse': 0.32071468234062195, 'rmse': 0.5663167834281921}
[2025-06-03 16:20:33] - test_results: {'mae': 0.33752602338790894, 'mape': 6.47131872177124, 'mse': 0.4070875346660614, 'rmse': 0.6380341053009033}
[2025-06-03 16:20:51] - Epoch: 34 cost time: 993.7062799930573
[2025-06-03 16:20:51] - Traininng loss : 0.5734161575319906
[2025-06-03 16:20:58] - vali_results: {'mae': 0.290168821811676, 'mape': 4.337914943695068, 'mse': 0.3215925693511963, 'rmse': 0.5670913457870483}
[2025-06-03 16:21:02] - test_results: {'mae': 0.33580896258354187, 'mape': 6.246351718902588, 'mse': 0.40658771991729736, 'rmse': 0.6376423239707947}
[2025-06-03 16:21:20] - Epoch: 35 cost time: 1023.3570158481598
[2025-06-03 16:21:20] - Traininng loss : 0.5730558034604188
[2025-06-03 16:21:28] - vali_results: {'mae': 0.29038023948669434, 'mape': 4.365772724151611, 'mse': 0.32029831409454346, 'rmse': 0.565949022769928}
[2025-06-03 16:21:32] - test_results: {'mae': 0.33636462688446045, 'mape': 6.43750524520874, 'mse': 0.40580737590789795, 'rmse': 0.6370301246643066}
[2025-06-03 16:21:49] - Epoch: 36 cost time: 1052.417984008789
[2025-06-03 16:21:49] - Traininng loss : 0.5725154812058444
[2025-06-03 16:21:56] - vali_results: {'mae': 0.29077088832855225, 'mape': 4.417182922363281, 'mse': 0.31981319189071655, 'rmse': 0.5655202865600586}
[2025-06-03 16:22:01] - test_results: {'mae': 0.3370799720287323, 'mape': 6.631381034851074, 'mse': 0.40582481026649475, 'rmse': 0.637043833732605}
[2025-06-03 16:22:19] - Epoch: 37 cost time: 1081.6512706279755
[2025-06-03 16:22:19] - Traininng loss : 0.5722767828948914
[2025-06-03 16:22:26] - vali_results: {'mae': 0.2892569601535797, 'mape': 4.287442684173584, 'mse': 0.32059457898139954, 'rmse': 0.5662107467651367}
[2025-06-03 16:22:30] - test_results: {'mae': 0.3340681791305542, 'mape': 6.31160306930542, 'mse': 0.40469831228256226, 'rmse': 0.6361590027809143}
[2025-06-03 16:22:48] - Epoch: 38 cost time: 1111.1154127120972
[2025-06-03 16:22:48] - Traininng loss : 0.5716179601414494
[2025-06-03 16:22:56] - vali_results: {'mae': 0.2895136773586273, 'mape': 4.318847179412842, 'mse': 0.3202804625034332, 'rmse': 0.5659332871437073}
[2025-06-03 16:23:00] - test_results: {'mae': 0.33445030450820923, 'mape': 6.356198310852051, 'mse': 0.4049457013607025, 'rmse': 0.6363534331321716}
[2025-06-03 16:23:18] - Epoch: 39 cost time: 1141.2520887851715
[2025-06-03 16:23:18] - Traininng loss : 0.5712199922276553
[2025-06-03 16:23:26] - vali_results: {'mae': 0.28933393955230713, 'mape': 4.228674411773682, 'mse': 0.3205254375934601, 'rmse': 0.5661496520042419}
[2025-06-03 16:23:30] - test_results: {'mae': 0.33503177762031555, 'mape': 6.158125400543213, 'mse': 0.40546277165412903, 'rmse': 0.6367595791816711}
[2025-06-03 16:23:48] - Epoch: 40 cost time: 1171.4314942359924
[2025-06-03 16:23:48] - Traininng loss : 0.5708854505151668
[2025-06-03 16:23:56] - vali_results: {'mae': 0.2895011305809021, 'mape': 4.365544319152832, 'mse': 0.3195968568325043, 'rmse': 0.5653289556503296}
[2025-06-03 16:24:00] - test_results: {'mae': 0.3346937894821167, 'mape': 6.481025218963623, 'mse': 0.40400588512420654, 'rmse': 0.6356145739555359}
[2025-06-03 16:24:18] - Epoch: 41 cost time: 1200.737342119217
[2025-06-03 16:24:18] - Traininng loss : 0.5706132748139598
[2025-06-03 16:24:25] - vali_results: {'mae': 0.28921452164649963, 'mape': 4.335272312164307, 'mse': 0.31897488236427307, 'rmse': 0.5647786259651184}
[2025-06-03 16:24:30] - test_results: {'mae': 0.33507049083709717, 'mape': 6.474304676055908, 'mse': 0.40439143776893616, 'rmse': 0.6359177827835083}
[2025-06-03 16:24:48] - Epoch: 42 cost time: 1230.8973915576935
[2025-06-03 16:24:48] - Traininng loss : 0.5701593245778765
[2025-06-03 16:24:55] - vali_results: {'mae': 0.28922250866889954, 'mape': 4.3898515701293945, 'mse': 0.3186640739440918, 'rmse': 0.5645033717155457}
[2025-06-03 16:25:00] - test_results: {'mae': 0.33503443002700806, 'mape': 6.6029510498046875, 'mse': 0.40399953722953796, 'rmse': 0.6356095671653748}
[2025-06-03 16:25:18] - Epoch: 43 cost time: 1260.9517509937286
[2025-06-03 16:25:18] - Traininng loss : 0.569937910037066
[2025-06-03 16:25:25] - vali_results: {'mae': 0.2885494530200958, 'mape': 4.349179267883301, 'mse': 0.3189883828163147, 'rmse': 0.5647905468940735}
[2025-06-03 16:25:30] - test_results: {'mae': 0.33387041091918945, 'mape': 6.459649085998535, 'mse': 0.40391144156455994, 'rmse': 0.635540246963501}
[2025-06-03 16:25:48] - Epoch: 44 cost time: 1290.8769264221191
[2025-06-03 16:25:48] - Traininng loss : 0.5693678930796012
[2025-06-03 16:25:56] - vali_results: {'mae': 0.2882066071033478, 'mape': 4.262063503265381, 'mse': 0.3193260431289673, 'rmse': 0.5650894045829773}
[2025-06-03 16:26:00] - test_results: {'mae': 0.33399224281311035, 'mape': 6.246273040771484, 'mse': 0.40443742275238037, 'rmse': 0.635953962802887}
[2025-06-03 16:26:18] - Epoch: 45 cost time: 1320.6875808238983
[2025-06-03 16:26:18] - Traininng loss : 0.5692469156766063
[2025-06-03 16:26:25] - vali_results: {'mae': 0.2885078191757202, 'mape': 4.293217658996582, 'mse': 0.3191806375980377, 'rmse': 0.5649607181549072}
[2025-06-03 16:26:30] - test_results: {'mae': 0.3339162766933441, 'mape': 6.3321919441223145, 'mse': 0.404236763715744, 'rmse': 0.6357961893081665}
[2025-06-03 16:26:47] - Epoch: 46 cost time: 1350.1995854377747
[2025-06-03 16:26:47] - Traininng loss : 0.5689682731868098
[2025-06-03 16:26:55] - vali_results: {'mae': 0.2878921627998352, 'mape': 4.279322624206543, 'mse': 0.31863439083099365, 'rmse': 0.5644770860671997}
[2025-06-03 16:26:59] - test_results: {'mae': 0.3334488272666931, 'mape': 6.340601921081543, 'mse': 0.4033476412296295, 'rmse': 0.635096549987793}
[2025-06-03 16:27:17] - Epoch: 47 cost time: 1379.5706915855408
[2025-06-03 16:27:17] - Traininng loss : 0.5685782878802567
[2025-06-03 16:27:24] - vali_results: {'mae': 0.28798994421958923, 'mape': 4.3151984214782715, 'mse': 0.3183636963367462, 'rmse': 0.5642372965812683}
[2025-06-03 16:27:29] - test_results: {'mae': 0.3332267105579376, 'mape': 6.359734058380127, 'mse': 0.4031826853752136, 'rmse': 0.6349666714668274}
[2025-06-03 16:27:46] - Epoch: 48 cost time: 1409.1666676998138
[2025-06-03 16:27:46] - Traininng loss : 0.5681846506065793
[2025-06-03 16:27:54] - vali_results: {'mae': 0.28799888491630554, 'mape': 4.319686412811279, 'mse': 0.3178442716598511, 'rmse': 0.5637767910957336}
[2025-06-03 16:27:58] - test_results: {'mae': 0.33401361107826233, 'mape': 6.425302028656006, 'mse': 0.4032970070838928, 'rmse': 0.6350566744804382}
[2025-06-03 16:28:16] - Epoch: 49 cost time: 1438.7614226341248
[2025-06-03 16:28:16] - Traininng loss : 0.5680232734749557
[2025-06-03 16:28:23] - vali_results: {'mae': 0.28708896040916443, 'mape': 4.2254557609558105, 'mse': 0.3188554644584656, 'rmse': 0.5646728873252869}
[2025-06-03 16:28:28] - test_results: {'mae': 0.33227333426475525, 'mape': 6.165517807006836, 'mse': 0.40304553508758545, 'rmse': 0.6348586678504944}
[2025-06-03 16:28:45] - Epoch: 50 cost time: 1468.3900744915009
[2025-06-03 16:28:45] - Traininng loss : 0.5676444824095126
[2025-06-03 16:28:53] - vali_results: {'mae': 0.28817054629325867, 'mape': 4.319854259490967, 'mse': 0.31824740767478943, 'rmse': 0.5641342401504517}
[2025-06-03 16:28:57] - test_results: {'mae': 0.3333680331707001, 'mape': 6.423583507537842, 'mse': 0.4027625024318695, 'rmse': 0.6346357464790344}
[2025-06-03 16:29:15] - Epoch: 51 cost time: 1497.669724225998
[2025-06-03 16:29:15] - Traininng loss : 0.5674992735896792
[2025-06-03 16:29:22] - vali_results: {'mae': 0.28765037655830383, 'mape': 4.304591178894043, 'mse': 0.31773269176483154, 'rmse': 0.5636778473854065}
[2025-06-03 16:29:27] - test_results: {'mae': 0.3337733745574951, 'mape': 6.358269691467285, 'mse': 0.40304240584373474, 'rmse': 0.6348562240600586}
[2025-06-03 16:29:45] - Epoch: 52 cost time: 1527.652321100235
[2025-06-03 16:29:45] - Traininng loss : 0.5671954833010517
[2025-06-03 16:29:52] - vali_results: {'mae': 0.2873113453388214, 'mape': 4.282052993774414, 'mse': 0.3182678520679474, 'rmse': 0.5641523599624634}
[2025-06-03 16:29:57] - test_results: {'mae': 0.3328627347946167, 'mape': 6.322091579437256, 'mse': 0.402874618768692, 'rmse': 0.6347240209579468}
[2025-06-03 16:30:14] - Epoch: 53 cost time: 1557.2225935459137
[2025-06-03 16:30:14] - Traininng loss : 0.5670713269836688
[2025-06-03 16:30:22] - vali_results: {'mae': 0.2876323163509369, 'mape': 4.3486409187316895, 'mse': 0.31721991300582886, 'rmse': 0.5632227659225464}
[2025-06-03 16:30:26] - test_results: {'mae': 0.33368241786956787, 'mape': 6.44112491607666, 'mse': 0.40295955538749695, 'rmse': 0.6347909569740295}
[2025-06-03 16:30:44] - Epoch: 54 cost time: 1587.168215751648
[2025-06-03 16:30:44] - Traininng loss : 0.5667760775833534
[2025-06-03 16:30:52] - vali_results: {'mae': 0.28680893778800964, 'mape': 4.255886554718018, 'mse': 0.31786271929740906, 'rmse': 0.5637931823730469}
[2025-06-03 16:30:56] - test_results: {'mae': 0.33246809244155884, 'mape': 6.286266326904297, 'mse': 0.40260374546051025, 'rmse': 0.6345106363296509}
[2025-06-03 16:31:14] - Epoch: 55 cost time: 1616.985101699829
[2025-06-03 16:31:14] - Traininng loss : 0.566524185437374
[2025-06-03 16:31:22] - vali_results: {'mae': 0.2866359353065491, 'mape': 4.272883415222168, 'mse': 0.3176566958427429, 'rmse': 0.5636104345321655}
[2025-06-03 16:31:26] - test_results: {'mae': 0.3319568932056427, 'mape': 6.330332279205322, 'mse': 0.4020390808582306, 'rmse': 0.6340655088424683}
[2025-06-03 16:31:43] - Epoch: 56 cost time: 1646.364086151123
[2025-06-03 16:31:43] - Traininng loss : 0.5662983897186461
[2025-06-03 16:31:51] - vali_results: {'mae': 0.2866472005844116, 'mape': 4.283627986907959, 'mse': 0.31766435503959656, 'rmse': 0.5636172294616699}
[2025-06-03 16:31:55] - test_results: {'mae': 0.33145663142204285, 'mape': 6.343038082122803, 'mse': 0.4013996720314026, 'rmse': 0.6335610747337341}
[2025-06-03 16:32:13] - Epoch: 57 cost time: 1676.2872650623322
[2025-06-03 16:32:13] - Traininng loss : 0.5661450337480616
[2025-06-03 16:32:21] - vali_results: {'mae': 0.2867552936077118, 'mape': 4.24217414855957, 'mse': 0.3179178535938263, 'rmse': 0.5638420581817627}
[2025-06-03 16:32:25] - test_results: {'mae': 0.3317980468273163, 'mape': 6.237340450286865, 'mse': 0.40185269713401794, 'rmse': 0.6339185237884521}
[2025-06-03 16:32:42] - Epoch: 58 cost time: 1705.3489801883698
[2025-06-03 16:32:42] - Traininng loss : 0.5659490807188882
[2025-06-03 16:32:50] - vali_results: {'mae': 0.2868950068950653, 'mape': 4.27394437789917, 'mse': 0.31759968400001526, 'rmse': 0.5635598301887512}
[2025-06-03 16:32:54] - test_results: {'mae': 0.3323841691017151, 'mape': 6.271762847900391, 'mse': 0.4021914005279541, 'rmse': 0.6341856122016907}
[2025-06-03 16:32:54] - loss no decreased for 5 epochs,  early stopping ....
[2025-06-03 16:32:59] - test_results: {'mae': 0.33368241786956787, 'mape': 6.44112491607666, 'mse': 0.40295955538749695, 'rmse': 0.6347909569740295}
