[2025-06-03 22:32:38] - run : 2 in seed: 4
[2025-06-03 22:32:38] - +-----------------------------------+------------+
|              Modules              | Parameters |
+-----------------------------------+------------+
|     fm.Linear_Seasonal.weight     |   32256    |
|      fm.Linear_Seasonal.bias      |    336     |
|       fm.Linear_Trend.weight      |   32256    |
|        fm.Linear_Trend.bias       |    336     |
|             nm.weight             |    1724    |
| nm.model_freq.model_freq.0.weight |    6144    |
|  nm.model_freq.model_freq.0.bias  |     64     |
|  nm.model_freq.model_all.0.weight |   20480    |
|   nm.model_freq.model_all.0.bias  |    128     |
|  nm.model_freq.model_all.2.weight |   43008    |
|   nm.model_freq.model_all.2.bias  |    336     |
| nm.model_pred.model_freq.0.weight |   24576    |
|  nm.model_pred.model_freq.0.bias  |    256     |
|  nm.model_pred.model_all.0.weight |   180224   |
|   nm.model_pred.model_all.0.bias  |    512     |
|  nm.model_pred.model_all.2.weight |   172032   |
|   nm.model_pred.model_all.2.bias  |    336     |
+-----------------------------------+------------+
[2025-06-03 22:32:38] - Total Trainable Params: 515004
[2025-06-03 22:32:38] - model parameters: 515004
[2025-06-03 22:33:13] - Epoch: 1 cost time: 34.79619646072388
[2025-06-03 22:33:13] - Traininng loss : 0.9187036545450153
[2025-06-03 22:33:29] - vali_results: {'mae': 0.33365893363952637, 'mape': 5.123850345611572, 'mse': 0.3783904016017914, 'rmse': 0.6151344776153564}
[2025-06-03 22:33:37] - test_results: {'mae': 0.3903375566005707, 'mape': 7.158671855926514, 'mse': 0.4925398826599121, 'rmse': 0.7018118500709534}
[2025-06-03 22:34:13] - Epoch: 2 cost time: 94.68488836288452
[2025-06-03 22:34:13] - Traininng loss : 0.6962323455476376
[2025-06-03 22:34:29] - vali_results: {'mae': 0.3127824068069458, 'mape': 4.557338237762451, 'mse': 0.35543251037597656, 'rmse': 0.5961816310882568}
[2025-06-03 22:34:37] - test_results: {'mae': 0.37259501218795776, 'mape': 6.594135284423828, 'mse': 0.4731670618057251, 'rmse': 0.6878713965415955}
[2025-06-03 22:35:14] - Epoch: 3 cost time: 155.8785901069641
[2025-06-03 22:35:14] - Traininng loss : 0.6653040237825193
[2025-06-03 22:35:31] - vali_results: {'mae': 0.3067137897014618, 'mape': 4.4870452880859375, 'mse': 0.3470512330532074, 'rmse': 0.5891105532646179}
[2025-06-03 22:35:39] - test_results: {'mae': 0.3667975068092346, 'mape': 6.468728065490723, 'mse': 0.4652949571609497, 'rmse': 0.6821253299713135}
[2025-06-03 22:36:17] - Epoch: 4 cost time: 218.17900896072388
[2025-06-03 22:36:17] - Traininng loss : 0.6507651331932397
[2025-06-03 22:36:32] - vali_results: {'mae': 0.30397170782089233, 'mape': 4.532588958740234, 'mse': 0.34229815006256104, 'rmse': 0.5850625038146973}
[2025-06-03 22:36:40] - test_results: {'mae': 0.3638254404067993, 'mape': 6.493381023406982, 'mse': 0.45988622307777405, 'rmse': 0.6781491041183472}
[2025-06-03 22:37:17] - Epoch: 5 cost time: 278.54863929748535
[2025-06-03 22:37:17] - Traininng loss : 0.6411813904011667
[2025-06-03 22:37:33] - vali_results: {'mae': 0.3015924394130707, 'mape': 4.460526466369629, 'mse': 0.33919209241867065, 'rmse': 0.5824019908905029}
[2025-06-03 22:37:41] - test_results: {'mae': 0.36315274238586426, 'mape': 6.563551425933838, 'mse': 0.4585546553134918, 'rmse': 0.6771666407585144}
[2025-06-03 22:38:18] - Epoch: 6 cost time: 339.58577942848206
[2025-06-03 22:38:18] - Traininng loss : 0.6338137765779007
[2025-06-03 22:38:33] - vali_results: {'mae': 0.29982948303222656, 'mape': 4.405703544616699, 'mse': 0.33723652362823486, 'rmse': 0.5807207226753235}
[2025-06-03 22:38:41] - test_results: {'mae': 0.3605760633945465, 'mape': 6.459018707275391, 'mse': 0.4557173252105713, 'rmse': 0.6750683784484863}
[2025-06-03 22:39:18] - Epoch: 7 cost time: 399.7501335144043
[2025-06-03 22:39:18] - Traininng loss : 0.6285308098214656
[2025-06-03 22:39:34] - vali_results: {'mae': 0.29823553562164307, 'mape': 4.3340559005737305, 'mse': 0.3361690640449524, 'rmse': 0.5798009037971497}
[2025-06-03 22:39:41] - test_results: {'mae': 0.3593893051147461, 'mape': 6.295017242431641, 'mse': 0.45529115200042725, 'rmse': 0.6747526526451111}
[2025-06-03 22:40:18] - Epoch: 8 cost time: 459.93138694763184
[2025-06-03 22:40:18] - Traininng loss : 0.623979256480852
[2025-06-03 22:40:34] - vali_results: {'mae': 0.2971187233924866, 'mape': 4.296334266662598, 'mse': 0.3348211646080017, 'rmse': 0.5786373615264893}
[2025-06-03 22:40:42] - test_results: {'mae': 0.35776668787002563, 'mape': 6.241389751434326, 'mse': 0.4531712830066681, 'rmse': 0.6731799840927124}
[2025-06-03 22:41:19] - Epoch: 9 cost time: 520.4002811908722
[2025-06-03 22:41:19] - Traininng loss : 0.6201247084494228
[2025-06-03 22:41:35] - vali_results: {'mae': 0.295907199382782, 'mape': 4.309539794921875, 'mse': 0.3330681025981903, 'rmse': 0.5771205425262451}
[2025-06-03 22:41:43] - test_results: {'mae': 0.35704827308654785, 'mape': 6.267380714416504, 'mse': 0.4516317844390869, 'rmse': 0.6720355749130249}
[2025-06-03 22:42:21] - Epoch: 10 cost time: 582.197943687439
[2025-06-03 22:42:21] - Traininng loss : 0.6168289083354878
[2025-06-03 22:42:37] - vali_results: {'mae': 0.29487791657447815, 'mape': 4.262589931488037, 'mse': 0.33179590106010437, 'rmse': 0.5760172605514526}
[2025-06-03 22:42:45] - test_results: {'mae': 0.35659995675086975, 'mape': 6.307052135467529, 'mse': 0.45146656036376953, 'rmse': 0.6719126105308533}
[2025-06-03 22:43:22] - Epoch: 11 cost time: 643.8286430835724
[2025-06-03 22:43:22] - Traininng loss : 0.6140519904319167
[2025-06-03 22:43:38] - vali_results: {'mae': 0.29505884647369385, 'mape': 4.30330753326416, 'mse': 0.3309501111507416, 'rmse': 0.575282633304596}
[2025-06-03 22:43:46] - test_results: {'mae': 0.3561042249202728, 'mape': 6.288626194000244, 'mse': 0.44986382126808167, 'rmse': 0.6707189083099365}
[2025-06-03 22:44:22] - Epoch: 12 cost time: 703.671863079071
[2025-06-03 22:44:22] - Traininng loss : 0.6119235913065887
[2025-06-03 22:44:38] - vali_results: {'mae': 0.2935488820075989, 'mape': 4.286420822143555, 'mse': 0.3296967148780823, 'rmse': 0.574192225933075}
[2025-06-03 22:44:46] - test_results: {'mae': 0.35508692264556885, 'mape': 6.2565131187438965, 'mse': 0.448981910943985, 'rmse': 0.6700611114501953}
[2025-06-03 22:45:23] - Epoch: 13 cost time: 764.7306931018829
[2025-06-03 22:45:23] - Traininng loss : 0.6095929264700959
[2025-06-03 22:45:40] - vali_results: {'mae': 0.293488085269928, 'mape': 4.322089672088623, 'mse': 0.3288484811782837, 'rmse': 0.5734531283378601}
[2025-06-03 22:45:48] - test_results: {'mae': 0.35500213503837585, 'mape': 6.300148010253906, 'mse': 0.44825199246406555, 'rmse': 0.6695162653923035}
[2025-06-03 22:46:25] - Epoch: 14 cost time: 826.9670252799988
[2025-06-03 22:46:25] - Traininng loss : 0.6076684304967402
[2025-06-03 22:46:41] - vali_results: {'mae': 0.29284006357192993, 'mape': 4.304012775421143, 'mse': 0.32804930210113525, 'rmse': 0.5727558732032776}
[2025-06-03 22:46:49] - test_results: {'mae': 0.35479268431663513, 'mape': 6.323045253753662, 'mse': 0.4477474093437195, 'rmse': 0.6691393256187439}
[2025-06-03 22:47:26] - Epoch: 15 cost time: 888.0899331569672
[2025-06-03 22:47:26] - Traininng loss : 0.6060252549513331
[2025-06-03 22:47:43] - vali_results: {'mae': 0.29233524203300476, 'mape': 4.319389343261719, 'mse': 0.3266996145248413, 'rmse': 0.5715764164924622}
[2025-06-03 22:47:51] - test_results: {'mae': 0.35409048199653625, 'mape': 6.333446025848389, 'mse': 0.4466932415962219, 'rmse': 0.6683511137962341}
[2025-06-03 22:48:28] - Epoch: 16 cost time: 949.3268029689789
[2025-06-03 22:48:28] - Traininng loss : 0.6046041373936635
[2025-06-03 22:48:44] - vali_results: {'mae': 0.29214975237846375, 'mape': 4.314597129821777, 'mse': 0.32668137550354004, 'rmse': 0.5715605020523071}
[2025-06-03 22:48:52] - test_results: {'mae': 0.35334500670433044, 'mape': 6.293298721313477, 'mse': 0.44615620374679565, 'rmse': 0.6679492592811584}
[2025-06-03 22:49:29] - Epoch: 17 cost time: 1010.1923897266388
[2025-06-03 22:49:29] - Traininng loss : 0.6029669129944876
[2025-06-03 22:49:44] - vali_results: {'mae': 0.2910698354244232, 'mape': 4.198958396911621, 'mse': 0.3265213370323181, 'rmse': 0.571420431137085}
[2025-06-03 22:49:52] - test_results: {'mae': 0.3522706627845764, 'mape': 6.1075944900512695, 'mse': 0.44559162855148315, 'rmse': 0.6675264835357666}
[2025-06-03 22:50:29] - Epoch: 18 cost time: 1070.437809228897
[2025-06-03 22:50:29] - Traininng loss : 0.6018229716550307
[2025-06-03 22:50:44] - vali_results: {'mae': 0.2911720275878906, 'mape': 4.3672990798950195, 'mse': 0.32492566108703613, 'rmse': 0.5700225234031677}
[2025-06-03 22:50:52] - test_results: {'mae': 0.3528648018836975, 'mape': 6.359966278076172, 'mse': 0.44450536370277405, 'rmse': 0.6667123436927795}
[2025-06-03 22:51:29] - Epoch: 19 cost time: 1130.874330997467
[2025-06-03 22:51:29] - Traininng loss : 0.6007895863281106
[2025-06-03 22:51:45] - vali_results: {'mae': 0.2902434468269348, 'mape': 4.238967418670654, 'mse': 0.32516026496887207, 'rmse': 0.5702282786369324}
[2025-06-03 22:51:53] - test_results: {'mae': 0.35138145089149475, 'mape': 6.112811088562012, 'mse': 0.4440220594406128, 'rmse': 0.6663498282432556}
[2025-06-03 22:52:29] - Epoch: 20 cost time: 1191.0045840740204
[2025-06-03 22:52:29] - Traininng loss : 0.599768265238348
[2025-06-03 22:52:45] - vali_results: {'mae': 0.289827436208725, 'mape': 4.251684188842773, 'mse': 0.3242381811141968, 'rmse': 0.5694191455841064}
[2025-06-03 22:52:52] - test_results: {'mae': 0.35148751735687256, 'mape': 6.191539287567139, 'mse': 0.44383737444877625, 'rmse': 0.6662111878395081}
[2025-06-03 22:53:29] - Epoch: 21 cost time: 1250.4496054649353
[2025-06-03 22:53:29] - Traininng loss : 0.5988066811767229
[2025-06-03 22:53:44] - vali_results: {'mae': 0.2903551459312439, 'mape': 4.332354545593262, 'mse': 0.32396817207336426, 'rmse': 0.5691820383071899}
[2025-06-03 22:53:52] - test_results: {'mae': 0.35199204087257385, 'mape': 6.282419681549072, 'mse': 0.44317832589149475, 'rmse': 0.6657164096832275}
[2025-06-03 22:54:30] - Epoch: 22 cost time: 1311.315789937973
[2025-06-03 22:54:30] - Traininng loss : 0.5977132097087459
[2025-06-03 22:54:46] - vali_results: {'mae': 0.2893363833427429, 'mape': 4.270099639892578, 'mse': 0.3241884708404541, 'rmse': 0.5693755149841309}
[2025-06-03 22:54:55] - test_results: {'mae': 0.3501286804676056, 'mape': 6.11937141418457, 'mse': 0.4427450895309448, 'rmse': 0.6653909087181091}
[2025-06-03 22:55:32] - Epoch: 23 cost time: 1373.4689683914185
[2025-06-03 22:55:32] - Traininng loss : 0.5969990364946124
[2025-06-03 22:55:48] - vali_results: {'mae': 0.29033973813056946, 'mape': 4.365123748779297, 'mse': 0.3229881525039673, 'rmse': 0.5683204531669617}
[2025-06-03 22:55:56] - test_results: {'mae': 0.352966845035553, 'mape': 6.454719066619873, 'mse': 0.4436347484588623, 'rmse': 0.666059136390686}
[2025-06-03 22:56:33] - Epoch: 24 cost time: 1434.429717540741
[2025-06-03 22:56:33] - Traininng loss : 0.5963482540251431
[2025-06-03 22:56:49] - vali_results: {'mae': 0.2892743647098541, 'mape': 4.297019004821777, 'mse': 0.3226591944694519, 'rmse': 0.5680309534072876}
[2025-06-03 22:56:57] - test_results: {'mae': 0.3501482903957367, 'mape': 6.157187461853027, 'mse': 0.4414903521537781, 'rmse': 0.6644474267959595}
[2025-06-03 22:57:34] - Epoch: 25 cost time: 1495.324970960617
[2025-06-03 22:57:34] - Traininng loss : 0.5954739541377662
[2025-06-03 22:57:49] - vali_results: {'mae': 0.2878511846065521, 'mape': 4.151846408843994, 'mse': 0.3230392336845398, 'rmse': 0.5683653950691223}
[2025-06-03 22:57:57] - test_results: {'mae': 0.3491794168949127, 'mape': 5.998615741729736, 'mse': 0.4419701397418976, 'rmse': 0.6648083329200745}
[2025-06-03 22:58:34] - Epoch: 26 cost time: 1555.720039844513
[2025-06-03 22:58:34] - Traininng loss : 0.5948357578879097
[2025-06-03 22:58:50] - vali_results: {'mae': 0.28809425234794617, 'mape': 4.228989124298096, 'mse': 0.3220752477645874, 'rmse': 0.5675167441368103}
[2025-06-03 22:58:58] - test_results: {'mae': 0.34932807087898254, 'mape': 6.154384613037109, 'mse': 0.4408515989780426, 'rmse': 0.6639665365219116}
[2025-06-03 22:59:35] - Epoch: 27 cost time: 1616.3807244300842
[2025-06-03 22:59:35] - Traininng loss : 0.5941033509542357
[2025-06-03 22:59:51] - vali_results: {'mae': 0.2879900634288788, 'mape': 4.23019552230835, 'mse': 0.32187336683273315, 'rmse': 0.5673388242721558}
[2025-06-03 23:00:00] - test_results: {'mae': 0.35002753138542175, 'mape': 6.155055999755859, 'mse': 0.44191351532936096, 'rmse': 0.6647657752037048}
[2025-06-03 23:00:37] - Epoch: 28 cost time: 1678.6090466976166
[2025-06-03 23:00:37] - Traininng loss : 0.5936073104968932
[2025-06-03 23:00:53] - vali_results: {'mae': 0.28801748156547546, 'mape': 4.261419773101807, 'mse': 0.3215816617012024, 'rmse': 0.5670816898345947}
[2025-06-03 23:01:01] - test_results: {'mae': 0.3488646447658539, 'mape': 6.162524223327637, 'mse': 0.43995845317840576, 'rmse': 0.6632936596870422}
[2025-06-03 23:01:38] - Epoch: 29 cost time: 1739.985714673996
[2025-06-03 23:01:38] - Traininng loss : 0.5930271633873089
[2025-06-03 23:01:54] - vali_results: {'mae': 0.2865907549858093, 'mape': 4.163210391998291, 'mse': 0.3214188814163208, 'rmse': 0.5669381618499756}
[2025-06-03 23:02:02] - test_results: {'mae': 0.3478492498397827, 'mape': 6.039218425750732, 'mse': 0.44047126173973083, 'rmse': 0.6636800765991211}
[2025-06-03 23:02:39] - Epoch: 30 cost time: 1800.4145801067352
[2025-06-03 23:02:39] - Traininng loss : 0.5924401432677421
[2025-06-03 23:02:54] - vali_results: {'mae': 0.2868107259273529, 'mape': 4.169933795928955, 'mse': 0.32152241468429565, 'rmse': 0.5670294761657715}
[2025-06-03 23:03:02] - test_results: {'mae': 0.3484702408313751, 'mape': 6.047269821166992, 'mse': 0.44073665142059326, 'rmse': 0.6638799905776978}
[2025-06-03 23:03:38] - Epoch: 31 cost time: 1859.8044409751892
[2025-06-03 23:03:38] - Traininng loss : 0.592131994805246
[2025-06-03 23:03:53] - vali_results: {'mae': 0.2879412770271301, 'mape': 4.263431072235107, 'mse': 0.32090187072753906, 'rmse': 0.5664820075035095}
[2025-06-03 23:04:01] - test_results: {'mae': 0.3502237796783447, 'mape': 6.274820804595947, 'mse': 0.4411793649196625, 'rmse': 0.6642133593559265}
[2025-06-03 23:04:38] - Epoch: 32 cost time: 1919.9736468791962
[2025-06-03 23:04:38] - Traininng loss : 0.5915001563306125
[2025-06-03 23:04:54] - vali_results: {'mae': 0.2871934771537781, 'mape': 4.341230869293213, 'mse': 0.31960663199424744, 'rmse': 0.565337598323822}
[2025-06-03 23:05:02] - test_results: {'mae': 0.3495051860809326, 'mape': 6.403655052185059, 'mse': 0.4400969445705414, 'rmse': 0.663398027420044}
[2025-06-03 23:05:38] - Epoch: 33 cost time: 1979.7643339633942
[2025-06-03 23:05:38] - Traininng loss : 0.5911731970599398
[2025-06-03 23:05:54] - vali_results: {'mae': 0.28653135895729065, 'mape': 4.234373569488525, 'mse': 0.3197530508041382, 'rmse': 0.565467119216919}
[2025-06-03 23:06:01] - test_results: {'mae': 0.348610520362854, 'mape': 6.2631988525390625, 'mse': 0.4398188591003418, 'rmse': 0.6631883978843689}
[2025-06-03 23:06:38] - Epoch: 34 cost time: 2039.8935267925262
[2025-06-03 23:06:38] - Traininng loss : 0.5905459322376714
[2025-06-03 23:06:54] - vali_results: {'mae': 0.28651854395866394, 'mape': 4.21458101272583, 'mse': 0.3204834461212158, 'rmse': 0.5661125779151917}
[2025-06-03 23:07:02] - test_results: {'mae': 0.3484101891517639, 'mape': 6.158691883087158, 'mse': 0.44003885984420776, 'rmse': 0.6633542776107788}
[2025-06-03 23:07:39] - Epoch: 35 cost time: 2100.350143432617
[2025-06-03 23:07:39] - Traininng loss : 0.5903062584265223
[2025-06-03 23:07:54] - vali_results: {'mae': 0.2856631577014923, 'mape': 4.214627265930176, 'mse': 0.319570928812027, 'rmse': 0.5653060674667358}
[2025-06-03 23:08:01] - test_results: {'mae': 0.3474619388580322, 'mape': 6.149699687957764, 'mse': 0.43926823139190674, 'rmse': 0.6627731323242188}
[2025-06-03 23:08:38] - Epoch: 36 cost time: 2160.017268896103
[2025-06-03 23:08:38] - Traininng loss : 0.5897979962857907
[2025-06-03 23:08:54] - vali_results: {'mae': 0.28665587306022644, 'mape': 4.256024360656738, 'mse': 0.3193722665309906, 'rmse': 0.5651302933692932}
[2025-06-03 23:09:02] - test_results: {'mae': 0.3486558496952057, 'mape': 6.269731521606445, 'mse': 0.43947333097457886, 'rmse': 0.6629278659820557}
[2025-06-03 23:09:39] - Epoch: 37 cost time: 2220.60804605484
[2025-06-03 23:09:39] - Traininng loss : 0.5895154124321642
[2025-06-03 23:09:56] - vali_results: {'mae': 0.2852569818496704, 'mape': 4.1627702713012695, 'mse': 0.3194465637207031, 'rmse': 0.5651960372924805}
[2025-06-03 23:10:04] - test_results: {'mae': 0.3469827175140381, 'mape': 6.115550518035889, 'mse': 0.4389191269874573, 'rmse': 0.6625097393989563}
[2025-06-03 23:10:41] - Epoch: 38 cost time: 2282.1620438098907
[2025-06-03 23:10:41] - Traininng loss : 0.5891202908320569
[2025-06-03 23:10:56] - vali_results: {'mae': 0.2854636311531067, 'mape': 4.119040489196777, 'mse': 0.32021698355674744, 'rmse': 0.5658771991729736}
[2025-06-03 23:11:04] - test_results: {'mae': 0.3468472361564636, 'mape': 6.006896018981934, 'mse': 0.43911322951316833, 'rmse': 0.6626561880111694}
[2025-06-03 23:11:41] - Epoch: 39 cost time: 2342.7911443710327
[2025-06-03 23:11:41] - Traininng loss : 0.5888069919498783
[2025-06-03 23:11:57] - vali_results: {'mae': 0.28473013639450073, 'mape': 4.085781097412109, 'mse': 0.31999507546424866, 'rmse': 0.5656810998916626}
[2025-06-03 23:12:05] - test_results: {'mae': 0.3460252285003662, 'mape': 5.933594226837158, 'mse': 0.43882477283477783, 'rmse': 0.6624385118484497}
[2025-06-03 23:12:42] - Epoch: 40 cost time: 2403.1497752666473
[2025-06-03 23:12:42] - Traininng loss : 0.5884936162724971
[2025-06-03 23:12:57] - vali_results: {'mae': 0.28529664874076843, 'mape': 4.240246295928955, 'mse': 0.31843727827072144, 'rmse': 0.5643024444580078}
[2025-06-03 23:13:05] - test_results: {'mae': 0.3472396731376648, 'mape': 6.2454328536987305, 'mse': 0.4382076561450958, 'rmse': 0.6619725227355957}
[2025-06-03 23:13:42] - Epoch: 41 cost time: 2463.72274851799
[2025-06-03 23:13:42] - Traininng loss : 0.5879981795732544
[2025-06-03 23:13:58] - vali_results: {'mae': 0.28577858209609985, 'mape': 4.1710205078125, 'mse': 0.3194462060928345, 'rmse': 0.5651957392692566}
[2025-06-03 23:14:06] - test_results: {'mae': 0.3471052050590515, 'mape': 6.095645427703857, 'mse': 0.43846410512924194, 'rmse': 0.6621662378311157}
[2025-06-03 23:14:43] - Epoch: 42 cost time: 2524.5613253116608
[2025-06-03 23:14:43] - Traininng loss : 0.5877559678252495
[2025-06-03 23:14:59] - vali_results: {'mae': 0.2856529653072357, 'mape': 4.233956813812256, 'mse': 0.31869661808013916, 'rmse': 0.5645322203636169}
[2025-06-03 23:15:07] - test_results: {'mae': 0.34693077206611633, 'mape': 6.218549728393555, 'mse': 0.4379759430885315, 'rmse': 0.6617975234985352}
[2025-06-03 23:15:44] - Epoch: 43 cost time: 2585.5761337280273
[2025-06-03 23:15:44] - Traininng loss : 0.587542252720527
[2025-06-03 23:16:01] - vali_results: {'mae': 0.2846710979938507, 'mape': 4.187724590301514, 'mse': 0.3183184862136841, 'rmse': 0.5641971826553345}
[2025-06-03 23:16:09] - test_results: {'mae': 0.3461382985115051, 'mape': 6.127608776092529, 'mse': 0.43729567527770996, 'rmse': 0.6612833738327026}
[2025-06-03 23:16:46] - Epoch: 44 cost time: 2647.752057313919
[2025-06-03 23:16:46] - Traininng loss : 0.5870919438063937
[2025-06-03 23:17:02] - vali_results: {'mae': 0.2845115065574646, 'mape': 4.108332633972168, 'mse': 0.31885355710983276, 'rmse': 0.5646712183952332}
[2025-06-03 23:17:10] - test_results: {'mae': 0.3467692732810974, 'mape': 6.070916652679443, 'mse': 0.4388536810874939, 'rmse': 0.6624603271484375}
[2025-06-03 23:17:47] - Epoch: 45 cost time: 2708.650119781494
[2025-06-03 23:17:47] - Traininng loss : 0.5869456802738323
[2025-06-03 23:18:02] - vali_results: {'mae': 0.28443267941474915, 'mape': 4.140587329864502, 'mse': 0.3187316060066223, 'rmse': 0.5645632147789001}
[2025-06-03 23:18:10] - test_results: {'mae': 0.34610262513160706, 'mape': 6.096864223480225, 'mse': 0.438232958316803, 'rmse': 0.6619916558265686}
[2025-06-03 23:18:47] - Epoch: 46 cost time: 2768.336898803711
[2025-06-03 23:18:47] - Traininng loss : 0.5869250628504792
[2025-06-03 23:19:02] - vali_results: {'mae': 0.2839996814727783, 'mape': 4.147671699523926, 'mse': 0.3181239366531372, 'rmse': 0.5640247464179993}
[2025-06-03 23:19:10] - test_results: {'mae': 0.34563204646110535, 'mape': 6.100098609924316, 'mse': 0.43735820055007935, 'rmse': 0.6613306403160095}
[2025-06-03 23:19:46] - Epoch: 47 cost time: 2828.0937447547913
[2025-06-03 23:19:46] - Traininng loss : 0.5865122916884821
[2025-06-03 23:20:02] - vali_results: {'mae': 0.2839483320713043, 'mape': 4.177847385406494, 'mse': 0.3179454207420349, 'rmse': 0.5638664960861206}
[2025-06-03 23:20:10] - test_results: {'mae': 0.345751017332077, 'mape': 6.154016971588135, 'mse': 0.43739041686058044, 'rmse': 0.6613549590110779}
[2025-06-03 23:20:47] - Epoch: 48 cost time: 2889.091841697693
[2025-06-03 23:20:47] - Traininng loss : 0.5862024481084469
[2025-06-03 23:21:03] - vali_results: {'mae': 0.2841464579105377, 'mape': 4.122053146362305, 'mse': 0.31865450739860535, 'rmse': 0.5644949078559875}
[2025-06-03 23:21:11] - test_results: {'mae': 0.3454011082649231, 'mape': 6.0605974197387695, 'mse': 0.43749722838401794, 'rmse': 0.6614357233047485}
[2025-06-03 23:21:48] - Epoch: 49 cost time: 2949.7660455703735
[2025-06-03 23:21:48] - Traininng loss : 0.5860323618364462
[2025-06-03 23:22:04] - vali_results: {'mae': 0.28366512060165405, 'mape': 4.120168209075928, 'mse': 0.31801238656044006, 'rmse': 0.5639258623123169}
[2025-06-03 23:22:11] - test_results: {'mae': 0.3451412618160248, 'mape': 6.068747043609619, 'mse': 0.4369764029979706, 'rmse': 0.6610419154167175}
[2025-06-03 23:22:48] - Epoch: 50 cost time: 3009.9414489269257
[2025-06-03 23:22:48] - Traininng loss : 0.585853083757056
[2025-06-03 23:23:04] - vali_results: {'mae': 0.28337162733078003, 'mape': 4.105486869812012, 'mse': 0.3179221451282501, 'rmse': 0.5638458728790283}
[2025-06-03 23:23:12] - test_results: {'mae': 0.34458115696907043, 'mape': 6.0294389724731445, 'mse': 0.4367577135562897, 'rmse': 0.660876452922821}
[2025-06-03 23:23:49] - Epoch: 51 cost time: 3070.5807206630707
[2025-06-03 23:23:49] - Traininng loss : 0.5855146784666735
[2025-06-03 23:24:04] - vali_results: {'mae': 0.28340139985084534, 'mape': 4.098631858825684, 'mse': 0.3182640075683594, 'rmse': 0.5641489028930664}
[2025-06-03 23:24:12] - test_results: {'mae': 0.34474265575408936, 'mape': 6.017705917358398, 'mse': 0.43701672554016113, 'rmse': 0.6610724329948425}
[2025-06-03 23:24:49] - Epoch: 52 cost time: 3130.7806882858276
[2025-06-03 23:24:49] - Traininng loss : 0.5853372047532279
[2025-06-03 23:25:06] - vali_results: {'mae': 0.28358787298202515, 'mape': 4.169473171234131, 'mse': 0.3173975646495819, 'rmse': 0.5633804798126221}
[2025-06-03 23:25:14] - test_results: {'mae': 0.3450216054916382, 'mape': 6.132513999938965, 'mse': 0.4363028109073639, 'rmse': 0.6605322360992432}
[2025-06-03 23:25:50] - Epoch: 53 cost time: 3191.990055322647
[2025-06-03 23:25:50] - Traininng loss : 0.5853328277479928
[2025-06-03 23:26:06] - vali_results: {'mae': 0.2837734520435333, 'mape': 4.204063415527344, 'mse': 0.31723472476005554, 'rmse': 0.5632359385490417}
[2025-06-03 23:26:14] - test_results: {'mae': 0.34564244747161865, 'mape': 6.238711357116699, 'mse': 0.43686434626579285, 'rmse': 0.6609571576118469}
[2025-06-03 23:26:50] - Epoch: 54 cost time: 3251.728149652481
[2025-06-03 23:26:50] - Traininng loss : 0.5851226098775221
[2025-06-03 23:27:06] - vali_results: {'mae': 0.28308555483818054, 'mape': 4.154913902282715, 'mse': 0.31720635294914246, 'rmse': 0.5632107257843018}
[2025-06-03 23:27:14] - test_results: {'mae': 0.34504038095474243, 'mape': 6.1302995681762695, 'mse': 0.43668463826179504, 'rmse': 0.6608211994171143}
[2025-06-03 23:27:51] - Epoch: 55 cost time: 3312.266281604767
[2025-06-03 23:27:51] - Traininng loss : 0.584960092270792
[2025-06-03 23:28:07] - vali_results: {'mae': 0.28303632140159607, 'mape': 4.140420436859131, 'mse': 0.3173469007015228, 'rmse': 0.5633355379104614}
[2025-06-03 23:28:15] - test_results: {'mae': 0.3447871506214142, 'mape': 6.079726219177246, 'mse': 0.43655142188072205, 'rmse': 0.6607204079627991}
[2025-06-03 23:28:52] - Epoch: 56 cost time: 3373.33119225502
[2025-06-03 23:28:52] - Traininng loss : 0.5847191437878057
[2025-06-03 23:29:07] - vali_results: {'mae': 0.28320011496543884, 'mape': 4.176919937133789, 'mse': 0.3171512186527252, 'rmse': 0.5631617903709412}
[2025-06-03 23:29:15] - test_results: {'mae': 0.34498441219329834, 'mape': 6.152785301208496, 'mse': 0.4366193413734436, 'rmse': 0.6607717871665955}
[2025-06-03 23:29:51] - Epoch: 57 cost time: 3433.1019792556763
[2025-06-03 23:29:51] - Traininng loss : 0.5845058059114009
[2025-06-03 23:30:07] - vali_results: {'mae': 0.2833133041858673, 'mape': 4.152644634246826, 'mse': 0.3170957863330841, 'rmse': 0.5631126165390015}
[2025-06-03 23:30:15] - test_results: {'mae': 0.34493792057037354, 'mape': 6.1213202476501465, 'mse': 0.4363313615322113, 'rmse': 0.6605538129806519}
[2025-06-03 23:30:51] - Epoch: 58 cost time: 3493.1055159568787
[2025-06-03 23:30:51] - Traininng loss : 0.584401228035878
[2025-06-03 23:31:07] - vali_results: {'mae': 0.28304988145828247, 'mape': 4.178409099578857, 'mse': 0.31656336784362793, 'rmse': 0.5626396536827087}
[2025-06-03 23:31:15] - test_results: {'mae': 0.3448203206062317, 'mape': 6.180160045623779, 'mse': 0.4361148774623871, 'rmse': 0.6603899598121643}
[2025-06-03 23:31:52] - Epoch: 59 cost time: 3553.6127099990845
[2025-06-03 23:31:52] - Traininng loss : 0.5843444190256679
[2025-06-03 23:32:08] - vali_results: {'mae': 0.2824162244796753, 'mape': 4.110840797424316, 'mse': 0.3171350061893463, 'rmse': 0.5631474256515503}
[2025-06-03 23:32:15] - test_results: {'mae': 0.3440796434879303, 'mape': 6.047439098358154, 'mse': 0.43631479144096375, 'rmse': 0.660541296005249}
[2025-06-03 23:32:52] - Epoch: 60 cost time: 3613.2393715381622
[2025-06-03 23:32:52] - Traininng loss : 0.5841857000502615
[2025-06-03 23:33:07] - vali_results: {'mae': 0.2823849320411682, 'mape': 4.086333751678467, 'mse': 0.3170809745788574, 'rmse': 0.5630994439125061}
[2025-06-03 23:33:15] - test_results: {'mae': 0.3439677953720093, 'mape': 6.04006290435791, 'mse': 0.4361302852630615, 'rmse': 0.6604015827178955}
[2025-06-03 23:33:52] - Epoch: 61 cost time: 3673.4514484405518
[2025-06-03 23:33:52] - Traininng loss : 0.5839420136094414
[2025-06-03 23:34:07] - vali_results: {'mae': 0.28292325139045715, 'mape': 4.182551383972168, 'mse': 0.3166154623031616, 'rmse': 0.5626859068870544}
[2025-06-03 23:34:16] - test_results: {'mae': 0.34460291266441345, 'mape': 6.155365467071533, 'mse': 0.4359138309955597, 'rmse': 0.660237729549408}
[2025-06-03 23:34:52] - Epoch: 62 cost time: 3733.8599915504456
[2025-06-03 23:34:52] - Traininng loss : 0.5838421465894282
[2025-06-03 23:35:08] - vali_results: {'mae': 0.2826673686504364, 'mape': 4.1608147621154785, 'mse': 0.3167530596256256, 'rmse': 0.5628082156181335}
[2025-06-03 23:35:16] - test_results: {'mae': 0.34465688467025757, 'mape': 6.163023948669434, 'mse': 0.43637388944625854, 'rmse': 0.6605859994888306}
[2025-06-03 23:35:53] - Epoch: 63 cost time: 3794.3712918758392
[2025-06-03 23:35:53] - Traininng loss : 0.5837733602588068
[2025-06-03 23:36:08] - vali_results: {'mae': 0.2822681963443756, 'mape': 4.086426258087158, 'mse': 0.31728342175483704, 'rmse': 0.5632791519165039}
[2025-06-03 23:36:16] - test_results: {'mae': 0.3438478112220764, 'mape': 6.030713081359863, 'mse': 0.43624377250671387, 'rmse': 0.6604875326156616}
[2025-06-03 23:36:16] - loss no decreased for 5 epochs,  early stopping ....
[2025-06-03 23:36:24] - test_results: {'mae': 0.3448203206062317, 'mape': 6.180160045623779, 'mse': 0.4361148774623871, 'rmse': 0.6603899598121643}
