[2025-06-03 17:29:21] - run : 0 in seed: 2
[2025-06-03 17:29:21] - +-----------------------------------+------------+
|              Modules              | Parameters |
+-----------------------------------+------------+
|     fm.Linear_Seasonal.weight     |   16128    |
|      fm.Linear_Seasonal.bias      |    168     |
|       fm.Linear_Trend.weight      |   16128    |
|        fm.Linear_Trend.bias       |    168     |
|             nm.weight             |    1724    |
| nm.model_freq.model_freq.0.weight |    6144    |
|  nm.model_freq.model_freq.0.bias  |     64     |
|  nm.model_freq.model_all.0.weight |   20480    |
|   nm.model_freq.model_all.0.bias  |    128     |
|  nm.model_freq.model_all.2.weight |   21504    |
|   nm.model_freq.model_all.2.bias  |    168     |
| nm.model_pred.model_freq.0.weight |   24576    |
|  nm.model_pred.model_freq.0.bias  |    256     |
|  nm.model_pred.model_all.0.weight |   180224   |
|   nm.model_pred.model_all.0.bias  |    512     |
|  nm.model_pred.model_all.2.weight |   86016    |
|   nm.model_pred.model_all.2.bias  |    168     |
+-----------------------------------+------------+
[2025-06-03 17:29:21] - Total Trainable Params: 374556
[2025-06-03 17:29:21] - model parameters: 374556
[2025-06-03 17:29:45] - Epoch: 1 cost time: 23.35599160194397
[2025-06-03 17:29:45] - Traininng loss : 0.8819916757180336
[2025-06-03 17:29:54] - vali_results: {'mae': 0.32338494062423706, 'mape': 5.0291428565979, 'mse': 0.3624638319015503, 'rmse': 0.602049708366394}
[2025-06-03 17:30:01] - test_results: {'mae': 0.37560078501701355, 'mape': 8.366421699523926, 'mse': 0.46584081649780273, 'rmse': 0.6825253367424011}
[2025-06-03 17:30:24] - Epoch: 2 cost time: 62.99893760681152
[2025-06-03 17:30:24] - Traininng loss : 0.6641549055880689
[2025-06-03 17:30:36] - vali_results: {'mae': 0.304443359375, 'mape': 4.5877461433410645, 'mse': 0.3404470384120941, 'rmse': 0.5834783911705017}
[2025-06-03 17:30:43] - test_results: {'mae': 0.3591051399707794, 'mape': 7.63443660736084, 'mse': 0.4470362663269043, 'rmse': 0.6686077117919922}
[2025-06-03 17:31:06] - Epoch: 3 cost time: 105.05935859680176
[2025-06-03 17:31:06] - Traininng loss : 0.6349545051442816
[2025-06-03 17:31:18] - vali_results: {'mae': 0.29739195108413696, 'mape': 4.484397888183594, 'mse': 0.33202946186065674, 'rmse': 0.5762199759483337}
[2025-06-03 17:31:25] - test_results: {'mae': 0.3533216118812561, 'mape': 7.450221538543701, 'mse': 0.43977028131484985, 'rmse': 0.6631518006324768}
[2025-06-03 17:31:49] - Epoch: 4 cost time: 147.31543231010437
[2025-06-03 17:31:49] - Traininng loss : 0.621267170189543
[2025-06-03 17:32:00] - vali_results: {'mae': 0.2940640151500702, 'mape': 4.363025665283203, 'mse': 0.32883402705192566, 'rmse': 0.5734404921531677}
[2025-06-03 17:32:06] - test_results: {'mae': 0.34982049465179443, 'mape': 7.128596305847168, 'mse': 0.4365493655204773, 'rmse': 0.6607187986373901}
[2025-06-03 17:32:29] - Epoch: 5 cost time: 187.68758583068848
[2025-06-03 17:32:29] - Traininng loss : 0.6114039124643549
[2025-06-03 17:32:40] - vali_results: {'mae': 0.2924236059188843, 'mape': 4.497293472290039, 'mse': 0.3242781162261963, 'rmse': 0.5694542527198792}
[2025-06-03 17:32:47] - test_results: {'mae': 0.34947437047958374, 'mape': 7.481187343597412, 'mse': 0.4340069890022278, 'rmse': 0.6587920784950256}
[2025-06-03 17:33:10] - Epoch: 6 cost time: 228.74670219421387
[2025-06-03 17:33:10] - Traininng loss : 0.6040683032033292
[2025-06-03 17:33:21] - vali_results: {'mae': 0.2913496196269989, 'mape': 4.381901741027832, 'mse': 0.32318130135536194, 'rmse': 0.5684903860092163}
[2025-06-03 17:33:27] - test_results: {'mae': 0.34767305850982666, 'mape': 7.313155174255371, 'mse': 0.4315008521080017, 'rmse': 0.6568872332572937}
[2025-06-03 17:33:51] - Epoch: 7 cost time: 269.1782422065735
[2025-06-03 17:33:51] - Traininng loss : 0.5985111061562883
[2025-06-03 17:34:02] - vali_results: {'mae': 0.2903745472431183, 'mape': 4.37898588180542, 'mse': 0.3217222988605499, 'rmse': 0.5672056674957275}
[2025-06-03 17:34:08] - test_results: {'mae': 0.3474809229373932, 'mape': 7.325160026550293, 'mse': 0.43123960494995117, 'rmse': 0.6566883325576782}
[2025-06-03 17:34:31] - Epoch: 8 cost time: 309.756165266037
[2025-06-03 17:34:31] - Traininng loss : 0.5941387405420872
[2025-06-03 17:34:42] - vali_results: {'mae': 0.2879239022731781, 'mape': 4.337550163269043, 'mse': 0.31996986269950867, 'rmse': 0.5656588077545166}
[2025-06-03 17:34:49] - test_results: {'mae': 0.34502822160720825, 'mape': 7.304049491882324, 'mse': 0.4294695556163788, 'rmse': 0.655339241027832}
[2025-06-03 17:35:12] - Epoch: 9 cost time: 350.9668011665344
[2025-06-03 17:35:12] - Traininng loss : 0.5902514120048665
[2025-06-03 17:35:23] - vali_results: {'mae': 0.2872200012207031, 'mape': 4.349851131439209, 'mse': 0.3183495104312897, 'rmse': 0.5642247200012207}
[2025-06-03 17:35:30] - test_results: {'mae': 0.3451761305332184, 'mape': 7.354038238525391, 'mse': 0.428859144449234, 'rmse': 0.6548733711242676}
[2025-06-03 17:35:53] - Epoch: 10 cost time: 392.1052041053772
[2025-06-03 17:35:53] - Traininng loss : 0.5870670224440858
[2025-06-03 17:36:04] - vali_results: {'mae': 0.2872898280620575, 'mape': 4.362789154052734, 'mse': 0.31806445121765137, 'rmse': 0.5639720559120178}
[2025-06-03 17:36:11] - test_results: {'mae': 0.34484562277793884, 'mape': 7.32184362411499, 'mse': 0.42780861258506775, 'rmse': 0.6540707945823669}
[2025-06-03 17:36:34] - Epoch: 11 cost time: 432.90938234329224
[2025-06-03 17:36:34] - Traininng loss : 0.584388663794132
[2025-06-03 17:36:45] - vali_results: {'mae': 0.2858709990978241, 'mape': 4.40364933013916, 'mse': 0.3160659372806549, 'rmse': 0.5621974468231201}
[2025-06-03 17:36:52] - test_results: {'mae': 0.3441033959388733, 'mape': 7.389914035797119, 'mse': 0.42697712779045105, 'rmse': 0.6534348726272583}
[2025-06-03 17:37:15] - Epoch: 12 cost time: 473.61180782318115
[2025-06-03 17:37:15] - Traininng loss : 0.5821527401183514
[2025-06-03 17:37:26] - vali_results: {'mae': 0.2854638993740082, 'mape': 4.28524112701416, 'mse': 0.31636565923690796, 'rmse': 0.5624639391899109}
[2025-06-03 17:37:32] - test_results: {'mae': 0.34256646037101746, 'mape': 7.115664958953857, 'mse': 0.4255414605140686, 'rmse': 0.6523354053497314}
[2025-06-03 17:37:56] - Epoch: 13 cost time: 514.9079217910767
[2025-06-03 17:37:56] - Traininng loss : 0.5801173916205447
[2025-06-03 17:38:07] - vali_results: {'mae': 0.28395408391952515, 'mape': 4.217859268188477, 'mse': 0.3158698081970215, 'rmse': 0.5620229840278625}
[2025-06-03 17:38:13] - test_results: {'mae': 0.3403273820877075, 'mape': 6.971095561981201, 'mse': 0.4236951768398285, 'rmse': 0.65091872215271}
[2025-06-03 17:38:37] - Epoch: 14 cost time: 555.2592377662659
[2025-06-03 17:38:37] - Traininng loss : 0.5783577639054744
[2025-06-03 17:38:47] - vali_results: {'mae': 0.2834707796573639, 'mape': 4.318282127380371, 'mse': 0.31404173374176025, 'rmse': 0.560394287109375}
[2025-06-03 17:38:54] - test_results: {'mae': 0.34119293093681335, 'mape': 7.221465587615967, 'mse': 0.4240120053291321, 'rmse': 0.6511620283126831}
[2025-06-03 17:39:18] - Epoch: 15 cost time: 596.1667785644531
[2025-06-03 17:39:18] - Traininng loss : 0.5765894297906693
[2025-06-03 17:39:28] - vali_results: {'mae': 0.28391170501708984, 'mape': 4.2583417892456055, 'mse': 0.31504374742507935, 'rmse': 0.5612875819206238}
[2025-06-03 17:39:34] - test_results: {'mae': 0.34093013405799866, 'mape': 6.914750099182129, 'mse': 0.42358827590942383, 'rmse': 0.6508365869522095}
[2025-06-03 17:39:57] - Epoch: 16 cost time: 635.8348348140717
[2025-06-03 17:39:57] - Traininng loss : 0.5750632024508842
[2025-06-03 17:40:08] - vali_results: {'mae': 0.28311774134635925, 'mape': 4.317569255828857, 'mse': 0.3132272958755493, 'rmse': 0.5596671104431152}
[2025-06-03 17:40:14] - test_results: {'mae': 0.3405555784702301, 'mape': 7.179775238037109, 'mse': 0.4224766492843628, 'rmse': 0.6499820351600647}
[2025-06-03 17:40:37] - Epoch: 17 cost time: 675.7942235469818
[2025-06-03 17:40:37] - Traininng loss : 0.5737720065294428
[2025-06-03 17:40:47] - vali_results: {'mae': 0.2827456295490265, 'mape': 4.341870307922363, 'mse': 0.31267836689949036, 'rmse': 0.559176504611969}
[2025-06-03 17:40:53] - test_results: {'mae': 0.34046393632888794, 'mape': 7.167923927307129, 'mse': 0.42235028743743896, 'rmse': 0.649884819984436}
[2025-06-03 17:41:16] - Epoch: 18 cost time: 714.8706135749817
[2025-06-03 17:41:16] - Traininng loss : 0.5726305270131599
[2025-06-03 17:41:27] - vali_results: {'mae': 0.282741516828537, 'mape': 4.343282699584961, 'mse': 0.312188059091568, 'rmse': 0.5587379336357117}
[2025-06-03 17:41:33] - test_results: {'mae': 0.34047406911849976, 'mape': 7.151222229003906, 'mse': 0.4220273196697235, 'rmse': 0.6496362686157227}
[2025-06-03 17:41:56] - Epoch: 19 cost time: 755.0393259525299
[2025-06-03 17:41:56] - Traininng loss : 0.5713022926703413
[2025-06-03 17:42:07] - vali_results: {'mae': 0.28200629353523254, 'mape': 4.337998390197754, 'mse': 0.3118990659713745, 'rmse': 0.5584792494773865}
[2025-06-03 17:42:13] - test_results: {'mae': 0.33911195397377014, 'mape': 7.163989067077637, 'mse': 0.42022567987442017, 'rmse': 0.6482481360435486}
[2025-06-03 17:42:36] - Epoch: 20 cost time: 794.4790716171265
[2025-06-03 17:42:36] - Traininng loss : 0.5702711826467768
[2025-06-03 17:42:47] - vali_results: {'mae': 0.2816424071788788, 'mape': 4.266959190368652, 'mse': 0.3121335506439209, 'rmse': 0.5586891174316406}
[2025-06-03 17:42:53] - test_results: {'mae': 0.3386135995388031, 'mape': 6.9411444664001465, 'mse': 0.42028966546058655, 'rmse': 0.6482974886894226}
[2025-06-03 17:43:17] - Epoch: 21 cost time: 835.2167065143585
[2025-06-03 17:43:17] - Traininng loss : 0.5694710103438255
[2025-06-03 17:43:27] - vali_results: {'mae': 0.28122761845588684, 'mape': 4.174648761749268, 'mse': 0.3126513957977295, 'rmse': 0.559152364730835}
[2025-06-03 17:43:34] - test_results: {'mae': 0.33825498819351196, 'mape': 6.750519752502441, 'mse': 0.4209170639514923, 'rmse': 0.6487812399864197}
[2025-06-03 17:43:57] - Epoch: 22 cost time: 875.6032559871674
[2025-06-03 17:43:57] - Traininng loss : 0.5685574944983137
[2025-06-03 17:44:08] - vali_results: {'mae': 0.28216731548309326, 'mape': 4.386435508728027, 'mse': 0.31030598282814026, 'rmse': 0.5570511221885681}
[2025-06-03 17:44:14] - test_results: {'mae': 0.33985403180122375, 'mape': 7.242116451263428, 'mse': 0.4197896420955658, 'rmse': 0.6479117274284363}
[2025-06-03 17:44:37] - Epoch: 23 cost time: 916.0841178894043
[2025-06-03 17:44:37] - Traininng loss : 0.5677426148285257
[2025-06-03 17:44:48] - vali_results: {'mae': 0.28127768635749817, 'mape': 4.299680709838867, 'mse': 0.31102123856544495, 'rmse': 0.5576927661895752}
[2025-06-03 17:44:54] - test_results: {'mae': 0.3387000262737274, 'mape': 7.009982585906982, 'mse': 0.4196855127811432, 'rmse': 0.647831380367279}
[2025-06-03 17:45:18] - Epoch: 24 cost time: 956.359632730484
[2025-06-03 17:45:18] - Traininng loss : 0.5668682349806137
[2025-06-03 17:45:28] - vali_results: {'mae': 0.28036004304885864, 'mape': 4.2972259521484375, 'mse': 0.30973875522613525, 'rmse': 0.5565418004989624}
[2025-06-03 17:45:34] - test_results: {'mae': 0.3382382392883301, 'mape': 7.035270690917969, 'mse': 0.4190465211868286, 'rmse': 0.6473380327224731}
[2025-06-03 17:45:57] - Epoch: 25 cost time: 995.7417225837708
[2025-06-03 17:45:57] - Traininng loss : 0.5660892791570501
[2025-06-03 17:46:08] - vali_results: {'mae': 0.28106334805488586, 'mape': 4.332338809967041, 'mse': 0.30976465344429016, 'rmse': 0.5565650463104248}
[2025-06-03 17:46:14] - test_results: {'mae': 0.33827582001686096, 'mape': 7.09336519241333, 'mse': 0.41822129487991333, 'rmse': 0.6467003226280212}
[2025-06-03 17:46:38] - Epoch: 26 cost time: 1036.4341626167297
[2025-06-03 17:46:38] - Traininng loss : 0.5654663667082787
[2025-06-03 17:46:48] - vali_results: {'mae': 0.27948102355003357, 'mape': 4.285501956939697, 'mse': 0.3093782961368561, 'rmse': 0.5562178492546082}
[2025-06-03 17:46:54] - test_results: {'mae': 0.3371177613735199, 'mape': 7.016775131225586, 'mse': 0.41857579350471497, 'rmse': 0.6469743251800537}
[2025-06-03 17:47:17] - Epoch: 27 cost time: 1075.8565237522125
[2025-06-03 17:47:17] - Traininng loss : 0.5647923412158135
[2025-06-03 17:47:27] - vali_results: {'mae': 0.27967408299446106, 'mape': 4.293631553649902, 'mse': 0.3090516924858093, 'rmse': 0.5559241771697998}
[2025-06-03 17:47:33] - test_results: {'mae': 0.33730706572532654, 'mape': 7.022546291351318, 'mse': 0.417866587638855, 'rmse': 0.6464260220527649}
[2025-06-03 17:47:57] - Epoch: 28 cost time: 1115.391413450241
[2025-06-03 17:47:57] - Traininng loss : 0.5641354541195199
[2025-06-03 17:48:08] - vali_results: {'mae': 0.2798277735710144, 'mape': 4.31805944442749, 'mse': 0.30879464745521545, 'rmse': 0.5556929707527161}
[2025-06-03 17:48:14] - test_results: {'mae': 0.33732888102531433, 'mape': 7.069721221923828, 'mse': 0.4173978865146637, 'rmse': 0.6460633873939514}
[2025-06-03 17:48:38] - Epoch: 29 cost time: 1156.4110250473022
[2025-06-03 17:48:38] - Traininng loss : 0.5636036411878911
[2025-06-03 17:48:49] - vali_results: {'mae': 0.2790103256702423, 'mape': 4.187256813049316, 'mse': 0.3094310462474823, 'rmse': 0.5562652945518494}
[2025-06-03 17:48:55] - test_results: {'mae': 0.3357087969779968, 'mape': 6.778556823730469, 'mse': 0.4167662560939789, 'rmse': 0.6455743908882141}
[2025-06-03 17:49:19] - Epoch: 30 cost time: 1197.7190947532654
[2025-06-03 17:49:19] - Traininng loss : 0.5629220684158042
[2025-06-03 17:49:30] - vali_results: {'mae': 0.28022080659866333, 'mape': 4.369421482086182, 'mse': 0.3079274892807007, 'rmse': 0.5549121499061584}
[2025-06-03 17:49:36] - test_results: {'mae': 0.33855828642845154, 'mape': 7.203754425048828, 'mse': 0.4178707003593445, 'rmse': 0.646429181098938}
[2025-06-03 17:50:00] - Epoch: 31 cost time: 1238.6292555332184
[2025-06-03 17:50:00] - Traininng loss : 0.5624354779720306
[2025-06-03 17:50:11] - vali_results: {'mae': 0.2793238162994385, 'mape': 4.2815470695495605, 'mse': 0.3080514371395111, 'rmse': 0.5550237894058228}
[2025-06-03 17:50:18] - test_results: {'mae': 0.3365534245967865, 'mape': 6.925851821899414, 'mse': 0.41645348072052, 'rmse': 0.6453320980072021}
[2025-06-03 17:50:41] - Epoch: 32 cost time: 1279.4683074951172
[2025-06-03 17:50:41] - Traininng loss : 0.5619370141561996
[2025-06-03 17:50:52] - vali_results: {'mae': 0.27871426939964294, 'mape': 4.285177230834961, 'mse': 0.3076990246772766, 'rmse': 0.5547062754631042}
[2025-06-03 17:50:58] - test_results: {'mae': 0.3363962173461914, 'mape': 6.9914021492004395, 'mse': 0.41649049520492554, 'rmse': 0.6453607678413391}
[2025-06-03 17:51:22] - Epoch: 33 cost time: 1320.6469390392303
[2025-06-03 17:51:22] - Traininng loss : 0.5612906097890215
[2025-06-03 17:51:33] - vali_results: {'mae': 0.27857208251953125, 'mape': 4.249178409576416, 'mse': 0.30794957280158997, 'rmse': 0.5549320578575134}
[2025-06-03 17:51:39] - test_results: {'mae': 0.33587101101875305, 'mape': 6.90241813659668, 'mse': 0.4162321388721466, 'rmse': 0.6451605558395386}
[2025-06-03 17:52:03] - Epoch: 34 cost time: 1361.1778416633606
[2025-06-03 17:52:03] - Traininng loss : 0.5609982635112519
[2025-06-03 17:52:14] - vali_results: {'mae': 0.27855390310287476, 'mape': 4.289434909820557, 'mse': 0.307263046503067, 'rmse': 0.5543131232261658}
[2025-06-03 17:52:20] - test_results: {'mae': 0.336948037147522, 'mape': 7.053783893585205, 'mse': 0.4169326424598694, 'rmse': 0.6457031965255737}
[2025-06-03 17:52:44] - Epoch: 35 cost time: 1402.3848793506622
[2025-06-03 17:52:44] - Traininng loss : 0.5603999668296348
[2025-06-03 17:52:55] - vali_results: {'mae': 0.2780023217201233, 'mape': 4.1609110832214355, 'mse': 0.30799388885498047, 'rmse': 0.5549719929695129}
[2025-06-03 17:53:01] - test_results: {'mae': 0.3345381021499634, 'mape': 6.717100620269775, 'mse': 0.41504257917404175, 'rmse': 0.6442379951477051}
[2025-06-03 17:53:24] - Epoch: 36 cost time: 1443.0548169612885
[2025-06-03 17:53:24] - Traininng loss : 0.559977170317731
[2025-06-03 17:53:36] - vali_results: {'mae': 0.2782849073410034, 'mape': 4.282864570617676, 'mse': 0.30709898471832275, 'rmse': 0.5541651248931885}
[2025-06-03 17:53:42] - test_results: {'mae': 0.3363678455352783, 'mape': 6.991147041320801, 'mse': 0.41637614369392395, 'rmse': 0.6452721357345581}
[2025-06-03 17:54:05] - Epoch: 37 cost time: 1483.9633338451385
[2025-06-03 17:54:05] - Traininng loss : 0.5595689366789575
[2025-06-03 17:54:16] - vali_results: {'mae': 0.2781132757663727, 'mape': 4.265970230102539, 'mse': 0.3067867159843445, 'rmse': 0.5538833141326904}
[2025-06-03 17:54:22] - test_results: {'mae': 0.33645981550216675, 'mape': 6.9694929122924805, 'mse': 0.4164552092552185, 'rmse': 0.6453334093093872}
[2025-06-03 17:54:46] - Epoch: 38 cost time: 1524.309541940689
[2025-06-03 17:54:46] - Traininng loss : 0.559228685149487
[2025-06-03 17:54:57] - vali_results: {'mae': 0.2775230407714844, 'mape': 4.2826619148254395, 'mse': 0.3064895272254944, 'rmse': 0.5536149740219116}
[2025-06-03 17:55:03] - test_results: {'mae': 0.33536043763160706, 'mape': 6.950855255126953, 'mse': 0.41568925976753235, 'rmse': 0.6447396874427795}
[2025-06-03 17:55:27] - Epoch: 39 cost time: 1565.5908720493317
[2025-06-03 17:55:27] - Traininng loss : 0.5586818703153031
[2025-06-03 17:55:38] - vali_results: {'mae': 0.27793967723846436, 'mape': 4.268102645874023, 'mse': 0.3064989745616913, 'rmse': 0.5536234974861145}
[2025-06-03 17:55:44] - test_results: {'mae': 0.3357097804546356, 'mape': 7.013208866119385, 'mse': 0.41536372900009155, 'rmse': 0.644487202167511}
[2025-06-03 17:56:08] - Epoch: 40 cost time: 1606.3663260936737
[2025-06-03 17:56:08] - Traininng loss : 0.558408572794275
[2025-06-03 17:56:19] - vali_results: {'mae': 0.27715885639190674, 'mape': 4.265976905822754, 'mse': 0.30597931146621704, 'rmse': 0.5531539916992188}
[2025-06-03 17:56:25] - test_results: {'mae': 0.3351181745529175, 'mape': 6.9680867195129395, 'mse': 0.41522538661956787, 'rmse': 0.6443798542022705}
[2025-06-03 17:56:49] - Epoch: 41 cost time: 1647.5278375148773
[2025-06-03 17:56:49] - Traininng loss : 0.5580573963358048
[2025-06-03 17:57:00] - vali_results: {'mae': 0.27705660462379456, 'mape': 4.233670711517334, 'mse': 0.3062695264816284, 'rmse': 0.5534162521362305}
[2025-06-03 17:57:06] - test_results: {'mae': 0.3346109986305237, 'mape': 6.858232021331787, 'mse': 0.4148384630680084, 'rmse': 0.6440795660018921}
[2025-06-03 17:57:30] - Epoch: 42 cost time: 1688.584591627121
[2025-06-03 17:57:30] - Traininng loss : 0.5577037098242882
[2025-06-03 17:57:41] - vali_results: {'mae': 0.2775808870792389, 'mape': 4.296649932861328, 'mse': 0.3062397241592407, 'rmse': 0.553389310836792}
[2025-06-03 17:57:48] - test_results: {'mae': 0.3355386555194855, 'mape': 6.9791340827941895, 'mse': 0.4154455363750458, 'rmse': 0.644550621509552}
[2025-06-03 17:58:11] - Epoch: 43 cost time: 1729.502554178238
[2025-06-03 17:58:11] - Traininng loss : 0.5574662212995772
[2025-06-03 17:58:22] - vali_results: {'mae': 0.2770082652568817, 'mape': 4.226663112640381, 'mse': 0.3060286343097687, 'rmse': 0.5531985759735107}
[2025-06-03 17:58:28] - test_results: {'mae': 0.33437609672546387, 'mape': 6.85811185836792, 'mse': 0.41415899991989136, 'rmse': 0.6435518860816956}
[2025-06-03 17:58:52] - Epoch: 44 cost time: 1770.5761110782623
[2025-06-03 17:58:52] - Traininng loss : 0.5570890211520043
[2025-06-03 17:59:03] - vali_results: {'mae': 0.2765464186668396, 'mape': 4.270988941192627, 'mse': 0.3053528964519501, 'rmse': 0.5525874495506287}
[2025-06-03 17:59:10] - test_results: {'mae': 0.3347603678703308, 'mape': 6.958122730255127, 'mse': 0.4145694375038147, 'rmse': 0.6438706517219543}
[2025-06-03 17:59:33] - Epoch: 45 cost time: 1811.411392211914
[2025-06-03 17:59:33] - Traininng loss : 0.5567901122601743
[2025-06-03 17:59:44] - vali_results: {'mae': 0.27643540501594543, 'mape': 4.174154758453369, 'mse': 0.3060681223869324, 'rmse': 0.5532342195510864}
[2025-06-03 17:59:51] - test_results: {'mae': 0.3336566984653473, 'mape': 6.765598773956299, 'mse': 0.4138088524341583, 'rmse': 0.6432797908782959}
[2025-06-03 18:00:14] - Epoch: 46 cost time: 1853.1400563716888
[2025-06-03 18:00:14] - Traininng loss : 0.5565265036643819
[2025-06-03 18:00:26] - vali_results: {'mae': 0.27679720520973206, 'mape': 4.286009788513184, 'mse': 0.3052455484867096, 'rmse': 0.5524902939796448}
[2025-06-03 18:00:32] - test_results: {'mae': 0.3346993327140808, 'mape': 6.971774101257324, 'mse': 0.4143066108226776, 'rmse': 0.6436665654182434}
[2025-06-03 18:00:55] - Epoch: 47 cost time: 1894.075858592987
[2025-06-03 18:00:55] - Traininng loss : 0.556326335414927
[2025-06-03 18:01:07] - vali_results: {'mae': 0.27648264169692993, 'mape': 4.27302360534668, 'mse': 0.30506157875061035, 'rmse': 0.5523238182067871}
[2025-06-03 18:01:13] - test_results: {'mae': 0.33402878046035767, 'mape': 6.963486671447754, 'mse': 0.41368019580841064, 'rmse': 0.6431797742843628}
[2025-06-03 18:01:37] - Epoch: 48 cost time: 1935.314696073532
[2025-06-03 18:01:37] - Traininng loss : 0.5559636435293137
[2025-06-03 18:01:48] - vali_results: {'mae': 0.2759794592857361, 'mape': 4.15805721282959, 'mse': 0.3058796525001526, 'rmse': 0.5530638694763184}
[2025-06-03 18:01:54] - test_results: {'mae': 0.33365654945373535, 'mape': 6.733161449432373, 'mse': 0.41416123509407043, 'rmse': 0.643553614616394}
[2025-06-03 18:02:17] - Epoch: 49 cost time: 1975.4535117149353
[2025-06-03 18:02:17] - Traininng loss : 0.5557384876177666
[2025-06-03 18:02:27] - vali_results: {'mae': 0.27592384815216064, 'mape': 4.156864166259766, 'mse': 0.30581900477409363, 'rmse': 0.553009033203125}
[2025-06-03 18:02:33] - test_results: {'mae': 0.33360061049461365, 'mape': 6.767447471618652, 'mse': 0.41400498151779175, 'rmse': 0.6434321999549866}
[2025-06-03 18:02:57] - Epoch: 50 cost time: 2015.5457417964935
[2025-06-03 18:02:57] - Traininng loss : 0.5555451122370172
[2025-06-03 18:03:07] - vali_results: {'mae': 0.2761624753475189, 'mape': 4.252009868621826, 'mse': 0.3048054277896881, 'rmse': 0.5520918369293213}
[2025-06-03 18:03:14] - test_results: {'mae': 0.3338649272918701, 'mape': 6.924760341644287, 'mse': 0.41336050629615784, 'rmse': 0.6429311633110046}
[2025-06-03 18:03:37] - Epoch: 51 cost time: 2055.527586221695
[2025-06-03 18:03:37] - Traininng loss : 0.5552628691843216
[2025-06-03 18:03:48] - vali_results: {'mae': 0.2756488025188446, 'mape': 4.228582859039307, 'mse': 0.30477312207221985, 'rmse': 0.5520626306533813}
[2025-06-03 18:03:54] - test_results: {'mae': 0.33321988582611084, 'mape': 6.868458271026611, 'mse': 0.41308945417404175, 'rmse': 0.6427203416824341}
[2025-06-03 18:04:18] - Epoch: 52 cost time: 2096.181524038315
[2025-06-03 18:04:18] - Traininng loss : 0.5551175600353707
[2025-06-03 18:04:29] - vali_results: {'mae': 0.2756131589412689, 'mape': 4.224702835083008, 'mse': 0.30481618642807007, 'rmse': 0.5521016120910645}
[2025-06-03 18:04:36] - test_results: {'mae': 0.3334145247936249, 'mape': 6.875953674316406, 'mse': 0.4134155511856079, 'rmse': 0.6429740190505981}
[2025-06-03 18:05:00] - Epoch: 53 cost time: 2138.2428159713745
[2025-06-03 18:05:00] - Traininng loss : 0.5547811434941089
[2025-06-03 18:05:10] - vali_results: {'mae': 0.2761301100254059, 'mape': 4.230774402618408, 'mse': 0.30508747696876526, 'rmse': 0.5523472428321838}
[2025-06-03 18:05:17] - test_results: {'mae': 0.33382874727249146, 'mape': 6.870951175689697, 'mse': 0.41368842124938965, 'rmse': 0.6431861519813538}
[2025-06-03 18:05:40] - Epoch: 54 cost time: 2178.6313705444336
[2025-06-03 18:05:40] - Traininng loss : 0.5545918139371466
[2025-06-03 18:05:51] - vali_results: {'mae': 0.2756555378437042, 'mape': 4.2183122634887695, 'mse': 0.3047782778739929, 'rmse': 0.5520672798156738}
[2025-06-03 18:05:57] - test_results: {'mae': 0.3331301212310791, 'mape': 6.817800045013428, 'mse': 0.4131607413291931, 'rmse': 0.64277583360672}
[2025-06-03 18:06:21] - Epoch: 55 cost time: 2219.2156348228455
[2025-06-03 18:06:21] - Traininng loss : 0.5543558201257218
[2025-06-03 18:06:31] - vali_results: {'mae': 0.2756338119506836, 'mape': 4.2553629875183105, 'mse': 0.30446657538414, 'rmse': 0.551784873008728}
[2025-06-03 18:06:37] - test_results: {'mae': 0.3334372937679291, 'mape': 6.940678119659424, 'mse': 0.4131370484828949, 'rmse': 0.6427573561668396}
[2025-06-03 18:07:01] - Epoch: 56 cost time: 2259.3785557746887
[2025-06-03 18:07:01] - Traininng loss : 0.55431391409737
[2025-06-03 18:07:11] - vali_results: {'mae': 0.2754736542701721, 'mape': 4.2749342918396, 'mse': 0.3039776384830475, 'rmse': 0.5513416528701782}
[2025-06-03 18:07:17] - test_results: {'mae': 0.3334272801876068, 'mape': 6.968116760253906, 'mse': 0.4131770431995392, 'rmse': 0.6427884697914124}
[2025-06-03 18:07:41] - Epoch: 57 cost time: 2299.527393102646
[2025-06-03 18:07:41] - Traininng loss : 0.5539696210242332
[2025-06-03 18:07:52] - vali_results: {'mae': 0.27539029717445374, 'mape': 4.238340854644775, 'mse': 0.304332435131073, 'rmse': 0.551663339138031}
[2025-06-03 18:07:58] - test_results: {'mae': 0.3331381678581238, 'mape': 6.856287479400635, 'mse': 0.41306865215301514, 'rmse': 0.6427041888237}
[2025-06-03 18:08:21] - Epoch: 58 cost time: 2339.3790748119354
[2025-06-03 18:08:21] - Traininng loss : 0.5538718598954221
[2025-06-03 18:08:32] - vali_results: {'mae': 0.2750232517719269, 'mape': 4.196747303009033, 'mse': 0.304202139377594, 'rmse': 0.5515452027320862}
[2025-06-03 18:08:39] - test_results: {'mae': 0.332610160112381, 'mape': 6.83408784866333, 'mse': 0.41263827681541443, 'rmse': 0.642369270324707}
[2025-06-03 18:09:02] - Epoch: 59 cost time: 2380.8971076011658
[2025-06-03 18:09:02] - Traininng loss : 0.5537150492693516
[2025-06-03 18:09:14] - vali_results: {'mae': 0.2749861478805542, 'mape': 4.224398136138916, 'mse': 0.3041383624076843, 'rmse': 0.551487386226654}
[2025-06-03 18:09:20] - test_results: {'mae': 0.33286580443382263, 'mape': 6.882678031921387, 'mse': 0.4127782881259918, 'rmse': 0.6424782276153564}
[2025-06-03 18:09:43] - Epoch: 60 cost time: 2421.930081129074
[2025-06-03 18:09:43] - Traininng loss : 0.5535442095963244
[2025-06-03 18:09:54] - vali_results: {'mae': 0.2744634449481964, 'mape': 4.177651405334473, 'mse': 0.3042743504047394, 'rmse': 0.5516107082366943}
[2025-06-03 18:10:00] - test_results: {'mae': 0.3319675326347351, 'mape': 6.772566318511963, 'mse': 0.41228044033050537, 'rmse': 0.6420906782150269}
[2025-06-03 18:10:24] - Epoch: 61 cost time: 2462.798305273056
[2025-06-03 18:10:24] - Traininng loss : 0.5533153963215808
[2025-06-03 18:10:35] - vali_results: {'mae': 0.27520960569381714, 'mape': 4.242277145385742, 'mse': 0.30405494570732117, 'rmse': 0.5514117479324341}
[2025-06-03 18:10:41] - test_results: {'mae': 0.3327944576740265, 'mape': 6.88126802444458, 'mse': 0.4123055636882782, 'rmse': 0.6421102285385132}
[2025-06-03 18:10:41] - loss no decreased for 5 epochs,  early stopping ....
[2025-06-03 18:10:47] - test_results: {'mae': 0.3334272801876068, 'mape': 6.968116760253906, 'mse': 0.4131770431995392, 'rmse': 0.6427884697914124}
