[2025-06-05 20:01:06] - run : 3 in seed: 5
[2025-06-05 20:01:06] - +-----------------------------------+------------+
|              Modules              | Parameters |
+-----------------------------------+------------+
|     fm.Linear_Seasonal.weight     |    9216    |
|      fm.Linear_Seasonal.bias      |     96     |
|       fm.Linear_Trend.weight      |    9216    |
|        fm.Linear_Trend.bias       |     96     |
|             nm.weight             |     42     |
| nm.model_freq.model_freq.0.weight |    6144    |
|  nm.model_freq.model_freq.0.bias  |     64     |
|  nm.model_freq.model_all.0.weight |   20480    |
|   nm.model_freq.model_all.0.bias  |    128     |
|  nm.model_freq.model_all.2.weight |   12288    |
|   nm.model_freq.model_all.2.bias  |     96     |
| nm.model_pred.model_freq.0.weight |   24576    |
|  nm.model_pred.model_freq.0.bias  |    256     |
|  nm.model_pred.model_all.0.weight |   180224   |
|   nm.model_pred.model_all.0.bias  |    512     |
|  nm.model_pred.model_all.2.weight |   49152    |
|   nm.model_pred.model_all.2.bias  |     96     |
+-----------------------------------+------------+
[2025-06-05 20:01:06] - Total Trainable Params: 312682
[2025-06-05 20:01:06] - model parameters: 312682
[2025-06-05 20:01:34] - Epoch: 1 cost time: 28.438483238220215
[2025-06-05 20:01:34] - Traininng loss : 1.1396190620757438
[2025-06-05 20:01:40] - vali_results: {'mae': 0.2962212860584259, 'mape': 4.558405876159668, 'mse': 0.32038381695747375, 'rmse': 0.5660246014595032}
[2025-06-05 20:01:43] - test_results: {'mae': 0.22579056024551392, 'mape': 1.3858801126480103, 'mse': 0.19160301983356476, 'rmse': 0.4377248287200928}
[2025-06-05 20:02:13] - Epoch: 2 cost time: 67.09182810783386
[2025-06-05 20:02:13] - Traininng loss : 1.0564197953774186
[2025-06-05 20:02:19] - vali_results: {'mae': 0.2957099974155426, 'mape': 4.802400588989258, 'mse': 0.3128640949726105, 'rmse': 0.5593425631523132}
[2025-06-05 20:02:22] - test_results: {'mae': 0.2309815138578415, 'mape': 1.4182358980178833, 'mse': 0.1909591555595398, 'rmse': 0.4369887411594391}
[2025-06-05 20:02:51] - Epoch: 3 cost time: 105.52951860427856
[2025-06-05 20:02:51] - Traininng loss : 1.0380910129628185
[2025-06-05 20:02:57] - vali_results: {'mae': 0.2890265882015228, 'mape': 4.435053825378418, 'mse': 0.30727583169937134, 'rmse': 0.5543246865272522}
[2025-06-05 20:03:00] - test_results: {'mae': 0.2207697331905365, 'mape': 1.3635873794555664, 'mse': 0.18635576963424683, 'rmse': 0.43168944120407104}
[2025-06-05 20:03:30] - Epoch: 4 cost time: 144.4806308746338
[2025-06-05 20:03:30] - Traininng loss : 1.0302905073972402
[2025-06-05 20:03:36] - vali_results: {'mae': 0.28708529472351074, 'mape': 4.578891754150391, 'mse': 0.30492788553237915, 'rmse': 0.5522027611732483}
[2025-06-05 20:03:39] - test_results: {'mae': 0.21864593029022217, 'mape': 1.3878508806228638, 'mse': 0.1844600886106491, 'rmse': 0.4294881820678711}
[2025-06-05 20:04:08] - Epoch: 5 cost time: 182.3810224533081
[2025-06-05 20:04:08] - Traininng loss : 1.02381418490784
[2025-06-05 20:04:14] - vali_results: {'mae': 0.2906106412410736, 'mape': 4.717206954956055, 'mse': 0.3074527978897095, 'rmse': 0.5544842481613159}
[2025-06-05 20:04:17] - test_results: {'mae': 0.22009681165218353, 'mape': 1.4143438339233398, 'mse': 0.18495997786521912, 'rmse': 0.4300697445869446}
[2025-06-05 20:04:48] - Epoch: 6 cost time: 221.7233145236969
[2025-06-05 20:04:48] - Traininng loss : 1.0203169338736413
[2025-06-05 20:04:53] - vali_results: {'mae': 0.29211288690567017, 'mape': 4.248878002166748, 'mse': 0.30315035581588745, 'rmse': 0.5505909323692322}
[2025-06-05 20:04:56] - test_results: {'mae': 0.23198436200618744, 'mape': 1.328782558441162, 'mse': 0.18843786418437958, 'rmse': 0.43409430980682373}
[2025-06-05 20:05:28] - Epoch: 7 cost time: 261.8025703430176
[2025-06-05 20:05:28] - Traininng loss : 1.0168185945999757
[2025-06-05 20:05:34] - vali_results: {'mae': 0.2902984023094177, 'mape': 4.147879600524902, 'mse': 0.30427536368370056, 'rmse': 0.551611602306366}
[2025-06-05 20:05:36] - test_results: {'mae': 0.22891107201576233, 'mape': 1.3118016719818115, 'mse': 0.18774285912513733, 'rmse': 0.43329304456710815}
[2025-06-05 20:06:06] - Epoch: 8 cost time: 299.67277693748474
[2025-06-05 20:06:06] - Traininng loss : 1.0141056261066779
[2025-06-05 20:06:11] - vali_results: {'mae': 0.28709685802459717, 'mape': 4.180111408233643, 'mse': 0.30876630544662476, 'rmse': 0.5556674599647522}
[2025-06-05 20:06:15] - test_results: {'mae': 0.21951669454574585, 'mape': 1.3569921255111694, 'mse': 0.18739883601665497, 'rmse': 0.43289586901664734}
[2025-06-05 20:06:45] - Epoch: 9 cost time: 339.0808074474335
[2025-06-05 20:06:45] - Traininng loss : 1.0123501132650798
[2025-06-05 20:06:51] - vali_results: {'mae': 0.2875458896160126, 'mape': 4.312613010406494, 'mse': 0.3053880035877228, 'rmse': 0.552619218826294}
[2025-06-05 20:06:54] - test_results: {'mae': 0.21898142993450165, 'mape': 1.3523560762405396, 'mse': 0.18510526418685913, 'rmse': 0.43023860454559326}
[2025-06-05 20:07:26] - Epoch: 10 cost time: 380.1645908355713
[2025-06-05 20:07:26] - Traininng loss : 1.0109414933501064
[2025-06-05 20:07:32] - vali_results: {'mae': 0.28472909331321716, 'mape': 3.9046859741210938, 'mse': 0.2985394299030304, 'rmse': 0.5463876128196716}
[2025-06-05 20:07:35] - test_results: {'mae': 0.21857693791389465, 'mape': 1.2563680410385132, 'mse': 0.18074767291545868, 'rmse': 0.4251442849636078}
[2025-06-05 20:08:06] - Epoch: 11 cost time: 419.8202774524689
[2025-06-05 20:08:06] - Traininng loss : 1.0078615271847666
[2025-06-05 20:08:11] - vali_results: {'mae': 0.2859244644641876, 'mape': 4.0265793800354, 'mse': 0.30167126655578613, 'rmse': 0.549246072769165}
[2025-06-05 20:08:15] - test_results: {'mae': 0.21943895518779755, 'mape': 1.3027154207229614, 'mse': 0.1837923526763916, 'rmse': 0.42871010303497314}
[2025-06-05 20:08:46] - Epoch: 12 cost time: 460.44305539131165
[2025-06-05 20:08:46] - Traininng loss : 1.0064675037821376
[2025-06-05 20:08:52] - vali_results: {'mae': 0.28879988193511963, 'mape': 3.9560647010803223, 'mse': 0.299633651971817, 'rmse': 0.5473880171775818}
[2025-06-05 20:08:55] - test_results: {'mae': 0.22989794611930847, 'mape': 1.2775371074676514, 'mse': 0.18497677147388458, 'rmse': 0.4300892651081085}
[2025-06-05 20:09:26] - Epoch: 13 cost time: 499.67446517944336
[2025-06-05 20:09:26] - Traininng loss : 1.0045071435993198
[2025-06-05 20:09:31] - vali_results: {'mae': 0.28525954484939575, 'mape': 3.854975700378418, 'mse': 0.2974071204662323, 'rmse': 0.5453504323959351}
[2025-06-05 20:09:34] - test_results: {'mae': 0.22457776963710785, 'mape': 1.2507750988006592, 'mse': 0.1834235042333603, 'rmse': 0.42827969789505005}
[2025-06-05 20:10:05] - Epoch: 14 cost time: 538.9575128555298
[2025-06-05 20:10:05] - Traininng loss : 1.004145937087542
[2025-06-05 20:10:11] - vali_results: {'mae': 0.28982943296432495, 'mape': 4.735042572021484, 'mse': 0.30411601066589355, 'rmse': 0.5514671206474304}
[2025-06-05 20:10:14] - test_results: {'mae': 0.22541436553001404, 'mape': 1.4134535789489746, 'mse': 0.18700671195983887, 'rmse': 0.43244272470474243}
[2025-06-05 20:10:44] - Epoch: 15 cost time: 578.0670487880707
[2025-06-05 20:10:44] - Traininng loss : 1.0026559614833792
[2025-06-05 20:10:50] - vali_results: {'mae': 0.2874348759651184, 'mape': 4.243264675140381, 'mse': 0.3016057312488556, 'rmse': 0.5491864085197449}
[2025-06-05 20:10:53] - test_results: {'mae': 0.22719332575798035, 'mape': 1.335910439491272, 'mse': 0.18538258969783783, 'rmse': 0.43056079745292664}
[2025-06-05 20:11:24] - Epoch: 16 cost time: 617.7582964897156
[2025-06-05 20:11:24] - Traininng loss : 1.00146705125245
[2025-06-05 20:11:29] - vali_results: {'mae': 0.2849738299846649, 'mape': 3.9053332805633545, 'mse': 0.2968957722187042, 'rmse': 0.5448814034461975}
[2025-06-05 20:11:33] - test_results: {'mae': 0.22148984670639038, 'mape': 1.261184811592102, 'mse': 0.18188907206058502, 'rmse': 0.4264845550060272}
[2025-06-05 20:12:03] - Epoch: 17 cost time: 657.0578620433807
[2025-06-05 20:12:03] - Traininng loss : 1.0004324603569228
[2025-06-05 20:12:09] - vali_results: {'mae': 0.28529614210128784, 'mape': 3.97662353515625, 'mse': 0.29990118741989136, 'rmse': 0.5476323366165161}
[2025-06-05 20:12:12] - test_results: {'mae': 0.22147928178310394, 'mape': 1.2903423309326172, 'mse': 0.1838536560535431, 'rmse': 0.4287815988063812}
[2025-06-05 20:12:43] - Epoch: 18 cost time: 697.3464286327362
[2025-06-05 20:12:43] - Traininng loss : 0.999245937065966
[2025-06-05 20:12:49] - vali_results: {'mae': 0.2864511013031006, 'mape': 4.200194835662842, 'mse': 0.30081215500831604, 'rmse': 0.5484634637832642}
[2025-06-05 20:12:52] - test_results: {'mae': 0.22371850907802582, 'mape': 1.3300528526306152, 'mse': 0.18410201370716095, 'rmse': 0.4290710985660553}
[2025-06-05 20:13:23] - Epoch: 19 cost time: 737.5440058708191
[2025-06-05 20:13:23] - Traininng loss : 0.9988774367540737
[2025-06-05 20:13:29] - vali_results: {'mae': 0.2845550775527954, 'mape': 4.192978858947754, 'mse': 0.3005109131336212, 'rmse': 0.5481887459754944}
[2025-06-05 20:13:33] - test_results: {'mae': 0.21724024415016174, 'mape': 1.3278781175613403, 'mse': 0.18172261118888855, 'rmse': 0.4262893497943878}
[2025-06-05 20:14:04] - Epoch: 20 cost time: 777.8094160556793
[2025-06-05 20:14:04] - Traininng loss : 0.9978524911060682
[2025-06-05 20:14:10] - vali_results: {'mae': 0.2846640646457672, 'mape': 4.0022406578063965, 'mse': 0.299246609210968, 'rmse': 0.5470343828201294}
[2025-06-05 20:14:12] - test_results: {'mae': 0.21670900285243988, 'mape': 1.3001550436019897, 'mse': 0.18116995692253113, 'rmse': 0.42564064264297485}
[2025-06-05 20:14:43] - Epoch: 21 cost time: 816.7004535198212
[2025-06-05 20:14:43] - Traininng loss : 0.9965938880273125
[2025-06-05 20:14:48] - vali_results: {'mae': 0.28611087799072266, 'mape': 4.21596622467041, 'mse': 0.2970382273197174, 'rmse': 0.5450121164321899}
[2025-06-05 20:14:51] - test_results: {'mae': 0.2265513837337494, 'mape': 1.3059959411621094, 'mse': 0.1836080253124237, 'rmse': 0.4284950792789459}
[2025-06-05 20:14:51] - loss no decreased for 5 epochs,  early stopping ....
[2025-06-05 20:14:55] - test_results: {'mae': 0.22148984670639038, 'mape': 1.261184811592102, 'mse': 0.18188907206058502, 'rmse': 0.4264845550060272}
