[2025-06-04 21:29:00] - run : 2 in seed: 4
[2025-06-04 21:29:00] - +-----------------------------------+------------+
|              Modules              | Parameters |
+-----------------------------------+------------+
|     fm.Linear_Seasonal.weight     |   69120    |
|      fm.Linear_Seasonal.bias      |    720     |
|       fm.Linear_Trend.weight      |   69120    |
|        fm.Linear_Trend.bias       |    720     |
|             nm.weight             |    642     |
| nm.model_freq.model_freq.0.weight |    6144    |
|  nm.model_freq.model_freq.0.bias  |     64     |
|  nm.model_freq.model_all.0.weight |   20480    |
|   nm.model_freq.model_all.0.bias  |    128     |
|  nm.model_freq.model_all.2.weight |   92160    |
|   nm.model_freq.model_all.2.bias  |    720     |
| nm.model_pred.model_freq.0.weight |   24576    |
|  nm.model_pred.model_freq.0.bias  |    256     |
|  nm.model_pred.model_all.0.weight |   180224   |
|   nm.model_pred.model_all.0.bias  |    512     |
|  nm.model_pred.model_all.2.weight |   368640   |
|   nm.model_pred.model_all.2.bias  |    720     |
+-----------------------------------+------------+
[2025-06-04 21:29:00] - Total Trainable Params: 834946
[2025-06-04 21:29:00] - model parameters: 834946
[2025-06-04 21:30:01] - Epoch: 1 cost time: 61.10554838180542
[2025-06-04 21:30:01] - Traininng loss : 0.6792730968106877
[2025-06-04 21:30:21] - vali_results: {'mae': 0.3209243714809418, 'mape': 2.7577908039093018, 'mse': 0.2280392199754715, 'rmse': 0.47753453254699707}
[2025-06-04 21:30:33] - test_results: {'mae': 0.3294568657875061, 'mape': 3.4506940841674805, 'mse': 0.2306530475616455, 'rmse': 0.48026353120803833}
[2025-06-04 21:31:35] - Epoch: 2 cost time: 154.79794096946716
[2025-06-04 21:31:35] - Traininng loss : 0.5396041641452096
[2025-06-04 21:31:56] - vali_results: {'mae': 0.31799620389938354, 'mape': 2.7695655822753906, 'mse': 0.2255164384841919, 'rmse': 0.4748857021331787}
[2025-06-04 21:32:06] - test_results: {'mae': 0.3275294303894043, 'mape': 3.455533742904663, 'mse': 0.22802239656448364, 'rmse': 0.47751691937446594}
[2025-06-04 21:33:09] - Epoch: 3 cost time: 248.82339787483215
[2025-06-04 21:33:09] - Traininng loss : 0.5353986521742561
[2025-06-04 21:33:29] - vali_results: {'mae': 0.3181304335594177, 'mape': 2.8460400104522705, 'mse': 0.22551289200782776, 'rmse': 0.47488197684288025}
[2025-06-04 21:33:41] - test_results: {'mae': 0.3304184079170227, 'mape': 3.550200939178467, 'mse': 0.2299480438232422, 'rmse': 0.4795289933681488}
[2025-06-04 21:34:42] - Epoch: 4 cost time: 342.00951886177063
[2025-06-04 21:34:42] - Traininng loss : 0.5335483565655622
[2025-06-04 21:35:02] - vali_results: {'mae': 0.3152960538864136, 'mape': 2.7317867279052734, 'mse': 0.22379256784915924, 'rmse': 0.47306719422340393}
[2025-06-04 21:35:14] - test_results: {'mae': 0.3245719075202942, 'mape': 3.4050912857055664, 'mse': 0.2258492112159729, 'rmse': 0.4752359390258789}
[2025-06-04 21:36:14] - Epoch: 5 cost time: 434.4143805503845
[2025-06-04 21:36:14] - Traininng loss : 0.5321098896590146
[2025-06-04 21:36:35] - vali_results: {'mae': 0.31537431478500366, 'mape': 2.756606340408325, 'mse': 0.22349847853183746, 'rmse': 0.4727562665939331}
[2025-06-04 21:36:46] - test_results: {'mae': 0.3243797719478607, 'mape': 3.4366610050201416, 'mse': 0.22530518472194672, 'rmse': 0.47466322779655457}
[2025-06-04 21:37:48] - Epoch: 6 cost time: 527.4898529052734
[2025-06-04 21:37:48] - Traininng loss : 0.5312858001210473
[2025-06-04 21:38:08] - vali_results: {'mae': 0.31358107924461365, 'mape': 2.6745216846466064, 'mse': 0.22364374995231628, 'rmse': 0.4729098677635193}
[2025-06-04 21:38:18] - test_results: {'mae': 0.3190732002258301, 'mape': 3.3247487545013428, 'mse': 0.2227552980184555, 'rmse': 0.4719696044921875}
[2025-06-04 21:39:20] - Epoch: 7 cost time: 620.0605561733246
[2025-06-04 21:39:20] - Traininng loss : 0.5305799748138947
[2025-06-04 21:39:40] - vali_results: {'mae': 0.3135334253311157, 'mape': 2.7682976722717285, 'mse': 0.22292983531951904, 'rmse': 0.4721544682979584}
[2025-06-04 21:39:52] - test_results: {'mae': 0.32236406207084656, 'mape': 3.446991205215454, 'mse': 0.2244757115840912, 'rmse': 0.47378867864608765}
[2025-06-04 21:40:54] - Epoch: 8 cost time: 713.541145324707
[2025-06-04 21:40:54] - Traininng loss : 0.5298815279657191
[2025-06-04 21:41:15] - vali_results: {'mae': 0.3171309232711792, 'mape': 2.791764736175537, 'mse': 0.22386981546878815, 'rmse': 0.47314882278442383}
[2025-06-04 21:41:26] - test_results: {'mae': 0.3289126753807068, 'mape': 3.4840471744537354, 'mse': 0.22772587835788727, 'rmse': 0.4772063195705414}
[2025-06-04 21:42:28] - Epoch: 9 cost time: 808.2140874862671
[2025-06-04 21:42:28] - Traininng loss : 0.5295419320735064
[2025-06-04 21:42:49] - vali_results: {'mae': 0.31426501274108887, 'mape': 2.7214510440826416, 'mse': 0.22266753017902374, 'rmse': 0.4718765914440155}
[2025-06-04 21:43:01] - test_results: {'mae': 0.3221854567527771, 'mape': 3.4054505825042725, 'mse': 0.22357405722141266, 'rmse': 0.4728361964225769}
[2025-06-04 21:44:02] - Epoch: 10 cost time: 901.8964803218842
[2025-06-04 21:44:02] - Traininng loss : 0.5293781969764015
[2025-06-04 21:44:23] - vali_results: {'mae': 0.31281182169914246, 'mape': 2.68631911277771, 'mse': 0.22338609397411346, 'rmse': 0.4726373851299286}
[2025-06-04 21:44:33] - test_results: {'mae': 0.31823500990867615, 'mape': 3.355574131011963, 'mse': 0.22252774238586426, 'rmse': 0.47172847390174866}
[2025-06-04 21:45:34] - Epoch: 11 cost time: 994.4320833683014
[2025-06-04 21:45:34] - Traininng loss : 0.5290923866900531
[2025-06-04 21:45:55] - vali_results: {'mae': 0.3119983673095703, 'mape': 2.7210800647735596, 'mse': 0.22281160950660706, 'rmse': 0.4720292389392853}
[2025-06-04 21:46:06] - test_results: {'mae': 0.3194992244243622, 'mape': 3.399036407470703, 'mse': 0.2235913723707199, 'rmse': 0.47285449504852295}
[2025-06-04 21:47:07] - Epoch: 12 cost time: 1087.0402083396912
[2025-06-04 21:47:07] - Traininng loss : 0.5289722727103667
[2025-06-04 21:47:28] - vali_results: {'mae': 0.3136533796787262, 'mape': 2.713684320449829, 'mse': 0.2224893420934677, 'rmse': 0.47168776392936707}
[2025-06-04 21:47:39] - test_results: {'mae': 0.3207041919231415, 'mape': 3.398581027984619, 'mse': 0.2228548228740692, 'rmse': 0.4720750153064728}
[2025-06-04 21:48:41] - Epoch: 13 cost time: 1180.7730293273926
[2025-06-04 21:48:41] - Traininng loss : 0.528389795422554
[2025-06-04 21:49:02] - vali_results: {'mae': 0.3135738968849182, 'mape': 2.741107702255249, 'mse': 0.2225819230079651, 'rmse': 0.47178587317466736}
[2025-06-04 21:49:13] - test_results: {'mae': 0.3220283091068268, 'mape': 3.428798198699951, 'mse': 0.2239786982536316, 'rmse': 0.4732638895511627}
[2025-06-04 21:50:13] - Epoch: 14 cost time: 1273.406908750534
[2025-06-04 21:50:13] - Traininng loss : 0.5282963378321041
[2025-06-04 21:50:34] - vali_results: {'mae': 0.31375259160995483, 'mape': 2.7090506553649902, 'mse': 0.2224956601858139, 'rmse': 0.4716944694519043}
[2025-06-04 21:50:43] - test_results: {'mae': 0.32107678055763245, 'mape': 3.3744542598724365, 'mse': 0.22302015125751495, 'rmse': 0.4722501039505005}
[2025-06-04 21:51:44] - Epoch: 15 cost time: 1363.6390852928162
[2025-06-04 21:51:44] - Traininng loss : 0.5279846967350353
[2025-06-04 21:52:03] - vali_results: {'mae': 0.3122974932193756, 'mape': 2.7249562740325928, 'mse': 0.22231966257095337, 'rmse': 0.47150784730911255}
[2025-06-04 21:52:13] - test_results: {'mae': 0.32038551568984985, 'mape': 3.4022507667541504, 'mse': 0.22366969287395477, 'rmse': 0.47293731570243835}
[2025-06-04 21:53:14] - Epoch: 16 cost time: 1453.6151206493378
[2025-06-04 21:53:14] - Traininng loss : 0.528001165877689
[2025-06-04 21:53:33] - vali_results: {'mae': 0.3125690519809723, 'mape': 2.73067307472229, 'mse': 0.22223353385925293, 'rmse': 0.47141653299331665}
[2025-06-04 21:53:43] - test_results: {'mae': 0.31982600688934326, 'mape': 3.413011074066162, 'mse': 0.22277241945266724, 'rmse': 0.4719877243041992}
[2025-06-04 21:54:44] - Epoch: 17 cost time: 1543.8388061523438
[2025-06-04 21:54:44] - Traininng loss : 0.5278704628077421
[2025-06-04 21:55:04] - vali_results: {'mae': 0.3155721127986908, 'mape': 2.8036558628082275, 'mse': 0.22269856929779053, 'rmse': 0.4719094932079315}
[2025-06-04 21:55:14] - test_results: {'mae': 0.32710665464401245, 'mape': 3.4997713565826416, 'mse': 0.22620713710784912, 'rmse': 0.4756123721599579}
[2025-06-04 21:56:15] - Epoch: 18 cost time: 1635.0315599441528
[2025-06-04 21:56:15] - Traininng loss : 0.5278050494194031
[2025-06-04 21:56:35] - vali_results: {'mae': 0.3159237205982208, 'mape': 2.78595232963562, 'mse': 0.22275640070438385, 'rmse': 0.4719707667827606}
[2025-06-04 21:56:46] - test_results: {'mae': 0.3263901472091675, 'mape': 3.463703155517578, 'mse': 0.22548024356365204, 'rmse': 0.47484761476516724}
[2025-06-04 21:57:48] - Epoch: 19 cost time: 1727.4970421791077
[2025-06-04 21:57:48] - Traininng loss : 0.52760728077455
[2025-06-04 21:58:08] - vali_results: {'mae': 0.3125018775463104, 'mape': 2.7049758434295654, 'mse': 0.22195012867450714, 'rmse': 0.4711158275604248}
[2025-06-04 21:58:19] - test_results: {'mae': 0.3200102150440216, 'mape': 3.3805954456329346, 'mse': 0.22249539196491241, 'rmse': 0.4716941714286804}
[2025-06-04 21:59:20] - Epoch: 20 cost time: 1820.3312616348267
[2025-06-04 21:59:20] - Traininng loss : 0.5272922545671463
[2025-06-04 21:59:41] - vali_results: {'mae': 0.3130077123641968, 'mape': 2.731440782546997, 'mse': 0.22235120832920074, 'rmse': 0.47154131531715393}
[2025-06-04 21:59:52] - test_results: {'mae': 0.3210582137107849, 'mape': 3.4018566608428955, 'mse': 0.2232830673456192, 'rmse': 0.4725283682346344}
[2025-06-04 22:00:53] - Epoch: 21 cost time: 1913.1958663463593
[2025-06-04 22:00:53] - Traininng loss : 0.5274706595052372
[2025-06-04 22:01:13] - vali_results: {'mae': 0.31204164028167725, 'mape': 2.721543073654175, 'mse': 0.2223563939332962, 'rmse': 0.47154679894447327}
[2025-06-04 22:01:24] - test_results: {'mae': 0.31838855147361755, 'mape': 3.3950605392456055, 'mse': 0.22238938510417938, 'rmse': 0.4715817868709564}
[2025-06-04 22:02:25] - Epoch: 22 cost time: 2004.8935678005219
[2025-06-04 22:02:25] - Traininng loss : 0.5271971166675741
[2025-06-04 22:02:48] - vali_results: {'mae': 0.3130638003349304, 'mape': 2.7293474674224854, 'mse': 0.2220964878797531, 'rmse': 0.4712711274623871}
[2025-06-04 22:02:59] - test_results: {'mae': 0.3204580843448639, 'mape': 3.405237913131714, 'mse': 0.22260291874408722, 'rmse': 0.47180813550949097}
[2025-06-04 22:04:00] - Epoch: 23 cost time: 2100.3047494888306
[2025-06-04 22:04:00] - Traininng loss : 0.5271662126346068
[2025-06-04 22:04:22] - vali_results: {'mae': 0.3144952952861786, 'mape': 2.796072006225586, 'mse': 0.22240963578224182, 'rmse': 0.47160327434539795}
[2025-06-04 22:04:32] - test_results: {'mae': 0.3252889811992645, 'mape': 3.4910409450531006, 'mse': 0.22534790635108948, 'rmse': 0.47470822930336}
[2025-06-04 22:05:34] - Epoch: 24 cost time: 2193.7271552085876
[2025-06-04 22:05:34] - Traininng loss : 0.5269446153532374
[2025-06-04 22:05:54] - vali_results: {'mae': 0.3122960925102234, 'mape': 2.737271785736084, 'mse': 0.2218400090932846, 'rmse': 0.47099894285202026}
[2025-06-04 22:06:06] - test_results: {'mae': 0.32037973403930664, 'mape': 3.417795419692993, 'mse': 0.2227908968925476, 'rmse': 0.47200730443000793}
[2025-06-04 22:07:09] - Epoch: 25 cost time: 2288.7489953041077
[2025-06-04 22:07:09] - Traininng loss : 0.5269112413037907
[2025-06-04 22:07:29] - vali_results: {'mae': 0.3123013377189636, 'mape': 2.745349884033203, 'mse': 0.22203484177589417, 'rmse': 0.4712057411670685}
[2025-06-04 22:07:40] - test_results: {'mae': 0.3215569257736206, 'mape': 3.424360752105713, 'mse': 0.223807692527771, 'rmse': 0.47308316826820374}
[2025-06-04 22:08:41] - Epoch: 26 cost time: 2381.0186438560486
[2025-06-04 22:08:41] - Traininng loss : 0.5269889085943049
[2025-06-04 22:09:02] - vali_results: {'mae': 0.3118245303630829, 'mape': 2.7237493991851807, 'mse': 0.22195574641227722, 'rmse': 0.47112178802490234}
[2025-06-04 22:09:14] - test_results: {'mae': 0.31945836544036865, 'mape': 3.383157730102539, 'mse': 0.22252075374126434, 'rmse': 0.4717210531234741}
[2025-06-04 22:10:17] - Epoch: 27 cost time: 2476.899074316025
[2025-06-04 22:10:17] - Traininng loss : 0.527084951617501
[2025-06-04 22:10:39] - vali_results: {'mae': 0.31295445561408997, 'mape': 2.748324155807495, 'mse': 0.22188836336135864, 'rmse': 0.4710502624511719}
[2025-06-04 22:10:50] - test_results: {'mae': 0.3215929865837097, 'mape': 3.432905673980713, 'mse': 0.22346080839633942, 'rmse': 0.47271642088890076}
[2025-06-04 22:11:52] - Epoch: 28 cost time: 2571.679321527481
[2025-06-04 22:11:52] - Traininng loss : 0.5266957272724672
[2025-06-04 22:12:13] - vali_results: {'mae': 0.3130963146686554, 'mape': 2.7523515224456787, 'mse': 0.2222951054573059, 'rmse': 0.4714818298816681}
[2025-06-04 22:12:24] - test_results: {'mae': 0.32178857922554016, 'mape': 3.4274160861968994, 'mse': 0.22378791868686676, 'rmse': 0.47306227684020996}
[2025-06-04 22:13:25] - Epoch: 29 cost time: 2664.792258501053
[2025-06-04 22:13:25] - Traininng loss : 0.5267107180573724
[2025-06-04 22:13:46] - vali_results: {'mae': 0.31314152479171753, 'mape': 2.7847437858581543, 'mse': 0.2218904048204422, 'rmse': 0.4710524380207062}
[2025-06-04 22:13:57] - test_results: {'mae': 0.32370904088020325, 'mape': 3.478285074234009, 'mse': 0.22457119822502136, 'rmse': 0.47388944029808044}
[2025-06-04 22:13:57] - loss no decreased for 5 epochs,  early stopping ....
[2025-06-04 22:14:08] - test_results: {'mae': 0.32037973403930664, 'mape': 3.417795419692993, 'mse': 0.2227908968925476, 'rmse': 0.47200730443000793}
