[2025-06-04 14:31:56] - run : 0 in seed: 2
[2025-06-04 14:31:56] - +-----------------------------------+------------+
|              Modules              | Parameters |
+-----------------------------------+------------+
|     fm.Linear_Seasonal.weight     |    9216    |
|      fm.Linear_Seasonal.bias      |     96     |
|       fm.Linear_Trend.weight      |    9216    |
|        fm.Linear_Trend.bias       |     96     |
|             nm.weight             |     14     |
| nm.model_freq.model_freq.0.weight |    6144    |
|  nm.model_freq.model_freq.0.bias  |     64     |
|  nm.model_freq.model_all.0.weight |   20480    |
|   nm.model_freq.model_all.0.bias  |    128     |
|  nm.model_freq.model_all.2.weight |   12288    |
|   nm.model_freq.model_all.2.bias  |     96     |
| nm.model_pred.model_freq.0.weight |   24576    |
|  nm.model_pred.model_freq.0.bias  |    256     |
|  nm.model_pred.model_all.0.weight |   180224   |
|   nm.model_pred.model_all.0.bias  |    512     |
|  nm.model_pred.model_all.2.weight |   49152    |
|   nm.model_pred.model_all.2.bias  |     96     |
+-----------------------------------+------------+
[2025-06-04 14:31:56] - Total Trainable Params: 312654
[2025-06-04 14:31:56] - model parameters: 312654
[2025-06-04 14:32:06] - Epoch: 1 cost time: 9.863036394119263
[2025-06-04 14:32:06] - Traininng loss : 0.6846580571158135
[2025-06-04 14:32:08] - vali_results: {'mae': 0.3303869068622589, 'mape': 4.679408073425293, 'mse': 0.2339470535516739, 'rmse': 0.48368072509765625}
[2025-06-04 14:32:09] - test_results: {'mae': 0.24166636168956757, 'mape': 11.389573097229004, 'mse': 0.11471410095691681, 'rmse': 0.33869469165802}
[2025-06-04 14:32:18] - Epoch: 2 cost time: 22.27884292602539
[2025-06-04 14:32:18] - Traininng loss : 0.5566380855805696
[2025-06-04 14:32:20] - vali_results: {'mae': 0.33169543743133545, 'mape': 4.522543430328369, 'mse': 0.23599866032600403, 'rmse': 0.4857969284057617}
[2025-06-04 14:32:21] - test_results: {'mae': 0.23718209564685822, 'mape': 10.698484420776367, 'mse': 0.11030109971761703, 'rmse': 0.33211609721183777}
[2025-06-04 14:32:30] - Epoch: 3 cost time: 34.43950390815735
[2025-06-04 14:32:30] - Traininng loss : 0.5406622730908875
[2025-06-04 14:32:32] - vali_results: {'mae': 0.3498465418815613, 'mape': 4.356373310089111, 'mse': 0.2529314160346985, 'rmse': 0.5029228925704956}
[2025-06-04 14:32:33] - test_results: {'mae': 0.24382300674915314, 'mape': 9.64383316040039, 'mse': 0.11198965460062027, 'rmse': 0.3346485495567322}
[2025-06-04 14:32:43] - Epoch: 4 cost time: 46.8795223236084
[2025-06-04 14:32:43] - Traininng loss : 0.5281748395175376
[2025-06-04 14:32:45] - vali_results: {'mae': 0.3275693655014038, 'mape': 4.610559940338135, 'mse': 0.23203308880329132, 'rmse': 0.4816981256008148}
[2025-06-04 14:32:46] - test_results: {'mae': 0.2356780618429184, 'mape': 12.038559913635254, 'mse': 0.11007022857666016, 'rmse': 0.33176833391189575}
[2025-06-04 14:32:55] - Epoch: 5 cost time: 59.408554792404175
[2025-06-04 14:32:55] - Traininng loss : 0.5227402300831485
[2025-06-04 14:32:57] - vali_results: {'mae': 0.34091266989707947, 'mape': 4.4622087478637695, 'mse': 0.2461317926645279, 'rmse': 0.4961167275905609}
[2025-06-04 14:32:58] - test_results: {'mae': 0.23704715073108673, 'mape': 10.49287223815918, 'mse': 0.10844483971595764, 'rmse': 0.3293096423149109}
[2025-06-04 14:33:08] - Epoch: 6 cost time: 71.7495584487915
[2025-06-04 14:33:08] - Traininng loss : 0.5153587076495937
[2025-06-04 14:33:10] - vali_results: {'mae': 0.3305821716785431, 'mape': 4.655818462371826, 'mse': 0.23496489226818085, 'rmse': 0.4847317636013031}
[2025-06-04 14:33:11] - test_results: {'mae': 0.23447127640247345, 'mape': 11.385595321655273, 'mse': 0.10787931829690933, 'rmse': 0.32844987511634827}
[2025-06-04 14:33:20] - Epoch: 7 cost time: 84.42082595825195
[2025-06-04 14:33:20] - Traininng loss : 0.5117130072272205
[2025-06-04 14:33:22] - vali_results: {'mae': 0.32800233364105225, 'mape': 4.926451683044434, 'mse': 0.2331833839416504, 'rmse': 0.48289066553115845}
[2025-06-04 14:33:23] - test_results: {'mae': 0.23700883984565735, 'mape': 12.28161907196045, 'mse': 0.11139251291751862, 'rmse': 0.33375516533851624}
[2025-06-04 14:33:33] - Epoch: 8 cost time: 96.69734811782837
[2025-06-04 14:33:33] - Traininng loss : 0.5069956739452925
[2025-06-04 14:33:35] - vali_results: {'mae': 0.3310320973396301, 'mape': 4.824770927429199, 'mse': 0.23725348711013794, 'rmse': 0.4870867431163788}
[2025-06-04 14:33:36] - test_results: {'mae': 0.23444265127182007, 'mape': 11.85849666595459, 'mse': 0.1085694283246994, 'rmse': 0.3294987678527832}
[2025-06-04 14:33:45] - Epoch: 9 cost time: 109.31653690338135
[2025-06-04 14:33:45] - Traininng loss : 0.5033958847535417
[2025-06-04 14:33:47] - vali_results: {'mae': 0.3322507441043854, 'mape': 4.588656425476074, 'mse': 0.23599578440189362, 'rmse': 0.48579397797584534}
[2025-06-04 14:33:48] - test_results: {'mae': 0.23423588275909424, 'mape': 11.396797180175781, 'mse': 0.10722345113754272, 'rmse': 0.3274499177932739}
[2025-06-04 14:33:48] - loss no decreased for 5 epochs,  early stopping ....
[2025-06-04 14:33:49] - test_results: {'mae': 0.2356780618429184, 'mape': 12.038559913635254, 'mse': 0.11007022857666016, 'rmse': 0.33176833391189575}
