[2025-06-03 18:10:47] - run : 1 in seed: 3
[2025-06-03 18:10:47] - +-----------------------------------+------------+
|              Modules              | Parameters |
+-----------------------------------+------------+
|     fm.Linear_Seasonal.weight     |   16128    |
|      fm.Linear_Seasonal.bias      |    168     |
|       fm.Linear_Trend.weight      |   16128    |
|        fm.Linear_Trend.bias       |    168     |
|             nm.weight             |    1724    |
| nm.model_freq.model_freq.0.weight |    6144    |
|  nm.model_freq.model_freq.0.bias  |     64     |
|  nm.model_freq.model_all.0.weight |   20480    |
|   nm.model_freq.model_all.0.bias  |    128     |
|  nm.model_freq.model_all.2.weight |   21504    |
|   nm.model_freq.model_all.2.bias  |    168     |
| nm.model_pred.model_freq.0.weight |   24576    |
|  nm.model_pred.model_freq.0.bias  |    256     |
|  nm.model_pred.model_all.0.weight |   180224   |
|   nm.model_pred.model_all.0.bias  |    512     |
|  nm.model_pred.model_all.2.weight |   86016    |
|   nm.model_pred.model_all.2.bias  |    168     |
+-----------------------------------+------------+
[2025-06-03 18:10:47] - Total Trainable Params: 374556
[2025-06-03 18:10:47] - model parameters: 374556
[2025-06-03 18:11:10] - Epoch: 1 cost time: 23.379406690597534
[2025-06-03 18:11:10] - Traininng loss : 0.8837654730106922
[2025-06-03 18:11:21] - vali_results: {'mae': 0.32253068685531616, 'mape': 4.9788408279418945, 'mse': 0.36170655488967896, 'rmse': 0.6014204621315002}
[2025-06-03 18:11:27] - test_results: {'mae': 0.3752116858959198, 'mape': 8.272956848144531, 'mse': 0.4654020667076111, 'rmse': 0.6822038292884827}
[2025-06-03 18:11:51] - Epoch: 2 cost time: 63.609548568725586
[2025-06-03 18:11:51] - Traininng loss : 0.6637234762310982
[2025-06-03 18:12:01] - vali_results: {'mae': 0.30354323983192444, 'mape': 4.590814113616943, 'mse': 0.3395270109176636, 'rmse': 0.5826894640922546}
[2025-06-03 18:12:08] - test_results: {'mae': 0.3589194416999817, 'mape': 7.671293258666992, 'mse': 0.4462610185146332, 'rmse': 0.6680276989936829}
[2025-06-03 18:12:31] - Epoch: 3 cost time: 103.85089707374573
[2025-06-03 18:12:31] - Traininng loss : 0.6347210250319318
[2025-06-03 18:12:41] - vali_results: {'mae': 0.2977062165737152, 'mape': 4.415551662445068, 'mse': 0.3329041600227356, 'rmse': 0.5769784450531006}
[2025-06-03 18:12:48] - test_results: {'mae': 0.3530241549015045, 'mape': 7.248196601867676, 'mse': 0.4399528205394745, 'rmse': 0.6632893681526184}
[2025-06-03 18:13:11] - Epoch: 4 cost time: 143.81310319900513
[2025-06-03 18:13:11] - Traininng loss : 0.6196384044720772
[2025-06-03 18:13:21] - vali_results: {'mae': 0.29469338059425354, 'mape': 4.532721519470215, 'mse': 0.3266582787036896, 'rmse': 0.5715402960777283}
[2025-06-03 18:13:27] - test_results: {'mae': 0.35156580805778503, 'mape': 7.56769323348999, 'mse': 0.4360322654247284, 'rmse': 0.6603273749351501}
[2025-06-03 18:13:50] - Epoch: 5 cost time: 183.212012052536
[2025-06-03 18:13:50] - Traininng loss : 0.6097156885773578
[2025-06-03 18:14:00] - vali_results: {'mae': 0.2930230498313904, 'mape': 4.3949384689331055, 'mse': 0.32494211196899414, 'rmse': 0.5700369477272034}
[2025-06-03 18:14:06] - test_results: {'mae': 0.34919896721839905, 'mape': 7.359115123748779, 'mse': 0.4328959286212921, 'rmse': 0.6579482555389404}
[2025-06-03 18:14:29] - Epoch: 6 cost time: 222.25858807563782
[2025-06-03 18:14:29] - Traininng loss : 0.6026960807911893
[2025-06-03 18:14:40] - vali_results: {'mae': 0.291644424200058, 'mape': 4.380662441253662, 'mse': 0.3230263888835907, 'rmse': 0.5683541297912598}
[2025-06-03 18:14:46] - test_results: {'mae': 0.34852269291877747, 'mape': 7.31746244430542, 'mse': 0.4322168827056885, 'rmse': 0.6574320197105408}
[2025-06-03 18:15:10] - Epoch: 7 cost time: 262.65416717529297
[2025-06-03 18:15:10] - Traininng loss : 0.5974894730334587
[2025-06-03 18:15:20] - vali_results: {'mae': 0.2892061173915863, 'mape': 4.3233113288879395, 'mse': 0.32112917304039, 'rmse': 0.5666825771331787}
[2025-06-03 18:15:26] - test_results: {'mae': 0.34627407789230347, 'mape': 7.300959587097168, 'mse': 0.4304266571998596, 'rmse': 0.6560690999031067}
[2025-06-03 18:15:49] - Epoch: 8 cost time: 302.3275935649872
[2025-06-03 18:15:49] - Traininng loss : 0.5929978909961721
[2025-06-03 18:16:00] - vali_results: {'mae': 0.2882830500602722, 'mape': 4.314750671386719, 'mse': 0.31955453753471375, 'rmse': 0.5652915239334106}
[2025-06-03 18:16:06] - test_results: {'mae': 0.3460012972354889, 'mape': 7.309057712554932, 'mse': 0.42963293194770813, 'rmse': 0.6554639339447021}
[2025-06-03 18:16:29] - Epoch: 9 cost time: 342.20610523223877
[2025-06-03 18:16:29] - Traininng loss : 0.5893460540695393
[2025-06-03 18:16:40] - vali_results: {'mae': 0.2879895865917206, 'mape': 4.336945533752441, 'mse': 0.3188997209072113, 'rmse': 0.5647120475769043}
[2025-06-03 18:16:46] - test_results: {'mae': 0.3454829752445221, 'mape': 7.293233394622803, 'mse': 0.4283384680747986, 'rmse': 0.654475748538971}
[2025-06-03 18:17:10] - Epoch: 10 cost time: 382.47196865081787
[2025-06-03 18:17:10] - Traininng loss : 0.5863177530626034
[2025-06-03 18:17:20] - vali_results: {'mae': 0.28649163246154785, 'mape': 4.392693519592285, 'mse': 0.31672534346580505, 'rmse': 0.5627835392951965}
[2025-06-03 18:17:26] - test_results: {'mae': 0.34476789832115173, 'mape': 7.3702073097229, 'mse': 0.4274851083755493, 'rmse': 0.6538234353065491}
[2025-06-03 18:17:49] - Epoch: 11 cost time: 422.351535320282
[2025-06-03 18:17:49] - Traininng loss : 0.5838020963871733
[2025-06-03 18:18:00] - vali_results: {'mae': 0.2860093116760254, 'mape': 4.275879383087158, 'mse': 0.31706076860427856, 'rmse': 0.5630815029144287}
[2025-06-03 18:18:06] - test_results: {'mae': 0.343242883682251, 'mape': 7.073912620544434, 'mse': 0.4260992407798767, 'rmse': 0.652762770652771}
[2025-06-03 18:18:29] - Epoch: 12 cost time: 461.95416021347046
[2025-06-03 18:18:29] - Traininng loss : 0.5815690350025258
[2025-06-03 18:18:39] - vali_results: {'mae': 0.28434425592422485, 'mape': 4.201394081115723, 'mse': 0.3164919912815094, 'rmse': 0.5625762343406677}
[2025-06-03 18:18:45] - test_results: {'mae': 0.3408094048500061, 'mape': 6.920793533325195, 'mse': 0.42419812083244324, 'rmse': 0.6513049602508545}
[2025-06-03 18:19:09] - Epoch: 13 cost time: 501.7586245536804
[2025-06-03 18:19:09] - Traininng loss : 0.5796677967969407
[2025-06-03 18:19:19] - vali_results: {'mae': 0.2837667465209961, 'mape': 4.287010669708252, 'mse': 0.31454411149024963, 'rmse': 0.5608423352241516}
[2025-06-03 18:19:25] - test_results: {'mae': 0.34163904190063477, 'mape': 7.165642261505127, 'mse': 0.4244387447834015, 'rmse': 0.6514896154403687}
[2025-06-03 18:19:49] - Epoch: 14 cost time: 541.6231393814087
[2025-06-03 18:19:49] - Traininng loss : 0.5777153169855158
[2025-06-03 18:19:59] - vali_results: {'mae': 0.28452810645103455, 'mape': 4.247196674346924, 'mse': 0.31555426120758057, 'rmse': 0.5617421865463257}
[2025-06-03 18:20:05] - test_results: {'mae': 0.34172311425209045, 'mape': 6.911794185638428, 'mse': 0.4240979552268982, 'rmse': 0.6512280106544495}
[2025-06-03 18:20:29] - Epoch: 15 cost time: 581.4655864238739
[2025-06-03 18:20:29] - Traininng loss : 0.5760670844861802
[2025-06-03 18:20:39] - vali_results: {'mae': 0.2836359739303589, 'mape': 4.302091121673584, 'mse': 0.31364306807518005, 'rmse': 0.5600384473800659}
[2025-06-03 18:20:45] - test_results: {'mae': 0.34127119183540344, 'mape': 7.170156478881836, 'mse': 0.4229155480861664, 'rmse': 0.6503195762634277}
[2025-06-03 18:21:08] - Epoch: 16 cost time: 621.3954520225525
[2025-06-03 18:21:08] - Traininng loss : 0.5746820122003555
[2025-06-03 18:21:19] - vali_results: {'mae': 0.2834570109844208, 'mape': 4.316985607147217, 'mse': 0.3131404519081116, 'rmse': 0.5595895648002625}
[2025-06-03 18:21:25] - test_results: {'mae': 0.3411795496940613, 'mape': 7.1580705642700195, 'mse': 0.4227555990219116, 'rmse': 0.6501966118812561}
[2025-06-03 18:21:48] - Epoch: 17 cost time: 660.8779418468475
[2025-06-03 18:21:48] - Traininng loss : 0.5734167858324153
[2025-06-03 18:21:58] - vali_results: {'mae': 0.2829943001270294, 'mape': 4.3086771965026855, 'mse': 0.3125375211238861, 'rmse': 0.5590505599975586}
[2025-06-03 18:22:04] - test_results: {'mae': 0.3409656286239624, 'mape': 7.129727363586426, 'mse': 0.42238396406173706, 'rmse': 0.6499107480049133}
[2025-06-03 18:22:27] - Epoch: 18 cost time: 699.9757509231567
[2025-06-03 18:22:27] - Traininng loss : 0.5719888660501926
[2025-06-03 18:22:38] - vali_results: {'mae': 0.2823992073535919, 'mape': 4.307322978973389, 'mse': 0.3121577501296997, 'rmse': 0.5587108135223389}
[2025-06-03 18:22:44] - test_results: {'mae': 0.3396734595298767, 'mape': 7.146738529205322, 'mse': 0.4205900728702545, 'rmse': 0.6485291719436646}
[2025-06-03 18:23:08] - Epoch: 19 cost time: 741.1197373867035
[2025-06-03 18:23:08] - Traininng loss : 0.570834662686003
[2025-06-03 18:23:19] - vali_results: {'mae': 0.2819100618362427, 'mape': 4.236693859100342, 'mse': 0.31239238381385803, 'rmse': 0.5589207410812378}
[2025-06-03 18:23:25] - test_results: {'mae': 0.3389047384262085, 'mape': 6.927156448364258, 'mse': 0.4204602837562561, 'rmse': 0.6484290957450867}
[2025-06-03 18:23:48] - Epoch: 20 cost time: 781.3674442768097
[2025-06-03 18:23:48] - Traininng loss : 0.5699559316990224
[2025-06-03 18:23:58] - vali_results: {'mae': 0.2816189229488373, 'mape': 4.126429080963135, 'mse': 0.31323885917663574, 'rmse': 0.5596774816513062}
[2025-06-03 18:24:04] - test_results: {'mae': 0.3385702073574066, 'mape': 6.702366352081299, 'mse': 0.42120474576950073, 'rmse': 0.6490029096603394}
[2025-06-03 18:24:28] - Epoch: 21 cost time: 821.0976750850677
[2025-06-03 18:24:28] - Traininng loss : 0.5689690531568324
[2025-06-03 18:24:38] - vali_results: {'mae': 0.2822403907775879, 'mape': 4.349136829376221, 'mse': 0.31044796109199524, 'rmse': 0.5571785569190979}
[2025-06-03 18:24:45] - test_results: {'mae': 0.34003981947898865, 'mape': 7.232068061828613, 'mse': 0.4198772609233856, 'rmse': 0.6479793787002563}
[2025-06-03 18:25:08] - Epoch: 22 cost time: 860.8191287517548
[2025-06-03 18:25:08] - Traininng loss : 0.5680860345985027
[2025-06-03 18:25:18] - vali_results: {'mae': 0.2812810242176056, 'mape': 4.253808975219727, 'mse': 0.31116625666618347, 'rmse': 0.5578227639198303}
[2025-06-03 18:25:24] - test_results: {'mae': 0.3388562500476837, 'mape': 7.00618314743042, 'mse': 0.4198760688304901, 'rmse': 0.6479784250259399}
[2025-06-03 18:25:48] - Epoch: 23 cost time: 900.6192030906677
[2025-06-03 18:25:48] - Traininng loss : 0.5671862401860825
[2025-06-03 18:25:58] - vali_results: {'mae': 0.2805904746055603, 'mape': 4.271169662475586, 'mse': 0.30993199348449707, 'rmse': 0.5567153692245483}
[2025-06-03 18:26:05] - test_results: {'mae': 0.3385547697544098, 'mape': 7.038146018981934, 'mse': 0.41921576857566833, 'rmse': 0.6474687457084656}
[2025-06-03 18:26:28] - Epoch: 24 cost time: 941.2631456851959
[2025-06-03 18:26:28] - Traininng loss : 0.5663706076906082
[2025-06-03 18:26:39] - vali_results: {'mae': 0.28117212653160095, 'mape': 4.303053855895996, 'mse': 0.309790700674057, 'rmse': 0.5565884709358215}
[2025-06-03 18:26:45] - test_results: {'mae': 0.3386472165584564, 'mape': 7.087794780731201, 'mse': 0.41839832067489624, 'rmse': 0.6468371748924255}
[2025-06-03 18:27:08] - Epoch: 25 cost time: 980.6588227748871
[2025-06-03 18:27:08] - Traininng loss : 0.565730991436446
[2025-06-03 18:27:18] - vali_results: {'mae': 0.27969980239868164, 'mape': 4.247330665588379, 'mse': 0.30950599908828735, 'rmse': 0.5563326478004456}
[2025-06-03 18:27:23] - test_results: {'mae': 0.337390661239624, 'mape': 7.012820243835449, 'mse': 0.41870489716529846, 'rmse': 0.6470741033554077}
[2025-06-03 18:27:47] - Epoch: 26 cost time: 1019.7411916255951
[2025-06-03 18:27:47] - Traininng loss : 0.565053477090724
[2025-06-03 18:27:57] - vali_results: {'mae': 0.2797911465167999, 'mape': 4.251605033874512, 'mse': 0.30917373299598694, 'rmse': 0.5560339093208313}
[2025-06-03 18:28:03] - test_results: {'mae': 0.3375880718231201, 'mape': 7.017172336578369, 'mse': 0.4180292785167694, 'rmse': 0.6465518474578857}
[2025-06-03 18:28:26] - Epoch: 27 cost time: 1058.5443451404572
[2025-06-03 18:28:26] - Traininng loss : 0.5643741656491097
[2025-06-03 18:28:37] - vali_results: {'mae': 0.27993276715278625, 'mape': 4.276625633239746, 'mse': 0.3089546859264374, 'rmse': 0.5558369159698486}
[2025-06-03 18:28:43] - test_results: {'mae': 0.3374764919281006, 'mape': 7.063071250915527, 'mse': 0.41747233271598816, 'rmse': 0.6461209654808044}
[2025-06-03 18:29:07] - Epoch: 28 cost time: 1099.578881263733
[2025-06-03 18:29:07] - Traininng loss : 0.5638352172805908
[2025-06-03 18:29:18] - vali_results: {'mae': 0.2792634069919586, 'mape': 4.169683456420898, 'mse': 0.3094697892665863, 'rmse': 0.5563001036643982}
[2025-06-03 18:29:24] - test_results: {'mae': 0.336077481508255, 'mape': 6.816035270690918, 'mse': 0.4168712794780731, 'rmse': 0.6456556916236877}
[2025-06-03 18:29:47] - Epoch: 29 cost time: 1140.2037425041199
[2025-06-03 18:29:47] - Traininng loss : 0.5631915112125113
[2025-06-03 18:29:58] - vali_results: {'mae': 0.28044766187667847, 'mape': 4.333466529846191, 'mse': 0.30809518694877625, 'rmse': 0.5550632476806641}
[2025-06-03 18:30:04] - test_results: {'mae': 0.3388390839099884, 'mape': 7.185455322265625, 'mse': 0.41803178191185, 'rmse': 0.6465537548065186}
[2025-06-03 18:30:28] - Epoch: 30 cost time: 1180.5211753845215
[2025-06-03 18:30:28] - Traininng loss : 0.5627458200175711
[2025-06-03 18:30:38] - vali_results: {'mae': 0.2794426679611206, 'mape': 4.252194404602051, 'mse': 0.308320552110672, 'rmse': 0.5552662014961243}
[2025-06-03 18:30:44] - test_results: {'mae': 0.33670908212661743, 'mape': 6.930729866027832, 'mse': 0.4165995419025421, 'rmse': 0.6454452276229858}
[2025-06-03 18:31:06] - Epoch: 31 cost time: 1219.3475818634033
[2025-06-03 18:31:06] - Traininng loss : 0.5622608893095179
[2025-06-03 18:31:17] - vali_results: {'mae': 0.27897509932518005, 'mape': 4.25928258895874, 'mse': 0.308025598526001, 'rmse': 0.5550005435943604}
[2025-06-03 18:31:23] - test_results: {'mae': 0.336716890335083, 'mape': 6.99055814743042, 'mse': 0.4167904257774353, 'rmse': 0.6455931067466736}
[2025-06-03 18:31:45] - Epoch: 32 cost time: 1258.3282704353333
[2025-06-03 18:31:45] - Traininng loss : 0.5616791611339184
[2025-06-03 18:31:56] - vali_results: {'mae': 0.2785644233226776, 'mape': 4.210945129394531, 'mse': 0.308131605386734, 'rmse': 0.5550960302352905}
[2025-06-03 18:32:03] - test_results: {'mae': 0.33594638109207153, 'mape': 6.898053169250488, 'mse': 0.41634008288383484, 'rmse': 0.6452441811561584}
[2025-06-03 18:32:26] - Epoch: 33 cost time: 1298.887463569641
[2025-06-03 18:32:26] - Traininng loss : 0.5613994669724018
[2025-06-03 18:32:36] - vali_results: {'mae': 0.2786605656147003, 'mape': 4.24962043762207, 'mse': 0.30753961205482483, 'rmse': 0.5545625686645508}
[2025-06-03 18:32:43] - test_results: {'mae': 0.337047278881073, 'mape': 7.043880939483643, 'mse': 0.41714856028556824, 'rmse': 0.6458703875541687}
[2025-06-03 18:33:05] - Epoch: 34 cost time: 1338.4211025238037
[2025-06-03 18:33:05] - Traininng loss : 0.5608607651071346
[2025-06-03 18:33:16] - vali_results: {'mae': 0.27832338213920593, 'mape': 4.140393257141113, 'mse': 0.3082773983478546, 'rmse': 0.5552273392677307}
[2025-06-03 18:33:22] - test_results: {'mae': 0.33491894602775574, 'mape': 6.724306106567383, 'mse': 0.41532716155052185, 'rmse': 0.6444588303565979}
[2025-06-03 18:33:45] - Epoch: 35 cost time: 1377.7707953453064
[2025-06-03 18:33:45] - Traininng loss : 0.5604990657339705
[2025-06-03 18:33:55] - vali_results: {'mae': 0.278537780046463, 'mape': 4.246182441711426, 'mse': 0.3072602152824402, 'rmse': 0.5543105602264404}
[2025-06-03 18:34:02] - test_results: {'mae': 0.33663469552993774, 'mape': 7.0127692222595215, 'mse': 0.41650456190109253, 'rmse': 0.645371675491333}
[2025-06-03 18:34:25] - Epoch: 36 cost time: 1418.3976798057556
[2025-06-03 18:34:25] - Traininng loss : 0.5601029426176497
[2025-06-03 18:34:36] - vali_results: {'mae': 0.27849939465522766, 'mape': 4.243852138519287, 'mse': 0.3071061372756958, 'rmse': 0.5541715621948242}
[2025-06-03 18:34:42] - test_results: {'mae': 0.33685949444770813, 'mape': 6.973626136779785, 'mse': 0.4167643189430237, 'rmse': 0.64557284116745}
[2025-06-03 18:35:05] - Epoch: 37 cost time: 1458.3765773773193
[2025-06-03 18:35:05] - Traininng loss : 0.5597904114488591
[2025-06-03 18:35:16] - vali_results: {'mae': 0.27777883410453796, 'mape': 4.251786708831787, 'mse': 0.30679091811180115, 'rmse': 0.5538870692253113}
[2025-06-03 18:35:22] - test_results: {'mae': 0.3356837332248688, 'mape': 6.959151268005371, 'mse': 0.41602158546447754, 'rmse': 0.6449973583221436}
[2025-06-03 18:35:45] - Epoch: 38 cost time: 1497.6524541378021
[2025-06-03 18:35:45] - Traininng loss : 0.5592773463180725
[2025-06-03 18:35:56] - vali_results: {'mae': 0.2781793177127838, 'mape': 4.240880012512207, 'mse': 0.30683422088623047, 'rmse': 0.5539261698722839}
[2025-06-03 18:36:02] - test_results: {'mae': 0.3359418511390686, 'mape': 6.987389087677002, 'mse': 0.41559237241744995, 'rmse': 0.6446645259857178}
[2025-06-03 18:36:25] - Epoch: 39 cost time: 1538.3700804710388
[2025-06-03 18:36:25] - Traininng loss : 0.5590589128910227
[2025-06-03 18:36:36] - vali_results: {'mae': 0.27751094102859497, 'mape': 4.242900848388672, 'mse': 0.30627763271331787, 'rmse': 0.5534235835075378}
[2025-06-03 18:36:42] - test_results: {'mae': 0.3355298638343811, 'mape': 6.960301399230957, 'mse': 0.4155462980270386, 'rmse': 0.6446288228034973}
[2025-06-03 18:37:05] - Epoch: 40 cost time: 1578.238447189331
[2025-06-03 18:37:05] - Traininng loss : 0.5587315671938531
[2025-06-03 18:37:16] - vali_results: {'mae': 0.27734965085983276, 'mape': 4.221654415130615, 'mse': 0.3066152036190033, 'rmse': 0.553728461265564}
[2025-06-03 18:37:23] - test_results: {'mae': 0.3348778188228607, 'mape': 6.8797831535339355, 'mse': 0.415077805519104, 'rmse': 0.6442652940750122}
[2025-06-03 18:37:46] - Epoch: 41 cost time: 1618.9666149616241
[2025-06-03 18:37:46] - Traininng loss : 0.5583986105754021
[2025-06-03 18:37:56] - vali_results: {'mae': 0.2778732180595398, 'mape': 4.257425785064697, 'mse': 0.3065730631351471, 'rmse': 0.5536903738975525}
[2025-06-03 18:38:02] - test_results: {'mae': 0.3357548117637634, 'mape': 7.007293701171875, 'mse': 0.4157027304172516, 'rmse': 0.6447501182556152}
[2025-06-03 18:38:25] - Epoch: 42 cost time: 1658.163229227066
[2025-06-03 18:38:25] - Traininng loss : 0.5582057908177376
[2025-06-03 18:38:36] - vali_results: {'mae': 0.27725017070770264, 'mape': 4.19935417175293, 'mse': 0.30646973848342896, 'rmse': 0.553597092628479}
[2025-06-03 18:38:42] - test_results: {'mae': 0.33461353182792664, 'mape': 6.866623401641846, 'mse': 0.41449403762817383, 'rmse': 0.6438121199607849}
[2025-06-03 18:39:05] - Epoch: 43 cost time: 1697.9172222614288
[2025-06-03 18:39:05] - Traininng loss : 0.5578566084199763
[2025-06-03 18:39:15] - vali_results: {'mae': 0.2768903076648712, 'mape': 4.236401081085205, 'mse': 0.3058525323867798, 'rmse': 0.5530393719673157}
[2025-06-03 18:39:22] - test_results: {'mae': 0.3351210355758667, 'mape': 6.962691307067871, 'mse': 0.4150039553642273, 'rmse': 0.6442080140113831}
[2025-06-03 18:39:45] - Epoch: 44 cost time: 1737.5489010810852
[2025-06-03 18:39:45] - Traininng loss : 0.5575988312509466
[2025-06-03 18:39:55] - vali_results: {'mae': 0.2768334746360779, 'mape': 4.154880046844482, 'mse': 0.3064597547054291, 'rmse': 0.5535880923271179}
[2025-06-03 18:40:02] - test_results: {'mae': 0.33405834436416626, 'mape': 6.799314975738525, 'mse': 0.41419824957847595, 'rmse': 0.6435823440551758}
[2025-06-03 18:40:24] - Epoch: 45 cost time: 1777.3667731285095
[2025-06-03 18:40:24] - Traininng loss : 0.5573317594033607
[2025-06-03 18:40:35] - vali_results: {'mae': 0.27712562680244446, 'mape': 4.264849662780762, 'mse': 0.30556461215019226, 'rmse': 0.5527790188789368}
[2025-06-03 18:40:41] - test_results: {'mae': 0.33520805835723877, 'mape': 6.99250602722168, 'mse': 0.4147208333015442, 'rmse': 0.6439882516860962}
[2025-06-03 18:41:04] - Epoch: 46 cost time: 1816.5651926994324
[2025-06-03 18:41:04] - Traininng loss : 0.557175764219558
[2025-06-03 18:41:14] - vali_results: {'mae': 0.2768305540084839, 'mape': 4.241796970367432, 'mse': 0.3055148720741272, 'rmse': 0.5527340173721313}
[2025-06-03 18:41:20] - test_results: {'mae': 0.3344087302684784, 'mape': 6.960891246795654, 'mse': 0.41403451561927795, 'rmse': 0.6434551477432251}
[2025-06-03 18:41:43] - Epoch: 47 cost time: 1855.6461954116821
[2025-06-03 18:41:43] - Traininng loss : 0.5568245111944827
[2025-06-03 18:41:54] - vali_results: {'mae': 0.27628093957901, 'mape': 4.1346211433410645, 'mse': 0.3062146306037903, 'rmse': 0.5533666610717773}
[2025-06-03 18:42:00] - test_results: {'mae': 0.3340047299861908, 'mape': 6.765934467315674, 'mse': 0.41447192430496216, 'rmse': 0.6437949538230896}
[2025-06-03 18:42:23] - Epoch: 48 cost time: 1895.6579575538635
[2025-06-03 18:42:23] - Traininng loss : 0.556620569622263
[2025-06-03 18:42:33] - vali_results: {'mae': 0.2763366401195526, 'mape': 4.130853652954102, 'mse': 0.30635911226272583, 'rmse': 0.5534971952438354}
[2025-06-03 18:42:39] - test_results: {'mae': 0.3340160846710205, 'mape': 6.781106472015381, 'mse': 0.4144328236579895, 'rmse': 0.6437645554542542}
[2025-06-03 18:43:02] - Epoch: 49 cost time: 1934.7638864517212
[2025-06-03 18:43:02] - Traininng loss : 0.5564589300688277
[2025-06-03 18:43:12] - vali_results: {'mae': 0.27662134170532227, 'mape': 4.236400604248047, 'mse': 0.30515286326408386, 'rmse': 0.5524064302444458}
[2025-06-03 18:43:19] - test_results: {'mae': 0.33447974920272827, 'mape': 6.970514297485352, 'mse': 0.4138457775115967, 'rmse': 0.6433084607124329}
[2025-06-03 18:43:42] - Epoch: 50 cost time: 1974.6501791477203
[2025-06-03 18:43:42] - Traininng loss : 0.5561867338862825
[2025-06-03 18:43:52] - vali_results: {'mae': 0.2759806513786316, 'mape': 4.197741508483887, 'mse': 0.30526217818260193, 'rmse': 0.552505373954773}
[2025-06-03 18:43:57] - test_results: {'mae': 0.33358606696128845, 'mape': 6.87599515914917, 'mse': 0.4135112464427948, 'rmse': 0.6430484056472778}
[2025-06-03 18:44:20] - Epoch: 51 cost time: 2013.1279315948486
[2025-06-03 18:44:20] - Traininng loss : 0.5560476947972115
[2025-06-03 18:44:31] - vali_results: {'mae': 0.27605140209198, 'mape': 4.189469814300537, 'mse': 0.3052988648414612, 'rmse': 0.5525385737419128}
[2025-06-03 18:44:37] - test_results: {'mae': 0.33397603034973145, 'mape': 6.895832061767578, 'mse': 0.4139661192893982, 'rmse': 0.6434019804000854}
[2025-06-03 18:45:00] - Epoch: 52 cost time: 2052.8426320552826
[2025-06-03 18:45:00] - Traininng loss : 0.5557385052930801
[2025-06-03 18:45:11] - vali_results: {'mae': 0.27643102407455444, 'mape': 4.2075090408325195, 'mse': 0.3055201768875122, 'rmse': 0.5527387857437134}
[2025-06-03 18:45:17] - test_results: {'mae': 0.3342568874359131, 'mape': 6.865106105804443, 'mse': 0.41413751244544983, 'rmse': 0.6435351967811584}
[2025-06-03 18:45:40] - Epoch: 53 cost time: 2092.7802278995514
[2025-06-03 18:45:40] - Traininng loss : 0.5555620432851163
[2025-06-03 18:45:51] - vali_results: {'mae': 0.27607837319374084, 'mape': 4.19321870803833, 'mse': 0.30523547530174255, 'rmse': 0.5524811744689941}
[2025-06-03 18:45:57] - test_results: {'mae': 0.3336334228515625, 'mape': 6.8339948654174805, 'mse': 0.4136059880256653, 'rmse': 0.6431220769882202}
[2025-06-03 18:46:20] - Epoch: 54 cost time: 2132.7431342601776
[2025-06-03 18:46:20] - Traininng loss : 0.5553553317614058
[2025-06-03 18:46:31] - vali_results: {'mae': 0.2759901285171509, 'mape': 4.225738525390625, 'mse': 0.3048985004425049, 'rmse': 0.5521761775016785}
[2025-06-03 18:46:37] - test_results: {'mae': 0.3338448405265808, 'mape': 6.950153350830078, 'mse': 0.4135536253452301, 'rmse': 0.6430813670158386}
[2025-06-03 18:47:00] - Epoch: 55 cost time: 2172.8841593265533
[2025-06-03 18:47:00] - Traininng loss : 0.5553237888565723
[2025-06-03 18:47:10] - vali_results: {'mae': 0.2758735120296478, 'mape': 4.245131492614746, 'mse': 0.3044261634349823, 'rmse': 0.5517482757568359}
[2025-06-03 18:47:17] - test_results: {'mae': 0.33392074704170227, 'mape': 6.991189956665039, 'mse': 0.41366395354270935, 'rmse': 0.6431671380996704}
[2025-06-03 18:47:40] - Epoch: 56 cost time: 2212.8066544532776
[2025-06-03 18:47:40] - Traininng loss : 0.5549987787578968
[2025-06-03 18:47:50] - vali_results: {'mae': 0.2757151424884796, 'mape': 4.199023723602295, 'mse': 0.30475807189941406, 'rmse': 0.5520489811897278}
[2025-06-03 18:47:55] - test_results: {'mae': 0.3336372673511505, 'mape': 6.868690013885498, 'mse': 0.4135541319847107, 'rmse': 0.6430817246437073}
[2025-06-03 18:48:18] - Epoch: 57 cost time: 2250.638671398163
[2025-06-03 18:48:18] - Traininng loss : 0.5548908605854562
[2025-06-03 18:48:28] - vali_results: {'mae': 0.2754533588886261, 'mape': 4.165190696716309, 'mse': 0.304703950881958, 'rmse': 0.5519999265670776}
[2025-06-03 18:48:34] - test_results: {'mae': 0.33309587836265564, 'mape': 6.848653316497803, 'mse': 0.41309884190559387, 'rmse': 0.6427276730537415}
[2025-06-03 18:48:56] - Epoch: 58 cost time: 2289.310136795044
[2025-06-03 18:48:56] - Traininng loss : 0.5547434200948858
[2025-06-03 18:49:07] - vali_results: {'mae': 0.27547237277030945, 'mape': 4.193938255310059, 'mse': 0.304651141166687, 'rmse': 0.5519521236419678}
[2025-06-03 18:49:13] - test_results: {'mae': 0.3334755301475525, 'mape': 6.898543834686279, 'mse': 0.4133051931858063, 'rmse': 0.6428881883621216}
[2025-06-03 18:49:36] - Epoch: 59 cost time: 2329.2914321422577
[2025-06-03 18:49:36] - Traininng loss : 0.5545895167804779
[2025-06-03 18:49:47] - vali_results: {'mae': 0.2748347818851471, 'mape': 4.1512837409973145, 'mse': 0.3047443926334381, 'rmse': 0.5520365834236145}
[2025-06-03 18:49:52] - test_results: {'mae': 0.3323657512664795, 'mape': 6.788141250610352, 'mse': 0.412736177444458, 'rmse': 0.64244544506073}
[2025-06-03 18:50:15] - Epoch: 60 cost time: 2367.9712476730347
[2025-06-03 18:50:15] - Traininng loss : 0.5543664015353994
[2025-06-03 18:50:25] - vali_results: {'mae': 0.2755886912345886, 'mape': 4.217878341674805, 'mse': 0.3045324683189392, 'rmse': 0.551844596862793}
[2025-06-03 18:50:31] - test_results: {'mae': 0.3332517743110657, 'mape': 6.9022603034973145, 'mse': 0.4127730131149292, 'rmse': 0.6424741148948669}
[2025-06-03 18:50:31] - loss no decreased for 5 epochs,  early stopping ....
[2025-06-03 18:50:37] - test_results: {'mae': 0.33392074704170227, 'mape': 6.991189956665039, 'mse': 0.41366395354270935, 'rmse': 0.6431671380996704}
