[2025-06-05 00:56:59] - run : 1 in seed: 3
[2025-06-05 00:56:59] - +-----------------------------------+------------+
|              Modules              | Parameters |
+-----------------------------------+------------+
|     fm.Linear_Seasonal.weight     |   69120    |
|      fm.Linear_Seasonal.bias      |    720     |
|       fm.Linear_Trend.weight      |   69120    |
|        fm.Linear_Trend.bias       |    720     |
|             nm.weight             |     14     |
| nm.model_freq.model_freq.0.weight |    6144    |
|  nm.model_freq.model_freq.0.bias  |     64     |
|  nm.model_freq.model_all.0.weight |   20480    |
|   nm.model_freq.model_all.0.bias  |    128     |
|  nm.model_freq.model_all.2.weight |   92160    |
|   nm.model_freq.model_all.2.bias  |    720     |
| nm.model_pred.model_freq.0.weight |   24576    |
|  nm.model_pred.model_freq.0.bias  |    256     |
|  nm.model_pred.model_all.0.weight |   180224   |
|   nm.model_pred.model_all.0.bias  |    512     |
|  nm.model_pred.model_all.2.weight |   368640   |
|   nm.model_pred.model_all.2.bias  |    720     |
+-----------------------------------+------------+
[2025-06-05 00:56:59] - Total Trainable Params: 834318
[2025-06-05 00:56:59] - model parameters: 834318
[2025-06-05 00:57:23] - Epoch: 1 cost time: 24.240040063858032
[2025-06-05 00:57:23] - Traininng loss : 1.4145227444640707
[2025-06-05 00:57:25] - vali_results: {'mae': 0.5458909273147583, 'mape': 6.771289825439453, 'mse': 0.5551722645759583, 'rmse': 0.7450988292694092}
[2025-06-05 00:57:26] - test_results: {'mae': 0.5826136469841003, 'mape': 6.611792087554932, 'mse': 0.5890179872512817, 'rmse': 0.7674750685691833}
[2025-06-05 00:57:49] - Epoch: 2 cost time: 50.893176794052124
[2025-06-05 00:57:49] - Traininng loss : 1.2932652787546093
[2025-06-05 00:57:51] - vali_results: {'mae': 0.5395901203155518, 'mape': 6.7972893714904785, 'mse': 0.5492614507675171, 'rmse': 0.741121768951416}
[2025-06-05 00:57:52] - test_results: {'mae': 0.5783654451370239, 'mape': 6.643153667449951, 'mse': 0.584900975227356, 'rmse': 0.7647882103919983}
[2025-06-05 00:58:16] - Epoch: 3 cost time: 77.13860011100769
[2025-06-05 00:58:16] - Traininng loss : 1.2794725124755602
[2025-06-05 00:58:18] - vali_results: {'mae': 0.5464397072792053, 'mape': 6.620084762573242, 'mse': 0.5557907223701477, 'rmse': 0.7455137372016907}
[2025-06-05 00:58:19] - test_results: {'mae': 0.5756158232688904, 'mape': 6.375539779663086, 'mse': 0.576042652130127, 'rmse': 0.7589747309684753}
[2025-06-05 00:58:42] - Epoch: 4 cost time: 103.78452205657959
[2025-06-05 00:58:42] - Traininng loss : 1.269121130363325
[2025-06-05 00:58:44] - vali_results: {'mae': 0.5444542765617371, 'mape': 6.638794422149658, 'mse': 0.5523271560668945, 'rmse': 0.7431871891021729}
[2025-06-05 00:58:45] - test_results: {'mae': 0.569027304649353, 'mape': 7.130207061767578, 'mse': 0.5636215209960938, 'rmse': 0.7507473230361938}
[2025-06-05 00:59:08] - Epoch: 5 cost time: 129.96513628959656
[2025-06-05 00:59:08] - Traininng loss : 1.2615124196483847
[2025-06-05 00:59:10] - vali_results: {'mae': 0.5489305257797241, 'mape': 6.777706146240234, 'mse': 0.5602423548698425, 'rmse': 0.7484933733940125}
[2025-06-05 00:59:11] - test_results: {'mae': 0.5629610419273376, 'mape': 6.96130895614624, 'mse': 0.556018054485321, 'rmse': 0.7456662058830261}
[2025-06-05 00:59:35] - Epoch: 6 cost time: 156.4232954978943
[2025-06-05 00:59:35] - Traininng loss : 1.2548350561200903
[2025-06-05 00:59:37] - vali_results: {'mae': 0.538794755935669, 'mape': 6.642744541168213, 'mse': 0.5531212687492371, 'rmse': 0.7437212467193604}
[2025-06-05 00:59:38] - test_results: {'mae': 0.5780300498008728, 'mape': 6.379809856414795, 'mse': 0.5844950079917908, 'rmse': 0.7645227313041687}
[2025-06-05 01:00:01] - Epoch: 7 cost time: 182.7226459980011
[2025-06-05 01:00:01] - Traininng loss : 1.2492593168542627
[2025-06-05 01:00:03] - vali_results: {'mae': 0.5498582720756531, 'mape': 6.6227240562438965, 'mse': 0.5665019154548645, 'rmse': 0.7526631951332092}
[2025-06-05 01:00:04] - test_results: {'mae': 0.5802382230758667, 'mape': 6.174542427062988, 'mse': 0.5855925679206848, 'rmse': 0.7652401924133301}
[2025-06-05 01:00:04] - loss no decreased for 5 epochs,  early stopping ....
[2025-06-05 01:00:05] - test_results: {'mae': 0.5783654451370239, 'mape': 6.643153667449951, 'mse': 0.584900975227356, 'rmse': 0.7647882103919983}
