[2025-06-04 17:18:05] - run : 0 in seed: 2
[2025-06-04 17:18:05] - +-----------------------------------+------------+
|              Modules              | Parameters |
+-----------------------------------+------------+
|     fm.Linear_Seasonal.weight     |   16128    |
|      fm.Linear_Seasonal.bias      |    168     |
|       fm.Linear_Trend.weight      |   16128    |
|        fm.Linear_Trend.bias       |    168     |
|             nm.weight             |    642     |
| nm.model_freq.model_freq.0.weight |    6144    |
|  nm.model_freq.model_freq.0.bias  |     64     |
|  nm.model_freq.model_all.0.weight |   20480    |
|   nm.model_freq.model_all.0.bias  |    128     |
|  nm.model_freq.model_all.2.weight |   21504    |
|   nm.model_freq.model_all.2.bias  |    168     |
| nm.model_pred.model_freq.0.weight |   24576    |
|  nm.model_pred.model_freq.0.bias  |    256     |
|  nm.model_pred.model_all.0.weight |   180224   |
|   nm.model_pred.model_all.0.bias  |    512     |
|  nm.model_pred.model_all.2.weight |   86016    |
|   nm.model_pred.model_all.2.bias  |    168     |
+-----------------------------------+------------+
[2025-06-04 17:18:05] - Total Trainable Params: 373474
[2025-06-04 17:18:05] - model parameters: 373474
[2025-06-04 17:18:28] - Epoch: 1 cost time: 23.25599455833435
[2025-06-04 17:18:28] - Traininng loss : 0.5487480964249288
[2025-06-04 17:18:34] - vali_results: {'mae': 0.2713029980659485, 'mape': 2.3137221336364746, 'mse': 0.17867346107959747, 'rmse': 0.42269784212112427}
[2025-06-04 17:18:39] - test_results: {'mae': 0.27191394567489624, 'mape': 2.9666531085968018, 'mse': 0.18315310776233673, 'rmse': 0.42796391248703003}
[2025-06-04 17:19:02] - Epoch: 2 cost time: 56.94105267524719
[2025-06-04 17:19:02] - Traininng loss : 0.4113246473732968
[2025-06-04 17:19:09] - vali_results: {'mae': 0.26869896054267883, 'mape': 2.340183734893799, 'mse': 0.1761096715927124, 'rmse': 0.4196542203426361}
[2025-06-04 17:19:14] - test_results: {'mae': 0.26946330070495605, 'mape': 2.9596056938171387, 'mse': 0.1799180656671524, 'rmse': 0.4241674840450287}
[2025-06-04 17:19:37] - Epoch: 3 cost time: 92.23921966552734
[2025-06-04 17:19:37] - Traininng loss : 0.40547049948027436
[2025-06-04 17:19:44] - vali_results: {'mae': 0.2656475007534027, 'mape': 2.2788984775543213, 'mse': 0.17483656108379364, 'rmse': 0.4181346297264099}
[2025-06-04 17:19:49] - test_results: {'mae': 0.2651647627353668, 'mape': 2.9083411693573, 'mse': 0.17760822176933289, 'rmse': 0.4214358925819397}
[2025-06-04 17:20:15] - Epoch: 4 cost time: 130.71166348457336
[2025-06-04 17:20:15] - Traininng loss : 0.4029484194454173
[2025-06-04 17:20:24] - vali_results: {'mae': 0.26609259843826294, 'mape': 2.271702527999878, 'mse': 0.17400403320789337, 'rmse': 0.41713792085647583}
[2025-06-04 17:20:28] - test_results: {'mae': 0.26589179039001465, 'mape': 2.887760639190674, 'mse': 0.1771966964006424, 'rmse': 0.4209473729133606}
[2025-06-04 17:20:52] - Epoch: 5 cost time: 167.68814969062805
[2025-06-04 17:20:52] - Traininng loss : 0.4013158473855173
[2025-06-04 17:21:00] - vali_results: {'mae': 0.26723310351371765, 'mape': 2.309476375579834, 'mse': 0.17365147173404694, 'rmse': 0.4167150855064392}
[2025-06-04 17:21:04] - test_results: {'mae': 0.2681838870048523, 'mape': 2.9202475547790527, 'mse': 0.17786487936973572, 'rmse': 0.4217402935028076}
[2025-06-04 17:21:28] - Epoch: 6 cost time: 203.7672986984253
[2025-06-04 17:21:28] - Traininng loss : 0.400371787781027
[2025-06-04 17:21:36] - vali_results: {'mae': 0.2653757631778717, 'mape': 2.3040432929992676, 'mse': 0.17389006912708282, 'rmse': 0.41700127720832825}
[2025-06-04 17:21:41] - test_results: {'mae': 0.26477548480033875, 'mape': 2.912652015686035, 'mse': 0.17670567333698273, 'rmse': 0.42036375403404236}
[2025-06-04 17:22:05] - Epoch: 7 cost time: 240.26098823547363
[2025-06-04 17:22:05] - Traininng loss : 0.3997322793682696
[2025-06-04 17:22:13] - vali_results: {'mae': 0.2660191059112549, 'mape': 2.342292547225952, 'mse': 0.17370685935020447, 'rmse': 0.41678154468536377}
[2025-06-04 17:22:17] - test_results: {'mae': 0.26685506105422974, 'mape': 2.943244695663452, 'mse': 0.17765384912490845, 'rmse': 0.42149004340171814}
[2025-06-04 17:22:43] - Epoch: 8 cost time: 278.066721200943
[2025-06-04 17:22:43] - Traininng loss : 0.3988659935937801
[2025-06-04 17:22:51] - vali_results: {'mae': 0.26584944128990173, 'mape': 2.3391740322113037, 'mse': 0.1729804277420044, 'rmse': 0.41590917110443115}
[2025-06-04 17:22:55] - test_results: {'mae': 0.26680928468704224, 'mape': 2.935497522354126, 'mse': 0.17719386518001556, 'rmse': 0.4209440052509308}
[2025-06-04 17:23:20] - Epoch: 9 cost time: 315.1632888317108
[2025-06-04 17:23:20] - Traininng loss : 0.3987706612638185
[2025-06-04 17:23:28] - vali_results: {'mae': 0.26468536257743835, 'mape': 2.317006826400757, 'mse': 0.17289313673973083, 'rmse': 0.4158042073249817}
[2025-06-04 17:23:33] - test_results: {'mae': 0.2646527588367462, 'mape': 2.9295055866241455, 'mse': 0.1761024296283722, 'rmse': 0.41964560747146606}
[2025-06-04 17:23:57] - Epoch: 10 cost time: 352.16402769088745
[2025-06-04 17:23:57] - Traininng loss : 0.398374983122651
[2025-06-04 17:24:04] - vali_results: {'mae': 0.2649810314178467, 'mape': 2.269578218460083, 'mse': 0.17325881123542786, 'rmse': 0.41624370217323303}
[2025-06-04 17:24:09] - test_results: {'mae': 0.26385119557380676, 'mape': 2.882519006729126, 'mse': 0.17600327730178833, 'rmse': 0.41952744126319885}
[2025-06-04 17:24:33] - Epoch: 11 cost time: 388.24257493019104
[2025-06-04 17:24:33] - Traininng loss : 0.3978646115832765
[2025-06-04 17:24:41] - vali_results: {'mae': 0.2641381025314331, 'mape': 2.3153793811798096, 'mse': 0.17301610112190247, 'rmse': 0.41595205664634705}
[2025-06-04 17:24:46] - test_results: {'mae': 0.2640936076641083, 'mape': 2.9117186069488525, 'mse': 0.17596210539340973, 'rmse': 0.4194783866405487}
[2025-06-04 17:25:10] - Epoch: 12 cost time: 424.9305863380432
[2025-06-04 17:25:10] - Traininng loss : 0.3974832056064001
[2025-06-04 17:25:18] - vali_results: {'mae': 0.26494893431663513, 'mape': 2.2752976417541504, 'mse': 0.17315508425235748, 'rmse': 0.4161190688610077}
[2025-06-04 17:25:23] - test_results: {'mae': 0.26418206095695496, 'mape': 2.8918871879577637, 'mse': 0.17573361098766327, 'rmse': 0.4192059338092804}
[2025-06-04 17:25:48] - Epoch: 13 cost time: 463.48485255241394
[2025-06-04 17:25:48] - Traininng loss : 0.3974534708639266
[2025-06-04 17:25:56] - vali_results: {'mae': 0.26613014936447144, 'mape': 2.338700532913208, 'mse': 0.1725473701953888, 'rmse': 0.41538822650909424}
[2025-06-04 17:26:00] - test_results: {'mae': 0.26734238862991333, 'mape': 2.914722204208374, 'mse': 0.17683067917823792, 'rmse': 0.4205124080181122}
[2025-06-04 17:26:24] - Epoch: 14 cost time: 499.0669002532959
[2025-06-04 17:26:24] - Traininng loss : 0.3970561293019375
[2025-06-04 17:26:31] - vali_results: {'mae': 0.2653209865093231, 'mape': 2.3679418563842773, 'mse': 0.17334489524364471, 'rmse': 0.41634708642959595}
[2025-06-04 17:26:36] - test_results: {'mae': 0.26612165570259094, 'mape': 2.9613821506500244, 'mse': 0.1772005707025528, 'rmse': 0.4209519922733307}
[2025-06-04 17:26:59] - Epoch: 15 cost time: 534.4607417583466
[2025-06-04 17:26:59] - Traininng loss : 0.39673931335269563
[2025-06-04 17:27:07] - vali_results: {'mae': 0.26634830236434937, 'mape': 2.361426591873169, 'mse': 0.17308306694030762, 'rmse': 0.4160325229167938}
[2025-06-04 17:27:11] - test_results: {'mae': 0.2678115963935852, 'mape': 2.9437384605407715, 'mse': 0.17733925580978394, 'rmse': 0.4211166799068451}
[2025-06-04 17:27:35] - Epoch: 16 cost time: 570.2646458148956
[2025-06-04 17:27:35] - Traininng loss : 0.39643956941198294
[2025-06-04 17:27:42] - vali_results: {'mae': 0.2649131119251251, 'mape': 2.3402745723724365, 'mse': 0.1727791279554367, 'rmse': 0.4156670868396759}
[2025-06-04 17:27:47] - test_results: {'mae': 0.2660520374774933, 'mape': 2.944159984588623, 'mse': 0.1767769604921341, 'rmse': 0.42044851183891296}
[2025-06-04 17:28:10] - Epoch: 17 cost time: 605.8511879444122
[2025-06-04 17:28:10] - Traininng loss : 0.396598538410076
[2025-06-04 17:28:18] - vali_results: {'mae': 0.2639469802379608, 'mape': 2.3409552574157715, 'mse': 0.17251378297805786, 'rmse': 0.41534778475761414}
[2025-06-04 17:28:22] - test_results: {'mae': 0.2643251121044159, 'mape': 2.937783718109131, 'mse': 0.17592240869998932, 'rmse': 0.41943106055259705}
[2025-06-04 17:28:46] - Epoch: 18 cost time: 641.1073291301727
[2025-06-04 17:28:46] - Traininng loss : 0.3966246303433264
[2025-06-04 17:28:54] - vali_results: {'mae': 0.264820396900177, 'mape': 2.3142786026000977, 'mse': 0.17275366187095642, 'rmse': 0.41563645005226135}
[2025-06-04 17:28:58] - test_results: {'mae': 0.26500117778778076, 'mape': 2.9264822006225586, 'mse': 0.17605328559875488, 'rmse': 0.41958704590797424}
[2025-06-04 17:29:21] - Epoch: 19 cost time: 676.8994648456573
[2025-06-04 17:29:21] - Traininng loss : 0.39626099541783333
[2025-06-04 17:29:29] - vali_results: {'mae': 0.2662741541862488, 'mape': 2.3685050010681152, 'mse': 0.17278094589710236, 'rmse': 0.4156692624092102}
[2025-06-04 17:29:34] - test_results: {'mae': 0.267769455909729, 'mape': 2.9577796459198, 'mse': 0.17716270685195923, 'rmse': 0.42090699076652527}
[2025-06-04 17:29:57] - Epoch: 20 cost time: 712.702225446701
[2025-06-04 17:29:57] - Traininng loss : 0.3961107815340371
[2025-06-04 17:30:05] - vali_results: {'mae': 0.2651905119419098, 'mape': 2.326681613922119, 'mse': 0.17204464972019196, 'rmse': 0.41478264331817627}
[2025-06-04 17:30:10] - test_results: {'mae': 0.2660652697086334, 'mape': 2.9129717350006104, 'mse': 0.17599330842494965, 'rmse': 0.41951555013656616}
[2025-06-04 17:30:33] - Epoch: 21 cost time: 748.8692660331726
[2025-06-04 17:30:33] - Traininng loss : 0.39593939257549565
[2025-06-04 17:30:41] - vali_results: {'mae': 0.26394298672676086, 'mape': 2.279057025909424, 'mse': 0.1723136454820633, 'rmse': 0.41510677337646484}
[2025-06-04 17:30:46] - test_results: {'mae': 0.26317012310028076, 'mape': 2.885404109954834, 'mse': 0.175045907497406, 'rmse': 0.4183848798274994}
[2025-06-04 17:31:10] - Epoch: 22 cost time: 784.9852159023285
[2025-06-04 17:31:10] - Traininng loss : 0.39589432217705417
[2025-06-04 17:31:17] - vali_results: {'mae': 0.265714555978775, 'mape': 2.3552539348602295, 'mse': 0.1729617416858673, 'rmse': 0.41588670015335083}
[2025-06-04 17:31:22] - test_results: {'mae': 0.26661691069602966, 'mape': 2.9586410522460938, 'mse': 0.1769884079694748, 'rmse': 0.4206998944282532}
[2025-06-04 17:31:46] - Epoch: 23 cost time: 821.5631983280182
[2025-06-04 17:31:46] - Traininng loss : 0.3957954080591739
[2025-06-04 17:31:53] - vali_results: {'mae': 0.26444211602211, 'mape': 2.3328680992126465, 'mse': 0.17185761034488678, 'rmse': 0.4145571291446686}
[2025-06-04 17:31:58] - test_results: {'mae': 0.26530855894088745, 'mape': 2.932666778564453, 'mse': 0.1758604645729065, 'rmse': 0.41935721039772034}
[2025-06-04 17:32:21] - Epoch: 24 cost time: 856.5758390426636
[2025-06-04 17:32:21] - Traininng loss : 0.39560893345886555
[2025-06-04 17:32:28] - vali_results: {'mae': 0.26407408714294434, 'mape': 2.325580596923828, 'mse': 0.17226733267307281, 'rmse': 0.41505101323127747}
[2025-06-04 17:32:32] - test_results: {'mae': 0.2643590271472931, 'mape': 2.9042718410491943, 'mse': 0.17553243041038513, 'rmse': 0.4189659059047699}
[2025-06-04 17:32:56] - Epoch: 25 cost time: 891.4034633636475
[2025-06-04 17:32:56] - Traininng loss : 0.3955870859954559
[2025-06-04 17:33:04] - vali_results: {'mae': 0.2631284296512604, 'mape': 2.3152453899383545, 'mse': 0.1718989610671997, 'rmse': 0.4146069884300232}
[2025-06-04 17:33:09] - test_results: {'mae': 0.2631913423538208, 'mape': 2.9036810398101807, 'mse': 0.1750129759311676, 'rmse': 0.41834551095962524}
[2025-06-04 17:33:32] - Epoch: 26 cost time: 927.5712175369263
[2025-06-04 17:33:32] - Traininng loss : 0.3955668100798634
[2025-06-04 17:33:39] - vali_results: {'mae': 0.264129102230072, 'mape': 2.350367546081543, 'mse': 0.17275676131248474, 'rmse': 0.4156401753425598}
[2025-06-04 17:33:44] - test_results: {'mae': 0.26454684138298035, 'mape': 2.9515860080718994, 'mse': 0.17622558772563934, 'rmse': 0.4197923243045807}
[2025-06-04 17:34:07] - Epoch: 27 cost time: 962.532469034195
[2025-06-04 17:34:07] - Traininng loss : 0.3955922071677698
[2025-06-04 17:34:15] - vali_results: {'mae': 0.26527905464172363, 'mape': 2.3531277179718018, 'mse': 0.17262637615203857, 'rmse': 0.415483295917511}
[2025-06-04 17:34:20] - test_results: {'mae': 0.2660796046257019, 'mape': 2.9442293643951416, 'mse': 0.17638106644153595, 'rmse': 0.41997745633125305}
[2025-06-04 17:34:43] - Epoch: 28 cost time: 998.8927493095398
[2025-06-04 17:34:43] - Traininng loss : 0.39531240900847275
[2025-06-04 17:34:51] - vali_results: {'mae': 0.2651044726371765, 'mape': 2.315342664718628, 'mse': 0.17206712067127228, 'rmse': 0.4148097336292267}
[2025-06-04 17:34:55] - test_results: {'mae': 0.2658611834049225, 'mape': 2.9113364219665527, 'mse': 0.1759248524904251, 'rmse': 0.41943398118019104}
[2025-06-04 17:34:55] - loss no decreased for 5 epochs,  early stopping ....
[2025-06-04 17:34:59] - test_results: {'mae': 0.26530855894088745, 'mape': 2.932666778564453, 'mse': 0.1758604645729065, 'rmse': 0.41935721039772034}
