[2025-06-04 14:39:38] - run : 0 in seed: 2
[2025-06-04 14:39:38] - +-----------------------------------+------------+
|              Modules              | Parameters |
+-----------------------------------+------------+
|     fm.Linear_Seasonal.weight     |   16128    |
|      fm.Linear_Seasonal.bias      |    168     |
|       fm.Linear_Trend.weight      |   16128    |
|        fm.Linear_Trend.bias       |    168     |
|             nm.weight             |     14     |
| nm.model_freq.model_freq.0.weight |    6144    |
|  nm.model_freq.model_freq.0.bias  |     64     |
|  nm.model_freq.model_all.0.weight |   20480    |
|   nm.model_freq.model_all.0.bias  |    128     |
|  nm.model_freq.model_all.2.weight |   21504    |
|   nm.model_freq.model_all.2.bias  |    168     |
| nm.model_pred.model_freq.0.weight |   24576    |
|  nm.model_pred.model_freq.0.bias  |    256     |
|  nm.model_pred.model_all.0.weight |   180224   |
|   nm.model_pred.model_all.0.bias  |    512     |
|  nm.model_pred.model_all.2.weight |   86016    |
|   nm.model_pred.model_all.2.bias  |    168     |
+-----------------------------------+------------+
[2025-06-04 14:39:38] - Total Trainable Params: 372846
[2025-06-04 14:39:38] - model parameters: 372846
[2025-06-04 14:39:49] - Epoch: 1 cost time: 11.290197372436523
[2025-06-04 14:39:49] - Traininng loss : 0.8160112712722042
[2025-06-04 14:39:51] - vali_results: {'mae': 0.35905516147613525, 'mape': 4.957059383392334, 'mse': 0.26982665061950684, 'rmse': 0.5194483995437622}
[2025-06-04 14:39:52] - test_results: {'mae': 0.25789639353752136, 'mape': 13.816854476928711, 'mse': 0.13283726572990417, 'rmse': 0.36446845531463623}
[2025-06-04 14:40:03] - Epoch: 2 cost time: 25.2594211101532
[2025-06-04 14:40:03] - Traininng loss : 0.6936922509612731
[2025-06-04 14:40:05] - vali_results: {'mae': 0.35451579093933105, 'mape': 4.779499530792236, 'mse': 0.2617139518260956, 'rmse': 0.5115798711776733}
[2025-06-04 14:40:06] - test_results: {'mae': 0.25360625982284546, 'mape': 12.965473175048828, 'mse': 0.12917080521583557, 'rmse': 0.3594034016132355}
[2025-06-04 14:40:17] - Epoch: 3 cost time: 39.22059512138367
[2025-06-04 14:40:17] - Traininng loss : 0.676529748430201
[2025-06-04 14:40:19] - vali_results: {'mae': 0.35797613859176636, 'mape': 5.015371322631836, 'mse': 0.26713645458221436, 'rmse': 0.5168524384498596}
[2025-06-04 14:40:20] - test_results: {'mae': 0.25216129422187805, 'mape': 13.09800910949707, 'mse': 0.12645399570465088, 'rmse': 0.3556036949157715}
[2025-06-04 14:40:31] - Epoch: 4 cost time: 53.160439252853394
[2025-06-04 14:40:31] - Traininng loss : 0.666267635914979
[2025-06-04 14:40:33] - vali_results: {'mae': 0.36245211958885193, 'mape': 4.514065265655518, 'mse': 0.27117204666137695, 'rmse': 0.5207418203353882}
[2025-06-04 14:40:34] - test_results: {'mae': 0.2510383129119873, 'mape': 12.320053100585938, 'mse': 0.12355424463748932, 'rmse': 0.35150283575057983}
[2025-06-04 14:40:46] - Epoch: 5 cost time: 67.49515700340271
[2025-06-04 14:40:46] - Traininng loss : 0.6583864683280362
[2025-06-04 14:40:48] - vali_results: {'mae': 0.35740622878074646, 'mape': 4.908206462860107, 'mse': 0.26980096101760864, 'rmse': 0.5194236636161804}
[2025-06-04 14:40:49] - test_results: {'mae': 0.24674846231937408, 'mape': 13.13901424407959, 'mse': 0.1237206906080246, 'rmse': 0.3517395257949829}
[2025-06-04 14:41:01] - Epoch: 6 cost time: 82.82608222961426
[2025-06-04 14:41:01] - Traininng loss : 0.6520784563577207
[2025-06-04 14:41:03] - vali_results: {'mae': 0.35810211300849915, 'mape': 4.7501220703125, 'mse': 0.2671131193637848, 'rmse': 0.5168298482894897}
[2025-06-04 14:41:04] - test_results: {'mae': 0.249601349234581, 'mape': 13.130048751831055, 'mse': 0.12331348657608032, 'rmse': 0.3511601984500885}
[2025-06-04 14:41:15] - Epoch: 7 cost time: 97.20815992355347
[2025-06-04 14:41:15] - Traininng loss : 0.6482929590560156
[2025-06-04 14:41:17] - vali_results: {'mae': 0.36044707894325256, 'mape': 4.52559757232666, 'mse': 0.2712281048297882, 'rmse': 0.5207956433296204}
[2025-06-04 14:41:18] - test_results: {'mae': 0.24717484414577484, 'mape': 12.683056831359863, 'mse': 0.12114765495061874, 'rmse': 0.3480627238750458}
[2025-06-04 14:41:19] - loss no decreased for 5 epochs,  early stopping ....
[2025-06-04 14:41:20] - test_results: {'mae': 0.25360625982284546, 'mape': 12.965473175048828, 'mse': 0.12917080521583557, 'rmse': 0.3594034016132355}
