[2025-05-28 21:28:14] - run : 0 in seed: 1
[2025-05-28 21:28:14] - +-----------------------------------+------------+
|              Modules              | Parameters |
+-----------------------------------+------------+
|     fm.Linear_Seasonal.weight     |   32256    |
|      fm.Linear_Seasonal.bias      |    336     |
|       fm.Linear_Trend.weight      |   32256    |
|        fm.Linear_Trend.bias       |    336     |
|             nm.weight             |     42     |
| nm.model_freq.model_freq.0.weight |    6144    |
|  nm.model_freq.model_freq.0.bias  |     64     |
|  nm.model_freq.model_all.0.weight |   20480    |
|   nm.model_freq.model_all.0.bias  |    128     |
|  nm.model_freq.model_all.2.weight |   43008    |
|   nm.model_freq.model_all.2.bias  |    336     |
| nm.model_pred.model_freq.0.weight |   24576    |
|  nm.model_pred.model_freq.0.bias  |    256     |
|  nm.model_pred.model_all.0.weight |   180224   |
|   nm.model_pred.model_all.0.bias  |    512     |
|  nm.model_pred.model_all.2.weight |   172032   |
|   nm.model_pred.model_all.2.bias  |    336     |
+-----------------------------------+------------+
[2025-05-28 21:28:14] - Total Trainable Params: 513322
[2025-05-28 21:28:14] - model parameters: 513322
[2025-05-28 21:29:05] - Epoch: 1 cost time: 50.56028437614441
[2025-05-28 21:29:05] - Traininng loss : 1.383153629930396
[2025-05-28 21:29:11] - vali_results: {'mae': 0.37199825048446655, 'mape': 5.436785697937012, 'mse': 0.41918185353279114, 'rmse': 0.6474425196647644}
[2025-05-28 21:29:14] - test_results: {'mae': 0.3006530702114105, 'mape': 1.7714146375656128, 'mse': 0.28586897253990173, 'rmse': 0.5346671342849731}
[2025-05-28 21:30:07] - Epoch: 2 cost time: 112.56312155723572
[2025-05-28 21:30:07] - Traininng loss : 1.3145299016906504
[2025-05-28 21:30:14] - vali_results: {'mae': 0.3744185268878937, 'mape': 6.40702486038208, 'mse': 0.41870641708374023, 'rmse': 0.6470752954483032}
[2025-05-28 21:30:18] - test_results: {'mae': 0.3019314408302307, 'mape': 1.9251587390899658, 'mse': 0.28589755296707153, 'rmse': 0.5346938967704773}
[2025-05-28 21:31:09] - Epoch: 3 cost time: 174.50261163711548
[2025-05-28 21:31:09] - Traininng loss : 1.3025826856755374
[2025-05-28 21:31:15] - vali_results: {'mae': 0.3721965253353119, 'mape': 6.159658908843994, 'mse': 0.4111846387386322, 'rmse': 0.6412367820739746}
[2025-05-28 21:31:19] - test_results: {'mae': 0.3075580298900604, 'mape': 1.8666225671768188, 'mse': 0.28526708483695984, 'rmse': 0.5341039896011353}
[2025-05-28 21:32:10] - Epoch: 4 cost time: 235.99376368522644
[2025-05-28 21:32:10] - Traininng loss : 1.2985124728658743
[2025-05-28 21:32:17] - vali_results: {'mae': 0.3688066601753235, 'mape': 5.17124605178833, 'mse': 0.4135296940803528, 'rmse': 0.6430627703666687}
[2025-05-28 21:32:21] - test_results: {'mae': 0.2993341088294983, 'mape': 1.7268892526626587, 'mse': 0.2835114002227783, 'rmse': 0.5324578881263733}
[2025-05-28 21:33:12] - Epoch: 5 cost time: 297.97489047050476
[2025-05-28 21:33:12] - Traininng loss : 1.29274625370377
[2025-05-28 21:33:19] - vali_results: {'mae': 0.36828649044036865, 'mape': 5.005127429962158, 'mse': 0.4087056517601013, 'rmse': 0.6393008828163147}
[2025-05-28 21:33:22] - test_results: {'mae': 0.30428242683410645, 'mape': 1.6705471277236938, 'mse': 0.28357502818107605, 'rmse': 0.5325176119804382}
[2025-05-28 21:34:14] - Epoch: 6 cost time: 359.2651541233063
[2025-05-28 21:34:14] - Traininng loss : 1.2899786917786848
[2025-05-28 21:34:20] - vali_results: {'mae': 0.37004154920578003, 'mape': 5.486384868621826, 'mse': 0.41411978006362915, 'rmse': 0.6435213685035706}
[2025-05-28 21:34:24] - test_results: {'mae': 0.2934383153915405, 'mape': 1.7798289060592651, 'mse': 0.2797034978866577, 'rmse': 0.5288700461387634}
[2025-05-28 21:35:15] - Epoch: 7 cost time: 420.83079051971436
[2025-05-28 21:35:15] - Traininng loss : 1.2899908022399533
[2025-05-28 21:35:22] - vali_results: {'mae': 0.3666280508041382, 'mape': 4.972567081451416, 'mse': 0.40858471393585205, 'rmse': 0.6392062902450562}
[2025-05-28 21:35:25] - test_results: {'mae': 0.29718878865242004, 'mape': 1.6893645524978638, 'mse': 0.28091081976890564, 'rmse': 0.5300102233886719}
[2025-05-28 21:36:16] - Epoch: 8 cost time: 482.00770688056946
[2025-05-28 21:36:16] - Traininng loss : 1.284940483747867
[2025-05-28 21:36:23] - vali_results: {'mae': 0.37425392866134644, 'mape': 6.5568108558654785, 'mse': 0.4113979637622833, 'rmse': 0.6414031386375427}
[2025-05-28 21:36:27] - test_results: {'mae': 0.30734533071517944, 'mape': 1.9402964115142822, 'mse': 0.2845795154571533, 'rmse': 0.5334599614143372}
[2025-05-28 21:37:18] - Epoch: 9 cost time: 544.0587334632874
[2025-05-28 21:37:18] - Traininng loss : 1.2835707946304689
[2025-05-28 21:37:25] - vali_results: {'mae': 0.36774638295173645, 'mape': 5.01353120803833, 'mse': 0.4085865318775177, 'rmse': 0.6392077207565308}
[2025-05-28 21:37:28] - test_results: {'mae': 0.3022318482398987, 'mape': 1.690449595451355, 'mse': 0.2824086844921112, 'rmse': 0.5314213633537292}
[2025-05-28 21:38:19] - Epoch: 10 cost time: 604.9980037212372
[2025-05-28 21:38:19] - Traininng loss : 1.2819919358220018
[2025-05-28 21:38:26] - vali_results: {'mae': 0.3661789894104004, 'mape': 5.059645175933838, 'mse': 0.40574657917022705, 'rmse': 0.6369823813438416}
[2025-05-28 21:38:29] - test_results: {'mae': 0.3039003014564514, 'mape': 1.6830183267593384, 'mse': 0.2828315794467926, 'rmse': 0.5318191051483154}
[2025-05-28 21:39:20] - Epoch: 11 cost time: 665.7376658916473
[2025-05-28 21:39:20] - Traininng loss : 1.2808428179276616
[2025-05-28 21:39:27] - vali_results: {'mae': 0.3706904351711273, 'mape': 5.4657464027404785, 'mse': 0.40412670373916626, 'rmse': 0.6357095837593079}
[2025-05-28 21:39:30] - test_results: {'mae': 0.3141070306301117, 'mape': 1.7373665571212769, 'mse': 0.286080002784729, 'rmse': 0.5348644852638245}
[2025-05-28 21:40:21] - Epoch: 12 cost time: 726.9871504306793
[2025-05-28 21:40:21] - Traininng loss : 1.2796409452170656
[2025-05-28 21:40:28] - vali_results: {'mae': 0.36294111609458923, 'mape': 4.6996612548828125, 'mse': 0.4008331000804901, 'rmse': 0.6331138014793396}
[2025-05-28 21:40:31] - test_results: {'mae': 0.29884257912635803, 'mape': 1.6093047857284546, 'mse': 0.2780539095401764, 'rmse': 0.5273081660270691}
[2025-05-28 21:41:23] - Epoch: 13 cost time: 788.2132992744446
[2025-05-28 21:41:23] - Traininng loss : 1.2793804137330307
[2025-05-28 21:41:29] - vali_results: {'mae': 0.37286075949668884, 'mape': 5.986344337463379, 'mse': 0.41265103220939636, 'rmse': 0.6423792243003845}
[2025-05-28 21:41:32] - test_results: {'mae': 0.30697059631347656, 'mape': 1.8557088375091553, 'mse': 0.2863840162754059, 'rmse': 0.5351486206054688}
[2025-05-28 21:42:24] - Epoch: 14 cost time: 849.2773492336273
[2025-05-28 21:42:24] - Traininng loss : 1.2788229635932988
[2025-05-28 21:42:30] - vali_results: {'mae': 0.36765632033348083, 'mape': 5.112157344818115, 'mse': 0.40786072611808777, 'rmse': 0.6386397480964661}
[2025-05-28 21:42:34] - test_results: {'mae': 0.2981370985507965, 'mape': 1.7055809497833252, 'mse': 0.280449241399765, 'rmse': 0.5295745730400085}
[2025-05-28 21:43:25] - Epoch: 15 cost time: 910.5487887859344
[2025-05-28 21:43:25] - Traininng loss : 1.2774444510016525
[2025-05-28 21:43:31] - vali_results: {'mae': 0.36503881216049194, 'mape': 5.020699501037598, 'mse': 0.40419235825538635, 'rmse': 0.6357612609863281}
[2025-05-28 21:43:35] - test_results: {'mae': 0.303252249956131, 'mape': 1.678663730621338, 'mse': 0.28209662437438965, 'rmse': 0.5311276912689209}
[2025-05-28 21:44:27] - Epoch: 16 cost time: 972.9231202602386
[2025-05-28 21:44:27] - Traininng loss : 1.2768409015316713
[2025-05-28 21:44:34] - vali_results: {'mae': 0.3678710162639618, 'mape': 5.241739273071289, 'mse': 0.40703797340393066, 'rmse': 0.6379953026771545}
[2025-05-28 21:44:38] - test_results: {'mae': 0.29542580246925354, 'mape': 1.7238372564315796, 'mse': 0.27797645330429077, 'rmse': 0.5272347331047058}
[2025-05-28 21:45:29] - Epoch: 17 cost time: 1034.806376695633
[2025-05-28 21:45:29] - Traininng loss : 1.276029325054403
[2025-05-28 21:45:36] - vali_results: {'mae': 0.36871975660324097, 'mape': 5.03901481628418, 'mse': 0.41350868344306946, 'rmse': 0.6430463790893555}
[2025-05-28 21:45:39] - test_results: {'mae': 0.2910628020763397, 'mape': 1.7359439134597778, 'mse': 0.27934032678604126, 'rmse': 0.5285265445709229}
[2025-05-28 21:45:39] - loss no decreased for 5 epochs,  early stopping ....
[2025-05-28 21:45:43] - test_results: {'mae': 0.29884257912635803, 'mape': 1.6093047857284546, 'mse': 0.2780539095401764, 'rmse': 0.5273081660270691}
