[2025-06-05 00:53:26] - run : 0 in seed: 2
[2025-06-05 00:53:26] - +-----------------------------------+------------+
|              Modules              | Parameters |
+-----------------------------------+------------+
|     fm.Linear_Seasonal.weight     |   69120    |
|      fm.Linear_Seasonal.bias      |    720     |
|       fm.Linear_Trend.weight      |   69120    |
|        fm.Linear_Trend.bias       |    720     |
|             nm.weight             |     14     |
| nm.model_freq.model_freq.0.weight |    6144    |
|  nm.model_freq.model_freq.0.bias  |     64     |
|  nm.model_freq.model_all.0.weight |   20480    |
|   nm.model_freq.model_all.0.bias  |    128     |
|  nm.model_freq.model_all.2.weight |   92160    |
|   nm.model_freq.model_all.2.bias  |    720     |
| nm.model_pred.model_freq.0.weight |   24576    |
|  nm.model_pred.model_freq.0.bias  |    256     |
|  nm.model_pred.model_all.0.weight |   180224   |
|   nm.model_pred.model_all.0.bias  |    512     |
|  nm.model_pred.model_all.2.weight |   368640   |
|   nm.model_pred.model_all.2.bias  |    720     |
+-----------------------------------+------------+
[2025-06-05 00:53:26] - Total Trainable Params: 834318
[2025-06-05 00:53:26] - model parameters: 834318
[2025-06-05 00:53:49] - Epoch: 1 cost time: 23.603858947753906
[2025-06-05 00:53:49] - Traininng loss : 1.4158709544814034
[2025-06-05 00:53:51] - vali_results: {'mae': 0.547086775302887, 'mape': 6.699333667755127, 'mse': 0.560766339302063, 'rmse': 0.7488433122634888}
[2025-06-05 00:53:52] - test_results: {'mae': 0.5992758870124817, 'mape': 6.286684989929199, 'mse': 0.618712306022644, 'rmse': 0.7865826487541199}
[2025-06-05 00:54:15] - Epoch: 2 cost time: 49.72316384315491
[2025-06-05 00:54:15] - Traininng loss : 1.2941601484009388
[2025-06-05 00:54:17] - vali_results: {'mae': 0.5427485108375549, 'mape': 6.862415790557861, 'mse': 0.5540093779563904, 'rmse': 0.7443180680274963}
[2025-06-05 00:54:18] - test_results: {'mae': 0.5775343179702759, 'mape': 6.538262844085693, 'mse': 0.5849305391311646, 'rmse': 0.7648075222969055}
[2025-06-05 00:54:42] - Epoch: 3 cost time: 75.97647285461426
[2025-06-05 00:54:42] - Traininng loss : 1.2800460879722337
[2025-06-05 00:54:43] - vali_results: {'mae': 0.540637731552124, 'mape': 6.784757137298584, 'mse': 0.5511950254440308, 'rmse': 0.7424250841140747}
[2025-06-05 00:54:44] - test_results: {'mae': 0.5755798816680908, 'mape': 6.669270038604736, 'mse': 0.5805593132972717, 'rmse': 0.7619444131851196}
[2025-06-05 00:55:09] - Epoch: 4 cost time: 103.63062453269958
[2025-06-05 00:55:09] - Traininng loss : 1.2712773002600402
[2025-06-05 00:55:11] - vali_results: {'mae': 0.5475173592567444, 'mape': 6.616631507873535, 'mse': 0.5586494207382202, 'rmse': 0.7474285364151001}
[2025-06-05 00:55:12] - test_results: {'mae': 0.5758863687515259, 'mape': 6.3202433586120605, 'mse': 0.5766637921333313, 'rmse': 0.7593837976455688}
[2025-06-05 00:55:36] - Epoch: 5 cost time: 130.6704273223877
[2025-06-05 00:55:36] - Traininng loss : 1.2629916358194995
[2025-06-05 00:55:38] - vali_results: {'mae': 0.5448736548423767, 'mape': 6.672954082489014, 'mse': 0.5543349385261536, 'rmse': 0.7445366978645325}
[2025-06-05 00:55:39] - test_results: {'mae': 0.569061815738678, 'mape': 7.088220119476318, 'mse': 0.5642905831336975, 'rmse': 0.7511927485466003}
[2025-06-05 00:56:02] - Epoch: 6 cost time: 156.51564645767212
[2025-06-05 00:56:02] - Traininng loss : 1.256164039286335
[2025-06-05 00:56:04] - vali_results: {'mae': 0.5483576059341431, 'mape': 6.819148540496826, 'mse': 0.5608518719673157, 'rmse': 0.7489004135131836}
[2025-06-05 00:56:05] - test_results: {'mae': 0.5636804103851318, 'mape': 6.964600563049316, 'mse': 0.558323323726654, 'rmse': 0.7472103834152222}
[2025-06-05 00:56:29] - Epoch: 7 cost time: 183.12491035461426
[2025-06-05 00:56:29] - Traininng loss : 1.2500976633824659
[2025-06-05 00:56:31] - vali_results: {'mae': 0.538500189781189, 'mape': 6.663794040679932, 'mse': 0.5538175106048584, 'rmse': 0.7441891431808472}
[2025-06-05 00:56:31] - test_results: {'mae': 0.5799432992935181, 'mape': 6.345548152923584, 'mse': 0.5894270539283752, 'rmse': 0.7677415013313293}
[2025-06-05 00:56:55] - Epoch: 8 cost time: 209.32130360603333
[2025-06-05 00:56:55] - Traininng loss : 1.245372927088416
[2025-06-05 00:56:57] - vali_results: {'mae': 0.55109041929245, 'mape': 6.628625869750977, 'mse': 0.568670928478241, 'rmse': 0.7541027069091797}
[2025-06-05 00:56:58] - test_results: {'mae': 0.5822827219963074, 'mape': 6.1747965812683105, 'mse': 0.589682400226593, 'rmse': 0.7679077982902527}
[2025-06-05 00:56:58] - loss no decreased for 5 epochs,  early stopping ....
[2025-06-05 00:56:59] - test_results: {'mae': 0.5755798816680908, 'mape': 6.669270038604736, 'mse': 0.5805593132972717, 'rmse': 0.7619444131851196}
