[2025-06-04 19:37:04] - run : 3 in seed: 5
[2025-06-04 19:37:04] - +-----------------------------------+------------+
|              Modules              | Parameters |
+-----------------------------------+------------+
|     fm.Linear_Seasonal.weight     |   32256    |
|      fm.Linear_Seasonal.bias      |    336     |
|       fm.Linear_Trend.weight      |   32256    |
|        fm.Linear_Trend.bias       |    336     |
|             nm.weight             |    642     |
| nm.model_freq.model_freq.0.weight |    6144    |
|  nm.model_freq.model_freq.0.bias  |     64     |
|  nm.model_freq.model_all.0.weight |   20480    |
|   nm.model_freq.model_all.0.bias  |    128     |
|  nm.model_freq.model_all.2.weight |   43008    |
|   nm.model_freq.model_all.2.bias  |    336     |
| nm.model_pred.model_freq.0.weight |   24576    |
|  nm.model_pred.model_freq.0.bias  |    256     |
|  nm.model_pred.model_all.0.weight |   180224   |
|   nm.model_pred.model_all.0.bias  |    512     |
|  nm.model_pred.model_all.2.weight |   172032   |
|   nm.model_pred.model_all.2.bias  |    336     |
+-----------------------------------+------------+
[2025-06-04 19:37:04] - Total Trainable Params: 513922
[2025-06-04 19:37:04] - model parameters: 513922
[2025-06-04 19:37:39] - Epoch: 1 cost time: 35.176597595214844
[2025-06-04 19:37:39] - Traininng loss : 0.6047299644807055
[2025-06-04 19:37:51] - vali_results: {'mae': 0.2924654185771942, 'mape': 2.477205276489258, 'mse': 0.19936315715312958, 'rmse': 0.4465010166168213}
[2025-06-04 19:37:57] - test_results: {'mae': 0.29141107201576233, 'mape': 3.1057355403900146, 'mse': 0.19693826138973236, 'rmse': 0.44377726316452026}
[2025-06-04 19:38:32] - Epoch: 2 cost time: 88.37994503974915
[2025-06-04 19:38:32] - Traininng loss : 0.4629508427665751
[2025-06-04 19:38:44] - vali_results: {'mae': 0.2898417115211487, 'mape': 2.5065126419067383, 'mse': 0.19657130539417267, 'rmse': 0.44336363673210144}
[2025-06-04 19:38:51] - test_results: {'mae': 0.28973206877708435, 'mape': 3.1113810539245605, 'mse': 0.19394361972808838, 'rmse': 0.44039031863212585}
[2025-06-04 19:39:28] - Epoch: 3 cost time: 143.56223893165588
[2025-06-04 19:39:28] - Traininng loss : 0.4577712342938494
[2025-06-04 19:39:40] - vali_results: {'mae': 0.29068079590797424, 'mape': 2.468928813934326, 'mse': 0.1959953010082245, 'rmse': 0.44271355867385864}
[2025-06-04 19:39:47] - test_results: {'mae': 0.2902972102165222, 'mape': 3.061708927154541, 'mse': 0.193111851811409, 'rmse': 0.4394449293613434}
[2025-06-04 19:40:23] - Epoch: 4 cost time: 198.64543771743774
[2025-06-04 19:40:23] - Traininng loss : 0.4550685897946782
[2025-06-04 19:40:34] - vali_results: {'mae': 0.2879246473312378, 'mape': 2.4752235412597656, 'mse': 0.19459868967533112, 'rmse': 0.44113340973854065}
[2025-06-04 19:40:40] - test_results: {'mae': 0.2872222661972046, 'mape': 3.064425468444824, 'mse': 0.19141115248203278, 'rmse': 0.4375056028366089}
[2025-06-04 19:41:18] - Epoch: 5 cost time: 253.7938883304596
[2025-06-04 19:41:18] - Traininng loss : 0.45350791126807816
[2025-06-04 19:41:31] - vali_results: {'mae': 0.28695815801620483, 'mape': 2.4799888134002686, 'mse': 0.1941329389810562, 'rmse': 0.44060519337654114}
[2025-06-04 19:41:38] - test_results: {'mae': 0.28592854738235474, 'mape': 3.073631525039673, 'mse': 0.19078540802001953, 'rmse': 0.4367899000644684}
[2025-06-04 19:42:15] - Epoch: 6 cost time: 311.43875432014465
[2025-06-04 19:42:15] - Traininng loss : 0.45244622140380414
[2025-06-04 19:42:29] - vali_results: {'mae': 0.28740400075912476, 'mape': 2.5212457180023193, 'mse': 0.193973109126091, 'rmse': 0.44042378664016724}
[2025-06-04 19:42:36] - test_results: {'mae': 0.28690069913864136, 'mape': 3.10335636138916, 'mse': 0.19102610647678375, 'rmse': 0.43706533312797546}
[2025-06-04 19:43:12] - Epoch: 7 cost time: 368.1612799167633
[2025-06-04 19:43:12] - Traininng loss : 0.45155261202426994
[2025-06-04 19:43:25] - vali_results: {'mae': 0.28627753257751465, 'mape': 2.497703790664673, 'mse': 0.19388438761234283, 'rmse': 0.4403230547904968}
[2025-06-04 19:43:32] - test_results: {'mae': 0.28527942299842834, 'mape': 3.0754737854003906, 'mse': 0.1904756873846054, 'rmse': 0.43643519282341003}
[2025-06-04 19:44:08] - Epoch: 8 cost time: 424.21742963790894
[2025-06-04 19:44:08] - Traininng loss : 0.4511337942075899
[2025-06-04 19:44:21] - vali_results: {'mae': 0.2857881188392639, 'mape': 2.480473279953003, 'mse': 0.19376420974731445, 'rmse': 0.4401865601539612}
[2025-06-04 19:44:28] - test_results: {'mae': 0.28469404578208923, 'mape': 3.056976795196533, 'mse': 0.1901426613330841, 'rmse': 0.4360535144805908}
[2025-06-04 19:45:04] - Epoch: 9 cost time: 480.126012802124
[2025-06-04 19:45:04] - Traininng loss : 0.4504335464850015
[2025-06-04 19:45:16] - vali_results: {'mae': 0.2867876887321472, 'mape': 2.482952356338501, 'mse': 0.1941361427307129, 'rmse': 0.44060882925987244}
[2025-06-04 19:45:23] - test_results: {'mae': 0.28596705198287964, 'mape': 3.0612499713897705, 'mse': 0.1908063143491745, 'rmse': 0.4368138313293457}
[2025-06-04 19:46:00] - Epoch: 10 cost time: 535.4983501434326
[2025-06-04 19:46:00] - Traininng loss : 0.45017548159984505
[2025-06-04 19:46:12] - vali_results: {'mae': 0.2871660888195038, 'mape': 2.4244349002838135, 'mse': 0.19493551552295685, 'rmse': 0.4415150284767151}
[2025-06-04 19:46:19] - test_results: {'mae': 0.2839909493923187, 'mape': 3.0259830951690674, 'mse': 0.19048888981342316, 'rmse': 0.436450332403183}
[2025-06-04 19:46:57] - Epoch: 11 cost time: 592.9828360080719
[2025-06-04 19:46:57] - Traininng loss : 0.4500283290270809
[2025-06-04 19:47:09] - vali_results: {'mae': 0.287422776222229, 'mape': 2.538557767868042, 'mse': 0.1935245245695114, 'rmse': 0.4399142265319824}
[2025-06-04 19:47:16] - test_results: {'mae': 0.287462443113327, 'mape': 3.1045520305633545, 'mse': 0.19079093635082245, 'rmse': 0.4367962181568146}
[2025-06-04 19:47:53] - Epoch: 12 cost time: 649.3113605976105
[2025-06-04 19:47:53] - Traininng loss : 0.4496245510425432
[2025-06-04 19:48:06] - vali_results: {'mae': 0.286941796541214, 'mape': 2.5259623527526855, 'mse': 0.19379928708076477, 'rmse': 0.44022640585899353}
[2025-06-04 19:48:13] - test_results: {'mae': 0.2861294448375702, 'mape': 3.097891092300415, 'mse': 0.1905582696199417, 'rmse': 0.43652981519699097}
[2025-06-04 19:48:50] - Epoch: 13 cost time: 706.0159697532654
[2025-06-04 19:48:50] - Traininng loss : 0.44933549296177155
[2025-06-04 19:49:02] - vali_results: {'mae': 0.28656771779060364, 'mape': 2.488847255706787, 'mse': 0.1933469921350479, 'rmse': 0.43971240520477295}
[2025-06-04 19:49:09] - test_results: {'mae': 0.28541260957717896, 'mape': 3.0897562503814697, 'mse': 0.1901066154241562, 'rmse': 0.4360121786594391}
[2025-06-04 19:49:46] - Epoch: 14 cost time: 761.7322101593018
[2025-06-04 19:49:46] - Traininng loss : 0.44928042325472917
[2025-06-04 19:49:58] - vali_results: {'mae': 0.28521671891212463, 'mape': 2.440518856048584, 'mse': 0.19368329644203186, 'rmse': 0.44009464979171753}
[2025-06-04 19:50:05] - test_results: {'mae': 0.2825285494327545, 'mape': 3.007129192352295, 'mse': 0.1890319138765335, 'rmse': 0.43477800488471985}
[2025-06-04 19:50:41] - Epoch: 15 cost time: 817.267270565033
[2025-06-04 19:50:41] - Traininng loss : 0.4492096852683512
[2025-06-04 19:50:54] - vali_results: {'mae': 0.28560131788253784, 'mape': 2.426244020462036, 'mse': 0.19380392134189606, 'rmse': 0.44023168087005615}
[2025-06-04 19:51:01] - test_results: {'mae': 0.2825417220592499, 'mape': 3.003923177719116, 'mse': 0.18903760612010956, 'rmse': 0.43478456139564514}
[2025-06-04 19:51:37] - Epoch: 16 cost time: 873.4436864852905
[2025-06-04 19:51:37] - Traininng loss : 0.44886347916626845
[2025-06-04 19:51:50] - vali_results: {'mae': 0.28638020157814026, 'mape': 2.4968583583831787, 'mse': 0.1929551213979721, 'rmse': 0.439266562461853}
[2025-06-04 19:51:57] - test_results: {'mae': 0.2857535779476166, 'mape': 3.053535223007202, 'mse': 0.1896820366382599, 'rmse': 0.43552500009536743}
[2025-06-04 19:52:33] - Epoch: 17 cost time: 929.1735653877258
[2025-06-04 19:52:33] - Traininng loss : 0.44890637133681477
[2025-06-04 19:52:45] - vali_results: {'mae': 0.2857518196105957, 'mape': 2.4558863639831543, 'mse': 0.19364023208618164, 'rmse': 0.44004571437835693}
[2025-06-04 19:52:52] - test_results: {'mae': 0.28366610407829285, 'mape': 3.017350673675537, 'mse': 0.18942759931087494, 'rmse': 0.43523281812667847}
[2025-06-04 19:53:30] - Epoch: 18 cost time: 985.5739014148712
[2025-06-04 19:53:30] - Traininng loss : 0.44884170947125795
[2025-06-04 19:53:43] - vali_results: {'mae': 0.2860012948513031, 'mape': 2.4677321910858154, 'mse': 0.1928126960992813, 'rmse': 0.43910443782806396}
[2025-06-04 19:53:50] - test_results: {'mae': 0.28510838747024536, 'mape': 3.0382168292999268, 'mse': 0.189512237906456, 'rmse': 0.43533003330230713}
[2025-06-04 19:54:27] - Epoch: 19 cost time: 1043.052921295166
[2025-06-04 19:54:27] - Traininng loss : 0.4486188681206245
[2025-06-04 19:54:40] - vali_results: {'mae': 0.2860376834869385, 'mape': 2.5014328956604004, 'mse': 0.19328998029232025, 'rmse': 0.4396475553512573}
[2025-06-04 19:54:47] - test_results: {'mae': 0.2853696644306183, 'mape': 3.079347848892212, 'mse': 0.18999361991882324, 'rmse': 0.435882568359375}
[2025-06-04 19:55:23] - Epoch: 20 cost time: 1098.9467113018036
[2025-06-04 19:55:23] - Traininng loss : 0.44843890181215634
[2025-06-04 19:55:35] - vali_results: {'mae': 0.28635144233703613, 'mape': 2.450762987136841, 'mse': 0.19345173239707947, 'rmse': 0.4398314952850342}
[2025-06-04 19:55:42] - test_results: {'mae': 0.2842664122581482, 'mape': 3.03226900100708, 'mse': 0.189455047249794, 'rmse': 0.43526434898376465}
[2025-06-04 19:56:19] - Epoch: 21 cost time: 1154.6104867458344
[2025-06-04 19:56:19] - Traininng loss : 0.44841711302669024
[2025-06-04 19:56:31] - vali_results: {'mae': 0.28558143973350525, 'mape': 2.469047784805298, 'mse': 0.1930263489484787, 'rmse': 0.43934765458106995}
[2025-06-04 19:56:38] - test_results: {'mae': 0.2837730050086975, 'mape': 3.037097215652466, 'mse': 0.18898062407970428, 'rmse': 0.4347190260887146}
[2025-06-04 19:57:13] - Epoch: 22 cost time: 1209.345427274704
[2025-06-04 19:57:13] - Traininng loss : 0.4484039310140542
[2025-06-04 19:57:26] - vali_results: {'mae': 0.28746676445007324, 'mape': 2.5303618907928467, 'mse': 0.1932963877916336, 'rmse': 0.4396548569202423}
[2025-06-04 19:57:32] - test_results: {'mae': 0.28784993290901184, 'mape': 3.0999815464019775, 'mse': 0.19082088768482208, 'rmse': 0.4368304908275604}
[2025-06-04 19:58:08] - Epoch: 23 cost time: 1264.3804836273193
[2025-06-04 19:58:08] - Traininng loss : 0.4484172238573909
[2025-06-04 19:58:21] - vali_results: {'mae': 0.2855505347251892, 'mape': 2.5161373615264893, 'mse': 0.19322918355464935, 'rmse': 0.43957841396331787}
[2025-06-04 19:58:28] - test_results: {'mae': 0.28481531143188477, 'mape': 3.100064754486084, 'mse': 0.19004563987255096, 'rmse': 0.43594223260879517}
[2025-06-04 19:58:28] - loss no decreased for 5 epochs,  early stopping ....
[2025-06-04 19:58:34] - test_results: {'mae': 0.28510838747024536, 'mape': 3.0382168292999268, 'mse': 0.189512237906456, 'rmse': 0.43533003330230713}
