[2025-05-28 17:39:49] - run : 0 in seed: 1
[2025-05-28 17:39:49] - +-----------------------------------+------------+
|              Modules              | Parameters |
+-----------------------------------+------------+
|     fm.Linear_Seasonal.weight     |    9216    |
|      fm.Linear_Seasonal.bias      |     96     |
|       fm.Linear_Trend.weight      |    9216    |
|        fm.Linear_Trend.bias       |     96     |
|             nm.weight             |     14     |
| nm.model_freq.model_freq.0.weight |    6144    |
|  nm.model_freq.model_freq.0.bias  |     64     |
|  nm.model_freq.model_all.0.weight |   20480    |
|   nm.model_freq.model_all.0.bias  |    128     |
|  nm.model_freq.model_all.2.weight |   12288    |
|   nm.model_freq.model_all.2.bias  |     96     |
| nm.model_pred.model_freq.0.weight |   24576    |
|  nm.model_pred.model_freq.0.bias  |    256     |
|  nm.model_pred.model_all.0.weight |   180224   |
|   nm.model_pred.model_all.0.bias  |    512     |
|  nm.model_pred.model_all.2.weight |   49152    |
|   nm.model_pred.model_all.2.bias  |     96     |
+-----------------------------------+------------+
[2025-05-28 17:39:49] - Total Trainable Params: 312654
[2025-05-28 17:39:49] - model parameters: 312654
[2025-05-28 17:40:28] - Epoch: 1 cost time: 38.89970254898071
[2025-05-28 17:40:28] - Traininng loss : 0.6226374763183644
[2025-05-28 17:40:34] - vali_results: {'mae': 0.37062135338783264, 'mape': 1.816523551940918, 'mse': 0.3176964819431305, 'rmse': 0.5636457204818726}
[2025-05-28 17:40:37] - test_results: {'mae': 0.3909408152103424, 'mape': 1.7275995016098022, 'mse': 0.32017630338668823, 'rmse': 0.5658412575721741}
[2025-05-28 17:41:16] - Epoch: 2 cost time: 87.45256876945496
[2025-05-28 17:41:16] - Traininng loss : 0.5610368603189342
[2025-05-28 17:41:22] - vali_results: {'mae': 0.36968162655830383, 'mape': 1.8436968326568604, 'mse': 0.3157576322555542, 'rmse': 0.5619231462478638}
[2025-05-28 17:41:26] - test_results: {'mae': 0.39048758149147034, 'mape': 1.7563626766204834, 'mse': 0.3217288851737976, 'rmse': 0.5672115087509155}
[2025-05-28 17:42:05] - Epoch: 3 cost time: 135.9420154094696
[2025-05-28 17:42:05] - Traininng loss : 0.5504739322185203
[2025-05-28 17:42:11] - vali_results: {'mae': 0.3770480155944824, 'mape': 1.7952847480773926, 'mse': 0.31939321756362915, 'rmse': 0.5651488304138184}
[2025-05-28 17:42:15] - test_results: {'mae': 0.4007345736026764, 'mape': 1.7108604907989502, 'mse': 0.33584728837013245, 'rmse': 0.5795233249664307}
[2025-05-28 17:42:54] - Epoch: 4 cost time: 185.2112579345703
[2025-05-28 17:42:54] - Traininng loss : 0.5437587107616949
[2025-05-28 17:43:00] - vali_results: {'mae': 0.3700883090496063, 'mape': 1.8002797365188599, 'mse': 0.31467828154563904, 'rmse': 0.560961902141571}
[2025-05-28 17:43:04] - test_results: {'mae': 0.3962182104587555, 'mape': 1.737529993057251, 'mse': 0.33226278424263, 'rmse': 0.576422393321991}
[2025-05-28 17:43:44] - Epoch: 5 cost time: 234.83262991905212
[2025-05-28 17:43:44] - Traininng loss : 0.5386875061277813
[2025-05-28 17:43:50] - vali_results: {'mae': 0.3760632574558258, 'mape': 1.684380054473877, 'mse': 0.3181699514389038, 'rmse': 0.5640655755996704}
[2025-05-28 17:43:54] - test_results: {'mae': 0.41233184933662415, 'mape': 1.6441947221755981, 'mse': 0.35362333059310913, 'rmse': 0.5946623682975769}
[2025-05-28 17:44:33] - Epoch: 6 cost time: 284.3983201980591
[2025-05-28 17:44:33] - Traininng loss : 0.5344788633223189
[2025-05-28 17:44:40] - vali_results: {'mae': 0.36617425084114075, 'mape': 1.7618871927261353, 'mse': 0.3136977553367615, 'rmse': 0.560087263584137}
[2025-05-28 17:44:43] - test_results: {'mae': 0.40192675590515137, 'mape': 1.7471942901611328, 'mse': 0.34395721554756165, 'rmse': 0.5864786505699158}
[2025-05-28 17:45:23] - Epoch: 7 cost time: 334.35726857185364
[2025-05-28 17:45:23] - Traininng loss : 0.5317390874234212
[2025-05-28 17:45:29] - vali_results: {'mae': 0.3669610023498535, 'mape': 1.8076330423355103, 'mse': 0.31425681710243225, 'rmse': 0.560586154460907}
[2025-05-28 17:45:33] - test_results: {'mae': 0.3999921977519989, 'mape': 1.7759525775909424, 'mse': 0.34173309803009033, 'rmse': 0.5845794081687927}
[2025-05-28 17:46:11] - Epoch: 8 cost time: 382.3332452774048
[2025-05-28 17:46:11] - Traininng loss : 0.5285797250788804
[2025-05-28 17:46:17] - vali_results: {'mae': 0.3694140315055847, 'mape': 1.7595374584197998, 'mse': 0.3154379725456238, 'rmse': 0.5616386532783508}
[2025-05-28 17:46:21] - test_results: {'mae': 0.4029397964477539, 'mape': 1.7162737846374512, 'mse': 0.3475711941719055, 'rmse': 0.5895516872406006}
[2025-05-28 17:47:00] - Epoch: 9 cost time: 431.0506443977356
[2025-05-28 17:47:00] - Traininng loss : 0.5262578080130533
[2025-05-28 17:47:06] - vali_results: {'mae': 0.36531102657318115, 'mape': 1.804931879043579, 'mse': 0.30824950337409973, 'rmse': 0.5552022457122803}
[2025-05-28 17:47:10] - test_results: {'mae': 0.3952728807926178, 'mape': 1.7422430515289307, 'mse': 0.33494800329208374, 'rmse': 0.5787469148635864}
[2025-05-28 17:47:48] - Epoch: 10 cost time: 479.6240785121918
[2025-05-28 17:47:48] - Traininng loss : 0.5237044141510743
[2025-05-28 17:47:55] - vali_results: {'mae': 0.36713579297065735, 'mape': 1.7346795797348022, 'mse': 0.31085309386253357, 'rmse': 0.5575420260429382}
[2025-05-28 17:47:58] - test_results: {'mae': 0.40197300910949707, 'mape': 1.6915981769561768, 'mse': 0.3451859951019287, 'rmse': 0.5875253081321716}
[2025-05-28 17:48:38] - Epoch: 11 cost time: 528.8170449733734
[2025-05-28 17:48:38] - Traininng loss : 0.5222794040596116
[2025-05-28 17:48:44] - vali_results: {'mae': 0.367936372756958, 'mape': 1.7990784645080566, 'mse': 0.313227117061615, 'rmse': 0.5596669912338257}
[2025-05-28 17:48:48] - test_results: {'mae': 0.4034782648086548, 'mape': 1.7733381986618042, 'mse': 0.3480783700942993, 'rmse': 0.5899816751480103}
[2025-05-28 17:49:27] - Epoch: 12 cost time: 577.9301640987396
[2025-05-28 17:49:27] - Traininng loss : 0.5207935659566783
[2025-05-28 17:49:34] - vali_results: {'mae': 0.36763879656791687, 'mape': 1.7401057481765747, 'mse': 0.3137451708316803, 'rmse': 0.5601295828819275}
[2025-05-28 17:49:37] - test_results: {'mae': 0.4067089557647705, 'mape': 1.7374097108840942, 'mse': 0.354168176651001, 'rmse': 0.5951203107833862}
[2025-05-28 17:50:16] - Epoch: 13 cost time: 627.557502746582
[2025-05-28 17:50:16] - Traininng loss : 0.5189003605368578
[2025-05-28 17:50:23] - vali_results: {'mae': 0.3654210567474365, 'mape': 1.7530990839004517, 'mse': 0.30878525972366333, 'rmse': 0.555684506893158}
[2025-05-28 17:50:26] - test_results: {'mae': 0.3982735276222229, 'mape': 1.6873788833618164, 'mse': 0.3431846797466278, 'rmse': 0.585819661617279}
[2025-05-28 17:51:05] - Epoch: 14 cost time: 676.7112648487091
[2025-05-28 17:51:05] - Traininng loss : 0.5178541809497027
[2025-05-28 17:51:12] - vali_results: {'mae': 0.36400455236434937, 'mape': 1.837172031402588, 'mse': 0.3102193772792816, 'rmse': 0.556973397731781}
[2025-05-28 17:51:15] - test_results: {'mae': 0.39550870656967163, 'mape': 1.797802209854126, 'mse': 0.33917462825775146, 'rmse': 0.5823870301246643}
[2025-05-28 17:51:15] - loss no decreased for 5 epochs,  early stopping ....
[2025-05-28 17:51:18] - test_results: {'mae': 0.3952728807926178, 'mape': 1.7422430515289307, 'mse': 0.33494800329208374, 'rmse': 0.5787469148635864}
