[2025-06-04 23:22:21] - run : 2 in seed: 3
[2025-06-04 23:22:21] - +-----------------------------------+------------+
|              Modules              | Parameters |
+-----------------------------------+------------+
|     fm.Linear_Seasonal.weight     |   32256    |
|      fm.Linear_Seasonal.bias      |    336     |
|       fm.Linear_Trend.weight      |   32256    |
|        fm.Linear_Trend.bias       |    336     |
|             nm.weight             |     16     |
| nm.model_freq.model_freq.0.weight |    6144    |
|  nm.model_freq.model_freq.0.bias  |     64     |
|  nm.model_freq.model_all.0.weight |   20480    |
|   nm.model_freq.model_all.0.bias  |    128     |
|  nm.model_freq.model_all.2.weight |   43008    |
|   nm.model_freq.model_all.2.bias  |    336     |
| nm.model_pred.model_freq.0.weight |   24576    |
|  nm.model_pred.model_freq.0.bias  |    256     |
|  nm.model_pred.model_all.0.weight |   180224   |
|   nm.model_pred.model_all.0.bias  |    512     |
|  nm.model_pred.model_all.2.weight |   172032   |
|   nm.model_pred.model_all.2.bias  |    336     |
+-----------------------------------+------------+
[2025-06-04 23:22:21] - Total Trainable Params: 513296
[2025-06-04 23:22:21] - model parameters: 513296
[2025-06-04 23:22:28] - Epoch: 1 cost time: 6.441783666610718
[2025-06-04 23:22:28] - Traininng loss : 0.6858367627742243
[2025-06-04 23:22:28] - vali_results: {'mae': 0.5299460291862488, 'mape': 1.0498414039611816, 'mse': 0.42872729897499084, 'rmse': 0.6547726988792419}
[2025-06-04 23:22:29] - test_results: {'mae': 0.3083679676055908, 'mape': 1.9614135026931763, 'mse': 0.1698218435049057, 'rmse': 0.41209447383880615}
[2025-06-04 23:22:35] - Epoch: 2 cost time: 14.085951805114746
[2025-06-04 23:22:35] - Traininng loss : 0.5121506142850015
[2025-06-04 23:22:36] - vali_results: {'mae': 0.6168027520179749, 'mape': 1.0518513917922974, 'mse': 0.5648673176765442, 'rmse': 0.7515765428543091}
[2025-06-04 23:22:36] - test_results: {'mae': 0.32880648970603943, 'mape': 1.7392747402191162, 'mse': 0.18426017463207245, 'rmse': 0.4292553663253784}
[2025-06-04 23:22:43] - Epoch: 3 cost time: 21.639944314956665
[2025-06-04 23:22:43] - Traininng loss : 0.5012698510503457
[2025-06-04 23:22:44] - vali_results: {'mae': 0.5378916263580322, 'mape': 1.019863486289978, 'mse': 0.4433140456676483, 'rmse': 0.6658183336257935}
[2025-06-04 23:22:44] - test_results: {'mae': 0.3084792196750641, 'mape': 1.8894647359848022, 'mse': 0.1694045215845108, 'rmse': 0.41158780455589294}
[2025-06-04 23:22:51] - Epoch: 4 cost time: 29.42578935623169
[2025-06-04 23:22:51] - Traininng loss : 0.49521418880013857
[2025-06-04 23:22:51] - vali_results: {'mae': 0.6038761734962463, 'mape': 1.0549538135528564, 'mse': 0.5362673401832581, 'rmse': 0.7323027849197388}
[2025-06-04 23:22:52] - test_results: {'mae': 0.32651349902153015, 'mape': 1.796197533607483, 'mse': 0.181272491812706, 'rmse': 0.42576107382774353}
[2025-06-04 23:22:58] - Epoch: 5 cost time: 37.3805832862854
[2025-06-04 23:22:58] - Traininng loss : 0.4929298822786294
[2025-06-04 23:22:59] - vali_results: {'mae': 0.4503019452095032, 'mape': 0.9598067402839661, 'mse': 0.3193669617176056, 'rmse': 0.5651256442070007}
[2025-06-04 23:23:00] - test_results: {'mae': 0.29284632205963135, 'mape': 2.0716662406921387, 'mse': 0.15964488685131073, 'rmse': 0.39955586194992065}
[2025-06-04 23:23:06] - Epoch: 6 cost time: 45.07532262802124
[2025-06-04 23:23:06] - Traininng loss : 0.4909489708009109
[2025-06-04 23:23:07] - vali_results: {'mae': 0.5202735066413879, 'mape': 0.9810261726379395, 'mse': 0.4252622723579407, 'rmse': 0.652121365070343}
[2025-06-04 23:23:08] - test_results: {'mae': 0.30709612369537354, 'mape': 1.9223923683166504, 'mse': 0.16830091178417206, 'rmse': 0.4102449417114258}
[2025-06-04 23:23:14] - Epoch: 7 cost time: 52.954652547836304
[2025-06-04 23:23:14] - Traininng loss : 0.48798714334668675
[2025-06-04 23:23:15] - vali_results: {'mae': 0.49793216586112976, 'mape': 1.0542727708816528, 'mse': 0.3867073059082031, 'rmse': 0.6218579411506653}
[2025-06-04 23:23:15] - test_results: {'mae': 0.3017755448818207, 'mape': 2.0483102798461914, 'mse': 0.16319294273853302, 'rmse': 0.40397146344184875}
[2025-06-04 23:23:22] - Epoch: 8 cost time: 60.85950970649719
[2025-06-04 23:23:22] - Traininng loss : 0.48550573069285724
[2025-06-04 23:23:23] - vali_results: {'mae': 0.4540020227432251, 'mape': 0.9803578853607178, 'mse': 0.3449931740760803, 'rmse': 0.587361216545105}
[2025-06-04 23:23:23] - test_results: {'mae': 0.30055001378059387, 'mape': 2.1253762245178223, 'mse': 0.16307023167610168, 'rmse': 0.40381956100463867}
[2025-06-04 23:23:30] - Epoch: 9 cost time: 68.83723020553589
[2025-06-04 23:23:30] - Traininng loss : 0.48658765979062496
[2025-06-04 23:23:31] - vali_results: {'mae': 0.540101945400238, 'mape': 0.9441591501235962, 'mse': 0.4547988176345825, 'rmse': 0.6743877530097961}
[2025-06-04 23:23:31] - test_results: {'mae': 0.3126554489135742, 'mape': 1.8616005182266235, 'mse': 0.17410150170326233, 'rmse': 0.4172547161579132}
[2025-06-04 23:23:38] - Epoch: 10 cost time: 76.89205932617188
[2025-06-04 23:23:38] - Traininng loss : 0.4816970316802754
[2025-06-04 23:23:39] - vali_results: {'mae': 0.5838829278945923, 'mape': 0.9949870705604553, 'mse': 0.5266805291175842, 'rmse': 0.7257275581359863}
[2025-06-04 23:23:39] - test_results: {'mae': 0.32169345021247864, 'mape': 1.7773809432983398, 'mse': 0.18045565485954285, 'rmse': 0.42480072379112244}
[2025-06-04 23:23:39] - loss no decreased for 5 epochs,  early stopping ....
[2025-06-04 23:23:40] - test_results: {'mae': 0.29284632205963135, 'mape': 2.0716662406921387, 'mse': 0.15964488685131073, 'rmse': 0.39955586194992065}
