[2025-06-04 16:21:46] - run : 2 in seed: 4
[2025-06-04 16:21:46] - +-----------------------------------+------------+
|              Modules              | Parameters |
+-----------------------------------+------------+
|     fm.Linear_Seasonal.weight     |   69120    |
|      fm.Linear_Seasonal.bias      |    720     |
|       fm.Linear_Trend.weight      |   69120    |
|        fm.Linear_Trend.bias       |    720     |
|             nm.weight             |     14     |
| nm.model_freq.model_freq.0.weight |    6144    |
|  nm.model_freq.model_freq.0.bias  |     64     |
|  nm.model_freq.model_all.0.weight |   20480    |
|   nm.model_freq.model_all.0.bias  |    128     |
|  nm.model_freq.model_all.2.weight |   92160    |
|   nm.model_freq.model_all.2.bias  |    720     |
| nm.model_pred.model_freq.0.weight |   24576    |
|  nm.model_pred.model_freq.0.bias  |    256     |
|  nm.model_pred.model_all.0.weight |   180224   |
|   nm.model_pred.model_all.0.bias  |    512     |
|  nm.model_pred.model_all.2.weight |   368640   |
|   nm.model_pred.model_all.2.bias  |    720     |
+-----------------------------------+------------+
[2025-06-04 16:21:46] - Total Trainable Params: 834318
[2025-06-04 16:21:46] - model parameters: 834318
[2025-06-04 16:22:11] - Epoch: 1 cost time: 25.033726453781128
[2025-06-04 16:22:11] - Traininng loss : 1.3568793248929334
[2025-06-04 16:22:14] - vali_results: {'mae': 0.47890061140060425, 'mape': 4.318385124206543, 'mse': 0.41581815481185913, 'rmse': 0.6448396444320679}
[2025-06-04 16:22:15] - test_results: {'mae': 0.3138006925582886, 'mape': 14.815118789672852, 'mse': 0.17835955321788788, 'rmse': 0.42232635617256165}
[2025-06-04 16:22:40] - Epoch: 2 cost time: 53.24395203590393
[2025-06-04 16:22:40] - Traininng loss : 1.250982193129786
[2025-06-04 16:22:42] - vali_results: {'mae': 0.4907115697860718, 'mape': 3.8096249103546143, 'mse': 0.4315742552280426, 'rmse': 0.656943142414093}
[2025-06-04 16:22:43] - test_results: {'mae': 0.31914007663726807, 'mape': 12.633527755737305, 'mse': 0.18061792850494385, 'rmse': 0.4249916672706604}
[2025-06-04 16:23:08] - Epoch: 3 cost time: 81.13391947746277
[2025-06-04 16:23:08] - Traininng loss : 1.2283895251791128
[2025-06-04 16:23:10] - vali_results: {'mae': 0.4632115662097931, 'mape': 4.350968837738037, 'mse': 0.39544886350631714, 'rmse': 0.6288472414016724}
[2025-06-04 16:23:11] - test_results: {'mae': 0.29610371589660645, 'mape': 15.587157249450684, 'mse': 0.16389374434947968, 'rmse': 0.4048379361629486}
[2025-06-04 16:23:37] - Epoch: 4 cost time: 110.35259675979614
[2025-06-04 16:23:37] - Traininng loss : 1.2162395864725113
[2025-06-04 16:23:39] - vali_results: {'mae': 0.48584094643592834, 'mape': 4.114101409912109, 'mse': 0.43183284997940063, 'rmse': 0.6571398973464966}
[2025-06-04 16:23:40] - test_results: {'mae': 0.31088370084762573, 'mape': 13.382861137390137, 'mse': 0.17325210571289062, 'rmse': 0.41623562574386597}
[2025-06-04 16:24:05] - Epoch: 5 cost time: 138.6650846004486
[2025-06-04 16:24:05] - Traininng loss : 1.202928212921271
[2025-06-04 16:24:07] - vali_results: {'mae': 0.4626723527908325, 'mape': 4.163429260253906, 'mse': 0.39691680669784546, 'rmse': 0.6300133466720581}
[2025-06-04 16:24:08] - test_results: {'mae': 0.29376527667045593, 'mape': 15.465274810791016, 'mse': 0.1609695553779602, 'rmse': 0.40121009945869446}
[2025-06-04 16:24:33] - Epoch: 6 cost time: 166.90707874298096
[2025-06-04 16:24:33] - Traininng loss : 1.1938849155152782
[2025-06-04 16:24:36] - vali_results: {'mae': 0.455192893743515, 'mape': 4.180315971374512, 'mse': 0.3881261944770813, 'rmse': 0.6229977607727051}
[2025-06-04 16:24:37] - test_results: {'mae': 0.2867662012577057, 'mape': 16.762170791625977, 'mse': 0.15903475880622864, 'rmse': 0.3987916111946106}
[2025-06-04 16:25:01] - Epoch: 7 cost time: 194.9644079208374
[2025-06-04 16:25:01] - Traininng loss : 1.1850679794724068
[2025-06-04 16:25:04] - vali_results: {'mae': 0.46413734555244446, 'mape': 4.38589334487915, 'mse': 0.40328872203826904, 'rmse': 0.6350501775741577}
[2025-06-04 16:25:05] - test_results: {'mae': 0.28977712988853455, 'mape': 15.872807502746582, 'mse': 0.158995121717453, 'rmse': 0.3987419307231903}
[2025-06-04 16:25:30] - Epoch: 8 cost time: 223.48330569267273
[2025-06-04 16:25:30] - Traininng loss : 1.1784027352761686
[2025-06-04 16:25:32] - vali_results: {'mae': 0.45569393038749695, 'mape': 4.520452976226807, 'mse': 0.3916477560997009, 'rmse': 0.6258176565170288}
[2025-06-04 16:25:33] - test_results: {'mae': 0.285409152507782, 'mape': 17.64645767211914, 'mse': 0.1598706990480423, 'rmse': 0.39983832836151123}
[2025-06-04 16:25:58] - Epoch: 9 cost time: 251.85717296600342
[2025-06-04 16:25:58] - Traininng loss : 1.1722866154453728
[2025-06-04 16:26:00] - vali_results: {'mae': 0.460630863904953, 'mape': 4.281383991241455, 'mse': 0.40000659227371216, 'rmse': 0.6324607729911804}
[2025-06-04 16:26:01] - test_results: {'mae': 0.28660866618156433, 'mape': 15.940435409545898, 'mse': 0.15846186876296997, 'rmse': 0.3980726897716522}
[2025-06-04 16:26:27] - Epoch: 10 cost time: 280.15356183052063
[2025-06-04 16:26:27] - Traininng loss : 1.16615252715818
[2025-06-04 16:26:29] - vali_results: {'mae': 0.4723033905029297, 'mape': 4.0657854080200195, 'mse': 0.41642436385154724, 'rmse': 0.6453095078468323}
[2025-06-04 16:26:30] - test_results: {'mae': 0.2968987226486206, 'mape': 14.256792068481445, 'mse': 0.16412591934204102, 'rmse': 0.40512457489967346}
[2025-06-04 16:26:55] - Epoch: 11 cost time: 308.19822335243225
[2025-06-04 16:26:55] - Traininng loss : 1.1624129818061764
[2025-06-04 16:26:57] - vali_results: {'mae': 0.45678046345710754, 'mape': 4.128472328186035, 'mse': 0.3933863639831543, 'rmse': 0.6272051930427551}
[2025-06-04 16:26:57] - test_results: {'mae': 0.2854510545730591, 'mape': 15.650672912597656, 'mse': 0.15820933878421783, 'rmse': 0.39775538444519043}
[2025-06-04 16:26:57] - loss no decreased for 5 epochs,  early stopping ....
[2025-06-04 16:26:58] - test_results: {'mae': 0.2867662012577057, 'mape': 16.762170791625977, 'mse': 0.15903475880622864, 'rmse': 0.3987916111946106}
