[2025-06-05 12:09:08] - run : 0 in seed: 2
[2025-06-05 12:09:08] - +-----------------------------------+------------+
|              Modules              | Parameters |
+-----------------------------------+------------+
|     fm.Linear_Seasonal.weight     |   16128    |
|      fm.Linear_Seasonal.bias      |    168     |
|       fm.Linear_Trend.weight      |   16128    |
|        fm.Linear_Trend.bias       |    168     |
|             nm.weight             |     14     |
| nm.model_freq.model_freq.0.weight |    6144    |
|  nm.model_freq.model_freq.0.bias  |     64     |
|  nm.model_freq.model_all.0.weight |   20480    |
|   nm.model_freq.model_all.0.bias  |    128     |
|  nm.model_freq.model_all.2.weight |   21504    |
|   nm.model_freq.model_all.2.bias  |    168     |
| nm.model_pred.model_freq.0.weight |   24576    |
|  nm.model_pred.model_freq.0.bias  |    256     |
|  nm.model_pred.model_all.0.weight |   180224   |
|   nm.model_pred.model_all.0.bias  |    512     |
|  nm.model_pred.model_all.2.weight |   86016    |
|   nm.model_pred.model_all.2.bias  |    168     |
+-----------------------------------+------------+
[2025-06-05 12:09:08] - Total Trainable Params: 372846
[2025-06-05 12:09:08] - model parameters: 372846
[2025-06-05 12:09:53] - Epoch: 1 cost time: 44.44184684753418
[2025-06-05 12:09:53] - Traininng loss : 0.696311793302971
[2025-06-05 12:10:00] - vali_results: {'mae': 0.39560699462890625, 'mape': 1.8641505241394043, 'mse': 0.3600876033306122, 'rmse': 0.600072979927063}
[2025-06-05 12:10:04] - test_results: {'mae': 0.4169118404388428, 'mape': 1.8331040143966675, 'mse': 0.3597975969314575, 'rmse': 0.5998312830924988}
[2025-06-05 12:10:49] - Epoch: 2 cost time: 100.41899275779724
[2025-06-05 12:10:49] - Traininng loss : 0.6438820299421711
[2025-06-05 12:10:55] - vali_results: {'mae': 0.3962150514125824, 'mape': 1.8065991401672363, 'mse': 0.35882484912872314, 'rmse': 0.5990198850631714}
[2025-06-05 12:10:59] - test_results: {'mae': 0.4250093698501587, 'mape': 1.7947760820388794, 'mse': 0.37049058079719543, 'rmse': 0.6086793541908264}
[2025-06-05 12:11:44] - Epoch: 3 cost time: 155.93460202217102
[2025-06-05 12:11:44] - Traininng loss : 0.6354503422170072
[2025-06-05 12:11:51] - vali_results: {'mae': 0.39194807410240173, 'mape': 1.8657960891723633, 'mse': 0.35690996050834656, 'rmse': 0.5974194407463074}
[2025-06-05 12:11:54] - test_results: {'mae': 0.42187362909317017, 'mape': 1.8702912330627441, 'mse': 0.3684171438217163, 'rmse': 0.6069737672805786}
[2025-06-05 12:12:38] - Epoch: 4 cost time: 209.95024847984314
[2025-06-05 12:12:38] - Traininng loss : 0.6299421515170885
[2025-06-05 12:12:45] - vali_results: {'mae': 0.3935086131095886, 'mape': 1.8645131587982178, 'mse': 0.35524800419807434, 'rmse': 0.5960268378257751}
[2025-06-05 12:12:49] - test_results: {'mae': 0.42236560583114624, 'mape': 1.8492661714553833, 'mse': 0.36846819519996643, 'rmse': 0.6070157885551453}
[2025-06-05 12:13:34] - Epoch: 5 cost time: 266.0472409725189
[2025-06-05 12:13:34] - Traininng loss : 0.626028284695719
[2025-06-05 12:13:41] - vali_results: {'mae': 0.3977300524711609, 'mape': 1.8139750957489014, 'mse': 0.35811272263526917, 'rmse': 0.5984252095222473}
[2025-06-05 12:13:44] - test_results: {'mae': 0.4256258010864258, 'mape': 1.80201256275177, 'mse': 0.37332606315612793, 'rmse': 0.611004114151001}
[2025-06-05 12:14:29] - Epoch: 6 cost time: 320.7947738170624
[2025-06-05 12:14:29] - Traininng loss : 0.6222409006790182
[2025-06-05 12:14:36] - vali_results: {'mae': 0.3911857306957245, 'mape': 1.852313756942749, 'mse': 0.3544321060180664, 'rmse': 0.5953419804573059}
[2025-06-05 12:14:39] - test_results: {'mae': 0.42294713854789734, 'mape': 1.856317162513733, 'mse': 0.3722154498100281, 'rmse': 0.6100946068763733}
[2025-06-05 12:15:24] - Epoch: 7 cost time: 376.0565936565399
[2025-06-05 12:15:24] - Traininng loss : 0.6189434293193414
[2025-06-05 12:15:32] - vali_results: {'mae': 0.38757559657096863, 'mape': 1.8976553678512573, 'mse': 0.3515264689922333, 'rmse': 0.5928966999053955}
[2025-06-05 12:15:35] - test_results: {'mae': 0.41657474637031555, 'mape': 1.886969804763794, 'mse': 0.36521923542022705, 'rmse': 0.6043336987495422}
[2025-06-05 12:16:20] - Epoch: 8 cost time: 431.4258885383606
[2025-06-05 12:16:20] - Traininng loss : 0.6169901932236703
[2025-06-05 12:16:27] - vali_results: {'mae': 0.3904248774051666, 'mape': 1.9636344909667969, 'mse': 0.35469943284988403, 'rmse': 0.59556645154953}
[2025-06-05 12:16:30] - test_results: {'mae': 0.42238879203796387, 'mape': 1.9744970798492432, 'mse': 0.3709772825241089, 'rmse': 0.6090790629386902}
[2025-06-05 12:17:14] - Epoch: 9 cost time: 486.2506489753723
[2025-06-05 12:17:14] - Traininng loss : 0.6147070729622498
[2025-06-05 12:17:21] - vali_results: {'mae': 0.3927617073059082, 'mape': 1.8243650197982788, 'mse': 0.35234662890434265, 'rmse': 0.5935879349708557}
[2025-06-05 12:17:25] - test_results: {'mae': 0.4265143871307373, 'mape': 1.8237875699996948, 'mse': 0.3764770030975342, 'rmse': 0.6135772466659546}
[2025-06-05 12:18:11] - Epoch: 10 cost time: 543.2628126144409
[2025-06-05 12:18:11] - Traininng loss : 0.613383400475578
[2025-06-05 12:18:18] - vali_results: {'mae': 0.39849984645843506, 'mape': 1.7875595092773438, 'mse': 0.356677383184433, 'rmse': 0.5972247123718262}
[2025-06-05 12:18:22] - test_results: {'mae': 0.4317927658557892, 'mape': 1.7862234115600586, 'mse': 0.38314101099967957, 'rmse': 0.6189838647842407}
[2025-06-05 12:19:07] - Epoch: 11 cost time: 599.1804895401001
[2025-06-05 12:19:07] - Traininng loss : 0.6120720418684563
[2025-06-05 12:19:15] - vali_results: {'mae': 0.3989522457122803, 'mape': 1.8245269060134888, 'mse': 0.36037907004356384, 'rmse': 0.6003158092498779}
[2025-06-05 12:19:18] - test_results: {'mae': 0.43346643447875977, 'mape': 1.858795166015625, 'mse': 0.3865657448768616, 'rmse': 0.6217440962791443}
[2025-06-05 12:20:03] - Epoch: 12 cost time: 654.6566488742828
[2025-06-05 12:20:03] - Traininng loss : 0.6104948684897326
[2025-06-05 12:20:10] - vali_results: {'mae': 0.395980566740036, 'mape': 1.8857983350753784, 'mse': 0.35530000925064087, 'rmse': 0.5960704684257507}
[2025-06-05 12:20:13] - test_results: {'mae': 0.4225509762763977, 'mape': 1.871347427368164, 'mse': 0.3719242513179779, 'rmse': 0.6098559498786926}
[2025-06-05 12:20:13] - loss no decreased for 5 epochs,  early stopping ....
[2025-06-05 12:20:17] - test_results: {'mae': 0.41657474637031555, 'mape': 1.886969804763794, 'mse': 0.36521923542022705, 'rmse': 0.6043336987495422}
