[2025-06-04 23:27:37] - run : 1 in seed: 2
[2025-06-04 23:27:37] - +-----------------------------------+------------+
|              Modules              | Parameters |
+-----------------------------------+------------+
|     fm.Linear_Seasonal.weight     |   69120    |
|      fm.Linear_Seasonal.bias      |    720     |
|       fm.Linear_Trend.weight      |   69120    |
|        fm.Linear_Trend.bias       |    720     |
|             nm.weight             |     16     |
| nm.model_freq.model_freq.0.weight |    6144    |
|  nm.model_freq.model_freq.0.bias  |     64     |
|  nm.model_freq.model_all.0.weight |   20480    |
|   nm.model_freq.model_all.0.bias  |    128     |
|  nm.model_freq.model_all.2.weight |   92160    |
|   nm.model_freq.model_all.2.bias  |    720     |
| nm.model_pred.model_freq.0.weight |   24576    |
|  nm.model_pred.model_freq.0.bias  |    256     |
|  nm.model_pred.model_all.0.weight |   180224   |
|   nm.model_pred.model_all.0.bias  |    512     |
|  nm.model_pred.model_all.2.weight |   368640   |
|   nm.model_pred.model_all.2.bias  |    720     |
+-----------------------------------+------------+
[2025-06-04 23:27:37] - Total Trainable Params: 834320
[2025-06-04 23:27:37] - model parameters: 834320
[2025-06-04 23:27:46] - Epoch: 1 cost time: 9.30096173286438
[2025-06-04 23:27:46] - Traininng loss : 0.969386415701386
[2025-06-04 23:27:47] - vali_results: {'mae': 0.7639967799186707, 'mape': 0.9485307335853577, 'mse': 0.8559088110923767, 'rmse': 0.925153374671936}
[2025-06-04 23:27:47] - test_results: {'mae': 0.43940871953964233, 'mape': 2.8157238960266113, 'mse': 0.3259694278240204, 'rmse': 0.5709373354911804}
[2025-06-04 23:27:57] - Epoch: 2 cost time: 19.897608757019043
[2025-06-04 23:27:57] - Traininng loss : 0.8163905093010436
[2025-06-04 23:27:57] - vali_results: {'mae': 0.7818487882614136, 'mape': 0.9636023640632629, 'mse': 0.893682062625885, 'rmse': 0.9453476071357727}
[2025-06-04 23:27:58] - test_results: {'mae': 0.43253621459007263, 'mape': 2.7687251567840576, 'mse': 0.32346540689468384, 'rmse': 0.56874018907547}
[2025-06-04 23:28:07] - Epoch: 3 cost time: 30.17678165435791
[2025-06-04 23:28:07] - Traininng loss : 0.8015542478426129
[2025-06-04 23:28:08] - vali_results: {'mae': 0.753540575504303, 'mape': 0.9884220361709595, 'mse': 0.8560187816619873, 'rmse': 0.9252128601074219}
[2025-06-04 23:28:08] - test_results: {'mae': 0.42650315165519714, 'mape': 2.8915598392486572, 'mse': 0.3103991448879242, 'rmse': 0.557134747505188}
[2025-06-04 23:28:17] - Epoch: 4 cost time: 40.662079095840454
[2025-06-04 23:28:17] - Traininng loss : 0.7935861818333889
[2025-06-04 23:28:18] - vali_results: {'mae': 0.7819437980651855, 'mape': 0.9799860119819641, 'mse': 0.9114935994148254, 'rmse': 0.9547217488288879}
[2025-06-04 23:28:19] - test_results: {'mae': 0.4258592426776886, 'mape': 2.5525529384613037, 'mse': 0.3152543306350708, 'rmse': 0.5614751577377319}
[2025-06-04 23:28:28] - Epoch: 5 cost time: 51.161956548690796
[2025-06-04 23:28:28] - Traininng loss : 0.7871889535416948
[2025-06-04 23:28:29] - vali_results: {'mae': 0.7880938053131104, 'mape': 0.9856510758399963, 'mse': 0.9330154657363892, 'rmse': 0.965927243232727}
[2025-06-04 23:28:29] - test_results: {'mae': 0.43083813786506653, 'mape': 2.630032539367676, 'mse': 0.3190711438655853, 'rmse': 0.5648638010025024}
[2025-06-04 23:28:39] - Epoch: 6 cost time: 61.820433616638184
[2025-06-04 23:28:39] - Traininng loss : 0.7810530438490794
[2025-06-04 23:28:39] - vali_results: {'mae': 0.7590790390968323, 'mape': 0.943901002407074, 'mse': 0.8496242165565491, 'rmse': 0.9217506051063538}
[2025-06-04 23:28:40] - test_results: {'mae': 0.409026175737381, 'mape': 2.648514986038208, 'mse': 0.29185226559638977, 'rmse': 0.5402335524559021}
[2025-06-04 23:28:49] - Epoch: 7 cost time: 72.3115177154541
[2025-06-04 23:28:49] - Traininng loss : 0.7780508052372763
[2025-06-04 23:28:50] - vali_results: {'mae': 0.8077554106712341, 'mape': 0.9814676642417908, 'mse': 0.9470536112785339, 'rmse': 0.973166823387146}
[2025-06-04 23:28:50] - test_results: {'mae': 0.42185497283935547, 'mape': 2.58727765083313, 'mse': 0.3087692856788635, 'rmse': 0.5556701421737671}
[2025-06-04 23:29:00] - Epoch: 8 cost time: 82.73694467544556
[2025-06-04 23:29:00] - Traininng loss : 0.7744220025995945
[2025-06-04 23:29:00] - vali_results: {'mae': 0.7899308204650879, 'mape': 0.9541944861412048, 'mse': 0.89984130859375, 'rmse': 0.948599636554718}
[2025-06-04 23:29:01] - test_results: {'mae': 0.4108242690563202, 'mape': 2.551814079284668, 'mse': 0.2946382164955139, 'rmse': 0.5428058505058289}
[2025-06-04 23:29:10] - Epoch: 9 cost time: 92.98849844932556
[2025-06-04 23:29:10] - Traininng loss : 0.7703759146074877
[2025-06-04 23:29:10] - vali_results: {'mae': 0.7779343128204346, 'mape': 0.9366908073425293, 'mse': 0.8773400783538818, 'rmse': 0.936664342880249}
[2025-06-04 23:29:11] - test_results: {'mae': 0.40431538224220276, 'mape': 2.529047727584839, 'mse': 0.29031139612197876, 'rmse': 0.5388055443763733}
[2025-06-04 23:29:20] - Epoch: 10 cost time: 103.50848937034607
[2025-06-04 23:29:20] - Traininng loss : 0.7663596010377222
[2025-06-04 23:29:21] - vali_results: {'mae': 0.7445961236953735, 'mape': 0.9376364350318909, 'mse': 0.7887347340583801, 'rmse': 0.8881073594093323}
[2025-06-04 23:29:21] - test_results: {'mae': 0.3912384808063507, 'mape': 2.613291025161743, 'mse': 0.2727573812007904, 'rmse': 0.5222617983818054}
[2025-06-04 23:29:31] - Epoch: 11 cost time: 114.08694505691528
[2025-06-04 23:29:31] - Traininng loss : 0.7645954168434684
[2025-06-04 23:29:32] - vali_results: {'mae': 0.7591868042945862, 'mape': 0.9125456809997559, 'mse': 0.8541640639305115, 'rmse': 0.9242099523544312}
[2025-06-04 23:29:32] - test_results: {'mae': 0.4109672009944916, 'mape': 2.741143226623535, 'mse': 0.29917797446250916, 'rmse': 0.5469716191291809}
[2025-06-04 23:29:41] - Epoch: 12 cost time: 124.538250207901
[2025-06-04 23:29:41] - Traininng loss : 0.7632373693986987
[2025-06-04 23:29:42] - vali_results: {'mae': 0.7744863629341125, 'mape': 0.9686732292175293, 'mse': 0.891655445098877, 'rmse': 0.9442750811576843}
[2025-06-04 23:29:42] - test_results: {'mae': 0.4064953923225403, 'mape': 2.6189334392547607, 'mse': 0.2900201976299286, 'rmse': 0.5385352373123169}
[2025-06-04 23:29:52] - Epoch: 13 cost time: 134.9108018875122
[2025-06-04 23:29:52] - Traininng loss : 0.7611531336256798
[2025-06-04 23:29:52] - vali_results: {'mae': 0.6644596457481384, 'mape': 0.8656842112541199, 'mse': 0.666391134262085, 'rmse': 0.8163278102874756}
[2025-06-04 23:29:53] - test_results: {'mae': 0.39779335260391235, 'mape': 3.1142261028289795, 'mse': 0.28335726261138916, 'rmse': 0.5323131084442139}
[2025-06-04 23:30:02] - Epoch: 14 cost time: 145.41766333580017
[2025-06-04 23:30:02] - Traininng loss : 0.7573965513114388
[2025-06-04 23:30:03] - vali_results: {'mae': 0.791630208492279, 'mape': 0.9179793000221252, 'mse': 0.9135857224464417, 'rmse': 0.9558168053627014}
[2025-06-04 23:30:03] - test_results: {'mae': 0.401043176651001, 'mape': 2.484987497329712, 'mse': 0.29054680466651917, 'rmse': 0.5390239357948303}
[2025-06-04 23:30:13] - Epoch: 15 cost time: 155.93795704841614
[2025-06-04 23:30:13] - Traininng loss : 0.7560254872267973
[2025-06-04 23:30:14] - vali_results: {'mae': 0.7264295220375061, 'mape': 0.8938295841217041, 'mse': 0.7931791543960571, 'rmse': 0.8906060457229614}
[2025-06-04 23:30:14] - test_results: {'mae': 0.4192657768726349, 'mape': 3.1391377449035645, 'mse': 0.3052377700805664, 'rmse': 0.5524832606315613}
[2025-06-04 23:30:23] - Epoch: 16 cost time: 166.47431993484497
[2025-06-04 23:30:23] - Traininng loss : 0.7546683571017381
[2025-06-04 23:30:24] - vali_results: {'mae': 0.7069690823554993, 'mape': 0.8848786354064941, 'mse': 0.7635369300842285, 'rmse': 0.8738059997558594}
[2025-06-04 23:30:24] - test_results: {'mae': 0.40050843358039856, 'mape': 2.954716444015503, 'mse': 0.2861902713775635, 'rmse': 0.5349675416946411}
[2025-06-04 23:30:34] - Epoch: 17 cost time: 176.9016399383545
[2025-06-04 23:30:34] - Traininng loss : 0.752216802843919
[2025-06-04 23:30:34] - vali_results: {'mae': 0.7566290497779846, 'mape': 0.9332619905471802, 'mse': 0.8711010217666626, 'rmse': 0.9333279132843018}
[2025-06-04 23:30:35] - test_results: {'mae': 0.41950127482414246, 'mape': 3.045168876647949, 'mse': 0.3060910999774933, 'rmse': 0.553255021572113}
[2025-06-04 23:30:44] - Epoch: 18 cost time: 187.22749066352844
[2025-06-04 23:30:44] - Traininng loss : 0.7499954180514559
[2025-06-04 23:30:45] - vali_results: {'mae': 0.7942947149276733, 'mape': 0.9591699242591858, 'mse': 0.9372162818908691, 'rmse': 0.9680992960929871}
[2025-06-04 23:30:45] - test_results: {'mae': 0.4183782935142517, 'mape': 2.8007099628448486, 'mse': 0.3092488646507263, 'rmse': 0.5561015009880066}
[2025-06-04 23:30:45] - loss no decreased for 5 epochs,  early stopping ....
[2025-06-04 23:30:46] - test_results: {'mae': 0.39779335260391235, 'mape': 3.1142261028289795, 'mse': 0.28335726261138916, 'rmse': 0.5323131084442139}
