[2025-06-04 23:33:45] - run : 3 in seed: 4
[2025-06-04 23:33:45] - +-----------------------------------+------------+
|              Modules              | Parameters |
+-----------------------------------+------------+
|     fm.Linear_Seasonal.weight     |   69120    |
|      fm.Linear_Seasonal.bias      |    720     |
|       fm.Linear_Trend.weight      |   69120    |
|        fm.Linear_Trend.bias       |    720     |
|             nm.weight             |     16     |
| nm.model_freq.model_freq.0.weight |    6144    |
|  nm.model_freq.model_freq.0.bias  |     64     |
|  nm.model_freq.model_all.0.weight |   20480    |
|   nm.model_freq.model_all.0.bias  |    128     |
|  nm.model_freq.model_all.2.weight |   92160    |
|   nm.model_freq.model_all.2.bias  |    720     |
| nm.model_pred.model_freq.0.weight |   24576    |
|  nm.model_pred.model_freq.0.bias  |    256     |
|  nm.model_pred.model_all.0.weight |   180224   |
|   nm.model_pred.model_all.0.bias  |    512     |
|  nm.model_pred.model_all.2.weight |   368640   |
|   nm.model_pred.model_all.2.bias  |    720     |
+-----------------------------------+------------+
[2025-06-04 23:33:45] - Total Trainable Params: 834320
[2025-06-04 23:33:45] - model parameters: 834320
[2025-06-04 23:33:54] - Epoch: 1 cost time: 9.368696689605713
[2025-06-04 23:33:54] - Traininng loss : 0.9570135550296053
[2025-06-04 23:33:55] - vali_results: {'mae': 0.7746369242668152, 'mape': 0.9961624145507812, 'mse': 0.8912854790687561, 'rmse': 0.9440791606903076}
[2025-06-04 23:33:55] - test_results: {'mae': 0.4382585287094116, 'mape': 2.8569185733795166, 'mse': 0.32622411847114563, 'rmse': 0.5711603164672852}
[2025-06-04 23:34:05] - Epoch: 2 cost time: 20.007912158966064
[2025-06-04 23:34:05] - Traininng loss : 0.8142104571592723
[2025-06-04 23:34:05] - vali_results: {'mae': 0.7863726019859314, 'mape': 0.9884068965911865, 'mse': 0.9165632128715515, 'rmse': 0.9573730826377869}
[2025-06-04 23:34:06] - test_results: {'mae': 0.42610329389572144, 'mape': 2.587510347366333, 'mse': 0.31547385454177856, 'rmse': 0.5616706013679504}
[2025-06-04 23:34:15] - Epoch: 3 cost time: 30.324089527130127
[2025-06-04 23:34:15] - Traininng loss : 0.7999415714690026
[2025-06-04 23:34:16] - vali_results: {'mae': 0.7949610352516174, 'mape': 0.9931660890579224, 'mse': 0.9436847567558289, 'rmse': 0.9714343547821045}
[2025-06-04 23:34:16] - test_results: {'mae': 0.4298437535762787, 'mape': 2.616671323776245, 'mse': 0.31836798787117004, 'rmse': 0.5642410516738892}
[2025-06-04 23:34:25] - Epoch: 4 cost time: 40.66978406906128
[2025-06-04 23:34:25] - Traininng loss : 0.7904092868169149
[2025-06-04 23:34:26] - vali_results: {'mae': 0.7642145156860352, 'mape': 0.9496614933013916, 'mse': 0.8589953780174255, 'rmse': 0.9268200397491455}
[2025-06-04 23:34:27] - test_results: {'mae': 0.41032522916793823, 'mape': 2.645062208175659, 'mse': 0.29341936111450195, 'rmse': 0.5416819453239441}
[2025-06-04 23:34:36] - Epoch: 5 cost time: 51.101991176605225
[2025-06-04 23:34:36] - Traininng loss : 0.7854799353484566
[2025-06-04 23:34:37] - vali_results: {'mae': 0.802212655544281, 'mape': 0.9886740446090698, 'mse': 0.9337056875228882, 'rmse': 0.966284453868866}
[2025-06-04 23:34:37] - test_results: {'mae': 0.41779616475105286, 'mape': 2.652547836303711, 'mse': 0.302579402923584, 'rmse': 0.550072193145752}
[2025-06-04 23:34:46] - Epoch: 6 cost time: 61.570096254348755
[2025-06-04 23:34:46] - Traininng loss : 0.7813933322615657
[2025-06-04 23:34:47] - vali_results: {'mae': 0.7967512607574463, 'mape': 0.9638304710388184, 'mse': 0.9155603051185608, 'rmse': 0.9568491578102112}
[2025-06-04 23:34:47] - test_results: {'mae': 0.4131961762905121, 'mape': 2.6144230365753174, 'mse': 0.2963167428970337, 'rmse': 0.5443498492240906}
[2025-06-04 23:34:57] - Epoch: 7 cost time: 72.07370400428772
[2025-06-04 23:34:57] - Traininng loss : 0.7769557220716004
[2025-06-04 23:34:58] - vali_results: {'mae': 0.774402916431427, 'mape': 0.9420737028121948, 'mse': 0.8633060455322266, 'rmse': 0.9291426539421082}
[2025-06-04 23:34:58] - test_results: {'mae': 0.3992937207221985, 'mape': 2.5560219287872314, 'mse': 0.2836221754550934, 'rmse': 0.5325618982315063}
[2025-06-04 23:35:07] - Epoch: 8 cost time: 82.34491395950317
[2025-06-04 23:35:07] - Traininng loss : 0.772478164087796
[2025-06-04 23:35:08] - vali_results: {'mae': 0.7519955039024353, 'mape': 0.9522989392280579, 'mse': 0.8064380288124084, 'rmse': 0.8980189561843872}
[2025-06-04 23:35:08] - test_results: {'mae': 0.4004497230052948, 'mape': 2.7538790702819824, 'mse': 0.28104332089424133, 'rmse': 0.5301352143287659}
[2025-06-04 23:35:18] - Epoch: 9 cost time: 92.74422931671143
[2025-06-04 23:35:18] - Traininng loss : 0.7698019096191894
[2025-06-04 23:35:18] - vali_results: {'mae': 0.753696084022522, 'mape': 0.9187315106391907, 'mse': 0.8423783779144287, 'rmse': 0.9178117513656616}
[2025-06-04 23:35:19] - test_results: {'mae': 0.4106626510620117, 'mape': 2.8383820056915283, 'mse': 0.2971303462982178, 'rmse': 0.5450966358184814}
[2025-06-04 23:35:28] - Epoch: 10 cost time: 103.2592613697052
[2025-06-04 23:35:28] - Traininng loss : 0.7679113699189315
[2025-06-04 23:35:29] - vali_results: {'mae': 0.7736402153968811, 'mape': 0.9753732085227966, 'mse': 0.8930972218513489, 'rmse': 0.9450381994247437}
[2025-06-04 23:35:29] - test_results: {'mae': 0.4065251648426056, 'mape': 2.7072067260742188, 'mse': 0.2886814773082733, 'rmse': 0.5372908711433411}
[2025-06-04 23:35:38] - Epoch: 11 cost time: 113.50906467437744
[2025-06-04 23:35:38] - Traininng loss : 0.7656571674854198
[2025-06-04 23:35:39] - vali_results: {'mae': 0.663303792476654, 'mape': 0.8714209198951721, 'mse': 0.6711432933807373, 'rmse': 0.8192333579063416}
[2025-06-04 23:35:39] - test_results: {'mae': 0.40733903646469116, 'mape': 3.278604030609131, 'mse': 0.2932725250720978, 'rmse': 0.5415464043617249}
[2025-06-04 23:35:48] - Epoch: 12 cost time: 123.68418049812317
[2025-06-04 23:35:48] - Traininng loss : 0.761640413433102
[2025-06-04 23:35:49] - vali_results: {'mae': 0.7780649065971375, 'mape': 0.9161321520805359, 'mse': 0.8869338631629944, 'rmse': 0.9417716860771179}
[2025-06-04 23:35:50] - test_results: {'mae': 0.39779654145240784, 'mape': 2.605139970779419, 'mse': 0.2854286730289459, 'rmse': 0.5342552661895752}
[2025-06-04 23:35:59] - Epoch: 13 cost time: 134.30909180641174
[2025-06-04 23:35:59] - Traininng loss : 0.7605010702254924
[2025-06-04 23:36:00] - vali_results: {'mae': 0.7330780625343323, 'mape': 0.9064616560935974, 'mse': 0.8044756650924683, 'rmse': 0.896925687789917}
[2025-06-04 23:36:00] - test_results: {'mae': 0.4226769506931305, 'mape': 3.2343554496765137, 'mse': 0.30894744396209717, 'rmse': 0.5558304190635681}
[2025-06-04 23:36:09] - Epoch: 14 cost time: 144.73004794120789
[2025-06-04 23:36:09] - Traininng loss : 0.7595402556108245
[2025-06-04 23:36:10] - vali_results: {'mae': 0.7050667405128479, 'mape': 0.8888780474662781, 'mse': 0.7552306652069092, 'rmse': 0.8690400719642639}
[2025-06-04 23:36:11] - test_results: {'mae': 0.39850008487701416, 'mape': 3.000760316848755, 'mse': 0.28378593921661377, 'rmse': 0.5327156186103821}
[2025-06-04 23:36:20] - Epoch: 15 cost time: 155.07575607299805
[2025-06-04 23:36:20] - Traininng loss : 0.7572346329689026
[2025-06-04 23:36:21] - vali_results: {'mae': 0.771497368812561, 'mape': 0.9600449800491333, 'mse': 0.8928626179695129, 'rmse': 0.9449141025543213}
[2025-06-04 23:36:21] - test_results: {'mae': 0.4169197976589203, 'mape': 3.0340802669525146, 'mse': 0.304159015417099, 'rmse': 0.5515061616897583}
[2025-06-04 23:36:30] - Epoch: 16 cost time: 165.70473313331604
[2025-06-04 23:36:30] - Traininng loss : 0.7547501739880718
[2025-06-04 23:36:31] - vali_results: {'mae': 0.7738772630691528, 'mape': 0.9520872235298157, 'mse': 0.8957463502883911, 'rmse': 0.9464387893676758}
[2025-06-04 23:36:32] - test_results: {'mae': 0.4109325408935547, 'mape': 2.913684129714966, 'mse': 0.2976717948913574, 'rmse': 0.5455930829048157}
[2025-06-04 23:36:32] - loss no decreased for 5 epochs,  early stopping ....
[2025-06-04 23:36:32] - test_results: {'mae': 0.40733903646469116, 'mape': 3.278604030609131, 'mse': 0.2932725250720978, 'rmse': 0.5415464043617249}
