[2025-06-04 15:21:50] - run : 1 in seed: 3
[2025-06-04 15:21:50] - +-----------------------------------+------------+
|              Modules              | Parameters |
+-----------------------------------+------------+
|     fm.Linear_Seasonal.weight     |   69120    |
|      fm.Linear_Seasonal.bias      |    720     |
|       fm.Linear_Trend.weight      |   69120    |
|        fm.Linear_Trend.bias       |    720     |
|             nm.weight             |     14     |
| nm.model_freq.model_freq.0.weight |    6144    |
|  nm.model_freq.model_freq.0.bias  |     64     |
|  nm.model_freq.model_all.0.weight |   20480    |
|   nm.model_freq.model_all.0.bias  |    128     |
|  nm.model_freq.model_all.2.weight |   92160    |
|   nm.model_freq.model_all.2.bias  |    720     |
| nm.model_pred.model_freq.0.weight |   24576    |
|  nm.model_pred.model_freq.0.bias  |    256     |
|  nm.model_pred.model_all.0.weight |   180224   |
|   nm.model_pred.model_all.0.bias  |    512     |
|  nm.model_pred.model_all.2.weight |   368640   |
|   nm.model_pred.model_all.2.bias  |    720     |
+-----------------------------------+------------+
[2025-06-04 15:21:50] - Total Trainable Params: 834318
[2025-06-04 15:21:50] - model parameters: 834318
[2025-06-04 15:22:13] - Epoch: 1 cost time: 23.711297273635864
[2025-06-04 15:22:13] - Traininng loss : 1.354799784468801
[2025-06-04 15:22:15] - vali_results: {'mae': 0.4977739751338959, 'mape': 4.072011947631836, 'mse': 0.4472084939479828, 'rmse': 0.6687365174293518}
[2025-06-04 15:22:16] - test_results: {'mae': 0.32406485080718994, 'mape': 12.480006217956543, 'mse': 0.18855531513690948, 'rmse': 0.4342295527458191}
[2025-06-04 15:22:40] - Epoch: 2 cost time: 50.29604387283325
[2025-06-04 15:22:40] - Traininng loss : 1.247263057848041
[2025-06-04 15:22:42] - vali_results: {'mae': 0.46732574701309204, 'mape': 4.22884464263916, 'mse': 0.39953306317329407, 'rmse': 0.6320862770080566}
[2025-06-04 15:22:43] - test_results: {'mae': 0.30277517437934875, 'mape': 15.328662872314453, 'mse': 0.1687246561050415, 'rmse': 0.4107610583305359}
[2025-06-04 15:23:06] - Epoch: 3 cost time: 76.63500213623047
[2025-06-04 15:23:06] - Traininng loss : 1.2274298133809916
[2025-06-04 15:23:08] - vali_results: {'mae': 0.4866974949836731, 'mape': 3.8177287578582764, 'mse': 0.4270152747631073, 'rmse': 0.6534640789031982}
[2025-06-04 15:23:09] - test_results: {'mae': 0.31373730301856995, 'mape': 12.713305473327637, 'mse': 0.17527692019939423, 'rmse': 0.41866087913513184}
[2025-06-04 15:23:33] - Epoch: 4 cost time: 103.05979704856873
[2025-06-04 15:23:33] - Traininng loss : 1.2151760669906488
[2025-06-04 15:23:35] - vali_results: {'mae': 0.4629761874675751, 'mape': 4.322659015655518, 'mse': 0.39511168003082275, 'rmse': 0.6285790801048279}
[2025-06-04 15:23:36] - test_results: {'mae': 0.2948148846626282, 'mape': 15.441819190979004, 'mse': 0.1628599762916565, 'rmse': 0.403559148311615}
[2025-06-04 15:23:59] - Epoch: 5 cost time: 129.48084473609924
[2025-06-04 15:23:59] - Traininng loss : 1.2045121084103423
[2025-06-04 15:24:01] - vali_results: {'mae': 0.486585408449173, 'mape': 4.121752738952637, 'mse': 0.43336766958236694, 'rmse': 0.6583066582679749}
[2025-06-04 15:24:02] - test_results: {'mae': 0.30996572971343994, 'mape': 13.248788833618164, 'mse': 0.17273660004138947, 'rmse': 0.41561591625213623}
[2025-06-04 15:24:25] - Epoch: 6 cost time: 155.69021940231323
[2025-06-04 15:24:25] - Traininng loss : 1.1912991260544639
[2025-06-04 15:24:27] - vali_results: {'mae': 0.4638628661632538, 'mape': 4.148253917694092, 'mse': 0.39902493357658386, 'rmse': 0.6316841840744019}
[2025-06-04 15:24:28] - test_results: {'mae': 0.29306870698928833, 'mape': 15.166788101196289, 'mse': 0.16050393879413605, 'rmse': 0.4006294310092926}
[2025-06-04 15:24:54] - Epoch: 7 cost time: 183.85812187194824
[2025-06-04 15:24:54] - Traininng loss : 1.1833025767896952
[2025-06-04 15:24:56] - vali_results: {'mae': 0.4565250277519226, 'mape': 4.1167893409729, 'mse': 0.390433669090271, 'rmse': 0.6248469352722168}
[2025-06-04 15:24:57] - test_results: {'mae': 0.28637903928756714, 'mape': 16.062196731567383, 'mse': 0.15773198008537292, 'rmse': 0.39715486764907837}
[2025-06-04 15:25:20] - Epoch: 8 cost time: 210.72019004821777
[2025-06-04 15:25:20] - Traininng loss : 1.1764029904028004
[2025-06-04 15:25:22] - vali_results: {'mae': 0.462458997964859, 'mape': 4.348496913909912, 'mse': 0.40079694986343384, 'rmse': 0.6330852508544922}
[2025-06-04 15:25:23] - test_results: {'mae': 0.2875506579875946, 'mape': 15.78032112121582, 'mse': 0.15736661851406097, 'rmse': 0.3966946303844452}
[2025-06-04 15:25:47] - Epoch: 9 cost time: 237.2339732646942
[2025-06-04 15:25:47] - Traininng loss : 1.171091914846656
[2025-06-04 15:25:49] - vali_results: {'mae': 0.4562171995639801, 'mape': 4.5036396980285645, 'mse': 0.39195331931114197, 'rmse': 0.626061737537384}
[2025-06-04 15:25:50] - test_results: {'mae': 0.28600895404815674, 'mape': 17.132755279541016, 'mse': 0.15942876040935516, 'rmse': 0.39928531646728516}
[2025-06-04 15:26:15] - Epoch: 10 cost time: 265.0744934082031
[2025-06-04 15:26:15] - Traininng loss : 1.166380407267742
[2025-06-04 15:26:17] - vali_results: {'mae': 0.46048903465270996, 'mape': 4.287526607513428, 'mse': 0.39961421489715576, 'rmse': 0.6321504712104797}
[2025-06-04 15:26:18] - test_results: {'mae': 0.2861875295639038, 'mape': 15.796150207519531, 'mse': 0.15769867599010468, 'rmse': 0.3971129357814789}
[2025-06-04 15:26:43] - Epoch: 11 cost time: 293.5842356681824
[2025-06-04 15:26:43] - Traininng loss : 1.1623433275838917
[2025-06-04 15:26:46] - vali_results: {'mae': 0.4722409248352051, 'mape': 3.9739625453948975, 'mse': 0.41467833518981934, 'rmse': 0.6439552307128906}
[2025-06-04 15:26:47] - test_results: {'mae': 0.29693153500556946, 'mape': 14.002324104309082, 'mse': 0.1637067198753357, 'rmse': 0.4046068787574768}
[2025-06-04 15:27:12] - Epoch: 12 cost time: 322.1432144641876
[2025-06-04 15:27:12] - Traininng loss : 1.1581907197833061
[2025-06-04 15:27:14] - vali_results: {'mae': 0.4537288248538971, 'mape': 4.185667037963867, 'mse': 0.3887201249599457, 'rmse': 0.6234742403030396}
[2025-06-04 15:27:15] - test_results: {'mae': 0.2828681468963623, 'mape': 16.22146987915039, 'mse': 0.15718992054462433, 'rmse': 0.3964718282222748}
[2025-06-04 15:27:40] - Epoch: 13 cost time: 350.55858993530273
[2025-06-04 15:27:40] - Traininng loss : 1.1560965210534213
[2025-06-04 15:27:42] - vali_results: {'mae': 0.4572424590587616, 'mape': 4.258114337921143, 'mse': 0.39393335580825806, 'rmse': 0.6276410818099976}
[2025-06-04 15:27:43] - test_results: {'mae': 0.2815312147140503, 'mape': 15.65910530090332, 'mse': 0.15363208949565887, 'rmse': 0.3919593095779419}
[2025-06-04 15:28:08] - Epoch: 14 cost time: 378.6704294681549
[2025-06-04 15:28:08] - Traininng loss : 1.1547690444113163
[2025-06-04 15:28:10] - vali_results: {'mae': 0.4559212327003479, 'mape': 4.234694004058838, 'mse': 0.3929885923862457, 'rmse': 0.6268880367279053}
[2025-06-04 15:28:11] - test_results: {'mae': 0.28103309869766235, 'mape': 16.290985107421875, 'mse': 0.15298022329807281, 'rmse': 0.3911268711090088}
[2025-06-04 15:28:37] - Epoch: 15 cost time: 407.003436088562
[2025-06-04 15:28:37] - Traininng loss : 1.1516927666543575
[2025-06-04 15:28:39] - vali_results: {'mae': 0.4523901343345642, 'mape': 4.138153553009033, 'mse': 0.38562849164009094, 'rmse': 0.6209899187088013}
[2025-06-04 15:28:40] - test_results: {'mae': 0.28281736373901367, 'mape': 16.504016876220703, 'mse': 0.15688613057136536, 'rmse': 0.39608854055404663}
[2025-06-04 15:29:05] - Epoch: 16 cost time: 435.339072227478
[2025-06-04 15:29:05] - Traininng loss : 1.1495041897457636
[2025-06-04 15:29:07] - vali_results: {'mae': 0.4630451500415802, 'mape': 4.009377956390381, 'mse': 0.40131843090057373, 'rmse': 0.6334969997406006}
[2025-06-04 15:29:08] - test_results: {'mae': 0.2895224690437317, 'mape': 14.94529914855957, 'mse': 0.1592232882976532, 'rmse': 0.399027943611145}
[2025-06-04 15:29:33] - Epoch: 17 cost time: 463.60907888412476
[2025-06-04 15:29:33] - Traininng loss : 1.146092856533072
[2025-06-04 15:29:36] - vali_results: {'mae': 0.45254233479499817, 'mape': 4.353525161743164, 'mse': 0.38790327310562134, 'rmse': 0.6228188276290894}
[2025-06-04 15:29:36] - test_results: {'mae': 0.2794184982776642, 'mape': 16.91496467590332, 'mse': 0.15433351695537567, 'rmse': 0.3928530514240265}
[2025-06-04 15:30:02] - Epoch: 18 cost time: 491.8105146884918
[2025-06-04 15:30:02] - Traininng loss : 1.1445665451582898
[2025-06-04 15:30:04] - vali_results: {'mae': 0.44926851987838745, 'mape': 4.289083003997803, 'mse': 0.383146196603775, 'rmse': 0.618988037109375}
[2025-06-04 15:30:05] - test_results: {'mae': 0.2783963978290558, 'mape': 17.484373092651367, 'mse': 0.1557532250881195, 'rmse': 0.39465582370758057}
[2025-06-04 15:30:30] - Epoch: 19 cost time: 520.1634654998779
[2025-06-04 15:30:30] - Traininng loss : 1.144677808194348
[2025-06-04 15:30:32] - vali_results: {'mae': 0.4585621953010559, 'mape': 4.05415153503418, 'mse': 0.39542606472969055, 'rmse': 0.6288291215896606}
[2025-06-04 15:30:33] - test_results: {'mae': 0.28300249576568604, 'mape': 15.322317123413086, 'mse': 0.15385761857032776, 'rmse': 0.39224687218666077}
[2025-06-04 15:30:58] - Epoch: 20 cost time: 548.0120620727539
[2025-06-04 15:30:58] - Traininng loss : 1.1413698099302443
[2025-06-04 15:31:00] - vali_results: {'mae': 0.4491477310657501, 'mape': 4.397617340087891, 'mse': 0.3841787576675415, 'rmse': 0.6198215484619141}
[2025-06-04 15:31:01] - test_results: {'mae': 0.2783667743206024, 'mape': 18.074453353881836, 'mse': 0.15609748661518097, 'rmse': 0.3950917422771454}
[2025-06-04 15:31:26] - Epoch: 21 cost time: 576.6015207767487
[2025-06-04 15:31:26] - Traininng loss : 1.1402545747127426
[2025-06-04 15:31:28] - vali_results: {'mae': 0.4551306962966919, 'mape': 4.366614818572998, 'mse': 0.39372801780700684, 'rmse': 0.6274775266647339}
[2025-06-04 15:31:30] - test_results: {'mae': 0.2791062891483307, 'mape': 16.64870262145996, 'mse': 0.1525510549545288, 'rmse': 0.39057785272598267}
[2025-06-04 15:31:54] - Epoch: 22 cost time: 604.5601336956024
[2025-06-04 15:31:54] - Traininng loss : 1.1384252577685239
[2025-06-04 15:31:56] - vali_results: {'mae': 0.46176260709762573, 'mape': 3.891944408416748, 'mse': 0.3977062702178955, 'rmse': 0.6306395530700684}
[2025-06-04 15:31:57] - test_results: {'mae': 0.28999122977256775, 'mape': 14.972089767456055, 'mse': 0.1589319109916687, 'rmse': 0.39866265654563904}
[2025-06-04 15:32:22] - Epoch: 23 cost time: 631.8507480621338
[2025-06-04 15:32:22] - Traininng loss : 1.1392049121387888
[2025-06-04 15:32:24] - vali_results: {'mae': 0.4492078423500061, 'mape': 4.281805992126465, 'mse': 0.3818384110927582, 'rmse': 0.6179307699203491}
[2025-06-04 15:32:25] - test_results: {'mae': 0.2801095247268677, 'mape': 17.255615234375, 'mse': 0.15669086575508118, 'rmse': 0.39584195613861084}
[2025-06-04 15:32:50] - Epoch: 24 cost time: 660.5017614364624
[2025-06-04 15:32:50] - Traininng loss : 1.135142696874865
[2025-06-04 15:32:52] - vali_results: {'mae': 0.46119722723960876, 'mape': 3.933278799057007, 'mse': 0.39824378490448, 'rmse': 0.6310656070709229}
[2025-06-04 15:32:53] - test_results: {'mae': 0.2880648076534271, 'mape': 15.28825855255127, 'mse': 0.15734915435314178, 'rmse': 0.3966726064682007}
[2025-06-04 16:20:18] - Epoch: 25 cost time: 3508.485253572464
[2025-06-04 16:20:18] - Traininng loss : 1.1354455577858378
[2025-06-04 16:20:20] - vali_results: {'mae': 0.46711838245391846, 'mape': 3.880195140838623, 'mse': 0.40713298320770264, 'rmse': 0.638069748878479}
[2025-06-04 16:20:21] - test_results: {'mae': 0.2918865978717804, 'mape': 14.010844230651855, 'mse': 0.15847064554691315, 'rmse': 0.39808371663093567}
[2025-06-04 16:20:46] - Epoch: 26 cost time: 3536.54141163826
[2025-06-04 16:20:46] - Traininng loss : 1.133025623606832
[2025-06-04 16:20:48] - vali_results: {'mae': 0.4562510550022125, 'mape': 3.9379351139068604, 'mse': 0.3899244964122772, 'rmse': 0.6244393587112427}
[2025-06-04 16:20:50] - test_results: {'mae': 0.2839582562446594, 'mape': 15.761453628540039, 'mse': 0.15535995364189148, 'rmse': 0.3941572606563568}
[2025-06-04 16:21:15] - Epoch: 27 cost time: 3564.9468467235565
[2025-06-04 16:21:15] - Traininng loss : 1.1350947047552367
[2025-06-04 16:21:17] - vali_results: {'mae': 0.45204660296440125, 'mape': 4.4806437492370605, 'mse': 0.38958609104156494, 'rmse': 0.624168336391449}
[2025-06-04 16:21:18] - test_results: {'mae': 0.2783016264438629, 'mape': 17.429340362548828, 'mse': 0.1537398099899292, 'rmse': 0.39209669828414917}
[2025-06-04 16:21:43] - Epoch: 28 cost time: 3592.7350010871887
[2025-06-04 16:21:43] - Traininng loss : 1.1306807665007839
[2025-06-04 16:21:44] - vali_results: {'mae': 0.451754093170166, 'mape': 3.9869606494903564, 'mse': 0.3846718966960907, 'rmse': 0.6202192306518555}
[2025-06-04 16:21:45] - test_results: {'mae': 0.2815375030040741, 'mape': 16.29999351501465, 'mse': 0.15544675290584564, 'rmse': 0.39426735043525696}
[2025-06-04 16:21:45] - loss no decreased for 5 epochs,  early stopping ....
[2025-06-04 16:21:46] - test_results: {'mae': 0.2801095247268677, 'mape': 17.255615234375, 'mse': 0.15669086575508118, 'rmse': 0.39584195613861084}
