[2025-05-28 20:09:42] - run : 0 in seed: 1
[2025-05-28 20:09:42] - +-----------------------------------+------------+
|              Modules              | Parameters |
+-----------------------------------+------------+
|     fm.Linear_Seasonal.weight     |    9216    |
|      fm.Linear_Seasonal.bias      |     96     |
|       fm.Linear_Trend.weight      |    9216    |
|        fm.Linear_Trend.bias       |     96     |
|             nm.weight             |     14     |
| nm.model_freq.model_freq.0.weight |    6144    |
|  nm.model_freq.model_freq.0.bias  |     64     |
|  nm.model_freq.model_all.0.weight |   20480    |
|   nm.model_freq.model_all.0.bias  |    128     |
|  nm.model_freq.model_all.2.weight |   12288    |
|   nm.model_freq.model_all.2.bias  |     96     |
| nm.model_pred.model_freq.0.weight |   24576    |
|  nm.model_pred.model_freq.0.bias  |    256     |
|  nm.model_pred.model_all.0.weight |   180224   |
|   nm.model_pred.model_all.0.bias  |    512     |
|  nm.model_pred.model_all.2.weight |   49152    |
|   nm.model_pred.model_all.2.bias  |     96     |
+-----------------------------------+------------+
[2025-05-28 20:09:42] - Total Trainable Params: 312654
[2025-05-28 20:09:42] - model parameters: 312654
[2025-05-28 20:09:51] - Epoch: 1 cost time: 9.644355297088623
[2025-05-28 20:09:51] - Traininng loss : 0.9090323229419425
[2025-05-28 20:09:53] - vali_results: {'mae': 0.4295545518398285, 'mape': 4.9509382247924805, 'mse': 0.3973945677280426, 'rmse': 0.6303923726081848}
[2025-05-28 20:09:54] - test_results: {'mae': 0.43915608525276184, 'mape': 7.483758449554443, 'mse': 0.37961506843566895, 'rmse': 0.6161291003227234}
[2025-05-28 20:10:04] - Epoch: 2 cost time: 22.012727975845337
[2025-05-28 20:10:04] - Traininng loss : 0.7575449935616331
[2025-05-28 20:10:05] - vali_results: {'mae': 0.42298197746276855, 'mape': 5.056363582611084, 'mse': 0.38956716656684875, 'rmse': 0.6241531372070312}
[2025-05-28 20:10:06] - test_results: {'mae': 0.42857804894447327, 'mape': 7.437719345092773, 'mse': 0.36699825525283813, 'rmse': 0.6058037877082825}
[2025-05-28 20:10:16] - Epoch: 3 cost time: 34.516749143600464
[2025-05-28 20:10:16] - Traininng loss : 0.7441803785239128
[2025-05-28 20:10:18] - vali_results: {'mae': 0.4245201647281647, 'mape': 5.184893608093262, 'mse': 0.38812148571014404, 'rmse': 0.6229939460754395}
[2025-05-28 20:10:19] - test_results: {'mae': 0.42555293440818787, 'mape': 7.332666873931885, 'mse': 0.3635264039039612, 'rmse': 0.6029314994812012}
[2025-05-28 20:10:29] - Epoch: 4 cost time: 46.99478507041931
[2025-05-28 20:10:29] - Traininng loss : 0.7346346841213551
[2025-05-28 20:10:30] - vali_results: {'mae': 0.4194946885108948, 'mape': 5.005387306213379, 'mse': 0.3849959969520569, 'rmse': 0.620480477809906}
[2025-05-28 20:10:31] - test_results: {'mae': 0.42888182401657104, 'mape': 6.89204740524292, 'mse': 0.36723726987838745, 'rmse': 0.6060010194778442}
[2025-05-28 20:10:41] - Epoch: 5 cost time: 59.671736001968384
[2025-05-28 20:10:41] - Traininng loss : 0.7290145946626968
[2025-05-28 20:10:43] - vali_results: {'mae': 0.42269712686538696, 'mape': 5.102445602416992, 'mse': 0.3868865668773651, 'rmse': 0.6220020651817322}
[2025-05-28 20:10:44] - test_results: {'mae': 0.4300055205821991, 'mape': 6.8327765464782715, 'mse': 0.3679715692996979, 'rmse': 0.6066066026687622}
[2025-05-28 20:10:54] - Epoch: 6 cost time: 72.1650161743164
[2025-05-28 20:10:54] - Traininng loss : 0.7247628204207471
[2025-05-28 20:10:55] - vali_results: {'mae': 0.42169591784477234, 'mape': 5.234957695007324, 'mse': 0.38411012291908264, 'rmse': 0.6197661757469177}
[2025-05-28 20:10:56] - test_results: {'mae': 0.42604583501815796, 'mape': 7.299049377441406, 'mse': 0.3629234731197357, 'rmse': 0.6024312973022461}
[2025-05-28 20:11:06] - Epoch: 7 cost time: 84.42626929283142
[2025-05-28 20:11:06] - Traininng loss : 0.7221399798513727
[2025-05-28 20:11:08] - vali_results: {'mae': 0.4192044734954834, 'mape': 5.316167831420898, 'mse': 0.3818361759185791, 'rmse': 0.6179289221763611}
[2025-05-28 20:11:09] - test_results: {'mae': 0.4258286952972412, 'mape': 7.455453872680664, 'mse': 0.3630441725254059, 'rmse': 0.6025314927101135}
[2025-05-28 20:11:18] - Epoch: 8 cost time: 96.50906109809875
[2025-05-28 20:11:18] - Traininng loss : 0.7196419928619202
[2025-05-28 20:11:20] - vali_results: {'mae': 0.41995424032211304, 'mape': 5.381832599639893, 'mse': 0.38419032096862793, 'rmse': 0.6198309063911438}
[2025-05-28 20:11:21] - test_results: {'mae': 0.4265010356903076, 'mape': 7.177494525909424, 'mse': 0.3638479709625244, 'rmse': 0.6031981110572815}
[2025-05-28 20:11:31] - Epoch: 9 cost time: 109.193692445755
[2025-05-28 20:11:31] - Traininng loss : 0.7162292837462527
[2025-05-28 20:11:33] - vali_results: {'mae': 0.4192688763141632, 'mape': 5.1932830810546875, 'mse': 0.38344061374664307, 'rmse': 0.619225800037384}
[2025-05-28 20:11:34] - test_results: {'mae': 0.42814624309539795, 'mape': 6.698304176330566, 'mse': 0.3656291663646698, 'rmse': 0.6046727895736694}
[2025-05-28 20:11:43] - Epoch: 10 cost time: 121.75284099578857
[2025-05-28 20:11:43] - Traininng loss : 0.7127885122565513
[2025-05-28 20:11:45] - vali_results: {'mae': 0.4204425513744354, 'mape': 5.3336005210876465, 'mse': 0.38533324003219604, 'rmse': 0.6207521557807922}
[2025-05-28 20:11:46] - test_results: {'mae': 0.43045559525489807, 'mape': 6.683899879455566, 'mse': 0.3687371015548706, 'rmse': 0.6072372794151306}
[2025-05-28 20:11:56] - Epoch: 11 cost time: 134.37529063224792
[2025-05-28 20:11:56] - Traininng loss : 0.7098893077766641
[2025-05-28 20:11:58] - vali_results: {'mae': 0.4191657602787018, 'mape': 5.4206132888793945, 'mse': 0.38242822885513306, 'rmse': 0.6184078454971313}
[2025-05-28 20:11:59] - test_results: {'mae': 0.4245304763317108, 'mape': 7.029447555541992, 'mse': 0.36108559370040894, 'rmse': 0.6009039878845215}
[2025-05-28 20:12:08] - Epoch: 12 cost time: 146.81164693832397
[2025-05-28 20:12:08] - Traininng loss : 0.706634779718328
[2025-05-28 20:12:10] - vali_results: {'mae': 0.4192236661911011, 'mape': 5.257552146911621, 'mse': 0.38121190667152405, 'rmse': 0.6174235939979553}
[2025-05-28 20:12:11] - test_results: {'mae': 0.42776015400886536, 'mape': 6.688597679138184, 'mse': 0.3645646572113037, 'rmse': 0.6037918925285339}
[2025-05-28 20:12:21] - Epoch: 13 cost time: 159.06155276298523
[2025-05-28 20:12:21] - Traininng loss : 0.70545719032909
[2025-05-28 20:12:22] - vali_results: {'mae': 0.4175703525543213, 'mape': 5.387389659881592, 'mse': 0.38205617666244507, 'rmse': 0.6181069016456604}
[2025-05-28 20:12:23] - test_results: {'mae': 0.42761385440826416, 'mape': 6.870213031768799, 'mse': 0.3654705882072449, 'rmse': 0.6045416593551636}
[2025-05-28 20:12:33] - Epoch: 14 cost time: 171.28981614112854
[2025-05-28 20:12:33] - Traininng loss : 0.7046352055003035
[2025-05-28 20:12:35] - vali_results: {'mae': 0.4176534116268158, 'mape': 5.275867938995361, 'mse': 0.38161778450012207, 'rmse': 0.617752194404602}
[2025-05-28 20:12:36] - test_results: {'mae': 0.4284352660179138, 'mape': 6.834959983825684, 'mse': 0.3660235106945038, 'rmse': 0.604998767375946}
[2025-05-28 20:12:45] - Epoch: 15 cost time: 183.3599991798401
[2025-05-28 20:12:45] - Traininng loss : 0.7019763606342864
[2025-05-28 20:12:47] - vali_results: {'mae': 0.42082032561302185, 'mape': 5.075977325439453, 'mse': 0.38365212082862854, 'rmse': 0.6193965673446655}
[2025-05-28 20:12:48] - test_results: {'mae': 0.4326324164867401, 'mape': 6.40720796585083, 'mse': 0.3695192039012909, 'rmse': 0.6078808903694153}
[2025-05-28 20:12:57] - Epoch: 16 cost time: 195.8782615661621
[2025-05-28 20:12:57] - Traininng loss : 0.7008593356672753
[2025-05-28 20:12:59] - vali_results: {'mae': 0.4249369502067566, 'mape': 5.2261834144592285, 'mse': 0.3854869604110718, 'rmse': 0.6208759546279907}
[2025-05-28 20:13:00] - test_results: {'mae': 0.4325229525566101, 'mape': 6.357176780700684, 'mse': 0.36921966075897217, 'rmse': 0.6076344847679138}
[2025-05-28 20:13:10] - Epoch: 17 cost time: 208.4339039325714
[2025-05-28 20:13:10] - Traininng loss : 0.6978551774741487
[2025-05-28 20:13:12] - vali_results: {'mae': 0.42133763432502747, 'mape': 5.355098724365234, 'mse': 0.3838605582714081, 'rmse': 0.6195648312568665}
[2025-05-28 20:13:13] - test_results: {'mae': 0.4263697862625122, 'mape': 6.515620708465576, 'mse': 0.3627495765686035, 'rmse': 0.6022869348526001}
[2025-05-28 20:13:13] - loss no decreased for 5 epochs,  early stopping ....
[2025-05-28 20:13:14] - test_results: {'mae': 0.42776015400886536, 'mape': 6.688597679138184, 'mse': 0.3645646572113037, 'rmse': 0.6037918925285339}
