[2025-06-05 16:20:03] - run : 1 in seed: 3
[2025-06-05 16:20:03] - +-----------------------------------+------------+
|              Modules              | Parameters |
+-----------------------------------+------------+
|     fm.Linear_Seasonal.weight     |   16128    |
|      fm.Linear_Seasonal.bias      |    168     |
|       fm.Linear_Trend.weight      |   16128    |
|        fm.Linear_Trend.bias       |    168     |
|             nm.weight             |     14     |
| nm.model_freq.model_freq.0.weight |    6144    |
|  nm.model_freq.model_freq.0.bias  |     64     |
|  nm.model_freq.model_all.0.weight |   20480    |
|   nm.model_freq.model_all.0.bias  |    128     |
|  nm.model_freq.model_all.2.weight |   21504    |
|   nm.model_freq.model_all.2.bias  |    168     |
| nm.model_pred.model_freq.0.weight |   24576    |
|  nm.model_pred.model_freq.0.bias  |    256     |
|  nm.model_pred.model_all.0.weight |   180224   |
|   nm.model_pred.model_all.0.bias  |    512     |
|  nm.model_pred.model_all.2.weight |   86016    |
|   nm.model_pred.model_all.2.bias  |    168     |
+-----------------------------------+------------+
[2025-06-05 16:20:03] - Total Trainable Params: 372846
[2025-06-05 16:20:03] - model parameters: 372846
[2025-06-05 16:20:48] - Epoch: 1 cost time: 45.057652711868286
[2025-06-05 16:20:48] - Traininng loss : 0.4426259965726083
[2025-06-05 16:20:55] - vali_results: {'mae': 0.3032193183898926, 'mape': 1.6297543048858643, 'mse': 0.19711506366729736, 'rmse': 0.44397643208503723}
[2025-06-05 16:20:59] - test_results: {'mae': 0.2258213758468628, 'mape': 2.0559909343719482, 'mse': 0.09593970328569412, 'rmse': 0.309741348028183}
[2025-06-05 16:21:45] - Epoch: 2 cost time: 102.03032612800598
[2025-06-05 16:21:45] - Traininng loss : 0.3960628088320567
[2025-06-05 16:21:52] - vali_results: {'mae': 0.29192298650741577, 'mape': 1.705747127532959, 'mse': 0.18997740745544434, 'rmse': 0.4358639717102051}
[2025-06-05 16:21:55] - test_results: {'mae': 0.22072167694568634, 'mape': 2.140226125717163, 'mse': 0.0939517542719841, 'rmse': 0.30651551485061646}
[2025-06-05 16:22:40] - Epoch: 3 cost time: 156.8407745361328
[2025-06-05 16:22:40] - Traininng loss : 0.3906504289445393
[2025-06-05 16:22:47] - vali_results: {'mae': 0.2922317087650299, 'mape': 1.763289451599121, 'mse': 0.19020965695381165, 'rmse': 0.4361303150653839}
[2025-06-05 16:22:50] - test_results: {'mae': 0.22158750891685486, 'mape': 2.210596799850464, 'mse': 0.09475335478782654, 'rmse': 0.30782032012939453}
[2025-06-05 16:23:35] - Epoch: 4 cost time: 212.36215686798096
[2025-06-05 16:23:35] - Traininng loss : 0.38654157374945614
[2025-06-05 16:23:42] - vali_results: {'mae': 0.29083195328712463, 'mape': 1.7143810987472534, 'mse': 0.18988938629627228, 'rmse': 0.43576300144195557}
[2025-06-05 16:23:46] - test_results: {'mae': 0.2192392498254776, 'mape': 2.1727566719055176, 'mse': 0.09342945367097855, 'rmse': 0.3056623339653015}
[2025-06-05 16:24:31] - Epoch: 5 cost time: 268.43697714805603
[2025-06-05 16:24:31] - Traininng loss : 0.3848321954808741
[2025-06-05 16:24:38] - vali_results: {'mae': 0.2877442240715027, 'mape': 1.7453685998916626, 'mse': 0.18730463087558746, 'rmse': 0.43278706073760986}
[2025-06-05 16:24:42] - test_results: {'mae': 0.21892549097537994, 'mape': 2.1938838958740234, 'mse': 0.0932919904589653, 'rmse': 0.3054373860359192}
[2025-06-05 16:25:26] - Epoch: 6 cost time: 322.8778910636902
[2025-06-05 16:25:26] - Traininng loss : 0.3826534686783229
[2025-06-05 16:25:33] - vali_results: {'mae': 0.28913065791130066, 'mape': 1.7392830848693848, 'mse': 0.18874207139015198, 'rmse': 0.4344445466995239}
[2025-06-05 16:25:37] - test_results: {'mae': 0.21926577389240265, 'mape': 2.1783409118652344, 'mse': 0.09364750236272812, 'rmse': 0.30601879954338074}
[2025-06-05 16:26:20] - Epoch: 7 cost time: 377.4967393875122
[2025-06-05 16:26:20] - Traininng loss : 0.38192699491073995
[2025-06-05 16:26:27] - vali_results: {'mae': 0.30293235182762146, 'mape': 1.6502479314804077, 'mse': 0.1966916173696518, 'rmse': 0.44349929690361023}
[2025-06-05 16:26:30] - test_results: {'mae': 0.22474391758441925, 'mape': 2.133517265319824, 'mse': 0.09518371522426605, 'rmse': 0.30851858854293823}
[2025-06-05 16:27:14] - Epoch: 8 cost time: 430.6975607872009
[2025-06-05 16:27:14] - Traininng loss : 0.3809676666989009
[2025-06-05 16:27:20] - vali_results: {'mae': 0.28998714685440063, 'mape': 1.788028359413147, 'mse': 0.18981100618839264, 'rmse': 0.4356730580329895}
[2025-06-05 16:27:24] - test_results: {'mae': 0.22143146395683289, 'mape': 2.2944271564483643, 'mse': 0.0952753871679306, 'rmse': 0.3086671233177185}
[2025-06-05 16:28:10] - Epoch: 9 cost time: 486.9730725288391
[2025-06-05 16:28:10] - Traininng loss : 0.38014413651150153
[2025-06-05 16:28:16] - vali_results: {'mae': 0.30062544345855713, 'mape': 1.6281193494796753, 'mse': 0.19225777685642242, 'rmse': 0.43847209215164185}
[2025-06-05 16:28:20] - test_results: {'mae': 0.22450308501720428, 'mape': 2.008967876434326, 'mse': 0.09509710967540741, 'rmse': 0.3083781898021698}
[2025-06-05 16:29:06] - Epoch: 10 cost time: 543.5182967185974
[2025-06-05 16:29:06] - Traininng loss : 0.37956538783655247
[2025-06-05 16:29:13] - vali_results: {'mae': 0.28972408175468445, 'mape': 1.700705647468567, 'mse': 0.18737231194972992, 'rmse': 0.4328652322292328}
[2025-06-05 16:29:17] - test_results: {'mae': 0.22067180275917053, 'mape': 2.122926950454712, 'mse': 0.09398544579744339, 'rmse': 0.30657047033309937}
[2025-06-05 16:29:17] - loss no decreased for 5 epochs,  early stopping ....
[2025-06-05 16:29:21] - test_results: {'mae': 0.21892549097537994, 'mape': 2.1938838958740234, 'mse': 0.0932919904589653, 'rmse': 0.3054373860359192}
