[2025-06-05 15:40:33] - run : 2 in seed: 4
[2025-06-05 15:40:33] - +-----------------------------------+------------+
|              Modules              | Parameters |
+-----------------------------------+------------+
|     fm.Linear_Seasonal.weight     |    9216    |
|      fm.Linear_Seasonal.bias      |     96     |
|       fm.Linear_Trend.weight      |    9216    |
|        fm.Linear_Trend.bias       |     96     |
|             nm.weight             |     14     |
| nm.model_freq.model_freq.0.weight |    6144    |
|  nm.model_freq.model_freq.0.bias  |     64     |
|  nm.model_freq.model_all.0.weight |   20480    |
|   nm.model_freq.model_all.0.bias  |    128     |
|  nm.model_freq.model_all.2.weight |   12288    |
|   nm.model_freq.model_all.2.bias  |     96     |
| nm.model_pred.model_freq.0.weight |   24576    |
|  nm.model_pred.model_freq.0.bias  |    256     |
|  nm.model_pred.model_all.0.weight |   180224   |
|   nm.model_pred.model_all.0.bias  |    512     |
|  nm.model_pred.model_all.2.weight |   49152    |
|   nm.model_pred.model_all.2.bias  |     96     |
+-----------------------------------+------------+
[2025-06-05 15:40:33] - Total Trainable Params: 312654
[2025-06-05 15:40:33] - model parameters: 312654
[2025-06-05 15:41:12] - Epoch: 1 cost time: 39.07691502571106
[2025-06-05 15:41:12] - Traininng loss : 0.3476548838803767
[2025-06-05 15:41:20] - vali_results: {'mae': 0.27021557092666626, 'mape': 1.5570814609527588, 'mse': 0.15747377276420593, 'rmse': 0.39682966470718384}
[2025-06-05 15:41:23] - test_results: {'mae': 0.20989377796649933, 'mape': 1.99819016456604, 'mse': 0.08369763195514679, 'rmse': 0.2893054187297821}
[2025-06-05 15:42:00] - Epoch: 2 cost time: 86.85530686378479
[2025-06-05 15:42:00] - Traininng loss : 0.3004394748577403
[2025-06-05 15:42:07] - vali_results: {'mae': 0.2692175805568695, 'mape': 1.5632468461990356, 'mse': 0.15455952286720276, 'rmse': 0.393140584230423}
[2025-06-05 15:42:10] - test_results: {'mae': 0.20645098388195038, 'mape': 1.9617416858673096, 'mse': 0.08164098858833313, 'rmse': 0.2857288718223572}
[2025-06-05 15:42:48] - Epoch: 3 cost time: 134.52689051628113
[2025-06-05 15:42:48] - Traininng loss : 0.29367131186088813
[2025-06-05 15:42:55] - vali_results: {'mae': 0.26387712359428406, 'mape': 1.5749109983444214, 'mse': 0.1504499614238739, 'rmse': 0.38787880539894104}
[2025-06-05 15:42:58] - test_results: {'mae': 0.2036626636981964, 'mape': 1.9512721300125122, 'mse': 0.07989553362131119, 'rmse': 0.2826579809188843}
[2025-06-05 15:43:34] - Epoch: 4 cost time: 181.07955050468445
[2025-06-05 15:43:34] - Traininng loss : 0.29027763229302467
[2025-06-05 15:43:41] - vali_results: {'mae': 0.2569775879383087, 'mape': 1.6009145975112915, 'mse': 0.1487387865781784, 'rmse': 0.3856666684150696}
[2025-06-05 15:43:45] - test_results: {'mae': 0.20148655772209167, 'mape': 2.0182571411132812, 'mse': 0.07958979159593582, 'rmse': 0.2821166217327118}
[2025-06-05 15:44:21] - Epoch: 5 cost time: 227.91841578483582
[2025-06-05 15:44:21] - Traininng loss : 0.2890313269375499
[2025-06-05 15:44:28] - vali_results: {'mae': 0.27389949560165405, 'mape': 1.5027085542678833, 'mse': 0.15743911266326904, 'rmse': 0.3967859745025635}
[2025-06-05 15:44:32] - test_results: {'mae': 0.20787717401981354, 'mape': 1.8895468711853027, 'mse': 0.08171838521957397, 'rmse': 0.2858642637729645}
[2025-06-05 15:45:12] - Epoch: 6 cost time: 278.2537884712219
[2025-06-05 15:45:12] - Traininng loss : 0.2874246460972372
[2025-06-05 15:45:18] - vali_results: {'mae': 0.25743916630744934, 'mape': 1.5843725204467773, 'mse': 0.14914758503437042, 'rmse': 0.3861963152885437}
[2025-06-05 15:45:21] - test_results: {'mae': 0.20085878670215607, 'mape': 1.9980413913726807, 'mse': 0.07885541766881943, 'rmse': 0.2808120548725128}
[2025-06-05 15:45:59] - Epoch: 7 cost time: 325.634122133255
[2025-06-05 15:45:59] - Traininng loss : 0.28616655785700773
[2025-06-05 15:46:06] - vali_results: {'mae': 0.25691887736320496, 'mape': 1.5660922527313232, 'mse': 0.148420050740242, 'rmse': 0.3852532207965851}
[2025-06-05 15:46:10] - test_results: {'mae': 0.20043042302131653, 'mape': 1.9630182981491089, 'mse': 0.07859420031309128, 'rmse': 0.2803465723991394}
[2025-06-05 15:46:45] - Epoch: 8 cost time: 371.430047750473
[2025-06-05 15:46:45] - Traininng loss : 0.2851086102568295
[2025-06-05 15:46:51] - vali_results: {'mae': 0.2588268220424652, 'mape': 1.569403052330017, 'mse': 0.14872772991657257, 'rmse': 0.3856523334980011}
[2025-06-05 15:46:54] - test_results: {'mae': 0.20115137100219727, 'mape': 1.9677640199661255, 'mse': 0.07872498780488968, 'rmse': 0.28057974576950073}
[2025-06-05 15:47:31] - Epoch: 9 cost time: 418.0135385990143
[2025-06-05 15:47:31] - Traininng loss : 0.2849022175152887
[2025-06-05 15:47:38] - vali_results: {'mae': 0.25413447618484497, 'mape': 1.6150072813034058, 'mse': 0.14713941514492035, 'rmse': 0.3835875689983368}
[2025-06-05 15:47:42] - test_results: {'mae': 0.19964082539081573, 'mape': 2.009352684020996, 'mse': 0.07843614369630814, 'rmse': 0.28006452322006226}
[2025-06-05 15:48:19] - Epoch: 10 cost time: 465.17142128944397
[2025-06-05 15:48:19] - Traininng loss : 0.28383854031562805
[2025-06-05 15:48:25] - vali_results: {'mae': 0.25547176599502563, 'mape': 1.54006028175354, 'mse': 0.14792375266551971, 'rmse': 0.38460856676101685}
[2025-06-05 15:48:28] - test_results: {'mae': 0.19881387054920197, 'mape': 1.9333840608596802, 'mse': 0.0774434432387352, 'rmse': 0.2782866060733795}
[2025-06-05 15:49:05] - Epoch: 11 cost time: 511.51472306251526
[2025-06-05 15:49:05] - Traininng loss : 0.2838363846012289
[2025-06-05 15:49:12] - vali_results: {'mae': 0.2553171217441559, 'mape': 1.5884419679641724, 'mse': 0.14738871157169342, 'rmse': 0.3839123845100403}
[2025-06-05 15:49:15] - test_results: {'mae': 0.20016777515411377, 'mape': 1.9887268543243408, 'mse': 0.07888028025627136, 'rmse': 0.28085634112358093}
[2025-06-05 15:49:54] - Epoch: 12 cost time: 560.124356508255
[2025-06-05 15:49:54] - Traininng loss : 0.28306199244816416
[2025-06-05 15:50:00] - vali_results: {'mae': 0.2547752559185028, 'mape': 1.6406229734420776, 'mse': 0.14719313383102417, 'rmse': 0.3836575746536255}
[2025-06-05 15:50:04] - test_results: {'mae': 0.20105701684951782, 'mape': 2.027462959289551, 'mse': 0.07940129935741425, 'rmse': 0.2817823588848114}
[2025-06-05 15:50:42] - Epoch: 13 cost time: 608.4718964099884
[2025-06-05 15:50:42] - Traininng loss : 0.282880790095097
[2025-06-05 15:50:49] - vali_results: {'mae': 0.25712692737579346, 'mape': 1.5731313228607178, 'mse': 0.14775195717811584, 'rmse': 0.3843851685523987}
[2025-06-05 15:50:52] - test_results: {'mae': 0.2006923258304596, 'mape': 1.9745094776153564, 'mse': 0.07869772613048553, 'rmse': 0.2805311381816864}
[2025-06-05 15:51:32] - Epoch: 14 cost time: 658.8222258090973
[2025-06-05 15:51:32] - Traininng loss : 0.2823576200765713
[2025-06-05 15:51:39] - vali_results: {'mae': 0.259795218706131, 'mape': 1.5446925163269043, 'mse': 0.14987312257289886, 'rmse': 0.38713449239730835}
[2025-06-05 15:51:42] - test_results: {'mae': 0.20151077210903168, 'mape': 1.9636058807373047, 'mse': 0.07915008813142776, 'rmse': 0.28133624792099}
[2025-06-05 15:51:42] - loss no decreased for 5 epochs,  early stopping ....
[2025-06-05 15:51:46] - test_results: {'mae': 0.19964082539081573, 'mape': 2.009352684020996, 'mse': 0.07843614369630814, 'rmse': 0.28006452322006226}
