[2025-06-05 16:51:38] - run : 0 in seed: 2
[2025-06-05 16:51:38] - +-----------------------------------+------------+
|              Modules              | Parameters |
+-----------------------------------+------------+
|     fm.Linear_Seasonal.weight     |   32256    |
|      fm.Linear_Seasonal.bias      |    336     |
|       fm.Linear_Trend.weight      |   32256    |
|        fm.Linear_Trend.bias       |    336     |
|             nm.weight             |     14     |
| nm.model_freq.model_freq.0.weight |    6144    |
|  nm.model_freq.model_freq.0.bias  |     64     |
|  nm.model_freq.model_all.0.weight |   20480    |
|   nm.model_freq.model_all.0.bias  |    128     |
|  nm.model_freq.model_all.2.weight |   43008    |
|   nm.model_freq.model_all.2.bias  |    336     |
| nm.model_pred.model_freq.0.weight |   24576    |
|  nm.model_pred.model_freq.0.bias  |    256     |
|  nm.model_pred.model_all.0.weight |   180224   |
|   nm.model_pred.model_all.0.bias  |    512     |
|  nm.model_pred.model_all.2.weight |   172032   |
|   nm.model_pred.model_all.2.bias  |    336     |
+-----------------------------------+------------+
[2025-06-05 16:51:38] - Total Trainable Params: 513294
[2025-06-05 16:51:38] - model parameters: 513294
[2025-06-05 16:52:38] - Epoch: 1 cost time: 60.11048769950867
[2025-06-05 16:52:38] - Traininng loss : 0.5968638583080884
[2025-06-05 16:52:45] - vali_results: {'mae': 0.350809246301651, 'mape': 1.761549949645996, 'mse': 0.25689995288848877, 'rmse': 0.5068529844284058}
[2025-06-05 16:52:48] - test_results: {'mae': 0.2525887191295624, 'mape': 2.2810304164886475, 'mse': 0.11857670545578003, 'rmse': 0.3443496823310852}
[2025-06-05 16:53:49] - Epoch: 2 cost time: 130.90306282043457
[2025-06-05 16:53:49] - Traininng loss : 0.5504296454647217
[2025-06-05 16:53:55] - vali_results: {'mae': 0.33271411061286926, 'mape': 1.960503101348877, 'mse': 0.2438865751028061, 'rmse': 0.4938487410545349}
[2025-06-05 16:53:59] - test_results: {'mae': 0.24478788673877716, 'mape': 2.4641780853271484, 'mse': 0.11606798321008682, 'rmse': 0.34068751335144043}
[2025-06-05 16:55:01] - Epoch: 3 cost time: 202.81642937660217
[2025-06-05 16:55:01] - Traininng loss : 0.5425091322528692
[2025-06-05 16:55:07] - vali_results: {'mae': 0.3313077688217163, 'mape': 1.9091392755508423, 'mse': 0.24219851195812225, 'rmse': 0.492136687040329}
[2025-06-05 16:55:10] - test_results: {'mae': 0.24281348288059235, 'mape': 2.4076638221740723, 'mse': 0.1148456409573555, 'rmse': 0.33888882398605347}
[2025-06-05 16:56:12] - Epoch: 4 cost time: 273.6581823825836
[2025-06-05 16:56:12] - Traininng loss : 0.5376406536245882
[2025-06-05 16:56:18] - vali_results: {'mae': 0.33554062247276306, 'mape': 1.850866436958313, 'mse': 0.24448636174201965, 'rmse': 0.49445563554763794}
[2025-06-05 16:56:22] - test_results: {'mae': 0.24379965662956238, 'mape': 2.332679510116577, 'mse': 0.11449221521615982, 'rmse': 0.3383669853210449}
[2025-06-05 16:57:20] - Epoch: 5 cost time: 342.50550079345703
[2025-06-05 16:57:20] - Traininng loss : 0.5330410014510076
[2025-06-05 16:57:28] - vali_results: {'mae': 0.3535304367542267, 'mape': 1.7288589477539062, 'mse': 0.2638513147830963, 'rmse': 0.5136646032333374}
[2025-06-05 16:57:31] - test_results: {'mae': 0.25037261843681335, 'mape': 2.2475125789642334, 'mse': 0.11772991716861725, 'rmse': 0.34311792254447937}
[2025-06-05 16:58:32] - Epoch: 6 cost time: 414.20668625831604
[2025-06-05 16:58:32] - Traininng loss : 0.531756920255548
[2025-06-05 16:58:39] - vali_results: {'mae': 0.3409031927585602, 'mape': 1.7701761722564697, 'mse': 0.24968014657497406, 'rmse': 0.4996800422668457}
[2025-06-05 16:58:43] - test_results: {'mae': 0.24434931576251984, 'mape': 2.2579545974731445, 'mse': 0.11430934071540833, 'rmse': 0.33809664845466614}
[2025-06-05 16:59:44] - Epoch: 7 cost time: 486.3463444709778
[2025-06-05 16:59:44] - Traininng loss : 0.5294525816119482
[2025-06-05 16:59:51] - vali_results: {'mae': 0.33066636323928833, 'mape': 1.8340798616409302, 'mse': 0.2415769398212433, 'rmse': 0.4915047585964203}
[2025-06-05 16:59:55] - test_results: {'mae': 0.2409190684556961, 'mape': 2.3803024291992188, 'mse': 0.11290565878152847, 'rmse': 0.33601436018943787}
[2025-06-05 17:00:54] - Epoch: 8 cost time: 556.2337410449982
[2025-06-05 17:00:54] - Traininng loss : 0.527811007545848
[2025-06-05 17:01:01] - vali_results: {'mae': 0.33146464824676514, 'mape': 1.8194396495819092, 'mse': 0.23915542662143707, 'rmse': 0.4890351891517639}
[2025-06-05 17:01:05] - test_results: {'mae': 0.24250668287277222, 'mape': 2.2622013092041016, 'mse': 0.11430281400680542, 'rmse': 0.3380869925022125}
[2025-06-05 17:02:05] - Epoch: 9 cost time: 626.8221616744995
[2025-06-05 17:02:05] - Traininng loss : 0.5270647777578517
[2025-06-05 17:02:12] - vali_results: {'mae': 0.32992565631866455, 'mape': 1.8169993162155151, 'mse': 0.23948298394680023, 'rmse': 0.4893699884414673}
[2025-06-05 17:02:15] - test_results: {'mae': 0.24041637778282166, 'mape': 2.3619916439056396, 'mse': 0.11250912398099899, 'rmse': 0.3354237973690033}
[2025-06-05 17:03:17] - Epoch: 10 cost time: 699.0584404468536
[2025-06-05 17:03:17] - Traininng loss : 0.5263390193350026
[2025-06-05 17:03:24] - vali_results: {'mae': 0.3456350266933441, 'mape': 1.7151604890823364, 'mse': 0.25621938705444336, 'rmse': 0.5061811804771423}
[2025-06-05 17:03:27] - test_results: {'mae': 0.24628546833992004, 'mape': 2.23844838142395, 'mse': 0.11533326655626297, 'rmse': 0.33960750699043274}
[2025-06-05 17:04:30] - Epoch: 11 cost time: 772.4872636795044
[2025-06-05 17:04:30] - Traininng loss : 0.5252489676387163
[2025-06-05 17:04:37] - vali_results: {'mae': 0.3362870216369629, 'mape': 1.787358045578003, 'mse': 0.24692367017269135, 'rmse': 0.4969141483306885}
[2025-06-05 17:04:41] - test_results: {'mae': 0.24231445789337158, 'mape': 2.334489583969116, 'mse': 0.11369991302490234, 'rmse': 0.33719417452812195}
[2025-06-05 17:05:41] - Epoch: 12 cost time: 843.3475773334503
[2025-06-05 17:05:41] - Traininng loss : 0.5236072660399778
[2025-06-05 17:05:48] - vali_results: {'mae': 0.33533138036727905, 'mape': 1.7674627304077148, 'mse': 0.24262818694114685, 'rmse': 0.4925730228424072}
[2025-06-05 17:05:51] - test_results: {'mae': 0.2426302134990692, 'mape': 2.2670035362243652, 'mse': 0.11301813274621964, 'rmse': 0.3361817002296448}
[2025-06-05 17:06:51] - Epoch: 13 cost time: 913.3826682567596
[2025-06-05 17:06:51] - Traininng loss : 0.522982076431725
[2025-06-05 17:06:58] - vali_results: {'mae': 0.33000150322914124, 'mape': 1.8150397539138794, 'mse': 0.24179226160049438, 'rmse': 0.49172377586364746}
[2025-06-05 17:07:01] - test_results: {'mae': 0.24077631533145905, 'mape': 2.3280928134918213, 'mse': 0.11411332339048386, 'rmse': 0.3378066420555115}
[2025-06-05 17:07:01] - loss no decreased for 5 epochs,  early stopping ....
[2025-06-05 17:07:05] - test_results: {'mae': 0.24250668287277222, 'mape': 2.2622013092041016, 'mse': 0.11430281400680542, 'rmse': 0.3380869925022125}
