[2025-06-05 19:15:10] - run : 0 in seed: 2
[2025-06-05 19:15:10] - +-----------------------------------+------------+
|              Modules              | Parameters |
+-----------------------------------+------------+
|     fm.Linear_Seasonal.weight     |    9216    |
|      fm.Linear_Seasonal.bias      |     96     |
|       fm.Linear_Trend.weight      |    9216    |
|        fm.Linear_Trend.bias       |     96     |
|             nm.weight             |     42     |
| nm.model_freq.model_freq.0.weight |    6144    |
|  nm.model_freq.model_freq.0.bias  |     64     |
|  nm.model_freq.model_all.0.weight |   20480    |
|   nm.model_freq.model_all.0.bias  |    128     |
|  nm.model_freq.model_all.2.weight |   12288    |
|   nm.model_freq.model_all.2.bias  |     96     |
| nm.model_pred.model_freq.0.weight |   24576    |
|  nm.model_pred.model_freq.0.bias  |    256     |
|  nm.model_pred.model_all.0.weight |   180224   |
|   nm.model_pred.model_all.0.bias  |    512     |
|  nm.model_pred.model_all.2.weight |   49152    |
|   nm.model_pred.model_all.2.bias  |     96     |
+-----------------------------------+------------+
[2025-06-05 19:15:10] - Total Trainable Params: 312682
[2025-06-05 19:15:10] - model parameters: 312682
[2025-06-05 19:15:39] - Epoch: 1 cost time: 28.082785844802856
[2025-06-05 19:15:39] - Traininng loss : 1.1385534886390931
[2025-06-05 19:15:44] - vali_results: {'mae': 0.29935118556022644, 'mape': 4.411708354949951, 'mse': 0.3231683373451233, 'rmse': 0.5684789419174194}
[2025-06-05 19:15:47] - test_results: {'mae': 0.23788177967071533, 'mape': 1.381245732307434, 'mse': 0.19813717901706696, 'rmse': 0.4451260268688202}
[2025-06-05 19:16:17] - Epoch: 2 cost time: 66.48023343086243
[2025-06-05 19:16:17] - Traininng loss : 1.0593517461390525
[2025-06-05 19:16:22] - vali_results: {'mae': 0.2929568886756897, 'mape': 4.697540760040283, 'mse': 0.31377747654914856, 'rmse': 0.5601584315299988}
[2025-06-05 19:16:25] - test_results: {'mae': 0.22185084223747253, 'mape': 1.4132145643234253, 'mse': 0.18839827179908752, 'rmse': 0.43404871225357056}
[2025-06-05 19:16:53] - Epoch: 3 cost time: 102.99790930747986
[2025-06-05 19:16:53] - Traininng loss : 1.0424602255160225
[2025-06-05 19:16:59] - vali_results: {'mae': 0.2966805696487427, 'mape': 4.279236316680908, 'mse': 0.3078153729438782, 'rmse': 0.5548111200332642}
[2025-06-05 19:17:02] - test_results: {'mae': 0.2375299036502838, 'mape': 1.3228988647460938, 'mse': 0.1901218444108963, 'rmse': 0.4360296428203583}
[2025-06-05 19:18:51] - Epoch: 4 cost time: 220.38927602767944
[2025-06-05 19:18:51] - Traininng loss : 1.0332209764352132
[2025-06-05 19:18:57] - vali_results: {'mae': 0.2908988296985626, 'mape': 4.055551528930664, 'mse': 0.3061654269695282, 'rmse': 0.5533221960067749}
[2025-06-05 19:19:00] - test_results: {'mae': 0.2281360775232315, 'mape': 1.294509768486023, 'mse': 0.18731503188610077, 'rmse': 0.4327990710735321}
[2025-06-05 19:19:29] - Epoch: 5 cost time: 259.004212141037
[2025-06-05 19:19:29] - Traininng loss : 1.0263793066780569
[2025-06-05 19:19:35] - vali_results: {'mae': 0.2914387285709381, 'mape': 4.242894649505615, 'mse': 0.3061373829841614, 'rmse': 0.5532968044281006}
[2025-06-05 19:19:38] - test_results: {'mae': 0.22532640397548676, 'mape': 1.3242387771606445, 'mse': 0.18682627379894257, 'rmse': 0.4322340488433838}
[2025-06-05 19:20:06] - Epoch: 6 cost time: 295.93931579589844
[2025-06-05 19:20:06] - Traininng loss : 1.020866649272448
[2025-06-05 19:20:12] - vali_results: {'mae': 0.28612229228019714, 'mape': 4.085896015167236, 'mse': 0.3035967946052551, 'rmse': 0.5509961843490601}
[2025-06-05 19:20:15] - test_results: {'mae': 0.21831892430782318, 'mape': 1.30478835105896, 'mse': 0.18366621434688568, 'rmse': 0.4285629689693451}
[2025-06-05 19:20:45] - Epoch: 7 cost time: 334.75587582588196
[2025-06-05 19:20:45] - Traininng loss : 1.0182489633248386
[2025-06-05 19:20:51] - vali_results: {'mae': 0.2853837311267853, 'mape': 4.2651872634887695, 'mse': 0.30238011479377747, 'rmse': 0.5498909950256348}
[2025-06-05 19:20:54] - test_results: {'mae': 0.21723484992980957, 'mape': 1.3299814462661743, 'mse': 0.1828220635652542, 'rmse': 0.4275769591331482}
[2025-06-05 19:21:24] - Epoch: 8 cost time: 373.7286961078644
[2025-06-05 19:21:24] - Traininng loss : 1.014818222447905
[2025-06-05 19:21:30] - vali_results: {'mae': 0.28915560245513916, 'mape': 4.398195743560791, 'mse': 0.30553320050239563, 'rmse': 0.5527505874633789}
[2025-06-05 19:21:33] - test_results: {'mae': 0.21825586259365082, 'mape': 1.361309289932251, 'mse': 0.18366259336471558, 'rmse': 0.42855873703956604}
[2025-06-05 19:22:02] - Epoch: 9 cost time: 411.1923282146454
[2025-06-05 19:22:02] - Traininng loss : 1.0125297562080358
[2025-06-05 19:22:07] - vali_results: {'mae': 0.29052790999412537, 'mape': 4.011075496673584, 'mse': 0.3017314374446869, 'rmse': 0.5493008494377136}
[2025-06-05 19:22:10] - test_results: {'mae': 0.22967024147510529, 'mape': 1.2843254804611206, 'mse': 0.187106192111969, 'rmse': 0.43255773186683655}
[2025-06-05 19:22:40] - Epoch: 10 cost time: 449.5676574707031
[2025-06-05 19:22:40] - Traininng loss : 1.010024770223897
[2025-06-05 19:22:46] - vali_results: {'mae': 0.2875365614891052, 'mape': 3.9932026863098145, 'mse': 0.30205613374710083, 'rmse': 0.5495963096618652}
[2025-06-05 19:22:48] - test_results: {'mae': 0.2250853031873703, 'mape': 1.284820318222046, 'mse': 0.18575522303581238, 'rmse': 0.43099328875541687}
[2025-06-05 19:23:17] - Epoch: 11 cost time: 486.9422662258148
[2025-06-05 19:23:17] - Traininng loss : 1.0080756529996784
[2025-06-05 19:23:23] - vali_results: {'mae': 0.2868092954158783, 'mape': 4.354849815368652, 'mse': 0.3072932958602905, 'rmse': 0.5543404221534729}
[2025-06-05 19:23:26] - test_results: {'mae': 0.21933895349502563, 'mape': 1.3765578269958496, 'mse': 0.18607531487941742, 'rmse': 0.4313644766807556}
[2025-06-05 19:23:55] - Epoch: 12 cost time: 524.5905086994171
[2025-06-05 19:23:55] - Traininng loss : 1.006782499441606
[2025-06-05 19:24:00] - vali_results: {'mae': 0.28684595227241516, 'mape': 4.145383358001709, 'mse': 0.3043459951877594, 'rmse': 0.5516756176948547}
[2025-06-05 19:24:03] - test_results: {'mae': 0.2198605090379715, 'mape': 1.3309552669525146, 'mse': 0.1852189302444458, 'rmse': 0.4303706884384155}
[2025-06-05 19:24:32] - Epoch: 13 cost time: 561.3640718460083
[2025-06-05 19:24:32] - Traininng loss : 1.0056251768142945
[2025-06-05 19:24:37] - vali_results: {'mae': 0.28377559781074524, 'mape': 4.056803226470947, 'mse': 0.2978508770465851, 'rmse': 0.5457571744918823}
[2025-06-05 19:24:40] - test_results: {'mae': 0.21759460866451263, 'mape': 1.2860679626464844, 'mse': 0.1803939938545227, 'rmse': 0.4247281551361084}
[2025-06-05 19:25:08] - Epoch: 14 cost time: 598.0023481845856
[2025-06-05 19:25:08] - Traininng loss : 1.0031402500276474
[2025-06-05 19:25:14] - vali_results: {'mae': 0.2852030098438263, 'mape': 4.02240514755249, 'mse': 0.30071520805358887, 'rmse': 0.5483750700950623}
[2025-06-05 19:25:17] - test_results: {'mae': 0.21936026215553284, 'mape': 1.3072704076766968, 'mse': 0.18362775444984436, 'rmse': 0.4285180866718292}
[2025-06-05 19:25:47] - Epoch: 15 cost time: 636.1202044487
[2025-06-05 19:25:47] - Traininng loss : 1.0019009197236355
[2025-06-05 19:25:52] - vali_results: {'mae': 0.28947025537490845, 'mape': 3.8402347564697266, 'mse': 0.2991759479045868, 'rmse': 0.5469697713851929}
[2025-06-05 19:25:55] - test_results: {'mae': 0.23386657238006592, 'mape': 1.2741938829421997, 'mse': 0.18654941022396088, 'rmse': 0.43191367387771606}
[2025-06-05 19:26:25] - Epoch: 16 cost time: 674.6561079025269
[2025-06-05 19:26:25] - Traininng loss : 1.0003892113150152
[2025-06-05 19:26:31] - vali_results: {'mae': 0.28502610325813293, 'mape': 3.8944802284240723, 'mse': 0.29655584692955017, 'rmse': 0.5445694327354431}
[2025-06-05 19:26:34] - test_results: {'mae': 0.2255912572145462, 'mape': 1.2641716003417969, 'mse': 0.18341755867004395, 'rmse': 0.4282727539539337}
[2025-06-05 19:27:02] - Epoch: 17 cost time: 711.2510614395142
[2025-06-05 19:27:02] - Traininng loss : 1.000275024795075
[2025-06-05 19:27:07] - vali_results: {'mae': 0.2887361943721771, 'mape': 4.7178874015808105, 'mse': 0.30340543389320374, 'rmse': 0.5508224964141846}
[2025-06-05 19:27:10] - test_results: {'mae': 0.22398382425308228, 'mape': 1.4240386486053467, 'mse': 0.18636827170848846, 'rmse': 0.43170392513275146}
[2025-06-05 19:27:39] - Epoch: 18 cost time: 748.7020428180695
[2025-06-05 19:27:39] - Traininng loss : 0.9989621749938625
[2025-06-05 19:27:45] - vali_results: {'mae': 0.28614991903305054, 'mape': 4.303773403167725, 'mse': 0.3005301058292389, 'rmse': 0.5482062697410583}
[2025-06-05 19:27:48] - test_results: {'mae': 0.22546859085559845, 'mape': 1.3500701189041138, 'mse': 0.18453723192214966, 'rmse': 0.4295779764652252}
[2025-06-05 19:28:18] - Epoch: 19 cost time: 787.1895954608917
[2025-06-05 19:28:18] - Traininng loss : 0.9980858228678483
[2025-06-05 19:28:23] - vali_results: {'mae': 0.2846945524215698, 'mape': 3.9217960834503174, 'mse': 0.29617542028427124, 'rmse': 0.5442200303077698}
[2025-06-05 19:28:26] - test_results: {'mae': 0.22232919931411743, 'mape': 1.2693473100662231, 'mse': 0.1821134388446808, 'rmse': 0.42674750089645386}
[2025-06-05 19:28:55] - Epoch: 20 cost time: 824.9796996116638
[2025-06-05 19:28:55] - Traininng loss : 0.9972959634472
[2025-06-05 19:29:01] - vali_results: {'mae': 0.28444531559944153, 'mape': 4.060762882232666, 'mse': 0.29945576190948486, 'rmse': 0.5472255349159241}
[2025-06-05 19:29:04] - test_results: {'mae': 0.22142399847507477, 'mape': 1.3100850582122803, 'mse': 0.1838666945695877, 'rmse': 0.42879679799079895}
[2025-06-05 19:29:32] - Epoch: 21 cost time: 861.7069499492645
[2025-06-05 19:29:32] - Traininng loss : 0.9962673599083941
[2025-06-05 19:29:38] - vali_results: {'mae': 0.2851802706718445, 'mape': 4.203653335571289, 'mse': 0.29898566007614136, 'rmse': 0.5467957854270935}
[2025-06-05 19:29:41] - test_results: {'mae': 0.22196193039417267, 'mape': 1.3380175828933716, 'mse': 0.1828327476978302, 'rmse': 0.427589476108551}
[2025-06-05 19:30:10] - Epoch: 22 cost time: 899.5377433300018
[2025-06-05 19:30:10] - Traininng loss : 0.9961928003958858
[2025-06-05 19:30:16] - vali_results: {'mae': 0.28299063444137573, 'mape': 4.396961212158203, 'mse': 0.30006393790245056, 'rmse': 0.5477809309959412}
[2025-06-05 19:30:19] - test_results: {'mae': 0.21525616943836212, 'mape': 1.3740286827087402, 'mse': 0.18084898591041565, 'rmse': 0.4252634346485138}
[2025-06-05 19:30:47] - Epoch: 23 cost time: 936.8810050487518
[2025-06-05 19:30:47] - Traininng loss : 0.995272932124325
[2025-06-05 19:30:53] - vali_results: {'mae': 0.28426969051361084, 'mape': 4.031565189361572, 'mse': 0.2985597550868988, 'rmse': 0.5464062094688416}
[2025-06-05 19:30:56] - test_results: {'mae': 0.21694549918174744, 'mape': 1.3052548170089722, 'mse': 0.18127615749835968, 'rmse': 0.42576536536216736}
[2025-06-05 19:31:26] - Epoch: 24 cost time: 975.123330116272
[2025-06-05 19:31:26] - Traininng loss : 0.9941672285224629
[2025-06-05 19:31:31] - vali_results: {'mae': 0.2859496772289276, 'mape': 4.3497819900512695, 'mse': 0.29689714312553406, 'rmse': 0.5448827147483826}
[2025-06-05 19:31:34] - test_results: {'mae': 0.22755777835845947, 'mape': 1.331313133239746, 'mse': 0.184517964720726, 'rmse': 0.4295555353164673}
[2025-06-05 19:31:34] - loss no decreased for 5 epochs,  early stopping ....
[2025-06-05 19:31:37] - test_results: {'mae': 0.22232919931411743, 'mape': 1.2693473100662231, 'mse': 0.1821134388446808, 'rmse': 0.42674750089645386}
