[2025-05-28 19:25:39] - run : 0 in seed: 1
[2025-05-28 19:25:39] - +-----------------------------------+------------+
|              Modules              | Parameters |
+-----------------------------------+------------+
|     fm.Linear_Seasonal.weight     |   32256    |
|      fm.Linear_Seasonal.bias      |    336     |
|       fm.Linear_Trend.weight      |   32256    |
|        fm.Linear_Trend.bias       |    336     |
|             nm.weight             |     14     |
| nm.model_freq.model_freq.0.weight |    6144    |
|  nm.model_freq.model_freq.0.bias  |     64     |
|  nm.model_freq.model_all.0.weight |   20480    |
|   nm.model_freq.model_all.0.bias  |    128     |
|  nm.model_freq.model_all.2.weight |   43008    |
|   nm.model_freq.model_all.2.bias  |    336     |
| nm.model_pred.model_freq.0.weight |   24576    |
|  nm.model_pred.model_freq.0.bias  |    256     |
|  nm.model_pred.model_all.0.weight |   180224   |
|   nm.model_pred.model_all.0.bias  |    512     |
|  nm.model_pred.model_all.2.weight |   172032   |
|   nm.model_pred.model_all.2.bias  |    336     |
+-----------------------------------+------------+
[2025-05-28 19:25:39] - Total Trainable Params: 513294
[2025-05-28 19:25:39] - model parameters: 513294
[2025-05-28 19:26:40] - Epoch: 1 cost time: 60.78239607810974
[2025-05-28 19:26:40] - Traininng loss : 0.5963500430653381
[2025-05-28 19:26:47] - vali_results: {'mae': 0.3419627547264099, 'mape': 1.8057963848114014, 'mse': 0.2501794397830963, 'rmse': 0.5001794099807739}
[2025-05-28 19:26:50] - test_results: {'mae': 0.24708768725395203, 'mape': 2.2790136337280273, 'mse': 0.11606115847826004, 'rmse': 0.34067749977111816}
[2025-05-28 19:27:51] - Epoch: 2 cost time: 131.4256718158722
[2025-05-28 19:27:51] - Traininng loss : 0.5497050066210433
[2025-05-28 19:27:57] - vali_results: {'mae': 0.3501700758934021, 'mape': 1.7777444124221802, 'mse': 0.256407767534256, 'rmse': 0.5063672065734863}
[2025-05-28 19:28:01] - test_results: {'mae': 0.2507920265197754, 'mape': 2.313389778137207, 'mse': 0.1173962950706482, 'rmse': 0.34263142943382263}
[2025-05-28 19:29:02] - Epoch: 3 cost time: 202.4882311820984
[2025-05-28 19:29:02] - Traininng loss : 0.5411547429608162
[2025-05-28 19:29:08] - vali_results: {'mae': 0.3324437737464905, 'mape': 1.9788818359375, 'mse': 0.24377648532390594, 'rmse': 0.49373725056648254}
[2025-05-28 19:29:12] - test_results: {'mae': 0.2448534518480301, 'mape': 2.4884374141693115, 'mse': 0.11648715287446976, 'rmse': 0.34130215644836426}
[2025-05-28 19:30:13] - Epoch: 4 cost time: 273.95455265045166
[2025-05-28 19:30:13] - Traininng loss : 0.536430250180233
[2025-05-28 19:30:20] - vali_results: {'mae': 0.33122459053993225, 'mape': 1.8934112787246704, 'mse': 0.242267906665802, 'rmse': 0.4922071695327759}
[2025-05-28 19:30:24] - test_results: {'mae': 0.2425120770931244, 'mape': 2.381272077560425, 'mse': 0.11475032567977905, 'rmse': 0.33874818682670593}
[2025-05-28 19:31:24] - Epoch: 5 cost time: 344.9932050704956
[2025-05-28 19:31:24] - Traininng loss : 0.5337714567672015
[2025-05-28 19:31:31] - vali_results: {'mae': 0.33543121814727783, 'mape': 1.8375840187072754, 'mse': 0.24467715620994568, 'rmse': 0.4946485161781311}
[2025-05-28 19:31:35] - test_results: {'mae': 0.24336569011211395, 'mape': 2.3144237995147705, 'mse': 0.11416607350111008, 'rmse': 0.33788469433784485}
[2025-05-28 19:32:36] - Epoch: 6 cost time: 417.16848731040955
[2025-05-28 19:32:36] - Traininng loss : 0.5302759957562054
[2025-05-28 19:32:43] - vali_results: {'mae': 0.351770281791687, 'mape': 1.7403327226638794, 'mse': 0.26191988587379456, 'rmse': 0.5117810964584351}
[2025-05-28 19:32:46] - test_results: {'mae': 0.2495458424091339, 'mape': 2.251314401626587, 'mse': 0.11703331768512726, 'rmse': 0.3421013355255127}
[2025-05-28 19:33:47] - Epoch: 7 cost time: 487.42925930023193
[2025-05-28 19:33:47] - Traininng loss : 0.5293482381783914
[2025-05-28 19:33:53] - vali_results: {'mae': 0.3400591015815735, 'mape': 1.7801915407180786, 'mse': 0.24894201755523682, 'rmse': 0.4989408850669861}
[2025-05-28 19:33:57] - test_results: {'mae': 0.24411293864250183, 'mape': 2.262359619140625, 'mse': 0.11400272697210312, 'rmse': 0.3376429080963135}
[2025-05-28 19:34:58] - Epoch: 8 cost time: 558.4096250534058
[2025-05-28 19:34:58] - Traininng loss : 0.527180947111901
[2025-05-28 19:35:04] - vali_results: {'mae': 0.33067160844802856, 'mape': 1.830761194229126, 'mse': 0.24176698923110962, 'rmse': 0.4916980564594269}
[2025-05-28 19:35:08] - test_results: {'mae': 0.2406405210494995, 'mape': 2.3642168045043945, 'mse': 0.11272132396697998, 'rmse': 0.33573997020721436}
[2025-05-28 19:36:09] - Epoch: 9 cost time: 629.5886929035187
[2025-05-28 19:36:09] - Traininng loss : 0.5256274771721926
[2025-05-28 19:36:16] - vali_results: {'mae': 0.332487553358078, 'mape': 1.8522840738296509, 'mse': 0.23979033529758453, 'rmse': 0.48968392610549927}
[2025-05-28 19:36:19] - test_results: {'mae': 0.2436734288930893, 'mape': 2.284292459487915, 'mse': 0.11489399522542953, 'rmse': 0.3389601707458496}
[2025-05-28 19:37:19] - Epoch: 10 cost time: 700.146919965744
[2025-05-28 19:37:19] - Traininng loss : 0.5250959762924953
[2025-05-28 19:37:26] - vali_results: {'mae': 0.3303548991680145, 'mape': 1.8297374248504639, 'mse': 0.2398461550474167, 'rmse': 0.48974090814590454}
[2025-05-28 19:37:29] - test_results: {'mae': 0.24085888266563416, 'mape': 2.355020761489868, 'mse': 0.1126493588089943, 'rmse': 0.3356327712535858}
[2025-05-28 19:38:30] - Epoch: 11 cost time: 770.3499400615692
[2025-05-28 19:38:30] - Traininng loss : 0.5243791208154394
[2025-05-28 19:38:36] - vali_results: {'mae': 0.3458903431892395, 'mape': 1.7225043773651123, 'mse': 0.25594085454940796, 'rmse': 0.5059059858322144}
[2025-05-28 19:38:40] - test_results: {'mae': 0.24617192149162292, 'mape': 2.2237632274627686, 'mse': 0.11504995822906494, 'rmse': 0.33919015526771545}
[2025-05-28 19:39:40] - Epoch: 12 cost time: 840.7245953083038
[2025-05-28 19:39:40] - Traininng loss : 0.5234525344728398
[2025-05-28 19:39:47] - vali_results: {'mae': 0.33445027470588684, 'mape': 1.816663384437561, 'mse': 0.2453821897506714, 'rmse': 0.49536067247390747}
[2025-05-28 19:39:50] - test_results: {'mae': 0.24194318056106567, 'mape': 2.3410112857818604, 'mse': 0.11365417391061783, 'rmse': 0.33712634444236755}
[2025-05-28 19:40:51] - Epoch: 13 cost time: 911.3150537014008
[2025-05-28 19:40:51] - Traininng loss : 0.5216688288512568
[2025-05-28 19:40:57] - vali_results: {'mae': 0.33439239859580994, 'mape': 1.8004692792892456, 'mse': 0.24239575862884521, 'rmse': 0.49233704805374146}
[2025-05-28 19:41:01] - test_results: {'mae': 0.24200685322284698, 'mape': 2.2986137866973877, 'mse': 0.1128707230091095, 'rmse': 0.3359623849391937}
[2025-05-28 19:42:01] - Epoch: 14 cost time: 981.764984369278
[2025-05-28 19:42:01] - Traininng loss : 0.5210723581000877
[2025-05-28 19:42:07] - vali_results: {'mae': 0.3305637240409851, 'mape': 1.8303020000457764, 'mse': 0.2420055866241455, 'rmse': 0.4919406473636627}
[2025-05-28 19:42:11] - test_results: {'mae': 0.24094346165657043, 'mape': 2.3303263187408447, 'mse': 0.11401131749153137, 'rmse': 0.337655633687973}
[2025-05-28 19:42:11] - loss no decreased for 5 epochs,  early stopping ....
[2025-05-28 19:42:14] - test_results: {'mae': 0.2436734288930893, 'mape': 2.284292459487915, 'mse': 0.11489399522542953, 'rmse': 0.3389601707458496}
