[2025-06-05 16:10:01] - run : 0 in seed: 2
[2025-06-05 16:10:01] - +-----------------------------------+------------+
|              Modules              | Parameters |
+-----------------------------------+------------+
|     fm.Linear_Seasonal.weight     |   16128    |
|      fm.Linear_Seasonal.bias      |    168     |
|       fm.Linear_Trend.weight      |   16128    |
|        fm.Linear_Trend.bias       |    168     |
|             nm.weight             |     14     |
| nm.model_freq.model_freq.0.weight |    6144    |
|  nm.model_freq.model_freq.0.bias  |     64     |
|  nm.model_freq.model_all.0.weight |   20480    |
|   nm.model_freq.model_all.0.bias  |    128     |
|  nm.model_freq.model_all.2.weight |   21504    |
|   nm.model_freq.model_all.2.bias  |    168     |
| nm.model_pred.model_freq.0.weight |   24576    |
|  nm.model_pred.model_freq.0.bias  |    256     |
|  nm.model_pred.model_all.0.weight |   180224   |
|   nm.model_pred.model_all.0.bias  |    512     |
|  nm.model_pred.model_all.2.weight |   86016    |
|   nm.model_pred.model_all.2.bias  |    168     |
+-----------------------------------+------------+
[2025-06-05 16:10:01] - Total Trainable Params: 372846
[2025-06-05 16:10:01] - model parameters: 372846
[2025-06-05 16:10:46] - Epoch: 1 cost time: 45.37563371658325
[2025-06-05 16:10:46] - Traininng loss : 0.4411729116167139
[2025-06-05 16:10:53] - vali_results: {'mae': 0.2963149845600128, 'mape': 1.6988089084625244, 'mse': 0.19389277696609497, 'rmse': 0.4403325617313385}
[2025-06-05 16:10:57] - test_results: {'mae': 0.22366850078105927, 'mape': 2.1425347328186035, 'mse': 0.0957259088754654, 'rmse': 0.30939602851867676}
[2025-06-05 16:11:41] - Epoch: 2 cost time: 100.03483772277832
[2025-06-05 16:11:41] - Traininng loss : 0.3962123049625694
[2025-06-05 16:11:48] - vali_results: {'mae': 0.3017759919166565, 'mape': 1.6360595226287842, 'mse': 0.1957545429468155, 'rmse': 0.44244158267974854}
[2025-06-05 16:11:51] - test_results: {'mae': 0.2240810990333557, 'mape': 2.0623435974121094, 'mse': 0.09487689286470413, 'rmse': 0.3080209195613861}
[2025-06-05 16:12:36] - Epoch: 3 cost time: 154.69054985046387
[2025-06-05 16:12:36] - Traininng loss : 0.3892306669436557
[2025-06-05 16:12:42] - vali_results: {'mae': 0.2924659252166748, 'mape': 1.7147011756896973, 'mse': 0.19009707868099213, 'rmse': 0.4360012412071228}
[2025-06-05 16:12:46] - test_results: {'mae': 0.22061021625995636, 'mape': 2.151639461517334, 'mse': 0.0937420204281807, 'rmse': 0.306173175573349}
[2025-06-05 16:13:28] - Epoch: 4 cost time: 206.81200218200684
[2025-06-05 16:13:28] - Traininng loss : 0.386514229548944
[2025-06-05 16:13:34] - vali_results: {'mae': 0.2917448580265045, 'mape': 1.795328140258789, 'mse': 0.18952229619026184, 'rmse': 0.43534159660339355}
[2025-06-05 16:13:38] - test_results: {'mae': 0.22128264605998993, 'mape': 2.2533087730407715, 'mse': 0.09456811845302582, 'rmse': 0.3075192868709564}
[2025-06-05 16:14:21] - Epoch: 5 cost time: 259.9772231578827
[2025-06-05 16:14:21] - Traininng loss : 0.3837196928895298
[2025-06-05 16:14:28] - vali_results: {'mae': 0.2892914116382599, 'mape': 1.7378458976745605, 'mse': 0.18853764235973358, 'rmse': 0.4342092275619507}
[2025-06-05 16:14:32] - test_results: {'mae': 0.21883565187454224, 'mape': 2.1949870586395264, 'mse': 0.09318473190069199, 'rmse': 0.3052617311477661}
[2025-06-05 16:15:16] - Epoch: 6 cost time: 314.4568724632263
[2025-06-05 16:15:16] - Traininng loss : 0.3829470160334379
[2025-06-05 16:15:22] - vali_results: {'mae': 0.2877660393714905, 'mape': 1.741416573524475, 'mse': 0.18677662312984467, 'rmse': 0.4321766197681427}
[2025-06-05 16:15:25] - test_results: {'mae': 0.21876150369644165, 'mape': 2.1949102878570557, 'mse': 0.09284798055887222, 'rmse': 0.30470967292785645}
[2025-06-05 16:16:10] - Epoch: 7 cost time: 368.5549817085266
[2025-06-05 16:16:10] - Traininng loss : 0.38114665088169497
[2025-06-05 16:16:17] - vali_results: {'mae': 0.28906339406967163, 'mape': 1.7450406551361084, 'mse': 0.1883847862482071, 'rmse': 0.4340331554412842}
[2025-06-05 16:16:20] - test_results: {'mae': 0.21923255920410156, 'mape': 2.179598093032837, 'mse': 0.09337974339723587, 'rmse': 0.3055810034275055}
[2025-06-05 16:17:02] - Epoch: 8 cost time: 421.04209876060486
[2025-06-05 16:17:02] - Traininng loss : 0.3806940637474871
[2025-06-05 16:17:09] - vali_results: {'mae': 0.3020693361759186, 'mape': 1.6544604301452637, 'mse': 0.19591328501701355, 'rmse': 0.4426209330558777}
[2025-06-05 16:17:13] - test_results: {'mae': 0.22425627708435059, 'mape': 2.1389682292938232, 'mse': 0.09478482604026794, 'rmse': 0.30787143111228943}
[2025-06-05 16:17:57] - Epoch: 9 cost time: 475.46442103385925
[2025-06-05 16:17:57] - Traininng loss : 0.3798038838486492
[2025-06-05 16:18:04] - vali_results: {'mae': 0.29003849625587463, 'mape': 1.772517204284668, 'mse': 0.18952035903930664, 'rmse': 0.4353393614292145}
[2025-06-05 16:18:07] - test_results: {'mae': 0.2212330400943756, 'mape': 2.2730283737182617, 'mse': 0.09483734518289566, 'rmse': 0.307956725358963}
[2025-06-05 16:18:52] - Epoch: 10 cost time: 531.1611177921295
[2025-06-05 16:18:52] - Traininng loss : 0.37921980607839656
[2025-06-05 16:18:59] - vali_results: {'mae': 0.29844117164611816, 'mape': 1.6511032581329346, 'mse': 0.19039152562618256, 'rmse': 0.43633878231048584}
[2025-06-05 16:19:03] - test_results: {'mae': 0.22354967892169952, 'mape': 2.028334856033325, 'mse': 0.09448150545358658, 'rmse': 0.3073784410953522}
[2025-06-05 16:19:49] - Epoch: 11 cost time: 587.7447245121002
[2025-06-05 16:19:49] - Traininng loss : 0.37877087308807283
[2025-06-05 16:19:56] - vali_results: {'mae': 0.2882483899593353, 'mape': 1.7315067052841187, 'mse': 0.1871909350156784, 'rmse': 0.4326556921005249}
[2025-06-05 16:19:59] - test_results: {'mae': 0.22012513875961304, 'mape': 2.149571418762207, 'mse': 0.0939529612660408, 'rmse': 0.30651748180389404}
[2025-06-05 16:19:59] - loss no decreased for 5 epochs,  early stopping ....
[2025-06-05 16:20:03] - test_results: {'mae': 0.21876150369644165, 'mape': 2.1949102878570557, 'mse': 0.09284798055887222, 'rmse': 0.30470967292785645}
