[2025-06-04 23:23:40] - run : 3 in seed: 4
[2025-06-04 23:23:40] - +-----------------------------------+------------+
|              Modules              | Parameters |
+-----------------------------------+------------+
|     fm.Linear_Seasonal.weight     |   32256    |
|      fm.Linear_Seasonal.bias      |    336     |
|       fm.Linear_Trend.weight      |   32256    |
|        fm.Linear_Trend.bias       |    336     |
|             nm.weight             |     16     |
| nm.model_freq.model_freq.0.weight |    6144    |
|  nm.model_freq.model_freq.0.bias  |     64     |
|  nm.model_freq.model_all.0.weight |   20480    |
|   nm.model_freq.model_all.0.bias  |    128     |
|  nm.model_freq.model_all.2.weight |   43008    |
|   nm.model_freq.model_all.2.bias  |    336     |
| nm.model_pred.model_freq.0.weight |   24576    |
|  nm.model_pred.model_freq.0.bias  |    256     |
|  nm.model_pred.model_all.0.weight |   180224   |
|   nm.model_pred.model_all.0.bias  |    512     |
|  nm.model_pred.model_all.2.weight |   172032   |
|   nm.model_pred.model_all.2.bias  |    336     |
+-----------------------------------+------------+
[2025-06-04 23:23:40] - Total Trainable Params: 513296
[2025-06-04 23:23:40] - model parameters: 513296
[2025-06-04 23:23:46] - Epoch: 1 cost time: 6.378557205200195
[2025-06-04 23:23:46] - Traininng loss : 0.6879449897731831
[2025-06-04 23:23:47] - vali_results: {'mae': 0.6316530108451843, 'mape': 1.0669976472854614, 'mse': 0.5790042877197266, 'rmse': 0.7609233260154724}
[2025-06-04 23:23:47] - test_results: {'mae': 0.33087781071662903, 'mape': 1.7568522691726685, 'mse': 0.18580913543701172, 'rmse': 0.43105584383010864}
[2025-06-04 23:23:54] - Epoch: 2 cost time: 14.108957052230835
[2025-06-04 23:23:54] - Traininng loss : 0.5117131537861295
[2025-06-04 23:23:55] - vali_results: {'mae': 0.5416577458381653, 'mape': 1.0205302238464355, 'mse': 0.4472312927246094, 'rmse': 0.6687535643577576}
[2025-06-04 23:23:55] - test_results: {'mae': 0.3088937997817993, 'mape': 1.8964189291000366, 'mse': 0.1695711612701416, 'rmse': 0.4117901921272278}
[2025-06-04 23:24:02] - Epoch: 3 cost time: 21.918235063552856
[2025-06-04 23:24:02] - Traininng loss : 0.4998852799530902
[2025-06-04 23:24:02] - vali_results: {'mae': 0.6087809205055237, 'mape': 1.0640130043029785, 'mse': 0.544402539730072, 'rmse': 0.7378364205360413}
[2025-06-04 23:24:03] - test_results: {'mae': 0.3266489803791046, 'mape': 1.7882391214370728, 'mse': 0.1812269687652588, 'rmse': 0.42570760846138}
[2025-06-04 23:24:09] - Epoch: 4 cost time: 29.710651397705078
[2025-06-04 23:24:09] - Traininng loss : 0.495944513214959
[2025-06-04 23:24:10] - vali_results: {'mae': 0.451167494058609, 'mape': 0.9657617211341858, 'mse': 0.32033103704452515, 'rmse': 0.565977931022644}
[2025-06-04 23:24:11] - test_results: {'mae': 0.29260843992233276, 'mape': 2.0658860206604004, 'mse': 0.15917061269283295, 'rmse': 0.3989619314670563}
[2025-06-04 23:24:17] - Epoch: 5 cost time: 37.5722918510437
[2025-06-04 23:24:17] - Traininng loss : 0.4933505307615193
[2025-06-04 23:24:18] - vali_results: {'mae': 0.5176767110824585, 'mape': 0.9856400489807129, 'mse': 0.42108818888664246, 'rmse': 0.6489130854606628}
[2025-06-04 23:24:18] - test_results: {'mae': 0.30631622672080994, 'mape': 1.9228562116622925, 'mse': 0.16755139827728271, 'rmse': 0.40933042764663696}
[2025-06-04 23:24:25] - Epoch: 6 cost time: 45.412338733673096
[2025-06-04 23:24:25] - Traininng loss : 0.4898376369398404
[2025-06-04 23:24:26] - vali_results: {'mae': 0.4998253285884857, 'mape': 1.0613046884536743, 'mse': 0.3892825245857239, 'rmse': 0.6239250898361206}
[2025-06-04 23:24:26] - test_results: {'mae': 0.3014973998069763, 'mape': 2.053973913192749, 'mse': 0.16283169388771057, 'rmse': 0.40352410078048706}
[2025-06-04 23:24:33] - Epoch: 7 cost time: 53.096537590026855
[2025-06-04 23:24:33] - Traininng loss : 0.48692428968311136
[2025-06-04 23:24:34] - vali_results: {'mae': 0.45314234495162964, 'mape': 0.9835923910140991, 'mse': 0.3431375026702881, 'rmse': 0.5857793688774109}
[2025-06-04 23:24:34] - test_results: {'mae': 0.29992765188217163, 'mape': 2.1287970542907715, 'mse': 0.16240912675857544, 'rmse': 0.403000146150589}
[2025-06-04 23:24:40] - Epoch: 8 cost time: 60.76935124397278
[2025-06-04 23:24:40] - Traininng loss : 0.48786116464465273
[2025-06-04 23:24:41] - vali_results: {'mae': 0.5364212393760681, 'mape': 0.9485212564468384, 'mse': 0.450514018535614, 'rmse': 0.6712034344673157}
[2025-06-04 23:24:42] - test_results: {'mae': 0.3110370337963104, 'mape': 1.8742964267730713, 'mse': 0.17289528250694275, 'rmse': 0.41580677032470703}
[2025-06-04 23:24:48] - Epoch: 9 cost time: 68.41041159629822
[2025-06-04 23:24:48] - Traininng loss : 0.48275510995995763
[2025-06-04 23:24:49] - vali_results: {'mae': 0.5868645906448364, 'mape': 1.0054627656936646, 'mse': 0.5319235920906067, 'rmse': 0.7293308973312378}
[2025-06-04 23:24:49] - test_results: {'mae': 0.32183313369750977, 'mape': 1.780043363571167, 'mse': 0.18034513294696808, 'rmse': 0.42467060685157776}
[2025-06-04 23:24:49] - loss no decreased for 5 epochs,  early stopping ....
[2025-06-04 23:24:50] - test_results: {'mae': 0.29260843992233276, 'mape': 2.0658860206604004, 'mse': 0.15917061269283295, 'rmse': 0.3989619314670563}
