[2025-06-04 16:49:57] - run : 2 in seed: 4
[2025-06-04 16:49:57] - +-----------------------------------+------------+
|              Modules              | Parameters |
+-----------------------------------+------------+
|     fm.Linear_Seasonal.weight     |    9216    |
|      fm.Linear_Seasonal.bias      |     96     |
|       fm.Linear_Trend.weight      |    9216    |
|        fm.Linear_Trend.bias       |     96     |
|             nm.weight             |    642     |
| nm.model_freq.model_freq.0.weight |    6144    |
|  nm.model_freq.model_freq.0.bias  |     64     |
|  nm.model_freq.model_all.0.weight |   20480    |
|   nm.model_freq.model_all.0.bias  |    128     |
|  nm.model_freq.model_all.2.weight |   12288    |
|   nm.model_freq.model_all.2.bias  |     96     |
| nm.model_pred.model_freq.0.weight |   24576    |
|  nm.model_pred.model_freq.0.bias  |    256     |
|  nm.model_pred.model_all.0.weight |   180224   |
|   nm.model_pred.model_all.0.bias  |    512     |
|  nm.model_pred.model_all.2.weight |   49152    |
|   nm.model_pred.model_all.2.bias  |     96     |
+-----------------------------------+------------+
[2025-06-04 16:49:57] - Total Trainable Params: 313282
[2025-06-04 16:49:57] - model parameters: 313282
[2025-06-04 16:50:17] - Epoch: 1 cost time: 20.039161920547485
[2025-06-04 16:50:17] - Traininng loss : 0.547784208048854
[2025-06-04 16:50:24] - vali_results: {'mae': 0.2710677683353424, 'mape': 2.2626988887786865, 'mse': 0.17979559302330017, 'rmse': 0.4240230917930603}
[2025-06-04 16:50:28] - test_results: {'mae': 0.2765129804611206, 'mape': 2.907327175140381, 'mse': 0.19197386503219604, 'rmse': 0.43814823031425476}
[2025-06-04 16:50:48] - Epoch: 2 cost time: 50.195266246795654
[2025-06-04 16:50:48] - Traininng loss : 0.4215767470368168
[2025-06-04 16:50:54] - vali_results: {'mae': 0.26574739813804626, 'mape': 2.2650022506713867, 'mse': 0.17611774802207947, 'rmse': 0.41966384649276733}
[2025-06-04 16:50:58] - test_results: {'mae': 0.27082282304763794, 'mape': 2.9121313095092773, 'mse': 0.18764907121658325, 'rmse': 0.43318480253219604}
[2025-06-04 16:51:18] - Epoch: 3 cost time: 80.31824350357056
[2025-06-04 16:51:18] - Traininng loss : 0.4148325941018891
[2025-06-04 16:51:24] - vali_results: {'mae': 0.2648109793663025, 'mape': 2.2763116359710693, 'mse': 0.17509929835796356, 'rmse': 0.41844868659973145}
[2025-06-04 16:51:28] - test_results: {'mae': 0.26992055773735046, 'mape': 2.9199955463409424, 'mse': 0.1864863634109497, 'rmse': 0.4318406581878662}
[2025-06-04 16:51:49] - Epoch: 4 cost time: 111.2539656162262
[2025-06-04 16:51:49] - Traininng loss : 0.411727214591545
[2025-06-04 16:51:55] - vali_results: {'mae': 0.2656940519809723, 'mape': 2.208017587661743, 'mse': 0.17444869875907898, 'rmse': 0.4176705479621887}
[2025-06-04 16:51:59] - test_results: {'mae': 0.27028995752334595, 'mape': 2.828176498413086, 'mse': 0.18543219566345215, 'rmse': 0.43061837553977966}
[2025-06-04 16:52:19] - Epoch: 5 cost time: 141.62249374389648
[2025-06-04 16:52:19] - Traininng loss : 0.4099505272350813
[2025-06-04 16:52:25] - vali_results: {'mae': 0.2635422945022583, 'mape': 2.2461273670196533, 'mse': 0.1740768551826477, 'rmse': 0.417225182056427}
[2025-06-04 16:52:29] - test_results: {'mae': 0.26764628291130066, 'mape': 2.867511510848999, 'mse': 0.18443426489830017, 'rmse': 0.4294581115245819}
[2025-06-04 16:52:50] - Epoch: 6 cost time: 172.77518439292908
[2025-06-04 16:52:50] - Traininng loss : 0.4083862024963948
[2025-06-04 16:52:57] - vali_results: {'mae': 0.26301923394203186, 'mape': 2.268975019454956, 'mse': 0.17318275570869446, 'rmse': 0.41615232825279236}
[2025-06-04 16:53:01] - test_results: {'mae': 0.2678911089897156, 'mape': 2.8878095149993896, 'mse': 0.1841292679309845, 'rmse': 0.4291028678417206}
[2025-06-04 16:53:21] - Epoch: 7 cost time: 203.84564232826233
[2025-06-04 16:53:21] - Traininng loss : 0.4073921722801108
[2025-06-04 16:53:28] - vali_results: {'mae': 0.2640485167503357, 'mape': 2.28170108795166, 'mse': 0.173201322555542, 'rmse': 0.41617462038993835}
[2025-06-04 16:53:31] - test_results: {'mae': 0.2695766091346741, 'mape': 2.903959274291992, 'mse': 0.18502356112003326, 'rmse': 0.43014365434646606}
[2025-06-04 16:53:52] - Epoch: 8 cost time: 234.58764386177063
[2025-06-04 16:53:52] - Traininng loss : 0.4064718782901764
[2025-06-04 16:53:59] - vali_results: {'mae': 0.26289838552474976, 'mape': 2.3205161094665527, 'mse': 0.17325323820114136, 'rmse': 0.4162369966506958}
[2025-06-04 16:54:02] - test_results: {'mae': 0.2684668004512787, 'mape': 2.9567079544067383, 'mse': 0.184706911444664, 'rmse': 0.4297754168510437}
[2025-06-04 16:54:23] - Epoch: 9 cost time: 265.33388209342957
[2025-06-04 16:54:23] - Traininng loss : 0.40557500113520706
[2025-06-04 16:54:29] - vali_results: {'mae': 0.26452067494392395, 'mape': 2.274808168411255, 'mse': 0.17352516949176788, 'rmse': 0.4165635108947754}
[2025-06-04 16:54:33] - test_results: {'mae': 0.2696273624897003, 'mape': 2.928215265274048, 'mse': 0.1846599578857422, 'rmse': 0.42972078919410706}
[2025-06-04 16:54:53] - Epoch: 10 cost time: 295.4885323047638
[2025-06-04 16:54:53] - Traininng loss : 0.4051744291134048
[2025-06-04 16:54:59] - vali_results: {'mae': 0.2618686258792877, 'mape': 2.2639026641845703, 'mse': 0.1721266359090805, 'rmse': 0.41488146781921387}
[2025-06-04 16:55:03] - test_results: {'mae': 0.2666585147380829, 'mape': 2.8980913162231445, 'mse': 0.1829254925251007, 'rmse': 0.42769789695739746}
[2025-06-04 16:55:23] - Epoch: 11 cost time: 325.6900906562805
[2025-06-04 16:55:23] - Traininng loss : 0.40454125817407643
[2025-06-04 16:55:30] - vali_results: {'mae': 0.2607799172401428, 'mape': 2.2785162925720215, 'mse': 0.17239032685756683, 'rmse': 0.4151991307735443}
[2025-06-04 16:55:33] - test_results: {'mae': 0.26527976989746094, 'mape': 2.91306471824646, 'mse': 0.1829155832529068, 'rmse': 0.42768630385398865}
[2025-06-04 16:55:54] - Epoch: 12 cost time: 356.5546464920044
[2025-06-04 16:55:54] - Traininng loss : 0.40397883528157286
[2025-06-04 16:56:00] - vali_results: {'mae': 0.2619715631008148, 'mape': 2.251448392868042, 'mse': 0.17176415026187897, 'rmse': 0.4144443869590759}
[2025-06-04 16:56:04] - test_results: {'mae': 0.26678621768951416, 'mape': 2.872074842453003, 'mse': 0.1825801432132721, 'rmse': 0.427293986082077}
[2025-06-04 16:56:24] - Epoch: 13 cost time: 386.50001764297485
[2025-06-04 16:56:24] - Traininng loss : 0.4034916440123006
[2025-06-04 16:56:30] - vali_results: {'mae': 0.262254536151886, 'mape': 2.3213868141174316, 'mse': 0.17289668321609497, 'rmse': 0.41580846905708313}
[2025-06-04 16:56:34] - test_results: {'mae': 0.26755785942077637, 'mape': 2.9712488651275635, 'mse': 0.18402744829654694, 'rmse': 0.4289841949939728}
[2025-06-04 16:56:54] - Epoch: 14 cost time: 416.9238405227661
[2025-06-04 16:56:54] - Traininng loss : 0.4030019330873824
[2025-06-04 16:57:01] - vali_results: {'mae': 0.2613910734653473, 'mape': 2.267516613006592, 'mse': 0.17192089557647705, 'rmse': 0.41463345289230347}
[2025-06-04 16:57:05] - test_results: {'mae': 0.2657181918621063, 'mape': 2.9029366970062256, 'mse': 0.18230736255645752, 'rmse': 0.42697465419769287}
[2025-06-04 16:57:24] - Epoch: 15 cost time: 446.8583345413208
[2025-06-04 16:57:24] - Traininng loss : 0.40282129059758104
[2025-06-04 16:57:30] - vali_results: {'mae': 0.26253068447113037, 'mape': 2.340460777282715, 'mse': 0.17238134145736694, 'rmse': 0.4151883125305176}
[2025-06-04 16:57:34] - test_results: {'mae': 0.2682760953903198, 'mape': 2.994727611541748, 'mse': 0.18386287987232208, 'rmse': 0.4287923574447632}
[2025-06-04 16:57:54] - Epoch: 16 cost time: 476.5904574394226
[2025-06-04 16:57:54] - Traininng loss : 0.4023073178634309
[2025-06-04 16:58:01] - vali_results: {'mae': 0.2611461579799652, 'mape': 2.249631881713867, 'mse': 0.17198488116264343, 'rmse': 0.4147106111049652}
[2025-06-04 16:58:05] - test_results: {'mae': 0.26495280861854553, 'mape': 2.8580639362335205, 'mse': 0.18156397342681885, 'rmse': 0.42610323429107666}
[2025-06-04 16:58:24] - Epoch: 17 cost time: 506.78482365608215
[2025-06-04 16:58:24] - Traininng loss : 0.4021426510915422
[2025-06-04 16:58:31] - vali_results: {'mae': 0.26155033707618713, 'mape': 2.258288621902466, 'mse': 0.17181168496608734, 'rmse': 0.41450172662734985}
[2025-06-04 16:58:35] - test_results: {'mae': 0.2656211853027344, 'mape': 2.88594388961792, 'mse': 0.18202103674411774, 'rmse': 0.42663922905921936}
[2025-06-04 16:58:35] - loss no decreased for 5 epochs,  early stopping ....
[2025-06-04 16:58:39] - test_results: {'mae': 0.26678621768951416, 'mape': 2.872074842453003, 'mse': 0.1825801432132721, 'rmse': 0.427293986082077}
