[2025-06-03 19:29:40] - run : 3 in seed: 5
[2025-06-03 19:29:40] - +-----------------------------------+------------+
|              Modules              | Parameters |
+-----------------------------------+------------+
|     fm.Linear_Seasonal.weight     |   16128    |
|      fm.Linear_Seasonal.bias      |    168     |
|       fm.Linear_Trend.weight      |   16128    |
|        fm.Linear_Trend.bias       |    168     |
|             nm.weight             |    1724    |
| nm.model_freq.model_freq.0.weight |    6144    |
|  nm.model_freq.model_freq.0.bias  |     64     |
|  nm.model_freq.model_all.0.weight |   20480    |
|   nm.model_freq.model_all.0.bias  |    128     |
|  nm.model_freq.model_all.2.weight |   21504    |
|   nm.model_freq.model_all.2.bias  |    168     |
| nm.model_pred.model_freq.0.weight |   24576    |
|  nm.model_pred.model_freq.0.bias  |    256     |
|  nm.model_pred.model_all.0.weight |   180224   |
|   nm.model_pred.model_all.0.bias  |    512     |
|  nm.model_pred.model_all.2.weight |   86016    |
|   nm.model_pred.model_all.2.bias  |    168     |
+-----------------------------------+------------+
[2025-06-03 19:29:40] - Total Trainable Params: 374556
[2025-06-03 19:29:40] - model parameters: 374556
[2025-06-03 19:30:03] - Epoch: 1 cost time: 23.118313312530518
[2025-06-03 19:30:03] - Traininng loss : 0.8845185608939922
[2025-06-03 19:30:14] - vali_results: {'mae': 0.32191598415374756, 'mape': 4.920676231384277, 'mse': 0.3624764680862427, 'rmse': 0.6020601987838745}
[2025-06-03 19:30:20] - test_results: {'mae': 0.37429022789001465, 'mape': 8.15422248840332, 'mse': 0.46585410833358765, 'rmse': 0.6825350522994995}
[2025-06-03 19:30:43] - Epoch: 2 cost time: 63.30224418640137
[2025-06-03 19:30:43] - Traininng loss : 0.6618826037391703
[2025-06-03 19:30:54] - vali_results: {'mae': 0.3037831485271454, 'mape': 4.693542003631592, 'mse': 0.3383207619190216, 'rmse': 0.5816534757614136}
[2025-06-03 19:31:01] - test_results: {'mae': 0.35956528782844543, 'mape': 7.822628021240234, 'mse': 0.4465181231498718, 'rmse': 0.6682201027870178}
[2025-06-03 19:31:24] - Epoch: 3 cost time: 103.77800369262695
[2025-06-03 19:31:24] - Traininng loss : 0.6322893110361505
[2025-06-03 19:31:35] - vali_results: {'mae': 0.297967791557312, 'mape': 4.528542518615723, 'mse': 0.33168572187423706, 'rmse': 0.5759216547012329}
[2025-06-03 19:31:41] - test_results: {'mae': 0.3535652458667755, 'mape': 7.495959281921387, 'mse': 0.4392683804035187, 'rmse': 0.6627732515335083}
[2025-06-03 19:32:05] - Epoch: 4 cost time: 144.9727692604065
[2025-06-03 19:32:05] - Traininng loss : 0.6187967650116758
[2025-06-03 19:32:15] - vali_results: {'mae': 0.29514551162719727, 'mape': 4.47015905380249, 'mse': 0.32786324620246887, 'rmse': 0.5725934505462646}
[2025-06-03 19:32:21] - test_results: {'mae': 0.35154396295547485, 'mape': 7.4269118309021, 'mse': 0.4367372989654541, 'rmse': 0.6608610153198242}
[2025-06-03 19:32:44] - Epoch: 5 cost time: 184.17393898963928
[2025-06-03 19:32:44] - Traininng loss : 0.6100588218962892
[2025-06-03 19:32:54] - vali_results: {'mae': 0.2920001447200775, 'mape': 4.4239821434021, 'mse': 0.3249737620353699, 'rmse': 0.5700647234916687}
[2025-06-03 19:33:01] - test_results: {'mae': 0.3485976755619049, 'mape': 7.351987838745117, 'mse': 0.4339442849159241, 'rmse': 0.6587444543838501}
[2025-06-03 19:33:24] - Epoch: 6 cost time: 223.86685037612915
[2025-06-03 19:33:24] - Traininng loss : 0.6031867460684573
[2025-06-03 19:33:34] - vali_results: {'mae': 0.29055869579315186, 'mape': 4.403899192810059, 'mse': 0.32251274585723877, 'rmse': 0.5679020285606384}
[2025-06-03 19:33:41] - test_results: {'mae': 0.3480541706085205, 'mape': 7.374867916107178, 'mse': 0.43264564871788025, 'rmse': 0.6577580571174622}
[2025-06-03 19:34:05] - Epoch: 7 cost time: 265.22976779937744
[2025-06-03 19:34:05] - Traininng loss : 0.5978066046187218
[2025-06-03 19:34:17] - vali_results: {'mae': 0.29010510444641113, 'mape': 4.439195156097412, 'mse': 0.321539044380188, 'rmse': 0.5670441389083862}
[2025-06-03 19:34:24] - test_results: {'mae': 0.3473878502845764, 'mape': 7.35118293762207, 'mse': 0.43108344078063965, 'rmse': 0.6565694212913513}
[2025-06-03 19:34:48] - Epoch: 8 cost time: 307.5719485282898
[2025-06-03 19:34:48] - Traininng loss : 0.5934790875366394
[2025-06-03 19:34:59] - vali_results: {'mae': 0.28810039162635803, 'mape': 4.460901260375977, 'mse': 0.3190247416496277, 'rmse': 0.5648227334022522}
[2025-06-03 19:35:06] - test_results: {'mae': 0.3461048901081085, 'mape': 7.403458595275879, 'mse': 0.4296705424785614, 'rmse': 0.6554926037788391}
[2025-06-03 19:35:29] - Epoch: 9 cost time: 349.3383467197418
[2025-06-03 19:35:29] - Traininng loss : 0.5899442274202692
[2025-06-03 19:35:41] - vali_results: {'mae': 0.28743812441825867, 'mape': 4.337589740753174, 'mse': 0.3190132975578308, 'rmse': 0.5648126006126404}
[2025-06-03 19:35:48] - test_results: {'mae': 0.3443324565887451, 'mape': 7.106877326965332, 'mse': 0.4280485212802887, 'rmse': 0.6542541980743408}
[2025-06-03 19:36:13] - Epoch: 10 cost time: 392.69467210769653
[2025-06-03 19:36:13] - Traininng loss : 0.5868740524066255
[2025-06-03 19:36:24] - vali_results: {'mae': 0.28550854325294495, 'mape': 4.2540283203125, 'mse': 0.3182963728904724, 'rmse': 0.5641776323318481}
[2025-06-03 19:36:31] - test_results: {'mae': 0.3417210280895233, 'mape': 6.936863899230957, 'mse': 0.42595887184143066, 'rmse': 0.6526552438735962}
[2025-06-03 19:36:55] - Epoch: 11 cost time: 435.10407853126526
[2025-06-03 19:36:55] - Traininng loss : 0.5842723859117386
[2025-06-03 19:37:07] - vali_results: {'mae': 0.28482767939567566, 'mape': 4.349324703216553, 'mse': 0.31611165404319763, 'rmse': 0.5622380971908569}
[2025-06-03 19:37:13] - test_results: {'mae': 0.3424432873725891, 'mape': 7.188867568969727, 'mse': 0.4259360432624817, 'rmse': 0.652637779712677}
[2025-06-03 19:37:38] - Epoch: 12 cost time: 477.5176889896393
[2025-06-03 19:37:38] - Traininng loss : 0.5818154261784351
[2025-06-03 19:37:49] - vali_results: {'mae': 0.28534117341041565, 'mape': 4.308882713317871, 'mse': 0.3169049918651581, 'rmse': 0.562943160533905}
[2025-06-03 19:37:56] - test_results: {'mae': 0.3423132002353668, 'mape': 6.954224586486816, 'mse': 0.4254319965839386, 'rmse': 0.6522514820098877}
[2025-06-03 19:38:20] - Epoch: 13 cost time: 520.2528517246246
[2025-06-03 19:38:20] - Traininng loss : 0.5796950186820741
[2025-06-03 19:38:32] - vali_results: {'mae': 0.2845953106880188, 'mape': 4.382806777954102, 'mse': 0.31493526697158813, 'rmse': 0.5611909627914429}
[2025-06-03 19:38:38] - test_results: {'mae': 0.34184834361076355, 'mape': 7.190581321716309, 'mse': 0.4241117238998413, 'rmse': 0.6512386202812195}
[2025-06-03 19:39:03] - Epoch: 14 cost time: 562.8111410140991
[2025-06-03 19:39:03] - Traininng loss : 0.5779606611170667
[2025-06-03 19:39:14] - vali_results: {'mae': 0.2839811146259308, 'mape': 4.366589546203613, 'mse': 0.3142684996128082, 'rmse': 0.5605965852737427}
[2025-06-03 19:39:20] - test_results: {'mae': 0.34158018231391907, 'mape': 7.162513732910156, 'mse': 0.4239332675933838, 'rmse': 0.6511015892028809}
[2025-06-03 19:39:44] - Epoch: 15 cost time: 604.220743894577
[2025-06-03 19:39:44] - Traininng loss : 0.5764092016727367
[2025-06-03 19:39:56] - vali_results: {'mae': 0.28403982520103455, 'mape': 4.399582862854004, 'mse': 0.31359994411468506, 'rmse': 0.559999942779541}
[2025-06-03 19:40:03] - test_results: {'mae': 0.34180885553359985, 'mape': 7.201687812805176, 'mse': 0.42354777455329895, 'rmse': 0.6508054733276367}
[2025-06-03 19:40:27] - Epoch: 16 cost time: 646.5870349407196
[2025-06-03 19:40:27] - Traininng loss : 0.5747332021277002
[2025-06-03 19:40:38] - vali_results: {'mae': 0.2830943763256073, 'mape': 4.376880645751953, 'mse': 0.31325191259384155, 'rmse': 0.5596891045570374}
[2025-06-03 19:40:45] - test_results: {'mae': 0.34023353457450867, 'mape': 7.202965259552002, 'mse': 0.42175865173339844, 'rmse': 0.6494295001029968}
[2025-06-03 19:41:09] - Epoch: 17 cost time: 689.1550688743591
[2025-06-03 19:41:09] - Traininng loss : 0.5734110806692154
[2025-06-03 19:41:21] - vali_results: {'mae': 0.2826804518699646, 'mape': 4.30845308303833, 'mse': 0.3134154975414276, 'rmse': 0.5598352551460266}
[2025-06-03 19:41:28] - test_results: {'mae': 0.3395289182662964, 'mape': 6.988654136657715, 'mse': 0.4215278625488281, 'rmse': 0.6492517590522766}
[2025-06-03 19:41:53] - Epoch: 18 cost time: 732.6331837177277
[2025-06-03 19:41:53] - Traininng loss : 0.5723709914278476
[2025-06-03 19:42:05] - vali_results: {'mae': 0.2820424735546112, 'mape': 4.195211887359619, 'mse': 0.31388771533966064, 'rmse': 0.560256838798523}
[2025-06-03 19:42:11] - test_results: {'mae': 0.33904656767845154, 'mape': 6.7985429763793945, 'mse': 0.4221547245979309, 'rmse': 0.649734377861023}
[2025-06-03 19:42:36] - Epoch: 19 cost time: 775.596531867981
[2025-06-03 19:42:36] - Traininng loss : 0.5712843209188035
[2025-06-03 19:42:47] - vali_results: {'mae': 0.2831658720970154, 'mape': 4.433046340942383, 'mse': 0.31146368384361267, 'rmse': 0.5580893158912659}
[2025-06-03 19:42:54] - test_results: {'mae': 0.34075430035591125, 'mape': 7.300776958465576, 'mse': 0.420915812253952, 'rmse': 0.6487802267074585}
[2025-06-03 19:43:18] - Epoch: 20 cost time: 817.8926258087158
[2025-06-03 19:43:18] - Traininng loss : 0.5702715031010039
[2025-06-03 19:43:29] - vali_results: {'mae': 0.28218308091163635, 'mape': 4.3314995765686035, 'mse': 0.3121485114097595, 'rmse': 0.5587025284767151}
[2025-06-03 19:43:36] - test_results: {'mae': 0.33963537216186523, 'mape': 7.065572261810303, 'mse': 0.42102155089378357, 'rmse': 0.6488617062568665}
[2025-06-03 19:44:01] - Epoch: 21 cost time: 860.7058565616608
[2025-06-03 19:44:01] - Traininng loss : 0.5692659889129882
[2025-06-03 19:44:12] - vali_results: {'mae': 0.28127697110176086, 'mape': 4.367349624633789, 'mse': 0.3107038736343384, 'rmse': 0.5574081540107727}
[2025-06-03 19:44:19] - test_results: {'mae': 0.3391600549221039, 'mape': 7.1249823570251465, 'mse': 0.4201337993144989, 'rmse': 0.6481772661209106}
[2025-06-03 19:44:44] - Epoch: 22 cost time: 903.6696133613586
[2025-06-03 19:44:44] - Traininng loss : 0.5683603430999086
[2025-06-03 19:44:56] - vali_results: {'mae': 0.28188472986221313, 'mape': 4.3897857666015625, 'mse': 0.3106667399406433, 'rmse': 0.557374894618988}
[2025-06-03 19:45:02] - test_results: {'mae': 0.33922359347343445, 'mape': 7.1730546951293945, 'mse': 0.4194347858428955, 'rmse': 0.6476378440856934}
[2025-06-03 19:45:27] - Epoch: 23 cost time: 946.4576318264008
[2025-06-03 19:45:27] - Traininng loss : 0.5676325469257983
[2025-06-03 19:45:38] - vali_results: {'mae': 0.2802419364452362, 'mape': 4.333771228790283, 'mse': 0.3102988600730896, 'rmse': 0.5570447444915771}
[2025-06-03 19:45:44] - test_results: {'mae': 0.3378605842590332, 'mape': 7.088535785675049, 'mse': 0.4195595979690552, 'rmse': 0.6477342247962952}
[2025-06-03 19:46:09] - Epoch: 24 cost time: 988.626975774765
[2025-06-03 19:46:09] - Traininng loss : 0.5668658983517201
[2025-06-03 19:46:20] - vali_results: {'mae': 0.28035488724708557, 'mape': 4.325416564941406, 'mse': 0.3100447952747345, 'rmse': 0.5568166375160217}
[2025-06-03 19:46:27] - test_results: {'mae': 0.3379482328891754, 'mape': 7.054579257965088, 'mse': 0.4188433289527893, 'rmse': 0.6471810340881348}
[2025-06-03 19:46:51] - Epoch: 25 cost time: 1031.2505507469177
[2025-06-03 19:46:51] - Traininng loss : 0.566146858987656
[2025-06-03 19:47:03] - vali_results: {'mae': 0.2806103825569153, 'mape': 4.36219596862793, 'mse': 0.3096027672290802, 'rmse': 0.5564196109771729}
[2025-06-03 19:47:10] - test_results: {'mae': 0.33810484409332275, 'mape': 7.140949249267578, 'mse': 0.4183119237422943, 'rmse': 0.6467703580856323}
[2025-06-03 19:47:34] - Epoch: 26 cost time: 1074.244954586029
[2025-06-03 19:47:34] - Traininng loss : 0.5655183617738967
[2025-06-03 19:47:46] - vali_results: {'mae': 0.27977046370506287, 'mape': 4.24459981918335, 'mse': 0.31024131178855896, 'rmse': 0.5569931268692017}
[2025-06-03 19:47:54] - test_results: {'mae': 0.3364032506942749, 'mape': 6.870075702667236, 'mse': 0.41759705543518066, 'rmse': 0.6462175250053406}
[2025-06-03 19:48:18] - Epoch: 27 cost time: 1118.314804315567
[2025-06-03 19:48:18] - Traininng loss : 0.5648185190685252
[2025-06-03 19:48:30] - vali_results: {'mae': 0.2811121642589569, 'mape': 4.422808647155762, 'mse': 0.3087025582790375, 'rmse': 0.5556100606918335}
[2025-06-03 19:48:37] - test_results: {'mae': 0.3395206332206726, 'mape': 7.300148963928223, 'mse': 0.41890934109687805, 'rmse': 0.6472320556640625}
[2025-06-03 19:49:02] - Epoch: 28 cost time: 1161.4263081550598
[2025-06-03 19:49:02] - Traininng loss : 0.5642940417883244
[2025-06-03 19:49:13] - vali_results: {'mae': 0.28004342317581177, 'mape': 4.324773788452148, 'mse': 0.30890142917633057, 'rmse': 0.5557889938354492}
[2025-06-03 19:49:20] - test_results: {'mae': 0.3372669219970703, 'mape': 7.021456718444824, 'mse': 0.4173862934112549, 'rmse': 0.6460543870925903}
[2025-06-03 19:49:50] - Epoch: 29 cost time: 1210.0060284137726
[2025-06-03 19:49:50] - Traininng loss : 0.5637828428694542
[2025-06-03 19:50:02] - vali_results: {'mae': 0.27945151925086975, 'mape': 4.335663318634033, 'mse': 0.30853843688964844, 'rmse': 0.5554623603820801}
[2025-06-03 19:50:08] - test_results: {'mae': 0.33718129992485046, 'mape': 7.069406509399414, 'mse': 0.41747966408729553, 'rmse': 0.6461266875267029}
[2025-06-03 19:50:33] - Epoch: 30 cost time: 1252.4599528312683
[2025-06-03 19:50:33] - Traininng loss : 0.5631089814482851
[2025-06-03 19:50:44] - vali_results: {'mae': 0.27920225262641907, 'mape': 4.280967712402344, 'mse': 0.30882528424263, 'rmse': 0.5557205080986023}
[2025-06-03 19:50:50] - test_results: {'mae': 0.33658260107040405, 'mape': 6.957831859588623, 'mse': 0.41720134019851685, 'rmse': 0.6459112763404846}
[2025-06-03 19:51:15] - Epoch: 31 cost time: 1294.4035818576813
[2025-06-03 19:51:15] - Traininng loss : 0.5627984141415738
[2025-06-03 19:51:25] - vali_results: {'mae': 0.27913448214530945, 'mape': 4.309778213500977, 'mse': 0.30812597274780273, 'rmse': 0.5550909638404846}
[2025-06-03 19:51:32] - test_results: {'mae': 0.33758947253227234, 'mape': 7.1000823974609375, 'mse': 0.4179127514362335, 'rmse': 0.6464617252349854}
[2025-06-03 19:52:06] - Epoch: 32 cost time: 1345.9597318172455
[2025-06-03 19:52:06] - Traininng loss : 0.5622022289862024
[2025-06-03 19:52:17] - vali_results: {'mae': 0.27863603830337524, 'mape': 4.192088603973389, 'mse': 0.3088419437408447, 'rmse': 0.5557354688644409}
[2025-06-03 19:52:24] - test_results: {'mae': 0.33515051007270813, 'mape': 6.7629475593566895, 'mse': 0.41591396927833557, 'rmse': 0.644913911819458}
[2025-06-03 19:53:01] - Epoch: 33 cost time: 1400.473204612732
[2025-06-03 19:53:01] - Traininng loss : 0.5617672106687058
[2025-06-03 19:53:12] - vali_results: {'mae': 0.27877378463745117, 'mape': 4.298341751098633, 'mse': 0.30785611271858215, 'rmse': 0.5548478364944458}
[2025-06-03 19:53:19] - test_results: {'mae': 0.3368352949619293, 'mape': 7.034292697906494, 'mse': 0.4170837104320526, 'rmse': 0.6458202004432678}
[2025-06-03 19:53:43] - Epoch: 34 cost time: 1443.3576714992523
[2025-06-03 19:53:43] - Traininng loss : 0.5613201374703265
[2025-06-03 19:53:56] - vali_results: {'mae': 0.2789161503314972, 'mape': 4.312801361083984, 'mse': 0.30750665068626404, 'rmse': 0.5545328259468079}
[2025-06-03 19:54:03] - test_results: {'mae': 0.3372078537940979, 'mape': 7.072256088256836, 'mse': 0.41717585921287537, 'rmse': 0.645891547203064}
[2025-06-03 19:54:27] - Epoch: 35 cost time: 1486.636161327362
[2025-06-03 19:54:27] - Traininng loss : 0.5609699818206594
[2025-06-03 19:54:39] - vali_results: {'mae': 0.2781220078468323, 'mape': 4.3090362548828125, 'mse': 0.3073311746120453, 'rmse': 0.5543745756149292}
[2025-06-03 19:54:46] - test_results: {'mae': 0.33586177229881287, 'mape': 6.993873596191406, 'mse': 0.4163993299007416, 'rmse': 0.6452901363372803}
[2025-06-03 19:55:10] - Epoch: 36 cost time: 1530.2117474079132
[2025-06-03 19:55:10] - Traininng loss : 0.5603749549135248
[2025-06-03 19:55:22] - vali_results: {'mae': 0.2786576747894287, 'mape': 4.31632137298584, 'mse': 0.30724745988845825, 'rmse': 0.5542990565299988}
[2025-06-03 19:55:29] - test_results: {'mae': 0.33640003204345703, 'mape': 7.06788444519043, 'mse': 0.41610395908355713, 'rmse': 0.645061194896698}
[2025-06-03 19:55:54] - Epoch: 37 cost time: 1573.6724798679352
[2025-06-03 19:55:54] - Traininng loss : 0.5601119618625083
[2025-06-03 19:56:06] - vali_results: {'mae': 0.2779883146286011, 'mape': 4.3137102127075195, 'mse': 0.30664846301078796, 'rmse': 0.5537585020065308}
[2025-06-03 19:56:12] - test_results: {'mae': 0.3360283374786377, 'mape': 7.057137489318848, 'mse': 0.4160224199295044, 'rmse': 0.6449980139732361}
[2025-06-03 19:56:36] - Epoch: 38 cost time: 1616.230459690094
[2025-06-03 19:56:36] - Traininng loss : 0.5597120960976215
[2025-06-03 19:56:48] - vali_results: {'mae': 0.2777141034603119, 'mape': 4.273406982421875, 'mse': 0.3070850670337677, 'rmse': 0.5541525483131409}
[2025-06-03 19:56:54] - test_results: {'mae': 0.33517396450042725, 'mape': 6.906129360198975, 'mse': 0.4154691696166992, 'rmse': 0.6445689797401428}
[2025-06-03 19:57:18] - Epoch: 39 cost time: 1657.860321521759
[2025-06-03 19:57:18] - Traininng loss : 0.5593307468485325
[2025-06-03 19:57:30] - vali_results: {'mae': 0.27834969758987427, 'mape': 4.324466228485107, 'mse': 0.3069065809249878, 'rmse': 0.5539914965629578}
[2025-06-03 19:57:36] - test_results: {'mae': 0.3362484574317932, 'mape': 7.049530982971191, 'mse': 0.4161189794540405, 'rmse': 0.645072877407074}
[2025-06-03 19:58:01] - Epoch: 40 cost time: 1700.456612110138
[2025-06-03 19:58:01] - Traininng loss : 0.5591063832348966
[2025-06-03 19:58:12] - vali_results: {'mae': 0.27762991189956665, 'mape': 4.2743730545043945, 'mse': 0.3067687749862671, 'rmse': 0.5538671016693115}
[2025-06-03 19:58:19] - test_results: {'mae': 0.3349280059337616, 'mape': 6.951980113983154, 'mse': 0.414783775806427, 'rmse': 0.6440370678901672}
[2025-06-03 19:58:44] - Epoch: 41 cost time: 1743.4318010807037
[2025-06-03 19:58:44] - Traininng loss : 0.5587033084098328
[2025-06-03 19:58:55] - vali_results: {'mae': 0.27736926078796387, 'mape': 4.311627388000488, 'mse': 0.30623260140419006, 'rmse': 0.5533828735351562}
[2025-06-03 19:59:02] - test_results: {'mae': 0.33554497361183167, 'mape': 7.036839962005615, 'mse': 0.41536661982536316, 'rmse': 0.6444894075393677}
[2025-06-03 19:59:26] - Epoch: 42 cost time: 1786.2967307567596
[2025-06-03 19:59:26] - Traininng loss : 0.5584126670468361
[2025-06-03 19:59:38] - vali_results: {'mae': 0.277126669883728, 'mape': 4.208804607391357, 'mse': 0.30695539712905884, 'rmse': 0.5540355443954468}
[2025-06-03 19:59:44] - test_results: {'mae': 0.3342324495315552, 'mape': 6.814560413360596, 'mse': 0.41454458236694336, 'rmse': 0.6438513398170471}
[2025-06-03 20:00:09] - Epoch: 43 cost time: 1828.6242077350616
[2025-06-03 20:00:09] - Traininng loss : 0.5580909928267307
[2025-06-03 20:00:20] - vali_results: {'mae': 0.2775765061378479, 'mape': 4.3386688232421875, 'mse': 0.3060074746608734, 'rmse': 0.5531794428825378}
[2025-06-03 20:00:26] - test_results: {'mae': 0.3353530466556549, 'mape': 7.059375762939453, 'mse': 0.41494977474212646, 'rmse': 0.6441659331321716}
[2025-06-03 20:00:50] - Epoch: 44 cost time: 1870.222813129425
[2025-06-03 20:00:50] - Traininng loss : 0.5578868476317284
[2025-06-03 20:01:01] - vali_results: {'mae': 0.27703267335891724, 'mape': 4.297802925109863, 'mse': 0.3058258593082428, 'rmse': 0.5530152320861816}
[2025-06-03 20:01:08] - test_results: {'mae': 0.3345210552215576, 'mape': 7.007741928100586, 'mse': 0.4143162965774536, 'rmse': 0.6436740756034851}
[2025-06-03 20:01:32] - Epoch: 45 cost time: 1911.6228649616241
[2025-06-03 20:01:32] - Traininng loss : 0.5575051634235585
[2025-06-03 20:01:43] - vali_results: {'mae': 0.2765721082687378, 'mape': 4.215135097503662, 'mse': 0.3065238893032074, 'rmse': 0.5536459684371948}
[2025-06-03 20:01:49] - test_results: {'mae': 0.3342340886592865, 'mape': 6.8224029541015625, 'mse': 0.41474515199661255, 'rmse': 0.6440070867538452}
[2025-06-03 20:02:13] - Epoch: 46 cost time: 1952.950214624405
[2025-06-03 20:02:13] - Traininng loss : 0.5572483222535316
[2025-06-03 20:02:25] - vali_results: {'mae': 0.2765153646469116, 'mape': 4.19441032409668, 'mse': 0.3065856099128723, 'rmse': 0.5537017583847046}
[2025-06-03 20:02:31] - test_results: {'mae': 0.33414319157600403, 'mape': 6.8391194343566895, 'mse': 0.4146060645580292, 'rmse': 0.6438990831375122}
[2025-06-03 20:02:56] - Epoch: 47 cost time: 1995.8454687595367
[2025-06-03 20:02:56] - Traininng loss : 0.557046244436122
[2025-06-03 20:03:07] - vali_results: {'mae': 0.27691832184791565, 'mape': 4.3007731437683105, 'mse': 0.3055258095264435, 'rmse': 0.5527439117431641}
[2025-06-03 20:03:14] - test_results: {'mae': 0.33457687497138977, 'mape': 7.005320072174072, 'mse': 0.413998007774353, 'rmse': 0.643426775932312}
[2025-06-03 20:03:38] - Epoch: 48 cost time: 2037.9008209705353
[2025-06-03 20:03:38] - Traininng loss : 0.5567459251652372
[2025-06-03 20:03:49] - vali_results: {'mae': 0.2763177752494812, 'mape': 4.262140274047852, 'mse': 0.30551332235336304, 'rmse': 0.5527325868606567}
[2025-06-03 20:03:56] - test_results: {'mae': 0.3337302505970001, 'mape': 6.9363226890563965, 'mse': 0.4136521518230438, 'rmse': 0.643157958984375}
[2025-06-03 20:04:20] - Epoch: 49 cost time: 2079.5105538368225
[2025-06-03 20:04:20] - Traininng loss : 0.5565667745280773
[2025-06-03 20:04:30] - vali_results: {'mae': 0.2763172686100006, 'mape': 4.257785320281982, 'mse': 0.3056390583515167, 'rmse': 0.5528463125228882}
[2025-06-03 20:04:37] - test_results: {'mae': 0.3341452181339264, 'mape': 6.924999713897705, 'mse': 0.41417214274406433, 'rmse': 0.6435620784759521}
[2025-06-03 20:05:01] - Epoch: 50 cost time: 2120.8148488998413
[2025-06-03 20:05:01] - Traininng loss : 0.5562188195738387
[2025-06-03 20:05:12] - vali_results: {'mae': 0.27684053778648376, 'mape': 4.273190021514893, 'mse': 0.30585023760795593, 'rmse': 0.5530372858047485}
[2025-06-03 20:05:18] - test_results: {'mae': 0.33453992009162903, 'mape': 6.931082725524902, 'mse': 0.41431599855422974, 'rmse': 0.643673837184906}
[2025-06-03 20:05:42] - Epoch: 51 cost time: 2161.870817422867
[2025-06-03 20:05:42] - Traininng loss : 0.5559932748846551
[2025-06-03 20:05:54] - vali_results: {'mae': 0.276384562253952, 'mape': 4.255971431732178, 'mse': 0.30552107095718384, 'rmse': 0.5527396202087402}
[2025-06-03 20:06:00] - test_results: {'mae': 0.3337656557559967, 'mape': 6.881224155426025, 'mse': 0.41372784972190857, 'rmse': 0.6432167887687683}
[2025-06-03 20:06:25] - Epoch: 52 cost time: 2204.6683473587036
[2025-06-03 20:06:25] - Traininng loss : 0.5557563797907626
[2025-06-03 20:06:36] - vali_results: {'mae': 0.27622169256210327, 'mape': 4.294771194458008, 'mse': 0.305123895406723, 'rmse': 0.5523802042007446}
[2025-06-03 20:06:43] - test_results: {'mae': 0.33394676446914673, 'mape': 7.023490905761719, 'mse': 0.41362690925598145, 'rmse': 0.6431383490562439}
[2025-06-03 20:07:08] - Epoch: 53 cost time: 2247.70139837265
[2025-06-03 20:07:08] - Traininng loss : 0.5556965350629167
[2025-06-03 20:07:19] - vali_results: {'mae': 0.2762807309627533, 'mape': 4.313877582550049, 'mse': 0.30469927191734314, 'rmse': 0.5519956946372986}
[2025-06-03 20:07:26] - test_results: {'mae': 0.33421531319618225, 'mape': 7.042060375213623, 'mse': 0.41380828619003296, 'rmse': 0.6432793140411377}
[2025-06-03 20:07:50] - Epoch: 54 cost time: 2290.2530632019043
[2025-06-03 20:07:50] - Traininng loss : 0.5553331033505023
[2025-06-03 20:08:01] - vali_results: {'mae': 0.2759111225605011, 'mape': 4.25563383102417, 'mse': 0.30501076579093933, 'rmse': 0.5522778034210205}
[2025-06-03 20:08:08] - test_results: {'mae': 0.33368614315986633, 'mape': 6.90392541885376, 'mse': 0.4136337339878082, 'rmse': 0.6431436538696289}
[2025-06-03 20:08:32] - Epoch: 55 cost time: 2331.9547057151794
[2025-06-03 20:08:32] - Traininng loss : 0.5552056918435908
[2025-06-03 20:08:43] - vali_results: {'mae': 0.2756650745868683, 'mape': 4.2268385887146, 'mse': 0.3049194812774658, 'rmse': 0.552195131778717}
[2025-06-03 20:08:49] - test_results: {'mae': 0.3331310451030731, 'mape': 6.8884172439575195, 'mse': 0.41315191984176636, 'rmse': 0.642768919467926}
[2025-06-03 20:09:13] - Epoch: 56 cost time: 2373.2663609981537
[2025-06-03 20:09:13] - Traininng loss : 0.5550214109268594
[2025-06-03 20:09:24] - vali_results: {'mae': 0.2757130265235901, 'mape': 4.269550800323486, 'mse': 0.30477750301361084, 'rmse': 0.5520665645599365}
[2025-06-03 20:09:31] - test_results: {'mae': 0.3335699141025543, 'mape': 6.966806411743164, 'mse': 0.41332605481147766, 'rmse': 0.6429044008255005}
[2025-06-03 20:09:55] - Epoch: 57 cost time: 2414.5937292575836
[2025-06-03 20:09:55] - Traininng loss : 0.5548556418494975
[2025-06-03 20:10:06] - vali_results: {'mae': 0.2749825716018677, 'mape': 4.2117719650268555, 'mse': 0.3049558401107788, 'rmse': 0.5522280931472778}
[2025-06-03 20:10:13] - test_results: {'mae': 0.33234626054763794, 'mape': 6.82205867767334, 'mse': 0.41269105672836304, 'rmse': 0.6424103379249573}
[2025-06-03 20:10:37] - Epoch: 58 cost time: 2457.0335416793823
[2025-06-03 20:10:37] - Traininng loss : 0.5545910785489894
[2025-06-03 20:10:48] - vali_results: {'mae': 0.2758057117462158, 'mape': 4.279630184173584, 'mse': 0.30473244190216064, 'rmse': 0.5520257353782654}
[2025-06-03 20:10:55] - test_results: {'mae': 0.3332349956035614, 'mape': 6.944391250610352, 'mse': 0.41272830963134766, 'rmse': 0.6424393653869629}
[2025-06-03 20:10:55] - loss no decreased for 5 epochs,  early stopping ....
[2025-06-03 20:11:02] - test_results: {'mae': 0.33421531319618225, 'mape': 7.042060375213623, 'mse': 0.41380828619003296, 'rmse': 0.6432793140411377}
