[2025-06-05 12:20:17] - run : 1 in seed: 3
[2025-06-05 12:20:17] - +-----------------------------------+------------+
|              Modules              | Parameters |
+-----------------------------------+------------+
|     fm.Linear_Seasonal.weight     |   16128    |
|      fm.Linear_Seasonal.bias      |    168     |
|       fm.Linear_Trend.weight      |   16128    |
|        fm.Linear_Trend.bias       |    168     |
|             nm.weight             |     14     |
| nm.model_freq.model_freq.0.weight |    6144    |
|  nm.model_freq.model_freq.0.bias  |     64     |
|  nm.model_freq.model_all.0.weight |   20480    |
|   nm.model_freq.model_all.0.bias  |    128     |
|  nm.model_freq.model_all.2.weight |   21504    |
|   nm.model_freq.model_all.2.bias  |    168     |
| nm.model_pred.model_freq.0.weight |   24576    |
|  nm.model_pred.model_freq.0.bias  |    256     |
|  nm.model_pred.model_all.0.weight |   180224   |
|   nm.model_pred.model_all.0.bias  |    512     |
|  nm.model_pred.model_all.2.weight |   86016    |
|   nm.model_pred.model_all.2.bias  |    168     |
+-----------------------------------+------------+
[2025-06-05 12:20:17] - Total Trainable Params: 372846
[2025-06-05 12:20:17] - model parameters: 372846
[2025-06-05 12:21:00] - Epoch: 1 cost time: 43.454920530319214
[2025-06-05 12:21:00] - Traininng loss : 0.6978499979154013
[2025-06-05 12:21:07] - vali_results: {'mae': 0.3987419605255127, 'mape': 1.8053117990493774, 'mse': 0.3617647886276245, 'rmse': 0.6014688611030579}
[2025-06-05 12:21:10] - test_results: {'mae': 0.4255842864513397, 'mape': 1.7993286848068237, 'mse': 0.3694780766963959, 'rmse': 0.6078470945358276}
[2025-06-05 12:21:55] - Epoch: 2 cost time: 98.25891423225403
[2025-06-05 12:21:55] - Traininng loss : 0.6437279957646826
[2025-06-05 12:22:02] - vali_results: {'mae': 0.39329248666763306, 'mape': 1.856581687927246, 'mse': 0.35897091031074524, 'rmse': 0.5991418361663818}
[2025-06-05 12:22:05] - test_results: {'mae': 0.42084792256355286, 'mape': 1.8592146635055542, 'mse': 0.3664129078388214, 'rmse': 0.6053205132484436}
[2025-06-05 12:22:51] - Epoch: 3 cost time: 154.15378642082214
[2025-06-05 12:22:51] - Traininng loss : 0.6352112794401776
[2025-06-05 12:22:57] - vali_results: {'mae': 0.3942113220691681, 'mape': 1.8566515445709229, 'mse': 0.35685989260673523, 'rmse': 0.5973775386810303}
[2025-06-05 12:23:00] - test_results: {'mae': 0.4219133257865906, 'mape': 1.844870686531067, 'mse': 0.367541640996933, 'rmse': 0.606252133846283}
[2025-06-05 12:23:44] - Epoch: 4 cost time: 207.7593171596527
[2025-06-05 12:23:44] - Traininng loss : 0.6300605352410534
[2025-06-05 12:23:51] - vali_results: {'mae': 0.39790669083595276, 'mape': 1.8092050552368164, 'mse': 0.35923701524734497, 'rmse': 0.5993638634681702}
[2025-06-05 12:23:55] - test_results: {'mae': 0.4237321615219116, 'mape': 1.793596863746643, 'mse': 0.37106847763061523, 'rmse': 0.6091539263725281}
[2025-06-05 12:24:39] - Epoch: 5 cost time: 262.6388783454895
[2025-06-05 12:24:39] - Traininng loss : 0.6256739314873908
[2025-06-05 12:24:46] - vali_results: {'mae': 0.3918435871601105, 'mape': 1.840366244316101, 'mse': 0.3553239107131958, 'rmse': 0.5960904955863953}
[2025-06-05 12:24:49] - test_results: {'mae': 0.42149195075035095, 'mape': 1.8354133367538452, 'mse': 0.3701639771461487, 'rmse': 0.6084110140800476}
[2025-06-05 12:25:37] - Epoch: 6 cost time: 320.0569546222687
[2025-06-05 12:25:37] - Traininng loss : 0.6217594129243963
[2025-06-05 12:25:44] - vali_results: {'mae': 0.3875504732131958, 'mape': 1.8874709606170654, 'mse': 0.351642906665802, 'rmse': 0.5929948687553406}
[2025-06-05 12:25:47] - test_results: {'mae': 0.4146454334259033, 'mape': 1.8680616617202759, 'mse': 0.3627031445503235, 'rmse': 0.6022484302520752}
[2025-06-05 12:26:32] - Epoch: 7 cost time: 375.28208470344543
[2025-06-05 12:26:32] - Traininng loss : 0.6193040890291324
[2025-06-05 12:26:39] - vali_results: {'mae': 0.389925479888916, 'mape': 1.945157527923584, 'mse': 0.35453149676322937, 'rmse': 0.5954254865646362}
[2025-06-05 12:26:42] - test_results: {'mae': 0.4219741225242615, 'mape': 1.9584051370620728, 'mse': 0.37060078978538513, 'rmse': 0.6087698936462402}
[2025-06-05 12:27:25] - Epoch: 8 cost time: 428.84653425216675
[2025-06-05 12:27:25] - Traininng loss : 0.6166545208064679
[2025-06-05 12:27:32] - vali_results: {'mae': 0.3928956091403961, 'mape': 1.8168636560440063, 'mse': 0.3528946340084076, 'rmse': 0.594049334526062}
[2025-06-05 12:27:36] - test_results: {'mae': 0.42566922307014465, 'mape': 1.8184465169906616, 'mse': 0.37602314352989197, 'rmse': 0.6132072806358337}
[2025-06-05 12:28:19] - Epoch: 9 cost time: 482.84333419799805
[2025-06-05 12:28:19] - Traininng loss : 0.6149343985158044
[2025-06-05 12:28:26] - vali_results: {'mae': 0.3976452648639679, 'mape': 1.7745107412338257, 'mse': 0.3566877245903015, 'rmse': 0.5972334146499634}
[2025-06-05 12:28:30] - test_results: {'mae': 0.43142953515052795, 'mape': 1.7795394659042358, 'mse': 0.3836228549480438, 'rmse': 0.6193729639053345}
[2025-06-05 12:29:15] - Epoch: 10 cost time: 538.2451250553131
[2025-06-05 12:29:15] - Traininng loss : 0.6135581162467786
[2025-06-05 12:29:22] - vali_results: {'mae': 0.3974859416484833, 'mape': 1.82140052318573, 'mse': 0.35890811681747437, 'rmse': 0.5990893840789795}
[2025-06-05 12:29:26] - test_results: {'mae': 0.43065357208251953, 'mape': 1.8456239700317383, 'mse': 0.38380181789398193, 'rmse': 0.6195173859596252}
[2025-06-05 12:30:11] - Epoch: 11 cost time: 594.2304887771606
[2025-06-05 12:30:11] - Traininng loss : 0.6118650523038309
[2025-06-05 12:30:18] - vali_results: {'mae': 0.39567142724990845, 'mape': 1.8786629438400269, 'mse': 0.356001615524292, 'rmse': 0.5966587066650391}
[2025-06-05 12:30:22] - test_results: {'mae': 0.4227416217327118, 'mape': 1.863049030303955, 'mse': 0.37332332134246826, 'rmse': 0.6110019087791443}
[2025-06-05 12:30:22] - loss no decreased for 5 epochs,  early stopping ....
[2025-06-05 12:30:25] - test_results: {'mae': 0.4146454334259033, 'mape': 1.8680616617202759, 'mse': 0.3627031445503235, 'rmse': 0.6022484302520752}
