[2025-06-05 15:08:10] - run : 0 in seed: 2
[2025-06-05 15:08:10] - +-----------------------------------+------------+
|              Modules              | Parameters |
+-----------------------------------+------------+
|     fm.Linear_Seasonal.weight     |    9216    |
|      fm.Linear_Seasonal.bias      |     96     |
|       fm.Linear_Trend.weight      |    9216    |
|        fm.Linear_Trend.bias       |     96     |
|             nm.weight             |     14     |
| nm.model_freq.model_freq.0.weight |    6144    |
|  nm.model_freq.model_freq.0.bias  |     64     |
|  nm.model_freq.model_all.0.weight |   20480    |
|   nm.model_freq.model_all.0.bias  |    128     |
|  nm.model_freq.model_all.2.weight |   12288    |
|   nm.model_freq.model_all.2.bias  |     96     |
| nm.model_pred.model_freq.0.weight |   24576    |
|  nm.model_pred.model_freq.0.bias  |    256     |
|  nm.model_pred.model_all.0.weight |   180224   |
|   nm.model_pred.model_all.0.bias  |    512     |
|  nm.model_pred.model_all.2.weight |   49152    |
|   nm.model_pred.model_all.2.bias  |     96     |
+-----------------------------------+------------+
[2025-06-05 15:08:10] - Total Trainable Params: 312654
[2025-06-05 15:08:10] - model parameters: 312654
[2025-06-05 15:08:48] - Epoch: 1 cost time: 37.619450092315674
[2025-06-05 15:08:48] - Traininng loss : 0.3447673928686629
[2025-06-05 15:08:54] - vali_results: {'mae': 0.26085951924324036, 'mape': 1.5972596406936646, 'mse': 0.15096670389175415, 'rmse': 0.38854435086250305}
[2025-06-05 15:08:58] - test_results: {'mae': 0.20468983054161072, 'mape': 1.9771151542663574, 'mse': 0.08119264990091324, 'rmse': 0.28494325280189514}
[2025-06-05 15:09:34] - Epoch: 2 cost time: 83.39218068122864
[2025-06-05 15:09:34] - Traininng loss : 0.2991513919583114
[2025-06-05 15:09:40] - vali_results: {'mae': 0.2642216384410858, 'mape': 1.5293201208114624, 'mse': 0.15112555027008057, 'rmse': 0.3887487053871155}
[2025-06-05 15:09:43] - test_results: {'mae': 0.2044590711593628, 'mape': 1.911764144897461, 'mse': 0.08017897605895996, 'rmse': 0.28315892815589905}
[2025-06-05 15:10:22] - Epoch: 3 cost time: 131.34565663337708
[2025-06-05 15:10:22] - Traininng loss : 0.29298596493188606
[2025-06-05 15:10:28] - vali_results: {'mae': 0.2658635377883911, 'mape': 1.5265188217163086, 'mse': 0.15452000498771667, 'rmse': 0.3930903375148773}
[2025-06-05 15:10:32] - test_results: {'mae': 0.20456135272979736, 'mape': 1.9667470455169678, 'mse': 0.08084356784820557, 'rmse': 0.2843300402164459}
[2025-06-05 15:11:09] - Epoch: 4 cost time: 179.24961376190186
[2025-06-05 15:11:09] - Traininng loss : 0.2899962758511756
[2025-06-05 15:11:17] - vali_results: {'mae': 0.26614686846733093, 'mape': 1.5377147197723389, 'mse': 0.15209722518920898, 'rmse': 0.3899964392185211}
[2025-06-05 15:11:20] - test_results: {'mae': 0.2047819346189499, 'mape': 1.9345136880874634, 'mse': 0.0805363729596138, 'rmse': 0.2837893068790436}
[2025-06-05 15:11:57] - Epoch: 5 cost time: 226.7813663482666
[2025-06-05 15:11:57] - Traininng loss : 0.2880565464261176
[2025-06-05 15:12:04] - vali_results: {'mae': 0.2636614441871643, 'mape': 1.5403276681900024, 'mse': 0.15024051070213318, 'rmse': 0.38760870695114136}
[2025-06-05 15:12:07] - test_results: {'mae': 0.2033621370792389, 'mape': 1.9190751314163208, 'mse': 0.07967070490121841, 'rmse': 0.282260000705719}
[2025-06-05 15:12:45] - Epoch: 6 cost time: 274.41753792762756
[2025-06-05 15:12:45] - Traininng loss : 0.28671894117532554
[2025-06-05 15:12:51] - vali_results: {'mae': 0.25607848167419434, 'mape': 1.5772643089294434, 'mse': 0.14820483326911926, 'rmse': 0.38497379422187805}
[2025-06-05 15:12:54] - test_results: {'mae': 0.20063060522079468, 'mape': 1.9918487071990967, 'mse': 0.07913611084222794, 'rmse': 0.28131142258644104}
[2025-06-05 15:13:33] - Epoch: 7 cost time: 323.13164472579956
[2025-06-05 15:13:33] - Traininng loss : 0.2864686826279557
[2025-06-05 15:13:40] - vali_results: {'mae': 0.273280531167984, 'mape': 1.4862534999847412, 'mse': 0.15722110867500305, 'rmse': 0.39651116728782654}
[2025-06-05 15:13:43] - test_results: {'mae': 0.20753861963748932, 'mape': 1.8690185546875, 'mse': 0.08160246908664703, 'rmse': 0.2856614589691162}
[2025-06-05 15:14:22] - Epoch: 8 cost time: 371.7553536891937
[2025-06-05 15:14:22] - Traininng loss : 0.2855147306339532
[2025-06-05 15:14:29] - vali_results: {'mae': 0.25745460391044617, 'mape': 1.5678983926773071, 'mse': 0.149274080991745, 'rmse': 0.3863600492477417}
[2025-06-05 15:14:32] - test_results: {'mae': 0.2005610466003418, 'mape': 1.9812440872192383, 'mse': 0.07861001044511795, 'rmse': 0.28037476539611816}
[2025-06-05 15:15:09] - Epoch: 9 cost time: 419.17406392097473
[2025-06-05 15:15:09] - Traininng loss : 0.2844682984088423
[2025-06-05 15:15:16] - vali_results: {'mae': 0.2564462721347809, 'mape': 1.548518419265747, 'mse': 0.1481841802597046, 'rmse': 0.3849469721317291}
[2025-06-05 15:15:19] - test_results: {'mae': 0.19991035759449005, 'mape': 1.946102261543274, 'mse': 0.07829269021749496, 'rmse': 0.27980831265449524}
[2025-06-05 15:15:55] - Epoch: 10 cost time: 464.5305914878845
[2025-06-05 15:15:55] - Traininng loss : 0.2837742420601327
[2025-06-05 15:16:02] - vali_results: {'mae': 0.2582441568374634, 'mape': 1.5582537651062012, 'mse': 0.14849518239498138, 'rmse': 0.3853507339954376}
[2025-06-05 15:16:05] - test_results: {'mae': 0.20053644478321075, 'mape': 1.9587355852127075, 'mse': 0.07843111455440521, 'rmse': 0.28005555272102356}
[2025-06-05 15:16:44] - Epoch: 11 cost time: 513.3060097694397
[2025-06-05 15:16:44] - Traininng loss : 0.2837605009970106
[2025-06-05 15:16:50] - vali_results: {'mae': 0.2541106641292572, 'mape': 1.6075985431671143, 'mse': 0.14731141924858093, 'rmse': 0.38381171226501465}
[2025-06-05 15:16:53] - test_results: {'mae': 0.1995873749256134, 'mape': 2.002302408218384, 'mse': 0.0783689096570015, 'rmse': 0.2799444794654846}
[2025-06-05 15:17:29] - Epoch: 12 cost time: 559.1610541343689
[2025-06-05 15:17:29] - Traininng loss : 0.28274816082369897
[2025-06-05 15:17:36] - vali_results: {'mae': 0.2562949061393738, 'mape': 1.5246554613113403, 'mse': 0.1483205109834671, 'rmse': 0.3851240277290344}
[2025-06-05 15:17:40] - test_results: {'mae': 0.19879601895809174, 'mape': 1.9113410711288452, 'mse': 0.07729174196720123, 'rmse': 0.2780139148235321}
[2025-06-05 15:18:16] - Epoch: 13 cost time: 605.6346247196198
[2025-06-05 15:18:16] - Traininng loss : 0.2829034234776632
[2025-06-05 15:18:22] - vali_results: {'mae': 0.25515177845954895, 'mape': 1.58097505569458, 'mse': 0.14720775187015533, 'rmse': 0.3836766183376312}
[2025-06-05 15:18:25] - test_results: {'mae': 0.19989901781082153, 'mape': 1.9756845235824585, 'mse': 0.0785931795835495, 'rmse': 0.28034475445747375}
[2025-06-05 15:19:01] - Epoch: 14 cost time: 651.0984945297241
[2025-06-05 15:19:01] - Traininng loss : 0.28221711640965397
[2025-06-05 15:19:07] - vali_results: {'mae': 0.25573787093162537, 'mape': 1.642187237739563, 'mse': 0.1480550915002823, 'rmse': 0.38477927446365356}
[2025-06-05 15:19:11] - test_results: {'mae': 0.20145131647586823, 'mape': 2.027784585952759, 'mse': 0.07976869493722916, 'rmse': 0.28243350982666016}
[2025-06-05 15:19:48] - Epoch: 15 cost time: 697.690265417099
[2025-06-05 15:19:48] - Traininng loss : 0.2821343433776523
[2025-06-05 15:19:54] - vali_results: {'mae': 0.25641974806785583, 'mape': 1.5728931427001953, 'mse': 0.1475989818572998, 'rmse': 0.38418611884117126}
[2025-06-05 15:19:58] - test_results: {'mae': 0.2002236545085907, 'mape': 1.9751827716827393, 'mse': 0.07845871150493622, 'rmse': 0.2801048159599304}
[2025-06-05 15:20:36] - Epoch: 16 cost time: 745.6313481330872
[2025-06-05 15:20:36] - Traininng loss : 0.281661074797404
[2025-06-05 15:20:43] - vali_results: {'mae': 0.2599794268608093, 'mape': 1.541269063949585, 'mse': 0.1499054878950119, 'rmse': 0.3871763050556183}
[2025-06-05 15:20:46] - test_results: {'mae': 0.20135901868343353, 'mape': 1.9506804943084717, 'mse': 0.0790061205625534, 'rmse': 0.2810802757740021}
[2025-06-05 15:21:25] - Epoch: 17 cost time: 794.6943707466125
[2025-06-05 15:21:25] - Traininng loss : 0.281589002398145
[2025-06-05 15:21:32] - vali_results: {'mae': 0.2539164423942566, 'mape': 1.5698798894882202, 'mse': 0.14666256308555603, 'rmse': 0.38296547532081604}
[2025-06-05 15:21:35] - test_results: {'mae': 0.19868388772010803, 'mape': 1.9621487855911255, 'mse': 0.07766275852918625, 'rmse': 0.27868038415908813}
[2025-06-05 15:22:14] - Epoch: 18 cost time: 843.4619319438934
[2025-06-05 15:22:14] - Traininng loss : 0.28135113090453295
[2025-06-05 15:22:20] - vali_results: {'mae': 0.25409427285194397, 'mape': 1.589702844619751, 'mse': 0.1467212289571762, 'rmse': 0.3830420672893524}
[2025-06-05 15:22:24] - test_results: {'mae': 0.19956663250923157, 'mape': 1.9900394678115845, 'mse': 0.07840237021446228, 'rmse': 0.28000423312187195}
[2025-06-05 15:23:01] - Epoch: 19 cost time: 890.9431545734406
[2025-06-05 15:23:01] - Traininng loss : 0.28096865980326147
[2025-06-05 15:23:08] - vali_results: {'mae': 0.2624119222164154, 'mape': 1.5067657232284546, 'mse': 0.15082809329032898, 'rmse': 0.3883659243583679}
[2025-06-05 15:23:11] - test_results: {'mae': 0.20232422649860382, 'mape': 1.8838706016540527, 'mse': 0.0791415274143219, 'rmse': 0.28132104873657227}
[2025-06-05 15:23:47] - Epoch: 20 cost time: 937.0563399791718
[2025-06-05 15:23:47] - Traininng loss : 0.2811015982663969
[2025-06-05 15:23:54] - vali_results: {'mae': 0.25728023052215576, 'mape': 1.6816856861114502, 'mse': 0.14955183863639832, 'rmse': 0.38671931624412537}
[2025-06-05 15:23:57] - test_results: {'mae': 0.2029142677783966, 'mape': 2.0949463844299316, 'mse': 0.08101870119571686, 'rmse': 0.28463783860206604}
[2025-06-05 15:24:34] - Epoch: 21 cost time: 984.1076993942261
[2025-06-05 15:24:34] - Traininng loss : 0.2805704479255984
[2025-06-05 15:24:41] - vali_results: {'mae': 0.25203368067741394, 'mape': 1.5955970287322998, 'mse': 0.14617708325386047, 'rmse': 0.38233110308647156}
[2025-06-05 15:24:45] - test_results: {'mae': 0.19878661632537842, 'mape': 1.995667576789856, 'mse': 0.0781717598438263, 'rmse': 0.2795921266078949}
[2025-06-05 15:25:23] - Epoch: 22 cost time: 1032.5808970928192
[2025-06-05 15:25:23] - Traininng loss : 0.28065731268010696
[2025-06-05 15:25:30] - vali_results: {'mae': 0.25734472274780273, 'mape': 1.5687826871871948, 'mse': 0.1484890729188919, 'rmse': 0.3853428065776825}
[2025-06-05 15:25:33] - test_results: {'mae': 0.20004279911518097, 'mape': 1.967960000038147, 'mse': 0.07834654301404953, 'rmse': 0.2799045145511627}
[2025-06-05 15:26:10] - Epoch: 23 cost time: 1080.1195392608643
[2025-06-05 15:26:10] - Traininng loss : 0.28017414350447645
[2025-06-05 15:26:17] - vali_results: {'mae': 0.2557157874107361, 'mape': 1.5534143447875977, 'mse': 0.14722898602485657, 'rmse': 0.3837043046951294}
[2025-06-05 15:26:21] - test_results: {'mae': 0.1992485076189041, 'mape': 1.9599024057388306, 'mse': 0.07797932624816895, 'rmse': 0.27924779057502747}
[2025-06-05 15:26:57] - Epoch: 24 cost time: 1126.6857063770294
[2025-06-05 15:26:57] - Traininng loss : 0.28010368338339103
[2025-06-05 15:27:04] - vali_results: {'mae': 0.25580599904060364, 'mape': 1.5512983798980713, 'mse': 0.14784149825572968, 'rmse': 0.3845016360282898}
[2025-06-05 15:27:07] - test_results: {'mae': 0.19948376715183258, 'mape': 1.959022879600525, 'mse': 0.07815372198820114, 'rmse': 0.2795598804950714}
[2025-06-05 15:27:44] - Epoch: 25 cost time: 1173.6615550518036
[2025-06-05 15:27:44] - Traininng loss : 0.2797904946572142
[2025-06-05 15:27:50] - vali_results: {'mae': 0.25411301851272583, 'mape': 1.56993567943573, 'mse': 0.14678940176963806, 'rmse': 0.3831310570240021}
[2025-06-05 15:27:53] - test_results: {'mae': 0.19932396709918976, 'mape': 1.981749176979065, 'mse': 0.07821227610111237, 'rmse': 0.2796645760536194}
[2025-06-05 15:28:31] - Epoch: 26 cost time: 1220.544917345047
[2025-06-05 15:28:31] - Traininng loss : 0.27978549506748246
[2025-06-05 15:28:38] - vali_results: {'mae': 0.2571808993816376, 'mape': 1.5515910387039185, 'mse': 0.14707797765731812, 'rmse': 0.38350746035575867}
[2025-06-05 15:28:41] - test_results: {'mae': 0.20058831572532654, 'mape': 1.9356601238250732, 'mse': 0.07811862975358963, 'rmse': 0.27949708700180054}
[2025-06-05 15:28:41] - loss no decreased for 5 epochs,  early stopping ....
[2025-06-05 15:28:45] - test_results: {'mae': 0.19878661632537842, 'mape': 1.995667576789856, 'mse': 0.0781717598438263, 'rmse': 0.2795921266078949}
