[2025-06-03 16:32:59] - run : 2 in seed: 4
[2025-06-03 16:32:59] - +-----------------------------------+------------+
|              Modules              | Parameters |
+-----------------------------------+------------+
|     fm.Linear_Seasonal.weight     |    9216    |
|      fm.Linear_Seasonal.bias      |     96     |
|       fm.Linear_Trend.weight      |    9216    |
|        fm.Linear_Trend.bias       |     96     |
|             nm.weight             |    1724    |
| nm.model_freq.model_freq.0.weight |    6144    |
|  nm.model_freq.model_freq.0.bias  |     64     |
|  nm.model_freq.model_all.0.weight |   20480    |
|   nm.model_freq.model_all.0.bias  |    128     |
|  nm.model_freq.model_all.2.weight |   12288    |
|   nm.model_freq.model_all.2.bias  |     96     |
| nm.model_pred.model_freq.0.weight |   24576    |
|  nm.model_pred.model_freq.0.bias  |    256     |
|  nm.model_pred.model_all.0.weight |   180224   |
|   nm.model_pred.model_all.0.bias  |    512     |
|  nm.model_pred.model_all.2.weight |   49152    |
|   nm.model_pred.model_all.2.bias  |     96     |
+-----------------------------------+------------+
[2025-06-03 16:32:59] - Total Trainable Params: 314364
[2025-06-03 16:32:59] - model parameters: 314364
[2025-06-03 16:33:17] - Epoch: 1 cost time: 17.927556037902832
[2025-06-03 16:33:17] - Traininng loss : 0.9143321600855974
[2025-06-03 16:33:24] - vali_results: {'mae': 0.34011310338974, 'mape': 5.0695037841796875, 'mse': 0.3923090398311615, 'rmse': 0.6263457536697388}
[2025-06-03 16:33:28] - test_results: {'mae': 0.3782086968421936, 'mape': 7.830474376678467, 'mse': 0.4707429111003876, 'rmse': 0.6861070990562439}
[2025-06-03 16:33:46] - Epoch: 2 cost time: 47.16524314880371
[2025-06-03 16:33:46] - Traininng loss : 0.7103042056951573
[2025-06-03 16:33:53] - vali_results: {'mae': 0.32138776779174805, 'mape': 4.75048828125, 'mse': 0.36486274003982544, 'rmse': 0.6040387153625488}
[2025-06-03 16:33:57] - test_results: {'mae': 0.3613172471523285, 'mape': 7.2141876220703125, 'mse': 0.44592413306236267, 'rmse': 0.6677755117416382}
[2025-06-03 16:34:14] - Epoch: 3 cost time: 75.73237133026123
[2025-06-03 16:34:14] - Traininng loss : 0.6733824257497434
[2025-06-03 16:34:22] - vali_results: {'mae': 0.3150966465473175, 'mape': 4.765621662139893, 'mse': 0.3528349995613098, 'rmse': 0.5939991474151611}
[2025-06-03 16:34:26] - test_results: {'mae': 0.3575727641582489, 'mape': 7.2497639656066895, 'mse': 0.43677499890327454, 'rmse': 0.6608895659446716}
[2025-06-03 16:34:43] - Epoch: 4 cost time: 104.77754259109497
[2025-06-03 16:34:43] - Traininng loss : 0.6525011912540153
[2025-06-03 16:34:51] - vali_results: {'mae': 0.31085216999053955, 'mape': 4.6101579666137695, 'mse': 0.3488864302635193, 'rmse': 0.5906661152839661}
[2025-06-03 16:34:55] - test_results: {'mae': 0.35280850529670715, 'mape': 6.817532539367676, 'mse': 0.4317373037338257, 'rmse': 0.6570671796798706}
[2025-06-03 16:35:13] - Epoch: 5 cost time: 134.03532075881958
[2025-06-03 16:35:13] - Traininng loss : 0.6388388597776019
[2025-06-03 16:35:20] - vali_results: {'mae': 0.30594074726104736, 'mape': 4.492645263671875, 'mse': 0.3435242474079132, 'rmse': 0.5861093997955322}
[2025-06-03 16:35:25] - test_results: {'mae': 0.3495030403137207, 'mape': 6.485271453857422, 'mse': 0.42854225635528564, 'rmse': 0.6546313762664795}
[2025-06-03 16:35:42] - Epoch: 6 cost time: 163.72929096221924
[2025-06-03 16:35:42] - Traininng loss : 0.6285825728108643
[2025-06-03 16:35:50] - vali_results: {'mae': 0.3041123151779175, 'mape': 4.541481971740723, 'mse': 0.3391787111759186, 'rmse': 0.5823904871940613}
[2025-06-03 16:35:55] - test_results: {'mae': 0.3478444218635559, 'mape': 6.806673049926758, 'mse': 0.423679381608963, 'rmse': 0.6509065628051758}
[2025-06-03 16:36:13] - Epoch: 7 cost time: 193.92987847328186
[2025-06-03 16:36:13] - Traininng loss : 0.6208688238310436
[2025-06-03 16:36:20] - vali_results: {'mae': 0.3023622930049896, 'mape': 4.396936416625977, 'mse': 0.3389153778553009, 'rmse': 0.5821644067764282}
[2025-06-03 16:36:24] - test_results: {'mae': 0.345178484916687, 'mape': 6.410579204559326, 'mse': 0.42261675000190735, 'rmse': 0.6500898003578186}
[2025-06-03 16:36:42] - Epoch: 8 cost time: 223.31186938285828
[2025-06-03 16:36:42] - Traininng loss : 0.6146421388343528
[2025-06-03 16:36:49] - vali_results: {'mae': 0.30171671509742737, 'mape': 4.515932083129883, 'mse': 0.3350589871406555, 'rmse': 0.57884281873703}
[2025-06-03 16:36:54] - test_results: {'mae': 0.3455353081226349, 'mape': 6.697669506072998, 'mse': 0.419738233089447, 'rmse': 0.6478720903396606}
[2025-06-03 16:37:12] - Epoch: 9 cost time: 252.93794131278992
[2025-06-03 16:37:12] - Traininng loss : 0.6096443349406833
[2025-06-03 16:37:19] - vali_results: {'mae': 0.30080291628837585, 'mape': 4.513134002685547, 'mse': 0.33366650342941284, 'rmse': 0.5776387453079224}
[2025-06-03 16:37:24] - test_results: {'mae': 0.34564530849456787, 'mape': 6.710925579071045, 'mse': 0.4196091294288635, 'rmse': 0.6477724313735962}
[2025-06-03 16:37:42] - Epoch: 10 cost time: 283.328022480011
[2025-06-03 16:37:42] - Traininng loss : 0.6055967434058114
[2025-06-03 16:37:50] - vali_results: {'mae': 0.29930007457733154, 'mape': 4.499330043792725, 'mse': 0.33242297172546387, 'rmse': 0.5765613317489624}
[2025-06-03 16:37:54] - test_results: {'mae': 0.34343421459198, 'mape': 6.656202793121338, 'mse': 0.4174841046333313, 'rmse': 0.6461300849914551}
[2025-06-03 16:38:12] - Epoch: 11 cost time: 313.7231774330139
[2025-06-03 16:38:12] - Traininng loss : 0.602125795745345
[2025-06-03 16:38:20] - vali_results: {'mae': 0.30143293738365173, 'mape': 4.531386375427246, 'mse': 0.33233892917633057, 'rmse': 0.5764884352684021}
[2025-06-03 16:38:25] - test_results: {'mae': 0.3462647795677185, 'mape': 6.64388370513916, 'mse': 0.417936235666275, 'rmse': 0.6464799046516418}
[2025-06-03 16:38:43] - Epoch: 12 cost time: 344.0221345424652
[2025-06-03 16:38:43] - Traininng loss : 0.5993943307450209
[2025-06-03 16:38:50] - vali_results: {'mae': 0.2992780804634094, 'mape': 4.447544097900391, 'mse': 0.33096277713775635, 'rmse': 0.5752936601638794}
[2025-06-03 16:38:55] - test_results: {'mae': 0.34461191296577454, 'mape': 6.576155185699463, 'mse': 0.4171317517757416, 'rmse': 0.6458573937416077}
[2025-06-03 16:39:13] - Epoch: 13 cost time: 373.91214060783386
[2025-06-03 16:39:13] - Traininng loss : 0.59667989438173
[2025-06-03 16:39:20] - vali_results: {'mae': 0.2992844879627228, 'mape': 4.553951263427734, 'mse': 0.3299536406993866, 'rmse': 0.574415922164917}
[2025-06-03 16:39:25] - test_results: {'mae': 0.3441166281700134, 'mape': 6.637609004974365, 'mse': 0.41531479358673096, 'rmse': 0.6444492340087891}
[2025-06-03 16:39:43] - Epoch: 14 cost time: 403.8903741836548
[2025-06-03 16:39:43] - Traininng loss : 0.5946015001289429
[2025-06-03 16:39:50] - vali_results: {'mae': 0.29687729477882385, 'mape': 4.4397759437561035, 'mse': 0.3297656178474426, 'rmse': 0.5742522478103638}
[2025-06-03 16:39:55] - test_results: {'mae': 0.3403354287147522, 'mape': 6.4160637855529785, 'mse': 0.4135390520095825, 'rmse': 0.6430700421333313}
[2025-06-03 16:40:13] - Epoch: 15 cost time: 434.3086407184601
[2025-06-03 16:40:13] - Traininng loss : 0.5925725061426718
[2025-06-03 16:40:21] - vali_results: {'mae': 0.2974821925163269, 'mape': 4.588501930236816, 'mse': 0.32778382301330566, 'rmse': 0.5725240707397461}
[2025-06-03 16:40:25] - test_results: {'mae': 0.34203585982322693, 'mape': 6.713996410369873, 'mse': 0.41285979747772217, 'rmse': 0.6425416469573975}
[2025-06-03 16:40:43] - Epoch: 16 cost time: 464.6966972351074
[2025-06-03 16:40:43] - Traininng loss : 0.5907603074949255
[2025-06-03 16:40:51] - vali_results: {'mae': 0.29610323905944824, 'mape': 4.518814563751221, 'mse': 0.3273606598377228, 'rmse': 0.5721544027328491}
[2025-06-03 16:40:56] - test_results: {'mae': 0.34078627824783325, 'mape': 6.609532833099365, 'mse': 0.41278183460235596, 'rmse': 0.6424810290336609}
[2025-06-03 16:41:14] - Epoch: 17 cost time: 495.0143265724182
[2025-06-03 16:41:14] - Traininng loss : 0.5892963535571224
[2025-06-03 16:41:22] - vali_results: {'mae': 0.2951934039592743, 'mape': 4.414432048797607, 'mse': 0.32721418142318726, 'rmse': 0.5720263719558716}
[2025-06-03 16:41:26] - test_results: {'mae': 0.33976227045059204, 'mape': 6.423889636993408, 'mse': 0.4120557904243469, 'rmse': 0.6419157385826111}
[2025-06-03 16:41:44] - Epoch: 18 cost time: 525.820041179657
[2025-06-03 16:41:44] - Traininng loss : 0.5878821212463278
[2025-06-03 16:41:52] - vali_results: {'mae': 0.2954513430595398, 'mape': 4.387186050415039, 'mse': 0.3274931311607361, 'rmse': 0.5722701549530029}
[2025-06-03 16:41:56] - test_results: {'mae': 0.33992430567741394, 'mape': 6.296622276306152, 'mse': 0.4118865728378296, 'rmse': 0.6417838931083679}
[2025-06-03 16:42:15] - Epoch: 19 cost time: 556.2080616950989
[2025-06-03 16:42:15] - Traininng loss : 0.5865104919072812
[2025-06-03 16:42:23] - vali_results: {'mae': 0.29554080963134766, 'mape': 4.4452385902404785, 'mse': 0.32658517360687256, 'rmse': 0.5714763402938843}
[2025-06-03 16:42:28] - test_results: {'mae': 0.3400087058544159, 'mape': 6.450246810913086, 'mse': 0.4110386371612549, 'rmse': 0.6411229372024536}
[2025-06-03 16:42:45] - Epoch: 20 cost time: 586.3052921295166
[2025-06-03 16:42:45] - Traininng loss : 0.585325889801853
[2025-06-03 16:42:53] - vali_results: {'mae': 0.29436326026916504, 'mape': 4.373315811157227, 'mse': 0.3260554373264313, 'rmse': 0.5710126161575317}
[2025-06-03 16:42:57] - test_results: {'mae': 0.33894485235214233, 'mape': 6.3249406814575195, 'mse': 0.4106108546257019, 'rmse': 0.640789270401001}
[2025-06-03 16:43:15] - Epoch: 21 cost time: 616.1135272979736
[2025-06-03 16:43:15] - Traininng loss : 0.5842171073275269
[2025-06-03 16:43:22] - vali_results: {'mae': 0.29450368881225586, 'mape': 4.5031657218933105, 'mse': 0.32491567730903625, 'rmse': 0.5700137615203857}
[2025-06-03 16:43:26] - test_results: {'mae': 0.3392506241798401, 'mape': 6.59474515914917, 'mse': 0.40957099199295044, 'rmse': 0.6399773359298706}
[2025-06-03 16:43:44] - Epoch: 22 cost time: 645.6575632095337
[2025-06-03 16:43:44] - Traininng loss : 0.5833461483319601
[2025-06-03 16:43:52] - vali_results: {'mae': 0.2944318950176239, 'mape': 4.443183422088623, 'mse': 0.32403215765953064, 'rmse': 0.5692382454872131}
[2025-06-03 16:43:56] - test_results: {'mae': 0.3398289680480957, 'mape': 6.582841396331787, 'mse': 0.4098546802997589, 'rmse': 0.6401989459991455}
[2025-06-03 16:44:14] - Epoch: 23 cost time: 675.5989594459534
[2025-06-03 16:44:14] - Traininng loss : 0.5820897986333837
[2025-06-03 16:44:22] - vali_results: {'mae': 0.29339006543159485, 'mape': 4.390906810760498, 'mse': 0.32445961236953735, 'rmse': 0.5696135759353638}
[2025-06-03 16:44:26] - test_results: {'mae': 0.3387516736984253, 'mape': 6.419007778167725, 'mse': 0.41000404953956604, 'rmse': 0.640315592288971}
[2025-06-03 16:44:44] - Epoch: 24 cost time: 705.4552237987518
[2025-06-03 16:44:44] - Traininng loss : 0.5813359671799594
[2025-06-03 16:44:51] - vali_results: {'mae': 0.29318830370903015, 'mape': 4.370548725128174, 'mse': 0.32525330781936646, 'rmse': 0.5703098177909851}
[2025-06-03 16:44:56] - test_results: {'mae': 0.33708465099334717, 'mape': 6.243929386138916, 'mse': 0.4089857339859009, 'rmse': 0.6395199298858643}
[2025-06-03 16:45:13] - Epoch: 25 cost time: 734.634486913681
[2025-06-03 16:45:13] - Traininng loss : 0.5805230633449302
[2025-06-03 16:45:21] - vali_results: {'mae': 0.29363760352134705, 'mape': 4.379374027252197, 'mse': 0.3250690698623657, 'rmse': 0.5701482892036438}
[2025-06-03 16:45:25] - test_results: {'mae': 0.3385784327983856, 'mape': 6.308237552642822, 'mse': 0.409627765417099, 'rmse': 0.6400216817855835}
[2025-06-03 16:45:43] - Epoch: 26 cost time: 764.70143866539
[2025-06-03 16:45:43] - Traininng loss : 0.5799368433851414
[2025-06-03 16:45:51] - vali_results: {'mae': 0.2930832505226135, 'mape': 4.442523002624512, 'mse': 0.323192298412323, 'rmse': 0.5685000419616699}
[2025-06-03 16:45:55] - test_results: {'mae': 0.3381577134132385, 'mape': 6.479255676269531, 'mse': 0.40805500745773315, 'rmse': 0.6387918591499329}
[2025-06-03 16:46:13] - Epoch: 27 cost time: 794.5802247524261
[2025-06-03 16:46:13] - Traininng loss : 0.5789335692528064
[2025-06-03 16:46:21] - vali_results: {'mae': 0.29287850856781006, 'mape': 4.425617218017578, 'mse': 0.323135644197464, 'rmse': 0.5684502124786377}
[2025-06-03 16:46:25] - test_results: {'mae': 0.33756396174430847, 'mape': 6.501993179321289, 'mse': 0.40760403871536255, 'rmse': 0.6384387612342834}
[2025-06-03 16:46:44] - Epoch: 28 cost time: 825.152426481247
[2025-06-03 16:46:44] - Traininng loss : 0.5783341186387199
[2025-06-03 16:46:52] - vali_results: {'mae': 0.2921275198459625, 'mape': 4.3542962074279785, 'mse': 0.32322007417678833, 'rmse': 0.5685244798660278}
[2025-06-03 16:46:57] - test_results: {'mae': 0.33699217438697815, 'mape': 6.316854476928711, 'mse': 0.40781763195991516, 'rmse': 0.6386060118675232}
[2025-06-03 16:47:14] - Epoch: 29 cost time: 855.8357992172241
[2025-06-03 16:47:14] - Traininng loss : 0.5777175071693602
[2025-06-03 16:47:22] - vali_results: {'mae': 0.29366517066955566, 'mape': 4.480944633483887, 'mse': 0.3222077190876007, 'rmse': 0.5676334500312805}
[2025-06-03 16:47:26] - test_results: {'mae': 0.3399491310119629, 'mape': 6.62321138381958, 'mse': 0.40848082304000854, 'rmse': 0.6391250491142273}
[2025-06-03 16:47:44] - Epoch: 30 cost time: 884.8889677524567
[2025-06-03 16:47:44] - Traininng loss : 0.5769694294563676
[2025-06-03 16:47:51] - vali_results: {'mae': 0.29144057631492615, 'mape': 4.388572692871094, 'mse': 0.32298383116722107, 'rmse': 0.568316638469696}
[2025-06-03 16:47:55] - test_results: {'mae': 0.33544790744781494, 'mape': 6.438525676727295, 'mse': 0.4065288305282593, 'rmse': 0.6375961303710938}
[2025-06-03 16:48:12] - Epoch: 31 cost time: 913.6496043205261
[2025-06-03 16:48:12] - Traininng loss : 0.5763702561300268
[2025-06-03 16:48:20] - vali_results: {'mae': 0.29162919521331787, 'mape': 4.465181350708008, 'mse': 0.3213476538658142, 'rmse': 0.5668753385543823}
[2025-06-03 16:48:24] - test_results: {'mae': 0.33720919489860535, 'mape': 6.544425010681152, 'mse': 0.4071783125400543, 'rmse': 0.6381052732467651}
[2025-06-03 16:48:41] - Epoch: 32 cost time: 942.8183166980743
[2025-06-03 16:48:41] - Traininng loss : 0.575758842721818
[2025-06-03 16:48:49] - vali_results: {'mae': 0.2920159697532654, 'mape': 4.409423828125, 'mse': 0.32136601209640503, 'rmse': 0.5668915510177612}
[2025-06-03 16:48:53] - test_results: {'mae': 0.3383713960647583, 'mape': 6.513314723968506, 'mse': 0.40787559747695923, 'rmse': 0.6386513710021973}
[2025-06-03 16:49:11] - Epoch: 33 cost time: 972.0392687320709
[2025-06-03 16:49:11] - Traininng loss : 0.5752311725780447
[2025-06-03 16:49:18] - vali_results: {'mae': 0.29081493616104126, 'mape': 4.36630916595459, 'mse': 0.32210931181907654, 'rmse': 0.5675467252731323}
[2025-06-03 16:49:22] - test_results: {'mae': 0.33634883165359497, 'mape': 6.242860317230225, 'mse': 0.40709981322288513, 'rmse': 0.6380437612533569}
[2025-06-03 16:49:40] - Epoch: 34 cost time: 1001.3568768501282
[2025-06-03 16:49:40] - Traininng loss : 0.5747901860368315
[2025-06-03 16:49:47] - vali_results: {'mae': 0.2911568880081177, 'mape': 4.423933982849121, 'mse': 0.3209531605243683, 'rmse': 0.5665273070335388}
[2025-06-03 16:49:51] - test_results: {'mae': 0.33688443899154663, 'mape': 6.442490100860596, 'mse': 0.40635448694229126, 'rmse': 0.637459397315979}
[2025-06-03 16:50:09] - Epoch: 35 cost time: 1030.170316696167
[2025-06-03 16:50:09] - Traininng loss : 0.5742721009664434
[2025-06-03 16:50:17] - vali_results: {'mae': 0.29145509004592896, 'mape': 4.4683308601379395, 'mse': 0.3204277455806732, 'rmse': 0.566063404083252}
[2025-06-03 16:50:21] - test_results: {'mae': 0.337558776140213, 'mape': 6.66739559173584, 'mse': 0.406360924243927, 'rmse': 0.6374644637107849}
[2025-06-03 16:50:40] - Epoch: 36 cost time: 1061.08420586586
[2025-06-03 16:50:40] - Traininng loss : 0.5739746803329104
[2025-06-03 16:50:48] - vali_results: {'mae': 0.28977352380752563, 'mape': 4.330066680908203, 'mse': 0.321104496717453, 'rmse': 0.5666608214378357}
[2025-06-03 16:50:52] - test_results: {'mae': 0.3342668116092682, 'mape': 6.307085990905762, 'mse': 0.40502020716667175, 'rmse': 0.6364119648933411}
[2025-06-03 16:51:10] - Epoch: 37 cost time: 1091.2482390403748
[2025-06-03 16:51:10] - Traininng loss : 0.5733742907879844
[2025-06-03 16:51:17] - vali_results: {'mae': 0.2900789678096771, 'mape': 4.366643905639648, 'mse': 0.320901483297348, 'rmse': 0.5664816498756409}
[2025-06-03 16:51:22] - test_results: {'mae': 0.3348725140094757, 'mape': 6.338135242462158, 'mse': 0.4054962992668152, 'rmse': 0.6367859244346619}
[2025-06-03 16:51:40] - Epoch: 38 cost time: 1121.0371205806732
[2025-06-03 16:51:40] - Traininng loss : 0.5729148075694129
[2025-06-03 16:51:47] - vali_results: {'mae': 0.2897379398345947, 'mape': 4.276823043823242, 'mse': 0.3211901783943176, 'rmse': 0.5667364001274109}
[2025-06-03 16:51:51] - test_results: {'mae': 0.3352522552013397, 'mape': 6.118618011474609, 'mse': 0.4060308337211609, 'rmse': 0.6372054815292358}
[2025-06-03 16:52:09] - Epoch: 39 cost time: 1150.4739730358124
[2025-06-03 16:52:09] - Traininng loss : 0.5725470067016663
[2025-06-03 16:52:16] - vali_results: {'mae': 0.2902091145515442, 'mape': 4.432174205780029, 'mse': 0.32015854120254517, 'rmse': 0.5658255219459534}
[2025-06-03 16:52:21] - test_results: {'mae': 0.33514973521232605, 'mape': 6.469042778015137, 'mse': 0.40444234013557434, 'rmse': 0.6359578371047974}
[2025-06-03 16:52:39] - Epoch: 40 cost time: 1180.3471975326538
[2025-06-03 16:52:39] - Traininng loss : 0.5722656517274796
[2025-06-03 16:52:47] - vali_results: {'mae': 0.2895728349685669, 'mape': 4.376662731170654, 'mse': 0.3195756673812866, 'rmse': 0.5653102397918701}
[2025-06-03 16:52:51] - test_results: {'mae': 0.3351700007915497, 'mape': 6.460818290710449, 'mse': 0.40473589301109314, 'rmse': 0.6361885666847229}
[2025-06-03 16:53:09] - Epoch: 41 cost time: 1210.3644633293152
[2025-06-03 16:53:09] - Traininng loss : 0.5717763323632498
[2025-06-03 16:53:17] - vali_results: {'mae': 0.28965917229652405, 'mape': 4.452057361602783, 'mse': 0.31909528374671936, 'rmse': 0.5648851990699768}
[2025-06-03 16:53:21] - test_results: {'mae': 0.3351798951625824, 'mape': 6.610230922698975, 'mse': 0.4043768644332886, 'rmse': 0.6359063386917114}
[2025-06-03 16:53:39] - Epoch: 42 cost time: 1240.3562548160553
[2025-06-03 16:53:39] - Traininng loss : 0.5715269312341377
[2025-06-03 16:53:47] - vali_results: {'mae': 0.2892833352088928, 'mape': 4.413715362548828, 'mse': 0.3194849193096161, 'rmse': 0.5652299523353577}
[2025-06-03 16:53:51] - test_results: {'mae': 0.3343297839164734, 'mape': 6.442340850830078, 'mse': 0.40433573722839355, 'rmse': 0.6358739733695984}
[2025-06-03 16:54:09] - Epoch: 43 cost time: 1270.7317008972168
[2025-06-03 16:54:09] - Traininng loss : 0.5709156819752285
[2025-06-03 16:54:17] - vali_results: {'mae': 0.28874295949935913, 'mape': 4.322188377380371, 'mse': 0.3198022246360779, 'rmse': 0.5655105710029602}
[2025-06-03 16:54:22] - test_results: {'mae': 0.3342824876308441, 'mape': 6.220775604248047, 'mse': 0.40486010909080505, 'rmse': 0.636286199092865}
[2025-06-03 16:54:40] - Epoch: 44 cost time: 1301.6858599185944
[2025-06-03 16:54:40] - Traininng loss : 0.5708183357639919
[2025-06-03 16:54:48] - vali_results: {'mae': 0.2889852821826935, 'mape': 4.352232933044434, 'mse': 0.3196706175804138, 'rmse': 0.5653942227363586}
[2025-06-03 16:54:52] - test_results: {'mae': 0.33420103788375854, 'mape': 6.3141679763793945, 'mse': 0.4046746790409088, 'rmse': 0.6361404657363892}
[2025-06-03 16:55:10] - Epoch: 45 cost time: 1331.6859061717987
[2025-06-03 16:55:10] - Traininng loss : 0.5705336460045406
[2025-06-03 16:55:18] - vali_results: {'mae': 0.2882869243621826, 'mape': 4.333358287811279, 'mse': 0.3191116452217102, 'rmse': 0.5648996829986572}
[2025-06-03 16:55:22] - test_results: {'mae': 0.3336747884750366, 'mape': 6.313540458679199, 'mse': 0.4037836492061615, 'rmse': 0.6354397535324097}
[2025-06-03 16:55:41] - Epoch: 46 cost time: 1361.8756206035614
[2025-06-03 16:55:41] - Traininng loss : 0.5700995635103296
[2025-06-03 16:55:48] - vali_results: {'mae': 0.2885916829109192, 'mape': 4.36858606338501, 'mse': 0.31887850165367126, 'rmse': 0.5646932721138}
[2025-06-03 16:55:52] - test_results: {'mae': 0.3335368037223816, 'mape': 6.326605796813965, 'mse': 0.403510719537735, 'rmse': 0.6352249383926392}
[2025-06-03 16:56:10] - Epoch: 47 cost time: 1391.2238161563873
[2025-06-03 16:56:10] - Traininng loss : 0.5696990553033415
[2025-06-03 16:56:17] - vali_results: {'mae': 0.2885563373565674, 'mape': 4.378241062164307, 'mse': 0.3183111846446991, 'rmse': 0.5641907453536987}
[2025-06-03 16:56:21] - test_results: {'mae': 0.33425718545913696, 'mape': 6.432570457458496, 'mse': 0.4035923480987549, 'rmse': 0.635289192199707}
[2025-06-03 16:56:39] - Epoch: 48 cost time: 1420.709172487259
[2025-06-03 16:56:39] - Traininng loss : 0.5695411145056366
[2025-06-03 16:56:47] - vali_results: {'mae': 0.2874428331851959, 'mape': 4.274198532104492, 'mse': 0.3194272816181183, 'rmse': 0.5651789903640747}
[2025-06-03 16:56:51] - test_results: {'mae': 0.3323909640312195, 'mape': 6.105402946472168, 'mse': 0.4034663140773773, 'rmse': 0.6351900100708008}
[2025-06-03 16:57:09] - Epoch: 49 cost time: 1450.4168586730957
[2025-06-03 16:57:09] - Traininng loss : 0.5690897115008541
[2025-06-03 16:57:17] - vali_results: {'mae': 0.28856268525123596, 'mape': 4.361930847167969, 'mse': 0.3187856674194336, 'rmse': 0.5646110773086548}
[2025-06-03 16:57:21] - test_results: {'mae': 0.3334886431694031, 'mape': 6.343905448913574, 'mse': 0.4031309485435486, 'rmse': 0.6349259614944458}
[2025-06-03 16:57:39] - Epoch: 50 cost time: 1480.6994936466217
[2025-06-03 16:57:39] - Traininng loss : 0.5689450275330317
[2025-06-03 16:57:47] - vali_results: {'mae': 0.28798404335975647, 'mape': 4.37213134765625, 'mse': 0.3182106614112854, 'rmse': 0.5641016364097595}
[2025-06-03 16:57:51] - test_results: {'mae': 0.33380839228630066, 'mape': 6.337717533111572, 'mse': 0.40338173508644104, 'rmse': 0.6351233720779419}
[2025-06-03 16:58:09] - Epoch: 51 cost time: 1510.802683353424
[2025-06-03 16:58:09] - Traininng loss : 0.5686362879301505
[2025-06-03 16:58:17] - vali_results: {'mae': 0.2878953516483307, 'mape': 4.340019702911377, 'mse': 0.3187735378742218, 'rmse': 0.5646003484725952}
[2025-06-03 16:58:21] - test_results: {'mae': 0.333141028881073, 'mape': 6.304216384887695, 'mse': 0.403267502784729, 'rmse': 0.6350334882736206}
[2025-06-03 16:58:39] - Epoch: 52 cost time: 1540.2545459270477
[2025-06-03 16:58:39] - Traininng loss : 0.5684735789185479
[2025-06-03 16:58:46] - vali_results: {'mae': 0.28794530034065247, 'mape': 4.4047417640686035, 'mse': 0.3175864815711975, 'rmse': 0.5635481476783752}
[2025-06-03 16:58:51] - test_results: {'mae': 0.3338611125946045, 'mape': 6.443376541137695, 'mse': 0.4034075140953064, 'rmse': 0.6351436972618103}
[2025-06-03 16:59:09] - Epoch: 53 cost time: 1569.9410173892975
[2025-06-03 16:59:09] - Traininng loss : 0.5681770084396242
[2025-06-03 16:59:16] - vali_results: {'mae': 0.28726688027381897, 'mape': 4.308836460113525, 'mse': 0.3183308243751526, 'rmse': 0.5642081499099731}
[2025-06-03 16:59:21] - test_results: {'mae': 0.33263257145881653, 'mape': 6.2734808921813965, 'mse': 0.4029029905796051, 'rmse': 0.6347463726997375}
[2025-06-03 16:59:38] - Epoch: 54 cost time: 1599.783111333847
[2025-06-03 16:59:38] - Traininng loss : 0.5679208673339672
[2025-06-03 16:59:46] - vali_results: {'mae': 0.28718453645706177, 'mape': 4.336544990539551, 'mse': 0.31804412603378296, 'rmse': 0.5639539957046509}
[2025-06-03 16:59:50] - test_results: {'mae': 0.332306444644928, 'mape': 6.342461585998535, 'mse': 0.40236344933509827, 'rmse': 0.6343212723731995}
[2025-06-03 17:00:08] - Epoch: 55 cost time: 1629.2665779590607
[2025-06-03 17:00:08] - Traininng loss : 0.5676658356946612
[2025-06-03 17:00:15] - vali_results: {'mae': 0.2870043218135834, 'mape': 4.319684982299805, 'mse': 0.318209707736969, 'rmse': 0.5641008019447327}
[2025-06-03 17:00:20] - test_results: {'mae': 0.331525981426239, 'mape': 6.270974159240723, 'mse': 0.4017484784126282, 'rmse': 0.6338363289833069}
[2025-06-03 17:00:38] - Epoch: 56 cost time: 1659.4072499275208
[2025-06-03 17:00:38] - Traininng loss : 0.5674869593173738
[2025-06-03 17:00:46] - vali_results: {'mae': 0.2872104346752167, 'mape': 4.311964511871338, 'mse': 0.3183964192867279, 'rmse': 0.5642662644386292}
[2025-06-03 17:00:50] - test_results: {'mae': 0.3320193588733673, 'mape': 6.2101263999938965, 'mse': 0.4022686779499054, 'rmse': 0.6342465281486511}
[2025-06-03 17:01:08] - Epoch: 57 cost time: 1689.0748867988586
[2025-06-03 17:01:08] - Traininng loss : 0.5673137797565057
[2025-06-03 17:01:15] - vali_results: {'mae': 0.28719282150268555, 'mape': 4.337088108062744, 'mse': 0.31787097454071045, 'rmse': 0.5638004541397095}
[2025-06-03 17:01:20] - test_results: {'mae': 0.33254772424697876, 'mape': 6.2508649826049805, 'mse': 0.40249720215797424, 'rmse': 0.6344266533851624}
[2025-06-03 17:01:20] - loss no decreased for 5 epochs,  early stopping ....
[2025-06-03 17:01:24] - test_results: {'mae': 0.3338611125946045, 'mape': 6.443376541137695, 'mse': 0.4034075140953064, 'rmse': 0.6351436972618103}
