[2025-06-06 20:35:50] - run : 3 in seed: 5
[2025-06-06 20:35:50] - +-----------------------------------+------------+
|              Modules              | Parameters |
+-----------------------------------+------------+
|     fm.Linear_Seasonal.weight     |   69120    |
|      fm.Linear_Seasonal.bias      |    720     |
|       fm.Linear_Trend.weight      |   69120    |
|        fm.Linear_Trend.bias       |    720     |
|             nm.weight             |    1724    |
| nm.model_freq.model_freq.0.weight |    6144    |
|  nm.model_freq.model_freq.0.bias  |     64     |
|  nm.model_freq.model_all.0.weight |   20480    |
|   nm.model_freq.model_all.0.bias  |    128     |
|  nm.model_freq.model_all.2.weight |   92160    |
|   nm.model_freq.model_all.2.bias  |    720     |
| nm.model_pred.model_freq.0.weight |   24576    |
|  nm.model_pred.model_freq.0.bias  |    256     |
|  nm.model_pred.model_all.0.weight |   180224   |
|   nm.model_pred.model_all.0.bias  |    512     |
|  nm.model_pred.model_all.2.weight |   368640   |
|   nm.model_pred.model_all.2.bias  |    720     |
+-----------------------------------+------------+
[2025-06-06 20:35:50] - Total Trainable Params: 836028
[2025-06-06 20:35:50] - model parameters: 836028
[2025-06-06 20:36:56] - Epoch: 1 cost time: 66.15543365478516
[2025-06-06 20:36:56] - Traininng loss : 0.9682162995125922
[2025-06-06 20:37:27] - vali_results: {'mae': 0.3452804684638977, 'mape': 5.562270641326904, 'mse': 0.3999346196651459, 'rmse': 0.6324038505554199}
[2025-06-06 20:37:39] - test_results: {'mae': 0.40985995531082153, 'mape': 6.597662448883057, 'mse': 0.5224115252494812, 'rmse': 0.7227804064750671}
[2025-06-06 20:38:48] - Epoch: 2 cost time: 178.05814337730408
[2025-06-06 20:38:48] - Traininng loss : 0.740353814572677
[2025-06-06 20:39:19] - vali_results: {'mae': 0.3258706331253052, 'mape': 5.134361743927002, 'mse': 0.37494343519210815, 'rmse': 0.6123262643814087}
[2025-06-06 20:39:31] - test_results: {'mae': 0.39523348212242126, 'mape': 6.4342756271362305, 'mse': 0.503156840801239, 'rmse': 0.7093355059623718}
[2025-06-06 20:40:39] - Epoch: 3 cost time: 289.2982211112976
[2025-06-06 20:40:39] - Traininng loss : 0.708095776337435
[2025-06-06 20:41:10] - vali_results: {'mae': 0.3176668882369995, 'mape': 4.871993064880371, 'mse': 0.3665914237499237, 'rmse': 0.6054679155349731}
[2025-06-06 20:41:23] - test_results: {'mae': 0.38725072145462036, 'mape': 6.11464262008667, 'mse': 0.4951191246509552, 'rmse': 0.7036470174789429}
[2025-06-06 20:42:30] - Epoch: 4 cost time: 400.8112635612488
[2025-06-06 20:42:30] - Traininng loss : 0.6930877973110231
[2025-06-06 20:43:02] - vali_results: {'mae': 0.31470808386802673, 'mape': 4.81444787979126, 'mse': 0.3619038462638855, 'rmse': 0.6015844345092773}
[2025-06-06 20:43:14] - test_results: {'mae': 0.38533318042755127, 'mape': 6.169794082641602, 'mse': 0.4910738170146942, 'rmse': 0.7007665634155273}
[2025-06-06 20:44:22] - Epoch: 5 cost time: 512.583137512207
[2025-06-06 20:44:22] - Traininng loss : 0.6838554218618983
[2025-06-06 20:44:53] - vali_results: {'mae': 0.3114110231399536, 'mape': 4.806777000427246, 'mse': 0.35865530371665955, 'rmse': 0.5988783836364746}
[2025-06-06 20:45:05] - test_results: {'mae': 0.38142332434654236, 'mape': 6.101391315460205, 'mse': 0.48718032240867615, 'rmse': 0.6979830265045166}
[2025-06-06 20:46:12] - Epoch: 6 cost time: 622.0839097499847
[2025-06-06 20:46:12] - Traininng loss : 0.6772405571592219
[2025-06-06 20:46:42] - vali_results: {'mae': 0.3108236789703369, 'mape': 4.792571544647217, 'mse': 0.35640689730644226, 'rmse': 0.5969982147216797}
[2025-06-06 20:46:55] - test_results: {'mae': 0.38214728236198425, 'mape': 6.176934242248535, 'mse': 0.4863981008529663, 'rmse': 0.697422444820404}
[2025-06-06 20:48:02] - Epoch: 7 cost time: 731.8409328460693
[2025-06-06 20:48:02] - Traininng loss : 0.6722562877580648
[2025-06-06 20:48:32] - vali_results: {'mae': 0.3093884587287903, 'mape': 4.792660236358643, 'mse': 0.3544759452342987, 'rmse': 0.5953788161277771}
[2025-06-06 20:48:45] - test_results: {'mae': 0.3824993968009949, 'mape': 6.358247756958008, 'mse': 0.4866620600223541, 'rmse': 0.6976116895675659}
[2025-06-06 20:49:52] - Epoch: 8 cost time: 842.3766982555389
[2025-06-06 20:49:52] - Traininng loss : 0.6683423263448859
[2025-06-06 20:50:21] - vali_results: {'mae': 0.3073708117008209, 'mape': 4.6716837882995605, 'mse': 0.3526330888271332, 'rmse': 0.5938291549682617}
[2025-06-06 20:50:33] - test_results: {'mae': 0.37882572412490845, 'mape': 6.181418418884277, 'mse': 0.4830256700515747, 'rmse': 0.6950004696846008}
[2025-06-06 20:51:40] - Epoch: 9 cost time: 950.2073426246643
[2025-06-06 20:51:40] - Traininng loss : 0.6650051743539263
[2025-06-06 20:52:10] - vali_results: {'mae': 0.30743467807769775, 'mape': 4.826503753662109, 'mse': 0.35092291235923767, 'rmse': 0.5923874974250793}
[2025-06-06 20:52:22] - test_results: {'mae': 0.37872055172920227, 'mape': 6.291338920593262, 'mse': 0.481227308511734, 'rmse': 0.6937054991722107}
[2025-06-06 20:53:31] - Epoch: 10 cost time: 1060.8569898605347
[2025-06-06 20:53:31] - Traininng loss : 0.662564782545095
[2025-06-06 20:54:01] - vali_results: {'mae': 0.306074321269989, 'mape': 4.741366863250732, 'mse': 0.3500082194805145, 'rmse': 0.5916149020195007}
[2025-06-06 20:54:14] - test_results: {'mae': 0.378207802772522, 'mape': 6.246612548828125, 'mse': 0.4812568426132202, 'rmse': 0.6937267780303955}
[2025-06-06 20:55:21] - Epoch: 11 cost time: 1171.7971985340118
[2025-06-06 20:55:21] - Traininng loss : 0.6602132139431733
[2025-06-06 20:55:51] - vali_results: {'mae': 0.3050648272037506, 'mape': 4.711651802062988, 'mse': 0.34883415699005127, 'rmse': 0.590621829032898}
[2025-06-06 20:56:04] - test_results: {'mae': 0.37837401032447815, 'mape': 6.278776168823242, 'mse': 0.48131316900253296, 'rmse': 0.6937673687934875}
[2025-06-06 20:57:13] - Epoch: 12 cost time: 1283.4089224338531
[2025-06-06 20:57:13] - Traininng loss : 0.6585499826912097
[2025-06-06 20:57:45] - vali_results: {'mae': 0.3051648736000061, 'mape': 4.758925437927246, 'mse': 0.3484039902687073, 'rmse': 0.5902575850486755}
[2025-06-06 20:57:58] - test_results: {'mae': 0.37843188643455505, 'mape': 6.283663749694824, 'mse': 0.48073387145996094, 'rmse': 0.6933497190475464}
[2025-06-06 20:59:05] - Epoch: 13 cost time: 1395.0690243244171
[2025-06-06 20:59:05] - Traininng loss : 0.6568079509442896
[2025-06-06 20:59:36] - vali_results: {'mae': 0.3050556480884552, 'mape': 4.770773410797119, 'mse': 0.3475244343280792, 'rmse': 0.589512050151825}
[2025-06-06 20:59:48] - test_results: {'mae': 0.3761442005634308, 'mape': 6.211716651916504, 'mse': 0.4776853621006012, 'rmse': 0.6911478638648987}
[2025-06-06 21:00:57] - Epoch: 14 cost time: 1507.1351072788239
[2025-06-06 21:00:57] - Traininng loss : 0.6552560231479762
[2025-06-06 21:01:26] - vali_results: {'mae': 0.30348166823387146, 'mape': 4.7311811447143555, 'mse': 0.3465193510055542, 'rmse': 0.5886589288711548}
[2025-06-06 21:01:39] - test_results: {'mae': 0.375575453042984, 'mape': 6.273308753967285, 'mse': 0.47741034626960754, 'rmse': 0.6909489035606384}
[2025-06-06 21:02:47] - Epoch: 15 cost time: 1616.824909210205
[2025-06-06 21:02:47] - Traininng loss : 0.6541043372207366
[2025-06-06 21:03:17] - vali_results: {'mae': 0.30317914485931396, 'mape': 4.745708465576172, 'mse': 0.3455166220664978, 'rmse': 0.5878066420555115}
[2025-06-06 21:03:31] - test_results: {'mae': 0.3761548101902008, 'mape': 6.294454574584961, 'mse': 0.4777054488658905, 'rmse': 0.6911624073982239}
[2025-06-06 21:04:39] - Epoch: 16 cost time: 1729.271329164505
[2025-06-06 21:04:39] - Traininng loss : 0.6528696248458289
[2025-06-06 21:05:10] - vali_results: {'mae': 0.30291691422462463, 'mape': 4.755452632904053, 'mse': 0.3449130356311798, 'rmse': 0.5872929692268372}
[2025-06-06 21:05:22] - test_results: {'mae': 0.3755105137825012, 'mape': 6.2683587074279785, 'mse': 0.47664907574653625, 'rmse': 0.6903977394104004}
[2025-06-06 21:06:29] - Epoch: 17 cost time: 1838.9287502765656
[2025-06-06 21:06:29] - Traininng loss : 0.6520881964967775
[2025-06-06 21:07:00] - vali_results: {'mae': 0.3019528090953827, 'mape': 4.7052693367004395, 'mse': 0.344768762588501, 'rmse': 0.5871701240539551}
[2025-06-06 21:07:13] - test_results: {'mae': 0.37463414669036865, 'mape': 6.161863803863525, 'mse': 0.4765874743461609, 'rmse': 0.6903531551361084}
[2025-06-06 21:08:21] - Epoch: 18 cost time: 1951.6380305290222
[2025-06-06 21:08:21] - Traininng loss : 0.6511042116412213
[2025-06-06 21:08:52] - vali_results: {'mae': 0.3014334738254547, 'mape': 4.643251419067383, 'mse': 0.34460559487342834, 'rmse': 0.5870311856269836}
[2025-06-06 21:09:05] - test_results: {'mae': 0.3750065863132477, 'mape': 6.16758918762207, 'mse': 0.47697126865386963, 'rmse': 0.690631091594696}
[2025-06-06 21:10:14] - Epoch: 19 cost time: 2064.398886203766
[2025-06-06 21:10:14] - Traininng loss : 0.6499809044981402
[2025-06-06 21:10:45] - vali_results: {'mae': 0.3016509711742401, 'mape': 4.668642044067383, 'mse': 0.34436753392219543, 'rmse': 0.586828351020813}
[2025-06-06 21:10:58] - test_results: {'mae': 0.37393975257873535, 'mape': 6.168282985687256, 'mse': 0.47578445076942444, 'rmse': 0.689771294593811}
[2025-06-06 21:12:04] - Epoch: 20 cost time: 2174.491804122925
[2025-06-06 21:12:04] - Traininng loss : 0.6492983957851165
[2025-06-06 21:12:34] - vali_results: {'mae': 0.3017685115337372, 'mape': 4.720446586608887, 'mse': 0.3435387909412384, 'rmse': 0.5861217975616455}
[2025-06-06 21:12:46] - test_results: {'mae': 0.3759293258190155, 'mape': 6.313621997833252, 'mse': 0.47704261541366577, 'rmse': 0.6906827092170715}
[2025-06-06 21:13:54] - Epoch: 21 cost time: 2284.516491174698
[2025-06-06 21:13:54] - Traininng loss : 0.6487179757160728
[2025-06-06 21:14:24] - vali_results: {'mae': 0.30145007371902466, 'mape': 4.748273849487305, 'mse': 0.34296560287475586, 'rmse': 0.5856326222419739}
[2025-06-06 21:14:37] - test_results: {'mae': 0.3738192915916443, 'mape': 6.3149285316467285, 'mse': 0.4745464324951172, 'rmse': 0.688873291015625}
[2025-06-06 21:15:44] - Epoch: 22 cost time: 2394.690877199173
[2025-06-06 21:15:44] - Traininng loss : 0.6480302506834683
[2025-06-06 21:16:15] - vali_results: {'mae': 0.30118435621261597, 'mape': 4.71567440032959, 'mse': 0.3424629867076874, 'rmse': 0.5852033495903015}
[2025-06-06 21:16:28] - test_results: {'mae': 0.3742682933807373, 'mape': 6.302029132843018, 'mse': 0.4750989079475403, 'rmse': 0.6892741918563843}
[2025-06-06 21:17:36] - Epoch: 23 cost time: 2506.4454119205475
[2025-06-06 21:17:36] - Traininng loss : 0.6472783505418507
[2025-06-06 21:18:06] - vali_results: {'mae': 0.3004581034183502, 'mape': 4.6241455078125, 'mse': 0.34282800555229187, 'rmse': 0.5855151414871216}
[2025-06-06 21:18:19] - test_results: {'mae': 0.3735570013523102, 'mape': 6.137229919433594, 'mse': 0.47485414147377014, 'rmse': 0.6890966296195984}
[2025-06-06 21:19:28] - Epoch: 24 cost time: 2618.7012088298798
[2025-06-06 21:19:28] - Traininng loss : 0.6467093787153452
[2025-06-06 21:20:00] - vali_results: {'mae': 0.3010288178920746, 'mape': 4.753315448760986, 'mse': 0.34223729372024536, 'rmse': 0.5850105285644531}
[2025-06-06 21:20:12] - test_results: {'mae': 0.3755244016647339, 'mape': 6.303277015686035, 'mse': 0.47631222009658813, 'rmse': 0.6901537775993347}
[2025-06-06 21:21:20] - Epoch: 25 cost time: 2730.5633893013
[2025-06-06 21:21:20] - Traininng loss : 0.6464228713080744
[2025-06-06 21:21:51] - vali_results: {'mae': 0.30058538913726807, 'mape': 4.740048408508301, 'mse': 0.34172624349594116, 'rmse': 0.5845735669136047}
[2025-06-06 21:22:03] - test_results: {'mae': 0.373139888048172, 'mape': 6.2108306884765625, 'mse': 0.47349458932876587, 'rmse': 0.6881094574928284}
[2025-06-06 21:23:11] - Epoch: 26 cost time: 2841.580023765564
[2025-06-06 21:23:11] - Traininng loss : 0.6458007070679519
[2025-06-06 21:23:42] - vali_results: {'mae': 0.29940223693847656, 'mape': 4.608773708343506, 'mse': 0.34191495180130005, 'rmse': 0.5847349166870117}
[2025-06-06 21:23:54] - test_results: {'mae': 0.3723828196525574, 'mape': 6.108284950256348, 'mse': 0.474251925945282, 'rmse': 0.6886594891548157}
[2025-06-06 21:25:04] - Epoch: 27 cost time: 2954.180107355118
[2025-06-06 21:25:04] - Traininng loss : 0.6454227224697974
[2025-06-06 21:25:34] - vali_results: {'mae': 0.2995488941669464, 'mape': 4.648404121398926, 'mse': 0.3413202464580536, 'rmse': 0.5842261910438538}
[2025-06-06 21:25:47] - test_results: {'mae': 0.3723667562007904, 'mape': 6.223106861114502, 'mse': 0.4732972979545593, 'rmse': 0.6879660487174988}
[2025-06-06 21:26:56] - Epoch: 28 cost time: 3066.778785467148
[2025-06-06 21:26:56] - Traininng loss : 0.6449968094281168
[2025-06-06 21:27:27] - vali_results: {'mae': 0.29959481954574585, 'mape': 4.662745952606201, 'mse': 0.3412550985813141, 'rmse': 0.5841704607009888}
[2025-06-06 21:27:40] - test_results: {'mae': 0.3718048930168152, 'mape': 6.160927772521973, 'mse': 0.47256091237068176, 'rmse': 0.6874306797981262}
[2025-06-06 21:28:49] - Epoch: 29 cost time: 3179.4417626857758
[2025-06-06 21:28:49] - Traininng loss : 0.6445701436079976
[2025-06-06 21:29:20] - vali_results: {'mae': 0.2993353009223938, 'mape': 4.679081916809082, 'mse': 0.3407216966152191, 'rmse': 0.583713710308075}
[2025-06-06 21:29:33] - test_results: {'mae': 0.3736795485019684, 'mape': 6.273431777954102, 'mse': 0.4748636484146118, 'rmse': 0.6891034841537476}
[2025-06-06 21:30:42] - Epoch: 30 cost time: 3292.0697150230408
[2025-06-06 21:30:42] - Traininng loss : 0.6441961960208117
[2025-06-06 21:31:11] - vali_results: {'mae': 0.2991824746131897, 'mape': 4.578171730041504, 'mse': 0.34139055013656616, 'rmse': 0.5842863321304321}
[2025-06-06 21:31:24] - test_results: {'mae': 0.3717060387134552, 'mape': 6.08563232421875, 'mse': 0.4729195833206177, 'rmse': 0.6876915097236633}
[2025-06-06 21:32:33] - Epoch: 31 cost time: 3403.330933570862
[2025-06-06 21:32:33] - Traininng loss : 0.6438306425607304
[2025-06-06 21:33:03] - vali_results: {'mae': 0.299834668636322, 'mape': 4.674079895019531, 'mse': 0.34153231978416443, 'rmse': 0.5844076871871948}
[2025-06-06 21:33:16] - test_results: {'mae': 0.37453868985176086, 'mape': 6.171767234802246, 'mse': 0.4755367040634155, 'rmse': 0.6895917057991028}
[2025-06-06 21:34:24] - Epoch: 32 cost time: 3513.826980113983
[2025-06-06 21:34:24] - Traininng loss : 0.6434983395268326
[2025-06-06 21:34:53] - vali_results: {'mae': 0.29856133460998535, 'mape': 4.568915843963623, 'mse': 0.3406760096549988, 'rmse': 0.5836745500564575}
[2025-06-06 21:35:06] - test_results: {'mae': 0.37055525183677673, 'mape': 6.110070705413818, 'mse': 0.4717817008495331, 'rmse': 0.6868636608123779}
[2025-06-06 21:36:16] - Epoch: 33 cost time: 3626.7652373313904
[2025-06-06 21:36:16] - Traininng loss : 0.643123866289771
[2025-06-06 21:36:46] - vali_results: {'mae': 0.29859477281570435, 'mape': 4.572881698608398, 'mse': 0.34099382162094116, 'rmse': 0.5839467644691467}
[2025-06-06 21:36:59] - test_results: {'mae': 0.3712165355682373, 'mape': 6.0901899337768555, 'mse': 0.4727698266506195, 'rmse': 0.6875826120376587}
[2025-06-06 21:38:08] - Epoch: 34 cost time: 3737.9098353385925
[2025-06-06 21:38:08] - Traininng loss : 0.6429471126173865
[2025-06-06 21:38:39] - vali_results: {'mae': 0.29802632331848145, 'mape': 4.582821846008301, 'mse': 0.34042614698410034, 'rmse': 0.5834605097770691}
[2025-06-06 21:38:51] - test_results: {'mae': 0.3711415231227875, 'mape': 6.094562530517578, 'mse': 0.4725342094898224, 'rmse': 0.6874112486839294}
[2025-06-06 21:39:56] - Epoch: 35 cost time: 3846.4191637039185
[2025-06-06 21:39:56] - Traininng loss : 0.6425748874218019
[2025-06-06 21:40:26] - vali_results: {'mae': 0.2987087070941925, 'mape': 4.644028663635254, 'mse': 0.3400425314903259, 'rmse': 0.5831316709518433}
[2025-06-06 21:40:40] - test_results: {'mae': 0.3736186921596527, 'mape': 6.218740463256836, 'mse': 0.47455841302871704, 'rmse': 0.6888819932937622}
[2025-06-06 21:41:49] - Epoch: 36 cost time: 3959.664546251297
[2025-06-06 21:41:49] - Traininng loss : 0.6423789483591043
[2025-06-06 21:42:20] - vali_results: {'mae': 0.29872092604637146, 'mape': 4.643451690673828, 'mse': 0.33991825580596924, 'rmse': 0.5830250978469849}
[2025-06-06 21:42:34] - test_results: {'mae': 0.37287095189094543, 'mape': 6.292032241821289, 'mse': 0.4739106595516205, 'rmse': 0.6884117126464844}
[2025-06-06 21:43:44] - Epoch: 37 cost time: 4074.00061750412
[2025-06-06 21:43:44] - Traininng loss : 0.6421807039747
[2025-06-06 21:44:13] - vali_results: {'mae': 0.29795944690704346, 'mape': 4.611565113067627, 'mse': 0.3397645354270935, 'rmse': 0.5828932523727417}
[2025-06-06 21:44:25] - test_results: {'mae': 0.371876984834671, 'mape': 6.161699295043945, 'mse': 0.473323255777359, 'rmse': 0.6879849433898926}
[2025-06-06 21:45:33] - Epoch: 38 cost time: 4183.298721075058
[2025-06-06 21:45:33] - Traininng loss : 0.6417420320524146
[2025-06-06 21:46:03] - vali_results: {'mae': 0.2983347177505493, 'mape': 4.633502960205078, 'mse': 0.3395349681377411, 'rmse': 0.5826963186264038}
[2025-06-06 21:46:15] - test_results: {'mae': 0.3711489737033844, 'mape': 6.1686859130859375, 'mse': 0.47185105085372925, 'rmse': 0.6869141459465027}
[2025-06-06 21:47:24] - Epoch: 39 cost time: 4294.070556402206
[2025-06-06 21:47:24] - Traininng loss : 0.6416029227809321
[2025-06-06 21:47:54] - vali_results: {'mae': 0.29809170961380005, 'mape': 4.632566928863525, 'mse': 0.3392433822154999, 'rmse': 0.5824460387229919}
[2025-06-06 21:48:06] - test_results: {'mae': 0.37107017636299133, 'mape': 6.173248767852783, 'mse': 0.4714677035808563, 'rmse': 0.6866350769996643}
[2025-06-06 21:49:14] - Epoch: 40 cost time: 4403.925485372543
[2025-06-06 21:49:14] - Traininng loss : 0.6413080180919934
[2025-06-06 21:49:45] - vali_results: {'mae': 0.29811710119247437, 'mape': 4.625640869140625, 'mse': 0.33927714824676514, 'rmse': 0.5824750065803528}
[2025-06-06 21:49:58] - test_results: {'mae': 0.37046825885772705, 'mape': 6.146920680999756, 'mse': 0.4706335663795471, 'rmse': 0.6860274076461792}
[2025-06-06 21:51:05] - Epoch: 41 cost time: 4515.786638021469
[2025-06-06 21:51:05] - Traininng loss : 0.641038558277247
[2025-06-06 21:51:37] - vali_results: {'mae': 0.29784056544303894, 'mape': 4.6194915771484375, 'mse': 0.33943524956703186, 'rmse': 0.5826107263565063}
[2025-06-06 21:51:50] - test_results: {'mae': 0.3717520833015442, 'mape': 6.182612895965576, 'mse': 0.47260645031929016, 'rmse': 0.6874637603759766}
[2025-06-06 21:52:57] - Epoch: 42 cost time: 4627.263845443726
[2025-06-06 21:52:57] - Traininng loss : 0.6409063482018899
[2025-06-06 21:53:27] - vali_results: {'mae': 0.2973172664642334, 'mape': 4.574143886566162, 'mse': 0.3392101228237152, 'rmse': 0.5824174880981445}
[2025-06-06 21:53:39] - test_results: {'mae': 0.37071508169174194, 'mape': 6.143561363220215, 'mse': 0.4720170199871063, 'rmse': 0.6870349645614624}
[2025-06-06 21:54:47] - Epoch: 43 cost time: 4737.750393152237
[2025-06-06 21:54:47] - Traininng loss : 0.6405289232896895
[2025-06-06 21:55:17] - vali_results: {'mae': 0.29722118377685547, 'mape': 4.571854114532471, 'mse': 0.33938005566596985, 'rmse': 0.5825633406639099}
[2025-06-06 21:55:29] - test_results: {'mae': 0.3695072531700134, 'mape': 6.082035541534424, 'mse': 0.47048911452293396, 'rmse': 0.6859220862388611}
[2025-06-06 21:56:38] - Epoch: 44 cost time: 4848.347702503204
[2025-06-06 21:56:38] - Traininng loss : 0.6405476002972106
[2025-06-06 21:57:09] - vali_results: {'mae': 0.2975355088710785, 'mape': 4.622130393981934, 'mse': 0.33867934346199036, 'rmse': 0.5819616317749023}
[2025-06-06 21:57:22] - test_results: {'mae': 0.3701941967010498, 'mape': 6.186123371124268, 'mse': 0.47047898173332214, 'rmse': 0.6859146952629089}
[2025-06-06 21:58:33] - Epoch: 45 cost time: 4963.18608546257
[2025-06-06 21:58:33] - Traininng loss : 0.6402413675712012
[2025-06-06 21:59:03] - vali_results: {'mae': 0.29741576313972473, 'mape': 4.505791664123535, 'mse': 0.33968573808670044, 'rmse': 0.5828256607055664}
[2025-06-06 21:59:15] - test_results: {'mae': 0.3699174225330353, 'mape': 5.9769158363342285, 'mse': 0.4714433550834656, 'rmse': 0.6866173148155212}
[2025-06-06 22:00:24] - Epoch: 46 cost time: 5074.376131534576
[2025-06-06 22:00:24] - Traininng loss : 0.6400674637977791
[2025-06-06 22:00:55] - vali_results: {'mae': 0.29714834690093994, 'mape': 4.584505081176758, 'mse': 0.3388376533985138, 'rmse': 0.5820976495742798}
[2025-06-06 22:01:08] - test_results: {'mae': 0.3701445758342743, 'mape': 6.087858200073242, 'mse': 0.47109371423721313, 'rmse': 0.6863626837730408}
[2025-06-06 22:02:16] - Epoch: 47 cost time: 5186.358996391296
[2025-06-06 22:02:16] - Traininng loss : 0.6398168450278492
[2025-06-06 22:02:46] - vali_results: {'mae': 0.29681533575057983, 'mape': 4.575803756713867, 'mse': 0.33862775564193726, 'rmse': 0.5819172859191895}
[2025-06-06 22:02:59] - test_results: {'mae': 0.3700553774833679, 'mape': 6.153804302215576, 'mse': 0.47106513381004333, 'rmse': 0.6863418221473694}
[2025-06-06 22:04:08] - Epoch: 48 cost time: 5298.10348367691
[2025-06-06 22:04:08] - Traininng loss : 0.6397730219995079
[2025-06-06 22:04:38] - vali_results: {'mae': 0.29721149802207947, 'mape': 4.60536527633667, 'mse': 0.3385322093963623, 'rmse': 0.5818352103233337}
[2025-06-06 22:04:51] - test_results: {'mae': 0.37036898732185364, 'mape': 6.162944316864014, 'mse': 0.47086942195892334, 'rmse': 0.6861992478370667}
[2025-06-06 22:06:00] - Epoch: 49 cost time: 5410.136256694794
[2025-06-06 22:06:00] - Traininng loss : 0.6395642249365039
[2025-06-06 22:06:29] - vali_results: {'mae': 0.2967146039009094, 'mape': 4.603718280792236, 'mse': 0.33841612935066223, 'rmse': 0.5817354321479797}
[2025-06-06 22:06:42] - test_results: {'mae': 0.37048760056495667, 'mape': 6.159705638885498, 'mse': 0.471357136964798, 'rmse': 0.6865545511245728}
[2025-06-06 22:07:47] - Epoch: 50 cost time: 5517.066789150238
[2025-06-06 22:07:47] - Traininng loss : 0.6393377870570318
[2025-06-06 22:08:16] - vali_results: {'mae': 0.2972273826599121, 'mape': 4.5970234870910645, 'mse': 0.33860793709754944, 'rmse': 0.5819002985954285}
[2025-06-06 22:08:29] - test_results: {'mae': 0.37003928422927856, 'mape': 6.135995388031006, 'mse': 0.4705400764942169, 'rmse': 0.6859592199325562}
[2025-06-06 22:09:35] - Epoch: 51 cost time: 5625.113147974014
[2025-06-06 22:09:35] - Traininng loss : 0.6392891055030079
[2025-06-06 22:10:04] - vali_results: {'mae': 0.29686540365219116, 'mape': 4.555314064025879, 'mse': 0.3387047350406647, 'rmse': 0.5819834470748901}
[2025-06-06 22:10:16] - test_results: {'mae': 0.3699790835380554, 'mape': 6.050290584564209, 'mse': 0.47084224224090576, 'rmse': 0.6861794590950012}
[2025-06-06 22:11:22] - Epoch: 52 cost time: 5731.829535245895
[2025-06-06 22:11:22] - Traininng loss : 0.6390635513993691
[2025-06-06 22:11:52] - vali_results: {'mae': 0.29652702808380127, 'mape': 4.559818744659424, 'mse': 0.3383074104785919, 'rmse': 0.5816419720649719}
[2025-06-06 22:12:04] - test_results: {'mae': 0.37012237310409546, 'mape': 6.146164417266846, 'mse': 0.4710704982280731, 'rmse': 0.6863457560539246}
[2025-06-06 22:13:11] - Epoch: 53 cost time: 5841.1670794487
[2025-06-06 22:13:11] - Traininng loss : 0.638880111380872
[2025-06-06 22:13:43] - vali_results: {'mae': 0.29641562700271606, 'mape': 4.557652473449707, 'mse': 0.3379635512828827, 'rmse': 0.581346333026886}
[2025-06-06 22:13:56] - test_results: {'mae': 0.369427353143692, 'mape': 6.159998893737793, 'mse': 0.4701959788799286, 'rmse': 0.6857084035873413}
[2025-06-06 22:15:05] - Epoch: 54 cost time: 5954.979036808014
[2025-06-06 22:15:05] - Traininng loss : 0.638724626604893
[2025-06-06 22:15:34] - vali_results: {'mae': 0.29630324244499207, 'mape': 4.580996036529541, 'mse': 0.33785533905029297, 'rmse': 0.5812532305717468}
[2025-06-06 22:15:46] - test_results: {'mae': 0.3703945279121399, 'mape': 6.186029434204102, 'mse': 0.47114720940589905, 'rmse': 0.6864016652107239}
[2025-06-06 22:16:53] - Epoch: 55 cost time: 6062.910868644714
[2025-06-06 22:16:53] - Traininng loss : 0.6385602481185891
[2025-06-06 22:17:22] - vali_results: {'mae': 0.29647672176361084, 'mape': 4.543808460235596, 'mse': 0.3383510410785675, 'rmse': 0.5816795229911804}
[2025-06-06 22:17:34] - test_results: {'mae': 0.36996161937713623, 'mape': 6.083239555358887, 'mse': 0.4711659550666809, 'rmse': 0.6864153146743774}
[2025-06-06 22:18:42] - Epoch: 56 cost time: 6172.044909477234
[2025-06-06 22:18:42] - Traininng loss : 0.6386156289690385
[2025-06-06 22:19:11] - vali_results: {'mae': 0.2959100604057312, 'mape': 4.505100727081299, 'mse': 0.3381754457950592, 'rmse': 0.5815285444259644}
[2025-06-06 22:19:23] - test_results: {'mae': 0.3696339428424835, 'mape': 6.080315589904785, 'mse': 0.47091397643089294, 'rmse': 0.6862317323684692}
[2025-06-06 22:20:29] - Epoch: 57 cost time: 6279.575487613678
[2025-06-06 22:20:29] - Traininng loss : 0.6384909813782631
[2025-06-06 22:20:59] - vali_results: {'mae': 0.29609501361846924, 'mape': 4.488655090332031, 'mse': 0.33868899941444397, 'rmse': 0.5819699168205261}
[2025-06-06 22:21:12] - test_results: {'mae': 0.3700338304042816, 'mape': 6.062197208404541, 'mse': 0.47203725576400757, 'rmse': 0.6870496869087219}
[2025-06-06 22:22:18] - Epoch: 58 cost time: 6388.2120449543
[2025-06-06 22:22:18] - Traininng loss : 0.638158122975182
[2025-06-06 22:22:47] - vali_results: {'mae': 0.2960960865020752, 'mape': 4.5401716232299805, 'mse': 0.3381725549697876, 'rmse': 0.5815260410308838}
[2025-06-06 22:23:00] - test_results: {'mae': 0.36944475769996643, 'mape': 6.101659774780273, 'mse': 0.4705461859703064, 'rmse': 0.6859636902809143}
[2025-06-06 22:24:07] - Epoch: 59 cost time: 6497.063411951065
[2025-06-06 22:24:07] - Traininng loss : 0.6381176467725493
[2025-06-06 22:24:36] - vali_results: {'mae': 0.2958187460899353, 'mape': 4.534381866455078, 'mse': 0.3377189040184021, 'rmse': 0.5811358690261841}
[2025-06-06 22:24:49] - test_results: {'mae': 0.36880287528038025, 'mape': 6.090662479400635, 'mse': 0.46976369619369507, 'rmse': 0.6853930950164795}
[2025-06-06 22:25:55] - Epoch: 60 cost time: 6605.803282737732
[2025-06-06 22:25:55] - Traininng loss : 0.6380106888109595
[2025-06-06 22:26:25] - vali_results: {'mae': 0.29583895206451416, 'mape': 4.545140743255615, 'mse': 0.3378385007381439, 'rmse': 0.5812387466430664}
[2025-06-06 22:26:38] - test_results: {'mae': 0.3690156042575836, 'mape': 6.065039157867432, 'mse': 0.4701051414012909, 'rmse': 0.6856421232223511}
[2025-06-06 22:27:44] - Epoch: 61 cost time: 6713.900440216064
[2025-06-06 22:27:44] - Traininng loss : 0.6377974805061531
[2025-06-06 22:28:13] - vali_results: {'mae': 0.29638001322746277, 'mape': 4.584784507751465, 'mse': 0.33796972036361694, 'rmse': 0.581351637840271}
[2025-06-06 22:28:26] - test_results: {'mae': 0.3709924519062042, 'mape': 6.199525356292725, 'mse': 0.47199857234954834, 'rmse': 0.6870214939117432}
[2025-06-06 22:29:34] - Epoch: 62 cost time: 6824.366628170013
[2025-06-06 22:29:34] - Traininng loss : 0.6378055226503972
[2025-06-06 22:30:03] - vali_results: {'mae': 0.2955194115638733, 'mape': 4.529910087585449, 'mse': 0.33764952421188354, 'rmse': 0.5810762047767639}
[2025-06-06 22:30:15] - test_results: {'mae': 0.3688693046569824, 'mape': 6.081368446350098, 'mse': 0.4703386723995209, 'rmse': 0.6858124136924744}
[2025-06-06 22:31:23] - Epoch: 63 cost time: 6933.708170413971
[2025-06-06 22:31:23] - Traininng loss : 0.6375130914712018
[2025-06-06 22:31:52] - vali_results: {'mae': 0.29566818475723267, 'mape': 4.550344944000244, 'mse': 0.3375726044178009, 'rmse': 0.5810099840164185}
[2025-06-06 22:32:04] - test_results: {'mae': 0.3685937523841858, 'mape': 6.064764022827148, 'mse': 0.46955379843711853, 'rmse': 0.6852399706840515}
[2025-06-06 22:33:09] - Epoch: 64 cost time: 7039.306762933731
[2025-06-06 22:33:09] - Traininng loss : 0.6375634668597272
[2025-06-06 22:33:40] - vali_results: {'mae': 0.29522281885147095, 'mape': 4.505295276641846, 'mse': 0.33759036660194397, 'rmse': 0.581025242805481}
[2025-06-06 22:33:52] - test_results: {'mae': 0.3679710626602173, 'mape': 6.065948486328125, 'mse': 0.4694629907608032, 'rmse': 0.6851736903190613}
[2025-06-06 22:34:57] - Epoch: 65 cost time: 7147.644884824753
[2025-06-06 22:34:57] - Traininng loss : 0.6373873019284857
[2025-06-06 22:35:28] - vali_results: {'mae': 0.2954457402229309, 'mape': 4.5241522789001465, 'mse': 0.3377220332622528, 'rmse': 0.581138551235199}
[2025-06-06 22:35:40] - test_results: {'mae': 0.3688647150993347, 'mape': 6.0869951248168945, 'mse': 0.4702923893928528, 'rmse': 0.6857786774635315}
[2025-06-06 22:36:47] - Epoch: 66 cost time: 7257.020625591278
[2025-06-06 22:36:47] - Traininng loss : 0.6373624330111533
[2025-06-06 22:37:17] - vali_results: {'mae': 0.2951144874095917, 'mape': 4.458637714385986, 'mse': 0.33791664242744446, 'rmse': 0.581305980682373}
[2025-06-06 22:37:30] - test_results: {'mae': 0.3687296211719513, 'mape': 6.018782138824463, 'mse': 0.4707302153110504, 'rmse': 0.6860978007316589}
[2025-06-06 22:38:39] - Epoch: 67 cost time: 7368.9963636398315
[2025-06-06 22:38:39] - Traininng loss : 0.637185758700942
[2025-06-06 22:39:09] - vali_results: {'mae': 0.2950204312801361, 'mape': 4.506542205810547, 'mse': 0.33747467398643494, 'rmse': 0.580925703048706}
[2025-06-06 22:39:21] - test_results: {'mae': 0.36816078424453735, 'mape': 6.049507141113281, 'mse': 0.4696531891822815, 'rmse': 0.6853124499320984}
[2025-06-06 22:40:29] - Epoch: 68 cost time: 7479.345115184784
[2025-06-06 22:40:29] - Traininng loss : 0.6371057171343428
[2025-06-06 22:40:59] - vali_results: {'mae': 0.29518499970436096, 'mape': 4.5476603507995605, 'mse': 0.33725592494010925, 'rmse': 0.5807374119758606}
[2025-06-06 22:41:12] - test_results: {'mae': 0.3679664134979248, 'mape': 6.089501857757568, 'mse': 0.4689531624317169, 'rmse': 0.6848015785217285}
[2025-06-06 22:42:20] - Epoch: 69 cost time: 7590.266380548477
[2025-06-06 22:42:20] - Traininng loss : 0.637027068224458
[2025-06-06 22:42:51] - vali_results: {'mae': 0.2951287031173706, 'mape': 4.522740840911865, 'mse': 0.33741357922554016, 'rmse': 0.5808731317520142}
[2025-06-06 22:43:03] - test_results: {'mae': 0.36823877692222595, 'mape': 6.053782939910889, 'mse': 0.469573438167572, 'rmse': 0.6852542757987976}
[2025-06-06 22:44:11] - Epoch: 70 cost time: 7700.890707015991
[2025-06-06 22:44:11] - Traininng loss : 0.6368649723137986
[2025-06-06 22:44:40] - vali_results: {'mae': 0.29487407207489014, 'mape': 4.5165534019470215, 'mse': 0.33711540699005127, 'rmse': 0.5806164145469666}
[2025-06-06 22:44:53] - test_results: {'mae': 0.36826878786087036, 'mape': 6.088943004608154, 'mse': 0.46947523951530457, 'rmse': 0.6851826310157776}
[2025-06-06 22:46:01] - Epoch: 71 cost time: 7811.0759699344635
[2025-06-06 22:46:01] - Traininng loss : 0.6367433436401707
[2025-06-06 22:46:31] - vali_results: {'mae': 0.29492005705833435, 'mape': 4.526144504547119, 'mse': 0.3371550738811493, 'rmse': 0.5806505680084229}
[2025-06-06 22:46:43] - test_results: {'mae': 0.3683980405330658, 'mape': 6.0892438888549805, 'mse': 0.4696870446205139, 'rmse': 0.6853371858596802}
[2025-06-06 22:47:50] - Epoch: 72 cost time: 7919.862609386444
[2025-06-06 22:47:50] - Traininng loss : 0.6368576208529034
[2025-06-06 22:48:19] - vali_results: {'mae': 0.29474496841430664, 'mape': 4.508894920349121, 'mse': 0.33713048696517944, 'rmse': 0.5806294083595276}
[2025-06-06 22:48:31] - test_results: {'mae': 0.3679787218570709, 'mape': 6.102194786071777, 'mse': 0.4693240225315094, 'rmse': 0.6850723028182983}
[2025-06-06 22:49:38] - Epoch: 73 cost time: 8028.003593206406
[2025-06-06 22:49:38] - Traininng loss : 0.6365359526822826
[2025-06-06 22:50:06] - vali_results: {'mae': 0.29503458738327026, 'mape': 4.514893054962158, 'mse': 0.3375038802623749, 'rmse': 0.5809508562088013}
[2025-06-06 22:50:19] - test_results: {'mae': 0.36888861656188965, 'mape': 6.083603382110596, 'mse': 0.4704970121383667, 'rmse': 0.6859278678894043}
[2025-06-06 22:51:26] - Epoch: 74 cost time: 8136.276556015015
[2025-06-06 22:51:26] - Traininng loss : 0.6367090339448127
[2025-06-06 22:51:56] - vali_results: {'mae': 0.29471200704574585, 'mape': 4.510558605194092, 'mse': 0.3370527923107147, 'rmse': 0.5805624723434448}
[2025-06-06 22:52:09] - test_results: {'mae': 0.3682914972305298, 'mape': 6.082253456115723, 'mse': 0.46965745091438293, 'rmse': 0.6853156089782715}
[2025-06-06 22:53:17] - Epoch: 75 cost time: 8247.71423125267
[2025-06-06 22:53:17] - Traininng loss : 0.636565133057597
[2025-06-06 22:53:48] - vali_results: {'mae': 0.29481977224349976, 'mape': 4.499289035797119, 'mse': 0.3373904824256897, 'rmse': 0.5808532238006592}
[2025-06-06 22:54:01] - test_results: {'mae': 0.36831900477409363, 'mape': 6.053077697753906, 'mse': 0.47010383009910583, 'rmse': 0.6856411695480347}
[2025-06-06 22:55:08] - Epoch: 76 cost time: 8357.864143371582
[2025-06-06 22:55:08] - Traininng loss : 0.6364457992458078
[2025-06-06 22:55:37] - vali_results: {'mae': 0.2945728003978729, 'mape': 4.510921955108643, 'mse': 0.3368823528289795, 'rmse': 0.580415666103363}
[2025-06-06 22:55:49] - test_results: {'mae': 0.368180513381958, 'mape': 6.099912166595459, 'mse': 0.4694879949092865, 'rmse': 0.6851919293403625}
[2025-06-06 22:56:58] - Epoch: 77 cost time: 8467.861658096313
[2025-06-06 22:56:58] - Traininng loss : 0.636379100320067
[2025-06-06 22:57:26] - vali_results: {'mae': 0.2945590913295746, 'mape': 4.494851589202881, 'mse': 0.33709990978240967, 'rmse': 0.5806030631065369}
[2025-06-06 22:57:38] - test_results: {'mae': 0.36808082461357117, 'mape': 6.073692321777344, 'mse': 0.4696423411369324, 'rmse': 0.685304582118988}
[2025-06-06 22:58:46] - Epoch: 78 cost time: 8575.871536970139
[2025-06-06 22:58:46] - Traininng loss : 0.6363259293242749
[2025-06-06 22:59:15] - vali_results: {'mae': 0.2945762574672699, 'mape': 4.499125957489014, 'mse': 0.3371136784553528, 'rmse': 0.5806149244308472}
[2025-06-06 22:59:28] - test_results: {'mae': 0.3681813180446625, 'mape': 6.069324493408203, 'mse': 0.469849556684494, 'rmse': 0.6854557394981384}
[2025-06-06 23:00:36] - Epoch: 79 cost time: 8686.738891124725
[2025-06-06 23:00:36] - Traininng loss : 0.6362582448465246
[2025-06-06 23:01:06] - vali_results: {'mae': 0.29450806975364685, 'mape': 4.51096248626709, 'mse': 0.3369893431663513, 'rmse': 0.5805078148841858}
[2025-06-06 23:01:18] - test_results: {'mae': 0.3682183027267456, 'mape': 6.0907464027404785, 'mse': 0.46962785720825195, 'rmse': 0.685293972492218}
[2025-06-06 23:02:25] - Epoch: 80 cost time: 8795.758227586746
[2025-06-06 23:02:25] - Traininng loss : 0.6362336722921196
[2025-06-06 23:02:54] - vali_results: {'mae': 0.29461899399757385, 'mape': 4.535290241241455, 'mse': 0.3367694616317749, 'rmse': 0.5803183913230896}
[2025-06-06 23:03:07] - test_results: {'mae': 0.36832112073898315, 'mape': 6.116760730743408, 'mse': 0.46960896253585815, 'rmse': 0.6852802038192749}
[2025-06-06 23:04:15] - Epoch: 81 cost time: 8905.050911188126
[2025-06-06 23:04:15] - Traininng loss : 0.636174413819167
[2025-06-06 23:04:45] - vali_results: {'mae': 0.2945782244205475, 'mape': 4.524379253387451, 'mse': 0.336775541305542, 'rmse': 0.5803236365318298}
[2025-06-06 23:04:59] - test_results: {'mae': 0.3677347004413605, 'mape': 6.0886454582214355, 'mse': 0.4690420627593994, 'rmse': 0.6848664283752441}
[2025-06-06 23:06:06] - Epoch: 82 cost time: 9016.618099212646
[2025-06-06 23:06:06] - Traininng loss : 0.6360860217912615
[2025-06-06 23:06:36] - vali_results: {'mae': 0.29445451498031616, 'mape': 4.508754730224609, 'mse': 0.33686137199401855, 'rmse': 0.5803976058959961}
[2025-06-06 23:06:48] - test_results: {'mae': 0.3680993318557739, 'mape': 6.101436614990234, 'mse': 0.46960917115211487, 'rmse': 0.6852803826332092}
[2025-06-06 23:07:58] - Epoch: 83 cost time: 9128.12532877922
[2025-06-06 23:07:58] - Traininng loss : 0.6360605847204628
[2025-06-06 23:08:29] - vali_results: {'mae': 0.2944203317165375, 'mape': 4.51786470413208, 'mse': 0.3366888463497162, 'rmse': 0.5802489519119263}
[2025-06-06 23:08:42] - test_results: {'mae': 0.3677898049354553, 'mape': 6.0961079597473145, 'mse': 0.46910038590431213, 'rmse': 0.6849090456962585}
[2025-06-06 23:09:50] - Epoch: 84 cost time: 9240.267508029938
[2025-06-06 23:09:50] - Traininng loss : 0.6359079244409099
[2025-06-06 23:10:21] - vali_results: {'mae': 0.2943785786628723, 'mape': 4.501596450805664, 'mse': 0.3369233012199402, 'rmse': 0.5804509520530701}
[2025-06-06 23:10:34] - test_results: {'mae': 0.36789876222610474, 'mape': 6.075597763061523, 'mse': 0.4694215953350067, 'rmse': 0.6851434707641602}
[2025-06-06 23:11:42] - Epoch: 85 cost time: 9352.262635707855
[2025-06-06 23:11:42] - Traininng loss : 0.6361300435570953
[2025-06-06 23:12:12] - vali_results: {'mae': 0.29433950781822205, 'mape': 4.498786449432373, 'mse': 0.33688077330589294, 'rmse': 0.5804142951965332}
[2025-06-06 23:12:25] - test_results: {'mae': 0.3677188754081726, 'mape': 6.07108736038208, 'mse': 0.46927839517593384, 'rmse': 0.6850389838218689}
[2025-06-06 23:13:33] - Epoch: 86 cost time: 9463.124977111816
[2025-06-06 23:13:33] - Traininng loss : 0.635953879954091
[2025-06-06 23:14:03] - vali_results: {'mae': 0.29428359866142273, 'mape': 4.507343292236328, 'mse': 0.3367779850959778, 'rmse': 0.5803257822990417}
[2025-06-06 23:14:15] - test_results: {'mae': 0.36778023838996887, 'mape': 6.088513374328613, 'mse': 0.4692547619342804, 'rmse': 0.685021698474884}
[2025-06-06 23:15:23] - Epoch: 87 cost time: 9573.715866804123
[2025-06-06 23:15:23] - Traininng loss : 0.6357947320659181
[2025-06-06 23:15:53] - vali_results: {'mae': 0.29423755407333374, 'mape': 4.495107650756836, 'mse': 0.336865097284317, 'rmse': 0.580400824546814}
[2025-06-06 23:16:06] - test_results: {'mae': 0.36756038665771484, 'mape': 6.061302661895752, 'mse': 0.46917402744293213, 'rmse': 0.684962809085846}
[2025-06-06 23:17:15] - Epoch: 88 cost time: 9685.107045412064
[2025-06-06 23:17:15] - Traininng loss : 0.6358745204372991
[2025-06-06 23:17:44] - vali_results: {'mae': 0.2943281829357147, 'mape': 4.51107931137085, 'mse': 0.33674943447113037, 'rmse': 0.5803011655807495}
[2025-06-06 23:17:57] - test_results: {'mae': 0.3677853047847748, 'mape': 6.0995192527771, 'mse': 0.46925368905067444, 'rmse': 0.685020923614502}
[2025-06-06 23:17:57] - loss no decreased for 5 epochs,  early stopping ....
[2025-06-06 23:18:10] - test_results: {'mae': 0.3677898049354553, 'mape': 6.0961079597473145, 'mse': 0.46910038590431213, 'rmse': 0.6849090456962585}
