[2025-06-04 20:44:23] - run : 1 in seed: 3
[2025-06-04 20:44:23] - +-----------------------------------+------------+
|              Modules              | Parameters |
+-----------------------------------+------------+
|     fm.Linear_Seasonal.weight     |   69120    |
|      fm.Linear_Seasonal.bias      |    720     |
|       fm.Linear_Trend.weight      |   69120    |
|        fm.Linear_Trend.bias       |    720     |
|             nm.weight             |    642     |
| nm.model_freq.model_freq.0.weight |    6144    |
|  nm.model_freq.model_freq.0.bias  |     64     |
|  nm.model_freq.model_all.0.weight |   20480    |
|   nm.model_freq.model_all.0.bias  |    128     |
|  nm.model_freq.model_all.2.weight |   92160    |
|   nm.model_freq.model_all.2.bias  |    720     |
| nm.model_pred.model_freq.0.weight |   24576    |
|  nm.model_pred.model_freq.0.bias  |    256     |
|  nm.model_pred.model_all.0.weight |   180224   |
|   nm.model_pred.model_all.0.bias  |    512     |
|  nm.model_pred.model_all.2.weight |   368640   |
|   nm.model_pred.model_all.2.bias  |    720     |
+-----------------------------------+------------+
[2025-06-04 20:44:23] - Total Trainable Params: 834946
[2025-06-04 20:44:23] - model parameters: 834946
[2025-06-04 20:45:23] - Epoch: 1 cost time: 60.05350637435913
[2025-06-04 20:45:23] - Traininng loss : 0.6817801982706243
[2025-06-04 20:45:43] - vali_results: {'mae': 0.3194151222705841, 'mape': 2.726146697998047, 'mse': 0.22768427431583405, 'rmse': 0.4771627187728882}
[2025-06-04 20:45:53] - test_results: {'mae': 0.3289661705493927, 'mape': 3.4043214321136475, 'mse': 0.2308206707239151, 'rmse': 0.4804379940032959}
[2025-06-04 20:46:53] - Epoch: 2 cost time: 149.53228163719177
[2025-06-04 20:46:53] - Traininng loss : 0.5394342014464465
[2025-06-04 20:47:13] - vali_results: {'mae': 0.31824997067451477, 'mape': 2.7552077770233154, 'mse': 0.22573217749595642, 'rmse': 0.47511279582977295}
[2025-06-04 20:47:23] - test_results: {'mae': 0.3262149393558502, 'mape': 3.436567544937134, 'mse': 0.22709059715270996, 'rmse': 0.4765402376651764}
[2025-06-04 20:48:23] - Epoch: 3 cost time: 239.57630610466003
[2025-06-04 20:48:23] - Traininng loss : 0.535255386450074
[2025-06-04 20:48:43] - vali_results: {'mae': 0.3170531988143921, 'mape': 2.767746686935425, 'mse': 0.2246341109275818, 'rmse': 0.47395581007003784}
[2025-06-04 20:48:52] - test_results: {'mae': 0.3262867033481598, 'mape': 3.4501659870147705, 'mse': 0.2265983521938324, 'rmse': 0.47602346539497375}
[2025-06-04 20:49:51] - Epoch: 4 cost time: 327.84300899505615
[2025-06-04 20:49:51] - Traininng loss : 0.5331629591638392
[2025-06-04 20:50:11] - vali_results: {'mae': 0.3173607587814331, 'mape': 2.8414862155914307, 'mse': 0.22491614520549774, 'rmse': 0.47425323724746704}
[2025-06-04 20:50:20] - test_results: {'mae': 0.3293158710002899, 'mape': 3.5434412956237793, 'mse': 0.22883930802345276, 'rmse': 0.4783715307712555}
[2025-06-04 20:51:19] - Epoch: 5 cost time: 415.7795784473419
[2025-06-04 20:51:19] - Traininng loss : 0.5319654348763553
[2025-06-04 20:51:38] - vali_results: {'mae': 0.3146888017654419, 'mape': 2.724222183227539, 'mse': 0.22333960235118866, 'rmse': 0.4725881814956665}
[2025-06-04 20:51:48] - test_results: {'mae': 0.32363688945770264, 'mape': 3.3989431858062744, 'mse': 0.22502383589744568, 'rmse': 0.47436678409576416}
[2025-06-04 20:52:47] - Epoch: 6 cost time: 503.57284688949585
[2025-06-04 20:52:47] - Traininng loss : 0.530981674356894
[2025-06-04 20:53:06] - vali_results: {'mae': 0.3149182200431824, 'mape': 2.751051902770996, 'mse': 0.22310718894004822, 'rmse': 0.47234222292900085}
[2025-06-04 20:53:16] - test_results: {'mae': 0.32380396127700806, 'mape': 3.436260938644409, 'mse': 0.2247551828622818, 'rmse': 0.4740835130214691}
[2025-06-04 20:54:15] - Epoch: 7 cost time: 591.2246332168579
[2025-06-04 20:54:15] - Traininng loss : 0.5304484568942677
[2025-06-04 20:54:35] - vali_results: {'mae': 0.3133174180984497, 'mape': 2.6693801879882812, 'mse': 0.22332651913166046, 'rmse': 0.4725743532180786}
[2025-06-04 20:54:45] - test_results: {'mae': 0.3188581168651581, 'mape': 3.326261520385742, 'mse': 0.22245173156261444, 'rmse': 0.47164788842201233}
[2025-06-04 20:55:44] - Epoch: 8 cost time: 680.9916229248047
[2025-06-04 20:55:44] - Traininng loss : 0.5299067404595288
[2025-06-04 20:56:04] - vali_results: {'mae': 0.3132639229297638, 'mape': 2.762343406677246, 'mse': 0.22265920042991638, 'rmse': 0.47186776995658875}
[2025-06-04 20:56:13] - test_results: {'mae': 0.32200750708580017, 'mape': 3.4444522857666016, 'mse': 0.2241649180650711, 'rmse': 0.4734605848789215}
[2025-06-04 20:57:13] - Epoch: 9 cost time: 769.2946918010712
[2025-06-04 20:57:13] - Traininng loss : 0.5293308395689184
[2025-06-04 20:57:32] - vali_results: {'mae': 0.31676042079925537, 'mape': 2.787045478820801, 'mse': 0.22359541058540344, 'rmse': 0.4728587567806244}
[2025-06-04 20:57:42] - test_results: {'mae': 0.3284383714199066, 'mape': 3.4845657348632812, 'mse': 0.2273586392402649, 'rmse': 0.4768213927745819}
[2025-06-04 20:58:41] - Epoch: 10 cost time: 857.8596904277802
[2025-06-04 20:58:41] - Traininng loss : 0.5290524916215377
[2025-06-04 20:59:00] - vali_results: {'mae': 0.3141211271286011, 'mape': 2.7168099880218506, 'mse': 0.22252123057842255, 'rmse': 0.4717215597629547}
[2025-06-04 20:59:10] - test_results: {'mae': 0.32198256254196167, 'mape': 3.4062788486480713, 'mse': 0.22341974079608917, 'rmse': 0.4726729691028595}
[2025-06-04 21:00:09] - Epoch: 11 cost time: 945.3825933933258
[2025-06-04 21:00:09] - Traininng loss : 0.5289426915212111
[2025-06-04 21:00:28] - vali_results: {'mae': 0.3126595616340637, 'mape': 2.687145471572876, 'mse': 0.2232200652360916, 'rmse': 0.4724617004394531}
[2025-06-04 21:00:37] - test_results: {'mae': 0.3181144893169403, 'mape': 3.361774206161499, 'mse': 0.22242547571659088, 'rmse': 0.4716200530529022}
[2025-06-04 21:01:36] - Epoch: 12 cost time: 1032.5168566703796
[2025-06-04 21:01:36] - Traininng loss : 0.5287076395208186
[2025-06-04 21:01:56] - vali_results: {'mae': 0.3119122087955475, 'mape': 2.72110652923584, 'mse': 0.22264890372753143, 'rmse': 0.47185686230659485}
[2025-06-04 21:02:06] - test_results: {'mae': 0.31951507925987244, 'mape': 3.4047725200653076, 'mse': 0.22351747751235962, 'rmse': 0.4727763533592224}
[2025-06-04 21:03:06] - Epoch: 13 cost time: 1122.40673828125
[2025-06-04 21:03:06] - Traininng loss : 0.5286382752115076
[2025-06-04 21:03:25] - vali_results: {'mae': 0.31359556317329407, 'mape': 2.714195966720581, 'mse': 0.22238440811634064, 'rmse': 0.4715765118598938}
[2025-06-04 21:03:35] - test_results: {'mae': 0.32071009278297424, 'mape': 3.4035303592681885, 'mse': 0.22280694544315338, 'rmse': 0.4720242917537689}
[2025-06-04 21:04:34] - Epoch: 14 cost time: 1210.2265148162842
[2025-06-04 21:04:34] - Traininng loss : 0.5281095479293303
[2025-06-04 21:04:53] - vali_results: {'mae': 0.3135692775249481, 'mape': 2.741384983062744, 'mse': 0.2224830538034439, 'rmse': 0.4716810882091522}
[2025-06-04 21:05:02] - test_results: {'mae': 0.3220723271369934, 'mape': 3.4334113597869873, 'mse': 0.22394844889640808, 'rmse': 0.4732319116592407}
[2025-06-04 21:06:01] - Epoch: 15 cost time: 1297.9364247322083
[2025-06-04 21:06:01] - Traininng loss : 0.528068908994848
[2025-06-04 21:06:22] - vali_results: {'mae': 0.3136969208717346, 'mape': 2.7079668045043945, 'mse': 0.2224082201719284, 'rmse': 0.4716017544269562}
[2025-06-04 21:06:32] - test_results: {'mae': 0.3210463523864746, 'mape': 3.379016160964966, 'mse': 0.22299034893512726, 'rmse': 0.4722185432910919}
[2025-06-04 21:07:32] - Epoch: 16 cost time: 1388.5647988319397
[2025-06-04 21:07:32] - Traininng loss : 0.527800630981272
[2025-06-04 21:07:52] - vali_results: {'mae': 0.3122182786464691, 'mape': 2.72314453125, 'mse': 0.22226136922836304, 'rmse': 0.47144603729248047}
[2025-06-04 21:08:01] - test_results: {'mae': 0.3203178346157074, 'mape': 3.4059622287750244, 'mse': 0.2236345112323761, 'rmse': 0.4729000926017761}
[2025-06-04 21:09:00] - Epoch: 17 cost time: 1476.9857897758484
[2025-06-04 21:09:00] - Traininng loss : 0.5278437096964229
[2025-06-04 21:09:20] - vali_results: {'mae': 0.3126523196697235, 'mape': 2.7283451557159424, 'mse': 0.2221866250038147, 'rmse': 0.4713667631149292}
[2025-06-04 21:09:30] - test_results: {'mae': 0.3200145661830902, 'mape': 3.4144883155822754, 'mse': 0.22282126545906067, 'rmse': 0.47203946113586426}
[2025-06-04 21:10:30] - Epoch: 18 cost time: 1566.4015951156616
[2025-06-04 21:10:30] - Traininng loss : 0.5277545850385319
[2025-06-04 21:10:49] - vali_results: {'mae': 0.315533846616745, 'mape': 2.8016533851623535, 'mse': 0.22263625264167786, 'rmse': 0.4718434512615204}
[2025-06-04 21:10:59] - test_results: {'mae': 0.32708388566970825, 'mape': 3.5004870891571045, 'mse': 0.2261810004711151, 'rmse': 0.47558489441871643}
[2025-06-04 21:11:58] - Epoch: 19 cost time: 1654.154156923294
[2025-06-04 21:11:58] - Traininng loss : 0.5276980119943618
[2025-06-04 21:12:17] - vali_results: {'mae': 0.31586921215057373, 'mape': 2.785731554031372, 'mse': 0.22273461520671844, 'rmse': 0.47194766998291016}
[2025-06-04 21:12:26] - test_results: {'mae': 0.3263774812221527, 'mape': 3.4669015407562256, 'mse': 0.22550365328788757, 'rmse': 0.47487226128578186}
[2025-06-04 21:13:24] - Epoch: 20 cost time: 1740.2043356895447
[2025-06-04 21:13:24] - Traininng loss : 0.5275274806131016
[2025-06-04 21:13:43] - vali_results: {'mae': 0.3125768005847931, 'mape': 2.704019784927368, 'mse': 0.2219403088092804, 'rmse': 0.4711053967475891}
[2025-06-04 21:13:52] - test_results: {'mae': 0.32015833258628845, 'mape': 3.3842973709106445, 'mse': 0.22257499396800995, 'rmse': 0.47177854180336}
[2025-06-04 21:14:49] - Epoch: 21 cost time: 1825.796814441681
[2025-06-04 21:14:49] - Traininng loss : 0.5272227042913437
[2025-06-04 21:15:08] - vali_results: {'mae': 0.31293025612831116, 'mape': 2.7293052673339844, 'mse': 0.22231802344322205, 'rmse': 0.47150611877441406}
[2025-06-04 21:15:18] - test_results: {'mae': 0.3209027945995331, 'mape': 3.403599977493286, 'mse': 0.2232116311788559, 'rmse': 0.4724527895450592}
[2025-06-04 21:16:16] - Epoch: 22 cost time: 1912.5305953025818
[2025-06-04 21:16:16] - Traininng loss : 0.5274230109019713
[2025-06-04 21:16:35] - vali_results: {'mae': 0.31205374002456665, 'mape': 2.7201077938079834, 'mse': 0.22230319678783417, 'rmse': 0.47149041295051575}
[2025-06-04 21:16:46] - test_results: {'mae': 0.3185292184352875, 'mape': 3.3985795974731445, 'mse': 0.22246167063713074, 'rmse': 0.4716584384441376}
[2025-06-04 21:17:46] - Epoch: 23 cost time: 2002.510143995285
[2025-06-04 21:17:46] - Traininng loss : 0.5271462741765109
[2025-06-04 21:18:06] - vali_results: {'mae': 0.3129745125770569, 'mape': 2.7275314331054688, 'mse': 0.2220413237810135, 'rmse': 0.47121259570121765}
[2025-06-04 21:18:16] - test_results: {'mae': 0.3204686641693115, 'mape': 3.408179759979248, 'mse': 0.22264711558818817, 'rmse': 0.4718549847602844}
[2025-06-04 21:19:15] - Epoch: 24 cost time: 2092.0332169532776
[2025-06-04 21:19:15] - Traininng loss : 0.5271206014264713
[2025-06-04 21:19:35] - vali_results: {'mae': 0.31444084644317627, 'mape': 2.7928354740142822, 'mse': 0.22236575186252594, 'rmse': 0.47155672311782837}
[2025-06-04 21:19:46] - test_results: {'mae': 0.32522135972976685, 'mape': 3.491474151611328, 'mse': 0.22530823945999146, 'rmse': 0.47466644644737244}
[2025-06-04 21:20:46] - Epoch: 25 cost time: 2182.2694108486176
[2025-06-04 21:20:46] - Traininng loss : 0.5269084364175797
[2025-06-04 21:21:05] - vali_results: {'mae': 0.3122572600841522, 'mape': 2.7346060276031494, 'mse': 0.22180840373039246, 'rmse': 0.4709653854370117}
[2025-06-04 21:21:17] - test_results: {'mae': 0.3203865885734558, 'mape': 3.418538808822632, 'mse': 0.22279612720012665, 'rmse': 0.47201284766197205}
[2025-06-04 21:22:17] - Epoch: 26 cost time: 2273.1471428871155
[2025-06-04 21:22:17] - Traininng loss : 0.5268763320012526
[2025-06-04 21:22:37] - vali_results: {'mae': 0.3123612701892853, 'mape': 2.742194175720215, 'mse': 0.22202971577644348, 'rmse': 0.47120028734207153}
[2025-06-04 21:22:46] - test_results: {'mae': 0.3216889500617981, 'mape': 3.4269397258758545, 'mse': 0.22385311126708984, 'rmse': 0.4731311798095703}
[2025-06-04 21:23:48] - Epoch: 27 cost time: 2364.138792037964
[2025-06-04 21:23:48] - Traininng loss : 0.5269511750069531
[2025-06-04 21:24:07] - vali_results: {'mae': 0.3116968274116516, 'mape': 2.7217297554016113, 'mse': 0.2219151258468628, 'rmse': 0.47107869386672974}
[2025-06-04 21:24:18] - test_results: {'mae': 0.3193499445915222, 'mape': 3.385633945465088, 'mse': 0.2225111722946167, 'rmse': 0.4717108905315399}
[2025-06-04 21:25:19] - Epoch: 28 cost time: 2455.28453207016
[2025-06-04 21:25:19] - Traininng loss : 0.5270469940250571
[2025-06-04 21:25:39] - vali_results: {'mae': 0.3128473460674286, 'mape': 2.742947578430176, 'mse': 0.22184963524341583, 'rmse': 0.47100916504859924}
[2025-06-04 21:25:50] - test_results: {'mae': 0.32137295603752136, 'mape': 3.4303174018859863, 'mse': 0.22335253655910492, 'rmse': 0.47260189056396484}
[2025-06-04 21:26:49] - Epoch: 29 cost time: 2545.8194601535797
[2025-06-04 21:26:49] - Traininng loss : 0.5266839881918647
[2025-06-04 21:27:09] - vali_results: {'mae': 0.31306156516075134, 'mape': 2.751539707183838, 'mse': 0.22227808833122253, 'rmse': 0.47146376967430115}
[2025-06-04 21:27:20] - test_results: {'mae': 0.32179272174835205, 'mape': 3.4297378063201904, 'mse': 0.22380894422531128, 'rmse': 0.4730845093727112}
[2025-06-04 21:28:19] - Epoch: 30 cost time: 2635.609514951706
[2025-06-04 21:28:19] - Traininng loss : 0.5266875238310207
[2025-06-04 21:28:39] - vali_results: {'mae': 0.31312569975852966, 'mape': 2.7837231159210205, 'mse': 0.22188179194927216, 'rmse': 0.47104328870773315}
[2025-06-04 21:28:50] - test_results: {'mae': 0.32371678948402405, 'mape': 3.480196237564087, 'mse': 0.22458085417747498, 'rmse': 0.47389963269233704}
[2025-06-04 21:28:50] - loss no decreased for 5 epochs,  early stopping ....
[2025-06-04 21:29:00] - test_results: {'mae': 0.3203865885734558, 'mape': 3.418538808822632, 'mse': 0.22279612720012665, 'rmse': 0.47201284766197205}
