[2025-06-05 12:39:41] - run : 3 in seed: 5
[2025-06-05 12:39:41] - +-----------------------------------+------------+
|              Modules              | Parameters |
+-----------------------------------+------------+
|     fm.Linear_Seasonal.weight     |   16128    |
|      fm.Linear_Seasonal.bias      |    168     |
|       fm.Linear_Trend.weight      |   16128    |
|        fm.Linear_Trend.bias       |    168     |
|             nm.weight             |     14     |
| nm.model_freq.model_freq.0.weight |    6144    |
|  nm.model_freq.model_freq.0.bias  |     64     |
|  nm.model_freq.model_all.0.weight |   20480    |
|   nm.model_freq.model_all.0.bias  |    128     |
|  nm.model_freq.model_all.2.weight |   21504    |
|   nm.model_freq.model_all.2.bias  |    168     |
| nm.model_pred.model_freq.0.weight |   24576    |
|  nm.model_pred.model_freq.0.bias  |    256     |
|  nm.model_pred.model_all.0.weight |   180224   |
|   nm.model_pred.model_all.0.bias  |    512     |
|  nm.model_pred.model_all.2.weight |   86016    |
|   nm.model_pred.model_all.2.bias  |    168     |
+-----------------------------------+------------+
[2025-06-05 12:39:41] - Total Trainable Params: 372846
[2025-06-05 12:39:41] - model parameters: 372846
[2025-06-05 12:40:27] - Epoch: 1 cost time: 45.83382296562195
[2025-06-05 12:40:27] - Traininng loss : 0.70002070415075
[2025-06-05 12:40:34] - vali_results: {'mae': 0.3976249694824219, 'mape': 1.8465614318847656, 'mse': 0.3608246445655823, 'rmse': 0.60068678855896}
[2025-06-05 12:40:37] - test_results: {'mae': 0.4236309230327606, 'mape': 1.8421578407287598, 'mse': 0.3662145137786865, 'rmse': 0.6051566004753113}
[2025-06-05 12:41:23] - Epoch: 2 cost time: 102.20360398292542
[2025-06-05 12:41:23] - Traininng loss : 0.6446090200737895
[2025-06-05 12:41:30] - vali_results: {'mae': 0.39861467480659485, 'mape': 1.8154278993606567, 'mse': 0.3602427542209625, 'rmse': 0.6002022624015808}
[2025-06-05 12:41:33] - test_results: {'mae': 0.4226202070713043, 'mape': 1.797579288482666, 'mse': 0.3663990795612335, 'rmse': 0.6053090691566467}
[2025-06-05 12:42:18] - Epoch: 3 cost time: 157.4508411884308
[2025-06-05 12:42:18] - Traininng loss : 0.6358349851738408
[2025-06-05 12:42:24] - vali_results: {'mae': 0.39133039116859436, 'mape': 1.8555132150650024, 'mse': 0.3554558753967285, 'rmse': 0.5962011814117432}
[2025-06-05 12:42:28] - test_results: {'mae': 0.41911375522613525, 'mape': 1.8453086614608765, 'mse': 0.364592581987381, 'rmse': 0.6038150191307068}
[2025-06-05 12:43:13] - Epoch: 4 cost time: 212.32227635383606
[2025-06-05 12:43:13] - Traininng loss : 0.6297643533567103
[2025-06-05 12:43:20] - vali_results: {'mae': 0.38770410418510437, 'mape': 1.8917322158813477, 'mse': 0.3525608777999878, 'rmse': 0.5937683582305908}
[2025-06-05 12:43:24] - test_results: {'mae': 0.41423580050468445, 'mape': 1.8696945905685425, 'mse': 0.3602491617202759, 'rmse': 0.6002076268196106}
[2025-06-05 12:44:07] - Epoch: 5 cost time: 265.9095096588135
[2025-06-05 12:44:07] - Traininng loss : 0.6258180694078723
[2025-06-05 12:44:13] - vali_results: {'mae': 0.3907792568206787, 'mape': 1.948289394378662, 'mse': 0.3560371398925781, 'rmse': 0.596688449382782}
[2025-06-05 12:44:17] - test_results: {'mae': 0.42155712842941284, 'mape': 1.9612984657287598, 'mse': 0.36813780665397644, 'rmse': 0.6067436337471008}
[2025-06-05 12:45:02] - Epoch: 6 cost time: 320.7042760848999
[2025-06-05 12:45:02] - Traininng loss : 0.6220797888134055
[2025-06-05 12:45:08] - vali_results: {'mae': 0.39241546392440796, 'mape': 1.8234490156173706, 'mse': 0.3528051972389221, 'rmse': 0.5939740538597107}
[2025-06-05 12:45:12] - test_results: {'mae': 0.42561012506484985, 'mape': 1.8262583017349243, 'mse': 0.37332385778427124, 'rmse': 0.6110023260116577}
[2025-06-05 12:45:56] - Epoch: 7 cost time: 374.98742747306824
[2025-06-05 12:45:56] - Traininng loss : 0.6194686556459652
[2025-06-05 12:46:02] - vali_results: {'mae': 0.3983753025531769, 'mape': 1.7807103395462036, 'mse': 0.35713598132133484, 'rmse': 0.5976085662841797}
[2025-06-05 12:46:06] - test_results: {'mae': 0.43167585134506226, 'mape': 1.7805761098861694, 'mse': 0.38111019134521484, 'rmse': 0.6173412203788757}
[2025-06-05 12:46:50] - Epoch: 8 cost time: 429.4214754104614
[2025-06-05 12:46:50] - Traininng loss : 0.6174277070327738
[2025-06-05 12:46:57] - vali_results: {'mae': 0.39584028720855713, 'mape': 1.8404130935668945, 'mse': 0.35754939913749695, 'rmse': 0.5979543328285217}
[2025-06-05 12:47:01] - test_results: {'mae': 0.42936164140701294, 'mape': 1.8660671710968018, 'mse': 0.37913182377815247, 'rmse': 0.6157368421554565}
[2025-06-05 12:47:46] - Epoch: 9 cost time: 485.02961802482605
[2025-06-05 12:47:46] - Traininng loss : 0.6151160066978038
[2025-06-05 12:47:53] - vali_results: {'mae': 0.39559248089790344, 'mape': 1.8880356550216675, 'mse': 0.35596469044685364, 'rmse': 0.5966277718544006}
[2025-06-05 12:47:57] - test_results: {'mae': 0.422120064496994, 'mape': 1.871408224105835, 'mse': 0.3702757656574249, 'rmse': 0.6085028648376465}
[2025-06-05 12:47:57] - loss no decreased for 5 epochs,  early stopping ....
[2025-06-05 12:48:00] - test_results: {'mae': 0.41423580050468445, 'mape': 1.8696945905685425, 'mse': 0.3602491617202759, 'rmse': 0.6002076268196106}
