[2025-05-29 22:07:03] - run : 0 in seed: 1
[2025-05-29 22:07:03] - +-----------------------------------+------------+
|              Modules              | Parameters |
+-----------------------------------+------------+
|     fm.Linear_Seasonal.weight     |   69120    |
|      fm.Linear_Seasonal.bias      |    720     |
|       fm.Linear_Trend.weight      |   69120    |
|        fm.Linear_Trend.bias       |    720     |
|             nm.weight             |    642     |
| nm.model_freq.model_freq.0.weight |    6144    |
|  nm.model_freq.model_freq.0.bias  |     64     |
|  nm.model_freq.model_all.0.weight |   20480    |
|   nm.model_freq.model_all.0.bias  |    128     |
|  nm.model_freq.model_all.2.weight |   92160    |
|   nm.model_freq.model_all.2.bias  |    720     |
| nm.model_pred.model_freq.0.weight |   24576    |
|  nm.model_pred.model_freq.0.bias  |    256     |
|  nm.model_pred.model_all.0.weight |   180224   |
|   nm.model_pred.model_all.0.bias  |    512     |
|  nm.model_pred.model_all.2.weight |   368640   |
|   nm.model_pred.model_all.2.bias  |    720     |
+-----------------------------------+------------+
[2025-05-29 22:07:03] - Total Trainable Params: 834946
[2025-05-29 22:07:03] - model parameters: 834946
[2025-05-29 22:08:01] - Epoch: 1 cost time: 57.37949085235596
[2025-05-29 22:08:01] - Traininng loss : 0.6806029024449262
[2025-05-29 22:08:18] - vali_results: {'mae': 0.3201609253883362, 'mape': 2.775829792022705, 'mse': 0.22773557901382446, 'rmse': 0.4772164821624756}
[2025-05-29 22:08:28] - test_results: {'mae': 0.3311298191547394, 'mape': 3.4662017822265625, 'mse': 0.2320009469985962, 'rmse': 0.481664776802063}
[2025-05-29 22:09:26] - Epoch: 2 cost time: 142.56078577041626
[2025-05-29 22:09:26] - Traininng loss : 0.5391249423677271
[2025-05-29 22:09:45] - vali_results: {'mae': 0.3161989450454712, 'mape': 2.7287893295288086, 'mse': 0.22491304576396942, 'rmse': 0.4742499887943268}
[2025-05-29 22:09:56] - test_results: {'mae': 0.3236946761608124, 'mape': 3.387880802154541, 'mse': 0.2259678691625595, 'rmse': 0.47536078095436096}
[2025-05-29 22:10:52] - Epoch: 3 cost time: 228.97787523269653
[2025-05-29 22:10:52] - Traininng loss : 0.5349228322505951
[2025-05-29 22:11:12] - vali_results: {'mae': 0.31553131341934204, 'mape': 2.7172372341156006, 'mse': 0.22418484091758728, 'rmse': 0.4734816253185272}
[2025-05-29 22:11:21] - test_results: {'mae': 0.3240354359149933, 'mape': 3.381516695022583, 'mse': 0.22584865987300873, 'rmse': 0.47523537278175354}
[2025-05-29 22:12:18] - Epoch: 4 cost time: 314.61625266075134
[2025-05-29 22:12:18] - Traininng loss : 0.532851137789813
[2025-05-29 22:12:38] - vali_results: {'mae': 0.31653451919555664, 'mape': 2.759355068206787, 'mse': 0.22416652739048004, 'rmse': 0.4734622836112976}
[2025-05-29 22:12:48] - test_results: {'mae': 0.32420992851257324, 'mape': 3.440035581588745, 'mse': 0.2251441478729248, 'rmse': 0.4744935631752014}
[2025-05-29 22:13:47] - Epoch: 5 cost time: 403.192978143692
[2025-05-29 22:13:47] - Traininng loss : 0.5317623877525329
[2025-05-29 22:14:06] - vali_results: {'mae': 0.3158341646194458, 'mape': 2.7729742527008057, 'mse': 0.22361022233963013, 'rmse': 0.4728744328022003}
[2025-05-29 22:14:16] - test_results: {'mae': 0.32506123185157776, 'mape': 3.4566259384155273, 'mse': 0.2255902886390686, 'rmse': 0.4749634563922882}
[2025-05-29 22:15:15] - Epoch: 6 cost time: 491.4978520870209
[2025-05-29 22:15:15] - Traininng loss : 0.5308681989257986
[2025-05-29 22:15:35] - vali_results: {'mae': 0.31645467877388, 'mape': 2.8408215045928955, 'mse': 0.22418072819709778, 'rmse': 0.4734772741794586}
[2025-05-29 22:15:45] - test_results: {'mae': 0.328517347574234, 'mape': 3.5437979698181152, 'mse': 0.22831375896930695, 'rmse': 0.47782188653945923}
[2025-05-29 22:16:42] - Epoch: 7 cost time: 578.1413161754608
[2025-05-29 22:16:42] - Traininng loss : 0.5303772320530631
[2025-05-29 22:17:01] - vali_results: {'mae': 0.3138386607170105, 'mape': 2.723440408706665, 'mse': 0.2227664440870285, 'rmse': 0.471981406211853}
[2025-05-29 22:17:11] - test_results: {'mae': 0.3225947320461273, 'mape': 3.3982224464416504, 'mse': 0.22443558275699615, 'rmse': 0.47374632954597473}
[2025-05-29 22:18:06] - Epoch: 8 cost time: 663.0759298801422
[2025-05-29 22:18:06] - Traininng loss : 0.52982345467264
[2025-05-29 22:18:25] - vali_results: {'mae': 0.3143022954463959, 'mape': 2.75207781791687, 'mse': 0.22266483306884766, 'rmse': 0.47187376022338867}
[2025-05-29 22:18:35] - test_results: {'mae': 0.3232133984565735, 'mape': 3.4364593029022217, 'mse': 0.22446680068969727, 'rmse': 0.47377926111221313}
[2025-05-29 22:19:31] - Epoch: 9 cost time: 747.0906274318695
[2025-05-29 22:19:31] - Traininng loss : 0.5295742286335339
[2025-05-29 22:19:48] - vali_results: {'mae': 0.3128451704978943, 'mape': 2.6707422733306885, 'mse': 0.22301286458969116, 'rmse': 0.4722423851490021}
[2025-05-29 22:19:58] - test_results: {'mae': 0.31836557388305664, 'mape': 3.3290274143218994, 'mse': 0.22226636111736298, 'rmse': 0.4714513421058655}
[2025-05-29 22:20:55] - Epoch: 10 cost time: 831.6949124336243
[2025-05-29 22:20:55] - Traininng loss : 0.5292244096235795
[2025-05-29 22:21:14] - vali_results: {'mae': 0.31279870867729187, 'mape': 2.7641170024871826, 'mse': 0.2223583310842514, 'rmse': 0.471548855304718}
[2025-05-29 22:21:23] - test_results: {'mae': 0.321493536233902, 'mape': 3.4464271068573, 'mse': 0.2239304780960083, 'rmse': 0.47321292757987976}
[2025-05-29 22:22:18] - Epoch: 11 cost time: 914.8218114376068
[2025-05-29 22:22:18] - Traininng loss : 0.5287998218428005
[2025-05-29 22:22:36] - vali_results: {'mae': 0.31642743945121765, 'mape': 2.7873449325561523, 'mse': 0.22333374619483948, 'rmse': 0.47258201241493225}
[2025-05-29 22:22:45] - test_results: {'mae': 0.32806846499443054, 'mape': 3.480153799057007, 'mse': 0.22716018557548523, 'rmse': 0.47661325335502625}
[2025-05-29 22:23:39] - Epoch: 12 cost time: 996.0593113899231
[2025-05-29 22:23:39] - Traininng loss : 0.5286089573123238
[2025-05-29 22:23:59] - vali_results: {'mae': 0.313887357711792, 'mape': 2.7195751667022705, 'mse': 0.22232593595981598, 'rmse': 0.4715145230293274}
[2025-05-29 22:24:09] - test_results: {'mae': 0.32179659605026245, 'mape': 3.405409097671509, 'mse': 0.22331905364990234, 'rmse': 0.4725664556026459}
[2025-05-29 22:25:04] - Epoch: 13 cost time: 1080.32399392128
[2025-05-29 22:25:04] - Traininng loss : 0.5285970494422045
[2025-05-29 22:25:23] - vali_results: {'mae': 0.31244102120399475, 'mape': 2.689312219619751, 'mse': 0.2230539619922638, 'rmse': 0.4722858965396881}
[2025-05-29 22:25:32] - test_results: {'mae': 0.3179492950439453, 'mape': 3.362013101577759, 'mse': 0.22235797345638275, 'rmse': 0.47154849767684937}
[2025-05-29 22:26:29] - Epoch: 14 cost time: 1165.8967998027802
[2025-05-29 22:26:29] - Traininng loss : 0.5284390271793712
[2025-05-29 22:26:48] - vali_results: {'mae': 0.3117843270301819, 'mape': 2.722320079803467, 'mse': 0.22250914573669434, 'rmse': 0.471708744764328}
[2025-05-29 22:26:58] - test_results: {'mae': 0.31942814588546753, 'mape': 3.403125286102295, 'mse': 0.22347265481948853, 'rmse': 0.4727289378643036}
[2025-05-29 22:27:54] - Epoch: 15 cost time: 1250.2781238555908
[2025-05-29 22:27:54] - Traininng loss : 0.5284265226125717
[2025-05-29 22:28:13] - vali_results: {'mae': 0.3134290874004364, 'mape': 2.7167704105377197, 'mse': 0.22225601971149445, 'rmse': 0.4714403748512268}
[2025-05-29 22:28:22] - test_results: {'mae': 0.3206348121166229, 'mape': 3.4040706157684326, 'mse': 0.2228032648563385, 'rmse': 0.4720204174518585}
[2025-05-29 22:29:19] - Epoch: 16 cost time: 1335.5447885990143
[2025-05-29 22:29:19] - Traininng loss : 0.5279448319565166
[2025-05-29 22:29:37] - vali_results: {'mae': 0.31339219212532043, 'mape': 2.7428839206695557, 'mse': 0.22237883508205414, 'rmse': 0.47157061100006104}
[2025-05-29 22:29:48] - test_results: {'mae': 0.32190021872520447, 'mape': 3.4321088790893555, 'mse': 0.22389140725135803, 'rmse': 0.4731716513633728}
[2025-05-29 22:30:42] - Epoch: 17 cost time: 1419.0026824474335
[2025-05-29 22:30:42] - Traininng loss : 0.5279326593334025
[2025-05-29 22:31:01] - vali_results: {'mae': 0.3134227395057678, 'mape': 2.7087390422821045, 'mse': 0.22232355177402496, 'rmse': 0.47151198983192444}
[2025-05-29 22:31:12] - test_results: {'mae': 0.3206017017364502, 'mape': 3.3771839141845703, 'mse': 0.22283180058002472, 'rmse': 0.47205063700675964}
[2025-05-29 22:32:07] - Epoch: 18 cost time: 1503.9093461036682
[2025-05-29 22:32:07] - Traininng loss : 0.5276826811378652
[2025-05-29 22:32:26] - vali_results: {'mae': 0.31209564208984375, 'mape': 2.724968433380127, 'mse': 0.2221565544605255, 'rmse': 0.47133487462997437}
[2025-05-29 22:32:36] - test_results: {'mae': 0.3201753497123718, 'mape': 3.4046833515167236, 'mse': 0.2235615998506546, 'rmse': 0.47282302379608154}
[2025-05-29 22:33:32] - Epoch: 19 cost time: 1588.6906561851501
[2025-05-29 22:33:32] - Traininng loss : 0.527747111862356
[2025-05-29 22:33:51] - vali_results: {'mae': 0.31254568696022034, 'mape': 2.7319095134735107, 'mse': 0.22213412821292877, 'rmse': 0.4713110625743866}
[2025-05-29 22:34:01] - test_results: {'mae': 0.31983792781829834, 'mape': 3.4159364700317383, 'mse': 0.22276489436626434, 'rmse': 0.4719797670841217}
[2025-05-29 22:34:58] - Epoch: 20 cost time: 1674.189780473709
[2025-05-29 22:34:58] - Traininng loss : 0.5276572096347809
[2025-05-29 22:35:17] - vali_results: {'mae': 0.31544777750968933, 'mape': 2.802311420440674, 'mse': 0.22251877188682556, 'rmse': 0.471718966960907}
[2025-05-29 22:35:27] - test_results: {'mae': 0.32693737745285034, 'mape': 3.496302843093872, 'mse': 0.2260676622390747, 'rmse': 0.4754657447338104}
[2025-05-29 22:36:23] - Epoch: 21 cost time: 1760.0673685073853
[2025-05-29 22:36:23] - Traininng loss : 0.527607692046599
[2025-05-29 22:36:42] - vali_results: {'mae': 0.3156034052371979, 'mape': 2.7839527130126953, 'mse': 0.22256672382354736, 'rmse': 0.471769779920578}
[2025-05-29 22:36:52] - test_results: {'mae': 0.32598528265953064, 'mape': 3.460540294647217, 'mse': 0.2252931445837021, 'rmse': 0.4746505618095398}
[2025-05-29 22:37:49] - Epoch: 22 cost time: 1845.8084058761597
[2025-05-29 22:37:49] - Traininng loss : 0.5274530791152607
[2025-05-29 22:38:07] - vali_results: {'mae': 0.3125177323818207, 'mape': 2.704860210418701, 'mse': 0.22188879549503326, 'rmse': 0.4710507392883301}
[2025-05-29 22:38:17] - test_results: {'mae': 0.3200414180755615, 'mape': 3.380462408065796, 'mse': 0.2225327044725418, 'rmse': 0.4717337191104889}
[2025-05-29 22:39:14] - Epoch: 23 cost time: 1930.394851922989
[2025-05-29 22:39:14] - Traininng loss : 0.5271507021513853
[2025-05-29 22:39:33] - vali_results: {'mae': 0.31271061301231384, 'mape': 2.7294249534606934, 'mse': 0.22223405539989471, 'rmse': 0.47141706943511963}
[2025-05-29 22:39:43] - test_results: {'mae': 0.3205719590187073, 'mape': 3.4004812240600586, 'mse': 0.22310873866081238, 'rmse': 0.47234389185905457}
[2025-05-29 22:40:41] - Epoch: 24 cost time: 2017.455528974533
[2025-05-29 22:40:41] - Traininng loss : 0.5273569246855649
[2025-05-29 22:40:59] - vali_results: {'mae': 0.31200751662254333, 'mape': 2.7233879566192627, 'mse': 0.22219637036323547, 'rmse': 0.47137710452079773}
[2025-05-29 22:41:09] - test_results: {'mae': 0.3186396658420563, 'mape': 3.399630069732666, 'mse': 0.22251953184604645, 'rmse': 0.47171977162361145}
[2025-05-29 22:42:07] - Epoch: 25 cost time: 2103.9893407821655
[2025-05-29 22:42:07] - Traininng loss : 0.5270835933360186
[2025-05-29 22:42:26] - vali_results: {'mae': 0.3128398656845093, 'mape': 2.7291061878204346, 'mse': 0.22200323641300201, 'rmse': 0.47117218375205994}
[2025-05-29 22:42:35] - test_results: {'mae': 0.32025784254074097, 'mape': 3.4073646068573, 'mse': 0.22260743379592896, 'rmse': 0.4718129336833954}
[2025-05-29 22:43:31] - Epoch: 26 cost time: 2187.83345413208
[2025-05-29 22:43:31] - Traininng loss : 0.5270654734698209
[2025-05-29 22:43:50] - vali_results: {'mae': 0.31426793336868286, 'mape': 2.7944250106811523, 'mse': 0.22225366532802582, 'rmse': 0.47143787145614624}
[2025-05-29 22:44:00] - test_results: {'mae': 0.3250076174736023, 'mape': 3.488743305206299, 'mse': 0.2252049595117569, 'rmse': 0.47455763816833496}
[2025-05-29 22:44:58] - Epoch: 27 cost time: 2274.668701171875
[2025-05-29 22:44:58] - Traininng loss : 0.5268509864265268
[2025-05-29 22:45:17] - vali_results: {'mae': 0.3121747672557831, 'mape': 2.7373886108398438, 'mse': 0.22174271941184998, 'rmse': 0.4708956480026245}
[2025-05-29 22:45:26] - test_results: {'mae': 0.32042214274406433, 'mape': 3.420133113861084, 'mse': 0.22287824749946594, 'rmse': 0.47209984064102173}
[2025-05-29 22:46:22] - Epoch: 28 cost time: 2359.0564091205597
[2025-05-29 22:46:22] - Traininng loss : 0.5268124026601965
[2025-05-29 22:46:41] - vali_results: {'mae': 0.31227225065231323, 'mape': 2.74412202835083, 'mse': 0.2219276875257492, 'rmse': 0.47109201550483704}
[2025-05-29 22:46:51] - test_results: {'mae': 0.32161837816238403, 'mape': 3.4255402088165283, 'mse': 0.2238258570432663, 'rmse': 0.4731023609638214}
[2025-05-29 22:47:48] - Epoch: 29 cost time: 2444.958159685135
[2025-05-29 22:47:48] - Traininng loss : 0.5268879983641884
[2025-05-29 22:48:08] - vali_results: {'mae': 0.31156933307647705, 'mape': 2.720953941345215, 'mse': 0.22185015678405762, 'rmse': 0.4710097312927246}
[2025-05-29 22:48:18] - test_results: {'mae': 0.31918948888778687, 'mape': 3.3827524185180664, 'mse': 0.22247964143753052, 'rmse': 0.4716774821281433}
[2025-05-29 22:49:16] - Epoch: 30 cost time: 2532.98650598526
[2025-05-29 22:49:16] - Traininng loss : 0.526976365013556
[2025-05-29 22:49:36] - vali_results: {'mae': 0.31262513995170593, 'mape': 2.743415594100952, 'mse': 0.22172832489013672, 'rmse': 0.4708803594112396}
[2025-05-29 22:49:46] - test_results: {'mae': 0.3211236596107483, 'mape': 3.4290149211883545, 'mse': 0.22325673699378967, 'rmse': 0.4725005030632019}
[2025-05-29 22:50:46] - Epoch: 31 cost time: 2622.5954070091248
[2025-05-29 22:50:46] - Traininng loss : 0.5266151131825013
[2025-05-29 22:51:05] - vali_results: {'mae': 0.3128827214241028, 'mape': 2.7522761821746826, 'mse': 0.22216953337192535, 'rmse': 0.4713486433029175}
[2025-05-29 22:51:16] - test_results: {'mae': 0.32163918018341064, 'mape': 3.4298338890075684, 'mse': 0.2237732708454132, 'rmse': 0.47304680943489075}
[2025-05-29 22:52:15] - Epoch: 32 cost time: 2711.98313331604
[2025-05-29 22:52:15] - Traininng loss : 0.5266298673369668
[2025-05-29 22:52:34] - vali_results: {'mae': 0.31309080123901367, 'mape': 2.7826318740844727, 'mse': 0.22179706394672394, 'rmse': 0.4709533452987671}
[2025-05-29 22:52:44] - test_results: {'mae': 0.3236774206161499, 'mape': 3.476961135864258, 'mse': 0.2245650738477707, 'rmse': 0.4738829731941223}
[2025-05-29 22:53:42] - Epoch: 33 cost time: 2798.1453285217285
[2025-05-29 22:53:42] - Traininng loss : 0.5266828334873372
[2025-05-29 22:54:00] - vali_results: {'mae': 0.31640270352363586, 'mape': 2.827768087387085, 'mse': 0.22289903461933136, 'rmse': 0.47212183475494385}
[2025-05-29 22:54:10] - test_results: {'mae': 0.3292812407016754, 'mape': 3.529737949371338, 'mse': 0.22743065655231476, 'rmse': 0.47689691185951233}
[2025-05-29 22:55:09] - Epoch: 34 cost time: 2885.4340312480927
[2025-05-29 22:55:09] - Traininng loss : 0.5266203782233325
[2025-05-29 22:55:29] - vali_results: {'mae': 0.3122929036617279, 'mape': 2.765742540359497, 'mse': 0.22174133360385895, 'rmse': 0.4708941876888275}
[2025-05-29 22:55:39] - test_results: {'mae': 0.32150688767433167, 'mape': 3.4523303508758545, 'mse': 0.22376152873039246, 'rmse': 0.4730343818664551}
[2025-05-29 22:56:37] - Epoch: 35 cost time: 2973.0959939956665
[2025-05-29 22:56:37] - Traininng loss : 0.5265039206093007
[2025-05-29 22:56:55] - vali_results: {'mae': 0.3133671283721924, 'mape': 2.813977003097534, 'mse': 0.22207410633563995, 'rmse': 0.4712474048137665}
[2025-05-29 22:57:05] - test_results: {'mae': 0.3244982659816742, 'mape': 3.5180304050445557, 'mse': 0.22533348202705383, 'rmse': 0.47469303011894226}
[2025-05-29 22:57:05] - loss no decreased for 5 epochs,  early stopping ....
[2025-05-29 22:57:15] - test_results: {'mae': 0.3211236596107483, 'mape': 3.4290149211883545, 'mse': 0.22325673699378967, 'rmse': 0.4725005030632019}
