[2025-06-04 23:06:26] - run : 3 in seed: 4
[2025-06-04 23:06:26] - +-----------------------------------+------------+
|              Modules              | Parameters |
+-----------------------------------+------------+
|     fm.Linear_Seasonal.weight     |    9216    |
|      fm.Linear_Seasonal.bias      |     96     |
|       fm.Linear_Trend.weight      |    9216    |
|        fm.Linear_Trend.bias       |     96     |
|             nm.weight             |     16     |
| nm.model_freq.model_freq.0.weight |    6144    |
|  nm.model_freq.model_freq.0.bias  |     64     |
|  nm.model_freq.model_all.0.weight |   20480    |
|   nm.model_freq.model_all.0.bias  |    128     |
|  nm.model_freq.model_all.2.weight |   12288    |
|   nm.model_freq.model_all.2.bias  |     96     |
| nm.model_pred.model_freq.0.weight |   24576    |
|  nm.model_pred.model_freq.0.bias  |    256     |
|  nm.model_pred.model_all.0.weight |   180224   |
|   nm.model_pred.model_all.0.bias  |    512     |
|  nm.model_pred.model_all.2.weight |   49152    |
|   nm.model_pred.model_all.2.bias  |     96     |
+-----------------------------------+------------+
[2025-06-04 23:06:26] - Total Trainable Params: 312656
[2025-06-04 23:06:26] - model parameters: 312656
[2025-06-04 23:06:30] - Epoch: 1 cost time: 4.219136476516724
[2025-06-04 23:06:30] - Traininng loss : 0.380146206356585
[2025-06-04 23:06:31] - vali_results: {'mae': 0.28265947103500366, 'mape': 0.5415218472480774, 'mse': 0.12554633617401123, 'rmse': 0.35432517528533936}
[2025-06-04 23:06:32] - test_results: {'mae': 0.18370948731899261, 'mape': 1.2160426378250122, 'mse': 0.06091489642858505, 'rmse': 0.2468094378709793}
[2025-06-04 23:06:36] - Epoch: 2 cost time: 10.13211441040039
[2025-06-04 23:06:36] - Traininng loss : 0.18673716923221945
[2025-06-04 23:06:37] - vali_results: {'mae': 0.275016725063324, 'mape': 0.5164527893066406, 'mse': 0.12259560823440552, 'rmse': 0.35013654828071594}
[2025-06-04 23:06:37] - test_results: {'mae': 0.17767734825611115, 'mape': 1.175275444984436, 'mse': 0.05816848948597908, 'rmse': 0.24118144810199738}
[2025-06-04 23:06:42] - Epoch: 3 cost time: 16.07762050628662
[2025-06-04 23:06:42] - Traininng loss : 0.17705186298117043
[2025-06-04 23:06:43] - vali_results: {'mae': 0.21948231756687164, 'mape': 0.4814247190952301, 'mse': 0.08754995465278625, 'rmse': 0.29588842391967773}
[2025-06-04 23:06:43] - test_results: {'mae': 0.16941824555397034, 'mape': 1.2231812477111816, 'mse': 0.05483771488070488, 'rmse': 0.23417453467845917}
[2025-06-04 23:06:48] - Epoch: 4 cost time: 21.988972663879395
[2025-06-04 23:06:48] - Traininng loss : 0.17220180300064386
[2025-06-04 23:06:49] - vali_results: {'mae': 0.196575328707695, 'mape': 0.46705877780914307, 'mse': 0.07145243883132935, 'rmse': 0.2673058807849884}
[2025-06-04 23:06:49] - test_results: {'mae': 0.16658352315425873, 'mape': 1.2816001176834106, 'mse': 0.05385303497314453, 'rmse': 0.23206256330013275}
[2025-06-04 23:06:54] - Epoch: 5 cost time: 27.95191526412964
[2025-06-04 23:06:54] - Traininng loss : 0.17025319444946946
[2025-06-04 23:06:55] - vali_results: {'mae': 0.1895635426044464, 'mape': 0.4756661355495453, 'mse': 0.06832569092512131, 'rmse': 0.26139184832572937}
[2025-06-04 23:06:55] - test_results: {'mae': 0.1676977127790451, 'mape': 1.301838994026184, 'mse': 0.05326203256845474, 'rmse': 0.23078568279743195}
[2025-06-04 23:07:00] - Epoch: 6 cost time: 33.859179735183716
[2025-06-04 23:07:00] - Traininng loss : 0.16820690692402424
[2025-06-04 23:07:01] - vali_results: {'mae': 0.19012539088726044, 'mape': 0.4726884663105011, 'mse': 0.06837751716375351, 'rmse': 0.26149094104766846}
[2025-06-04 23:07:01] - test_results: {'mae': 0.17040018737316132, 'mape': 1.303352952003479, 'mse': 0.05513228476047516, 'rmse': 0.23480264842510223}
[2025-06-04 23:07:05] - Epoch: 7 cost time: 39.601624488830566
[2025-06-04 23:07:05] - Traininng loss : 0.1665518147405237
[2025-06-04 23:07:06] - vali_results: {'mae': 0.2760050296783447, 'mape': 0.5282667279243469, 'mse': 0.12995854020118713, 'rmse': 0.3604976236820221}
[2025-06-04 23:07:07] - test_results: {'mae': 0.1738235354423523, 'mape': 1.2035080194473267, 'mse': 0.05630190670490265, 'rmse': 0.2372802346944809}
[2025-06-04 23:07:11] - Epoch: 8 cost time: 45.69066119194031
[2025-06-04 23:07:11] - Traininng loss : 0.16599325612187385
[2025-06-04 23:07:13] - vali_results: {'mae': 0.1973773092031479, 'mape': 0.4755189120769501, 'mse': 0.07394848763942719, 'rmse': 0.27193471789360046}
[2025-06-04 23:07:13] - test_results: {'mae': 0.16729512810707092, 'mape': 1.2958914041519165, 'mse': 0.05356628820300102, 'rmse': 0.23144392669200897}
[2025-06-04 23:07:18] - Epoch: 9 cost time: 51.78384304046631
[2025-06-04 23:07:18] - Traininng loss : 0.1649993838276714
[2025-06-04 23:07:19] - vali_results: {'mae': 0.19911670684814453, 'mape': 0.4618838131427765, 'mse': 0.07371903210878372, 'rmse': 0.2715124785900116}
[2025-06-04 23:07:19] - test_results: {'mae': 0.1684572398662567, 'mape': 1.280241847038269, 'mse': 0.054613884538412094, 'rmse': 0.2336961328983307}
[2025-06-04 23:07:23] - Epoch: 10 cost time: 57.70320534706116
[2025-06-04 23:07:23] - Traininng loss : 0.1646687738597393
[2025-06-04 23:07:24] - vali_results: {'mae': 0.23030181229114532, 'mape': 0.4740520417690277, 'mse': 0.0929064005613327, 'rmse': 0.3048055171966553}
[2025-06-04 23:07:25] - test_results: {'mae': 0.16754423081874847, 'mape': 1.2476173639297485, 'mse': 0.05443492904305458, 'rmse': 0.2333129495382309}
[2025-06-04 23:07:25] - loss no decreased for 5 epochs,  early stopping ....
[2025-06-04 23:07:26] - test_results: {'mae': 0.1676977127790451, 'mape': 1.301838994026184, 'mse': 0.05326203256845474, 'rmse': 0.23078568279743195}
