[2025-06-04 16:31:47] - run : 0 in seed: 2
[2025-06-04 16:31:47] - +-----------------------------------+------------+
|              Modules              | Parameters |
+-----------------------------------+------------+
|     fm.Linear_Seasonal.weight     |    9216    |
|      fm.Linear_Seasonal.bias      |     96     |
|       fm.Linear_Trend.weight      |    9216    |
|        fm.Linear_Trend.bias       |     96     |
|             nm.weight             |    642     |
| nm.model_freq.model_freq.0.weight |    6144    |
|  nm.model_freq.model_freq.0.bias  |     64     |
|  nm.model_freq.model_all.0.weight |   20480    |
|   nm.model_freq.model_all.0.bias  |    128     |
|  nm.model_freq.model_all.2.weight |   12288    |
|   nm.model_freq.model_all.2.bias  |     96     |
| nm.model_pred.model_freq.0.weight |   24576    |
|  nm.model_pred.model_freq.0.bias  |    256     |
|  nm.model_pred.model_all.0.weight |   180224   |
|   nm.model_pred.model_all.0.bias  |    512     |
|  nm.model_pred.model_all.2.weight |   49152    |
|   nm.model_pred.model_all.2.bias  |     96     |
+-----------------------------------+------------+
[2025-06-04 16:31:47] - Total Trainable Params: 313282
[2025-06-04 16:31:47] - model parameters: 313282
[2025-06-04 16:32:06] - Epoch: 1 cost time: 18.971378564834595
[2025-06-04 16:32:06] - Traininng loss : 0.5488941840958177
[2025-06-04 16:32:11] - vali_results: {'mae': 0.2706999182701111, 'mape': 2.295811891555786, 'mse': 0.18073499202728271, 'rmse': 0.42512938380241394}
[2025-06-04 16:32:15] - test_results: {'mae': 0.2765263319015503, 'mape': 2.9573702812194824, 'mse': 0.1931900531053543, 'rmse': 0.43953391909599304}
[2025-06-04 16:32:34] - Epoch: 2 cost time: 46.511679887771606
[2025-06-04 16:32:34] - Traininng loss : 0.4222752329550291
[2025-06-04 16:32:40] - vali_results: {'mae': 0.2673565745353699, 'mape': 2.2454590797424316, 'mse': 0.17694038152694702, 'rmse': 0.42064282298088074}
[2025-06-04 16:32:44] - test_results: {'mae': 0.27216729521751404, 'mape': 2.887040853500366, 'mse': 0.18824131786823273, 'rmse': 0.433867871761322}
[2025-06-04 16:33:03] - Epoch: 3 cost time: 75.43559050559998
[2025-06-04 16:33:03] - Traininng loss : 0.4159130989459523
[2025-06-04 16:33:09] - vali_results: {'mae': 0.26533088088035583, 'mape': 2.2501020431518555, 'mse': 0.17506395280361176, 'rmse': 0.4184064567089081}
[2025-06-04 16:33:13] - test_results: {'mae': 0.27054980397224426, 'mape': 2.8725950717926025, 'mse': 0.18653951585292816, 'rmse': 0.4319021999835968}
[2025-06-04 16:33:32] - Epoch: 4 cost time: 104.56430220603943
[2025-06-04 16:33:32] - Traininng loss : 0.4131317700733218
[2025-06-04 16:33:39] - vali_results: {'mae': 0.2636447846889496, 'mape': 2.259268045425415, 'mse': 0.1743638664484024, 'rmse': 0.41756898164749146}
[2025-06-04 16:33:42] - test_results: {'mae': 0.26861464977264404, 'mape': 2.8943965435028076, 'mse': 0.18562807142734528, 'rmse': 0.4308457672595978}
[2025-06-04 16:34:01] - Epoch: 5 cost time: 133.9430913925171
[2025-06-04 16:34:01] - Traininng loss : 0.41067796527293693
[2025-06-04 16:34:08] - vali_results: {'mae': 0.26358455419540405, 'mape': 2.274428367614746, 'mse': 0.17404954135417938, 'rmse': 0.4171924591064453}
[2025-06-04 16:34:11] - test_results: {'mae': 0.26854780316352844, 'mape': 2.9046525955200195, 'mse': 0.18523038923740387, 'rmse': 0.4303840100765228}
[2025-06-04 16:34:31] - Epoch: 6 cost time: 163.18669199943542
[2025-06-04 16:34:31] - Traininng loss : 0.40901615990881335
[2025-06-04 16:34:37] - vali_results: {'mae': 0.2646426856517792, 'mape': 2.2098405361175537, 'mse': 0.17367976903915405, 'rmse': 0.4167490601539612}
[2025-06-04 16:34:41] - test_results: {'mae': 0.26919692754745483, 'mape': 2.82598614692688, 'mse': 0.18454787135124207, 'rmse': 0.4295903444290161}
[2025-06-04 16:35:00] - Epoch: 7 cost time: 192.95612263679504
[2025-06-04 16:35:00] - Traininng loss : 0.40794563544423956
[2025-06-04 16:35:07] - vali_results: {'mae': 0.26284369826316833, 'mape': 2.247465133666992, 'mse': 0.17348961532115936, 'rmse': 0.4165208339691162}
[2025-06-04 16:35:10] - test_results: {'mae': 0.2669030725955963, 'mape': 2.863743782043457, 'mse': 0.18372191488742828, 'rmse': 0.42862793803215027}
[2025-06-04 16:35:29] - Epoch: 8 cost time: 222.1044533252716
[2025-06-04 16:35:29] - Traininng loss : 0.40683036106720305
[2025-06-04 16:35:36] - vali_results: {'mae': 0.26268357038497925, 'mape': 2.275897264480591, 'mse': 0.1727723777294159, 'rmse': 0.41565898060798645}
[2025-06-04 16:35:40] - test_results: {'mae': 0.26754459738731384, 'mape': 2.8849844932556152, 'mse': 0.18362931907176971, 'rmse': 0.4285199046134949}
[2025-06-04 16:35:59] - Epoch: 9 cost time: 251.62311673164368
[2025-06-04 16:35:59] - Traininng loss : 0.40614481531737145
[2025-06-04 16:36:05] - vali_results: {'mae': 0.2635222375392914, 'mape': 2.2848007678985596, 'mse': 0.17279455065727234, 'rmse': 0.41568565368652344}
[2025-06-04 16:36:09] - test_results: {'mae': 0.26893749833106995, 'mape': 2.901528835296631, 'mse': 0.18444477021694183, 'rmse': 0.42947033047676086}
[2025-06-04 16:36:28] - Epoch: 10 cost time: 280.8992803096771
[2025-06-04 16:36:28] - Traininng loss : 0.40540011289872624
[2025-06-04 16:36:35] - vali_results: {'mae': 0.2626033425331116, 'mape': 2.3278329372406006, 'mse': 0.17294356226921082, 'rmse': 0.41586482524871826}
[2025-06-04 16:36:38] - test_results: {'mae': 0.26824459433555603, 'mape': 2.957075595855713, 'mse': 0.1843968778848648, 'rmse': 0.4294145703315735}
[2025-06-04 16:36:57] - Epoch: 11 cost time: 309.96886682510376
[2025-06-04 16:36:57] - Traininng loss : 0.40466481384478115
[2025-06-04 16:37:04] - vali_results: {'mae': 0.2642335891723633, 'mape': 2.2803916931152344, 'mse': 0.17320623993873596, 'rmse': 0.4161805510520935}
[2025-06-04 16:37:08] - test_results: {'mae': 0.2693467438220978, 'mape': 2.928039312362671, 'mse': 0.18426500260829926, 'rmse': 0.4292609989643097}
[2025-06-04 16:37:27] - Epoch: 12 cost time: 339.43237233161926
[2025-06-04 16:37:27] - Traininng loss : 0.40431304736095564
[2025-06-04 16:37:33] - vali_results: {'mae': 0.2615205645561218, 'mape': 2.27243709564209, 'mse': 0.17183980345726013, 'rmse': 0.41453564167022705}
[2025-06-04 16:37:37] - test_results: {'mae': 0.2663862109184265, 'mape': 2.903714418411255, 'mse': 0.18264320492744446, 'rmse': 0.42736777663230896}
[2025-06-04 16:37:55] - Epoch: 13 cost time: 368.1313955783844
[2025-06-04 16:37:55] - Traininng loss : 0.4036960454363572
[2025-06-04 16:38:02] - vali_results: {'mae': 0.2605326175689697, 'mape': 2.282470464706421, 'mse': 0.17216813564300537, 'rmse': 0.4149314761161804}
[2025-06-04 16:38:05] - test_results: {'mae': 0.26498833298683167, 'mape': 2.9083609580993652, 'mse': 0.18261992931365967, 'rmse': 0.4273405373096466}
[2025-06-04 16:38:25] - Epoch: 14 cost time: 397.2110483646393
[2025-06-04 16:38:25] - Traininng loss : 0.4031713134364078
[2025-06-04 16:38:31] - vali_results: {'mae': 0.26158031821250916, 'mape': 2.258122682571411, 'mse': 0.1714390516281128, 'rmse': 0.41405197978019714}
[2025-06-04 16:38:35] - test_results: {'mae': 0.26641303300857544, 'mape': 2.8764078617095947, 'mse': 0.18219813704490662, 'rmse': 0.4268467426300049}
[2025-06-04 16:38:54] - Epoch: 15 cost time: 426.62928891181946
[2025-06-04 16:38:54] - Traininng loss : 0.4027398964814973
[2025-06-04 16:39:00] - vali_results: {'mae': 0.2620343863964081, 'mape': 2.3263258934020996, 'mse': 0.17272122204303741, 'rmse': 0.41559743881225586}
[2025-06-04 16:39:04] - test_results: {'mae': 0.2672814726829529, 'mape': 2.970104694366455, 'mse': 0.18376092612743378, 'rmse': 0.4286734461784363}
[2025-06-04 16:39:23] - Epoch: 16 cost time: 455.4976282119751
[2025-06-04 16:39:23] - Traininng loss : 0.4023053852612512
[2025-06-04 16:39:29] - vali_results: {'mae': 0.26121070981025696, 'mape': 2.272538185119629, 'mse': 0.17174984514713287, 'rmse': 0.41442713141441345}
[2025-06-04 16:39:32] - test_results: {'mae': 0.26560869812965393, 'mape': 2.9038503170013428, 'mse': 0.18212983012199402, 'rmse': 0.4267667233943939}
[2025-06-04 16:39:52] - Epoch: 17 cost time: 484.65439677238464
[2025-06-04 16:39:52] - Traininng loss : 0.40217456415034175
[2025-06-04 16:39:58] - vali_results: {'mae': 0.2625347375869751, 'mape': 2.349717855453491, 'mse': 0.172298401594162, 'rmse': 0.415088415145874}
[2025-06-04 16:40:01] - test_results: {'mae': 0.2682851552963257, 'mape': 2.999788284301758, 'mse': 0.1837380826473236, 'rmse': 0.4286468029022217}
[2025-06-04 16:40:21] - Epoch: 18 cost time: 513.6752400398254
[2025-06-04 16:40:21] - Traininng loss : 0.4017186265242727
[2025-06-04 16:40:27] - vali_results: {'mae': 0.2608163058757782, 'mape': 2.2500898838043213, 'mse': 0.1717730611562729, 'rmse': 0.4144551455974579}
[2025-06-04 16:40:30] - test_results: {'mae': 0.2646123766899109, 'mape': 2.8593945503234863, 'mse': 0.18127423524856567, 'rmse': 0.4257631301879883}
[2025-06-04 16:40:50] - Epoch: 19 cost time: 542.1825160980225
[2025-06-04 16:40:50] - Traininng loss : 0.4015652062077271
[2025-06-04 16:40:56] - vali_results: {'mae': 0.26126670837402344, 'mape': 2.256382703781128, 'mse': 0.17162753641605377, 'rmse': 0.4142795503139496}
[2025-06-04 16:41:00] - test_results: {'mae': 0.2652497887611389, 'mape': 2.8814167976379395, 'mse': 0.18170633912086487, 'rmse': 0.4262702763080597}
[2025-06-04 16:41:00] - loss no decreased for 5 epochs,  early stopping ....
[2025-06-04 16:41:03] - test_results: {'mae': 0.26641303300857544, 'mape': 2.8764078617095947, 'mse': 0.18219813704490662, 'rmse': 0.4268467426300049}
