[2025-06-04 23:04:09] - run : 1 in seed: 2
[2025-06-04 23:04:09] - +-----------------------------------+------------+
|              Modules              | Parameters |
+-----------------------------------+------------+
|     fm.Linear_Seasonal.weight     |    9216    |
|      fm.Linear_Seasonal.bias      |     96     |
|       fm.Linear_Trend.weight      |    9216    |
|        fm.Linear_Trend.bias       |     96     |
|             nm.weight             |     16     |
| nm.model_freq.model_freq.0.weight |    6144    |
|  nm.model_freq.model_freq.0.bias  |     64     |
|  nm.model_freq.model_all.0.weight |   20480    |
|   nm.model_freq.model_all.0.bias  |    128     |
|  nm.model_freq.model_all.2.weight |   12288    |
|   nm.model_freq.model_all.2.bias  |     96     |
| nm.model_pred.model_freq.0.weight |   24576    |
|  nm.model_pred.model_freq.0.bias  |    256     |
|  nm.model_pred.model_all.0.weight |   180224   |
|   nm.model_pred.model_all.0.bias  |    512     |
|  nm.model_pred.model_all.2.weight |   49152    |
|   nm.model_pred.model_all.2.bias  |     96     |
+-----------------------------------+------------+
[2025-06-04 23:04:09] - Total Trainable Params: 312656
[2025-06-04 23:04:09] - model parameters: 312656
[2025-06-04 23:04:13] - Epoch: 1 cost time: 4.367096424102783
[2025-06-04 23:04:13] - Traininng loss : 0.3797665934078395
[2025-06-04 23:04:15] - vali_results: {'mae': 0.2284935563802719, 'mape': 0.4912664592266083, 'mse': 0.08972123265266418, 'rmse': 0.29953503608703613}
[2025-06-04 23:04:15] - test_results: {'mae': 0.1751769632101059, 'mape': 1.2457363605499268, 'mse': 0.05766460299491882, 'rmse': 0.24013455212116241}
[2025-06-04 23:04:20] - Epoch: 2 cost time: 10.91857624053955
[2025-06-04 23:04:20] - Traininng loss : 0.1878140510059893
[2025-06-04 23:04:21] - vali_results: {'mae': 0.23249058425426483, 'mape': 0.49007555842399597, 'mse': 0.09236010909080505, 'rmse': 0.3039080500602722}
[2025-06-04 23:04:22] - test_results: {'mae': 0.16920913755893707, 'mape': 1.2079198360443115, 'mse': 0.05404577776789665, 'rmse': 0.23247747123241425}
[2025-06-04 23:04:26] - Epoch: 3 cost time: 17.100861072540283
[2025-06-04 23:04:26] - Traininng loss : 0.17647773651406168
[2025-06-04 23:04:27] - vali_results: {'mae': 0.2565068304538727, 'mape': 0.4901126027107239, 'mse': 0.10858427733182907, 'rmse': 0.3295212984085083}
[2025-06-04 23:04:28] - test_results: {'mae': 0.17435623705387115, 'mape': 1.1707528829574585, 'mse': 0.0573967806994915, 'rmse': 0.23957625031471252}
[2025-06-04 23:04:32] - Epoch: 4 cost time: 22.935835123062134
[2025-06-04 23:04:32] - Traininng loss : 0.17223343658261
[2025-06-04 23:04:33] - vali_results: {'mae': 0.2645154297351837, 'mape': 0.5037857890129089, 'mse': 0.11490900069475174, 'rmse': 0.33898231387138367}
[2025-06-04 23:04:34] - test_results: {'mae': 0.173204705119133, 'mape': 1.180580496788025, 'mse': 0.05622950568795204, 'rmse': 0.2371276170015335}
[2025-06-04 23:04:38] - Epoch: 5 cost time: 28.8503999710083
[2025-06-04 23:04:38] - Traininng loss : 0.17018836378119886
[2025-06-04 23:04:39] - vali_results: {'mae': 0.21071496605873108, 'mape': 0.47497695684432983, 'mse': 0.0821838304400444, 'rmse': 0.28667721152305603}
[2025-06-04 23:04:39] - test_results: {'mae': 0.16722063720226288, 'mape': 1.2332816123962402, 'mse': 0.05380917340517044, 'rmse': 0.23196804523468018}
[2025-06-04 23:04:44] - Epoch: 6 cost time: 34.71495318412781
[2025-06-04 23:04:44] - Traininng loss : 0.16779141570441425
[2025-06-04 23:04:45] - vali_results: {'mae': 0.1974353939294815, 'mape': 0.46259433031082153, 'mse': 0.07164153456687927, 'rmse': 0.26765936613082886}
[2025-06-04 23:04:45] - test_results: {'mae': 0.16590645909309387, 'mape': 1.2685073614120483, 'mse': 0.05375594273209572, 'rmse': 0.23185327649116516}
[2025-06-04 23:04:50] - Epoch: 7 cost time: 40.84146785736084
[2025-06-04 23:04:50] - Traininng loss : 0.16688333270139993
[2025-06-04 23:04:51] - vali_results: {'mae': 0.18638305366039276, 'mape': 0.4722890853881836, 'mse': 0.06627574563026428, 'rmse': 0.2574407756328583}
[2025-06-04 23:04:51] - test_results: {'mae': 0.1669987589120865, 'mape': 1.3001235723495483, 'mse': 0.05281088128685951, 'rmse': 0.22980618476867676}
[2025-06-04 23:04:56] - Epoch: 8 cost time: 46.79190492630005
[2025-06-04 23:04:56] - Traininng loss : 0.16593404416926205
[2025-06-04 23:04:57] - vali_results: {'mae': 0.18786273896694183, 'mape': 0.46947935223579407, 'mse': 0.06691643595695496, 'rmse': 0.25868210196495056}
[2025-06-04 23:04:57] - test_results: {'mae': 0.17007137835025787, 'mape': 1.2992701530456543, 'mse': 0.055114004760980606, 'rmse': 0.2347637265920639}
[2025-06-04 23:05:02] - Epoch: 9 cost time: 52.53962516784668
[2025-06-04 23:05:02] - Traininng loss : 0.16462191278114915
[2025-06-04 23:05:03] - vali_results: {'mae': 0.27241453528404236, 'mape': 0.5227351188659668, 'mse': 0.1272355318069458, 'rmse': 0.3567008972167969}
[2025-06-04 23:05:03] - test_results: {'mae': 0.1726660430431366, 'mape': 1.1926013231277466, 'mse': 0.05575580149888992, 'rmse': 0.23612666130065918}
[2025-06-04 23:05:08] - Epoch: 10 cost time: 58.505412578582764
[2025-06-04 23:05:08] - Traininng loss : 0.16431675474159418
[2025-06-04 23:05:08] - vali_results: {'mae': 0.19536082446575165, 'mape': 0.47328221797943115, 'mse': 0.07249009609222412, 'rmse': 0.2692398428916931}
[2025-06-04 23:05:09] - test_results: {'mae': 0.16690978407859802, 'mape': 1.2917842864990234, 'mse': 0.053191568702459335, 'rmse': 0.2306329756975174}
[2025-06-04 23:05:13] - Epoch: 11 cost time: 64.45933628082275
[2025-06-04 23:05:13] - Traininng loss : 0.16360740032978355
[2025-06-04 23:05:14] - vali_results: {'mae': 0.20219196379184723, 'mape': 0.45892101526260376, 'mse': 0.07565750926733017, 'rmse': 0.2750591039657593}
[2025-06-04 23:05:15] - test_results: {'mae': 0.16784723103046417, 'mape': 1.2586145401000977, 'mse': 0.05440173298120499, 'rmse': 0.23324179649353027}
[2025-06-04 23:05:19] - Epoch: 12 cost time: 70.14664030075073
[2025-06-04 23:05:19] - Traininng loss : 0.16338156280107796
[2025-06-04 23:05:20] - vali_results: {'mae': 0.22923985123634338, 'mape': 0.46868327260017395, 'mse': 0.09209039807319641, 'rmse': 0.30346399545669556}
[2025-06-04 23:05:21] - test_results: {'mae': 0.1672815978527069, 'mape': 1.2305235862731934, 'mse': 0.054279476404190063, 'rmse': 0.23297956585884094}
[2025-06-04 23:05:21] - loss no decreased for 5 epochs,  early stopping ....
[2025-06-04 23:05:21] - test_results: {'mae': 0.1669987589120865, 'mape': 1.3001235723495483, 'mse': 0.05281088128685951, 'rmse': 0.22980618476867676}
