[2025-05-28 20:30:25] - run : 0 in seed: 1
[2025-05-28 20:30:25] - +-----------------------------------+------------+
|              Modules              | Parameters |
+-----------------------------------+------------+
|     fm.Linear_Seasonal.weight     |    9216    |
|      fm.Linear_Seasonal.bias      |     96     |
|       fm.Linear_Trend.weight      |    9216    |
|        fm.Linear_Trend.bias       |     96     |
|             nm.weight             |     14     |
| nm.model_freq.model_freq.0.weight |    6144    |
|  nm.model_freq.model_freq.0.bias  |     64     |
|  nm.model_freq.model_all.0.weight |   20480    |
|   nm.model_freq.model_all.0.bias  |    128     |
|  nm.model_freq.model_all.2.weight |   12288    |
|   nm.model_freq.model_all.2.bias  |     96     |
| nm.model_pred.model_freq.0.weight |   24576    |
|  nm.model_pred.model_freq.0.bias  |    256     |
|  nm.model_pred.model_all.0.weight |   180224   |
|   nm.model_pred.model_all.0.bias  |    512     |
|  nm.model_pred.model_all.2.weight |   49152    |
|   nm.model_pred.model_all.2.bias  |     96     |
+-----------------------------------+------------+
[2025-05-28 20:30:25] - Total Trainable Params: 312654
[2025-05-28 20:30:25] - model parameters: 312654
[2025-05-28 20:30:35] - Epoch: 1 cost time: 9.944145917892456
[2025-05-28 20:30:35] - Traininng loss : 0.7043035219799965
[2025-05-28 20:30:37] - vali_results: {'mae': 0.3344888389110565, 'mape': 4.725088119506836, 'mse': 0.23776786029338837, 'rmse': 0.4876144528388977}
[2025-05-28 20:30:38] - test_results: {'mae': 0.24396026134490967, 'mape': 11.192070960998535, 'mse': 0.11523224413394928, 'rmse': 0.33945876359939575}
[2025-05-28 20:30:48] - Epoch: 2 cost time: 22.518852710723877
[2025-05-28 20:30:48] - Traininng loss : 0.5653346705230626
[2025-05-28 20:30:49] - vali_results: {'mae': 0.32645782828330994, 'mape': 4.532059192657471, 'mse': 0.2300955206155777, 'rmse': 0.4796827435493469}
[2025-05-28 20:30:50] - test_results: {'mae': 0.23756809532642365, 'mape': 11.203224182128906, 'mse': 0.11205645650625229, 'rmse': 0.33474835753440857}
[2025-05-28 20:31:00] - Epoch: 3 cost time: 34.81868624687195
[2025-05-28 20:31:00] - Traininng loss : 0.5430410435383625
[2025-05-28 20:31:02] - vali_results: {'mae': 0.3310406506061554, 'mape': 4.482760906219482, 'mse': 0.2355000525712967, 'rmse': 0.4852834641933441}
[2025-05-28 20:31:03] - test_results: {'mae': 0.2360089272260666, 'mape': 10.646515846252441, 'mse': 0.10956453531980515, 'rmse': 0.331005334854126}
[2025-05-28 20:31:13] - Epoch: 4 cost time: 47.49392247200012
[2025-05-28 20:31:13] - Traininng loss : 0.5332100599053058
[2025-05-28 20:31:15] - vali_results: {'mae': 0.34601742029190063, 'mape': 4.35316801071167, 'mse': 0.24996629357337952, 'rmse': 0.4999662935733795}
[2025-05-28 20:31:16] - test_results: {'mae': 0.24024169147014618, 'mape': 9.760769844055176, 'mse': 0.10997936129570007, 'rmse': 0.3316313624382019}
[2025-05-28 20:31:26] - Epoch: 5 cost time: 60.350374698638916
[2025-05-28 20:31:26] - Traininng loss : 0.522913345115933
[2025-05-28 20:31:27] - vali_results: {'mae': 0.32767200469970703, 'mape': 4.585216999053955, 'mse': 0.23258112370967865, 'rmse': 0.4822666645050049}
[2025-05-28 20:31:29] - test_results: {'mae': 0.23424044251441956, 'mape': 11.7548246383667, 'mse': 0.10906071215867996, 'rmse': 0.33024340867996216}
[2025-05-28 20:31:38] - Epoch: 6 cost time: 73.12928175926208
[2025-05-28 20:31:38] - Traininng loss : 0.5184636236505306
[2025-05-28 20:31:40] - vali_results: {'mae': 0.3415181040763855, 'mape': 4.497568130493164, 'mse': 0.24740563333034515, 'rmse': 0.49739885330200195}
[2025-05-28 20:31:41] - test_results: {'mae': 0.2361137717962265, 'mape': 10.469074249267578, 'mse': 0.10791392624378204, 'rmse': 0.3285025656223297}
[2025-05-28 20:31:51] - Epoch: 7 cost time: 85.97730231285095
[2025-05-28 20:31:51] - Traininng loss : 0.5119682996276211
[2025-05-28 20:31:53] - vali_results: {'mae': 0.33229807019233704, 'mape': 4.673538684844971, 'mse': 0.23737066984176636, 'rmse': 0.48720699548721313}
[2025-05-28 20:31:54] - test_results: {'mae': 0.23387831449508667, 'mape': 11.30616283416748, 'mse': 0.10726059973239899, 'rmse': 0.3275066316127777}
[2025-05-28 20:31:54] - loss no decreased for 5 epochs,  early stopping ....
[2025-05-28 20:31:55] - test_results: {'mae': 0.23756809532642365, 'mape': 11.203224182128906, 'mse': 0.11205645650625229, 'rmse': 0.33474835753440857}
