[2025-06-03 18:50:37] - run : 2 in seed: 4
[2025-06-03 18:50:37] - +-----------------------------------+------------+
|              Modules              | Parameters |
+-----------------------------------+------------+
|     fm.Linear_Seasonal.weight     |   16128    |
|      fm.Linear_Seasonal.bias      |    168     |
|       fm.Linear_Trend.weight      |   16128    |
|        fm.Linear_Trend.bias       |    168     |
|             nm.weight             |    1724    |
| nm.model_freq.model_freq.0.weight |    6144    |
|  nm.model_freq.model_freq.0.bias  |     64     |
|  nm.model_freq.model_all.0.weight |   20480    |
|   nm.model_freq.model_all.0.bias  |    128     |
|  nm.model_freq.model_all.2.weight |   21504    |
|   nm.model_freq.model_all.2.bias  |    168     |
| nm.model_pred.model_freq.0.weight |   24576    |
|  nm.model_pred.model_freq.0.bias  |    256     |
|  nm.model_pred.model_all.0.weight |   180224   |
|   nm.model_pred.model_all.0.bias  |    512     |
|  nm.model_pred.model_all.2.weight |   86016    |
|   nm.model_pred.model_all.2.bias  |    168     |
+-----------------------------------+------------+
[2025-06-03 18:50:37] - Total Trainable Params: 374556
[2025-06-03 18:50:37] - model parameters: 374556
[2025-06-03 18:51:00] - Epoch: 1 cost time: 23.075840950012207
[2025-06-03 18:51:00] - Traininng loss : 0.8808154043682078
[2025-06-03 18:51:10] - vali_results: {'mae': 0.3225305378437042, 'mape': 5.008457183837891, 'mse': 0.36192771792411804, 'rmse': 0.6016042828559875}
[2025-06-03 18:51:16] - test_results: {'mae': 0.3756329119205475, 'mape': 8.363189697265625, 'mse': 0.46601182222366333, 'rmse': 0.6826505661010742}
[2025-06-03 18:51:39] - Epoch: 2 cost time: 62.14832949638367
[2025-06-03 18:51:39] - Traininng loss : 0.6653420912458542
[2025-06-03 18:51:50] - vali_results: {'mae': 0.3034384548664093, 'mape': 4.5264482498168945, 'mse': 0.3410767614841461, 'rmse': 0.5840177536010742}
[2025-06-03 18:51:56] - test_results: {'mae': 0.358111172914505, 'mape': 7.425637722015381, 'mse': 0.4475685656070709, 'rmse': 0.6690056324005127}
[2025-06-03 18:52:19] - Epoch: 3 cost time: 101.98040437698364
[2025-06-03 18:52:19] - Traininng loss : 0.6353798790815028
[2025-06-03 18:52:30] - vali_results: {'mae': 0.29746076464653015, 'mape': 4.596423625946045, 'mse': 0.3311218321323395, 'rmse': 0.5754318833351135}
[2025-06-03 18:52:36] - test_results: {'mae': 0.3541998565196991, 'mape': 7.622572898864746, 'mse': 0.44052281975746155, 'rmse': 0.6637189388275146}
[2025-06-03 18:52:58] - Epoch: 4 cost time: 141.3346757888794
[2025-06-03 18:52:58] - Traininng loss : 0.6210646638844876
[2025-06-03 18:53:09] - vali_results: {'mae': 0.29486262798309326, 'mape': 4.451671600341797, 'mse': 0.3280419409275055, 'rmse': 0.5727494359016418}
[2025-06-03 18:53:15] - test_results: {'mae': 0.3508248031139374, 'mape': 7.377432823181152, 'mse': 0.4361173212528229, 'rmse': 0.6603918075561523}
[2025-06-03 18:53:38] - Epoch: 5 cost time: 180.91929578781128
[2025-06-03 18:53:38] - Traininng loss : 0.6115138969839887
[2025-06-03 18:53:49] - vali_results: {'mae': 0.2931225001811981, 'mape': 4.391515731811523, 'mse': 0.32570672035217285, 'rmse': 0.5707072019577026}
[2025-06-03 18:53:55] - test_results: {'mae': 0.3498048782348633, 'mape': 7.292758464813232, 'mse': 0.4349912106990814, 'rmse': 0.6595386266708374}
[2025-06-03 18:54:17] - Epoch: 6 cost time: 220.37339663505554
[2025-06-03 18:54:17] - Traininng loss : 0.6046012695482437
[2025-06-03 18:54:28] - vali_results: {'mae': 0.2903099060058594, 'mape': 4.35345458984375, 'mse': 0.3232259750366211, 'rmse': 0.5685296654701233}
[2025-06-03 18:54:34] - test_results: {'mae': 0.34724700450897217, 'mape': 7.255022048950195, 'mse': 0.4326222836971283, 'rmse': 0.6577402949333191}
[2025-06-03 18:54:58] - Epoch: 7 cost time: 260.6747827529907
[2025-06-03 18:54:58] - Traininng loss : 0.5989002433229
[2025-06-03 18:55:10] - vali_results: {'mae': 0.28903481364250183, 'mape': 4.338935852050781, 'mse': 0.3211008906364441, 'rmse': 0.5666576623916626}
[2025-06-03 18:55:17] - test_results: {'mae': 0.34680381417274475, 'mape': 7.274163722991943, 'mse': 0.43155136704444885, 'rmse': 0.6569256782531738}
[2025-06-03 18:55:44] - Epoch: 8 cost time: 306.9240667819977
[2025-06-03 18:55:44] - Traininng loss : 0.5943476448350764
[2025-06-03 18:55:56] - vali_results: {'mae': 0.2888551652431488, 'mape': 4.362596035003662, 'mse': 0.32049787044525146, 'rmse': 0.5661253333091736}
[2025-06-03 18:56:02] - test_results: {'mae': 0.3463570177555084, 'mape': 7.245424747467041, 'mse': 0.4302862286567688, 'rmse': 0.6559620499610901}
[2025-06-03 18:56:27] - Epoch: 9 cost time: 349.65173530578613
[2025-06-03 18:56:27] - Traininng loss : 0.5906422561470498
[2025-06-03 18:56:38] - vali_results: {'mae': 0.28737565875053406, 'mape': 4.414413928985596, 'mse': 0.31824520230293274, 'rmse': 0.5641322731971741}
[2025-06-03 18:56:44] - test_results: {'mae': 0.345452219247818, 'mape': 7.328122615814209, 'mse': 0.42913302779197693, 'rmse': 0.6550824642181396}
[2025-06-03 18:57:08] - Epoch: 10 cost time: 391.21697545051575
[2025-06-03 18:57:08] - Traininng loss : 0.5876013343321517
[2025-06-03 18:57:19] - vali_results: {'mae': 0.28675225377082825, 'mape': 4.294111251831055, 'mse': 0.3183148205280304, 'rmse': 0.5641939640045166}
[2025-06-03 18:57:25] - test_results: {'mae': 0.34387463331222534, 'mape': 7.032936096191406, 'mse': 0.42769068479537964, 'rmse': 0.6539806723594666}
[2025-06-03 18:57:48] - Epoch: 11 cost time: 430.78006887435913
[2025-06-03 18:57:48] - Traininng loss : 0.5849599928614941
[2025-06-03 18:57:58] - vali_results: {'mae': 0.28515589237213135, 'mape': 4.20526647567749, 'mse': 0.31784772872924805, 'rmse': 0.5637798309326172}
[2025-06-03 18:58:04] - test_results: {'mae': 0.34150299429893494, 'mape': 6.84763765335083, 'mse': 0.42575231194496155, 'rmse': 0.6524969935417175}
[2025-06-03 18:58:27] - Epoch: 12 cost time: 469.9774160385132
[2025-06-03 18:58:27] - Traininng loss : 0.5827233436259818
[2025-06-03 18:58:37] - vali_results: {'mae': 0.28443875908851624, 'mape': 4.298978328704834, 'mse': 0.3158048391342163, 'rmse': 0.5619651675224304}
[2025-06-03 18:58:44] - test_results: {'mae': 0.3422238528728485, 'mape': 7.130908012390137, 'mse': 0.425853431224823, 'rmse': 0.6525744795799255}
[2025-06-03 18:59:06] - Epoch: 13 cost time: 509.31501364707947
[2025-06-03 18:59:06] - Traininng loss : 0.5805541102556472
[2025-06-03 18:59:16] - vali_results: {'mae': 0.2849879264831543, 'mape': 4.2357354164123535, 'mse': 0.3167482316493988, 'rmse': 0.5628039240837097}
[2025-06-03 18:59:22] - test_results: {'mae': 0.34196019172668457, 'mape': 6.861876010894775, 'mse': 0.4253493547439575, 'rmse': 0.6521881222724915}
[2025-06-03 18:59:45] - Epoch: 14 cost time: 548.1813561916351
[2025-06-03 18:59:45] - Traininng loss : 0.5787069627896269
[2025-06-03 18:59:56] - vali_results: {'mae': 0.2842256426811218, 'mape': 4.304006576538086, 'mse': 0.31470566987991333, 'rmse': 0.560986340045929}
[2025-06-03 19:00:03] - test_results: {'mae': 0.3418612480163574, 'mape': 7.132078170776367, 'mse': 0.42431679368019104, 'rmse': 0.6513960361480713}
[2025-06-03 19:00:25] - Epoch: 15 cost time: 587.8311953544617
[2025-06-03 19:00:25] - Traininng loss : 0.5771236936462686
[2025-06-03 19:00:35] - vali_results: {'mae': 0.2837029695510864, 'mape': 4.308329105377197, 'mse': 0.31410136818885803, 'rmse': 0.5604474544525146}
[2025-06-03 19:00:41] - test_results: {'mae': 0.3415153920650482, 'mape': 7.126097202301025, 'mse': 0.424002081155777, 'rmse': 0.6511543989181519}
[2025-06-03 19:01:04] - Epoch: 16 cost time: 627.0449948310852
[2025-06-03 19:01:04] - Traininng loss : 0.5757440441149346
[2025-06-03 19:01:15] - vali_results: {'mae': 0.28363853693008423, 'mape': 4.312595367431641, 'mse': 0.313541442155838, 'rmse': 0.5599477291107178}
[2025-06-03 19:01:21] - test_results: {'mae': 0.34153062105178833, 'mape': 7.113507270812988, 'mse': 0.4236431419849396, 'rmse': 0.6508787274360657}
[2025-06-03 19:01:43] - Epoch: 17 cost time: 666.1256332397461
[2025-06-03 19:01:43] - Traininng loss : 0.5741945812676815
[2025-06-03 19:01:54] - vali_results: {'mae': 0.2827664315700531, 'mape': 4.2826128005981445, 'mse': 0.3132064640522003, 'rmse': 0.5596485137939453}
[2025-06-03 19:02:00] - test_results: {'mae': 0.33992719650268555, 'mape': 7.114696979522705, 'mse': 0.4217146039009094, 'rmse': 0.6493955850601196}
[2025-06-03 19:02:23] - Epoch: 18 cost time: 705.5934958457947
[2025-06-03 19:02:23] - Traininng loss : 0.5729318899994201
[2025-06-03 19:02:33] - vali_results: {'mae': 0.2825010418891907, 'mape': 4.229050159454346, 'mse': 0.3134329319000244, 'rmse': 0.559850811958313}
[2025-06-03 19:02:39] - test_results: {'mae': 0.33940622210502625, 'mape': 6.940306663513184, 'mse': 0.42168816924095154, 'rmse': 0.6493752002716064}
[2025-06-03 19:03:02] - Epoch: 19 cost time: 744.6377000808716
[2025-06-03 19:03:02] - Traininng loss : 0.5719438918093418
[2025-06-03 19:03:12] - vali_results: {'mae': 0.28214308619499207, 'mape': 4.1447434425354, 'mse': 0.3139892518520355, 'rmse': 0.5603474378585815}
[2025-06-03 19:03:18] - test_results: {'mae': 0.33907705545425415, 'mape': 6.753726005554199, 'mse': 0.4222320318222046, 'rmse': 0.6497938632965088}
[2025-06-03 19:03:40] - Epoch: 20 cost time: 783.1410849094391
[2025-06-03 19:03:40] - Traininng loss : 0.5708824388207273
[2025-06-03 19:03:50] - vali_results: {'mae': 0.2829073667526245, 'mape': 4.346202850341797, 'mse': 0.3113969564437866, 'rmse': 0.5580295324325562}
[2025-06-03 19:03:56] - test_results: {'mae': 0.34067782759666443, 'mape': 7.2437872886657715, 'mse': 0.4210968315601349, 'rmse': 0.6489197611808777}
[2025-06-03 19:04:19] - Epoch: 21 cost time: 821.9521427154541
[2025-06-03 19:04:19] - Traininng loss : 0.5698766706788794
[2025-06-03 19:04:29] - vali_results: {'mae': 0.28182452917099, 'mape': 4.257681369781494, 'mse': 0.3119719326496124, 'rmse': 0.5585444569587708}
[2025-06-03 19:04:35] - test_results: {'mae': 0.33931413292884827, 'mape': 7.019680023193359, 'mse': 0.42085936665534973, 'rmse': 0.6487367749214172}
[2025-06-03 19:04:58] - Epoch: 22 cost time: 861.210462808609
[2025-06-03 19:04:58] - Traininng loss : 0.5688601079139304
[2025-06-03 19:05:08] - vali_results: {'mae': 0.281080961227417, 'mape': 4.266819953918457, 'mse': 0.31062158942222595, 'rmse': 0.5573343634605408}
[2025-06-03 19:05:14] - test_results: {'mae': 0.338985800743103, 'mape': 7.065677642822266, 'mse': 0.4201923906803131, 'rmse': 0.6482225060462952}
[2025-06-03 19:05:37] - Epoch: 23 cost time: 899.8981249332428
[2025-06-03 19:05:37] - Traininng loss : 0.5679270063150437
[2025-06-03 19:05:47] - vali_results: {'mae': 0.28175851702690125, 'mape': 4.297760963439941, 'mse': 0.31057947874069214, 'rmse': 0.5572965741157532}
[2025-06-03 19:05:53] - test_results: {'mae': 0.33904245495796204, 'mape': 7.127941131591797, 'mse': 0.4193214774131775, 'rmse': 0.6475503444671631}
[2025-06-03 19:06:16] - Epoch: 24 cost time: 938.9001951217651
[2025-06-03 19:06:16] - Traininng loss : 0.5671880353004375
[2025-06-03 19:06:26] - vali_results: {'mae': 0.2801841199398041, 'mape': 4.245572090148926, 'mse': 0.31010282039642334, 'rmse': 0.5568687915802002}
[2025-06-03 19:06:33] - test_results: {'mae': 0.33798593282699585, 'mape': 7.075153827667236, 'mse': 0.4196094870567322, 'rmse': 0.6477727293968201}
[2025-06-03 19:06:55] - Epoch: 25 cost time: 978.3172171115875
[2025-06-03 19:06:55] - Traininng loss : 0.5664045057715253
[2025-06-03 19:07:05] - vali_results: {'mae': 0.28044435381889343, 'mape': 4.252622604370117, 'mse': 0.3098834455013275, 'rmse': 0.5566717386245728}
[2025-06-03 19:07:11] - test_results: {'mae': 0.33810916543006897, 'mape': 7.05272912979126, 'mse': 0.4189284145832062, 'rmse': 0.647246778011322}
[2025-06-03 19:07:34] - Epoch: 26 cost time: 1017.1500463485718
[2025-06-03 19:07:34] - Traininng loss : 0.5656543025311004
[2025-06-03 19:07:44] - vali_results: {'mae': 0.28039437532424927, 'mape': 4.272181510925293, 'mse': 0.309524804353714, 'rmse': 0.556349515914917}
[2025-06-03 19:07:50] - test_results: {'mae': 0.337853342294693, 'mape': 7.072201728820801, 'mse': 0.41823771595954895, 'rmse': 0.6467130184173584}
[2025-06-03 19:08:13] - Epoch: 27 cost time: 1055.5428643226624
[2025-06-03 19:08:13] - Traininng loss : 0.5650068913051423
[2025-06-03 19:08:23] - vali_results: {'mae': 0.2795061767101288, 'mape': 4.156038761138916, 'mse': 0.30999162793159485, 'rmse': 0.5567688941955566}
[2025-06-03 19:08:29] - test_results: {'mae': 0.3363029360771179, 'mape': 6.836923122406006, 'mse': 0.41762736439704895, 'rmse': 0.6462409496307373}
[2025-06-03 19:08:52] - Epoch: 28 cost time: 1094.6840856075287
[2025-06-03 19:08:52] - Traininng loss : 0.564262459886835
[2025-06-03 19:09:02] - vali_results: {'mae': 0.2808683216571808, 'mape': 4.348058700561523, 'mse': 0.3085132837295532, 'rmse': 0.5554397106170654}
[2025-06-03 19:09:09] - test_results: {'mae': 0.33921143412590027, 'mape': 7.247308254241943, 'mse': 0.41874799132347107, 'rmse': 0.6471074223518372}
[2025-06-03 19:09:31] - Epoch: 29 cost time: 1134.345149755478
[2025-06-03 19:09:31] - Traininng loss : 0.5636938407700113
[2025-06-03 19:09:43] - vali_results: {'mae': 0.2799052298069, 'mape': 4.241006374359131, 'mse': 0.3086928427219391, 'rmse': 0.5556013584136963}
[2025-06-03 19:09:49] - test_results: {'mae': 0.33699947595596313, 'mape': 6.9548139572143555, 'mse': 0.4171562194824219, 'rmse': 0.6458763480186462}
[2025-06-03 19:10:12] - Epoch: 30 cost time: 1174.5268342494965
[2025-06-03 19:10:12] - Traininng loss : 0.5631233870666078
[2025-06-03 19:10:22] - vali_results: {'mae': 0.2792816460132599, 'mape': 4.243693828582764, 'mse': 0.30830302834510803, 'rmse': 0.5552504062652588}
[2025-06-03 19:10:28] - test_results: {'mae': 0.33704209327697754, 'mape': 7.025567531585693, 'mse': 0.4174273908138275, 'rmse': 0.6460862159729004}
[2025-06-03 19:10:51] - Epoch: 31 cost time: 1213.6171226501465
[2025-06-03 19:10:51] - Traininng loss : 0.562427966360082
[2025-06-03 19:11:01] - vali_results: {'mae': 0.27884480357170105, 'mape': 4.219386100769043, 'mse': 0.3084292411804199, 'rmse': 0.5553640723228455}
[2025-06-03 19:11:07] - test_results: {'mae': 0.33631008863449097, 'mape': 6.9482927322387695, 'mse': 0.417023241519928, 'rmse': 0.6457733511924744}
[2025-06-03 19:11:29] - Epoch: 32 cost time: 1251.8753287792206
[2025-06-03 19:11:29] - Traininng loss : 0.5621062016233485
[2025-06-03 19:11:39] - vali_results: {'mae': 0.2790745794773102, 'mape': 4.229333400726318, 'mse': 0.3079315423965454, 'rmse': 0.5549157857894897}
[2025-06-03 19:11:45] - test_results: {'mae': 0.33750995993614197, 'mape': 7.051875114440918, 'mse': 0.41779017448425293, 'rmse': 0.6463668942451477}
[2025-06-03 19:12:08] - Epoch: 33 cost time: 1291.0605931282043
[2025-06-03 19:12:08] - Traininng loss : 0.5614453489159016
[2025-06-03 19:12:18] - vali_results: {'mae': 0.2784532308578491, 'mape': 4.119624137878418, 'mse': 0.30850666761398315, 'rmse': 0.5554337501525879}
[2025-06-03 19:12:24] - test_results: {'mae': 0.33505651354789734, 'mape': 6.736185550689697, 'mse': 0.4157920181751251, 'rmse': 0.6448193788528442}
[2025-06-03 19:12:47] - Epoch: 34 cost time: 1329.7194159030914
[2025-06-03 19:12:47] - Traininng loss : 0.5609858161274422
[2025-06-03 19:12:57] - vali_results: {'mae': 0.2785923480987549, 'mape': 4.227922439575195, 'mse': 0.30752137303352356, 'rmse': 0.5545461177825928}
[2025-06-03 19:13:03] - test_results: {'mae': 0.33676180243492126, 'mape': 7.011483669281006, 'mse': 0.41705846786499023, 'rmse': 0.6458006501197815}
[2025-06-03 19:13:26] - Epoch: 35 cost time: 1369.212741613388
[2025-06-03 19:13:26] - Traininng loss : 0.5605407049681278
[2025-06-03 19:13:37] - vali_results: {'mae': 0.27861180901527405, 'mape': 4.243555545806885, 'mse': 0.30715057253837585, 'rmse': 0.5542116761207581}
[2025-06-03 19:13:43] - test_results: {'mae': 0.3370001018047333, 'mape': 7.0346479415893555, 'mse': 0.4170939326286316, 'rmse': 0.645828127861023}
[2025-06-03 19:14:06] - Epoch: 36 cost time: 1408.8951151371002
[2025-06-03 19:14:06] - Traininng loss : 0.5601854507434876
[2025-06-03 19:14:17] - vali_results: {'mae': 0.27789226174354553, 'mape': 4.222936153411865, 'mse': 0.3070277273654938, 'rmse': 0.5541008114814758}
[2025-06-03 19:14:23] - test_results: {'mae': 0.335627943277359, 'mape': 6.949717044830322, 'mse': 0.41630563139915466, 'rmse': 0.6452174782752991}
[2025-06-03 19:14:46] - Epoch: 37 cost time: 1448.5791821479797
[2025-06-03 19:14:46] - Traininng loss : 0.5595905940107843
[2025-06-03 19:14:56] - vali_results: {'mae': 0.2783392667770386, 'mape': 4.240322113037109, 'mse': 0.30695050954818726, 'rmse': 0.5540311336517334}
[2025-06-03 19:15:02] - test_results: {'mae': 0.3360344469547272, 'mape': 7.0429558753967285, 'mse': 0.4158736765384674, 'rmse': 0.6448826789855957}
[2025-06-03 19:15:25] - Epoch: 38 cost time: 1487.8579168319702
[2025-06-03 19:15:25] - Traininng loss : 0.5593232388033512
[2025-06-03 19:15:35] - vali_results: {'mae': 0.27755069732666016, 'mape': 4.229918003082275, 'mse': 0.30640316009521484, 'rmse': 0.5535369515419006}
[2025-06-03 19:15:40] - test_results: {'mae': 0.3355526328086853, 'mape': 7.013575553894043, 'mse': 0.4158894419670105, 'rmse': 0.6448948979377747}
[2025-06-03 19:16:03] - Epoch: 39 cost time: 1526.3038988113403
[2025-06-03 19:16:03] - Traininng loss : 0.5589315442645804
[2025-06-03 19:16:14] - vali_results: {'mae': 0.27737241983413696, 'mape': 4.203018665313721, 'mse': 0.30667078495025635, 'rmse': 0.5537786483764648}
[2025-06-03 19:16:20] - test_results: {'mae': 0.3348543345928192, 'mape': 6.905867099761963, 'mse': 0.41533762216567993, 'rmse': 0.6444669365882874}
[2025-06-03 19:16:43] - Epoch: 40 cost time: 1565.8767399787903
[2025-06-03 19:16:43] - Traininng loss : 0.5585579748483415
[2025-06-03 19:16:53] - vali_results: {'mae': 0.27787619829177856, 'mape': 4.246683597564697, 'mse': 0.30662667751312256, 'rmse': 0.5537388324737549}
[2025-06-03 19:17:00] - test_results: {'mae': 0.3357003629207611, 'mape': 7.010604381561279, 'mse': 0.4159541726112366, 'rmse': 0.6449450850486755}
[2025-06-03 19:17:22] - Epoch: 41 cost time: 1605.3631978034973
[2025-06-03 19:17:22] - Traininng loss : 0.5583162131778737
[2025-06-03 19:17:33] - vali_results: {'mae': 0.277283251285553, 'mape': 4.191747665405273, 'mse': 0.3063868284225464, 'rmse': 0.5535222291946411}
[2025-06-03 19:17:39] - test_results: {'mae': 0.3346019387245178, 'mape': 6.906266212463379, 'mse': 0.4146649241447449, 'rmse': 0.6439447999000549}
[2025-06-03 19:18:02] - Epoch: 42 cost time: 1644.740467786789
[2025-06-03 19:18:02] - Traininng loss : 0.5579258606947483
[2025-06-03 19:18:13] - vali_results: {'mae': 0.27687525749206543, 'mape': 4.230940341949463, 'mse': 0.3058324158191681, 'rmse': 0.5530211925506592}
[2025-06-03 19:18:19] - test_results: {'mae': 0.3350633382797241, 'mape': 6.999976634979248, 'mse': 0.41515257954597473, 'rmse': 0.6443233489990234}
[2025-06-03 19:18:41] - Epoch: 43 cost time: 1684.3923645019531
[2025-06-03 19:18:41] - Traininng loss : 0.5576206497213942
[2025-06-03 19:18:52] - vali_results: {'mae': 0.27676472067832947, 'mape': 4.126554012298584, 'mse': 0.3065588176250458, 'rmse': 0.5536775588989258}
[2025-06-03 19:18:58] - test_results: {'mae': 0.3337849974632263, 'mape': 6.785014629364014, 'mse': 0.4142637848854065, 'rmse': 0.643633246421814}
[2025-06-03 19:19:21] - Epoch: 44 cost time: 1723.8881771564484
[2025-06-03 19:19:21] - Traininng loss : 0.5573368190609395
[2025-06-03 19:19:31] - vali_results: {'mae': 0.2769905626773834, 'mape': 4.261124610900879, 'mse': 0.30554038286209106, 'rmse': 0.5527570843696594}
[2025-06-03 19:19:38] - test_results: {'mae': 0.33488842844963074, 'mape': 7.023475170135498, 'mse': 0.41479969024658203, 'rmse': 0.6440494656562805}
[2025-06-03 19:20:00] - Epoch: 45 cost time: 1763.2260150909424
[2025-06-03 19:20:00] - Traininng loss : 0.557141717127029
[2025-06-03 19:20:11] - vali_results: {'mae': 0.2766176164150238, 'mape': 4.235195159912109, 'mse': 0.3053695261478424, 'rmse': 0.5526025295257568}
[2025-06-03 19:20:18] - test_results: {'mae': 0.33419010043144226, 'mape': 7.013025283813477, 'mse': 0.4141593277454376, 'rmse': 0.6435521245002747}
[2025-06-03 19:20:40] - Epoch: 46 cost time: 1803.3400070667267
[2025-06-03 19:20:40] - Traininng loss : 0.5567760930416432
[2025-06-03 19:20:51] - vali_results: {'mae': 0.2761695683002472, 'mape': 4.127944469451904, 'mse': 0.30618932843208313, 'rmse': 0.5533437728881836}
[2025-06-03 19:20:57] - test_results: {'mae': 0.33385342359542847, 'mape': 6.802640438079834, 'mse': 0.4146343171596527, 'rmse': 0.6439210772514343}
[2025-06-03 19:21:20] - Epoch: 47 cost time: 1842.9954710006714
[2025-06-03 19:21:20] - Traininng loss : 0.5565286571992204
[2025-06-03 19:21:31] - vali_results: {'mae': 0.2761695384979248, 'mape': 4.1195878982543945, 'mse': 0.3062763214111328, 'rmse': 0.5534223914146423}
[2025-06-03 19:21:37] - test_results: {'mae': 0.3338943123817444, 'mape': 6.811009883880615, 'mse': 0.41459909081459045, 'rmse': 0.6438937187194824}
[2025-06-03 19:22:01] - Epoch: 48 cost time: 1883.4647789001465
[2025-06-03 19:22:01] - Traininng loss : 0.556336687758882
[2025-06-03 19:22:11] - vali_results: {'mae': 0.2764722406864166, 'mape': 4.226842880249023, 'mse': 0.30514031648635864, 'rmse': 0.5523950457572937}
[2025-06-03 19:22:17] - test_results: {'mae': 0.3341791033744812, 'mape': 7.001555919647217, 'mse': 0.4138983488082886, 'rmse': 0.6433493494987488}
[2025-06-03 19:22:39] - Epoch: 49 cost time: 1922.3643536567688
[2025-06-03 19:22:39] - Traininng loss : 0.5560404418947849
[2025-06-03 19:22:50] - vali_results: {'mae': 0.2758374512195587, 'mape': 4.189289093017578, 'mse': 0.3051266670227051, 'rmse': 0.5523827075958252}
[2025-06-03 19:22:57] - test_results: {'mae': 0.3333289623260498, 'mape': 6.917427062988281, 'mse': 0.4135272204875946, 'rmse': 0.6430608034133911}
[2025-06-03 19:23:19] - Epoch: 50 cost time: 1962.378157377243
[2025-06-03 19:23:19] - Traininng loss : 0.5558971990137658
[2025-06-03 19:23:30] - vali_results: {'mae': 0.27598893642425537, 'mape': 4.19183874130249, 'mse': 0.3052322268486023, 'rmse': 0.5524782538414001}
[2025-06-03 19:23:36] - test_results: {'mae': 0.3339052200317383, 'mape': 6.9400529861450195, 'mse': 0.4141264259815216, 'rmse': 0.643526554107666}
[2025-06-03 19:23:59] - Epoch: 51 cost time: 2001.8994932174683
[2025-06-03 19:23:59] - Traininng loss : 0.5555857903462775
[2025-06-03 19:24:10] - vali_results: {'mae': 0.2763363718986511, 'mape': 4.2050909996032715, 'mse': 0.30542540550231934, 'rmse': 0.5526530742645264}
[2025-06-03 19:24:16] - test_results: {'mae': 0.33414965867996216, 'mape': 6.937408447265625, 'mse': 0.41424649953842163, 'rmse': 0.6436198353767395}
[2025-06-03 19:24:39] - Epoch: 52 cost time: 2042.0284702777863
[2025-06-03 19:24:39] - Traininng loss : 0.5553765290595115
[2025-06-03 19:24:50] - vali_results: {'mae': 0.2760044038295746, 'mape': 4.192564487457275, 'mse': 0.30515480041503906, 'rmse': 0.5524081587791443}
[2025-06-03 19:24:56] - test_results: {'mae': 0.33348050713539124, 'mape': 6.875818252563477, 'mse': 0.4137011766433716, 'rmse': 0.6431960463523865}
[2025-06-03 19:25:20] - Epoch: 53 cost time: 2082.4437415599823
[2025-06-03 19:25:20] - Traininng loss : 0.5551491718977055
[2025-06-03 19:25:31] - vali_results: {'mae': 0.27589502930641174, 'mape': 4.23382043838501, 'mse': 0.30476394295692444, 'rmse': 0.5520542860031128}
[2025-06-03 19:25:37] - test_results: {'mae': 0.3336694538593292, 'mape': 6.993901252746582, 'mse': 0.41353678703308105, 'rmse': 0.643068253993988}
[2025-06-03 19:26:00] - Epoch: 54 cost time: 2123.081919670105
[2025-06-03 19:26:00] - Traininng loss : 0.5551144526676929
[2025-06-03 19:26:10] - vali_results: {'mae': 0.27591702342033386, 'mape': 4.2414960861206055, 'mse': 0.30431070923805237, 'rmse': 0.5516436696052551}
[2025-06-03 19:26:16] - test_results: {'mae': 0.3339332044124603, 'mape': 7.0434370040893555, 'mse': 0.4137538969516754, 'rmse': 0.6432370543479919}
[2025-06-03 19:26:39] - Epoch: 55 cost time: 2162.0809619426727
[2025-06-03 19:26:39] - Traininng loss : 0.5547700915881928
[2025-06-03 19:26:50] - vali_results: {'mae': 0.2755417823791504, 'mape': 4.194086074829102, 'mse': 0.30463770031929016, 'rmse': 0.5519399642944336}
[2025-06-03 19:26:56] - test_results: {'mae': 0.33341696858406067, 'mape': 6.910220623016357, 'mse': 0.4136286675930023, 'rmse': 0.6431397199630737}
[2025-06-03 19:27:19] - Epoch: 56 cost time: 2201.788444519043
[2025-06-03 19:27:19] - Traininng loss : 0.554661584819885
[2025-06-03 19:27:29] - vali_results: {'mae': 0.2753314971923828, 'mape': 4.158243179321289, 'mse': 0.3046025335788727, 'rmse': 0.5519080758094788}
[2025-06-03 19:27:36] - test_results: {'mae': 0.3329209089279175, 'mape': 6.857940673828125, 'mse': 0.4131339490413666, 'rmse': 0.6427549719810486}
[2025-06-03 19:27:59] - Epoch: 57 cost time: 2242.1638770103455
[2025-06-03 19:27:59] - Traininng loss : 0.5545020999109491
[2025-06-03 19:28:10] - vali_results: {'mae': 0.27527186274528503, 'mape': 4.1954145431518555, 'mse': 0.30446359515190125, 'rmse': 0.5517821907997131}
[2025-06-03 19:28:15] - test_results: {'mae': 0.33320382237434387, 'mape': 6.943900108337402, 'mse': 0.41329652070999146, 'rmse': 0.6428813934326172}
[2025-06-03 19:28:38] - Epoch: 58 cost time: 2281.024185657501
[2025-06-03 19:28:38] - Traininng loss : 0.5543395118351947
[2025-06-03 19:28:48] - vali_results: {'mae': 0.2746390700340271, 'mape': 4.13460636138916, 'mse': 0.30459967255592346, 'rmse': 0.5519055128097534}
[2025-06-03 19:28:55] - test_results: {'mae': 0.33212485909461975, 'mape': 6.817211151123047, 'mse': 0.4127270579338074, 'rmse': 0.6424383521080017}
[2025-06-03 19:29:18] - Epoch: 59 cost time: 2320.494303703308
[2025-06-03 19:29:18] - Traininng loss : 0.5540915135531983
[2025-06-03 19:29:28] - vali_results: {'mae': 0.27541324496269226, 'mape': 4.221519470214844, 'mse': 0.304347962141037, 'rmse': 0.551677405834198}
[2025-06-03 19:29:34] - test_results: {'mae': 0.33302223682403564, 'mape': 6.954888343811035, 'mse': 0.41281402111053467, 'rmse': 0.6425060629844666}
[2025-06-03 19:29:34] - loss no decreased for 5 epochs,  early stopping ....
[2025-06-03 19:29:40] - test_results: {'mae': 0.3339332044124603, 'mape': 7.0434370040893555, 'mse': 0.4137538969516754, 'rmse': 0.6432370543479919}
