[2025-06-05 18:33:01] - run : 2 in seed: 4
[2025-06-05 18:33:01] - +-----------------------------------+------------+
|              Modules              | Parameters |
+-----------------------------------+------------+
|     fm.Linear_Seasonal.weight     |   69120    |
|      fm.Linear_Seasonal.bias      |    720     |
|       fm.Linear_Trend.weight      |   69120    |
|        fm.Linear_Trend.bias       |    720     |
|             nm.weight             |     14     |
| nm.model_freq.model_freq.0.weight |    6144    |
|  nm.model_freq.model_freq.0.bias  |     64     |
|  nm.model_freq.model_all.0.weight |   20480    |
|   nm.model_freq.model_all.0.bias  |    128     |
|  nm.model_freq.model_all.2.weight |   92160    |
|   nm.model_freq.model_all.2.bias  |    720     |
| nm.model_pred.model_freq.0.weight |   24576    |
|  nm.model_pred.model_freq.0.bias  |    256     |
|  nm.model_pred.model_all.0.weight |   180224   |
|   nm.model_pred.model_all.0.bias  |    512     |
|  nm.model_pred.model_all.2.weight |   368640   |
|   nm.model_pred.model_all.2.bias  |    720     |
+-----------------------------------+------------+
[2025-06-05 18:33:01] - Total Trainable Params: 834318
[2025-06-05 18:33:01] - model parameters: 834318
[2025-06-05 18:34:37] - Epoch: 1 cost time: 95.84936428070068
[2025-06-05 18:34:37] - Traininng loss : 0.7896080358255856
[2025-06-05 18:34:44] - vali_results: {'mae': 0.3811799883842468, 'mape': 1.9851038455963135, 'mse': 0.3009265959262848, 'rmse': 0.5485677719116211}
[2025-06-05 18:34:48] - test_results: {'mae': 0.2720828950405121, 'mape': 2.4252424240112305, 'mse': 0.14281290769577026, 'rmse': 0.3779059648513794}
[2025-06-05 18:36:26] - Epoch: 2 cost time: 205.44589018821716
[2025-06-05 18:36:26] - Traininng loss : 0.7450474121914139
[2025-06-05 18:36:34] - vali_results: {'mae': 0.39276784658432007, 'mape': 1.8915799856185913, 'mse': 0.30938318371772766, 'rmse': 0.5562222599983215}
[2025-06-05 18:36:38] - test_results: {'mae': 0.27646341919898987, 'mape': 2.3110928535461426, 'mse': 0.1439504474401474, 'rmse': 0.3794080317020416}
[2025-06-05 18:38:14] - Epoch: 3 cost time: 313.11611700057983
[2025-06-05 18:38:14] - Traininng loss : 0.7370562562750053
[2025-06-05 18:38:21] - vali_results: {'mae': 0.38057324290275574, 'mape': 2.0025720596313477, 'mse': 0.29906246066093445, 'rmse': 0.5468660593032837}
[2025-06-05 18:38:25] - test_results: {'mae': 0.2693852186203003, 'mape': 2.4919872283935547, 'mse': 0.14058595895767212, 'rmse': 0.3749479353427887}
[2025-06-05 18:40:04] - Epoch: 4 cost time: 423.0973131656647
[2025-06-05 18:40:04] - Traininng loss : 0.7316125660160527
[2025-06-05 18:40:12] - vali_results: {'mae': 0.4008059799671173, 'mape': 1.8498657941818237, 'mse': 0.3199014365673065, 'rmse': 0.5655983090400696}
[2025-06-05 18:40:15] - test_results: {'mae': 0.2818857729434967, 'mape': 2.3713769912719727, 'mse': 0.14743393659591675, 'rmse': 0.38397127389907837}
[2025-06-05 18:41:51] - Epoch: 5 cost time: 530.3932812213898
[2025-06-05 18:41:51] - Traininng loss : 0.727746611340512
[2025-06-05 18:41:59] - vali_results: {'mae': 0.3832300901412964, 'mape': 1.9342775344848633, 'mse': 0.3027844727039337, 'rmse': 0.5502585768699646}
[2025-06-05 18:42:02] - test_results: {'mae': 0.2703579068183899, 'mape': 2.3962132930755615, 'mse': 0.14134733378887177, 'rmse': 0.37596186995506287}
[2025-06-05 18:43:37] - Epoch: 6 cost time: 636.6467633247375
[2025-06-05 18:43:37] - Traininng loss : 0.7250554852878515
[2025-06-05 18:43:45] - vali_results: {'mae': 0.3703381419181824, 'mape': 2.029130458831787, 'mse': 0.2892518937587738, 'rmse': 0.5378214120864868}
[2025-06-05 18:43:49] - test_results: {'mae': 0.26477232575416565, 'mape': 2.4719207286834717, 'mse': 0.13960452377796173, 'rmse': 0.3736369013786316}
[2025-06-05 18:45:25] - Epoch: 7 cost time: 744.4608790874481
[2025-06-05 18:45:25] - Traininng loss : 0.7213915090428901
[2025-06-05 18:45:33] - vali_results: {'mae': 0.39333298802375793, 'mape': 1.8341280221939087, 'mse': 0.3134613633155823, 'rmse': 0.5598762035369873}
[2025-06-05 18:45:37] - test_results: {'mae': 0.275229811668396, 'mape': 2.3672735691070557, 'mse': 0.14316783845424652, 'rmse': 0.37837526202201843}
[2025-06-05 18:47:11] - Epoch: 8 cost time: 850.6024990081787
[2025-06-05 18:47:11] - Traininng loss : 0.7197811594798296
[2025-06-05 18:47:19] - vali_results: {'mae': 0.3879016041755676, 'mape': 1.8585972785949707, 'mse': 0.30624544620513916, 'rmse': 0.5533944964408875}
[2025-06-05 18:47:23] - test_results: {'mae': 0.27096495032310486, 'mape': 2.366345167160034, 'mse': 0.1406664103269577, 'rmse': 0.3750552237033844}
[2025-06-05 18:49:00] - Epoch: 9 cost time: 959.2365307807922
[2025-06-05 18:49:00] - Traininng loss : 0.7179379692826771
[2025-06-05 18:49:08] - vali_results: {'mae': 0.39801445603370667, 'mape': 1.8164786100387573, 'mse': 0.31673333048820496, 'rmse': 0.5627906918525696}
[2025-06-05 18:49:12] - test_results: {'mae': 0.2784744203090668, 'mape': 2.2826616764068604, 'mse': 0.1452300101518631, 'rmse': 0.38109055161476135}
[2025-06-05 18:50:51] - Epoch: 10 cost time: 1070.0928802490234
[2025-06-05 18:50:51] - Traininng loss : 0.716322232895171
[2025-06-05 18:50:58] - vali_results: {'mae': 0.38078057765960693, 'mape': 1.9122822284698486, 'mse': 0.30009034276008606, 'rmse': 0.5478050112724304}
[2025-06-05 18:51:02] - test_results: {'mae': 0.26878008246421814, 'mape': 2.409013509750366, 'mse': 0.1409110277891159, 'rmse': 0.3753811717033386}
[2025-06-05 18:52:38] - Epoch: 11 cost time: 1176.8416495323181
[2025-06-05 18:52:38] - Traininng loss : 0.7155613595640922
[2025-06-05 18:52:45] - vali_results: {'mae': 0.3882195055484772, 'mape': 1.8762918710708618, 'mse': 0.30980485677719116, 'rmse': 0.5566011667251587}
[2025-06-05 18:52:49] - test_results: {'mae': 0.2719646394252777, 'mape': 2.408470869064331, 'mse': 0.14214186370372772, 'rmse': 0.3770170509815216}
[2025-06-05 18:52:49] - loss no decreased for 5 epochs,  early stopping ....
[2025-06-05 18:52:53] - test_results: {'mae': 0.26477232575416565, 'mape': 2.4719207286834717, 'mse': 0.13960452377796173, 'rmse': 0.3736369013786316}
