[2025-06-05 00:24:00] - run : 3 in seed: 5
[2025-06-05 00:24:00] - +-----------------------------------+------------+
|              Modules              | Parameters |
+-----------------------------------+------------+
|     fm.Linear_Seasonal.weight     |    9216    |
|      fm.Linear_Seasonal.bias      |     96     |
|       fm.Linear_Trend.weight      |    9216    |
|        fm.Linear_Trend.bias       |     96     |
|             nm.weight             |     14     |
| nm.model_freq.model_freq.0.weight |    6144    |
|  nm.model_freq.model_freq.0.bias  |     64     |
|  nm.model_freq.model_all.0.weight |   20480    |
|   nm.model_freq.model_all.0.bias  |    128     |
|  nm.model_freq.model_all.2.weight |   12288    |
|   nm.model_freq.model_all.2.bias  |     96     |
| nm.model_pred.model_freq.0.weight |   24576    |
|  nm.model_pred.model_freq.0.bias  |    256     |
|  nm.model_pred.model_all.0.weight |   180224   |
|   nm.model_pred.model_all.0.bias  |    512     |
|  nm.model_pred.model_all.2.weight |   49152    |
|   nm.model_pred.model_all.2.bias  |     96     |
+-----------------------------------+------------+
[2025-06-05 00:24:00] - Total Trainable Params: 312654
[2025-06-05 00:24:00] - model parameters: 312654
[2025-06-05 00:24:10] - Epoch: 1 cost time: 9.598484754562378
[2025-06-05 00:24:10] - Traininng loss : 0.907526118165635
[2025-06-05 00:24:11] - vali_results: {'mae': 0.4328204393386841, 'mape': 5.024292945861816, 'mse': 0.400089830160141, 'rmse': 0.6325265169143677}
[2025-06-05 00:24:12] - test_results: {'mae': 0.4410765469074249, 'mape': 7.625927925109863, 'mse': 0.3825901448726654, 'rmse': 0.6185387372970581}
[2025-06-05 00:24:22] - Epoch: 2 cost time: 21.978004693984985
[2025-06-05 00:24:22] - Traininng loss : 0.7581351148955365
[2025-06-05 00:24:24] - vali_results: {'mae': 0.42432883381843567, 'mape': 4.987897872924805, 'mse': 0.38969674706459045, 'rmse': 0.62425696849823}
[2025-06-05 00:24:25] - test_results: {'mae': 0.42918288707733154, 'mape': 7.705272197723389, 'mse': 0.3684176802635193, 'rmse': 0.606974184513092}
[2025-06-05 00:24:35] - Epoch: 3 cost time: 34.59733510017395
[2025-06-05 00:24:35] - Traininng loss : 0.7448758259415627
[2025-06-05 00:24:36] - vali_results: {'mae': 0.42075979709625244, 'mape': 5.179664134979248, 'mse': 0.38615331053733826, 'rmse': 0.6214123368263245}
[2025-06-05 00:24:38] - test_results: {'mae': 0.4262143075466156, 'mape': 7.81819486618042, 'mse': 0.36533936858177185, 'rmse': 0.6044331192970276}
[2025-06-05 00:24:48] - Epoch: 4 cost time: 48.235673904418945
[2025-06-05 00:24:48] - Traininng loss : 0.7368080820491973
[2025-06-05 00:24:50] - vali_results: {'mae': 0.41997143626213074, 'mape': 5.182990550994873, 'mse': 0.3862718343734741, 'rmse': 0.6215077042579651}
[2025-06-05 00:24:51] - test_results: {'mae': 0.4261537492275238, 'mape': 7.364620208740234, 'mse': 0.3653140068054199, 'rmse': 0.6044121384620667}
[2025-06-05 00:25:01] - Epoch: 5 cost time: 61.05425024032593
[2025-06-05 00:25:01] - Traininng loss : 0.7301855126911021
[2025-06-05 00:25:03] - vali_results: {'mae': 0.4192792475223541, 'mape': 5.07886266708374, 'mse': 0.38483870029449463, 'rmse': 0.6203536987304688}
[2025-06-05 00:25:04] - test_results: {'mae': 0.42693015933036804, 'mape': 6.864407062530518, 'mse': 0.3656764328479767, 'rmse': 0.6047118306159973}
[2025-06-05 00:25:14] - Epoch: 6 cost time: 74.01170182228088
[2025-06-05 00:25:14] - Traininng loss : 0.7247831096991579
[2025-06-05 00:25:16] - vali_results: {'mae': 0.4188326299190521, 'mape': 5.203773498535156, 'mse': 0.3855731189250946, 'rmse': 0.6209453344345093}
[2025-06-05 00:25:17] - test_results: {'mae': 0.4272809326648712, 'mape': 6.689172267913818, 'mse': 0.36717116832733154, 'rmse': 0.6059464812278748}
[2025-06-05 00:25:26] - Epoch: 7 cost time: 86.46692490577698
[2025-06-05 00:25:26] - Traininng loss : 0.7203456497889884
[2025-06-05 00:25:28] - vali_results: {'mae': 0.4187721610069275, 'mape': 5.294451713562012, 'mse': 0.38288822770118713, 'rmse': 0.6187795996665955}
[2025-06-05 00:25:29] - test_results: {'mae': 0.4231729507446289, 'mape': 7.08002233505249, 'mse': 0.3611873984336853, 'rmse': 0.6009886860847473}
[2025-06-05 00:25:39] - Epoch: 8 cost time: 99.11822581291199
[2025-06-05 00:25:39] - Traininng loss : 0.7156273308110997
[2025-06-05 00:25:41] - vali_results: {'mae': 0.41820088028907776, 'mape': 5.140331745147705, 'mse': 0.3812602162361145, 'rmse': 0.6174627542495728}
[2025-06-05 00:25:42] - test_results: {'mae': 0.4256226122379303, 'mape': 6.760552883148193, 'mse': 0.36368033289909363, 'rmse': 0.6030591726303101}
[2025-06-05 00:25:52] - Epoch: 9 cost time: 112.03754472732544
[2025-06-05 00:25:52] - Traininng loss : 0.7136431613818128
[2025-06-05 00:25:54] - vali_results: {'mae': 0.415995329618454, 'mape': 5.281863212585449, 'mse': 0.3819217085838318, 'rmse': 0.6179981231689453}
[2025-06-05 00:25:55] - test_results: {'mae': 0.425960510969162, 'mape': 6.905848979949951, 'mse': 0.3650861382484436, 'rmse': 0.6042236089706421}
[2025-06-05 00:26:05] - Epoch: 10 cost time: 124.5600597858429
[2025-06-05 00:26:05] - Traininng loss : 0.711914876357038
[2025-06-05 00:26:06] - vali_results: {'mae': 0.41638994216918945, 'mape': 5.21077823638916, 'mse': 0.3816106617450714, 'rmse': 0.6177464127540588}
[2025-06-05 00:26:07] - test_results: {'mae': 0.42638149857521057, 'mape': 6.937980651855469, 'mse': 0.3647504448890686, 'rmse': 0.6039457321166992}
[2025-06-05 00:26:17] - Epoch: 11 cost time: 137.0134356021881
[2025-06-05 00:26:17] - Traininng loss : 0.7088782134208274
[2025-06-05 00:26:19] - vali_results: {'mae': 0.41969725489616394, 'mape': 4.971264362335205, 'mse': 0.3834809958934784, 'rmse': 0.6192584037780762}
[2025-06-05 00:26:20] - test_results: {'mae': 0.4313688278198242, 'mape': 6.539546489715576, 'mse': 0.3692820072174072, 'rmse': 0.6076858043670654}
[2025-06-05 00:26:30] - Epoch: 12 cost time: 149.6009213924408
[2025-06-05 00:26:30] - Traininng loss : 0.7074551545876138
[2025-06-05 00:26:31] - vali_results: {'mae': 0.4234016239643097, 'mape': 5.128679275512695, 'mse': 0.38405928015708923, 'rmse': 0.6197251677513123}
[2025-06-05 00:26:32] - test_results: {'mae': 0.4291342496871948, 'mape': 6.424264430999756, 'mse': 0.3666364848613739, 'rmse': 0.6055051684379578}
[2025-06-05 00:26:42] - Epoch: 13 cost time: 161.7537281513214
[2025-06-05 00:26:42] - Traininng loss : 0.7042127605923947
[2025-06-05 00:26:43] - vali_results: {'mae': 0.41985756158828735, 'mape': 5.273252010345459, 'mse': 0.38356009125709534, 'rmse': 0.6193222999572754}
[2025-06-05 00:26:44] - test_results: {'mae': 0.4250760078430176, 'mape': 6.5884528160095215, 'mse': 0.36260077357292175, 'rmse': 0.6021634340286255}
[2025-06-05 00:26:44] - loss no decreased for 5 epochs,  early stopping ....
[2025-06-05 00:26:45] - test_results: {'mae': 0.4256226122379303, 'mape': 6.760552883148193, 'mse': 0.36368033289909363, 'rmse': 0.6030591726303101}
