[2025-06-06 14:59:39] - run : 1 in seed: 3
[2025-06-06 14:59:39] - +-----------------------------------+------------+
|              Modules              | Parameters |
+-----------------------------------+------------+
|     fm.Linear_Seasonal.weight     |   69120    |
|      fm.Linear_Seasonal.bias      |    720     |
|       fm.Linear_Trend.weight      |   69120    |
|        fm.Linear_Trend.bias       |    720     |
|             nm.weight             |    1724    |
| nm.model_freq.model_freq.0.weight |    6144    |
|  nm.model_freq.model_freq.0.bias  |     64     |
|  nm.model_freq.model_all.0.weight |   20480    |
|   nm.model_freq.model_all.0.bias  |    128     |
|  nm.model_freq.model_all.2.weight |   92160    |
|   nm.model_freq.model_all.2.bias  |    720     |
| nm.model_pred.model_freq.0.weight |   24576    |
|  nm.model_pred.model_freq.0.bias  |    256     |
|  nm.model_pred.model_all.0.weight |   180224   |
|   nm.model_pred.model_all.0.bias  |    512     |
|  nm.model_pred.model_all.2.weight |   368640   |
|   nm.model_pred.model_all.2.bias  |    720     |
+-----------------------------------+------------+
[2025-06-06 14:59:39] - Total Trainable Params: 836028
[2025-06-06 14:59:39] - model parameters: 836028
[2025-06-06 15:00:45] - Epoch: 1 cost time: 66.60387802124023
[2025-06-06 15:00:45] - Traininng loss : 0.9643227992615659
[2025-06-06 15:01:16] - vali_results: {'mae': 0.3444594740867615, 'mape': 5.519793510437012, 'mse': 0.40020421147346497, 'rmse': 0.6326169371604919}
[2025-06-06 15:01:29] - test_results: {'mae': 0.40875744819641113, 'mape': 6.514616966247559, 'mse': 0.5223500728607178, 'rmse': 0.7227379083633423}
[2025-06-06 15:02:35] - Epoch: 2 cost time: 176.29271006584167
[2025-06-06 15:02:35] - Traininng loss : 0.7408405751571018
[2025-06-06 15:03:04] - vali_results: {'mae': 0.3257257640361786, 'mape': 5.084661483764648, 'mse': 0.37551069259643555, 'rmse': 0.6127892732620239}
[2025-06-06 15:03:16] - test_results: {'mae': 0.3939802646636963, 'mape': 6.37954568862915, 'mse': 0.5023057460784912, 'rmse': 0.7087352871894836}
[2025-06-06 15:04:21] - Epoch: 3 cost time: 282.7646746635437
[2025-06-06 15:04:21] - Traininng loss : 0.7087186229594239
[2025-06-06 15:04:50] - vali_results: {'mae': 0.3189798593521118, 'mape': 4.969461441040039, 'mse': 0.36671003699302673, 'rmse': 0.6055659055709839}
[2025-06-06 15:05:02] - test_results: {'mae': 0.3884909451007843, 'mape': 6.204878330230713, 'mse': 0.49520185589790344, 'rmse': 0.7037057876586914}
[2025-06-06 15:06:09] - Epoch: 4 cost time: 390.02613258361816
[2025-06-06 15:06:09] - Traininng loss : 0.69382242920671
[2025-06-06 15:06:39] - vali_results: {'mae': 0.3150559663772583, 'mape': 4.916409969329834, 'mse': 0.3611242175102234, 'rmse': 0.6009361147880554}
[2025-06-06 15:06:51] - test_results: {'mae': 0.38662484288215637, 'mape': 6.302767276763916, 'mse': 0.4923627972602844, 'rmse': 0.7016856670379639}
[2025-06-06 15:07:57] - Epoch: 5 cost time: 498.31233954429626
[2025-06-06 15:07:57] - Traininng loss : 0.6842552958092649
[2025-06-06 15:08:25] - vali_results: {'mae': 0.3117474317550659, 'mape': 4.755528926849365, 'mse': 0.35861098766326904, 'rmse': 0.5988413691520691}
[2025-06-06 15:08:38] - test_results: {'mae': 0.38277119398117065, 'mape': 6.136863708496094, 'mse': 0.4888972043991089, 'rmse': 0.699211835861206}
[2025-06-06 15:09:45] - Epoch: 6 cost time: 606.1496648788452
[2025-06-06 15:09:45] - Traininng loss : 0.6773489662199631
[2025-06-06 15:10:15] - vali_results: {'mae': 0.31091323494911194, 'mape': 4.7227559089660645, 'mse': 0.35658514499664307, 'rmse': 0.597147524356842}
[2025-06-06 15:10:28] - test_results: {'mae': 0.3825353682041168, 'mape': 6.196916580200195, 'mse': 0.4870297312736511, 'rmse': 0.6978751420974731}
[2025-06-06 15:11:34] - Epoch: 7 cost time: 715.7494060993195
[2025-06-06 15:11:34] - Traininng loss : 0.6724514242334286
[2025-06-06 15:12:04] - vali_results: {'mae': 0.3082278370857239, 'mape': 4.709728240966797, 'mse': 0.3543521761894226, 'rmse': 0.5952748656272888}
[2025-06-06 15:12:16] - test_results: {'mae': 0.3790263235569, 'mape': 6.117915153503418, 'mse': 0.483997106552124, 'rmse': 0.6956989765167236}
[2025-06-06 15:13:21] - Epoch: 8 cost time: 822.7082414627075
[2025-06-06 15:13:21] - Traininng loss : 0.6685761107043635
[2025-06-06 15:13:50] - vali_results: {'mae': 0.30820831656455994, 'mape': 4.706495761871338, 'mse': 0.35290366411209106, 'rmse': 0.5940569639205933}
[2025-06-06 15:14:02] - test_results: {'mae': 0.38014793395996094, 'mape': 6.172091484069824, 'mse': 0.48382771015167236, 'rmse': 0.6955772638320923}
[2025-06-06 15:15:09] - Epoch: 9 cost time: 930.2661733627319
[2025-06-06 15:15:09] - Traininng loss : 0.665401819688696
[2025-06-06 15:15:39] - vali_results: {'mae': 0.3074839413166046, 'mape': 4.734908580780029, 'mse': 0.35163041949272156, 'rmse': 0.5929843187332153}
[2025-06-06 15:15:51] - test_results: {'mae': 0.3812522888183594, 'mape': 6.379493713378906, 'mse': 0.48477596044540405, 'rmse': 0.696258544921875}
[2025-06-06 15:16:57] - Epoch: 10 cost time: 1038.2503662109375
[2025-06-06 15:16:57] - Traininng loss : 0.6628103579983405
[2025-06-06 15:17:25] - vali_results: {'mae': 0.3057255744934082, 'mape': 4.592400074005127, 'mse': 0.3504268229007721, 'rmse': 0.5919685959815979}
[2025-06-06 15:17:37] - test_results: {'mae': 0.37746942043304443, 'mape': 6.132998943328857, 'mse': 0.48140883445739746, 'rmse': 0.6938363313674927}
[2025-06-06 15:18:43] - Epoch: 11 cost time: 1144.486939907074
[2025-06-06 15:18:43] - Traininng loss : 0.6604898646681422
[2025-06-06 15:19:13] - vali_results: {'mae': 0.3060635030269623, 'mape': 4.748543739318848, 'mse': 0.3489621877670288, 'rmse': 0.5907301902770996}
[2025-06-06 15:19:26] - test_results: {'mae': 0.3774513602256775, 'mape': 6.232251167297363, 'mse': 0.4796787202358246, 'rmse': 0.6925884485244751}
[2025-06-06 15:20:33] - Epoch: 12 cost time: 1254.1056802272797
[2025-06-06 15:20:33] - Traininng loss : 0.6588097965152815
[2025-06-06 15:21:04] - vali_results: {'mae': 0.30511364340782166, 'mape': 4.668046951293945, 'mse': 0.34841954708099365, 'rmse': 0.5902707576751709}
[2025-06-06 15:21:17] - test_results: {'mae': 0.3773821294307709, 'mape': 6.180974006652832, 'mse': 0.48009181022644043, 'rmse': 0.6928865909576416}
[2025-06-06 15:22:23] - Epoch: 13 cost time: 1364.51588845253
[2025-06-06 15:22:23] - Traininng loss : 0.6571079148887592
[2025-06-06 15:22:53] - vali_results: {'mae': 0.30452293157577515, 'mape': 4.656367778778076, 'mse': 0.3475492000579834, 'rmse': 0.5895330309867859}
[2025-06-06 15:23:05] - test_results: {'mae': 0.37816351652145386, 'mape': 6.264303207397461, 'mse': 0.4807174801826477, 'rmse': 0.6933379173278809}
[2025-06-06 15:24:13] - Epoch: 14 cost time: 1473.8469815254211
[2025-06-06 15:24:13] - Traininng loss : 0.6559352238862295
[2025-06-06 15:24:42] - vali_results: {'mae': 0.3044387698173523, 'mape': 4.694680213928223, 'mse': 0.34718993306159973, 'rmse': 0.5892282724380493}
[2025-06-06 15:24:54] - test_results: {'mae': 0.3777618110179901, 'mape': 6.252026081085205, 'mse': 0.4798447787761688, 'rmse': 0.6927083134651184}
[2025-06-06 15:26:01] - Epoch: 15 cost time: 1582.6246902942657
[2025-06-06 15:26:01] - Traininng loss : 0.6546208647632333
[2025-06-06 15:26:30] - vali_results: {'mae': 0.3047146499156952, 'mape': 4.722530841827393, 'mse': 0.34657326340675354, 'rmse': 0.5887047052383423}
[2025-06-06 15:26:42] - test_results: {'mae': 0.3759097456932068, 'mape': 6.16491174697876, 'mse': 0.47707220911979675, 'rmse': 0.6907041668891907}
[2025-06-06 15:27:49] - Epoch: 16 cost time: 1690.5502095222473
[2025-06-06 15:27:49] - Traininng loss : 0.6534266850410397
[2025-06-06 15:28:18] - vali_results: {'mae': 0.30290958285331726, 'mape': 4.672861099243164, 'mse': 0.3454851508140564, 'rmse': 0.5877798199653625}
[2025-06-06 15:28:31] - test_results: {'mae': 0.37534230947494507, 'mape': 6.2564215660095215, 'mse': 0.4769231379032135, 'rmse': 0.6905962228775024}
[2025-06-06 15:29:37] - Epoch: 17 cost time: 1798.002822637558
[2025-06-06 15:29:37] - Traininng loss : 0.6525335371660322
[2025-06-06 15:30:06] - vali_results: {'mae': 0.30274948477745056, 'mape': 4.685760974884033, 'mse': 0.3447992503643036, 'rmse': 0.5871961116790771}
[2025-06-06 15:30:19] - test_results: {'mae': 0.37587520480155945, 'mape': 6.242186546325684, 'mse': 0.4773630201816559, 'rmse': 0.6909146308898926}
[2025-06-06 15:31:25] - Epoch: 18 cost time: 1906.4241812229156
[2025-06-06 15:31:25] - Traininng loss : 0.6515216757660125
[2025-06-06 15:31:55] - vali_results: {'mae': 0.30281862616539, 'mape': 4.716512680053711, 'mse': 0.34439074993133545, 'rmse': 0.5868481397628784}
[2025-06-06 15:32:07] - test_results: {'mae': 0.3754391670227051, 'mape': 6.232755184173584, 'mse': 0.47630149126052856, 'rmse': 0.6901459693908691}
[2025-06-06 15:33:14] - Epoch: 19 cost time: 2014.8308680057526
[2025-06-06 15:33:14] - Traininng loss : 0.6509474215401249
[2025-06-06 15:33:44] - vali_results: {'mae': 0.30163073539733887, 'mape': 4.6420207023620605, 'mse': 0.3441789448261261, 'rmse': 0.5866676568984985}
[2025-06-06 15:33:57] - test_results: {'mae': 0.37450867891311646, 'mape': 6.127291202545166, 'mse': 0.47638919949531555, 'rmse': 0.6902095079421997}
[2025-06-06 15:35:06] - Epoch: 20 cost time: 2127.154565811157
[2025-06-06 15:35:06] - Traininng loss : 0.6501007445343358
[2025-06-06 15:35:35] - vali_results: {'mae': 0.30123260617256165, 'mape': 4.59041690826416, 'mse': 0.344187468290329, 'rmse': 0.5866749286651611}
[2025-06-06 15:35:47] - test_results: {'mae': 0.3749128580093384, 'mape': 6.126289367675781, 'mse': 0.47686710953712463, 'rmse': 0.6905556321144104}
[2025-06-06 15:36:52] - Epoch: 21 cost time: 2233.242576599121
[2025-06-06 15:36:52] - Traininng loss : 0.649118774282567
[2025-06-06 15:37:21] - vali_results: {'mae': 0.3014872372150421, 'mape': 4.627564907073975, 'mse': 0.3438623249530792, 'rmse': 0.5863977670669556}
[2025-06-06 15:37:33] - test_results: {'mae': 0.3740186393260956, 'mape': 6.161318778991699, 'mse': 0.47570499777793884, 'rmse': 0.689713716506958}
[2025-06-06 15:38:40] - Epoch: 22 cost time: 2341.773864030838
[2025-06-06 15:38:40] - Traininng loss : 0.6485834322599979
[2025-06-06 15:39:10] - vali_results: {'mae': 0.301772803068161, 'mape': 4.66956901550293, 'mse': 0.34322187304496765, 'rmse': 0.5858514308929443}
[2025-06-06 15:39:22] - test_results: {'mae': 0.3759208619594574, 'mape': 6.285405158996582, 'mse': 0.4769117534160614, 'rmse': 0.6905879974365234}
[2025-06-06 15:40:29] - Epoch: 23 cost time: 2450.2049384117126
[2025-06-06 15:40:29] - Traininng loss : 0.6480808002370978
[2025-06-06 15:40:58] - vali_results: {'mae': 0.30141499638557434, 'mape': 4.683156490325928, 'mse': 0.3428158462047577, 'rmse': 0.5855047702789307}
[2025-06-06 15:41:11] - test_results: {'mae': 0.373850017786026, 'mape': 6.28339147567749, 'mse': 0.4746190011501312, 'rmse': 0.6889259815216064}
[2025-06-06 15:42:18] - Epoch: 24 cost time: 2559.4890077114105
[2025-06-06 15:42:18] - Traininng loss : 0.6474609698757819
[2025-06-06 15:42:49] - vali_results: {'mae': 0.301154762506485, 'mape': 4.651480674743652, 'mse': 0.3422818183898926, 'rmse': 0.5850485563278198}
[2025-06-06 15:43:01] - test_results: {'mae': 0.3741990327835083, 'mape': 6.250648021697998, 'mse': 0.4750305414199829, 'rmse': 0.6892246007919312}
[2025-06-06 15:44:05] - Epoch: 25 cost time: 2666.6672649383545
[2025-06-06 15:44:05] - Traininng loss : 0.6467900166604512
[2025-06-06 15:44:34] - vali_results: {'mae': 0.30065274238586426, 'mape': 4.564100742340088, 'mse': 0.3427487015724182, 'rmse': 0.5854474306106567}
[2025-06-06 15:44:47] - test_results: {'mae': 0.3738076090812683, 'mape': 6.1090006828308105, 'mse': 0.47511279582977295, 'rmse': 0.6892842650413513}
[2025-06-06 15:45:54] - Epoch: 26 cost time: 2775.2879338264465
[2025-06-06 15:45:54] - Traininng loss : 0.6462829307261284
[2025-06-06 15:46:23] - vali_results: {'mae': 0.30104753375053406, 'mape': 4.7103190422058105, 'mse': 0.3419590890407562, 'rmse': 0.5847727060317993}
[2025-06-06 15:46:35] - test_results: {'mae': 0.37550467252731323, 'mape': 6.279322147369385, 'mse': 0.47613462805747986, 'rmse': 0.6900250911712646}
[2025-06-06 15:47:42] - Epoch: 27 cost time: 2883.291482925415
[2025-06-06 15:47:42] - Traininng loss : 0.6460241046124514
[2025-06-06 15:48:12] - vali_results: {'mae': 0.3006542921066284, 'mape': 4.686585426330566, 'mse': 0.34157902002334595, 'rmse': 0.5844476222991943}
[2025-06-06 15:48:24] - test_results: {'mae': 0.37313663959503174, 'mape': 6.178577899932861, 'mse': 0.47348764538764954, 'rmse': 0.6881043910980225}
[2025-06-06 15:49:30] - Epoch: 28 cost time: 2991.7785744667053
[2025-06-06 15:49:30] - Traininng loss : 0.6454620162092544
[2025-06-06 15:49:59] - vali_results: {'mae': 0.29946228861808777, 'mape': 4.566030979156494, 'mse': 0.34173333644866943, 'rmse': 0.5845796465873718}
[2025-06-06 15:50:11] - test_results: {'mae': 0.37255287170410156, 'mape': 6.08658504486084, 'mse': 0.47433388233184814, 'rmse': 0.6887190341949463}
[2025-06-06 16:01:32] - Epoch: 29 cost time: 3713.629011154175
[2025-06-06 16:01:32] - Traininng loss : 0.6450984210689088
[2025-06-06 16:02:03] - vali_results: {'mae': 0.2996354401111603, 'mape': 4.618878364562988, 'mse': 0.34106189012527466, 'rmse': 0.5840050578117371}
[2025-06-06 16:02:15] - test_results: {'mae': 0.37261834740638733, 'mape': 6.22542142868042, 'mse': 0.47343921661376953, 'rmse': 0.688069224357605}
[2025-06-06 16:03:24] - Epoch: 30 cost time: 3825.1971175670624
[2025-06-06 16:03:24] - Traininng loss : 0.6446795085014407
[2025-06-06 16:03:55] - vali_results: {'mae': 0.2996158003807068, 'mape': 4.616894245147705, 'mse': 0.34109553694725037, 'rmse': 0.5840338468551636}
[2025-06-06 16:04:08] - test_results: {'mae': 0.3717619776725769, 'mape': 6.12453031539917, 'mse': 0.4725573658943176, 'rmse': 0.6874280571937561}
[2025-06-06 16:05:17] - Epoch: 31 cost time: 3937.8060908317566
[2025-06-06 16:05:17] - Traininng loss : 0.6442605210546
[2025-06-06 16:05:47] - vali_results: {'mae': 0.29939237236976624, 'mape': 4.6522698402404785, 'mse': 0.34048014879226685, 'rmse': 0.5835067629814148}
[2025-06-06 16:06:00] - test_results: {'mae': 0.3736903667449951, 'mape': 6.277510166168213, 'mse': 0.4747769832611084, 'rmse': 0.6890406012535095}
[2025-06-06 16:07:09] - Epoch: 32 cost time: 4050.2194418907166
[2025-06-06 16:07:09] - Traininng loss : 0.6439304011445856
[2025-06-06 16:07:39] - vali_results: {'mae': 0.2993422746658325, 'mape': 4.551096439361572, 'mse': 0.34138473868370056, 'rmse': 0.5842813849449158}
[2025-06-06 16:07:52] - test_results: {'mae': 0.37211376428604126, 'mape': 6.070581912994385, 'mse': 0.4733785390853882, 'rmse': 0.6880251169204712}
[2025-06-06 16:08:59] - Epoch: 33 cost time: 4160.377350091934
[2025-06-06 16:08:59] - Traininng loss : 0.6435898223627244
[2025-06-06 16:09:30] - vali_results: {'mae': 0.29991811513900757, 'mape': 4.631689071655273, 'mse': 0.3413909375667572, 'rmse': 0.5842866897583008}
[2025-06-06 16:09:44] - test_results: {'mae': 0.37482187151908875, 'mape': 6.161032199859619, 'mse': 0.4757719337940216, 'rmse': 0.6897622346878052}
[2025-06-06 16:10:52] - Epoch: 34 cost time: 4273.3480751514435
[2025-06-06 16:10:52] - Traininng loss : 0.6432584570642965
[2025-06-06 16:11:22] - vali_results: {'mae': 0.2987229824066162, 'mape': 4.546751499176025, 'mse': 0.3404916524887085, 'rmse': 0.5835165977478027}
[2025-06-06 16:11:35] - test_results: {'mae': 0.3707839846611023, 'mape': 6.126139163970947, 'mse': 0.47185641527175903, 'rmse': 0.6869180798530579}
[2025-06-06 16:12:43] - Epoch: 35 cost time: 4383.895695209503
[2025-06-06 16:12:43] - Traininng loss : 0.6429070958187986
[2025-06-06 16:13:12] - vali_results: {'mae': 0.2986648380756378, 'mape': 4.542578220367432, 'mse': 0.34087657928466797, 'rmse': 0.583846390247345}
[2025-06-06 16:13:25] - test_results: {'mae': 0.371521919965744, 'mape': 6.0813798904418945, 'mse': 0.4729931056499481, 'rmse': 0.6877449154853821}
[2025-06-06 16:14:34] - Epoch: 36 cost time: 4495.118240356445
[2025-06-06 16:14:34] - Traininng loss : 0.642716045001091
[2025-06-06 16:15:04] - vali_results: {'mae': 0.2982124388217926, 'mape': 4.559683322906494, 'mse': 0.3402327299118042, 'rmse': 0.5832947492599487}
[2025-06-06 16:15:16] - test_results: {'mae': 0.371463418006897, 'mape': 6.106259346008301, 'mse': 0.4726240932941437, 'rmse': 0.687476634979248}
[2025-06-06 16:16:23] - Epoch: 37 cost time: 4604.277484178543
[2025-06-06 16:16:23] - Traininng loss : 0.6423725562175336
[2025-06-06 16:16:52] - vali_results: {'mae': 0.2986874580383301, 'mape': 4.615863800048828, 'mse': 0.3398386538028717, 'rmse': 0.5829567909240723}
[2025-06-06 16:17:04] - test_results: {'mae': 0.3734991252422333, 'mape': 6.2170562744140625, 'mse': 0.47444644570350647, 'rmse': 0.6888007521629333}
[2025-06-06 16:18:13] - Epoch: 38 cost time: 4714.064996957779
[2025-06-06 16:18:13] - Traininng loss : 0.6421822556878198
[2025-06-06 16:18:42] - vali_results: {'mae': 0.2988002598285675, 'mape': 4.6265869140625, 'mse': 0.33979538083076477, 'rmse': 0.582919716835022}
[2025-06-06 16:18:55] - test_results: {'mae': 0.37292367219924927, 'mape': 6.281084060668945, 'mse': 0.4738231897354126, 'rmse': 0.6883481740951538}
[2025-06-06 16:20:03] - Epoch: 39 cost time: 4824.577568292618
[2025-06-06 16:20:03] - Traininng loss : 0.6419824011478583
[2025-06-06 16:20:33] - vali_results: {'mae': 0.2980021834373474, 'mape': 4.582157135009766, 'mse': 0.3396835923194885, 'rmse': 0.5828238129615784}
[2025-06-06 16:20:46] - test_results: {'mae': 0.3720851540565491, 'mape': 6.16082239151001, 'mse': 0.47346803545951843, 'rmse': 0.6880901455879211}
[2025-06-06 16:21:54] - Epoch: 40 cost time: 4934.97686123848
[2025-06-06 16:21:54] - Traininng loss : 0.6415545284582048
[2025-06-06 16:22:23] - vali_results: {'mae': 0.29829978942871094, 'mape': 4.624233722686768, 'mse': 0.33933785557746887, 'rmse': 0.5825271010398865}
[2025-06-06 16:22:36] - test_results: {'mae': 0.37147754430770874, 'mape': 6.172913551330566, 'mse': 0.4720608592033386, 'rmse': 0.6870668530464172}
[2025-06-06 16:23:44] - Epoch: 41 cost time: 5045.085438489914
[2025-06-06 16:23:44] - Traininng loss : 0.6414428799929393
[2025-06-06 16:24:15] - vali_results: {'mae': 0.29817306995391846, 'mape': 4.6151204109191895, 'mse': 0.33907681703567505, 'rmse': 0.5823030471801758}
[2025-06-06 16:24:28] - test_results: {'mae': 0.3712150752544403, 'mape': 6.181797504425049, 'mse': 0.4715093672275543, 'rmse': 0.686665415763855}
[2025-06-06 16:25:35] - Epoch: 42 cost time: 5155.856215953827
[2025-06-06 16:25:35] - Traininng loss : 0.6411436410999564
[2025-06-06 16:26:04] - vali_results: {'mae': 0.29822731018066406, 'mape': 4.5942702293396, 'mse': 0.3391786515712738, 'rmse': 0.5823904871940613}
[2025-06-06 16:26:17] - test_results: {'mae': 0.37068697810173035, 'mape': 6.162369251251221, 'mse': 0.4708038866519928, 'rmse': 0.6861515045166016}
[2025-06-06 16:27:26] - Epoch: 43 cost time: 5267.30960226059
[2025-06-06 16:27:26] - Traininng loss : 0.6408825526662524
[2025-06-06 16:27:56] - vali_results: {'mae': 0.2978067398071289, 'mape': 4.574695587158203, 'mse': 0.3393639922142029, 'rmse': 0.5825495719909668}
[2025-06-06 16:28:09] - test_results: {'mae': 0.37183040380477905, 'mape': 6.164525032043457, 'mse': 0.4727247357368469, 'rmse': 0.6875498294830322}
[2025-06-06 16:29:13] - Epoch: 44 cost time: 5374.77262544632
[2025-06-06 16:29:13] - Traininng loss : 0.6407453714971091
[2025-06-06 16:29:42] - vali_results: {'mae': 0.297528475522995, 'mape': 4.561621189117432, 'mse': 0.3391265571117401, 'rmse': 0.582345724105835}
[2025-06-06 16:29:54] - test_results: {'mae': 0.37118133902549744, 'mape': 6.149611949920654, 'mse': 0.47224509716033936, 'rmse': 0.6872009038925171}
[2025-06-06 16:31:00] - Epoch: 45 cost time: 5481.347459077835
[2025-06-06 16:31:00] - Traininng loss : 0.6403872402265544
[2025-06-06 16:31:31] - vali_results: {'mae': 0.2972573935985565, 'mape': 4.5411882400512695, 'mse': 0.3393338918685913, 'rmse': 0.5825237035751343}
[2025-06-06 16:31:42] - test_results: {'mae': 0.3696492612361908, 'mape': 6.082942962646484, 'mse': 0.4706468880176544, 'rmse': 0.6860370635986328}
[2025-06-06 16:32:44] - Epoch: 46 cost time: 5584.829354524612
[2025-06-06 16:32:44] - Traininng loss : 0.6404131051557642
[2025-06-06 16:33:12] - vali_results: {'mae': 0.29762133955955505, 'mape': 4.600165843963623, 'mse': 0.3385775089263916, 'rmse': 0.5818741321563721}
[2025-06-06 16:33:23] - test_results: {'mae': 0.3703969717025757, 'mape': 6.186723232269287, 'mse': 0.4705905020236969, 'rmse': 0.6859959959983826}
[2025-06-06 16:34:25] - Epoch: 47 cost time: 5686.546812057495
[2025-06-06 16:34:25] - Traininng loss : 0.6400966528066353
[2025-06-06 16:34:54] - vali_results: {'mae': 0.297299325466156, 'mape': 4.479083061218262, 'mse': 0.3395908772945404, 'rmse': 0.5827442407608032}
[2025-06-06 16:35:06] - test_results: {'mae': 0.3700121343135834, 'mape': 5.973296165466309, 'mse': 0.47155672311782837, 'rmse': 0.6866998672485352}
[2025-06-06 16:36:08] - Epoch: 48 cost time: 5788.9636034965515
[2025-06-06 16:36:08] - Traininng loss : 0.6399140655164267
[2025-06-06 16:36:35] - vali_results: {'mae': 0.29722723364830017, 'mape': 4.556251525878906, 'mse': 0.3388892114162445, 'rmse': 0.5821419358253479}
[2025-06-06 16:36:47] - test_results: {'mae': 0.3702688217163086, 'mape': 6.073773384094238, 'mse': 0.47129449248313904, 'rmse': 0.6865088939666748}
[2025-06-06 16:37:50] - Epoch: 49 cost time: 5891.528381824493
[2025-06-06 16:37:50] - Traininng loss : 0.6396915984020923
[2025-06-06 16:38:18] - vali_results: {'mae': 0.29685211181640625, 'mape': 4.5528950691223145, 'mse': 0.33851131796836853, 'rmse': 0.5818172693252563}
[2025-06-06 16:38:29] - test_results: {'mae': 0.3702278137207031, 'mape': 6.1639299392700195, 'mse': 0.4711814820766449, 'rmse': 0.68642657995224}
[2025-06-06 16:39:33] - Epoch: 50 cost time: 5994.640871047974
[2025-06-06 16:39:33] - Traininng loss : 0.6396435726651907
[2025-06-06 16:40:02] - vali_results: {'mae': 0.29722797870635986, 'mape': 4.586462020874023, 'mse': 0.3383716940879822, 'rmse': 0.5816972255706787}
[2025-06-06 16:40:14] - test_results: {'mae': 0.37056154012680054, 'mape': 6.174696922302246, 'mse': 0.47096315026283264, 'rmse': 0.6862675547599792}
[2025-06-06 16:41:17] - Epoch: 51 cost time: 6098.44109416008
[2025-06-06 16:41:17] - Traininng loss : 0.639422030502043
[2025-06-06 16:41:46] - vali_results: {'mae': 0.2968389391899109, 'mape': 4.573229789733887, 'mse': 0.33838796615600586, 'rmse': 0.5817112326622009}
[2025-06-06 16:41:58] - test_results: {'mae': 0.3706073462963104, 'mape': 6.147400856018066, 'mse': 0.4714171886444092, 'rmse': 0.6865983009338379}
[2025-06-06 16:43:02] - Epoch: 52 cost time: 6202.97163939476
[2025-06-06 16:43:02] - Traininng loss : 0.6392139232922397
[2025-06-06 16:43:30] - vali_results: {'mae': 0.2973240315914154, 'mape': 4.564659118652344, 'mse': 0.33857977390289307, 'rmse': 0.5818760991096497}
[2025-06-06 16:43:42] - test_results: {'mae': 0.37028926610946655, 'mape': 6.128111839294434, 'mse': 0.4706851541996002, 'rmse': 0.6860649585723877}
[2025-06-06 16:44:47] - Epoch: 53 cost time: 6308.036503314972
[2025-06-06 16:44:47] - Traininng loss : 0.6391656823809101
[2025-06-06 16:45:16] - vali_results: {'mae': 0.296944260597229, 'mape': 4.543622970581055, 'mse': 0.33857157826423645, 'rmse': 0.5818690657615662}
[2025-06-06 16:45:29] - test_results: {'mae': 0.37026020884513855, 'mape': 6.0459771156311035, 'mse': 0.47100889682769775, 'rmse': 0.6863008737564087}
[2025-06-06 16:46:33] - Epoch: 54 cost time: 6414.118552446365
[2025-06-06 16:46:33] - Traininng loss : 0.6389490138521433
[2025-06-06 16:47:01] - vali_results: {'mae': 0.2966584265232086, 'mape': 4.54572868347168, 'mse': 0.33822205662727356, 'rmse': 0.5815685987472534}
[2025-06-06 16:47:14] - test_results: {'mae': 0.37038668990135193, 'mape': 6.152792453765869, 'mse': 0.4711657464504242, 'rmse': 0.6864151358604431}
[2025-06-06 16:48:19] - Epoch: 55 cost time: 6520.501941204071
[2025-06-06 16:48:19] - Traininng loss : 0.6387666777647969
[2025-06-06 16:48:48] - vali_results: {'mae': 0.2964596748352051, 'mape': 4.535337924957275, 'mse': 0.3379018306732178, 'rmse': 0.5812932252883911}
[2025-06-06 16:48:59] - test_results: {'mae': 0.3695927858352661, 'mape': 6.1575727462768555, 'mse': 0.47025468945503235, 'rmse': 0.68575119972229}
[2025-06-06 16:50:03] - Epoch: 56 cost time: 6624.461843013763
[2025-06-06 16:50:03] - Traininng loss : 0.6386114853670338
[2025-06-06 16:50:32] - vali_results: {'mae': 0.29638534784317017, 'mape': 4.557826995849609, 'mse': 0.3377951979637146, 'rmse': 0.5812014937400818}
[2025-06-06 16:50:43] - test_results: {'mae': 0.3705585300922394, 'mape': 6.186187744140625, 'mse': 0.4711933135986328, 'rmse': 0.6864352226257324}
[2025-06-06 16:51:47] - Epoch: 57 cost time: 6727.924321174622
[2025-06-06 16:51:47] - Traininng loss : 0.6384557017376828
[2025-06-06 16:52:15] - vali_results: {'mae': 0.29655465483665466, 'mape': 4.518362522125244, 'mse': 0.33833324909210205, 'rmse': 0.5816642045974731}
[2025-06-06 16:52:27] - test_results: {'mae': 0.3702695667743683, 'mape': 6.083441734313965, 'mse': 0.4714023768901825, 'rmse': 0.6865875124931335}
[2025-06-06 16:53:34] - Epoch: 58 cost time: 6835.682796239853
[2025-06-06 16:53:34] - Traininng loss : 0.6385134314096074
[2025-06-06 16:54:05] - vali_results: {'mae': 0.2959549129009247, 'mape': 4.47836971282959, 'mse': 0.3381665050983429, 'rmse': 0.5815208554267883}
[2025-06-06 16:54:19] - test_results: {'mae': 0.36974072456359863, 'mape': 6.060611724853516, 'mse': 0.4710100293159485, 'rmse': 0.6863017082214355}
[2025-06-06 16:55:28] - Epoch: 59 cost time: 6949.774724960327
[2025-06-06 16:55:28] - Traininng loss : 0.6383846710983425
[2025-06-06 16:55:59] - vali_results: {'mae': 0.2961713373661041, 'mape': 4.467147350311279, 'mse': 0.3386814594268799, 'rmse': 0.5819634795188904}
[2025-06-06 16:56:12] - test_results: {'mae': 0.37019532918930054, 'mape': 6.050120830535889, 'mse': 0.4720619022846222, 'rmse': 0.6870676279067993}
[2025-06-06 16:57:22] - Epoch: 60 cost time: 7062.9482090473175
[2025-06-06 16:57:22] - Traininng loss : 0.6380455940546763
[2025-06-06 16:57:55] - vali_results: {'mae': 0.29613322019577026, 'mape': 4.520522594451904, 'mse': 0.3380795419216156, 'rmse': 0.5814460515975952}
[2025-06-06 16:58:08] - test_results: {'mae': 0.36957401037216187, 'mape': 6.087523937225342, 'mse': 0.47057873010635376, 'rmse': 0.6859874129295349}
[2025-06-06 16:59:17] - Epoch: 61 cost time: 7178.469633817673
[2025-06-06 16:59:17] - Traininng loss : 0.638023076947353
[2025-06-06 16:59:51] - vali_results: {'mae': 0.2959287762641907, 'mape': 4.522181987762451, 'mse': 0.3376840353012085, 'rmse': 0.5811058878898621}
[2025-06-06 17:00:04] - test_results: {'mae': 0.3691437244415283, 'mape': 6.09245491027832, 'mse': 0.46998193860054016, 'rmse': 0.6855522990226746}
[2025-06-06 17:01:13] - Epoch: 62 cost time: 7294.102052688599
[2025-06-06 17:01:13] - Traininng loss : 0.6379183036039134
[2025-06-06 17:01:43] - vali_results: {'mae': 0.29594290256500244, 'mape': 4.529486656188965, 'mse': 0.337770938873291, 'rmse': 0.5811806321144104}
[2025-06-06 17:01:56] - test_results: {'mae': 0.36929476261138916, 'mape': 6.056708335876465, 'mse': 0.4702601730823517, 'rmse': 0.68575519323349}
[2025-06-06 17:03:04] - Epoch: 63 cost time: 7405.760110616684
[2025-06-06 17:03:04] - Traininng loss : 0.637704763571864
[2025-06-06 17:03:35] - vali_results: {'mae': 0.2963583171367645, 'mape': 4.564296722412109, 'mse': 0.3377988338470459, 'rmse': 0.5812046527862549}
[2025-06-06 17:03:47] - test_results: {'mae': 0.3710964620113373, 'mape': 6.188066005706787, 'mse': 0.4719374179840088, 'rmse': 0.6869770288467407}
[2025-06-06 17:04:56] - Epoch: 64 cost time: 7517.17878818512
[2025-06-06 17:04:56] - Traininng loss : 0.6377166043084976
[2025-06-06 17:05:27] - vali_results: {'mae': 0.2956126034259796, 'mape': 4.508605003356934, 'mse': 0.3375530540943146, 'rmse': 0.5809931755065918}
[2025-06-06 17:05:39] - test_results: {'mae': 0.3691849112510681, 'mape': 6.0901899337768555, 'mse': 0.4704984724521637, 'rmse': 0.6859289407730103}
[2025-06-06 17:06:48] - Epoch: 65 cost time: 7628.875824213028
[2025-06-06 17:06:48] - Traininng loss : 0.6374253353368605
[2025-06-06 17:07:18] - vali_results: {'mae': 0.29570725560188293, 'mape': 4.526003837585449, 'mse': 0.33749639987945557, 'rmse': 0.5809444189071655}
[2025-06-06 17:07:31] - test_results: {'mae': 0.3688795566558838, 'mape': 6.066615104675293, 'mse': 0.4698147773742676, 'rmse': 0.6854303479194641}
[2025-06-06 17:08:42] - Epoch: 66 cost time: 7742.82053899765
[2025-06-06 17:08:42] - Traininng loss : 0.6374713585901394
[2025-06-06 17:09:12] - vali_results: {'mae': 0.2953368127346039, 'mape': 4.495726108551025, 'mse': 0.337593138217926, 'rmse': 0.5810276865959167}
[2025-06-06 17:09:25] - test_results: {'mae': 0.3682984709739685, 'mape': 6.058182716369629, 'mse': 0.4696861505508423, 'rmse': 0.6853365302085876}
[2025-06-06 17:10:35] - Epoch: 67 cost time: 7856.236766576767
[2025-06-06 17:10:35] - Traininng loss : 0.6373168049084443
[2025-06-06 17:11:06] - vali_results: {'mae': 0.2955501675605774, 'mape': 4.5085530281066895, 'mse': 0.3376445174217224, 'rmse': 0.5810718536376953}
[2025-06-06 17:11:19] - test_results: {'mae': 0.36907240748405457, 'mape': 6.081751823425293, 'mse': 0.4703741669654846, 'rmse': 0.6858382821083069}
[2025-06-06 17:12:31] - Epoch: 68 cost time: 7972.0972418785095
[2025-06-06 17:12:31] - Traininng loss : 0.6372919457868613
[2025-06-06 17:13:02] - vali_results: {'mae': 0.29527920484542847, 'mape': 4.445273399353027, 'mse': 0.33788302540779114, 'rmse': 0.581277072429657}
[2025-06-06 17:13:15] - test_results: {'mae': 0.36901170015335083, 'mape': 6.011556625366211, 'mse': 0.4708445072174072, 'rmse': 0.6861811280250549}
[2025-06-06 17:14:25] - Epoch: 69 cost time: 8086.465003013611
[2025-06-06 17:14:25] - Traininng loss : 0.637112204244874
[2025-06-06 17:14:56] - vali_results: {'mae': 0.2951470613479614, 'mape': 4.479844570159912, 'mse': 0.3374899625778198, 'rmse': 0.5809388756752014}
[2025-06-06 17:15:09] - test_results: {'mae': 0.36848020553588867, 'mape': 6.0428786277771, 'mse': 0.469890296459198, 'rmse': 0.6854854226112366}
[2025-06-06 17:16:16] - Epoch: 70 cost time: 8197.592350244522
[2025-06-06 17:16:16] - Traininng loss : 0.6370321289742558
[2025-06-06 17:16:47] - vali_results: {'mae': 0.29534247517585754, 'mape': 4.52467155456543, 'mse': 0.33728405833244324, 'rmse': 0.5807616114616394}
[2025-06-06 17:17:00] - test_results: {'mae': 0.3681611716747284, 'mape': 6.070028781890869, 'mse': 0.4691084921360016, 'rmse': 0.6849149465560913}
[2025-06-06 17:18:10] - Epoch: 71 cost time: 8311.530006170273
[2025-06-06 17:18:10] - Traininng loss : 0.6369621547815859
[2025-06-06 17:18:42] - vali_results: {'mae': 0.29522043466567993, 'mape': 4.500725269317627, 'mse': 0.33741316199302673, 'rmse': 0.5808727741241455}
[2025-06-06 17:18:54] - test_results: {'mae': 0.36837238073349, 'mape': 6.039484024047852, 'mse': 0.46963250637054443, 'rmse': 0.6852973699569702}
[2025-06-06 17:20:02] - Epoch: 72 cost time: 8422.953559875488
[2025-06-06 17:20:02] - Traininng loss : 0.6368004965250871
[2025-06-06 17:20:32] - vali_results: {'mae': 0.2950149476528168, 'mape': 4.4995198249816895, 'mse': 0.33710065484046936, 'rmse': 0.5806037187576294}
[2025-06-06 17:20:46] - test_results: {'mae': 0.36850684881210327, 'mape': 6.07577657699585, 'mse': 0.46959206461906433, 'rmse': 0.6852678656578064}
[2025-06-06 17:21:56] - Epoch: 73 cost time: 8536.883735656738
[2025-06-06 17:21:56] - Traininng loss : 0.6366868812725737
[2025-06-06 17:22:26] - vali_results: {'mae': 0.2950543165206909, 'mape': 4.503084659576416, 'mse': 0.33718341588974, 'rmse': 0.580674946308136}
[2025-06-06 17:22:39] - test_results: {'mae': 0.3686341941356659, 'mape': 6.063758850097656, 'mse': 0.4698338508605957, 'rmse': 0.6854442954063416}
[2025-06-06 17:23:48] - Epoch: 74 cost time: 8649.010260105133
[2025-06-06 17:23:48] - Traininng loss : 0.6367979813419012
[2025-06-06 17:24:18] - vali_results: {'mae': 0.2948485016822815, 'mape': 4.4871826171875, 'mse': 0.3371414840221405, 'rmse': 0.5806388854980469}
[2025-06-06 17:24:30] - test_results: {'mae': 0.36817729473114014, 'mape': 6.079274654388428, 'mse': 0.4694531559944153, 'rmse': 0.6851665377616882}
[2025-06-06 17:25:40] - Epoch: 75 cost time: 8761.118463039398
[2025-06-06 17:25:40] - Traininng loss : 0.6364863951558191
[2025-06-06 17:26:10] - vali_results: {'mae': 0.2950607240200043, 'mape': 4.4831976890563965, 'mse': 0.33752089738845825, 'rmse': 0.5809654593467712}
[2025-06-06 17:26:23] - test_results: {'mae': 0.3690623342990875, 'mape': 6.062509059906006, 'mse': 0.4706416130065918, 'rmse': 0.6860332489013672}
[2025-06-06 17:27:33] - Epoch: 76 cost time: 8874.03956580162
[2025-06-06 17:27:33] - Traininng loss : 0.6366617120076022
[2025-06-06 17:28:04] - vali_results: {'mae': 0.2948305308818817, 'mape': 4.492796421051025, 'mse': 0.3370579779148102, 'rmse': 0.580566942691803}
[2025-06-06 17:28:17] - test_results: {'mae': 0.368610143661499, 'mape': 6.069696426391602, 'mse': 0.4698732793331146, 'rmse': 0.6854730248451233}
[2025-06-06 17:29:26] - Epoch: 77 cost time: 8987.418136119843
[2025-06-06 17:29:26] - Traininng loss : 0.6365175461370632
[2025-06-06 17:29:57] - vali_results: {'mae': 0.29491180181503296, 'mape': 4.479162216186523, 'mse': 0.3373396694660187, 'rmse': 0.580809473991394}
[2025-06-06 17:30:10] - test_results: {'mae': 0.36851248145103455, 'mape': 6.037325859069824, 'mse': 0.47015446424484253, 'rmse': 0.6856781244277954}
[2025-06-06 17:31:18] - Epoch: 78 cost time: 9099.261275053024
[2025-06-06 17:31:18] - Traininng loss : 0.6363986162754155
[2025-06-06 17:31:49] - vali_results: {'mae': 0.29474353790283203, 'mape': 4.497471332550049, 'mse': 0.3368591070175171, 'rmse': 0.5803956389427185}
[2025-06-06 17:32:02] - test_results: {'mae': 0.368449330329895, 'mape': 6.090858459472656, 'mse': 0.4696432948112488, 'rmse': 0.6853052377700806}
[2025-06-06 17:33:12] - Epoch: 79 cost time: 9213.323555469513
[2025-06-06 17:33:12] - Traininng loss : 0.6363364059612944
[2025-06-06 17:33:42] - vali_results: {'mae': 0.29471269249916077, 'mape': 4.478443145751953, 'mse': 0.337070107460022, 'rmse': 0.5805773735046387}
[2025-06-06 17:33:55] - test_results: {'mae': 0.36830663681030273, 'mape': 6.061069965362549, 'mse': 0.46972379088401794, 'rmse': 0.6853640079498291}
[2025-06-06 17:35:03] - Epoch: 80 cost time: 9323.947761774063
[2025-06-06 17:35:03] - Traininng loss : 0.6362955722968227
[2025-06-06 17:35:36] - vali_results: {'mae': 0.29473260045051575, 'mape': 4.487884044647217, 'mse': 0.33705511689186096, 'rmse': 0.5805644989013672}
[2025-06-06 17:35:49] - test_results: {'mae': 0.3684316873550415, 'mape': 6.067317962646484, 'mse': 0.4699041247367859, 'rmse': 0.6854955554008484}
[2025-06-06 17:36:58] - Epoch: 81 cost time: 9439.338695526123
[2025-06-06 17:36:58] - Traininng loss : 0.6362338014631882
[2025-06-06 17:37:30] - vali_results: {'mae': 0.29466646909713745, 'mape': 4.490755081176758, 'mse': 0.3369642496109009, 'rmse': 0.5804862380027771}
[2025-06-06 17:37:43] - test_results: {'mae': 0.36841127276420593, 'mape': 6.071992874145508, 'mse': 0.46969127655029297, 'rmse': 0.6853402853012085}
[2025-06-06 17:38:53] - Epoch: 82 cost time: 9554.072290420532
[2025-06-06 17:38:53] - Traininng loss : 0.6362147055628572
[2025-06-06 17:39:25] - vali_results: {'mae': 0.2947535514831543, 'mape': 4.516454219818115, 'mse': 0.3367905616760254, 'rmse': 0.5803365707397461}
[2025-06-06 17:39:38] - test_results: {'mae': 0.36857184767723083, 'mape': 6.099836349487305, 'mse': 0.46977701783180237, 'rmse': 0.6854028105735779}
[2025-06-06 17:40:46] - Epoch: 83 cost time: 9667.38060092926
[2025-06-06 17:40:46] - Traininng loss : 0.6361539324013967
[2025-06-06 17:41:17] - vali_results: {'mae': 0.29471394419670105, 'mape': 4.505122184753418, 'mse': 0.33678239583969116, 'rmse': 0.5803295373916626}
[2025-06-06 17:41:30] - test_results: {'mae': 0.3680686354637146, 'mape': 6.075652599334717, 'mse': 0.46926242113113403, 'rmse': 0.6850273013114929}
[2025-06-06 17:42:39] - Epoch: 84 cost time: 9779.879007577896
[2025-06-06 17:42:39] - Traininng loss : 0.6360674712983346
[2025-06-06 17:43:09] - vali_results: {'mae': 0.29461532831192017, 'mape': 4.496244430541992, 'mse': 0.33684423565864563, 'rmse': 0.5803828239440918}
[2025-06-06 17:43:21] - test_results: {'mae': 0.36827361583709717, 'mape': 6.081369400024414, 'mse': 0.4696233868598938, 'rmse': 0.6852907538414001}
[2025-06-06 17:44:30] - Epoch: 85 cost time: 9891.281007051468
[2025-06-06 17:44:30] - Traininng loss : 0.6360490991212532
[2025-06-06 17:45:00] - vali_results: {'mae': 0.29457423090934753, 'mape': 4.503289222717285, 'mse': 0.33671072125434875, 'rmse': 0.5802677869796753}
[2025-06-06 17:45:12] - test_results: {'mae': 0.36803895235061646, 'mape': 6.079952716827393, 'mse': 0.4692498445510864, 'rmse': 0.6850181221961975}
[2025-06-06 17:46:19] - Epoch: 86 cost time: 10000.358573436737
[2025-06-06 17:46:19] - Traininng loss : 0.6359028206894325
[2025-06-06 17:46:50] - vali_results: {'mae': 0.2945684492588043, 'mape': 4.491083145141602, 'mse': 0.3368701636791229, 'rmse': 0.5804051756858826}
[2025-06-06 17:47:02] - test_results: {'mae': 0.3681756854057312, 'mape': 6.0720415115356445, 'mse': 0.46950507164001465, 'rmse': 0.6852043867111206}
[2025-06-06 17:48:09] - Epoch: 87 cost time: 10109.956910848618
[2025-06-06 17:48:09] - Traininng loss : 0.6361277905347288
[2025-06-06 17:48:39] - vali_results: {'mae': 0.2945217490196228, 'mape': 4.485791206359863, 'mse': 0.3368704915046692, 'rmse': 0.5804054737091064}
[2025-06-06 17:48:51] - test_results: {'mae': 0.36800166964530945, 'mape': 6.058115005493164, 'mse': 0.46939513087272644, 'rmse': 0.6851241588592529}
[2025-06-06 17:49:57] - Epoch: 88 cost time: 10217.804889678955
[2025-06-06 17:49:57] - Traininng loss : 0.6359598309548784
[2025-06-06 17:50:28] - vali_results: {'mae': 0.29447051882743835, 'mape': 4.49299430847168, 'mse': 0.3367786109447479, 'rmse': 0.5803263187408447}
[2025-06-06 17:50:41] - test_results: {'mae': 0.3680240213871002, 'mape': 6.072073936462402, 'mse': 0.46935951709747314, 'rmse': 0.6850981712341309}
[2025-06-06 17:51:47] - Epoch: 89 cost time: 10328.5276761055
[2025-06-06 17:51:47] - Traininng loss : 0.63580092364367
[2025-06-06 17:52:18] - vali_results: {'mae': 0.2944176495075226, 'mape': 4.477808952331543, 'mse': 0.336873859167099, 'rmse': 0.5804083347320557}
[2025-06-06 17:52:30] - test_results: {'mae': 0.36784741282463074, 'mape': 6.047017574310303, 'mse': 0.4693264067173004, 'rmse': 0.6850740313529968}
[2025-06-06 17:53:37] - Epoch: 90 cost time: 10438.79219007492
[2025-06-06 17:53:37] - Traininng loss : 0.6358891159379051
[2025-06-06 17:54:07] - vali_results: {'mae': 0.29448625445365906, 'mape': 4.49211311340332, 'mse': 0.3367671072483063, 'rmse': 0.5803163647651672}
[2025-06-06 17:54:20] - test_results: {'mae': 0.3680242896080017, 'mape': 6.079286575317383, 'mse': 0.46937623620033264, 'rmse': 0.6851103901863098}
[2025-06-06 17:54:20] - loss no decreased for 5 epochs,  early stopping ....
[2025-06-06 17:54:32] - test_results: {'mae': 0.36803895235061646, 'mape': 6.079952716827393, 'mse': 0.4692498445510864, 'rmse': 0.6850181221961975}
