[2025-06-05 17:34:24] - run : 3 in seed: 5
[2025-06-05 17:34:24] - +-----------------------------------+------------+
|              Modules              | Parameters |
+-----------------------------------+------------+
|     fm.Linear_Seasonal.weight     |   32256    |
|      fm.Linear_Seasonal.bias      |    336     |
|       fm.Linear_Trend.weight      |   32256    |
|        fm.Linear_Trend.bias       |    336     |
|             nm.weight             |     14     |
| nm.model_freq.model_freq.0.weight |    6144    |
|  nm.model_freq.model_freq.0.bias  |     64     |
|  nm.model_freq.model_all.0.weight |   20480    |
|   nm.model_freq.model_all.0.bias  |    128     |
|  nm.model_freq.model_all.2.weight |   43008    |
|   nm.model_freq.model_all.2.bias  |    336     |
| nm.model_pred.model_freq.0.weight |   24576    |
|  nm.model_pred.model_freq.0.bias  |    256     |
|  nm.model_pred.model_all.0.weight |   180224   |
|   nm.model_pred.model_all.0.bias  |    512     |
|  nm.model_pred.model_all.2.weight |   172032   |
|   nm.model_pred.model_all.2.bias  |    336     |
+-----------------------------------+------------+
[2025-06-05 17:34:24] - Total Trainable Params: 513294
[2025-06-05 17:34:24] - model parameters: 513294
[2025-06-05 17:35:25] - Epoch: 1 cost time: 61.31098246574402
[2025-06-05 17:35:25] - Traininng loss : 0.5984194080002019
[2025-06-05 17:35:33] - vali_results: {'mae': 0.33790478110313416, 'mape': 1.818091630935669, 'mse': 0.24691469967365265, 'rmse': 0.496905118227005}
[2025-06-05 17:35:36] - test_results: {'mae': 0.2458682358264923, 'mape': 2.2717299461364746, 'mse': 0.11545943468809128, 'rmse': 0.33979323506355286}
[2025-06-05 17:36:37] - Epoch: 2 cost time: 132.4110291004181
[2025-06-05 17:36:37] - Traininng loss : 0.5481741954107145
[2025-06-05 17:36:43] - vali_results: {'mae': 0.35286569595336914, 'mape': 1.7690644264221191, 'mse': 0.2621120512485504, 'rmse': 0.5119687914848328}
[2025-06-05 17:36:47] - test_results: {'mae': 0.2507845461368561, 'mape': 2.2743496894836426, 'mse': 0.11765528470277786, 'rmse': 0.34300917387008667}
[2025-06-05 17:37:48] - Epoch: 3 cost time: 203.82885813713074
[2025-06-05 17:37:48] - Traininng loss : 0.5413268828415697
[2025-06-05 17:37:55] - vali_results: {'mae': 0.34398576617240906, 'mape': 1.7891745567321777, 'mse': 0.25215020775794983, 'rmse': 0.5021455883979797}
[2025-06-05 17:37:59] - test_results: {'mae': 0.24674198031425476, 'mape': 2.254196882247925, 'mse': 0.11545155197381973, 'rmse': 0.33978161215782166}
[2025-06-05 17:39:00] - Epoch: 4 cost time: 275.76903653144836
[2025-06-05 17:39:00] - Traininng loss : 0.5362531356192992
[2025-06-05 17:39:07] - vali_results: {'mae': 0.33026421070098877, 'mape': 1.8775172233581543, 'mse': 0.24111942946910858, 'rmse': 0.49103912711143494}
[2025-06-05 17:39:11] - test_results: {'mae': 0.24128451943397522, 'mape': 2.4081735610961914, 'mse': 0.11339197307825089, 'rmse': 0.3367372453212738}
[2025-06-05 17:40:10] - Epoch: 5 cost time: 345.38647294044495
[2025-06-05 17:40:10] - Traininng loss : 0.5328189030851772
[2025-06-05 17:40:16] - vali_results: {'mae': 0.3334323763847351, 'mape': 1.84784734249115, 'mse': 0.2402287721633911, 'rmse': 0.4901313781738281}
[2025-06-05 17:40:20] - test_results: {'mae': 0.2440873235464096, 'mape': 2.2755446434020996, 'mse': 0.11486592143774033, 'rmse': 0.3389187455177307}
[2025-06-05 17:41:21] - Epoch: 6 cost time: 416.7024681568146
[2025-06-05 17:41:21] - Traininng loss : 0.5309053945135076
[2025-06-05 17:41:28] - vali_results: {'mae': 0.33084481954574585, 'mape': 1.858597993850708, 'mse': 0.23990143835544586, 'rmse': 0.48979735374450684}
[2025-06-05 17:41:31] - test_results: {'mae': 0.24152588844299316, 'mape': 2.3863213062286377, 'mse': 0.11310179531574249, 'rmse': 0.336306095123291}
[2025-06-05 17:42:32] - Epoch: 7 cost time: 487.7695732116699
[2025-06-05 17:42:32] - Traininng loss : 0.5293791515495034
[2025-06-05 17:42:39] - vali_results: {'mae': 0.3459574580192566, 'mape': 1.7368144989013672, 'mse': 0.256212443113327, 'rmse': 0.5061743259429932}
[2025-06-05 17:42:43] - test_results: {'mae': 0.24652665853500366, 'mape': 2.245189905166626, 'mse': 0.1154131069779396, 'rmse': 0.3397250473499298}
[2025-06-05 17:43:43] - Epoch: 8 cost time: 558.9737391471863
[2025-06-05 17:43:43] - Traininng loss : 0.5280317925187943
[2025-06-05 17:43:50] - vali_results: {'mae': 0.3391346335411072, 'mape': 1.8075520992279053, 'mse': 0.24908672273159027, 'rmse': 0.4990858733654022}
[2025-06-05 17:43:54] - test_results: {'mae': 0.2435983419418335, 'mape': 2.3383629322052, 'mse': 0.11433719098567963, 'rmse': 0.33813783526420593}
[2025-06-05 17:44:55] - Epoch: 9 cost time: 630.3650255203247
[2025-06-05 17:44:55] - Traininng loss : 0.5257170368096908
[2025-06-05 17:45:02] - vali_results: {'mae': 0.3345975875854492, 'mape': 1.807174563407898, 'mse': 0.24291101098060608, 'rmse': 0.49286001920700073}
[2025-06-05 17:45:06] - test_results: {'mae': 0.24232631921768188, 'mape': 2.31209397315979, 'mse': 0.11319504678249359, 'rmse': 0.3364447057247162}
[2025-06-05 17:46:06] - Epoch: 10 cost time: 701.459362745285
[2025-06-05 17:46:06] - Traininng loss : 0.5249154498883227
[2025-06-05 17:46:12] - vali_results: {'mae': 0.3316466510295868, 'mape': 1.8325626850128174, 'mse': 0.2424607127904892, 'rmse': 0.4924030005931854}
[2025-06-05 17:46:16] - test_results: {'mae': 0.24173052608966827, 'mape': 2.322791814804077, 'mse': 0.11436938494443893, 'rmse': 0.3381854295730591}
[2025-06-05 17:47:17] - Epoch: 11 cost time: 772.6021723747253
[2025-06-05 17:47:17] - Traininng loss : 0.5241345747131768
[2025-06-05 17:47:24] - vali_results: {'mae': 0.3408772945404053, 'mape': 1.7319409847259521, 'mse': 0.24774867296218872, 'rmse': 0.4977435767650604}
[2025-06-05 17:47:28] - test_results: {'mae': 0.24408240616321564, 'mape': 2.268266201019287, 'mse': 0.11299056559801102, 'rmse': 0.3361406922340393}
[2025-06-05 17:47:28] - loss no decreased for 5 epochs,  early stopping ....
[2025-06-05 17:47:31] - test_results: {'mae': 0.24152588844299316, 'mape': 2.3863213062286377, 'mse': 0.11310179531574249, 'rmse': 0.336306095123291}
