[2025-06-05 19:46:38] - run : 2 in seed: 4
[2025-06-05 19:46:38] - +-----------------------------------+------------+
|              Modules              | Parameters |
+-----------------------------------+------------+
|     fm.Linear_Seasonal.weight     |    9216    |
|      fm.Linear_Seasonal.bias      |     96     |
|       fm.Linear_Trend.weight      |    9216    |
|        fm.Linear_Trend.bias       |     96     |
|             nm.weight             |     42     |
| nm.model_freq.model_freq.0.weight |    6144    |
|  nm.model_freq.model_freq.0.bias  |     64     |
|  nm.model_freq.model_all.0.weight |   20480    |
|   nm.model_freq.model_all.0.bias  |    128     |
|  nm.model_freq.model_all.2.weight |   12288    |
|   nm.model_freq.model_all.2.bias  |     96     |
| nm.model_pred.model_freq.0.weight |   24576    |
|  nm.model_pred.model_freq.0.bias  |    256     |
|  nm.model_pred.model_all.0.weight |   180224   |
|   nm.model_pred.model_all.0.bias  |    512     |
|  nm.model_pred.model_all.2.weight |   49152    |
|   nm.model_pred.model_all.2.bias  |     96     |
+-----------------------------------+------------+
[2025-06-05 19:46:38] - Total Trainable Params: 312682
[2025-06-05 19:46:38] - model parameters: 312682
[2025-06-05 19:47:09] - Epoch: 1 cost time: 31.09829616546631
[2025-06-05 19:47:09] - Traininng loss : 1.1368090297828681
[2025-06-05 19:47:14] - vali_results: {'mae': 0.2965696454048157, 'mape': 4.1808552742004395, 'mse': 0.31942659616470337, 'rmse': 0.565178394317627}
[2025-06-05 19:47:17] - test_results: {'mae': 0.22383707761764526, 'mape': 1.3239392042160034, 'mse': 0.1902242749929428, 'rmse': 0.4361470937728882}
[2025-06-05 19:47:47] - Epoch: 2 cost time: 69.06498074531555
[2025-06-05 19:47:47] - Traininng loss : 1.060512890478997
[2025-06-05 19:47:52] - vali_results: {'mae': 0.29410484433174133, 'mape': 4.393181324005127, 'mse': 0.3123897314071655, 'rmse': 0.5589183568954468}
[2025-06-05 19:47:56] - test_results: {'mae': 0.2284839153289795, 'mape': 1.3628274202346802, 'mse': 0.1900532990694046, 'rmse': 0.43595102429389954}
[2025-06-05 19:48:27] - Epoch: 3 cost time: 109.27356290817261
[2025-06-05 19:48:27] - Traininng loss : 1.041946878590164
[2025-06-05 19:48:33] - vali_results: {'mae': 0.2961325943470001, 'mape': 4.790716648101807, 'mse': 0.3114449083805084, 'rmse': 0.5580725073814392}
[2025-06-05 19:48:35] - test_results: {'mae': 0.23013989627361298, 'mape': 1.4203275442123413, 'mse': 0.1903005987405777, 'rmse': 0.43623456358909607}
[2025-06-05 19:49:06] - Epoch: 4 cost time: 148.23823833465576
[2025-06-05 19:49:06] - Traininng loss : 1.0321905558121756
[2025-06-05 19:49:12] - vali_results: {'mae': 0.2880607545375824, 'mape': 4.228544235229492, 'mse': 0.3064807057380676, 'rmse': 0.5536069869995117}
[2025-06-05 19:49:15] - test_results: {'mae': 0.2195509821176529, 'mape': 1.3271373510360718, 'mse': 0.18572625517845154, 'rmse': 0.43095970153808594}
[2025-06-05 19:49:44] - Epoch: 5 cost time: 186.77955770492554
[2025-06-05 19:49:44] - Traininng loss : 1.0276547591116705
[2025-06-05 19:49:50] - vali_results: {'mae': 0.28658774495124817, 'mape': 4.460970878601074, 'mse': 0.30461567640304565, 'rmse': 0.5519199967384338}
[2025-06-05 19:49:53] - test_results: {'mae': 0.21740645170211792, 'mape': 1.360910177230835, 'mse': 0.1839151829481125, 'rmse': 0.4288533329963684}
[2025-06-05 19:50:25] - Epoch: 6 cost time: 226.99787855148315
[2025-06-05 19:50:25] - Traininng loss : 1.0227480611285649
[2025-06-05 19:50:30] - vali_results: {'mae': 0.29107779264450073, 'mape': 4.652612686157227, 'mse': 0.3074665069580078, 'rmse': 0.5544966459274292}
[2025-06-05 19:50:34] - test_results: {'mae': 0.219862699508667, 'mape': 1.395851492881775, 'mse': 0.18489032983779907, 'rmse': 0.4299887418746948}
[2025-06-05 19:51:04] - Epoch: 7 cost time: 266.28511571884155
[2025-06-05 19:51:04] - Traininng loss : 1.0196921521929314
[2025-06-05 19:51:09] - vali_results: {'mae': 0.2910241186618805, 'mape': 4.063048362731934, 'mse': 0.3030283451080322, 'rmse': 0.5504801273345947}
[2025-06-05 19:51:12] - test_results: {'mae': 0.22840054333209991, 'mape': 1.2851911783218384, 'mse': 0.18717189133167267, 'rmse': 0.4326336681842804}
[2025-06-05 19:51:43] - Epoch: 8 cost time: 305.17432284355164
[2025-06-05 19:51:43] - Traininng loss : 1.0165909052206936
[2025-06-05 19:51:48] - vali_results: {'mae': 0.28869593143463135, 'mape': 4.009420394897461, 'mse': 0.30323854088783264, 'rmse': 0.5506709814071655}
[2025-06-05 19:51:51] - test_results: {'mae': 0.2272433042526245, 'mape': 1.2837328910827637, 'mse': 0.18714174628257751, 'rmse': 0.4325988292694092}
[2025-06-05 19:52:22] - Epoch: 9 cost time: 344.1870038509369
[2025-06-05 19:52:22] - Traininng loss : 1.0143620900309596
[2025-06-05 19:52:28] - vali_results: {'mae': 0.28696662187576294, 'mape': 4.182261943817139, 'mse': 0.30841031670570374, 'rmse': 0.5553470253944397}
[2025-06-05 19:52:31] - test_results: {'mae': 0.2191508710384369, 'mape': 1.353022813796997, 'mse': 0.18707379698753357, 'rmse': 0.4325202703475952}
[2025-06-05 19:53:01] - Epoch: 10 cost time: 383.87521409988403
[2025-06-05 19:53:01] - Traininng loss : 1.0126020251249581
[2025-06-05 19:53:07] - vali_results: {'mae': 0.2883799076080322, 'mape': 4.239449501037598, 'mse': 0.30635499954223633, 'rmse': 0.5534934401512146}
[2025-06-05 19:53:10] - test_results: {'mae': 0.2205926775932312, 'mape': 1.3400402069091797, 'mse': 0.1862591654062271, 'rmse': 0.43157753348350525}
[2025-06-05 19:53:41] - Epoch: 11 cost time: 423.8661267757416
[2025-06-05 19:53:41] - Traininng loss : 1.0113840408967492
[2025-06-05 19:53:47] - vali_results: {'mae': 0.2849453389644623, 'mape': 3.9326019287109375, 'mse': 0.2991379499435425, 'rmse': 0.5469350218772888}
[2025-06-05 19:53:50] - test_results: {'mae': 0.2183106392621994, 'mape': 1.2627100944519043, 'mse': 0.18109939992427826, 'rmse': 0.4255577623844147}
[2025-06-05 19:54:20] - Epoch: 12 cost time: 462.5652103424072
[2025-06-05 19:54:20] - Traininng loss : 1.0085970700670557
[2025-06-05 19:54:26] - vali_results: {'mae': 0.28547346591949463, 'mape': 4.03318977355957, 'mse': 0.301908016204834, 'rmse': 0.5494615435600281}
[2025-06-05 19:54:29] - test_results: {'mae': 0.21812814474105835, 'mape': 1.306015968322754, 'mse': 0.18367040157318115, 'rmse': 0.4285678565502167}
[2025-06-05 19:55:00] - Epoch: 13 cost time: 502.94830322265625
[2025-06-05 19:55:00] - Traininng loss : 1.0067140443125495
[2025-06-05 19:55:06] - vali_results: {'mae': 0.2871558964252472, 'mape': 3.8592352867126465, 'mse': 0.2990472912788391, 'rmse': 0.546852171421051}
[2025-06-05 19:55:09] - test_results: {'mae': 0.22751791775226593, 'mape': 1.2599656581878662, 'mse': 0.1838894933462143, 'rmse': 0.4288233816623688}
[2025-06-05 19:55:40] - Epoch: 14 cost time: 542.0677015781403
[2025-06-05 19:55:40] - Traininng loss : 1.0049963576594123
[2025-06-05 19:55:46] - vali_results: {'mae': 0.28598231077194214, 'mape': 3.8878345489501953, 'mse': 0.29767152667045593, 'rmse': 0.5455928444862366}
[2025-06-05 19:55:49] - test_results: {'mae': 0.22728218138217926, 'mape': 1.2514363527297974, 'mse': 0.18497422337532043, 'rmse': 0.43008628487586975}
[2025-06-05 19:56:20] - Epoch: 15 cost time: 582.526534318924
[2025-06-05 19:56:20] - Traininng loss : 1.004624765207171
[2025-06-05 19:56:26] - vali_results: {'mae': 0.2884867489337921, 'mape': 4.679625511169434, 'mse': 0.3032241761684418, 'rmse': 0.5506579279899597}
[2025-06-05 19:56:29] - test_results: {'mae': 0.22422166168689728, 'mape': 1.4021131992340088, 'mse': 0.1862838715314865, 'rmse': 0.43160614371299744}
[2025-06-05 19:57:00] - Epoch: 16 cost time: 622.802127122879
[2025-06-05 19:57:00] - Traininng loss : 1.0029405245026404
[2025-06-05 19:57:06] - vali_results: {'mae': 0.28553029894828796, 'mape': 4.2763285636901855, 'mse': 0.30044153332710266, 'rmse': 0.5481254458427429}
[2025-06-05 19:57:09] - test_results: {'mae': 0.2244316190481186, 'mape': 1.3348896503448486, 'mse': 0.18435926735401154, 'rmse': 0.42937079071998596}
[2025-06-05 19:57:38] - Epoch: 17 cost time: 660.8125691413879
[2025-06-05 19:57:38] - Traininng loss : 1.0019624506325544
[2025-06-05 19:57:44] - vali_results: {'mae': 0.28507766127586365, 'mape': 3.932903289794922, 'mse': 0.2962193489074707, 'rmse': 0.5442603826522827}
[2025-06-05 19:57:47] - test_results: {'mae': 0.22354650497436523, 'mape': 1.2584625482559204, 'mse': 0.18257930874824524, 'rmse': 0.42729300260543823}
[2025-06-05 19:58:17] - Epoch: 18 cost time: 699.4270513057709
[2025-06-05 19:58:17] - Traininng loss : 1.0009755777761846
[2025-06-05 19:58:22] - vali_results: {'mae': 0.2847003638744354, 'mape': 4.080946922302246, 'mse': 0.299730122089386, 'rmse': 0.5474761128425598}
[2025-06-05 19:58:26] - test_results: {'mae': 0.22202347218990326, 'mape': 1.3007959127426147, 'mse': 0.18449357151985168, 'rmse': 0.4295271635055542}
[2025-06-05 19:58:55] - Epoch: 19 cost time: 737.7878339290619
[2025-06-05 19:58:55] - Traininng loss : 0.9996975962504575
[2025-06-05 19:59:01] - vali_results: {'mae': 0.28470149636268616, 'mape': 4.1291279792785645, 'mse': 0.29971349239349365, 'rmse': 0.5474609732627869}
[2025-06-05 19:59:04] - test_results: {'mae': 0.2198910415172577, 'mape': 1.3189011812210083, 'mse': 0.18262766301631927, 'rmse': 0.4273495674133301}
[2025-06-05 19:59:34] - Epoch: 20 cost time: 776.1923549175262
[2025-06-05 19:59:34] - Traininng loss : 0.9994461458978595
[2025-06-05 19:59:40] - vali_results: {'mae': 0.28344592452049255, 'mape': 4.158047676086426, 'mse': 0.2996736466884613, 'rmse': 0.5474245548248291}
[2025-06-05 19:59:43] - test_results: {'mae': 0.2158747911453247, 'mape': 1.322181224822998, 'mse': 0.18124566972255707, 'rmse': 0.42572957277297974}
[2025-06-05 20:00:15] - Epoch: 21 cost time: 817.561443567276
[2025-06-05 20:00:15] - Traininng loss : 0.9983278752776364
[2025-06-05 20:00:21] - vali_results: {'mae': 0.2839391231536865, 'mape': 3.9948105812072754, 'mse': 0.2991052269935608, 'rmse': 0.5469051599502563}
[2025-06-05 20:00:24] - test_results: {'mae': 0.21653108298778534, 'mape': 1.2953400611877441, 'mse': 0.18153652548789978, 'rmse': 0.42607104778289795}
[2025-06-05 20:00:54] - Epoch: 22 cost time: 856.2877826690674
[2025-06-05 20:00:54] - Traininng loss : 0.9970611403740897
[2025-06-05 20:01:00] - vali_results: {'mae': 0.2848471403121948, 'mape': 4.1055755615234375, 'mse': 0.29660239815711975, 'rmse': 0.5446121692657471}
[2025-06-05 20:01:03] - test_results: {'mae': 0.22515353560447693, 'mape': 1.286318302154541, 'mse': 0.18337687849998474, 'rmse': 0.4282252788543701}
[2025-06-05 20:01:03] - loss no decreased for 5 epochs,  early stopping ....
[2025-06-05 20:01:06] - test_results: {'mae': 0.22354650497436523, 'mape': 1.2584625482559204, 'mse': 0.18257930874824524, 'rmse': 0.42729300260543823}
