[2025-06-04 18:22:58] - run : 0 in seed: 2
[2025-06-04 18:22:58] - +-----------------------------------+------------+
|              Modules              | Parameters |
+-----------------------------------+------------+
|     fm.Linear_Seasonal.weight     |   32256    |
|      fm.Linear_Seasonal.bias      |    336     |
|       fm.Linear_Trend.weight      |   32256    |
|        fm.Linear_Trend.bias       |    336     |
|             nm.weight             |    642     |
| nm.model_freq.model_freq.0.weight |    6144    |
|  nm.model_freq.model_freq.0.bias  |     64     |
|  nm.model_freq.model_all.0.weight |   20480    |
|   nm.model_freq.model_all.0.bias  |    128     |
|  nm.model_freq.model_all.2.weight |   43008    |
|   nm.model_freq.model_all.2.bias  |    336     |
| nm.model_pred.model_freq.0.weight |   24576    |
|  nm.model_pred.model_freq.0.bias  |    256     |
|  nm.model_pred.model_all.0.weight |   180224   |
|   nm.model_pred.model_all.0.bias  |    512     |
|  nm.model_pred.model_all.2.weight |   172032   |
|   nm.model_pred.model_all.2.bias  |    336     |
+-----------------------------------+------------+
[2025-06-04 18:22:58] - Total Trainable Params: 513922
[2025-06-04 18:22:58] - model parameters: 513922
[2025-06-04 18:23:33] - Epoch: 1 cost time: 35.10406994819641
[2025-06-04 18:23:33] - Traininng loss : 0.6039158172666814
[2025-06-04 18:23:43] - vali_results: {'mae': 0.29444727301597595, 'mape': 2.4866867065429688, 'mse': 0.20026038587093353, 'rmse': 0.44750460982322693}
[2025-06-04 18:23:51] - test_results: {'mae': 0.294030100107193, 'mape': 3.1068520545959473, 'mse': 0.19812020659446716, 'rmse': 0.44510695338249207}
[2025-06-04 18:24:28] - Epoch: 2 cost time: 89.66455817222595
[2025-06-04 18:24:28] - Traininng loss : 0.46252778427032387
[2025-06-04 18:24:51] - vali_results: {'mae': 0.2910602390766144, 'mape': 2.5006721019744873, 'mse': 0.19687947630882263, 'rmse': 0.4437110424041748}
[2025-06-04 18:24:59] - test_results: {'mae': 0.291047066450119, 'mape': 3.088644504547119, 'mse': 0.1943437159061432, 'rmse': 0.44084432721138}
[2025-06-04 18:25:52] - Epoch: 3 cost time: 174.188462972641
[2025-06-04 18:25:52] - Traininng loss : 0.4575583274572345
[2025-06-04 18:26:05] - vali_results: {'mae': 0.28977692127227783, 'mape': 2.513983726501465, 'mse': 0.19628538191318512, 'rmse': 0.443041056394577}
[2025-06-04 18:26:12] - test_results: {'mae': 0.28914889693260193, 'mape': 3.1143555641174316, 'mse': 0.1932191103696823, 'rmse': 0.439566969871521}
[2025-06-04 18:27:01] - Epoch: 4 cost time: 243.07525372505188
[2025-06-04 18:27:01] - Traininng loss : 0.4550741499429071
[2025-06-04 18:27:14] - vali_results: {'mae': 0.28740787506103516, 'mape': 2.4686295986175537, 'mse': 0.1950254589319229, 'rmse': 0.44161686301231384}
[2025-06-04 18:27:20] - test_results: {'mae': 0.2855558693408966, 'mape': 3.062730312347412, 'mse': 0.19126777350902557, 'rmse': 0.43734171986579895}
[2025-06-04 18:28:09] - Epoch: 5 cost time: 310.5319836139679
[2025-06-04 18:28:09] - Traininng loss : 0.45375173812022834
[2025-06-04 18:28:21] - vali_results: {'mae': 0.2876557409763336, 'mape': 2.505099296569824, 'mse': 0.19464731216430664, 'rmse': 0.4411885142326355}
[2025-06-04 18:28:28] - test_results: {'mae': 0.28714779019355774, 'mape': 3.081150531768799, 'mse': 0.1915244162082672, 'rmse': 0.43763503432273865}
[2025-06-04 18:29:49] - Epoch: 6 cost time: 410.59895610809326
[2025-06-04 18:29:49] - Traininng loss : 0.45276774704668443
[2025-06-04 18:30:02] - vali_results: {'mae': 0.2890234887599945, 'mape': 2.4694252014160156, 'mse': 0.19469980895519257, 'rmse': 0.44124799966812134}
[2025-06-04 18:30:09] - test_results: {'mae': 0.2883494794368744, 'mape': 3.040576696395874, 'mse': 0.1915348619222641, 'rmse': 0.4376469552516937}
[2025-06-04 18:30:58] - Epoch: 7 cost time: 479.67487120628357
[2025-06-04 18:30:58] - Traininng loss : 0.45183099657827425
[2025-06-04 18:31:11] - vali_results: {'mae': 0.28690338134765625, 'mape': 2.4750044345855713, 'mse': 0.19380219280719757, 'rmse': 0.44022971391677856}
[2025-06-04 18:31:18] - test_results: {'mae': 0.28603312373161316, 'mape': 3.043147563934326, 'mse': 0.19044488668441772, 'rmse': 0.436399906873703}
[2025-06-04 18:32:06] - Epoch: 8 cost time: 548.2704224586487
[2025-06-04 18:32:06] - Traininng loss : 0.4512569673120763
[2025-06-04 18:32:20] - vali_results: {'mae': 0.2862008213996887, 'mape': 2.4866373538970947, 'mse': 0.19356633722782135, 'rmse': 0.4399617314338684}
[2025-06-04 18:32:27] - test_results: {'mae': 0.2851237952709198, 'mape': 3.063880681991577, 'mse': 0.19012485444545746, 'rmse': 0.43603309988975525}
[2025-06-04 18:33:46] - Epoch: 9 cost time: 648.1695022583008
[2025-06-04 18:33:46] - Traininng loss : 0.4508358140432962
[2025-06-04 18:33:59] - vali_results: {'mae': 0.28698965907096863, 'mape': 2.5261950492858887, 'mse': 0.1936086267232895, 'rmse': 0.44000980257987976}
[2025-06-04 18:34:06] - test_results: {'mae': 0.2864578664302826, 'mape': 3.096433401107788, 'mse': 0.1905905157327652, 'rmse': 0.4365667402744293}
[2025-06-04 18:34:55] - Epoch: 10 cost time: 716.9425864219666
[2025-06-04 18:34:55] - Traininng loss : 0.45039248546035265
[2025-06-04 18:35:08] - vali_results: {'mae': 0.28586578369140625, 'mape': 2.503324270248413, 'mse': 0.1936323344707489, 'rmse': 0.44003674387931824}
[2025-06-04 18:35:14] - test_results: {'mae': 0.28484752774238586, 'mape': 3.0726842880249023, 'mse': 0.19015194475650787, 'rmse': 0.4360641539096832}
[2025-06-04 18:36:04] - Epoch: 11 cost time: 785.4606218338013
[2025-06-04 18:36:04] - Traininng loss : 0.45027208211583175
[2025-06-04 18:36:15] - vali_results: {'mae': 0.28555744886398315, 'mape': 2.4828853607177734, 'mse': 0.1935587376356125, 'rmse': 0.43995311856269836}
[2025-06-04 18:36:22] - test_results: {'mae': 0.2844243347644806, 'mape': 3.05134916305542, 'mse': 0.1898673176765442, 'rmse': 0.435737669467926}
[2025-06-04 18:37:11] - Epoch: 12 cost time: 853.2819657325745
[2025-06-04 18:37:11] - Traininng loss : 0.4498195262672214
[2025-06-04 18:37:50] - vali_results: {'mae': 0.2865317761898041, 'mape': 2.486121654510498, 'mse': 0.1939154416322708, 'rmse': 0.44035831093788147}
[2025-06-04 18:37:56] - test_results: {'mae': 0.2856757640838623, 'mape': 3.0604989528656006, 'mse': 0.19052721560001373, 'rmse': 0.43649423122406006}
[2025-06-04 18:38:52] - Epoch: 13 cost time: 953.6777503490448
[2025-06-04 18:38:52] - Traininng loss : 0.44972502665587594
[2025-06-04 18:39:03] - vali_results: {'mae': 0.2869056463241577, 'mape': 2.4320197105407715, 'mse': 0.19478821754455566, 'rmse': 0.44134819507598877}
[2025-06-04 18:39:10] - test_results: {'mae': 0.28372034430503845, 'mape': 3.029355049133301, 'mse': 0.1903226673603058, 'rmse': 0.4362598657608032}
[2025-06-04 18:40:00] - Epoch: 14 cost time: 1021.7601804733276
[2025-06-04 18:40:00] - Traininng loss : 0.4497005819107714
[2025-06-04 18:40:12] - vali_results: {'mae': 0.28752559423446655, 'mape': 2.5421478748321533, 'mse': 0.19350787997245789, 'rmse': 0.43989530205726624}
[2025-06-04 18:40:18] - test_results: {'mae': 0.2875979542732239, 'mape': 3.1034135818481445, 'mse': 0.19078175723552704, 'rmse': 0.4367856979370117}
[2025-06-04 18:41:08] - Epoch: 15 cost time: 1090.0617866516113
[2025-06-04 18:41:08] - Traininng loss : 0.4493830525896303
[2025-06-04 18:41:19] - vali_results: {'mae': 0.2868345081806183, 'mape': 2.5272562503814697, 'mse': 0.1937437653541565, 'rmse': 0.44016334414482117}
[2025-06-04 18:41:26] - test_results: {'mae': 0.28602805733680725, 'mape': 3.095276117324829, 'mse': 0.19048207998275757, 'rmse': 0.4364425241947174}
[2025-06-04 18:42:48] - Epoch: 16 cost time: 1190.0413756370544
[2025-06-04 18:42:48] - Traininng loss : 0.4491595422245854
[2025-06-04 18:43:00] - vali_results: {'mae': 0.28653547167778015, 'mape': 2.4917900562286377, 'mse': 0.19331173598766327, 'rmse': 0.4396722912788391}
[2025-06-04 18:43:07] - test_results: {'mae': 0.2854423522949219, 'mape': 3.0889196395874023, 'mse': 0.1900762915611267, 'rmse': 0.43597739934921265}
[2025-06-04 18:43:57] - Epoch: 17 cost time: 1258.537148475647
[2025-06-04 18:43:57] - Traininng loss : 0.44915967378964206
[2025-06-04 18:44:09] - vali_results: {'mae': 0.2852250337600708, 'mape': 2.4427831172943115, 'mse': 0.19370096921920776, 'rmse': 0.44011473655700684}
[2025-06-04 18:44:15] - test_results: {'mae': 0.28249746561050415, 'mape': 3.0076982975006104, 'mse': 0.18901227414608002, 'rmse': 0.43475541472435}
[2025-06-04 18:45:05] - Epoch: 18 cost time: 1327.2621912956238
[2025-06-04 18:45:05] - Traininng loss : 0.44913483408422233
[2025-06-04 18:45:17] - vali_results: {'mae': 0.2855151295661926, 'mape': 2.429337978363037, 'mse': 0.19381603598594666, 'rmse': 0.4402454197406769}
[2025-06-04 18:45:23] - test_results: {'mae': 0.2824556827545166, 'mape': 3.0047638416290283, 'mse': 0.18902622163295746, 'rmse': 0.43477144837379456}
[2025-06-04 18:46:12] - Epoch: 19 cost time: 1393.9323313236237
[2025-06-04 18:46:12] - Traininng loss : 0.44883754796404857
[2025-06-04 18:46:52] - vali_results: {'mae': 0.2863922119140625, 'mape': 2.49625825881958, 'mse': 0.19300538301467896, 'rmse': 0.4393237829208374}
[2025-06-04 18:46:59] - test_results: {'mae': 0.2857346832752228, 'mape': 3.051100730895996, 'mse': 0.18969158828258514, 'rmse': 0.4355359673500061}
[2025-06-04 18:47:47] - Epoch: 20 cost time: 1489.371646642685
[2025-06-04 18:47:47] - Traininng loss : 0.44889716082832565
[2025-06-04 18:47:59] - vali_results: {'mae': 0.28570374846458435, 'mape': 2.4575514793395996, 'mse': 0.19366765022277832, 'rmse': 0.4400768578052521}
[2025-06-04 18:48:05] - test_results: {'mae': 0.28362852334976196, 'mape': 3.0192790031433105, 'mse': 0.189450204372406, 'rmse': 0.43525877594947815}
[2025-06-04 18:48:41] - Epoch: 21 cost time: 1543.1922299861908
[2025-06-04 18:48:41] - Traininng loss : 0.4488619246728904
[2025-06-04 18:48:53] - vali_results: {'mae': 0.2861018776893616, 'mape': 2.4664266109466553, 'mse': 0.1928824931383133, 'rmse': 0.43918389081954956}
[2025-06-04 18:48:59] - test_results: {'mae': 0.28520849347114563, 'mape': 3.033501386642456, 'mse': 0.189564049243927, 'rmse': 0.43538954854011536}
[2025-06-04 18:49:34] - Epoch: 22 cost time: 1596.0056943893433
[2025-06-04 18:49:34] - Traininng loss : 0.4486778176976268
[2025-06-04 18:49:46] - vali_results: {'mae': 0.28611990809440613, 'mape': 2.500964879989624, 'mse': 0.19333508610725403, 'rmse': 0.43969884514808655}
[2025-06-04 18:49:52] - test_results: {'mae': 0.2854091227054596, 'mape': 3.075331687927246, 'mse': 0.19000184535980225, 'rmse': 0.4358920156955719}
[2025-06-04 18:50:27] - Epoch: 23 cost time: 1649.2241938114166
[2025-06-04 18:50:27] - Traininng loss : 0.4485003859653168
[2025-06-04 18:50:39] - vali_results: {'mae': 0.286562979221344, 'mape': 2.4522058963775635, 'mse': 0.19353096187114716, 'rmse': 0.4399215281009674}
[2025-06-04 18:50:45] - test_results: {'mae': 0.28452804684638977, 'mape': 3.0306737422943115, 'mse': 0.1895594596862793, 'rmse': 0.43538427352905273}
[2025-06-04 18:51:20] - Epoch: 24 cost time: 1702.3692588806152
[2025-06-04 18:51:20] - Traininng loss : 0.4484982915832479
[2025-06-04 18:51:32] - vali_results: {'mae': 0.2856980264186859, 'mape': 2.4676461219787598, 'mse': 0.19308210909366608, 'rmse': 0.43941110372543335}
[2025-06-04 18:51:38] - test_results: {'mae': 0.28396084904670715, 'mape': 3.0335607528686523, 'mse': 0.18906518816947937, 'rmse': 0.43481627106666565}
[2025-06-04 18:52:13] - Epoch: 25 cost time: 1754.9936680793762
[2025-06-04 18:52:13] - Traininng loss : 0.4484914891236193
[2025-06-04 18:52:24] - vali_results: {'mae': 0.28762081265449524, 'mape': 2.5291831493377686, 'mse': 0.19339539110660553, 'rmse': 0.43976742029190063}
[2025-06-04 18:52:31] - test_results: {'mae': 0.2880256175994873, 'mape': 3.0934090614318848, 'mse': 0.1909066140651703, 'rmse': 0.4369286000728607}
[2025-06-04 18:53:06] - Epoch: 26 cost time: 1807.7140927314758
[2025-06-04 18:53:06] - Traininng loss : 0.4484994096475988
[2025-06-04 18:53:17] - vali_results: {'mae': 0.2857811450958252, 'mape': 2.517772912979126, 'mse': 0.19327837228775024, 'rmse': 0.4396343529224396}
[2025-06-04 18:53:24] - test_results: {'mae': 0.2851540744304657, 'mape': 3.0945825576782227, 'mse': 0.1901436597108841, 'rmse': 0.43605464696884155}
[2025-06-04 18:53:24] - loss no decreased for 5 epochs,  early stopping ....
[2025-06-04 18:53:31] - test_results: {'mae': 0.28520849347114563, 'mape': 3.033501386642456, 'mse': 0.189564049243927, 'rmse': 0.43538954854011536}
