[2025-06-04 23:13:51] - run : 3 in seed: 4
[2025-06-04 23:13:51] - +-----------------------------------+------------+
|              Modules              | Parameters |
+-----------------------------------+------------+
|     fm.Linear_Seasonal.weight     |   16128    |
|      fm.Linear_Seasonal.bias      |    168     |
|       fm.Linear_Trend.weight      |   16128    |
|        fm.Linear_Trend.bias       |    168     |
|             nm.weight             |     16     |
| nm.model_freq.model_freq.0.weight |    6144    |
|  nm.model_freq.model_freq.0.bias  |     64     |
|  nm.model_freq.model_all.0.weight |   20480    |
|   nm.model_freq.model_all.0.bias  |    128     |
|  nm.model_freq.model_all.2.weight |   21504    |
|   nm.model_freq.model_all.2.bias  |    168     |
| nm.model_pred.model_freq.0.weight |   24576    |
|  nm.model_pred.model_freq.0.bias  |    256     |
|  nm.model_pred.model_all.0.weight |   180224   |
|   nm.model_pred.model_all.0.bias  |    512     |
|  nm.model_pred.model_all.2.weight |   86016    |
|   nm.model_pred.model_all.2.bias  |    168     |
+-----------------------------------+------------+
[2025-06-04 23:13:51] - Total Trainable Params: 372848
[2025-06-04 23:13:51] - model parameters: 372848
[2025-06-04 23:13:56] - Epoch: 1 cost time: 5.040457725524902
[2025-06-04 23:13:56] - Traininng loss : 0.4917090653052813
[2025-06-04 23:13:57] - vali_results: {'mae': 0.34022507071495056, 'mape': 0.6928033828735352, 'mse': 0.1868288815021515, 'rmse': 0.43223705887794495}
[2025-06-04 23:13:58] - test_results: {'mae': 0.22792716324329376, 'mape': 1.4516732692718506, 'mse': 0.09428826719522476, 'rmse': 0.3070639371871948}
[2025-06-04 23:14:03] - Epoch: 2 cost time: 11.219152688980103
[2025-06-04 23:14:03] - Traininng loss : 0.3000299492025677
[2025-06-04 23:14:03] - vali_results: {'mae': 0.34290066361427307, 'mape': 0.6670883893966675, 'mse': 0.19023306667804718, 'rmse': 0.4361571669578552}
[2025-06-04 23:14:04] - test_results: {'mae': 0.22457465529441833, 'mape': 1.398539423942566, 'mse': 0.09166222810745239, 'rmse': 0.30275771021842957}
[2025-06-04 23:14:09] - Epoch: 3 cost time: 17.472831964492798
[2025-06-04 23:14:09] - Traininng loss : 0.28937188064372993
[2025-06-04 23:14:10] - vali_results: {'mae': 0.3415495753288269, 'mape': 0.6539130210876465, 'mse': 0.20115739107131958, 'rmse': 0.4485057294368744}
[2025-06-04 23:14:10] - test_results: {'mae': 0.22470390796661377, 'mape': 1.385996699333191, 'mse': 0.09268903732299805, 'rmse': 0.3044487535953522}
[2025-06-04 23:14:15] - Epoch: 4 cost time: 23.92420530319214
[2025-06-04 23:14:15] - Traininng loss : 0.2841025118397761
[2025-06-04 23:14:16] - vali_results: {'mae': 0.3467493951320648, 'mape': 0.6731343865394592, 'mse': 0.210983008146286, 'rmse': 0.45932886004447937}
[2025-06-04 23:14:17] - test_results: {'mae': 0.2249201387166977, 'mape': 1.4050649404525757, 'mse': 0.0919642448425293, 'rmse': 0.3032560646533966}
[2025-06-04 23:14:22] - Epoch: 5 cost time: 30.480091333389282
[2025-06-04 23:14:22] - Traininng loss : 0.2826877821095382
[2025-06-04 23:14:23] - vali_results: {'mae': 0.30868789553642273, 'mape': 0.6483375430107117, 'mse': 0.16685651242733002, 'rmse': 0.4084807336330414}
[2025-06-04 23:14:23] - test_results: {'mae': 0.21644721925258636, 'mape': 1.4514758586883545, 'mse': 0.0870683342218399, 'rmse': 0.2950734496116638}
[2025-06-04 23:14:28] - Epoch: 6 cost time: 36.788737058639526
[2025-06-04 23:14:28] - Traininng loss : 0.28069748437102837
[2025-06-04 23:14:29] - vali_results: {'mae': 0.32518306374549866, 'mape': 0.6730865836143494, 'mse': 0.1838371604681015, 'rmse': 0.4287623465061188}
[2025-06-04 23:14:30] - test_results: {'mae': 0.2162950485944748, 'mape': 1.456998348236084, 'mse': 0.08636505156755447, 'rmse': 0.29387930035591125}
[2025-06-04 23:14:35] - Epoch: 7 cost time: 43.17845702171326
[2025-06-04 23:14:35] - Traininng loss : 0.2782999312953104
[2025-06-04 23:14:35] - vali_results: {'mae': 0.33902066946029663, 'mape': 0.6475337147712708, 'mse': 0.19502311944961548, 'rmse': 0.44161421060562134}
[2025-06-04 23:14:36] - test_results: {'mae': 0.22255805134773254, 'mape': 1.400477409362793, 'mse': 0.0916794091463089, 'rmse': 0.30278608202934265}
[2025-06-04 23:14:41] - Epoch: 8 cost time: 49.56052255630493
[2025-06-04 23:14:41] - Traininng loss : 0.2775621532073504
[2025-06-04 23:14:42] - vali_results: {'mae': 0.32409054040908813, 'mape': 0.6486585140228271, 'mse': 0.1771703064441681, 'rmse': 0.42091602087020874}
[2025-06-04 23:14:42] - test_results: {'mae': 0.2172168344259262, 'mape': 1.4368720054626465, 'mse': 0.08792001008987427, 'rmse': 0.29651308059692383}
[2025-06-04 23:14:48] - Epoch: 9 cost time: 56.249868869781494
[2025-06-04 23:14:48] - Traininng loss : 0.2767785015174105
[2025-06-04 23:14:49] - vali_results: {'mae': 0.3100529909133911, 'mape': 0.6379837393760681, 'mse': 0.16983292996883392, 'rmse': 0.412107914686203}
[2025-06-04 23:14:49] - test_results: {'mae': 0.21625761687755585, 'mape': 1.4745993614196777, 'mse': 0.08745868504047394, 'rmse': 0.29573413729667664}
[2025-06-04 23:14:54] - Epoch: 10 cost time: 62.69170022010803
[2025-06-04 23:14:54] - Traininng loss : 0.27450868572238124
[2025-06-04 23:14:55] - vali_results: {'mae': 0.2656480073928833, 'mape': 0.6142037510871887, 'mse': 0.12832418084144592, 'rmse': 0.35822364687919617}
[2025-06-04 23:14:55] - test_results: {'mae': 0.2159227728843689, 'mape': 1.591363787651062, 'mse': 0.08720953017473221, 'rmse': 0.2953125834465027}
[2025-06-04 23:15:00] - Epoch: 11 cost time: 68.96538972854614
[2025-06-04 23:15:00] - Traininng loss : 0.27489182353019714
[2025-06-04 23:15:01] - vali_results: {'mae': 0.35797426104545593, 'mape': 0.630647599697113, 'mse': 0.21717014908790588, 'rmse': 0.46601518988609314}
[2025-06-04 23:15:02] - test_results: {'mae': 0.22885385155677795, 'mape': 1.3648324012756348, 'mse': 0.09694003313779831, 'rmse': 0.3113519549369812}
[2025-06-04 23:15:07] - Epoch: 12 cost time: 75.18552732467651
[2025-06-04 23:15:07] - Traininng loss : 0.2726017426275
[2025-06-04 23:15:07] - vali_results: {'mae': 0.28758299350738525, 'mape': 0.6210295557975769, 'mse': 0.1498267501592636, 'rmse': 0.38707461953163147}
[2025-06-04 23:15:08] - test_results: {'mae': 0.213906392455101, 'mape': 1.5048353672027588, 'mse': 0.08648893237113953, 'rmse': 0.29409000277519226}
[2025-06-04 23:15:13] - Epoch: 13 cost time: 81.57736921310425
[2025-06-04 23:15:13] - Traininng loss : 0.2730620730715462
[2025-06-04 23:15:14] - vali_results: {'mae': 0.3117252588272095, 'mape': 0.6212282776832581, 'mse': 0.17156513035297394, 'rmse': 0.4142042100429535}
[2025-06-04 23:15:14] - test_results: {'mae': 0.21714268624782562, 'mape': 1.4396369457244873, 'mse': 0.08911007642745972, 'rmse': 0.29851311445236206}
[2025-06-04 23:15:20] - Epoch: 14 cost time: 88.24314665794373
[2025-06-04 23:15:20] - Traininng loss : 0.2720570782128769
[2025-06-04 23:15:21] - vali_results: {'mae': 0.2826802432537079, 'mape': 0.6289149522781372, 'mse': 0.14462235569953918, 'rmse': 0.38029247522354126}
[2025-06-04 23:15:21] - test_results: {'mae': 0.21105971932411194, 'mape': 1.51040518283844, 'mse': 0.08409765362739563, 'rmse': 0.2899959683418274}
[2025-06-04 23:15:26] - Epoch: 15 cost time: 95.0208649635315
[2025-06-04 23:15:26] - Traininng loss : 0.2718203067779541
[2025-06-04 23:15:27] - vali_results: {'mae': 0.31226682662963867, 'mape': 0.6333898901939392, 'mse': 0.16955432295799255, 'rmse': 0.4117697477340698}
[2025-06-04 23:15:28] - test_results: {'mae': 0.2162386029958725, 'mape': 1.4591889381408691, 'mse': 0.08759022504091263, 'rmse': 0.29595646262168884}
[2025-06-04 23:15:28] - loss no decreased for 5 epochs,  early stopping ....
[2025-06-04 23:15:29] - test_results: {'mae': 0.2159227728843689, 'mape': 1.591363787651062, 'mse': 0.08720953017473221, 'rmse': 0.2953125834465027}
