[2025-06-05 20:38:38] - run : 2 in seed: 4
[2025-06-05 20:38:38] - +-----------------------------------+------------+
|              Modules              | Parameters |
+-----------------------------------+------------+
|     fm.Linear_Seasonal.weight     |   16128    |
|      fm.Linear_Seasonal.bias      |    168     |
|       fm.Linear_Trend.weight      |   16128    |
|        fm.Linear_Trend.bias       |    168     |
|             nm.weight             |     42     |
| nm.model_freq.model_freq.0.weight |    6144    |
|  nm.model_freq.model_freq.0.bias  |     64     |
|  nm.model_freq.model_all.0.weight |   20480    |
|   nm.model_freq.model_all.0.bias  |    128     |
|  nm.model_freq.model_all.2.weight |   21504    |
|   nm.model_freq.model_all.2.bias  |    168     |
| nm.model_pred.model_freq.0.weight |   24576    |
|  nm.model_pred.model_freq.0.bias  |    256     |
|  nm.model_pred.model_all.0.weight |   180224   |
|   nm.model_pred.model_all.0.bias  |    512     |
|  nm.model_pred.model_all.2.weight |   86016    |
|   nm.model_pred.model_all.2.bias  |    168     |
+-----------------------------------+------------+
[2025-06-05 20:38:38] - Total Trainable Params: 372874
[2025-06-05 20:38:38] - model parameters: 372874
[2025-06-05 20:39:15] - Epoch: 1 cost time: 37.39604473114014
[2025-06-05 20:39:15] - Traininng loss : 1.218301542721461
[2025-06-05 20:39:21] - vali_results: {'mae': 0.3231673538684845, 'mape': 4.929086685180664, 'mse': 0.3555770814418793, 'rmse': 0.59630286693573}
[2025-06-05 20:39:24] - test_results: {'mae': 0.25089654326438904, 'mape': 1.522787094116211, 'mse': 0.22315949201583862, 'rmse': 0.4723975956439972}
[2025-06-05 20:40:01] - Epoch: 2 cost time: 82.47117686271667
[2025-06-05 20:40:01] - Traininng loss : 1.1456539413293896
[2025-06-05 20:40:06] - vali_results: {'mae': 0.317337304353714, 'mape': 4.871148586273193, 'mse': 0.34677135944366455, 'rmse': 0.5888729691505432}
[2025-06-05 20:40:09] - test_results: {'mae': 0.24829474091529846, 'mape': 1.5030215978622437, 'mse': 0.21802760660648346, 'rmse': 0.4669342637062073}
[2025-06-05 20:40:46] - Epoch: 3 cost time: 127.79225540161133
[2025-06-05 20:40:46] - Traininng loss : 1.1302471403992331
[2025-06-05 20:40:52] - vali_results: {'mae': 0.32339292764663696, 'mape': 6.196015357971191, 'mse': 0.34920215606689453, 'rmse': 0.5909332633018494}
[2025-06-05 20:40:55] - test_results: {'mae': 0.253499835729599, 'mape': 1.7332055568695068, 'mse': 0.2211054414510727, 'rmse': 0.4702185094356537}
[2025-06-05 20:41:31] - Epoch: 4 cost time: 173.18034172058105
[2025-06-05 20:41:31] - Traininng loss : 1.122975347083729
[2025-06-05 20:41:37] - vali_results: {'mae': 0.32005926966667175, 'mape': 5.740731239318848, 'mse': 0.3454897701740265, 'rmse': 0.5877837538719177}
[2025-06-05 20:41:40] - test_results: {'mae': 0.2515014410018921, 'mape': 1.6555969715118408, 'mse': 0.22036957740783691, 'rmse': 0.4694353938102722}
[2025-06-05 20:42:17] - Epoch: 5 cost time: 218.8823685646057
[2025-06-05 20:42:17] - Traininng loss : 1.1173268299435946
[2025-06-05 20:42:23] - vali_results: {'mae': 0.3170948028564453, 'mape': 4.832765579223633, 'mse': 0.34540262818336487, 'rmse': 0.5877096652984619}
[2025-06-05 20:42:26] - test_results: {'mae': 0.2517271339893341, 'mape': 1.510583519935608, 'mse': 0.22039379179477692, 'rmse': 0.4694611728191376}
[2025-06-05 20:43:03] - Epoch: 6 cost time: 264.84426069259644
[2025-06-05 20:43:03] - Traininng loss : 1.11426453694506
[2025-06-05 20:43:09] - vali_results: {'mae': 0.31741559505462646, 'mape': 5.562490463256836, 'mse': 0.34387141466140747, 'rmse': 0.5864055156707764}
[2025-06-05 20:43:12] - test_results: {'mae': 0.25036969780921936, 'mape': 1.6203604936599731, 'mse': 0.21869954466819763, 'rmse': 0.4676532447338104}
[2025-06-05 20:43:48] - Epoch: 7 cost time: 310.29317808151245
[2025-06-05 20:43:48] - Traininng loss : 1.1115166483487624
[2025-06-05 20:43:54] - vali_results: {'mae': 0.3155607581138611, 'mape': 4.692078113555908, 'mse': 0.3398735225200653, 'rmse': 0.5829867124557495}
[2025-06-05 20:43:57] - test_results: {'mae': 0.24775028228759766, 'mape': 1.4624863862991333, 'mse': 0.21678173542022705, 'rmse': 0.4655982553958893}
[2025-06-05 20:44:33] - Epoch: 8 cost time: 355.02753829956055
[2025-06-05 20:44:33] - Traininng loss : 1.1087794820814674
[2025-06-05 20:44:39] - vali_results: {'mae': 0.31688034534454346, 'mape': 4.84763240814209, 'mse': 0.3398870825767517, 'rmse': 0.5829983353614807}
[2025-06-05 20:44:42] - test_results: {'mae': 0.25647035241127014, 'mape': 1.4818165302276611, 'mse': 0.21917414665222168, 'rmse': 0.46816039085388184}
[2025-06-05 20:45:18] - Epoch: 9 cost time: 399.97416257858276
[2025-06-05 20:45:18] - Traininng loss : 1.1070944207724525
[2025-06-05 20:45:24] - vali_results: {'mae': 0.316898375749588, 'mape': 4.59885835647583, 'mse': 0.3361119329929352, 'rmse': 0.5797516107559204}
[2025-06-05 20:45:27] - test_results: {'mae': 0.26031243801116943, 'mape': 1.4371600151062012, 'mse': 0.21975989639759064, 'rmse': 0.4687855541706085}
[2025-06-05 20:46:02] - Epoch: 10 cost time: 444.1708273887634
[2025-06-05 20:46:02] - Traininng loss : 1.1049711199306504
[2025-06-05 20:46:08] - vali_results: {'mae': 0.31515318155288696, 'mape': 5.277307033538818, 'mse': 0.33838850259780884, 'rmse': 0.5817117094993591}
[2025-06-05 20:46:11] - test_results: {'mae': 0.24788925051689148, 'mape': 1.5583332777023315, 'mse': 0.21557216346263885, 'rmse': 0.46429750323295593}
[2025-06-05 20:46:47] - Epoch: 11 cost time: 488.56847190856934
[2025-06-05 20:46:47] - Traininng loss : 1.103454727064574
[2025-06-05 20:46:52] - vali_results: {'mae': 0.32129761576652527, 'mape': 5.233302116394043, 'mse': 0.34060555696487427, 'rmse': 0.5836142301559448}
[2025-06-05 20:46:55] - test_results: {'mae': 0.26515501737594604, 'mape': 1.5554523468017578, 'mse': 0.22425822913646698, 'rmse': 0.47355911135673523}
[2025-06-05 20:47:32] - Epoch: 12 cost time: 533.8124775886536
[2025-06-05 20:47:32] - Traininng loss : 1.1029357261012214
[2025-06-05 20:47:38] - vali_results: {'mae': 0.319939523935318, 'mape': 5.2169294357299805, 'mse': 0.337144672870636, 'rmse': 0.5806416273117065}
[2025-06-05 20:47:41] - test_results: {'mae': 0.2649461328983307, 'mape': 1.5398279428482056, 'mse': 0.22187313437461853, 'rmse': 0.47103410959243774}
[2025-06-05 20:48:16] - Epoch: 13 cost time: 578.241281747818
[2025-06-05 20:48:16] - Traininng loss : 1.1005243778749325
[2025-06-05 20:48:22] - vali_results: {'mae': 0.3122737407684326, 'mape': 4.805627822875977, 'mse': 0.33745500445365906, 'rmse': 0.5809087753295898}
[2025-06-05 20:48:25] - test_results: {'mae': 0.24421431124210358, 'mape': 1.4757333993911743, 'mse': 0.21397002041339874, 'rmse': 0.4625689387321472}
[2025-06-05 20:49:00] - Epoch: 14 cost time: 622.2772598266602
[2025-06-05 20:49:00] - Traininng loss : 1.0987686061963244
[2025-06-05 20:49:06] - vali_results: {'mae': 0.31495580077171326, 'mape': 4.62634801864624, 'mse': 0.33722999691963196, 'rmse': 0.5807150602340698}
[2025-06-05 20:49:09] - test_results: {'mae': 0.2527700960636139, 'mape': 1.4370328187942505, 'mse': 0.2177906036376953, 'rmse': 0.4666804075241089}
[2025-06-05 20:49:09] - loss no decreased for 5 epochs,  early stopping ....
[2025-06-05 20:49:12] - test_results: {'mae': 0.26031243801116943, 'mape': 1.4371600151062012, 'mse': 0.21975989639759064, 'rmse': 0.4687855541706085}
