[2025-06-05 20:27:08] - run : 1 in seed: 3
[2025-06-05 20:27:08] - +-----------------------------------+------------+
|              Modules              | Parameters |
+-----------------------------------+------------+
|     fm.Linear_Seasonal.weight     |   16128    |
|      fm.Linear_Seasonal.bias      |    168     |
|       fm.Linear_Trend.weight      |   16128    |
|        fm.Linear_Trend.bias       |    168     |
|             nm.weight             |     42     |
| nm.model_freq.model_freq.0.weight |    6144    |
|  nm.model_freq.model_freq.0.bias  |     64     |
|  nm.model_freq.model_all.0.weight |   20480    |
|   nm.model_freq.model_all.0.bias  |    128     |
|  nm.model_freq.model_all.2.weight |   21504    |
|   nm.model_freq.model_all.2.bias  |    168     |
| nm.model_pred.model_freq.0.weight |   24576    |
|  nm.model_pred.model_freq.0.bias  |    256     |
|  nm.model_pred.model_all.0.weight |   180224   |
|   nm.model_pred.model_all.0.bias  |    512     |
|  nm.model_pred.model_all.2.weight |   86016    |
|   nm.model_pred.model_all.2.bias  |    168     |
+-----------------------------------+------------+
[2025-06-05 20:27:08] - Total Trainable Params: 372874
[2025-06-05 20:27:08] - model parameters: 372874
[2025-06-05 20:27:45] - Epoch: 1 cost time: 37.24028778076172
[2025-06-05 20:27:45] - Traininng loss : 1.221915158121867
[2025-06-05 20:27:51] - vali_results: {'mae': 0.3267645239830017, 'mape': 5.063026428222656, 'mse': 0.35218486189842224, 'rmse': 0.5934516787528992}
[2025-06-05 20:27:54] - test_results: {'mae': 0.2766247093677521, 'mape': 1.525985836982727, 'mse': 0.23270127177238464, 'rmse': 0.48239120841026306}
[2025-06-05 20:28:31] - Epoch: 2 cost time: 83.17481994628906
[2025-06-05 20:28:31] - Traininng loss : 1.1450351361103974
[2025-06-05 20:28:37] - vali_results: {'mae': 0.32005682587623596, 'mape': 5.212465763092041, 'mse': 0.3475930988788605, 'rmse': 0.5895702838897705}
[2025-06-05 20:28:40] - test_results: {'mae': 0.25255393981933594, 'mape': 1.5523898601531982, 'mse': 0.22145165503025055, 'rmse': 0.47058650851249695}
[2025-06-05 20:29:18] - Epoch: 3 cost time: 130.13341760635376
[2025-06-05 20:29:18] - Traininng loss : 1.1319540147177518
[2025-06-05 20:29:24] - vali_results: {'mae': 0.315853476524353, 'mape': 5.005506992340088, 'mse': 0.3434838652610779, 'rmse': 0.586074948310852}
[2025-06-05 20:29:27] - test_results: {'mae': 0.24714376032352448, 'mape': 1.5212229490280151, 'mse': 0.21691817045211792, 'rmse': 0.4657447338104248}
[2025-06-05 20:30:05] - Epoch: 4 cost time: 176.7166407108307
[2025-06-05 20:30:05] - Traininng loss : 1.122822300107198
[2025-06-05 20:30:11] - vali_results: {'mae': 0.3213001787662506, 'mape': 6.296810150146484, 'mse': 0.3468809425830841, 'rmse': 0.5889660120010376}
[2025-06-05 20:30:14] - test_results: {'mae': 0.25106850266456604, 'mape': 1.74738347530365, 'mse': 0.21984484791755676, 'rmse': 0.4688761532306671}
[2025-06-05 20:30:50] - Epoch: 5 cost time: 222.35440850257874
[2025-06-05 20:30:50] - Traininng loss : 1.1185358342124905
[2025-06-05 20:30:57] - vali_results: {'mae': 0.31915977597236633, 'mape': 5.965864658355713, 'mse': 0.344214528799057, 'rmse': 0.5866979956626892}
[2025-06-05 20:31:00] - test_results: {'mae': 0.2505028247833252, 'mape': 1.694360375404358, 'mse': 0.2201320379972458, 'rmse': 0.4691823124885559}
[2025-06-05 20:31:37] - Epoch: 6 cost time: 268.81074047088623
[2025-06-05 20:31:37] - Traininng loss : 1.1143020411766251
[2025-06-05 20:31:43] - vali_results: {'mae': 0.3159710466861725, 'mape': 4.981750965118408, 'mse': 0.34424537420272827, 'rmse': 0.5867242813110352}
[2025-06-05 20:31:46] - test_results: {'mae': 0.25331392884254456, 'mape': 1.5326625108718872, 'mse': 0.22135692834854126, 'rmse': 0.4704858362674713}
[2025-06-05 20:32:23] - Epoch: 7 cost time: 314.70120120048523
[2025-06-05 20:32:23] - Traininng loss : 1.112055825406287
[2025-06-05 20:32:28] - vali_results: {'mae': 0.3155408203601837, 'mape': 5.6136674880981445, 'mse': 0.34281429648399353, 'rmse': 0.5855034589767456}
[2025-06-05 20:32:31] - test_results: {'mae': 0.24929547309875488, 'mape': 1.6288440227508545, 'mse': 0.21893872320652008, 'rmse': 0.4679088890552521}
[2025-06-05 20:33:08] - Epoch: 8 cost time: 359.6576828956604
[2025-06-05 20:33:08] - Traininng loss : 1.1097133072703165
[2025-06-05 20:33:13] - vali_results: {'mae': 0.3136674761772156, 'mape': 4.741923809051514, 'mse': 0.3394048511981964, 'rmse': 0.5825846195220947}
[2025-06-05 20:33:17] - test_results: {'mae': 0.24491989612579346, 'mape': 1.4802027940750122, 'mse': 0.21612100303173065, 'rmse': 0.46488815546035767}
[2025-06-05 20:33:53] - Epoch: 9 cost time: 405.5457887649536
[2025-06-05 20:33:53] - Traininng loss : 1.1072526235247282
[2025-06-05 20:33:59] - vali_results: {'mae': 0.31536969542503357, 'mape': 5.0712971687316895, 'mse': 0.33885258436203003, 'rmse': 0.5821104645729065}
[2025-06-05 20:34:02] - test_results: {'mae': 0.25505122542381287, 'mape': 1.521533489227295, 'mse': 0.2185099571943283, 'rmse': 0.46745049953460693}
[2025-06-05 20:34:39] - Epoch: 10 cost time: 450.77453231811523
[2025-06-05 20:34:39] - Traininng loss : 1.105729039475387
[2025-06-05 20:34:45] - vali_results: {'mae': 0.31589218974113464, 'mape': 4.833197593688965, 'mse': 0.33491677045822144, 'rmse': 0.5787199139595032}
[2025-06-05 20:34:48] - test_results: {'mae': 0.2601725459098816, 'mape': 1.476462960243225, 'mse': 0.219272181391716, 'rmse': 0.4682650864124298}
[2025-06-05 20:35:24] - Epoch: 11 cost time: 496.273202419281
[2025-06-05 20:35:24] - Traininng loss : 1.1038451435784586
[2025-06-05 20:35:30] - vali_results: {'mae': 0.3146090805530548, 'mape': 5.474233150482178, 'mse': 0.33746910095214844, 'rmse': 0.580920934677124}
[2025-06-05 20:35:34] - test_results: {'mae': 0.24866218864917755, 'mape': 1.5984612703323364, 'mse': 0.21556775271892548, 'rmse': 0.4642927348613739}
[2025-06-05 20:36:09] - Epoch: 12 cost time: 541.4405012130737
[2025-06-05 20:36:09] - Traininng loss : 1.102695600642908
[2025-06-05 20:36:15] - vali_results: {'mae': 0.32294777035713196, 'mape': 5.11406135559082, 'mse': 0.34176382422447205, 'rmse': 0.5846056938171387}
[2025-06-05 20:36:18] - test_results: {'mae': 0.2698603570461273, 'mape': 1.5506993532180786, 'mse': 0.22740525007247925, 'rmse': 0.47687026858329773}
[2025-06-05 20:36:55] - Epoch: 13 cost time: 586.6226739883423
[2025-06-05 20:36:55] - Traininng loss : 1.1023717208200146
[2025-06-05 20:37:01] - vali_results: {'mae': 0.3190200626850128, 'mape': 4.937328815460205, 'mse': 0.3359023332595825, 'rmse': 0.5795708298683167}
[2025-06-05 20:37:04] - test_results: {'mae': 0.26669466495513916, 'mape': 1.5038776397705078, 'mse': 0.22243010997772217, 'rmse': 0.4716249704360962}
[2025-06-05 20:37:41] - Epoch: 14 cost time: 632.5730717182159
[2025-06-05 20:37:41] - Traininng loss : 1.100013861125213
[2025-06-05 20:37:46] - vali_results: {'mae': 0.31237438321113586, 'mape': 4.884396076202393, 'mse': 0.33709192276000977, 'rmse': 0.5805961489677429}
[2025-06-05 20:37:49] - test_results: {'mae': 0.2442062795162201, 'mape': 1.5027776956558228, 'mse': 0.21412818133831024, 'rmse': 0.46273985505104065}
[2025-06-05 20:38:26] - Epoch: 15 cost time: 678.1339876651764
[2025-06-05 20:38:26] - Traininng loss : 1.098420714967636
[2025-06-05 20:38:32] - vali_results: {'mae': 0.3143825829029083, 'mape': 4.5839314460754395, 'mse': 0.33680135011672974, 'rmse': 0.580345869064331}
[2025-06-05 20:38:35] - test_results: {'mae': 0.25316253304481506, 'mape': 1.4480488300323486, 'mse': 0.21819256246089935, 'rmse': 0.46711087226867676}
[2025-06-05 20:38:35] - loss no decreased for 5 epochs,  early stopping ....
[2025-06-05 20:38:38] - test_results: {'mae': 0.2601725459098816, 'mape': 1.476462960243225, 'mse': 0.219272181391716, 'rmse': 0.4682650864124298}
