[2025-06-05 13:05:02] - run : 1 in seed: 3
[2025-06-05 13:05:02] - +-----------------------------------+------------+
|              Modules              | Parameters |
+-----------------------------------+------------+
|     fm.Linear_Seasonal.weight     |   32256    |
|      fm.Linear_Seasonal.bias      |    336     |
|       fm.Linear_Trend.weight      |   32256    |
|        fm.Linear_Trend.bias       |    336     |
|             nm.weight             |     14     |
| nm.model_freq.model_freq.0.weight |    6144    |
|  nm.model_freq.model_freq.0.bias  |     64     |
|  nm.model_freq.model_all.0.weight |   20480    |
|   nm.model_freq.model_all.0.bias  |    128     |
|  nm.model_freq.model_all.2.weight |   43008    |
|   nm.model_freq.model_all.2.bias  |    336     |
| nm.model_pred.model_freq.0.weight |   24576    |
|  nm.model_pred.model_freq.0.bias  |    256     |
|  nm.model_pred.model_all.0.weight |   180224   |
|   nm.model_pred.model_all.0.bias  |    512     |
|  nm.model_pred.model_all.2.weight |   172032   |
|   nm.model_pred.model_all.2.bias  |    336     |
+-----------------------------------+------------+
[2025-06-05 13:05:02] - Total Trainable Params: 513294
[2025-06-05 13:05:02] - model parameters: 513294
[2025-06-05 13:06:03] - Epoch: 1 cost time: 61.208172082901
[2025-06-05 13:06:03] - Traininng loss : 0.8304083811613521
[2025-06-05 13:06:10] - vali_results: {'mae': 0.43107014894485474, 'mape': 1.9050018787384033, 'mse': 0.4182007908821106, 'rmse': 0.646684467792511}
[2025-06-05 13:06:14] - test_results: {'mae': 0.45925506949424744, 'mape': 2.0028464794158936, 'mse': 0.4274797737598419, 'rmse': 0.6538193821907043}
[2025-06-05 13:07:15] - Epoch: 2 cost time: 132.8901331424713
[2025-06-05 13:07:15] - Traininng loss : 0.7772875660937958
[2025-06-05 13:07:22] - vali_results: {'mae': 0.4344661831855774, 'mape': 1.89811372756958, 'mse': 0.4208356738090515, 'rmse': 0.6487184762954712}
[2025-06-05 13:07:25] - test_results: {'mae': 0.46539291739463806, 'mape': 1.9894345998764038, 'mse': 0.4353952407836914, 'rmse': 0.6598448753356934}
[2025-06-05 13:08:25] - Epoch: 3 cost time: 203.6353633403778
[2025-06-05 13:08:25] - Traininng loss : 0.769930065802436
[2025-06-05 13:08:32] - vali_results: {'mae': 0.42754462361335754, 'mape': 1.8947865962982178, 'mse': 0.41360604763031006, 'rmse': 0.643122136592865}
[2025-06-05 13:08:36] - test_results: {'mae': 0.4622751474380493, 'mape': 2.0078773498535156, 'mse': 0.4323614239692688, 'rmse': 0.6575419306755066}
[2025-06-05 13:09:37] - Epoch: 4 cost time: 275.7286796569824
[2025-06-05 13:09:37] - Traininng loss : 0.7649499670233181
[2025-06-05 13:09:45] - vali_results: {'mae': 0.43133413791656494, 'mape': 1.8702476024627686, 'mse': 0.4167066514492035, 'rmse': 0.6455281972885132}
[2025-06-05 13:09:49] - test_results: {'mae': 0.4695986807346344, 'mape': 1.9764398336410522, 'mse': 0.4423019289970398, 'rmse': 0.6650578379631042}
[2025-06-05 13:10:52] - Epoch: 5 cost time: 350.31404399871826
[2025-06-05 13:10:52] - Traininng loss : 0.7613567146223006
[2025-06-05 13:11:00] - vali_results: {'mae': 0.42890578508377075, 'mape': 1.8692262172698975, 'mse': 0.4131149351596832, 'rmse': 0.6427401900291443}
[2025-06-05 13:11:03] - test_results: {'mae': 0.46308568120002747, 'mape': 1.9529024362564087, 'mse': 0.4330560266971588, 'rmse': 0.658069908618927}
[2025-06-05 13:12:05] - Epoch: 6 cost time: 423.48529744148254
[2025-06-05 13:12:05] - Traininng loss : 0.7586582853334933
[2025-06-05 13:12:13] - vali_results: {'mae': 0.42912182211875916, 'mape': 1.8975863456726074, 'mse': 0.41215455532073975, 'rmse': 0.6419926285743713}
[2025-06-05 13:12:17] - test_results: {'mae': 0.4613421559333801, 'mape': 1.9754977226257324, 'mse': 0.4314480125904083, 'rmse': 0.6568470001220703}
[2025-06-05 13:13:18] - Epoch: 7 cost time: 496.3281102180481
[2025-06-05 13:13:18] - Traininng loss : 0.7566320546646926
[2025-06-05 13:13:26] - vali_results: {'mae': 0.431256502866745, 'mape': 1.9024417400360107, 'mse': 0.41194039583206177, 'rmse': 0.6418258547782898}
[2025-06-05 13:13:29] - test_results: {'mae': 0.45995616912841797, 'mape': 1.9407883882522583, 'mse': 0.4291499853134155, 'rmse': 0.6550953984260559}
[2025-06-05 13:14:28] - Epoch: 8 cost time: 566.2781372070312
[2025-06-05 13:14:28] - Traininng loss : 0.7544066383103358
[2025-06-05 13:14:35] - vali_results: {'mae': 0.4283502399921417, 'mape': 1.9497525691986084, 'mse': 0.40952882170677185, 'rmse': 0.6399443745613098}
[2025-06-05 13:14:39] - test_results: {'mae': 0.4560149610042572, 'mape': 2.0003058910369873, 'mse': 0.4235295057296753, 'rmse': 0.6507914662361145}
[2025-06-05 13:15:43] - Epoch: 9 cost time: 641.5364856719971
[2025-06-05 13:15:43] - Traininng loss : 0.7527259797114241
[2025-06-05 13:15:51] - vali_results: {'mae': 0.43163615465164185, 'mape': 1.8867994546890259, 'mse': 0.41334885358810425, 'rmse': 0.6429221034049988}
[2025-06-05 13:15:54] - test_results: {'mae': 0.46312734484672546, 'mape': 1.9506664276123047, 'mse': 0.43283793330192566, 'rmse': 0.6579042077064514}
[2025-06-05 13:16:56] - Epoch: 10 cost time: 714.2258107662201
[2025-06-05 13:16:56] - Traininng loss : 0.7513803256654644
[2025-06-05 13:17:03] - vali_results: {'mae': 0.4297724664211273, 'mape': 1.8987873792648315, 'mse': 0.4120054543018341, 'rmse': 0.6418765187263489}
[2025-06-05 13:17:07] - test_results: {'mae': 0.46144312620162964, 'mape': 1.9816101789474487, 'mse': 0.43199533224105835, 'rmse': 0.6572635173797607}
[2025-06-05 13:18:08] - Epoch: 11 cost time: 786.0391745567322
[2025-06-05 13:18:08] - Traininng loss : 0.7498179263700956
[2025-06-05 13:18:14] - vali_results: {'mae': 0.4282338619232178, 'mape': 1.9068387746810913, 'mse': 0.4127116799354553, 'rmse': 0.6424263715744019}
[2025-06-05 13:18:18] - test_results: {'mae': 0.4645291268825531, 'mape': 2.0178282260894775, 'mse': 0.43686389923095703, 'rmse': 0.6609567999839783}
[2025-06-05 13:19:21] - Epoch: 12 cost time: 859.8082318305969
[2025-06-05 13:19:21] - Traininng loss : 0.7487862217039718
[2025-06-05 13:19:28] - vali_results: {'mae': 0.4276294708251953, 'mape': 1.9376295804977417, 'mse': 0.4118492305278778, 'rmse': 0.6417548060417175}
[2025-06-05 13:19:32] - test_results: {'mae': 0.45894935727119446, 'mape': 2.0190634727478027, 'mse': 0.42998889088630676, 'rmse': 0.6557353734970093}
[2025-06-05 13:20:32] - Epoch: 13 cost time: 930.6227281093597
[2025-06-05 13:20:32] - Traininng loss : 0.7478572471815572
[2025-06-05 13:20:40] - vali_results: {'mae': 0.42986631393432617, 'mape': 1.8937523365020752, 'mse': 0.4126453399658203, 'rmse': 0.6423747539520264}
[2025-06-05 13:20:44] - test_results: {'mae': 0.46652600169181824, 'mape': 1.9822624921798706, 'mse': 0.4395364224910736, 'rmse': 0.6629754304885864}
[2025-06-05 13:20:44] - loss no decreased for 5 epochs,  early stopping ....
[2025-06-05 13:20:48] - test_results: {'mae': 0.4560149610042572, 'mape': 2.0003058910369873, 'mse': 0.4235295057296753, 'rmse': 0.6507914662361145}
