[2025-06-05 11:44:03] - run : 2 in seed: 4
[2025-06-05 11:44:03] - +-----------------------------------+------------+
|              Modules              | Parameters |
+-----------------------------------+------------+
|     fm.Linear_Seasonal.weight     |    9216    |
|      fm.Linear_Seasonal.bias      |     96     |
|       fm.Linear_Trend.weight      |    9216    |
|        fm.Linear_Trend.bias       |     96     |
|             nm.weight             |     14     |
| nm.model_freq.model_freq.0.weight |    6144    |
|  nm.model_freq.model_freq.0.bias  |     64     |
|  nm.model_freq.model_all.0.weight |   20480    |
|   nm.model_freq.model_all.0.bias  |    128     |
|  nm.model_freq.model_all.2.weight |   12288    |
|   nm.model_freq.model_all.2.bias  |     96     |
| nm.model_pred.model_freq.0.weight |   24576    |
|  nm.model_pred.model_freq.0.bias  |    256     |
|  nm.model_pred.model_all.0.weight |   180224   |
|   nm.model_pred.model_all.0.bias  |    512     |
|  nm.model_pred.model_all.2.weight |   49152    |
|   nm.model_pred.model_all.2.bias  |     96     |
+-----------------------------------+------------+
[2025-06-05 11:44:03] - Total Trainable Params: 312654
[2025-06-05 11:44:03] - model parameters: 312654
[2025-06-05 11:44:42] - Epoch: 1 cost time: 39.084444999694824
[2025-06-05 11:44:42] - Traininng loss : 0.6196796412606079
[2025-06-05 11:44:48] - vali_results: {'mae': 0.3747401535511017, 'mape': 1.814193606376648, 'mse': 0.31998300552368164, 'rmse': 0.5656704306602478}
[2025-06-05 11:44:52] - test_results: {'mae': 0.39380326867103577, 'mape': 1.7188804149627686, 'mse': 0.32244715094566345, 'rmse': 0.5678443312644958}
[2025-06-05 11:45:32] - Epoch: 2 cost time: 88.90930151939392
[2025-06-05 11:45:32] - Traininng loss : 0.5611192464357618
[2025-06-05 11:45:38] - vali_results: {'mae': 0.3769396245479584, 'mape': 1.6945198774337769, 'mse': 0.31967371702194214, 'rmse': 0.5653969645500183}
[2025-06-05 11:45:42] - test_results: {'mae': 0.40694013237953186, 'mape': 1.6265591382980347, 'mse': 0.34071993827819824, 'rmse': 0.5837122201919556}
[2025-06-05 11:46:20] - Epoch: 3 cost time: 136.55639910697937
[2025-06-05 11:46:20] - Traininng loss : 0.550034344627953
[2025-06-05 11:46:26] - vali_results: {'mae': 0.36711379885673523, 'mape': 1.774632215499878, 'mse': 0.3155146539211273, 'rmse': 0.5617069005966187}
[2025-06-05 11:46:30] - test_results: {'mae': 0.4002547860145569, 'mape': 1.744037389755249, 'mse': 0.3374534845352173, 'rmse': 0.5809074640274048}
[2025-06-05 11:47:08] - Epoch: 4 cost time: 184.7521870136261
[2025-06-05 11:47:08] - Traininng loss : 0.5432418948376626
[2025-06-05 11:47:15] - vali_results: {'mae': 0.3674370050430298, 'mape': 1.8002153635025024, 'mse': 0.31557342410087585, 'rmse': 0.5617592334747314}
[2025-06-05 11:47:18] - test_results: {'mae': 0.39881110191345215, 'mape': 1.7580549716949463, 'mse': 0.33745086193084717, 'rmse': 0.5809051990509033}
[2025-06-05 11:47:57] - Epoch: 5 cost time: 234.14654183387756
[2025-06-05 11:47:57] - Traininng loss : 0.53765928861026
[2025-06-05 11:48:05] - vali_results: {'mae': 0.36870381236076355, 'mape': 1.7573375701904297, 'mse': 0.3154277801513672, 'rmse': 0.561629593372345}
[2025-06-05 11:48:08] - test_results: {'mae': 0.40185463428497314, 'mape': 1.7093335390090942, 'mse': 0.343753844499588, 'rmse': 0.5863052606582642}
[2025-06-05 11:48:48] - Epoch: 6 cost time: 284.4816324710846
[2025-06-05 11:48:48] - Traininng loss : 0.5338710139973373
[2025-06-05 11:48:54] - vali_results: {'mae': 0.36584678292274475, 'mape': 1.8049901723861694, 'mse': 0.3098323345184326, 'rmse': 0.5566258430480957}
[2025-06-05 11:48:58] - test_results: {'mae': 0.3949545621871948, 'mape': 1.7345435619354248, 'mse': 0.3329344093799591, 'rmse': 0.5770046710968018}
[2025-06-05 11:49:37] - Epoch: 7 cost time: 334.269419670105
[2025-06-05 11:49:37] - Traininng loss : 0.5302630542649338
[2025-06-05 11:49:45] - vali_results: {'mae': 0.36812824010849, 'mape': 1.7326292991638184, 'mse': 0.31258442997932434, 'rmse': 0.5590925216674805}
[2025-06-05 11:49:48] - test_results: {'mae': 0.402299702167511, 'mape': 1.6842460632324219, 'mse': 0.3437707722187042, 'rmse': 0.5863196849822998}
[2025-06-05 11:50:26] - Epoch: 8 cost time: 382.8132994174957
[2025-06-05 11:50:26] - Traininng loss : 0.5279774109810257
[2025-06-05 11:50:33] - vali_results: {'mae': 0.3678755760192871, 'mape': 1.7937333583831787, 'mse': 0.3133913278579712, 'rmse': 0.5598136782646179}
[2025-06-05 11:50:36] - test_results: {'mae': 0.4021034836769104, 'mape': 1.7578387260437012, 'mse': 0.3449534475803375, 'rmse': 0.5873273611068726}
[2025-06-05 11:51:15] - Epoch: 9 cost time: 431.78354811668396
[2025-06-05 11:51:15] - Traininng loss : 0.5259308526200476
[2025-06-05 11:51:22] - vali_results: {'mae': 0.3663485050201416, 'mape': 1.738948106765747, 'mse': 0.31335386633872986, 'rmse': 0.5597801804542542}
[2025-06-05 11:51:26] - test_results: {'mae': 0.4050705134868622, 'mape': 1.7339110374450684, 'mse': 0.3509734272956848, 'rmse': 0.5924301147460938}
[2025-06-05 11:52:05] - Epoch: 10 cost time: 481.6678156852722
[2025-06-05 11:52:05] - Traininng loss : 0.523471399425597
[2025-06-05 11:52:12] - vali_results: {'mae': 0.36613914370536804, 'mape': 1.7523934841156006, 'mse': 0.3101629316806793, 'rmse': 0.5569227337837219}
[2025-06-05 11:52:15] - test_results: {'mae': 0.398021399974823, 'mape': 1.688855767250061, 'mse': 0.3414407968521118, 'rmse': 0.58432936668396}
[2025-06-05 11:52:53] - Epoch: 11 cost time: 530.2656333446503
[2025-06-05 11:52:53] - Traininng loss : 0.5219447234690856
[2025-06-05 11:53:01] - vali_results: {'mae': 0.3634090721607208, 'mape': 1.818895936012268, 'mse': 0.3102080225944519, 'rmse': 0.5569632053375244}
[2025-06-05 11:53:04] - test_results: {'mae': 0.3951815962791443, 'mape': 1.7830761671066284, 'mse': 0.33809763193130493, 'rmse': 0.5814616084098816}
[2025-06-05 11:53:04] - loss no decreased for 5 epochs,  early stopping ....
[2025-06-05 11:53:08] - test_results: {'mae': 0.3949545621871948, 'mape': 1.7345435619354248, 'mse': 0.3329344093799591, 'rmse': 0.5770046710968018}
