[2025-06-05 01:00:05] - run : 2 in seed: 4
[2025-06-05 01:00:05] - +-----------------------------------+------------+
|              Modules              | Parameters |
+-----------------------------------+------------+
|     fm.Linear_Seasonal.weight     |   69120    |
|      fm.Linear_Seasonal.bias      |    720     |
|       fm.Linear_Trend.weight      |   69120    |
|        fm.Linear_Trend.bias       |    720     |
|             nm.weight             |     14     |
| nm.model_freq.model_freq.0.weight |    6144    |
|  nm.model_freq.model_freq.0.bias  |     64     |
|  nm.model_freq.model_all.0.weight |   20480    |
|   nm.model_freq.model_all.0.bias  |    128     |
|  nm.model_freq.model_all.2.weight |   92160    |
|   nm.model_freq.model_all.2.bias  |    720     |
| nm.model_pred.model_freq.0.weight |   24576    |
|  nm.model_pred.model_freq.0.bias  |    256     |
|  nm.model_pred.model_all.0.weight |   180224   |
|   nm.model_pred.model_all.0.bias  |    512     |
|  nm.model_pred.model_all.2.weight |   368640   |
|   nm.model_pred.model_all.2.bias  |    720     |
+-----------------------------------+------------+
[2025-06-05 01:00:05] - Total Trainable Params: 834318
[2025-06-05 01:00:05] - model parameters: 834318
[2025-06-05 01:00:29] - Epoch: 1 cost time: 23.654114484786987
[2025-06-05 01:00:29] - Traininng loss : 1.4158140933245755
[2025-06-05 01:00:30] - vali_results: {'mae': 0.5419115424156189, 'mape': 6.712510108947754, 'mse': 0.5502315163612366, 'rmse': 0.7417759299278259}
[2025-06-05 01:00:31] - test_results: {'mae': 0.584799587726593, 'mape': 6.897442817687988, 'mse': 0.5933557152748108, 'rmse': 0.7702958583831787}
[2025-06-05 01:00:55] - Epoch: 2 cost time: 49.724135398864746
[2025-06-05 01:00:55] - Traininng loss : 1.2946997572866719
[2025-06-05 01:00:56] - vali_results: {'mae': 0.5439789295196533, 'mape': 6.650367736816406, 'mse': 0.5517982244491577, 'rmse': 0.7428312301635742}
[2025-06-05 01:00:57] - test_results: {'mae': 0.5760744214057922, 'mape': 6.555221080780029, 'mse': 0.5771637558937073, 'rmse': 0.7597129344940186}
[2025-06-05 01:01:21] - Epoch: 3 cost time: 75.72830581665039
[2025-06-05 01:01:21] - Traininng loss : 1.2803559835707203
[2025-06-05 01:01:22] - vali_results: {'mae': 0.5443824529647827, 'mape': 6.661558628082275, 'mse': 0.5511876940727234, 'rmse': 0.7424201369285583}
[2025-06-05 01:01:23] - test_results: {'mae': 0.5708385109901428, 'mape': 7.194943428039551, 'mse': 0.5662062764167786, 'rmse': 0.7524667978286743}
[2025-06-05 01:01:47] - Epoch: 4 cost time: 101.92326545715332
[2025-06-05 01:01:47] - Traininng loss : 1.2703951125064592
[2025-06-05 01:01:48] - vali_results: {'mae': 0.547298789024353, 'mape': 6.829809188842773, 'mse': 0.5576293468475342, 'rmse': 0.7467458248138428}
[2025-06-05 01:01:49] - test_results: {'mae': 0.5625230073928833, 'mape': 7.1123881340026855, 'mse': 0.5553764700889587, 'rmse': 0.7452358603477478}
[2025-06-05 01:02:13] - Epoch: 5 cost time: 128.09643602371216
[2025-06-05 01:02:13] - Traininng loss : 1.2621970901663384
[2025-06-05 01:02:15] - vali_results: {'mae': 0.5395911335945129, 'mape': 6.62546443939209, 'mse': 0.553430438041687, 'rmse': 0.7439290285110474}
[2025-06-05 01:02:16] - test_results: {'mae': 0.581427276134491, 'mape': 6.429911136627197, 'mse': 0.5890381336212158, 'rmse': 0.7674881815910339}
[2025-06-05 01:02:39] - Epoch: 6 cost time: 154.15971612930298
[2025-06-05 01:02:39] - Traininng loss : 1.2559504884012629
[2025-06-05 01:02:41] - vali_results: {'mae': 0.5504288077354431, 'mape': 6.645381450653076, 'mse': 0.566837728023529, 'rmse': 0.7528862357139587}
[2025-06-05 01:02:42] - test_results: {'mae': 0.5817635655403137, 'mape': 6.239473342895508, 'mse': 0.5876389145851135, 'rmse': 0.7665761113166809}
[2025-06-05 01:02:42] - loss no decreased for 5 epochs,  early stopping ....
[2025-06-05 01:02:43] - test_results: {'mae': 0.584799587726593, 'mape': 6.897442817687988, 'mse': 0.5933557152748108, 'rmse': 0.7702958583831787}
