[2025-06-04 23:09:15] - run : 0 in seed: 1
[2025-06-04 23:09:15] - +-----------------------------------+------------+
|              Modules              | Parameters |
+-----------------------------------+------------+
|     fm.Linear_Seasonal.weight     |   16128    |
|      fm.Linear_Seasonal.bias      |    168     |
|       fm.Linear_Trend.weight      |   16128    |
|        fm.Linear_Trend.bias       |    168     |
|             nm.weight             |     16     |
| nm.model_freq.model_freq.0.weight |    6144    |
|  nm.model_freq.model_freq.0.bias  |     64     |
|  nm.model_freq.model_all.0.weight |   20480    |
|   nm.model_freq.model_all.0.bias  |    128     |
|  nm.model_freq.model_all.2.weight |   21504    |
|   nm.model_freq.model_all.2.bias  |    168     |
| nm.model_pred.model_freq.0.weight |   24576    |
|  nm.model_pred.model_freq.0.bias  |    256     |
|  nm.model_pred.model_all.0.weight |   180224   |
|   nm.model_pred.model_all.0.bias  |    512     |
|  nm.model_pred.model_all.2.weight |   86016    |
|   nm.model_pred.model_all.2.bias  |    168     |
+-----------------------------------+------------+
[2025-06-04 23:09:15] - Total Trainable Params: 372848
[2025-06-04 23:09:15] - model parameters: 372848
[2025-06-04 23:09:20] - Epoch: 1 cost time: 5.2720324993133545
[2025-06-04 23:09:20] - Traininng loss : 0.49530256058596356
[2025-06-04 23:09:21] - vali_results: {'mae': 0.37319236993789673, 'mape': 0.69685298204422, 'mse': 0.22562693059444427, 'rmse': 0.4750020205974579}
[2025-06-04 23:09:22] - test_results: {'mae': 0.23534268140792847, 'mape': 1.4174325466156006, 'mse': 0.09904765337705612, 'rmse': 0.3147183656692505}
[2025-06-04 23:09:27] - Epoch: 2 cost time: 12.16283917427063
[2025-06-04 23:09:27] - Traininng loss : 0.30359970759364624
[2025-06-04 23:09:28] - vali_results: {'mae': 0.33496996760368347, 'mape': 0.6380475163459778, 'mse': 0.18708102405071259, 'rmse': 0.43252864480018616}
[2025-06-04 23:09:29] - test_results: {'mae': 0.22635258734226227, 'mape': 1.3660551309585571, 'mse': 0.09397899359464645, 'rmse': 0.3065599203109741}
[2025-06-04 23:09:34] - Epoch: 3 cost time: 18.752980709075928
[2025-06-04 23:09:34] - Traininng loss : 0.29204258756547036
[2025-06-04 23:09:35] - vali_results: {'mae': 0.33479005098342896, 'mape': 0.6367312073707581, 'mse': 0.19079366326332092, 'rmse': 0.4367993474006653}
[2025-06-04 23:09:35] - test_results: {'mae': 0.22353941202163696, 'mape': 1.3802279233932495, 'mse': 0.09256584942340851, 'rmse': 0.30424636602401733}
[2025-06-04 23:09:40] - Epoch: 4 cost time: 25.29240107536316
[2025-06-04 23:09:40] - Traininng loss : 0.2867852846467042
[2025-06-04 23:09:42] - vali_results: {'mae': 0.3174191117286682, 'mape': 0.6426277756690979, 'mse': 0.17111630737781525, 'rmse': 0.4136620759963989}
[2025-06-04 23:09:42] - test_results: {'mae': 0.21929453313350677, 'mape': 1.412091851234436, 'mse': 0.08984462916851044, 'rmse': 0.2997409403324127}
[2025-06-04 23:09:47] - Epoch: 5 cost time: 32.10210728645325
[2025-06-04 23:09:47] - Traininng loss : 0.2840138448378708
[2025-06-04 23:09:48] - vali_results: {'mae': 0.3413147032260895, 'mape': 0.6560236215591431, 'mse': 0.19088506698608398, 'rmse': 0.4369039535522461}
[2025-06-04 23:09:49] - test_results: {'mae': 0.22120171785354614, 'mape': 1.396394968032837, 'mse': 0.09024281054735184, 'rmse': 0.3004043996334076}
[2025-06-04 23:09:54] - Epoch: 6 cost time: 38.63508915901184
[2025-06-04 23:09:54] - Traininng loss : 0.2809609550086758
[2025-06-04 23:09:55] - vali_results: {'mae': 0.3437400460243225, 'mape': 0.6506328582763672, 'mse': 0.2047390192747116, 'rmse': 0.4524809718132019}
[2025-06-04 23:09:55] - test_results: {'mae': 0.2237202376127243, 'mape': 1.3785898685455322, 'mse': 0.09247393161058426, 'rmse': 0.3040952682495117}
[2025-06-04 23:10:01] - Epoch: 7 cost time: 45.3264274597168
[2025-06-04 23:10:01] - Traininng loss : 0.2786849222228497
[2025-06-04 23:10:01] - vali_results: {'mae': 0.3502628207206726, 'mape': 0.6718359589576721, 'mse': 0.21366886794567108, 'rmse': 0.46224328875541687}
[2025-06-04 23:10:02] - test_results: {'mae': 0.22409184277057648, 'mape': 1.3954135179519653, 'mse': 0.09162338078022003, 'rmse': 0.30269354581832886}
[2025-06-04 23:10:07] - Epoch: 8 cost time: 51.758010149002075
[2025-06-04 23:10:07] - Traininng loss : 0.27869628624448295
[2025-06-04 23:10:08] - vali_results: {'mae': 0.31321612000465393, 'mape': 0.6496466398239136, 'mse': 0.17087562382221222, 'rmse': 0.4133710563182831}
[2025-06-04 23:10:08] - test_results: {'mae': 0.21546220779418945, 'mape': 1.450774073600769, 'mse': 0.08624805510044098, 'rmse': 0.29368019104003906}
[2025-06-04 23:10:13] - Epoch: 9 cost time: 58.15371537208557
[2025-06-04 23:10:13] - Traininng loss : 0.2773445923871632
[2025-06-04 23:10:14] - vali_results: {'mae': 0.3250335156917572, 'mape': 0.6717178821563721, 'mse': 0.1827165186405182, 'rmse': 0.42745351791381836}
[2025-06-04 23:10:15] - test_results: {'mae': 0.21538333594799042, 'mape': 1.4553974866867065, 'mse': 0.08579568564891815, 'rmse': 0.29290899634361267}
[2025-06-04 23:10:20] - Epoch: 10 cost time: 64.49675273895264
[2025-06-04 23:10:20] - Traininng loss : 0.2754401058147225
[2025-06-04 23:10:21] - vali_results: {'mae': 0.34073692560195923, 'mape': 0.651250958442688, 'mse': 0.1965358555316925, 'rmse': 0.44332364201545715}
[2025-06-04 23:10:21] - test_results: {'mae': 0.22291728854179382, 'mape': 1.394182801246643, 'mse': 0.09174592047929764, 'rmse': 0.3028959035873413}
[2025-06-04 23:10:26] - Epoch: 11 cost time: 70.55067276954651
[2025-06-04 23:10:26] - Traininng loss : 0.2751992149632188
[2025-06-04 23:10:27] - vali_results: {'mae': 0.3319050669670105, 'mape': 0.6569885611534119, 'mse': 0.18345895409584045, 'rmse': 0.42832109332084656}
[2025-06-04 23:10:27] - test_results: {'mae': 0.21818764507770538, 'mape': 1.4238325357437134, 'mse': 0.08812771737575531, 'rmse': 0.2968631386756897}
[2025-06-04 23:10:32] - Epoch: 12 cost time: 77.20509958267212
[2025-06-04 23:10:32] - Traininng loss : 0.274645898066744
[2025-06-04 23:10:33] - vali_results: {'mae': 0.31414860486984253, 'mape': 0.6392074227333069, 'mse': 0.17357660830020905, 'rmse': 0.4166252613067627}
[2025-06-04 23:10:34] - test_results: {'mae': 0.2165640890598297, 'mape': 1.4708739519119263, 'mse': 0.08754339069128036, 'rmse': 0.2958773374557495}
[2025-06-04 23:10:39] - Epoch: 13 cost time: 83.8666603565216
[2025-06-04 23:10:39] - Traininng loss : 0.27247479010986375
[2025-06-04 23:10:40] - vali_results: {'mae': 0.2670399248600006, 'mape': 0.6140734553337097, 'mse': 0.1300564557313919, 'rmse': 0.36063340306282043}
[2025-06-04 23:10:41] - test_results: {'mae': 0.21507520973682404, 'mape': 1.59018874168396, 'mse': 0.08697111159563065, 'rmse': 0.29490864276885986}
[2025-06-04 23:10:46] - Epoch: 14 cost time: 90.36891794204712
[2025-06-04 23:10:46] - Traininng loss : 0.27307652663203735
[2025-06-04 23:10:47] - vali_results: {'mae': 0.3608142137527466, 'mape': 0.6341500878334045, 'mse': 0.21905185282230377, 'rmse': 0.46802976727485657}
[2025-06-04 23:10:47] - test_results: {'mae': 0.22904843091964722, 'mape': 1.3564670085906982, 'mse': 0.09678708016872406, 'rmse': 0.31110623478889465}
[2025-06-04 23:10:52] - Epoch: 15 cost time: 96.98420834541321
[2025-06-04 23:10:52] - Traininng loss : 0.27104576045199286
[2025-06-04 23:10:53] - vali_results: {'mae': 0.2874504029750824, 'mape': 0.6233595609664917, 'mse': 0.14964869618415833, 'rmse': 0.38684454560279846}
[2025-06-04 23:10:54] - test_results: {'mae': 0.21368807554244995, 'mape': 1.5027495622634888, 'mse': 0.08641985803842545, 'rmse': 0.29397255182266235}
[2025-06-04 23:10:59] - Epoch: 16 cost time: 103.51387643814087
[2025-06-04 23:10:59] - Traininng loss : 0.27165612040818493
[2025-06-04 23:11:00] - vali_results: {'mae': 0.3163674771785736, 'mape': 0.6248390078544617, 'mse': 0.1751878261566162, 'rmse': 0.4185544550418854}
[2025-06-04 23:11:00] - test_results: {'mae': 0.21698257327079773, 'mape': 1.4331351518630981, 'mse': 0.08894845843315125, 'rmse': 0.2982422709465027}
[2025-06-04 23:11:05] - Epoch: 17 cost time: 110.11355638504028
[2025-06-04 23:11:05] - Traininng loss : 0.27084850020046475
[2025-06-04 23:11:06] - vali_results: {'mae': 0.28447380661964417, 'mape': 0.6308800578117371, 'mse': 0.1460208147764206, 'rmse': 0.38212668895721436}
[2025-06-04 23:11:07] - test_results: {'mae': 0.210926815867424, 'mape': 1.5087192058563232, 'mse': 0.08405707031488419, 'rmse': 0.2899259626865387}
[2025-06-04 23:11:12] - Epoch: 18 cost time: 116.75570321083069
[2025-06-04 23:11:12] - Traininng loss : 0.2705718875874447
[2025-06-04 23:11:13] - vali_results: {'mae': 0.3156432509422302, 'mape': 0.6377546787261963, 'mse': 0.1716374009847641, 'rmse': 0.4142914414405823}
[2025-06-04 23:11:13] - test_results: {'mae': 0.21661707758903503, 'mape': 1.4488147497177124, 'mse': 0.08767310529947281, 'rmse': 0.29609644412994385}
[2025-06-04 23:11:13] - loss no decreased for 5 epochs,  early stopping ....
[2025-06-04 23:11:14] - test_results: {'mae': 0.21507520973682404, 'mape': 1.59018874168396, 'mse': 0.08697111159563065, 'rmse': 0.29490864276885986}
