[2025-06-04 14:50:14] - run : 0 in seed: 2
[2025-06-04 14:50:14] - +-----------------------------------+------------+
|              Modules              | Parameters |
+-----------------------------------+------------+
|     fm.Linear_Seasonal.weight     |   32256    |
|      fm.Linear_Seasonal.bias      |    336     |
|       fm.Linear_Trend.weight      |   32256    |
|        fm.Linear_Trend.bias       |    336     |
|             nm.weight             |     14     |
| nm.model_freq.model_freq.0.weight |    6144    |
|  nm.model_freq.model_freq.0.bias  |     64     |
|  nm.model_freq.model_all.0.weight |   20480    |
|   nm.model_freq.model_all.0.bias  |    128     |
|  nm.model_freq.model_all.2.weight |   43008    |
|   nm.model_freq.model_all.2.bias  |    336     |
| nm.model_pred.model_freq.0.weight |   24576    |
|  nm.model_pred.model_freq.0.bias  |    256     |
|  nm.model_pred.model_all.0.weight |   180224   |
|   nm.model_pred.model_all.0.bias  |    512     |
|  nm.model_pred.model_all.2.weight |   172032   |
|   nm.model_pred.model_all.2.bias  |    336     |
+-----------------------------------+------------+
[2025-06-04 14:50:14] - Total Trainable Params: 513294
[2025-06-04 14:50:14] - model parameters: 513294
[2025-06-04 14:50:29] - Epoch: 1 cost time: 15.231658935546875
[2025-06-04 14:50:29] - Traininng loss : 1.0358310764574485
[2025-06-04 14:50:31] - vali_results: {'mae': 0.4016111493110657, 'mape': 4.521744251251221, 'mse': 0.3227282464504242, 'rmse': 0.5680917501449585}
[2025-06-04 14:50:32] - test_results: {'mae': 0.2711022198200226, 'mape': 15.44111442565918, 'mse': 0.14262571930885315, 'rmse': 0.3776582181453705}
[2025-06-04 14:50:47] - Epoch: 2 cost time: 33.30578398704529
[2025-06-04 14:50:47] - Traininng loss : 0.9090427346527576
[2025-06-04 14:50:49] - vali_results: {'mae': 0.40736809372901917, 'mape': 4.4660844802856445, 'mse': 0.330446720123291, 'rmse': 0.5748449563980103}
[2025-06-04 14:50:50] - test_results: {'mae': 0.2669772505760193, 'mape': 14.083024024963379, 'mse': 0.13517209887504578, 'rmse': 0.3676575720310211}
[2025-06-04 14:51:05] - Epoch: 3 cost time: 51.242619037628174
[2025-06-04 14:51:05] - Traininng loss : 0.8889189539072306
[2025-06-04 14:51:07] - vali_results: {'mae': 0.40188655257225037, 'mape': 4.459877014160156, 'mse': 0.32180333137512207, 'rmse': 0.5672771334648132}
[2025-06-04 14:51:08] - test_results: {'mae': 0.2676623463630676, 'mape': 14.578834533691406, 'mse': 0.1368407905101776, 'rmse': 0.3699199855327606}
[2025-06-04 14:51:23] - Epoch: 4 cost time: 69.28491806983948
[2025-06-04 14:51:23] - Traininng loss : 0.8774046457332113
[2025-06-04 14:51:25] - vali_results: {'mae': 0.40965431928634644, 'mape': 4.555943012237549, 'mse': 0.33170682191848755, 'rmse': 0.575939953327179}
[2025-06-04 14:51:26] - test_results: {'mae': 0.27032291889190674, 'mape': 13.956530570983887, 'mse': 0.13705375790596008, 'rmse': 0.3702077269554138}
[2025-06-04 14:51:41] - Epoch: 5 cost time: 87.11049723625183
[2025-06-04 14:51:41] - Traininng loss : 0.8705905298499957
[2025-06-04 14:51:43] - vali_results: {'mae': 0.3994022607803345, 'mape': 4.783526420593262, 'mse': 0.32143133878707886, 'rmse': 0.5669491291046143}
[2025-06-04 14:51:44] - test_results: {'mae': 0.2659253478050232, 'mape': 15.663125038146973, 'mse': 0.13762183487415314, 'rmse': 0.37097418308258057}
[2025-06-04 14:51:59] - Epoch: 6 cost time: 105.23622965812683
[2025-06-04 14:51:59] - Traininng loss : 0.8643990750222103
[2025-06-04 14:52:01] - vali_results: {'mae': 0.40599173307418823, 'mape': 4.417544364929199, 'mse': 0.3297753930091858, 'rmse': 0.5742607116699219}
[2025-06-04 14:52:02] - test_results: {'mae': 0.2662256062030792, 'mape': 14.076742172241211, 'mse': 0.13384470343589783, 'rmse': 0.3658479154109955}
[2025-06-04 14:52:17] - Epoch: 7 cost time: 123.26765775680542
[2025-06-04 14:52:17] - Traininng loss : 0.8586430956164132
[2025-06-04 14:52:19] - vali_results: {'mae': 0.40420103073120117, 'mape': 4.5540266036987305, 'mse': 0.3293129503726959, 'rmse': 0.5738579630851746}
[2025-06-04 14:52:20] - test_results: {'mae': 0.2644336223602295, 'mape': 14.599146842956543, 'mse': 0.13284486532211304, 'rmse': 0.3644788861274719}
[2025-06-04 14:52:35] - Epoch: 8 cost time: 141.26127290725708
[2025-06-04 14:52:35] - Traininng loss : 0.8549915734354568
[2025-06-04 14:52:37] - vali_results: {'mae': 0.395875483751297, 'mape': 4.73192024230957, 'mse': 0.3180110454559326, 'rmse': 0.5639246702194214}
[2025-06-04 14:52:38] - test_results: {'mae': 0.2610456645488739, 'mape': 16.168758392333984, 'mse': 0.1335514634847641, 'rmse': 0.36544692516326904}
[2025-06-04 14:52:53] - Epoch: 9 cost time: 159.26498794555664
[2025-06-04 14:52:53] - Traininng loss : 0.8516840766305509
[2025-06-04 14:52:55] - vali_results: {'mae': 0.4104536771774292, 'mape': 4.223155498504639, 'mse': 0.3314659595489502, 'rmse': 0.5757308006286621}
[2025-06-04 14:52:56] - test_results: {'mae': 0.26963579654693604, 'mape': 13.877613067626953, 'mse': 0.13590306043624878, 'rmse': 0.36865031719207764}
[2025-06-04 14:53:11] - Epoch: 10 cost time: 177.53250789642334
[2025-06-04 14:53:11] - Traininng loss : 0.8483604254282039
[2025-06-04 14:53:13] - vali_results: {'mae': 0.39783939719200134, 'mape': 4.534900188446045, 'mse': 0.31940338015556335, 'rmse': 0.5651578307151794}
[2025-06-04 14:53:14] - test_results: {'mae': 0.26039978861808777, 'mape': 15.29867935180664, 'mse': 0.1322476714849472, 'rmse': 0.36365872621536255}
[2025-06-04 14:53:29] - Epoch: 11 cost time: 195.48002457618713
[2025-06-04 14:53:29] - Traininng loss : 0.8458588950174011
[2025-06-04 14:53:31] - vali_results: {'mae': 0.3994544744491577, 'mape': 4.594563961029053, 'mse': 0.3231235146522522, 'rmse': 0.5684395432472229}
[2025-06-04 14:53:32] - test_results: {'mae': 0.26356104016304016, 'mape': 15.442179679870605, 'mse': 0.13377904891967773, 'rmse': 0.36575818061828613}
[2025-06-04 14:53:47] - Epoch: 12 cost time: 213.08748173713684
[2025-06-04 14:53:47] - Traininng loss : 0.8417596549767515
[2025-06-04 14:53:49] - vali_results: {'mae': 0.3928575813770294, 'mape': 4.67604923248291, 'mse': 0.31028860807418823, 'rmse': 0.5570355653762817}
[2025-06-04 14:53:50] - test_results: {'mae': 0.2658585011959076, 'mape': 17.081695556640625, 'mse': 0.14155420660972595, 'rmse': 0.3762369155883789}
[2025-06-04 14:54:05] - Epoch: 13 cost time: 231.01763081550598
[2025-06-04 14:54:05] - Traininng loss : 0.8387530763512072
[2025-06-04 14:54:07] - vali_results: {'mae': 0.400068461894989, 'mape': 4.684225559234619, 'mse': 0.32288816571235657, 'rmse': 0.5682324767112732}
[2025-06-04 14:54:08] - test_results: {'mae': 0.2630447745323181, 'mape': 15.30247688293457, 'mse': 0.13351313769817352, 'rmse': 0.3653945028781891}
[2025-06-04 14:54:23] - Epoch: 14 cost time: 249.0670826435089
[2025-06-04 14:54:23] - Traininng loss : 0.8375350890438193
[2025-06-04 14:54:25] - vali_results: {'mae': 0.39479926228523254, 'mape': 4.888027191162109, 'mse': 0.3165512681007385, 'rmse': 0.5626288652420044}
[2025-06-04 14:54:26] - test_results: {'mae': 0.26314935088157654, 'mape': 17.30721664428711, 'mse': 0.13902723789215088, 'rmse': 0.3728635609149933}
[2025-06-04 14:54:41] - Epoch: 15 cost time: 266.86998653411865
[2025-06-04 14:54:41] - Traininng loss : 0.8353281961349042
[2025-06-04 14:54:42] - vali_results: {'mae': 0.400054395198822, 'mape': 4.323408126831055, 'mse': 0.32026198506355286, 'rmse': 0.5659169554710388}
[2025-06-04 14:54:43] - test_results: {'mae': 0.26314252614974976, 'mape': 14.999761581420898, 'mse': 0.1344023048877716, 'rmse': 0.3666091859340668}
[2025-06-04 14:54:59] - Epoch: 16 cost time: 284.9157326221466
[2025-06-04 14:54:59] - Traininng loss : 0.8337036089404769
[2025-06-04 14:55:01] - vali_results: {'mae': 0.40759140253067017, 'mape': 4.441806316375732, 'mse': 0.33442994952201843, 'rmse': 0.5782991647720337}
[2025-06-04 14:55:02] - test_results: {'mae': 0.2634849548339844, 'mape': 14.302290916442871, 'mse': 0.1326524019241333, 'rmse': 0.36421477794647217}
[2025-06-04 14:55:17] - Epoch: 17 cost time: 303.10474920272827
[2025-06-04 14:55:17] - Traininng loss : 0.8293871741903864
[2025-06-04 14:55:19] - vali_results: {'mae': 0.40523606538772583, 'mape': 4.636476039886475, 'mse': 0.3292946219444275, 'rmse': 0.5738419890403748}
[2025-06-04 14:55:20] - test_results: {'mae': 0.26678231358528137, 'mape': 14.925867080688477, 'mse': 0.13545531034469604, 'rmse': 0.368042528629303}
[2025-06-04 14:55:20] - loss no decreased for 5 epochs,  early stopping ....
[2025-06-04 14:55:21] - test_results: {'mae': 0.2658585011959076, 'mape': 17.081695556640625, 'mse': 0.14155420660972595, 'rmse': 0.3762369155883789}
