[2025-06-05 22:12:58] - run : 2 in seed: 4
[2025-06-05 22:12:58] - +-----------------------------------+------------+
|              Modules              | Parameters |
+-----------------------------------+------------+
|     fm.Linear_Seasonal.weight     |   69120    |
|      fm.Linear_Seasonal.bias      |    720     |
|       fm.Linear_Trend.weight      |   69120    |
|        fm.Linear_Trend.bias       |    720     |
|             nm.weight             |     42     |
| nm.model_freq.model_freq.0.weight |    6144    |
|  nm.model_freq.model_freq.0.bias  |     64     |
|  nm.model_freq.model_all.0.weight |   20480    |
|   nm.model_freq.model_all.0.bias  |    128     |
|  nm.model_freq.model_all.2.weight |   92160    |
|   nm.model_freq.model_all.2.bias  |    720     |
| nm.model_pred.model_freq.0.weight |   24576    |
|  nm.model_pred.model_freq.0.bias  |    256     |
|  nm.model_pred.model_all.0.weight |   180224   |
|   nm.model_pred.model_all.0.bias  |    512     |
|  nm.model_pred.model_all.2.weight |   368640   |
|   nm.model_pred.model_all.2.bias  |    720     |
+-----------------------------------+------------+
[2025-06-05 22:12:58] - Total Trainable Params: 834346
[2025-06-05 22:12:58] - model parameters: 834346
[2025-06-05 22:14:19] - Epoch: 1 cost time: 81.07922792434692
[2025-06-05 22:14:19] - Traininng loss : 1.5100872113455273
[2025-06-05 22:14:27] - vali_results: {'mae': 0.43628597259521484, 'mape': 6.251663684844971, 'mse': 0.5124782919883728, 'rmse': 0.7158758640289307}
[2025-06-05 22:14:31] - test_results: {'mae': 0.35983407497406006, 'mape': 1.8860818147659302, 'mse': 0.35296058654785156, 'rmse': 0.5941048860549927}
[2025-06-05 22:15:49] - Epoch: 2 cost time: 171.18154740333557
[2025-06-05 22:15:49] - Traininng loss : 1.4445271802181048
[2025-06-05 22:15:57] - vali_results: {'mae': 0.44358426332473755, 'mape': 7.925756931304932, 'mse': 0.5229591131210327, 'rmse': 0.72315913438797}
[2025-06-05 22:16:01] - test_results: {'mae': 0.3636777102947235, 'mape': 2.164874315261841, 'mse': 0.3608681559562683, 'rmse': 0.6007230281829834}
[2025-06-05 22:17:19] - Epoch: 3 cost time: 260.60483598709106
[2025-06-05 22:17:19] - Traininng loss : 1.4360284981786782
[2025-06-05 22:17:27] - vali_results: {'mae': 0.42867419123649597, 'mape': 5.448668003082275, 'mse': 0.5083307027816772, 'rmse': 0.7129731178283691}
[2025-06-05 22:17:31] - test_results: {'mae': 0.3393879234790802, 'mape': 1.8027936220169067, 'mse': 0.3426748216152191, 'rmse': 0.5853843092918396}
[2025-06-05 22:18:50] - Epoch: 4 cost time: 351.8414752483368
[2025-06-05 22:18:50] - Traininng loss : 1.4314394410408982
[2025-06-05 22:18:58] - vali_results: {'mae': 0.43369874358177185, 'mape': 6.10513973236084, 'mse': 0.509303629398346, 'rmse': 0.7136551141738892}
[2025-06-05 22:19:01] - test_results: {'mae': 0.3590240180492401, 'mape': 1.864530324935913, 'mse': 0.3550795316696167, 'rmse': 0.5958855152130127}
[2025-06-05 22:20:21] - Epoch: 5 cost time: 443.3287739753723
[2025-06-05 22:20:21] - Traininng loss : 1.429143471286652
[2025-06-05 22:20:30] - vali_results: {'mae': 0.43600890040397644, 'mape': 6.473270416259766, 'mse': 0.5132803916931152, 'rmse': 0.7164359092712402}
[2025-06-05 22:20:34] - test_results: {'mae': 0.35395535826683044, 'mape': 1.926619052886963, 'mse': 0.3520086705684662, 'rmse': 0.5933032035827637}
[2025-06-05 22:21:54] - Epoch: 6 cost time: 536.0037913322449
[2025-06-05 22:21:54] - Traininng loss : 1.4268311339278592
[2025-06-05 22:22:02] - vali_results: {'mae': 0.4314684271812439, 'mape': 5.977090835571289, 'mse': 0.5109594464302063, 'rmse': 0.7148142457008362}
[2025-06-05 22:22:06] - test_results: {'mae': 0.3391156792640686, 'mape': 1.8717074394226074, 'mse': 0.3435438871383667, 'rmse': 0.5861261487007141}
[2025-06-05 22:23:26] - Epoch: 7 cost time: 628.3085100650787
[2025-06-05 22:23:26] - Traininng loss : 1.424566351828423
[2025-06-05 22:23:34] - vali_results: {'mae': 0.43251174688339233, 'mape': 6.439178943634033, 'mse': 0.5009270310401917, 'rmse': 0.7077620029449463}
[2025-06-05 22:23:38] - test_results: {'mae': 0.3650490641593933, 'mape': 1.9005423784255981, 'mse': 0.3545894920825958, 'rmse': 0.5954741835594177}
[2025-06-05 22:24:59] - Epoch: 8 cost time: 721.0868000984192
[2025-06-05 22:24:59] - Traininng loss : 1.4231455875626693
[2025-06-05 22:25:07] - vali_results: {'mae': 0.42775794863700867, 'mape': 5.696928024291992, 'mse': 0.500652015209198, 'rmse': 0.7075676918029785}
[2025-06-05 22:25:11] - test_results: {'mae': 0.35101643204689026, 'mape': 1.8068265914916992, 'mse': 0.34782811999320984, 'rmse': 0.5897695422172546}
[2025-06-05 22:26:33] - Epoch: 9 cost time: 815.2532370090485
[2025-06-05 22:26:33] - Traininng loss : 1.4214104244895016
[2025-06-05 22:26:41] - vali_results: {'mae': 0.4380616247653961, 'mape': 6.821365833282471, 'mse': 0.5126261711120605, 'rmse': 0.7159791588783264}
[2025-06-05 22:26:46] - test_results: {'mae': 0.3623239994049072, 'mape': 1.9774394035339355, 'mse': 0.3577045500278473, 'rmse': 0.5980840921401978}
[2025-06-05 22:28:05] - Epoch: 10 cost time: 906.8931384086609
[2025-06-05 22:28:05] - Traininng loss : 1.4209133043145457
[2025-06-05 22:28:13] - vali_results: {'mae': 0.42447641491889954, 'mape': 5.4198527336120605, 'mse': 0.493488073348999, 'rmse': 0.702487051486969}
[2025-06-05 22:28:17] - test_results: {'mae': 0.35045018792152405, 'mape': 1.7487883567810059, 'mse': 0.3446578085422516, 'rmse': 0.5870756506919861}
[2025-06-05 22:29:38] - Epoch: 11 cost time: 1000.1481878757477
[2025-06-05 22:29:38] - Traininng loss : 1.419198567457233
[2025-06-05 22:29:46] - vali_results: {'mae': 0.43483254313468933, 'mape': 6.438982963562012, 'mse': 0.5102540850639343, 'rmse': 0.714320719242096}
[2025-06-05 22:29:50] - test_results: {'mae': 0.34671270847320557, 'mape': 1.916393518447876, 'mse': 0.3471555709838867, 'rmse': 0.5891990661621094}
[2025-06-05 22:31:11] - Epoch: 12 cost time: 1093.0031461715698
[2025-06-05 22:31:11] - Traininng loss : 1.4177773310571697
[2025-06-05 22:31:19] - vali_results: {'mae': 0.4212386906147003, 'mape': 5.500062942504883, 'mse': 0.4876463711261749, 'rmse': 0.6983168125152588}
[2025-06-05 22:31:23] - test_results: {'mae': 0.35212481021881104, 'mape': 1.7622826099395752, 'mse': 0.34370964765548706, 'rmse': 0.5862675309181213}
[2025-06-05 22:32:44] - Epoch: 13 cost time: 1185.890183210373
[2025-06-05 22:32:44] - Traininng loss : 1.4169791857084484
[2025-06-05 22:32:52] - vali_results: {'mae': 0.43131542205810547, 'mape': 5.821079254150391, 'mse': 0.5003958344459534, 'rmse': 0.7073866128921509}
[2025-06-05 22:32:56] - test_results: {'mae': 0.36070409417152405, 'mape': 1.8032076358795166, 'mse': 0.35229986906051636, 'rmse': 0.5935485363006592}
[2025-06-05 22:34:16] - Epoch: 14 cost time: 1277.9158754348755
[2025-06-05 22:34:16] - Traininng loss : 1.4160491651360025
[2025-06-05 22:34:24] - vali_results: {'mae': 0.43391770124435425, 'mape': 5.8655571937561035, 'mse': 0.5127370357513428, 'rmse': 0.7160565853118896}
[2025-06-05 22:34:27] - test_results: {'mae': 0.34185975790023804, 'mape': 1.8469963073730469, 'mse': 0.3450729548931122, 'rmse': 0.5874291062355042}
[2025-06-05 22:35:47] - Epoch: 15 cost time: 1369.4166598320007
[2025-06-05 22:35:47] - Traininng loss : 1.4154810076381297
[2025-06-05 22:35:55] - vali_results: {'mae': 0.4341391921043396, 'mape': 6.381430625915527, 'mse': 0.5091362595558167, 'rmse': 0.713537871837616}
[2025-06-05 22:35:59] - test_results: {'mae': 0.35547882318496704, 'mape': 1.9119694232940674, 'mse': 0.35256922245025635, 'rmse': 0.5937753915786743}
[2025-06-05 22:37:18] - Epoch: 16 cost time: 1460.3175098896027
[2025-06-05 22:37:18] - Traininng loss : 1.414518620581069
[2025-06-05 22:37:26] - vali_results: {'mae': 0.42737406492233276, 'mape': 5.579780101776123, 'mse': 0.5016059279441833, 'rmse': 0.7082414627075195}
[2025-06-05 22:37:30] - test_results: {'mae': 0.34001463651657104, 'mape': 1.8057209253311157, 'mse': 0.33993837237358093, 'rmse': 0.583042323589325}
[2025-06-05 22:38:49] - Epoch: 17 cost time: 1551.4171526432037
[2025-06-05 22:38:49] - Traininng loss : 1.4137501922165248
[2025-06-05 22:38:57] - vali_results: {'mae': 0.4323834180831909, 'mape': 5.851202011108398, 'mse': 0.5059548616409302, 'rmse': 0.7113050222396851}
[2025-06-05 22:39:02] - test_results: {'mae': 0.3546019494533539, 'mape': 1.8218213319778442, 'mse': 0.3500206768512726, 'rmse': 0.591625452041626}
[2025-06-05 22:39:02] - loss no decreased for 5 epochs,  early stopping ....
[2025-06-05 22:39:06] - test_results: {'mae': 0.35212481021881104, 'mape': 1.7622826099395752, 'mse': 0.34370964765548706, 'rmse': 0.5862675309181213}
