[2025-06-05 15:51:46] - run : 3 in seed: 5
[2025-06-05 15:51:46] - +-----------------------------------+------------+
|              Modules              | Parameters |
+-----------------------------------+------------+
|     fm.Linear_Seasonal.weight     |    9216    |
|      fm.Linear_Seasonal.bias      |     96     |
|       fm.Linear_Trend.weight      |    9216    |
|        fm.Linear_Trend.bias       |     96     |
|             nm.weight             |     14     |
| nm.model_freq.model_freq.0.weight |    6144    |
|  nm.model_freq.model_freq.0.bias  |     64     |
|  nm.model_freq.model_all.0.weight |   20480    |
|   nm.model_freq.model_all.0.bias  |    128     |
|  nm.model_freq.model_all.2.weight |   12288    |
|   nm.model_freq.model_all.2.bias  |     96     |
| nm.model_pred.model_freq.0.weight |   24576    |
|  nm.model_pred.model_freq.0.bias  |    256     |
|  nm.model_pred.model_all.0.weight |   180224   |
|   nm.model_pred.model_all.0.bias  |    512     |
|  nm.model_pred.model_all.2.weight |   49152    |
|   nm.model_pred.model_all.2.bias  |     96     |
+-----------------------------------+------------+
[2025-06-05 15:51:46] - Total Trainable Params: 312654
[2025-06-05 15:51:46] - model parameters: 312654
[2025-06-05 15:52:25] - Epoch: 1 cost time: 38.82517075538635
[2025-06-05 15:52:25] - Traininng loss : 0.3470032575924668
[2025-06-05 15:52:31] - vali_results: {'mae': 0.2690310776233673, 'mape': 1.5638048648834229, 'mse': 0.15557031333446503, 'rmse': 0.3944240212440491}
[2025-06-05 15:52:35] - test_results: {'mae': 0.20780229568481445, 'mape': 1.9447977542877197, 'mse': 0.08272317796945572, 'rmse': 0.2876163721084595}
[2025-06-05 15:53:12] - Epoch: 2 cost time: 86.5401017665863
[2025-06-05 15:53:12] - Traininng loss : 0.3000029219686004
[2025-06-05 15:53:18] - vali_results: {'mae': 0.26440149545669556, 'mape': 1.575081706047058, 'mse': 0.15142621099948883, 'rmse': 0.3891352117061615}
[2025-06-05 15:53:22] - test_results: {'mae': 0.2042238712310791, 'mape': 1.9590729475021362, 'mse': 0.08031108975410461, 'rmse': 0.2833921015262604}
[2025-06-05 15:53:58] - Epoch: 3 cost time: 132.71446299552917
[2025-06-05 15:53:58] - Traininng loss : 0.2933708458766096
[2025-06-05 15:54:05] - vali_results: {'mae': 0.2573777437210083, 'mape': 1.6204288005828857, 'mse': 0.14931589365005493, 'rmse': 0.38641414046287537}
[2025-06-05 15:54:08] - test_results: {'mae': 0.2023783177137375, 'mape': 2.034768581390381, 'mse': 0.08017376065254211, 'rmse': 0.28314971923828125}
[2025-06-05 15:54:46] - Epoch: 4 cost time: 180.38650727272034
[2025-06-05 15:54:46] - Traininng loss : 0.2910955348361708
[2025-06-05 15:54:53] - vali_results: {'mae': 0.27491456270217896, 'mape': 1.5065432786941528, 'mse': 0.15836642682552338, 'rmse': 0.3979527950286865}
[2025-06-05 15:54:56] - test_results: {'mae': 0.20869193971157074, 'mape': 1.892836570739746, 'mse': 0.08231157064437866, 'rmse': 0.2868999242782593}
[2025-06-05 15:55:34] - Epoch: 5 cost time: 227.97796726226807
[2025-06-05 15:55:34] - Traininng loss : 0.2890989544008656
[2025-06-05 15:55:40] - vali_results: {'mae': 0.2576126456260681, 'mape': 1.5931295156478882, 'mse': 0.149418905377388, 'rmse': 0.38654741644859314}
[2025-06-05 15:55:44] - test_results: {'mae': 0.2011806070804596, 'mape': 2.0042574405670166, 'mse': 0.07905638962984085, 'rmse': 0.28116968274116516}
[2025-06-05 15:56:22] - Epoch: 6 cost time: 276.5653164386749
[2025-06-05 15:56:22] - Traininng loss : 0.2876098618804035
[2025-06-05 15:56:29] - vali_results: {'mae': 0.25757911801338196, 'mape': 1.576523780822754, 'mse': 0.14896880090236664, 'rmse': 0.3859647810459137}
[2025-06-05 15:56:33] - test_results: {'mae': 0.20096859335899353, 'mape': 1.9737094640731812, 'mse': 0.07890966534614563, 'rmse': 0.28090864419937134}
[2025-06-05 15:57:08] - Epoch: 7 cost time: 322.2589509487152
[2025-06-05 15:57:08] - Traininng loss : 0.2864252298167852
[2025-06-05 15:57:14] - vali_results: {'mae': 0.25908198952674866, 'mape': 1.5819330215454102, 'mse': 0.14891745150089264, 'rmse': 0.385898232460022}
[2025-06-05 15:57:18] - test_results: {'mae': 0.20128008723258972, 'mape': 1.981747031211853, 'mse': 0.07884252071380615, 'rmse': 0.2807891070842743}
[2025-06-05 15:57:56] - Epoch: 8 cost time: 370.4029312133789
[2025-06-05 15:57:56] - Traininng loss : 0.2860485620556339
[2025-06-05 15:58:03] - vali_results: {'mae': 0.2543857991695404, 'mape': 1.6150630712509155, 'mse': 0.14784450829029083, 'rmse': 0.3845055401325226}
[2025-06-05 15:58:06] - test_results: {'mae': 0.1998434066772461, 'mape': 2.0042648315429688, 'mse': 0.0786362737417221, 'rmse': 0.2804216146469116}
[2025-06-05 15:58:42] - Epoch: 9 cost time: 416.10754108428955
[2025-06-05 15:58:42] - Traininng loss : 0.28490305859215403
[2025-06-05 15:58:48] - vali_results: {'mae': 0.2563750147819519, 'mape': 1.5483405590057373, 'mse': 0.1480787992477417, 'rmse': 0.38481009006500244}
[2025-06-05 15:58:52] - test_results: {'mae': 0.19947290420532227, 'mape': 1.9382851123809814, 'mse': 0.0777219608426094, 'rmse': 0.2787865996360779}
[2025-06-05 15:59:29] - Epoch: 10 cost time: 463.70320105552673
[2025-06-05 15:59:29] - Traininng loss : 0.28488728258859336
[2025-06-05 15:59:36] - vali_results: {'mae': 0.25538370013237, 'mape': 1.5905083417892456, 'mse': 0.1475251019001007, 'rmse': 0.38408997654914856}
[2025-06-05 15:59:40] - test_results: {'mae': 0.20050430297851562, 'mape': 1.9887492656707764, 'mse': 0.07903929799795151, 'rmse': 0.2811392843723297}
[2025-06-05 16:00:17] - Epoch: 11 cost time: 510.8604636192322
[2025-06-05 16:00:17] - Traininng loss : 0.284056242513688
[2025-06-05 16:00:23] - vali_results: {'mae': 0.2556455433368683, 'mape': 1.6372032165527344, 'mse': 0.1479341834783554, 'rmse': 0.38462212681770325}
[2025-06-05 16:00:27] - test_results: {'mae': 0.201347216963768, 'mape': 2.0243825912475586, 'mse': 0.0796799585223198, 'rmse': 0.2822763919830322}
[2025-06-05 16:01:03] - Epoch: 12 cost time: 557.7916769981384
[2025-06-05 16:01:03] - Traininng loss : 0.28390453254081766
[2025-06-05 16:01:10] - vali_results: {'mae': 0.2586192488670349, 'mape': 1.5769120454788208, 'mse': 0.1485590636730194, 'rmse': 0.3854336142539978}
[2025-06-05 16:01:14] - test_results: {'mae': 0.2014589160680771, 'mape': 1.984180212020874, 'mse': 0.07902601361274719, 'rmse': 0.28111565113067627}
[2025-06-05 16:01:51] - Epoch: 13 cost time: 605.1803879737854
[2025-06-05 16:01:51] - Traininng loss : 0.28323635730679053
[2025-06-05 16:01:58] - vali_results: {'mae': 0.2600976526737213, 'mape': 1.5503559112548828, 'mse': 0.14996546506881714, 'rmse': 0.3872537612915039}
[2025-06-05 16:02:01] - test_results: {'mae': 0.20185065269470215, 'mape': 1.9691966772079468, 'mse': 0.07934501767158508, 'rmse': 0.28168249130249023}
[2025-06-05 16:02:38] - Epoch: 14 cost time: 652.4452090263367
[2025-06-05 16:02:38] - Traininng loss : 0.28309145783165557
[2025-06-05 16:02:45] - vali_results: {'mae': 0.2540857791900635, 'mape': 1.5768461227416992, 'mse': 0.14677897095680237, 'rmse': 0.3831174373626709}
[2025-06-05 16:02:48] - test_results: {'mae': 0.1991080492734909, 'mape': 1.9715980291366577, 'mse': 0.07797642052173615, 'rmse': 0.2792425751686096}
[2025-06-05 16:03:25] - Epoch: 15 cost time: 699.7570662498474
[2025-06-05 16:03:25] - Traininng loss : 0.28275297343770167
[2025-06-05 16:03:33] - vali_results: {'mae': 0.2542884349822998, 'mape': 1.5811179876327515, 'mse': 0.1470501720905304, 'rmse': 0.38347122073173523}
[2025-06-05 16:03:36] - test_results: {'mae': 0.19981476664543152, 'mape': 1.9895634651184082, 'mse': 0.07862526923418045, 'rmse': 0.28040197491645813}
[2025-06-05 16:04:12] - Epoch: 16 cost time: 746.5441787242889
[2025-06-05 16:04:12] - Traininng loss : 0.2823601154913394
[2025-06-05 16:04:19] - vali_results: {'mae': 0.26305729150772095, 'mape': 1.5121108293533325, 'mse': 0.15122702717781067, 'rmse': 0.3888791799545288}
[2025-06-05 16:04:22] - test_results: {'mae': 0.20319296419620514, 'mape': 1.8919885158538818, 'mse': 0.07965752482414246, 'rmse': 0.28223663568496704}
[2025-06-05 16:04:59] - Epoch: 17 cost time: 793.3606810569763
[2025-06-05 16:04:59] - Traininng loss : 0.2824145211317651
[2025-06-05 16:05:06] - vali_results: {'mae': 0.25808197259902954, 'mape': 1.6931982040405273, 'mse': 0.14999541640281677, 'rmse': 0.38729241490364075}
[2025-06-05 16:05:09] - test_results: {'mae': 0.2038544863462448, 'mape': 2.112687826156616, 'mse': 0.08158603310585022, 'rmse': 0.2856326997280121}
[2025-06-05 16:05:46] - Epoch: 18 cost time: 840.0934581756592
[2025-06-05 16:05:46] - Traininng loss : 0.28187593652905407
[2025-06-05 16:05:52] - vali_results: {'mae': 0.25214987993240356, 'mape': 1.598118543624878, 'mse': 0.14634881913661957, 'rmse': 0.38255563378334045}
[2025-06-05 16:05:55] - test_results: {'mae': 0.1992681920528412, 'mape': 2.0066475868225098, 'mse': 0.07852363586425781, 'rmse': 0.2802206873893738}
[2025-06-05 16:06:33] - Epoch: 19 cost time: 887.0367226600647
[2025-06-05 16:06:33] - Traininng loss : 0.2818620249069859
[2025-06-05 16:06:39] - vali_results: {'mae': 0.25798001885414124, 'mape': 1.5804353952407837, 'mse': 0.1485978066921234, 'rmse': 0.38548386096954346}
[2025-06-05 16:06:43] - test_results: {'mae': 0.20087487995624542, 'mape': 1.9873343706130981, 'mse': 0.07887595146894455, 'rmse': 0.2808486223220825}
[2025-06-05 16:07:19] - Epoch: 20 cost time: 933.6692662239075
[2025-06-05 16:07:19] - Traininng loss : 0.2813815278950846
[2025-06-05 16:07:26] - vali_results: {'mae': 0.2568044066429138, 'mape': 1.5516273975372314, 'mse': 0.1476593017578125, 'rmse': 0.38426461815834045}
[2025-06-05 16:07:29] - test_results: {'mae': 0.2001441866159439, 'mape': 1.9609196186065674, 'mse': 0.07839832454919815, 'rmse': 0.2799970209598541}
[2025-06-05 16:08:06] - Epoch: 21 cost time: 980.4907658100128
[2025-06-05 16:08:06] - Traininng loss : 0.2812683120654397
[2025-06-05 16:08:13] - vali_results: {'mae': 0.25502830743789673, 'mape': 1.5640029907226562, 'mse': 0.1474653035402298, 'rmse': 0.3840121030807495}
[2025-06-05 16:08:16] - test_results: {'mae': 0.1998755782842636, 'mape': 1.978644847869873, 'mse': 0.07841301709413528, 'rmse': 0.2800232470035553}
[2025-06-05 16:08:54] - Epoch: 22 cost time: 1027.9177594184875
[2025-06-05 16:08:54] - Traininng loss : 0.280862348964726
[2025-06-05 16:09:00] - vali_results: {'mae': 0.2546524107456207, 'mape': 1.5698306560516357, 'mse': 0.14737457036972046, 'rmse': 0.3838939666748047}
[2025-06-05 16:09:04] - test_results: {'mae': 0.19971393048763275, 'mape': 1.99014151096344, 'mse': 0.07855405658483505, 'rmse': 0.2802749574184418}
[2025-06-05 16:09:41] - Epoch: 23 cost time: 1075.6493332386017
[2025-06-05 16:09:41] - Traininng loss : 0.28085930735716463
[2025-06-05 16:09:48] - vali_results: {'mae': 0.2568390965461731, 'mape': 1.5520602464675903, 'mse': 0.14682555198669434, 'rmse': 0.3831782341003418}
[2025-06-05 16:09:51] - test_results: {'mae': 0.20057682693004608, 'mape': 1.9439327716827393, 'mse': 0.07824306190013885, 'rmse': 0.27971962094306946}
[2025-06-05 16:09:51] - loss no decreased for 5 epochs,  early stopping ....
[2025-06-05 16:09:54] - test_results: {'mae': 0.1992681920528412, 'mape': 2.0066475868225098, 'mse': 0.07852363586425781, 'rmse': 0.2802206873893738}
