[2025-06-05 11:34:07] - run : 1 in seed: 3
[2025-06-05 11:34:07] - +-----------------------------------+------------+
|              Modules              | Parameters |
+-----------------------------------+------------+
|     fm.Linear_Seasonal.weight     |    9216    |
|      fm.Linear_Seasonal.bias      |     96     |
|       fm.Linear_Trend.weight      |    9216    |
|        fm.Linear_Trend.bias       |     96     |
|             nm.weight             |     14     |
| nm.model_freq.model_freq.0.weight |    6144    |
|  nm.model_freq.model_freq.0.bias  |     64     |
|  nm.model_freq.model_all.0.weight |   20480    |
|   nm.model_freq.model_all.0.bias  |    128     |
|  nm.model_freq.model_all.2.weight |   12288    |
|   nm.model_freq.model_all.2.bias  |     96     |
| nm.model_pred.model_freq.0.weight |   24576    |
|  nm.model_pred.model_freq.0.bias  |    256     |
|  nm.model_pred.model_all.0.weight |   180224   |
|   nm.model_pred.model_all.0.bias  |    512     |
|  nm.model_pred.model_all.2.weight |   49152    |
|   nm.model_pred.model_all.2.bias  |     96     |
+-----------------------------------+------------+
[2025-06-05 11:34:07] - Total Trainable Params: 312654
[2025-06-05 11:34:07] - model parameters: 312654
[2025-06-05 11:34:46] - Epoch: 1 cost time: 38.93252372741699
[2025-06-05 11:34:46] - Traininng loss : 0.618996262942748
[2025-06-05 11:34:52] - vali_results: {'mae': 0.38045376539230347, 'mape': 1.7967993021011353, 'mse': 0.3231871724128723, 'rmse': 0.568495512008667}
[2025-06-05 11:34:56] - test_results: {'mae': 0.39853355288505554, 'mape': 1.6993207931518555, 'mse': 0.3281715512275696, 'rmse': 0.5728625655174255}
[2025-06-05 11:35:35] - Epoch: 2 cost time: 88.6649763584137
[2025-06-05 11:35:35] - Traininng loss : 0.5600356282451735
[2025-06-05 11:35:43] - vali_results: {'mae': 0.3715342879295349, 'mape': 1.8094210624694824, 'mse': 0.316752552986145, 'rmse': 0.5628077387809753}
[2025-06-05 11:35:46] - test_results: {'mae': 0.39384910464286804, 'mape': 1.7295821905136108, 'mse': 0.3263492286205292, 'rmse': 0.5712698101997375}
[2025-06-05 11:36:26] - Epoch: 3 cost time: 138.89458060264587
[2025-06-05 11:36:26] - Traininng loss : 0.5494980089871643
[2025-06-05 11:36:33] - vali_results: {'mae': 0.375749796628952, 'mape': 1.6985397338867188, 'mse': 0.31849583983421326, 'rmse': 0.5643543601036072}
[2025-06-05 11:36:36] - test_results: {'mae': 0.4077548086643219, 'mape': 1.6419553756713867, 'mse': 0.3455967605113983, 'rmse': 0.5878747701644897}
[2025-06-05 11:37:16] - Epoch: 4 cost time: 189.50786995887756
[2025-06-05 11:37:16] - Traininng loss : 0.5427388453695474
[2025-06-05 11:37:23] - vali_results: {'mae': 0.366943895816803, 'mape': 1.7618634700775146, 'mse': 0.31482723355293274, 'rmse': 0.5610947012901306}
[2025-06-05 11:37:27] - test_results: {'mae': 0.40061429142951965, 'mape': 1.7397964000701904, 'mse': 0.3410596549510956, 'rmse': 0.5840031504631042}
[2025-06-05 11:38:07] - Epoch: 5 cost time: 240.06845498085022
[2025-06-05 11:38:07] - Traininng loss : 0.5385432381862241
[2025-06-05 11:38:13] - vali_results: {'mae': 0.36707252264022827, 'mape': 1.7979594469070435, 'mse': 0.3150342106819153, 'rmse': 0.5612790584564209}
[2025-06-05 11:38:17] - test_results: {'mae': 0.39862358570098877, 'mape': 1.767224669456482, 'mse': 0.33962544798851013, 'rmse': 0.5827739238739014}
[2025-06-05 11:38:57] - Epoch: 6 cost time: 289.95104789733887
[2025-06-05 11:38:57] - Traininng loss : 0.5344131680559845
[2025-06-05 11:39:04] - vali_results: {'mae': 0.3689071834087372, 'mape': 1.7617853879928589, 'mse': 0.3156394064426422, 'rmse': 0.5618179440498352}
[2025-06-05 11:39:07] - test_results: {'mae': 0.4016321301460266, 'mape': 1.7183700799942017, 'mse': 0.3456251621246338, 'rmse': 0.5878989100456238}
[2025-06-05 11:39:46] - Epoch: 7 cost time: 339.54940152168274
[2025-06-05 11:39:46] - Traininng loss : 0.5315095265300906
[2025-06-05 11:39:53] - vali_results: {'mae': 0.3656722605228424, 'mape': 1.8045166730880737, 'mse': 0.30976390838623047, 'rmse': 0.5565643906593323}
[2025-06-05 11:39:57] - test_results: {'mae': 0.39400675892829895, 'mape': 1.7375130653381348, 'mse': 0.3336580693721771, 'rmse': 0.577631413936615}
[2025-06-05 11:40:35] - Epoch: 8 cost time: 388.5160231590271
[2025-06-05 11:40:35] - Traininng loss : 0.5283344140603716
[2025-06-05 11:40:42] - vali_results: {'mae': 0.3670215606689453, 'mape': 1.7330085039138794, 'mse': 0.3115481436252594, 'rmse': 0.5581649541854858}
[2025-06-05 11:40:46] - test_results: {'mae': 0.40122395753860474, 'mape': 1.6938302516937256, 'mse': 0.3441838026046753, 'rmse': 0.5866718292236328}
[2025-06-05 11:41:25] - Epoch: 9 cost time: 438.5104646682739
[2025-06-05 11:41:25] - Traininng loss : 0.5263363419197514
[2025-06-05 11:41:32] - vali_results: {'mae': 0.36842796206474304, 'mape': 1.7992162704467773, 'mse': 0.314322292804718, 'rmse': 0.5606445074081421}
[2025-06-05 11:41:35] - test_results: {'mae': 0.40187302231788635, 'mape': 1.7700608968734741, 'mse': 0.34618517756462097, 'rmse': 0.5883750319480896}
[2025-06-05 11:42:15] - Epoch: 10 cost time: 487.91523003578186
[2025-06-05 11:42:15] - Traininng loss : 0.5244481492348608
[2025-06-05 11:42:21] - vali_results: {'mae': 0.36626100540161133, 'mape': 1.7418447732925415, 'mse': 0.3133554458618164, 'rmse': 0.5597816109657288}
[2025-06-05 11:42:24] - test_results: {'mae': 0.40487706661224365, 'mape': 1.7369356155395508, 'mse': 0.3519303500652313, 'rmse': 0.5932371616363525}
[2025-06-05 11:43:01] - Epoch: 11 cost time: 534.2742667198181
[2025-06-05 11:43:01] - Traininng loss : 0.5222207029412027
[2025-06-05 11:43:08] - vali_results: {'mae': 0.36549505591392517, 'mape': 1.746814250946045, 'mse': 0.3098304867744446, 'rmse': 0.556624174118042}
[2025-06-05 11:43:11] - test_results: {'mae': 0.39889073371887207, 'mape': 1.6889104843139648, 'mse': 0.3440818190574646, 'rmse': 0.5865848660469055}
[2025-06-05 11:43:49] - Epoch: 12 cost time: 582.4463107585907
[2025-06-05 11:43:49] - Traininng loss : 0.5208811908862244
[2025-06-05 11:43:56] - vali_results: {'mae': 0.3634275496006012, 'mape': 1.8292869329452515, 'mse': 0.3102356493473053, 'rmse': 0.556988000869751}
[2025-06-05 11:43:59] - test_results: {'mae': 0.3955100178718567, 'mape': 1.7993474006652832, 'mse': 0.3392566740512848, 'rmse': 0.582457423210144}
[2025-06-05 11:43:59] - loss no decreased for 5 epochs,  early stopping ....
[2025-06-05 11:44:03] - test_results: {'mae': 0.39400675892829895, 'mape': 1.7375130653381348, 'mse': 0.3336580693721771, 'rmse': 0.577631413936615}
