[2025-05-29 21:33:09] - run : 0 in seed: 1
[2025-05-29 21:33:09] - +-----------------------------------+------------+
|              Modules              | Parameters |
+-----------------------------------+------------+
|     fm.Linear_Seasonal.weight     |    9216    |
|      fm.Linear_Seasonal.bias      |     96     |
|       fm.Linear_Trend.weight      |    9216    |
|        fm.Linear_Trend.bias       |     96     |
|             nm.weight             |    642     |
| nm.model_freq.model_freq.0.weight |    6144    |
|  nm.model_freq.model_freq.0.bias  |     64     |
|  nm.model_freq.model_all.0.weight |   20480    |
|   nm.model_freq.model_all.0.bias  |    128     |
|  nm.model_freq.model_all.2.weight |   12288    |
|   nm.model_freq.model_all.2.bias  |     96     |
| nm.model_pred.model_freq.0.weight |   24576    |
|  nm.model_pred.model_freq.0.bias  |    256     |
|  nm.model_pred.model_all.0.weight |   180224   |
|   nm.model_pred.model_all.0.bias  |    512     |
|  nm.model_pred.model_all.2.weight |   49152    |
|   nm.model_pred.model_all.2.bias  |     96     |
+-----------------------------------+------------+
[2025-05-29 21:33:09] - Total Trainable Params: 313282
[2025-05-29 21:33:09] - model parameters: 313282
[2025-05-29 21:33:27] - Epoch: 1 cost time: 18.465140342712402
[2025-05-29 21:33:27] - Traininng loss : 0.5575866520927664
[2025-05-29 21:33:32] - vali_results: {'mae': 0.2725604474544525, 'mape': 2.276390314102173, 'mse': 0.18073990941047668, 'rmse': 0.42513516545295715}
[2025-05-29 21:33:35] - test_results: {'mae': 0.27814435958862305, 'mape': 2.9323465824127197, 'mse': 0.1931052953004837, 'rmse': 0.43943747878074646}
[2025-05-29 21:33:54] - Epoch: 2 cost time: 45.289583683013916
[2025-05-29 21:33:54] - Traininng loss : 0.4218255386540764
[2025-05-29 21:33:59] - vali_results: {'mae': 0.2661875784397125, 'mape': 2.2665555477142334, 'mse': 0.17693425714969635, 'rmse': 0.42063555121421814}
[2025-05-29 21:34:03] - test_results: {'mae': 0.2713046371936798, 'mape': 2.911118268966675, 'mse': 0.18830515444278717, 'rmse': 0.43394142389297485}
[2025-05-29 21:34:22] - Epoch: 3 cost time: 72.98769021034241
[2025-05-29 21:34:22] - Traininng loss : 0.41540845799864384
[2025-05-29 21:34:27] - vali_results: {'mae': 0.26610180735588074, 'mape': 2.2430777549743652, 'mse': 0.17566785216331482, 'rmse': 0.419127494096756}
[2025-05-29 21:34:30] - test_results: {'mae': 0.27071312069892883, 'mape': 2.8877992630004883, 'mse': 0.1867072433233261, 'rmse': 0.43209633231163025}
[2025-05-29 21:34:48] - Epoch: 4 cost time: 99.73311233520508
[2025-05-29 21:34:48] - Traininng loss : 0.4127205149646391
[2025-05-29 21:34:54] - vali_results: {'mae': 0.26445654034614563, 'mape': 2.25199031829834, 'mse': 0.1742909550666809, 'rmse': 0.4174816906452179}
[2025-05-29 21:34:58] - test_results: {'mae': 0.269584596157074, 'mape': 2.878492832183838, 'mse': 0.18567322194576263, 'rmse': 0.43089815974235535}
[2025-05-29 21:35:16] - Epoch: 5 cost time: 127.50317907333374
[2025-05-29 21:35:16] - Traininng loss : 0.41101533232028026
[2025-05-29 21:35:22] - vali_results: {'mae': 0.2630874812602997, 'mape': 2.267054319381714, 'mse': 0.17381322383880615, 'rmse': 0.4169091284275055}
[2025-05-29 21:35:25] - test_results: {'mae': 0.26803746819496155, 'mape': 2.905695915222168, 'mse': 0.1850736141204834, 'rmse': 0.43020182847976685}
[2025-05-29 21:35:44] - Epoch: 6 cost time: 155.22178173065186
[2025-05-29 21:35:44] - Traininng loss : 0.4090674872461118
[2025-05-29 21:35:50] - vali_results: {'mae': 0.2631845474243164, 'mape': 2.2792088985443115, 'mse': 0.17371298372745514, 'rmse': 0.41678890585899353}
[2025-05-29 21:35:53] - test_results: {'mae': 0.2681361734867096, 'mape': 2.915098190307617, 'mse': 0.1848687380552292, 'rmse': 0.4299636483192444}
[2025-05-29 21:36:12] - Epoch: 7 cost time: 183.32603669166565
[2025-05-29 21:36:12] - Traininng loss : 0.4077508290608724
[2025-05-29 21:36:17] - vali_results: {'mae': 0.2645735442638397, 'mape': 2.2127504348754883, 'mse': 0.17334720492362976, 'rmse': 0.416349858045578}
[2025-05-29 21:36:21] - test_results: {'mae': 0.2691938877105713, 'mape': 2.8332042694091797, 'mse': 0.18427622318267822, 'rmse': 0.4292740523815155}
[2025-05-29 21:36:38] - Epoch: 8 cost time: 209.90059161186218
[2025-05-29 21:36:38] - Traininng loss : 0.40686909911925334
[2025-05-29 21:36:44] - vali_results: {'mae': 0.2625710964202881, 'mape': 2.2501800060272217, 'mse': 0.17317506670951843, 'rmse': 0.4161430895328522}
[2025-05-29 21:36:48] - test_results: {'mae': 0.26663342118263245, 'mape': 2.8735969066619873, 'mse': 0.18338346481323242, 'rmse': 0.42823296785354614}
[2025-05-29 21:37:07] - Epoch: 9 cost time: 238.83050632476807
[2025-05-29 21:37:07] - Traininng loss : 0.4057152530080394
[2025-05-29 21:37:13] - vali_results: {'mae': 0.26245397329330444, 'mape': 2.2706542015075684, 'mse': 0.17242304980754852, 'rmse': 0.41523855924606323}
[2025-05-29 21:37:17] - test_results: {'mae': 0.2672187089920044, 'mape': 2.8869831562042236, 'mse': 0.18317310512065887, 'rmse': 0.427987277507782}
[2025-05-29 21:37:36] - Epoch: 10 cost time: 267.0358555316925
[2025-05-29 21:37:36] - Traininng loss : 0.40504146338554853
[2025-05-29 21:37:41] - vali_results: {'mae': 0.26308155059814453, 'mape': 2.28013014793396, 'mse': 0.17242540419101715, 'rmse': 0.41524139046669006}
[2025-05-29 21:37:45] - test_results: {'mae': 0.2684408128261566, 'mape': 2.904958486557007, 'mse': 0.1839839071035385, 'rmse': 0.42893344163894653}
[2025-05-29 21:38:03] - Epoch: 11 cost time: 294.9631323814392
[2025-05-29 21:38:03] - Traininng loss : 0.4043591924926691
[2025-05-29 21:38:09] - vali_results: {'mae': 0.2622446119785309, 'mape': 2.3224997520446777, 'mse': 0.17257200181484222, 'rmse': 0.4154178500175476}
[2025-05-29 21:38:13] - test_results: {'mae': 0.26776811480522156, 'mape': 2.9591712951660156, 'mse': 0.18388134241104126, 'rmse': 0.4288138747215271}
[2025-05-29 21:38:32] - Epoch: 12 cost time: 323.0419502258301
[2025-05-29 21:38:32] - Traininng loss : 0.4036539812882741
[2025-05-29 21:38:38] - vali_results: {'mae': 0.2638648450374603, 'mape': 2.2775161266326904, 'mse': 0.17288517951965332, 'rmse': 0.41579464077949524}
[2025-05-29 21:38:41] - test_results: {'mae': 0.2689124345779419, 'mape': 2.932806968688965, 'mse': 0.1838570237159729, 'rmse': 0.4287855327129364}
[2025-05-29 21:39:00] - Epoch: 13 cost time: 351.44450998306274
[2025-05-29 21:39:00] - Traininng loss : 0.40342862250512107
[2025-05-29 21:39:06] - vali_results: {'mae': 0.2613450884819031, 'mape': 2.2697582244873047, 'mse': 0.17161688208580017, 'rmse': 0.4142666757106781}
[2025-05-29 21:39:09] - test_results: {'mae': 0.2662201523780823, 'mape': 2.9093618392944336, 'mse': 0.18235664069652557, 'rmse': 0.42703235149383545}
[2025-05-29 21:39:27] - Epoch: 14 cost time: 378.315908908844
[2025-05-29 21:39:27] - Traininng loss : 0.40293639359766975
[2025-05-29 21:39:33] - vali_results: {'mae': 0.26024383306503296, 'mape': 2.2800395488739014, 'mse': 0.17189538478851318, 'rmse': 0.41460269689559937}
[2025-05-29 21:39:36] - test_results: {'mae': 0.2647828161716461, 'mape': 2.9209554195404053, 'mse': 0.18233948945999146, 'rmse': 0.42701229453086853}
[2025-05-29 21:39:55] - Epoch: 15 cost time: 406.34941697120667
[2025-05-29 21:39:55] - Traininng loss : 0.40251080012112334
[2025-05-29 21:40:02] - vali_results: {'mae': 0.26150864362716675, 'mape': 2.255335807800293, 'mse': 0.17129133641719818, 'rmse': 0.4138735830783844}
[2025-05-29 21:40:05] - test_results: {'mae': 0.26639118790626526, 'mape': 2.8783295154571533, 'mse': 0.18206128478050232, 'rmse': 0.4266864061355591}
[2025-05-29 21:40:22] - Epoch: 16 cost time: 433.85252952575684
[2025-05-29 21:40:22] - Traininng loss : 0.4021831190376951
[2025-05-29 21:40:28] - vali_results: {'mae': 0.2618900239467621, 'mape': 2.31758189201355, 'mse': 0.17256395518779755, 'rmse': 0.4154081642627716}
[2025-05-29 21:40:32] - test_results: {'mae': 0.26714926958084106, 'mape': 2.9707977771759033, 'mse': 0.1835699826478958, 'rmse': 0.42845067381858826}
[2025-05-29 21:40:51] - Epoch: 17 cost time: 462.0948963165283
[2025-05-29 21:40:51] - Traininng loss : 0.4018520350518979
[2025-05-29 21:40:57] - vali_results: {'mae': 0.26114797592163086, 'mape': 2.2666659355163574, 'mse': 0.17160922288894653, 'rmse': 0.4142574369907379}
[2025-05-29 21:41:00] - test_results: {'mae': 0.26554349064826965, 'mape': 2.906752347946167, 'mse': 0.18195605278015137, 'rmse': 0.4265630841255188}
[2025-05-29 21:41:20] - Epoch: 18 cost time: 491.30929160118103
[2025-05-29 21:41:20] - Traininng loss : 0.4017852740852456
[2025-05-29 21:41:26] - vali_results: {'mae': 0.262583464384079, 'mape': 2.345513105392456, 'mse': 0.17229849100112915, 'rmse': 0.4150885343551636}
[2025-05-29 21:41:29] - test_results: {'mae': 0.2683616876602173, 'mape': 3.003903388977051, 'mse': 0.1837196797132492, 'rmse': 0.42862534523010254}
[2025-05-29 21:41:49] - Epoch: 19 cost time: 520.3514122962952
[2025-05-29 21:41:49] - Traininng loss : 0.40139920403037155
[2025-05-29 21:41:55] - vali_results: {'mae': 0.2607046067714691, 'mape': 2.248457193374634, 'mse': 0.17169655859470367, 'rmse': 0.4143628478050232}
[2025-05-29 21:41:58] - test_results: {'mae': 0.26457276940345764, 'mape': 2.864156484603882, 'mse': 0.18124796450138092, 'rmse': 0.42573225498199463}
[2025-05-29 21:42:17] - Epoch: 20 cost time: 548.921088218689
[2025-05-29 21:42:17] - Traininng loss : 0.4013173690490555
[2025-05-29 21:42:23] - vali_results: {'mae': 0.26124972105026245, 'mape': 2.2563424110412598, 'mse': 0.17151540517807007, 'rmse': 0.4141441881656647}
[2025-05-29 21:42:27] - test_results: {'mae': 0.2654329240322113, 'mape': 2.8856730461120605, 'mse': 0.18172362446784973, 'rmse': 0.4262905418872833}
[2025-05-29 21:42:27] - loss no decreased for 5 epochs,  early stopping ....
[2025-05-29 21:42:31] - test_results: {'mae': 0.26639118790626526, 'mape': 2.8783295154571533, 'mse': 0.18206128478050232, 'rmse': 0.4266864061355591}
