[2025-06-05 21:27:17] - run : 2 in seed: 4
[2025-06-05 21:27:17] - +-----------------------------------+------------+
|              Modules              | Parameters |
+-----------------------------------+------------+
|     fm.Linear_Seasonal.weight     |   32256    |
|      fm.Linear_Seasonal.bias      |    336     |
|       fm.Linear_Trend.weight      |   32256    |
|        fm.Linear_Trend.bias       |    336     |
|             nm.weight             |     42     |
| nm.model_freq.model_freq.0.weight |    6144    |
|  nm.model_freq.model_freq.0.bias  |     64     |
|  nm.model_freq.model_all.0.weight |   20480    |
|   nm.model_freq.model_all.0.bias  |    128     |
|  nm.model_freq.model_all.2.weight |   43008    |
|   nm.model_freq.model_all.2.bias  |    336     |
| nm.model_pred.model_freq.0.weight |   24576    |
|  nm.model_pred.model_freq.0.bias  |    256     |
|  nm.model_pred.model_all.0.weight |   180224   |
|   nm.model_pred.model_all.0.bias  |    512     |
|  nm.model_pred.model_all.2.weight |   172032   |
|   nm.model_pred.model_all.2.bias  |    336     |
+-----------------------------------+------------+
[2025-06-05 21:27:17] - Total Trainable Params: 513322
[2025-06-05 21:27:17] - model parameters: 513322
[2025-06-05 21:28:03] - Epoch: 1 cost time: 46.17846179008484
[2025-06-05 21:28:03] - Traininng loss : 1.3837175636437902
[2025-06-05 21:28:09] - vali_results: {'mae': 0.3718450367450714, 'mape': 5.297566890716553, 'mse': 0.42192918062210083, 'rmse': 0.6495607495307922}
[2025-06-05 21:28:13] - test_results: {'mae': 0.30066919326782227, 'mape': 1.7581970691680908, 'mse': 0.2875237464904785, 'rmse': 0.5362123847007751}
[2025-06-05 21:29:00] - Epoch: 2 cost time: 102.35241913795471
[2025-06-05 21:29:00] - Traininng loss : 1.3121439347141668
[2025-06-05 21:29:06] - vali_results: {'mae': 0.3700593411922455, 'mape': 5.377890110015869, 'mse': 0.4120941162109375, 'rmse': 0.6419456005096436}
[2025-06-05 21:29:09] - test_results: {'mae': 0.30662208795547485, 'mape': 1.7329658269882202, 'mse': 0.28644460439682007, 'rmse': 0.5352051854133606}
[2025-06-05 21:29:55] - Epoch: 3 cost time: 158.03585958480835
[2025-06-05 21:29:55] - Traininng loss : 1.300426408596206
[2025-06-05 21:30:01] - vali_results: {'mae': 0.37064510583877563, 'mape': 5.801670551300049, 'mse': 0.4171300530433655, 'rmse': 0.6458560824394226}
[2025-06-05 21:30:05] - test_results: {'mae': 0.2929636836051941, 'mape': 1.830083966255188, 'mse': 0.2815263867378235, 'rmse': 0.5305905938148499}
[2025-06-05 21:30:51] - Epoch: 4 cost time: 214.01637506484985
[2025-06-05 21:30:51] - Traininng loss : 1.2973834480632815
[2025-06-05 21:30:57] - vali_results: {'mae': 0.3665909469127655, 'mape': 5.177797794342041, 'mse': 0.40997815132141113, 'rmse': 0.6402953863143921}
[2025-06-05 21:31:01] - test_results: {'mae': 0.29716089367866516, 'mape': 1.719382405281067, 'mse': 0.2819908857345581, 'rmse': 0.531028151512146}
[2025-06-05 21:31:46] - Epoch: 5 cost time: 268.7991614341736
[2025-06-05 21:31:46] - Traininng loss : 1.2908344864845276
[2025-06-05 21:31:52] - vali_results: {'mae': 0.3754948079586029, 'mape': 7.127839088439941, 'mse': 0.41380807757377625, 'rmse': 0.6432791352272034}
[2025-06-05 21:31:55] - test_results: {'mae': 0.30951911211013794, 'mape': 2.030397415161133, 'mse': 0.28692328929901123, 'rmse': 0.535652220249176}
[2025-06-05 21:32:42] - Epoch: 6 cost time: 324.263409614563
[2025-06-05 21:32:42] - Traininng loss : 1.288288059935235
[2025-06-05 21:32:48] - vali_results: {'mae': 0.36797794699668884, 'mape': 5.203370571136475, 'mse': 0.4089104235172272, 'rmse': 0.6394610404968262}
[2025-06-05 21:32:51] - test_results: {'mae': 0.30443674325942993, 'mape': 1.7141014337539673, 'mse': 0.284206748008728, 'rmse': 0.5331104397773743}
[2025-06-05 21:33:37] - Epoch: 7 cost time: 379.38795495033264
[2025-06-05 21:33:37] - Traininng loss : 1.2859187289811018
[2025-06-05 21:33:43] - vali_results: {'mae': 0.36592233180999756, 'mape': 5.171864032745361, 'mse': 0.4060499370098114, 'rmse': 0.6372205018997192}
[2025-06-05 21:33:46] - test_results: {'mae': 0.30367228388786316, 'mape': 1.6985957622528076, 'mse': 0.28308284282684326, 'rmse': 0.5320553183555603}
[2025-06-05 21:34:32] - Epoch: 8 cost time: 434.83490467071533
[2025-06-05 21:34:32] - Traininng loss : 1.2840094461775662
[2025-06-05 21:34:38] - vali_results: {'mae': 0.3711715638637543, 'mape': 5.864100456237793, 'mse': 0.40473315119743347, 'rmse': 0.636186420917511}
[2025-06-05 21:34:42] - test_results: {'mae': 0.3149034082889557, 'mape': 1.7967885732650757, 'mse': 0.28685587644577026, 'rmse': 0.5355892777442932}
[2025-06-05 21:35:28] - Epoch: 9 cost time: 491.2183790206909
[2025-06-05 21:35:28] - Traininng loss : 1.2822299311558405
[2025-06-05 21:35:35] - vali_results: {'mae': 0.36267879605293274, 'mape': 4.7643561363220215, 'mse': 0.401532381772995, 'rmse': 0.6336658000946045}
[2025-06-05 21:35:38] - test_results: {'mae': 0.2985830008983612, 'mape': 1.6194140911102295, 'mse': 0.278582364320755, 'rmse': 0.5278090238571167}
[2025-06-05 21:36:24] - Epoch: 10 cost time: 546.7061161994934
[2025-06-05 21:36:24] - Traininng loss : 1.2815038902194877
[2025-06-05 21:36:30] - vali_results: {'mae': 0.37238410115242004, 'mape': 6.130825996398926, 'mse': 0.4124266505241394, 'rmse': 0.6422045230865479}
[2025-06-05 21:36:34] - test_results: {'mae': 0.306841641664505, 'mape': 1.874008059501648, 'mse': 0.28672218322753906, 'rmse': 0.5354644656181335}
[2025-06-05 21:37:19] - Epoch: 11 cost time: 602.2056801319122
[2025-06-05 21:37:19] - Traininng loss : 1.2805076712579058
[2025-06-05 21:37:25] - vali_results: {'mae': 0.36787179112434387, 'mape': 5.113973617553711, 'mse': 0.4086308777332306, 'rmse': 0.63924241065979}
[2025-06-05 21:37:29] - test_results: {'mae': 0.30003219842910767, 'mape': 1.7051559686660767, 'mse': 0.28182554244995117, 'rmse': 0.5308724641799927}
[2025-06-05 21:38:14] - Epoch: 12 cost time: 656.779167175293
[2025-06-05 21:38:14] - Traininng loss : 1.278828813214051
[2025-06-05 21:38:20] - vali_results: {'mae': 0.3646228611469269, 'mape': 5.0343804359436035, 'mse': 0.4048461318016052, 'rmse': 0.6362751722335815}
[2025-06-05 21:38:23] - test_results: {'mae': 0.3034989833831787, 'mape': 1.6778490543365479, 'mse': 0.28293564915657043, 'rmse': 0.5319169759750366}
[2025-06-05 21:39:09] - Epoch: 13 cost time: 711.6064331531525
[2025-06-05 21:39:09] - Traininng loss : 1.2780489178080308
[2025-06-05 21:39:15] - vali_results: {'mae': 0.3679184019565582, 'mape': 5.257716178894043, 'mse': 0.4079095125198364, 'rmse': 0.6386779546737671}
[2025-06-05 21:39:18] - test_results: {'mae': 0.2967526316642761, 'mape': 1.7235215902328491, 'mse': 0.279240220785141, 'rmse': 0.5284318327903748}
[2025-06-05 21:40:04] - Epoch: 14 cost time: 766.7143814563751
[2025-06-05 21:40:04] - Traininng loss : 1.2770448127336669
[2025-06-05 21:40:10] - vali_results: {'mae': 0.36819353699684143, 'mape': 5.004786491394043, 'mse': 0.4133654534816742, 'rmse': 0.642935037612915}
[2025-06-05 21:40:14] - test_results: {'mae': 0.29144731163978577, 'mape': 1.7296147346496582, 'mse': 0.2798539698123932, 'rmse': 0.5290122628211975}
[2025-06-05 21:40:14] - loss no decreased for 5 epochs,  early stopping ....
[2025-06-05 21:40:17] - test_results: {'mae': 0.2985830008983612, 'mape': 1.6194140911102295, 'mse': 0.278582364320755, 'rmse': 0.5278090238571167}
