[2025-06-05 00:17:42] - run : 1 in seed: 3
[2025-06-05 00:17:42] - +-----------------------------------+------------+
|              Modules              | Parameters |
+-----------------------------------+------------+
|     fm.Linear_Seasonal.weight     |    9216    |
|      fm.Linear_Seasonal.bias      |     96     |
|       fm.Linear_Trend.weight      |    9216    |
|        fm.Linear_Trend.bias       |     96     |
|             nm.weight             |     14     |
| nm.model_freq.model_freq.0.weight |    6144    |
|  nm.model_freq.model_freq.0.bias  |     64     |
|  nm.model_freq.model_all.0.weight |   20480    |
|   nm.model_freq.model_all.0.bias  |    128     |
|  nm.model_freq.model_all.2.weight |   12288    |
|   nm.model_freq.model_all.2.bias  |     96     |
| nm.model_pred.model_freq.0.weight |   24576    |
|  nm.model_pred.model_freq.0.bias  |    256     |
|  nm.model_pred.model_all.0.weight |   180224   |
|   nm.model_pred.model_all.0.bias  |    512     |
|  nm.model_pred.model_all.2.weight |   49152    |
|   nm.model_pred.model_all.2.bias  |     96     |
+-----------------------------------+------------+
[2025-06-05 00:17:42] - Total Trainable Params: 312654
[2025-06-05 00:17:42] - model parameters: 312654
[2025-06-05 00:17:52] - Epoch: 1 cost time: 9.892926216125488
[2025-06-05 00:17:52] - Traininng loss : 0.8979835353316145
[2025-06-05 00:17:54] - vali_results: {'mae': 0.431968629360199, 'mape': 5.1643242835998535, 'mse': 0.39720669388771057, 'rmse': 0.6302433609962463}
[2025-06-05 00:17:55] - test_results: {'mae': 0.43590620160102844, 'mape': 7.794466495513916, 'mse': 0.3761559724807739, 'rmse': 0.6133155822753906}
[2025-06-05 00:18:05] - Epoch: 2 cost time: 22.759125471115112
[2025-06-05 00:18:05] - Traininng loss : 0.7555818102778272
[2025-06-05 00:18:07] - vali_results: {'mae': 0.42184412479400635, 'mape': 4.9081034660339355, 'mse': 0.3883777856826782, 'rmse': 0.6231996417045593}
[2025-06-05 00:18:08] - test_results: {'mae': 0.43114975094795227, 'mape': 7.136682033538818, 'mse': 0.3706713318824768, 'rmse': 0.6088278293609619}
[2025-06-05 00:18:18] - Epoch: 3 cost time: 35.969459533691406
[2025-06-05 00:18:18] - Traininng loss : 0.7414504168356987
[2025-06-05 00:18:20] - vali_results: {'mae': 0.42357808351516724, 'mape': 5.038775444030762, 'mse': 0.3882988691329956, 'rmse': 0.6231363415718079}
[2025-06-05 00:18:21] - test_results: {'mae': 0.43049466609954834, 'mape': 7.090163707733154, 'mse': 0.3693033456802368, 'rmse': 0.6077033281326294}
[2025-06-05 00:18:31] - Epoch: 4 cost time: 49.04813861846924
[2025-06-05 00:18:31] - Traininng loss : 0.7334166428351656
[2025-06-05 00:18:33] - vali_results: {'mae': 0.42111754417419434, 'mape': 5.123098850250244, 'mse': 0.3843151330947876, 'rmse': 0.6199315786361694}
[2025-06-05 00:18:34] - test_results: {'mae': 0.42543184757232666, 'mape': 7.408647537231445, 'mse': 0.36315155029296875, 'rmse': 0.602620542049408}
[2025-06-05 00:18:45] - Epoch: 5 cost time: 62.168811082839966
[2025-06-05 00:18:45] - Traininng loss : 0.7286282766689646
[2025-06-05 00:18:46] - vali_results: {'mae': 0.4190337657928467, 'mape': 5.2267022132873535, 'mse': 0.38249754905700684, 'rmse': 0.6184638738632202}
[2025-06-05 00:18:48] - test_results: {'mae': 0.42500218749046326, 'mape': 7.440061569213867, 'mse': 0.3628705143928528, 'rmse': 0.6023873686790466}
[2025-06-05 00:18:58] - Epoch: 6 cost time: 75.1467034816742
[2025-06-05 00:18:58] - Traininng loss : 0.7245949917334191
[2025-06-05 00:18:59] - vali_results: {'mae': 0.4192288815975189, 'mape': 5.284348964691162, 'mse': 0.3841393291950226, 'rmse': 0.619789719581604}
[2025-06-05 00:19:00] - test_results: {'mae': 0.42575615644454956, 'mape': 7.153326034545898, 'mse': 0.3639671206474304, 'rmse': 0.6032968759536743}
[2025-06-05 00:19:10] - Epoch: 7 cost time: 88.09250521659851
[2025-06-05 00:19:10] - Traininng loss : 0.7202662544998717
[2025-06-05 00:19:12] - vali_results: {'mae': 0.4185659885406494, 'mape': 5.146606922149658, 'mse': 0.38336843252182007, 'rmse': 0.6191675066947937}
[2025-06-05 00:19:14] - test_results: {'mae': 0.42687559127807617, 'mape': 6.720672607421875, 'mse': 0.3650348484516144, 'rmse': 0.6041811108589172}
[2025-06-05 00:19:24] - Epoch: 8 cost time: 101.37169742584229
[2025-06-05 00:19:24] - Traininng loss : 0.7162220320327485
[2025-06-05 00:19:26] - vali_results: {'mae': 0.41878893971443176, 'mape': 5.289135456085205, 'mse': 0.38424593210220337, 'rmse': 0.6198757290840149}
[2025-06-05 00:19:27] - test_results: {'mae': 0.42738667130470276, 'mape': 6.637878894805908, 'mse': 0.3661313056945801, 'rmse': 0.6050878763198853}
[2025-06-05 00:19:37] - Epoch: 9 cost time: 114.70598649978638
[2025-06-05 00:19:37] - Traininng loss : 0.7129974632345616
[2025-06-05 00:19:39] - vali_results: {'mae': 0.41863569617271423, 'mape': 5.3955583572387695, 'mse': 0.38227352499961853, 'rmse': 0.6182827353477478}
[2025-06-05 00:19:40] - test_results: {'mae': 0.42314592003822327, 'mape': 6.981869220733643, 'mse': 0.36028602719306946, 'rmse': 0.6002383232116699}
[2025-06-05 00:19:50] - Epoch: 10 cost time: 128.00131559371948
[2025-06-05 00:19:50] - Traininng loss : 0.7093557643287993
[2025-06-05 00:19:52] - vali_results: {'mae': 0.417989045381546, 'mape': 5.227351188659668, 'mse': 0.3804306387901306, 'rmse': 0.6167905926704407}
[2025-06-05 00:19:53] - test_results: {'mae': 0.4254724383354187, 'mape': 6.642037868499756, 'mse': 0.3626687526702881, 'rmse': 0.6022198796272278}
[2025-06-05 00:20:03] - Epoch: 11 cost time: 140.6652479171753
[2025-06-05 00:20:03] - Traininng loss : 0.7079501499203925
[2025-06-05 00:20:05] - vali_results: {'mae': 0.41621941328048706, 'mape': 5.321944713592529, 'mse': 0.3814241886138916, 'rmse': 0.6175954937934875}
[2025-06-05 00:20:06] - test_results: {'mae': 0.4261934757232666, 'mape': 6.713267803192139, 'mse': 0.36461758613586426, 'rmse': 0.6038357019424438}
[2025-06-05 00:20:16] - Epoch: 12 cost time: 153.5837824344635
[2025-06-05 00:20:16] - Traininng loss : 0.7069717694787269
[2025-06-05 00:20:18] - vali_results: {'mae': 0.41686776280403137, 'mape': 5.2191972732543945, 'mse': 0.381519079208374, 'rmse': 0.617672324180603}
[2025-06-05 00:20:19] - test_results: {'mae': 0.42722827196121216, 'mape': 6.737339019775391, 'mse': 0.36514949798583984, 'rmse': 0.6042760014533997}
[2025-06-05 00:20:29] - Epoch: 13 cost time: 167.10093641281128
[2025-06-05 00:20:29] - Traininng loss : 0.7043038142171312
[2025-06-05 00:20:31] - vali_results: {'mae': 0.42066144943237305, 'mape': 5.0236663818359375, 'mse': 0.3841858506202698, 'rmse': 0.6198272705078125}
[2025-06-05 00:20:32] - test_results: {'mae': 0.43143725395202637, 'mape': 6.389832019805908, 'mse': 0.368706077337265, 'rmse': 0.607211709022522}
[2025-06-05 00:20:43] - Epoch: 14 cost time: 180.11645579338074
[2025-06-05 00:20:43] - Traininng loss : 0.7032330472101557
[2025-06-05 00:20:44] - vali_results: {'mae': 0.4227120578289032, 'mape': 5.170970916748047, 'mse': 0.3838174045085907, 'rmse': 0.6195299625396729}
[2025-06-05 00:20:45] - test_results: {'mae': 0.4293840229511261, 'mape': 6.318439960479736, 'mse': 0.36669227480888367, 'rmse': 0.6055512428283691}
[2025-06-05 00:20:56] - Epoch: 15 cost time: 193.34926676750183
[2025-06-05 00:20:56] - Traininng loss : 0.6998023787870052
[2025-06-05 00:20:58] - vali_results: {'mae': 0.4205649793148041, 'mape': 5.340969562530518, 'mse': 0.38394731283187866, 'rmse': 0.6196348071098328}
[2025-06-05 00:20:59] - test_results: {'mae': 0.42481932044029236, 'mape': 6.41352653503418, 'mse': 0.36174532771110535, 'rmse': 0.6014527082443237}
[2025-06-05 00:20:59] - loss no decreased for 5 epochs,  early stopping ....
[2025-06-05 00:20:59] - test_results: {'mae': 0.4254724383354187, 'mape': 6.642037868499756, 'mse': 0.3626687526702881, 'rmse': 0.6022198796272278}
