[2025-06-05 00:30:21] - run : 1 in seed: 3
[2025-06-05 00:30:21] - +-----------------------------------+------------+
|              Modules              | Parameters |
+-----------------------------------+------------+
|     fm.Linear_Seasonal.weight     |   16128    |
|      fm.Linear_Seasonal.bias      |    168     |
|       fm.Linear_Trend.weight      |   16128    |
|        fm.Linear_Trend.bias       |    168     |
|             nm.weight             |     14     |
| nm.model_freq.model_freq.0.weight |    6144    |
|  nm.model_freq.model_freq.0.bias  |     64     |
|  nm.model_freq.model_all.0.weight |   20480    |
|   nm.model_freq.model_all.0.bias  |    128     |
|  nm.model_freq.model_all.2.weight |   21504    |
|   nm.model_freq.model_all.2.bias  |    168     |
| nm.model_pred.model_freq.0.weight |   24576    |
|  nm.model_pred.model_freq.0.bias  |    256     |
|  nm.model_pred.model_all.0.weight |   180224   |
|   nm.model_pred.model_all.0.bias  |    512     |
|  nm.model_pred.model_all.2.weight |   86016    |
|   nm.model_pred.model_all.2.bias  |    168     |
+-----------------------------------+------------+
[2025-06-05 00:30:21] - Total Trainable Params: 372846
[2025-06-05 00:30:21] - model parameters: 372846
[2025-06-05 00:30:32] - Epoch: 1 cost time: 11.212777614593506
[2025-06-05 00:30:32] - Traininng loss : 1.0431565998706358
[2025-06-05 00:30:34] - vali_results: {'mae': 0.45986872911453247, 'mape': 5.882145881652832, 'mse': 0.4385211169719696, 'rmse': 0.6622092723846436}
[2025-06-05 00:30:35] - test_results: {'mae': 0.4732280671596527, 'mape': 7.473288059234619, 'mse': 0.4224194884300232, 'rmse': 0.6499380469322205}
[2025-06-05 00:30:46] - Epoch: 2 cost time: 25.151814699172974
[2025-06-05 00:30:46] - Traininng loss : 0.899830705358899
[2025-06-05 00:30:48] - vali_results: {'mae': 0.45285674929618835, 'mape': 5.865479469299316, 'mse': 0.4286530017852783, 'rmse': 0.6547159552574158}
[2025-06-05 00:30:48] - test_results: {'mae': 0.45515960454940796, 'mape': 7.741464138031006, 'mse': 0.3996576964855194, 'rmse': 0.6321848630905151}
[2025-06-05 00:30:59] - Epoch: 3 cost time: 38.80451822280884
[2025-06-05 00:30:59] - Traininng loss : 0.8862836386499072
[2025-06-05 00:31:01] - vali_results: {'mae': 0.45319321751594543, 'mape': 5.971759796142578, 'mse': 0.42937734723091125, 'rmse': 0.6552689075469971}
[2025-06-05 00:31:02] - test_results: {'mae': 0.4570879340171814, 'mape': 7.290122032165527, 'mse': 0.4027148187160492, 'rmse': 0.6345981359481812}
[2025-06-05 00:31:14] - Epoch: 4 cost time: 52.9092857837677
[2025-06-05 00:31:14] - Traininng loss : 0.8787560937551647
[2025-06-05 00:31:15] - vali_results: {'mae': 0.44597285985946655, 'mape': 5.995458126068115, 'mse': 0.4284951686859131, 'rmse': 0.6545954346656799}
[2025-06-05 00:31:16] - test_results: {'mae': 0.45718151330947876, 'mape': 7.317674160003662, 'mse': 0.4048379957675934, 'rmse': 0.6362687945365906}
[2025-06-05 00:31:28] - Epoch: 5 cost time: 67.06831502914429
[2025-06-05 00:31:28] - Traininng loss : 0.8736113736520823
[2025-06-05 00:31:30] - vali_results: {'mae': 0.44761696457862854, 'mape': 6.068803787231445, 'mse': 0.42587730288505554, 'rmse': 0.6525927782058716}
[2025-06-05 00:31:31] - test_results: {'mae': 0.4526175856590271, 'mape': 7.277987480163574, 'mse': 0.3974694013595581, 'rmse': 0.6304517388343811}
[2025-06-05 00:31:42] - Epoch: 6 cost time: 80.85498332977295
[2025-06-05 00:31:42] - Traininng loss : 0.8692898299674886
[2025-06-05 00:31:43] - vali_results: {'mae': 0.44749972224235535, 'mape': 6.139352321624756, 'mse': 0.42525702714920044, 'rmse': 0.6521173119544983}
[2025-06-05 00:31:44] - test_results: {'mae': 0.4492216110229492, 'mape': 7.2760844230651855, 'mse': 0.3931398391723633, 'rmse': 0.6270086169242859}
[2025-06-05 00:31:56] - Epoch: 7 cost time: 94.9534068107605
[2025-06-05 00:31:56] - Traininng loss : 0.8658243165259067
[2025-06-05 00:31:57] - vali_results: {'mae': 0.4436389207839966, 'mape': 6.114985466003418, 'mse': 0.42311573028564453, 'rmse': 0.6504734754562378}
[2025-06-05 00:31:58] - test_results: {'mae': 0.4547377824783325, 'mape': 7.272871017456055, 'mse': 0.4003145098686218, 'rmse': 0.6327041387557983}
[2025-06-05 00:32:09] - Epoch: 8 cost time: 108.6906349658966
[2025-06-05 00:32:09] - Traininng loss : 0.863921828787704
[2025-06-05 00:32:11] - vali_results: {'mae': 0.44504278898239136, 'mape': 6.2103271484375, 'mse': 0.4243786931037903, 'rmse': 0.6514435410499573}
[2025-06-05 00:32:12] - test_results: {'mae': 0.4527987539768219, 'mape': 7.101750373840332, 'mse': 0.398347407579422, 'rmse': 0.6311476826667786}
[2025-06-05 00:32:23] - Epoch: 9 cost time: 122.6788079738617
[2025-06-05 00:32:23] - Traininng loss : 0.8618002233492466
[2025-06-05 00:32:25] - vali_results: {'mae': 0.443349689245224, 'mape': 6.2112627029418945, 'mse': 0.42177972197532654, 'rmse': 0.6494457125663757}
[2025-06-05 00:32:26] - test_results: {'mae': 0.45262131094932556, 'mape': 7.532695770263672, 'mse': 0.3975657522678375, 'rmse': 0.6305281519889832}
[2025-06-05 00:32:37] - Epoch: 10 cost time: 136.61118912696838
[2025-06-05 00:32:37] - Traininng loss : 0.8581317193386702
[2025-06-05 00:32:39] - vali_results: {'mae': 0.44705525040626526, 'mape': 6.0711822509765625, 'mse': 0.4260726273059845, 'rmse': 0.6527423858642578}
[2025-06-05 00:32:40] - test_results: {'mae': 0.45940783619880676, 'mape': 6.62180233001709, 'mse': 0.40589427947998047, 'rmse': 0.6370983123779297}
[2025-06-05 00:32:51] - Epoch: 11 cost time: 150.4108772277832
[2025-06-05 00:32:51] - Traininng loss : 0.8583537531921754
[2025-06-05 00:32:53] - vali_results: {'mae': 0.4444741904735565, 'mape': 6.11945104598999, 'mse': 0.4260753095149994, 'rmse': 0.652744472026825}
[2025-06-05 00:32:54] - test_results: {'mae': 0.4603077173233032, 'mape': 7.019881725311279, 'mse': 0.4078085422515869, 'rmse': 0.6385989189147949}
[2025-06-05 00:33:05] - Epoch: 12 cost time: 164.06640911102295
[2025-06-05 00:33:05] - Traininng loss : 0.8538083590706935
[2025-06-05 00:33:07] - vali_results: {'mae': 0.44706660509109497, 'mape': 6.0397629737854, 'mse': 0.4260537922382355, 'rmse': 0.6527279615402222}
[2025-06-05 00:33:07] - test_results: {'mae': 0.461408793926239, 'mape': 6.836559772491455, 'mse': 0.4077790677547455, 'rmse': 0.6385757923126221}
[2025-06-05 00:33:19] - Epoch: 13 cost time: 178.11260056495667
[2025-06-05 00:33:19] - Traininng loss : 0.85230934428146
[2025-06-05 00:33:21] - vali_results: {'mae': 0.44576495885849, 'mape': 6.137160301208496, 'mse': 0.42208001017570496, 'rmse': 0.6496768593788147}
[2025-06-05 00:33:22] - test_results: {'mae': 0.4515795409679413, 'mape': 6.985894203186035, 'mse': 0.39495649933815, 'rmse': 0.628455638885498}
[2025-06-05 00:33:33] - Epoch: 14 cost time: 191.91537809371948
[2025-06-05 00:33:33] - Traininng loss : 0.8508746662344434
[2025-06-05 00:33:34] - vali_results: {'mae': 0.44575318694114685, 'mape': 6.1528191566467285, 'mse': 0.4221031367778778, 'rmse': 0.6496946215629578}
[2025-06-05 00:33:35] - test_results: {'mae': 0.45434990525245667, 'mape': 7.185141086578369, 'mse': 0.3977334797382355, 'rmse': 0.630661129951477}
[2025-06-05 00:33:35] - loss no decreased for 5 epochs,  early stopping ....
[2025-06-05 00:33:36] - test_results: {'mae': 0.45262131094932556, 'mape': 7.532695770263672, 'mse': 0.3975657522678375, 'rmse': 0.6305281519889832}
