[2025-06-04 23:07:26] - run : 4 in seed: 5
[2025-06-04 23:07:26] - +-----------------------------------+------------+
|              Modules              | Parameters |
+-----------------------------------+------------+
|     fm.Linear_Seasonal.weight     |    9216    |
|      fm.Linear_Seasonal.bias      |     96     |
|       fm.Linear_Trend.weight      |    9216    |
|        fm.Linear_Trend.bias       |     96     |
|             nm.weight             |     16     |
| nm.model_freq.model_freq.0.weight |    6144    |
|  nm.model_freq.model_freq.0.bias  |     64     |
|  nm.model_freq.model_all.0.weight |   20480    |
|   nm.model_freq.model_all.0.bias  |    128     |
|  nm.model_freq.model_all.2.weight |   12288    |
|   nm.model_freq.model_all.2.bias  |     96     |
| nm.model_pred.model_freq.0.weight |   24576    |
|  nm.model_pred.model_freq.0.bias  |    256     |
|  nm.model_pred.model_all.0.weight |   180224   |
|   nm.model_pred.model_all.0.bias  |    512     |
|  nm.model_pred.model_all.2.weight |   49152    |
|   nm.model_pred.model_all.2.bias  |     96     |
+-----------------------------------+------------+
[2025-06-04 23:07:26] - Total Trainable Params: 312656
[2025-06-04 23:07:26] - model parameters: 312656
[2025-06-04 23:07:30] - Epoch: 1 cost time: 4.357981204986572
[2025-06-04 23:07:30] - Traininng loss : 0.39297021087259054
[2025-06-04 23:07:31] - vali_results: {'mae': 0.30029362440109253, 'mape': 0.5531551241874695, 'mse': 0.13960912823677063, 'rmse': 0.37364304065704346}
[2025-06-04 23:07:32] - test_results: {'mae': 0.1869763880968094, 'mape': 1.2080276012420654, 'mse': 0.06203025206923485, 'rmse': 0.24905873835086823}
[2025-06-04 23:07:36] - Epoch: 2 cost time: 10.065428256988525
[2025-06-04 23:07:36] - Traininng loss : 0.19193221121095122
[2025-06-04 23:07:37] - vali_results: {'mae': 0.23125256597995758, 'mape': 0.48970478773117065, 'mse': 0.09405688941478729, 'rmse': 0.30668696761131287}
[2025-06-04 23:07:38] - test_results: {'mae': 0.17227543890476227, 'mape': 1.2083630561828613, 'mse': 0.05609605833888054, 'rmse': 0.23684605956077576}
[2025-06-04 23:07:42] - Epoch: 3 cost time: 16.12335515022278
[2025-06-04 23:07:42] - Traininng loss : 0.1786324537359178
[2025-06-04 23:07:43] - vali_results: {'mae': 0.19705815613269806, 'mape': 0.4646051526069641, 'mse': 0.07168669253587723, 'rmse': 0.26774370670318604}
[2025-06-04 23:07:44] - test_results: {'mae': 0.16729657351970673, 'mape': 1.265527606010437, 'mse': 0.05417356267571449, 'rmse': 0.23275214433670044}
[2025-06-04 23:07:48] - Epoch: 4 cost time: 21.971166372299194
[2025-06-04 23:07:48] - Traininng loss : 0.17400935967452824
[2025-06-04 23:07:49] - vali_results: {'mae': 0.1903909295797348, 'mape': 0.4724429249763489, 'mse': 0.06879958510398865, 'rmse': 0.26229673624038696}
[2025-06-04 23:07:49] - test_results: {'mae': 0.167733833193779, 'mape': 1.2850555181503296, 'mse': 0.053197622299194336, 'rmse': 0.23064610362052917}
[2025-06-04 23:07:54] - Epoch: 5 cost time: 27.853671312332153
[2025-06-04 23:07:54] - Traininng loss : 0.1708226793911308
[2025-06-04 23:07:55] - vali_results: {'mae': 0.18954765796661377, 'mape': 0.4680494964122772, 'mse': 0.06813985109329224, 'rmse': 0.26103609800338745}
[2025-06-04 23:07:55] - test_results: {'mae': 0.1706046462059021, 'mape': 1.2873554229736328, 'mse': 0.05520641431212425, 'rmse': 0.23496045172214508}
[2025-06-04 23:08:00] - Epoch: 6 cost time: 33.78909778594971
[2025-06-04 23:08:00] - Traininng loss : 0.16841238266788422
[2025-06-04 23:08:01] - vali_results: {'mae': 0.28111568093299866, 'mape': 0.5282714366912842, 'mse': 0.13392402231693268, 'rmse': 0.36595630645751953}
[2025-06-04 23:08:01] - test_results: {'mae': 0.17464211583137512, 'mape': 1.1851179599761963, 'mse': 0.05670252814888954, 'rmse': 0.23812292516231537}
[2025-06-04 23:08:05] - Epoch: 7 cost time: 39.60241746902466
[2025-06-04 23:08:05] - Traininng loss : 0.16749187018722295
[2025-06-04 23:08:06] - vali_results: {'mae': 0.19550706446170807, 'mape': 0.4744053781032562, 'mse': 0.07270516455173492, 'rmse': 0.26963895559310913}
[2025-06-04 23:08:07] - test_results: {'mae': 0.1671142578125, 'mape': 1.2866413593292236, 'mse': 0.05332684516906738, 'rmse': 0.23092606663703918}
[2025-06-04 23:08:11] - Epoch: 8 cost time: 45.39422869682312
[2025-06-04 23:08:11] - Traininng loss : 0.1661915251519531
[2025-06-04 23:08:12] - vali_results: {'mae': 0.20055338740348816, 'mape': 0.46097734570503235, 'mse': 0.07455267012119293, 'rmse': 0.27304333448410034}
[2025-06-04 23:08:13] - test_results: {'mae': 0.16780132055282593, 'mape': 1.2633957862854004, 'mse': 0.05423899367451668, 'rmse': 0.23289266228675842}
[2025-06-04 23:08:17] - Epoch: 9 cost time: 51.220343589782715
[2025-06-04 23:08:17] - Traininng loss : 0.16555899777449667
[2025-06-04 23:08:18] - vali_results: {'mae': 0.23052328824996948, 'mape': 0.47139549255371094, 'mse': 0.0930599495768547, 'rmse': 0.3050572872161865}
[2025-06-04 23:08:19] - test_results: {'mae': 0.16764529049396515, 'mape': 1.2326598167419434, 'mse': 0.05446793884038925, 'rmse': 0.2333836704492569}
[2025-06-04 23:08:23] - Epoch: 10 cost time: 57.0564169883728
[2025-06-04 23:08:23] - Traininng loss : 0.16430215211585164
[2025-06-04 23:08:24] - vali_results: {'mae': 0.19165608286857605, 'mape': 0.46147069334983826, 'mse': 0.06989873200654984, 'rmse': 0.2643836736679077}
[2025-06-04 23:08:25] - test_results: {'mae': 0.16717775166034698, 'mape': 1.2724498510360718, 'mse': 0.0538044199347496, 'rmse': 0.2319577932357788}
[2025-06-04 23:08:25] - loss no decreased for 5 epochs,  early stopping ....
[2025-06-04 23:08:25] - test_results: {'mae': 0.1706046462059021, 'mape': 1.2873554229736328, 'mse': 0.05520641431212425, 'rmse': 0.23496045172214508}
