[2025-06-04 23:19:21] - run : 0 in seed: 1
[2025-06-04 23:19:21] - +-----------------------------------+------------+
|              Modules              | Parameters |
+-----------------------------------+------------+
|     fm.Linear_Seasonal.weight     |   32256    |
|      fm.Linear_Seasonal.bias      |    336     |
|       fm.Linear_Trend.weight      |   32256    |
|        fm.Linear_Trend.bias       |    336     |
|             nm.weight             |     16     |
| nm.model_freq.model_freq.0.weight |    6144    |
|  nm.model_freq.model_freq.0.bias  |     64     |
|  nm.model_freq.model_all.0.weight |   20480    |
|   nm.model_freq.model_all.0.bias  |    128     |
|  nm.model_freq.model_all.2.weight |   43008    |
|   nm.model_freq.model_all.2.bias  |    336     |
| nm.model_pred.model_freq.0.weight |   24576    |
|  nm.model_pred.model_freq.0.bias  |    256     |
|  nm.model_pred.model_all.0.weight |   180224   |
|   nm.model_pred.model_all.0.bias  |    512     |
|  nm.model_pred.model_all.2.weight |   172032   |
|   nm.model_pred.model_all.2.bias  |    336     |
+-----------------------------------+------------+
[2025-06-04 23:19:21] - Total Trainable Params: 513296
[2025-06-04 23:19:21] - model parameters: 513296
[2025-06-04 23:19:28] - Epoch: 1 cost time: 6.617224931716919
[2025-06-04 23:19:28] - Traininng loss : 0.6977221948259017
[2025-06-04 23:19:28] - vali_results: {'mae': 0.5291692614555359, 'mape': 0.9956822991371155, 'mse': 0.43666720390319824, 'rmse': 0.6608079671859741}
[2025-06-04 23:19:29] - test_results: {'mae': 0.3099936246871948, 'mape': 1.9268718957901, 'mse': 0.1721675544977188, 'rmse': 0.4149307906627655}
[2025-06-04 23:19:35] - Epoch: 2 cost time: 14.354174375534058
[2025-06-04 23:19:35] - Traininng loss : 0.5139944432607664
[2025-06-04 23:19:36] - vali_results: {'mae': 0.4985935688018799, 'mape': 1.0055427551269531, 'mse': 0.38610920310020447, 'rmse': 0.6213768720626831}
[2025-06-04 23:19:37] - test_results: {'mae': 0.3015959858894348, 'mape': 1.9788968563079834, 'mse': 0.16432833671569824, 'rmse': 0.40537431836128235}
[2025-06-04 23:19:43] - Epoch: 3 cost time: 22.29674196243286
[2025-06-04 23:19:43] - Traininng loss : 0.5028711504795972
[2025-06-04 23:19:44] - vali_results: {'mae': 0.5128503441810608, 'mape': 1.0100899934768677, 'mse': 0.4112705588340759, 'rmse': 0.6413037776947021}
[2025-06-04 23:19:45] - test_results: {'mae': 0.30474358797073364, 'mape': 1.9927345514297485, 'mse': 0.16746188700199127, 'rmse': 0.4092210829257965}
[2025-06-04 23:19:51] - Epoch: 4 cost time: 30.0589861869812
[2025-06-04 23:19:51] - Traininng loss : 0.49561939325207977
[2025-06-04 23:19:52] - vali_results: {'mae': 0.6041654348373413, 'mape': 1.0290366411209106, 'mse': 0.5484957695007324, 'rmse': 0.7406049966812134}
[2025-06-04 23:19:52] - test_results: {'mae': 0.3245030343532562, 'mape': 1.7514084577560425, 'mse': 0.18130247294902802, 'rmse': 0.4257962703704834}
[2025-06-04 23:19:59] - Epoch: 5 cost time: 37.759602308273315
[2025-06-04 23:19:59] - Traininng loss : 0.49299196168488146
[2025-06-04 23:20:00] - vali_results: {'mae': 0.5436846017837524, 'mape': 1.0157842636108398, 'mse': 0.452343225479126, 'rmse': 0.672564685344696}
[2025-06-04 23:20:00] - test_results: {'mae': 0.3085971176624298, 'mape': 1.8993828296661377, 'mse': 0.1695488840341568, 'rmse': 0.41176313161849976}
[2025-06-04 23:20:07] - Epoch: 6 cost time: 45.684921741485596
[2025-06-04 23:20:07] - Traininng loss : 0.4895822148697049
[2025-06-04 23:20:07] - vali_results: {'mae': 0.6049788594245911, 'mape': 1.0527087450027466, 'mse': 0.5393902063369751, 'rmse': 0.7344319224357605}
[2025-06-04 23:20:08] - test_results: {'mae': 0.32528379559516907, 'mape': 1.8213003873825073, 'mse': 0.18053311109542847, 'rmse': 0.4248918890953064}
[2025-06-04 23:20:14] - Epoch: 7 cost time: 53.451581954956055
[2025-06-04 23:20:14] - Traininng loss : 0.48867420472350775
[2025-06-04 23:20:15] - vali_results: {'mae': 0.4458943009376526, 'mape': 0.9730899333953857, 'mse': 0.3155456781387329, 'rmse': 0.5617344975471497}
[2025-06-04 23:20:16] - test_results: {'mae': 0.2911686599254608, 'mape': 2.1252195835113525, 'mse': 0.15823814272880554, 'rmse': 0.3977915942668915}
[2025-06-04 23:20:22] - Epoch: 8 cost time: 61.20523428916931
[2025-06-04 23:20:22] - Traininng loss : 0.4871906398558149
[2025-06-04 23:20:23] - vali_results: {'mae': 0.5168447494506836, 'mape': 0.9840205907821655, 'mse': 0.42157697677612305, 'rmse': 0.649289608001709}
[2025-06-04 23:20:23] - test_results: {'mae': 0.3053135871887207, 'mape': 1.9608442783355713, 'mse': 0.16714639961719513, 'rmse': 0.40883541107177734}
[2025-06-04 23:20:30] - Epoch: 9 cost time: 68.80084943771362
[2025-06-04 23:20:30] - Traininng loss : 0.48471014328252254
[2025-06-04 23:20:31] - vali_results: {'mae': 0.49500131607055664, 'mape': 1.0528323650360107, 'mse': 0.38423874974250793, 'rmse': 0.6198699474334717}
[2025-06-04 23:20:31] - test_results: {'mae': 0.30017122626304626, 'mape': 2.0939841270446777, 'mse': 0.16225849092006683, 'rmse': 0.40281322598457336}
[2025-06-04 23:20:37] - Epoch: 10 cost time: 76.42997217178345
[2025-06-04 23:20:37] - Traininng loss : 0.482768166883319
[2025-06-04 23:20:38] - vali_results: {'mae': 0.4532240331172943, 'mape': 0.9678762555122375, 'mse': 0.34430035948753357, 'rmse': 0.5867711305618286}
[2025-06-04 23:20:39] - test_results: {'mae': 0.299665629863739, 'mape': 2.140367269515991, 'mse': 0.16277632117271423, 'rmse': 0.4034554660320282}
[2025-06-04 23:20:45] - Epoch: 11 cost time: 84.161381483078
[2025-06-04 23:20:45] - Traininng loss : 0.48433393493197324
[2025-06-04 23:20:46] - vali_results: {'mae': 0.5408876538276672, 'mape': 0.9507773518562317, 'mse': 0.45499661564826965, 'rmse': 0.6745343804359436}
[2025-06-04 23:20:46] - test_results: {'mae': 0.3110806941986084, 'mape': 1.8907370567321777, 'mse': 0.17282092571258545, 'rmse': 0.41571736335754395}
[2025-06-04 23:20:53] - Epoch: 12 cost time: 91.87399649620056
[2025-06-04 23:20:53] - Traininng loss : 0.47992929115014915
[2025-06-04 23:20:54] - vali_results: {'mae': 0.5849270820617676, 'mape': 0.9974913001060486, 'mse': 0.5320707559585571, 'rmse': 0.7294318079948425}
[2025-06-04 23:20:54] - test_results: {'mae': 0.3208523690700531, 'mape': 1.7889167070388794, 'mse': 0.18030135333538055, 'rmse': 0.42461907863616943}
[2025-06-04 23:20:54] - loss no decreased for 5 epochs,  early stopping ....
[2025-06-04 23:20:55] - test_results: {'mae': 0.2911686599254608, 'mape': 2.1252195835113525, 'mse': 0.15823814272880554, 'rmse': 0.3977915942668915}
