[2025-06-04 17:51:24] - run : 2 in seed: 4
[2025-06-04 17:51:24] - +-----------------------------------+------------+
|              Modules              | Parameters |
+-----------------------------------+------------+
|     fm.Linear_Seasonal.weight     |   16128    |
|      fm.Linear_Seasonal.bias      |    168     |
|       fm.Linear_Trend.weight      |   16128    |
|        fm.Linear_Trend.bias       |    168     |
|             nm.weight             |    642     |
| nm.model_freq.model_freq.0.weight |    6144    |
|  nm.model_freq.model_freq.0.bias  |     64     |
|  nm.model_freq.model_all.0.weight |   20480    |
|   nm.model_freq.model_all.0.bias  |    128     |
|  nm.model_freq.model_all.2.weight |   21504    |
|   nm.model_freq.model_all.2.bias  |    168     |
| nm.model_pred.model_freq.0.weight |   24576    |
|  nm.model_pred.model_freq.0.bias  |    256     |
|  nm.model_pred.model_all.0.weight |   180224   |
|   nm.model_pred.model_all.0.bias  |    512     |
|  nm.model_pred.model_all.2.weight |   86016    |
|   nm.model_pred.model_all.2.bias  |    168     |
+-----------------------------------+------------+
[2025-06-04 17:51:24] - Total Trainable Params: 373474
[2025-06-04 17:51:24] - model parameters: 373474
[2025-06-04 17:51:48] - Epoch: 1 cost time: 23.8829665184021
[2025-06-04 17:51:48] - Traininng loss : 0.5474959757231491
[2025-06-04 17:51:56] - vali_results: {'mae': 0.27144676446914673, 'mape': 2.30997633934021, 'mse': 0.17938795685768127, 'rmse': 0.4235421419143677}
[2025-06-04 17:52:00] - test_results: {'mae': 0.27150872349739075, 'mape': 2.9606950283050537, 'mse': 0.18302851915359497, 'rmse': 0.42781832814216614}
[2025-06-04 17:52:24] - Epoch: 2 cost time: 59.957724809646606
[2025-06-04 17:52:24] - Traininng loss : 0.41143060339168763
[2025-06-04 17:52:32] - vali_results: {'mae': 0.2684907019138336, 'mape': 2.2755470275878906, 'mse': 0.17590287327766418, 'rmse': 0.41940775513648987}
[2025-06-04 17:52:36] - test_results: {'mae': 0.2682620882987976, 'mape': 2.8989078998565674, 'mse': 0.17910146713256836, 'rmse': 0.42320382595062256}
[2025-06-04 17:53:00] - Epoch: 3 cost time: 96.22264170646667
[2025-06-04 17:53:00] - Traininng loss : 0.40555355419785205
[2025-06-04 17:53:09] - vali_results: {'mae': 0.26870471239089966, 'mape': 2.3092825412750244, 'mse': 0.17480508983135223, 'rmse': 0.41809698939323425}
[2025-06-04 17:53:13] - test_results: {'mae': 0.26972830295562744, 'mape': 2.9245364665985107, 'mse': 0.17900164425373077, 'rmse': 0.42308586835861206}
[2025-06-04 17:53:37] - Epoch: 4 cost time: 133.2804892063141
[2025-06-04 17:53:37] - Traininng loss : 0.40303194549092103
[2025-06-04 17:53:46] - vali_results: {'mae': 0.2663764953613281, 'mape': 2.3069090843200684, 'mse': 0.1745987981557846, 'rmse': 0.41785019636154175}
[2025-06-04 17:53:50] - test_results: {'mae': 0.26585653424263, 'mape': 2.9209840297698975, 'mse': 0.17745018005371094, 'rmse': 0.42124834656715393}
[2025-06-04 17:54:14] - Epoch: 5 cost time: 170.17140865325928
[2025-06-04 17:54:14] - Traininng loss : 0.40153644380854886
[2025-06-04 17:54:23] - vali_results: {'mae': 0.26660236716270447, 'mape': 2.3443140983581543, 'mse': 0.1741967499256134, 'rmse': 0.4173688292503357}
[2025-06-04 17:54:27] - test_results: {'mae': 0.2675895094871521, 'mape': 2.9415013790130615, 'mse': 0.17816974222660065, 'rmse': 0.42210158705711365}
[2025-06-04 17:54:52] - Epoch: 6 cost time: 207.40151047706604
[2025-06-04 17:54:52] - Traininng loss : 0.4000824238108078
[2025-06-04 17:55:00] - vali_results: {'mae': 0.2661701440811157, 'mape': 2.3410134315490723, 'mse': 0.17333821952342987, 'rmse': 0.41633906960487366}
[2025-06-04 17:55:05] - test_results: {'mae': 0.26719000935554504, 'mape': 2.9336252212524414, 'mse': 0.17753197252750397, 'rmse': 0.42134544253349304}
[2025-06-04 17:55:29] - Epoch: 7 cost time: 244.6208233833313
[2025-06-04 17:55:29] - Traininng loss : 0.3996229377955618
[2025-06-04 17:55:37] - vali_results: {'mae': 0.2651712894439697, 'mape': 2.319889783859253, 'mse': 0.17318853735923767, 'rmse': 0.4161592721939087}
[2025-06-04 17:55:42] - test_results: {'mae': 0.26526132225990295, 'mape': 2.9280476570129395, 'mse': 0.17643867433071136, 'rmse': 0.42004603147506714}
[2025-06-04 17:56:05] - Epoch: 8 cost time: 281.25416374206543
[2025-06-04 17:56:05] - Traininng loss : 0.39897001860007436
[2025-06-04 17:56:14] - vali_results: {'mae': 0.2652892470359802, 'mape': 2.271327495574951, 'mse': 0.1734422743320465, 'rmse': 0.4164640009403229}
[2025-06-04 17:56:18] - test_results: {'mae': 0.2641855478286743, 'mape': 2.8789963722229004, 'mse': 0.17617875337600708, 'rmse': 0.4197365343570709}
[2025-06-04 17:56:43] - Epoch: 9 cost time: 318.3631682395935
[2025-06-04 17:56:43] - Traininng loss : 0.3982811132577104
[2025-06-04 17:56:51] - vali_results: {'mae': 0.26437097787857056, 'mape': 2.3146443367004395, 'mse': 0.17316356301307678, 'rmse': 0.4161292612552643}
[2025-06-04 17:56:55] - test_results: {'mae': 0.2643812596797943, 'mape': 2.9055097103118896, 'mse': 0.17609333992004395, 'rmse': 0.41963475942611694}
[2025-06-04 17:57:19] - Epoch: 10 cost time: 355.3078486919403
[2025-06-04 17:57:19] - Traininng loss : 0.39781130409576526
[2025-06-04 17:57:28] - vali_results: {'mae': 0.2651151716709137, 'mape': 2.2746212482452393, 'mse': 0.17333339154720306, 'rmse': 0.41633325815200806}
[2025-06-04 17:57:32] - test_results: {'mae': 0.26434674859046936, 'mape': 2.8857314586639404, 'mse': 0.17585395276546478, 'rmse': 0.41934943199157715}
[2025-06-04 17:57:56] - Epoch: 11 cost time: 392.1489679813385
[2025-06-04 17:57:56] - Traininng loss : 0.39778023727343115
[2025-06-04 17:58:05] - vali_results: {'mae': 0.2663531005382538, 'mape': 2.341519355773926, 'mse': 0.1727280169725418, 'rmse': 0.4156056046485901}
[2025-06-04 17:58:10] - test_results: {'mae': 0.2676403224468231, 'mape': 2.91318941116333, 'mse': 0.1770307868719101, 'rmse': 0.4207502603530884}
[2025-06-04 17:58:33] - Epoch: 12 cost time: 429.30236625671387
[2025-06-04 17:58:33] - Traininng loss : 0.39738577572812495
[2025-06-04 17:58:42] - vali_results: {'mae': 0.2655281722545624, 'mape': 2.3726913928985596, 'mse': 0.17356614768505096, 'rmse': 0.4166127145290375}
[2025-06-04 17:58:46] - test_results: {'mae': 0.2664177715778351, 'mape': 2.960378408432007, 'mse': 0.17744138836860657, 'rmse': 0.42123791575431824}
[2025-06-04 17:59:10] - Epoch: 13 cost time: 466.22621393203735
[2025-06-04 17:59:10] - Traininng loss : 0.39706420001219694
[2025-06-04 17:59:19] - vali_results: {'mae': 0.2665657103061676, 'mape': 2.3620529174804688, 'mse': 0.17323368787765503, 'rmse': 0.4162135124206543}
[2025-06-04 17:59:23] - test_results: {'mae': 0.268078476190567, 'mape': 2.9384212493896484, 'mse': 0.1774938851594925, 'rmse': 0.4213002324104309}
[2025-06-04 17:59:47] - Epoch: 14 cost time: 503.2837302684784
[2025-06-04 17:59:47] - Traininng loss : 0.3967414855117529
[2025-06-04 17:59:56] - vali_results: {'mae': 0.26521027088165283, 'mape': 2.3420042991638184, 'mse': 0.17294232547283173, 'rmse': 0.4158633351325989}
[2025-06-04 18:00:00] - test_results: {'mae': 0.26640287041664124, 'mape': 2.9380416870117188, 'mse': 0.17693017423152924, 'rmse': 0.42063069343566895}
[2025-06-04 18:00:24] - Epoch: 15 cost time: 540.1873688697815
[2025-06-04 18:00:24] - Traininng loss : 0.39688527290250214
[2025-06-04 18:00:33] - vali_results: {'mae': 0.2641028165817261, 'mape': 2.3432867527008057, 'mse': 0.1726120561361313, 'rmse': 0.4154660701751709}
[2025-06-04 18:00:37] - test_results: {'mae': 0.2645445466041565, 'mape': 2.932995080947876, 'mse': 0.17604433000087738, 'rmse': 0.41957637667655945}
[2025-06-04 18:01:01] - Epoch: 16 cost time: 576.5679666996002
[2025-06-04 18:01:01] - Traininng loss : 0.3968958068691509
[2025-06-04 18:01:09] - vali_results: {'mae': 0.2652880847454071, 'mape': 2.3168938159942627, 'mse': 0.17295719683170319, 'rmse': 0.4158812165260315}
[2025-06-04 18:01:14] - test_results: {'mae': 0.2655288875102997, 'mape': 2.925861120223999, 'mse': 0.1762886792421341, 'rmse': 0.41986745595932007}
[2025-06-04 18:01:37] - Epoch: 17 cost time: 613.0621101856232
[2025-06-04 18:01:37] - Traininng loss : 0.3965372030793781
[2025-06-04 18:01:45] - vali_results: {'mae': 0.26647642254829407, 'mape': 2.372034788131714, 'mse': 0.1729322075843811, 'rmse': 0.4158511757850647}
[2025-06-04 18:01:50] - test_results: {'mae': 0.268064022064209, 'mape': 2.9533944129943848, 'mse': 0.177328959107399, 'rmse': 0.42110446095466614}
[2025-06-04 18:02:14] - Epoch: 18 cost time: 649.7063195705414
[2025-06-04 18:02:14] - Traininng loss : 0.3963613086707995
[2025-06-04 18:02:22] - vali_results: {'mae': 0.265282541513443, 'mape': 2.3265221118927, 'mse': 0.17211833596229553, 'rmse': 0.414871484041214}
[2025-06-04 18:02:27] - test_results: {'mae': 0.2662648558616638, 'mape': 2.9066693782806396, 'mse': 0.17609316110610962, 'rmse': 0.41963455080986023}
[2025-06-04 18:02:50] - Epoch: 19 cost time: 686.3274667263031
[2025-06-04 18:02:50] - Traininng loss : 0.39618518177262496
[2025-06-04 18:02:59] - vali_results: {'mae': 0.26396796107292175, 'mape': 2.2764878273010254, 'mse': 0.17229260504245758, 'rmse': 0.4150814414024353}
[2025-06-04 18:03:03] - test_results: {'mae': 0.2632768750190735, 'mape': 2.875802516937256, 'mse': 0.17503602802753448, 'rmse': 0.41837307810783386}
[2025-06-04 18:03:27] - Epoch: 20 cost time: 722.5027544498444
[2025-06-04 18:03:27] - Traininng loss : 0.39612424389367373
[2025-06-04 18:03:35] - vali_results: {'mae': 0.26583507657051086, 'mape': 2.3519434928894043, 'mse': 0.17301225662231445, 'rmse': 0.41594740748405457}
[2025-06-04 18:03:40] - test_results: {'mae': 0.26674318313598633, 'mape': 2.9468441009521484, 'mse': 0.17699120938777924, 'rmse': 0.4207032322883606}
[2025-06-04 18:04:03] - Epoch: 21 cost time: 759.1070206165314
[2025-06-04 18:04:03] - Traininng loss : 0.3960400497094846
[2025-06-04 18:04:11] - vali_results: {'mae': 0.26450416445732117, 'mape': 2.336108446121216, 'mse': 0.17193272709846497, 'rmse': 0.4146477282047272}
[2025-06-04 18:04:16] - test_results: {'mae': 0.26544925570487976, 'mape': 2.9280786514282227, 'mse': 0.17596367001533508, 'rmse': 0.41948023438453674}
[2025-06-04 18:04:40] - Epoch: 22 cost time: 796.2621097564697
[2025-06-04 18:04:40] - Traininng loss : 0.39583621625329407
[2025-06-04 18:04:49] - vali_results: {'mae': 0.26441606879234314, 'mape': 2.3300528526306152, 'mse': 0.1724473387002945, 'rmse': 0.41526779532432556}
[2025-06-04 18:04:54] - test_results: {'mae': 0.2648058235645294, 'mape': 2.902181625366211, 'mse': 0.17573504149913788, 'rmse': 0.4192076325416565}
[2025-06-04 18:05:18] - Epoch: 23 cost time: 833.4256291389465
[2025-06-04 18:05:18] - Traininng loss : 0.3958291407202331
[2025-06-04 18:05:26] - vali_results: {'mae': 0.2634141147136688, 'mape': 2.314751148223877, 'mse': 0.17204885184764862, 'rmse': 0.4147877097129822}
[2025-06-04 18:05:31] - test_results: {'mae': 0.2635291814804077, 'mape': 2.892399311065674, 'mse': 0.17515264451503754, 'rmse': 0.41851240396499634}
[2025-06-04 18:05:55] - Epoch: 24 cost time: 870.7695615291595
[2025-06-04 18:05:55] - Traininng loss : 0.3957944685514544
[2025-06-04 18:06:03] - vali_results: {'mae': 0.2642676532268524, 'mape': 2.351914405822754, 'mse': 0.17283697426319122, 'rmse': 0.41573667526245117}
[2025-06-04 18:06:08] - test_results: {'mae': 0.26474499702453613, 'mape': 2.9461560249328613, 'mse': 0.17631101608276367, 'rmse': 0.4198940396308899}
[2025-06-04 18:06:31] - Epoch: 25 cost time: 907.1379683017731
[2025-06-04 18:06:31] - Traininng loss : 0.39582611006540314
[2025-06-04 18:06:39] - vali_results: {'mae': 0.2654068171977997, 'mape': 2.3543291091918945, 'mse': 0.17270836234092712, 'rmse': 0.41558194160461426}
[2025-06-04 18:06:44] - test_results: {'mae': 0.266294002532959, 'mape': 2.9391350746154785, 'mse': 0.1764870434999466, 'rmse': 0.42010360956192017}
[2025-06-04 18:07:08] - Epoch: 26 cost time: 943.855978012085
[2025-06-04 18:07:08] - Traininng loss : 0.3955542380646081
[2025-06-04 18:07:16] - vali_results: {'mae': 0.2654503881931305, 'mape': 2.3220200538635254, 'mse': 0.17214594781398773, 'rmse': 0.41490474343299866}
[2025-06-04 18:07:21] - test_results: {'mae': 0.266367107629776, 'mape': 2.906879425048828, 'mse': 0.17609259486198425, 'rmse': 0.4196338951587677}
[2025-06-04 18:07:21] - loss no decreased for 5 epochs,  early stopping ....
[2025-06-04 18:07:25] - test_results: {'mae': 0.26544925570487976, 'mape': 2.9280786514282227, 'mse': 0.17596367001533508, 'rmse': 0.41948023438453674}
