[2025-06-05 13:35:26] - run : 3 in seed: 5
[2025-06-05 13:35:26] - +-----------------------------------+------------+
|              Modules              | Parameters |
+-----------------------------------+------------+
|     fm.Linear_Seasonal.weight     |   32256    |
|      fm.Linear_Seasonal.bias      |    336     |
|       fm.Linear_Trend.weight      |   32256    |
|        fm.Linear_Trend.bias       |    336     |
|             nm.weight             |     14     |
| nm.model_freq.model_freq.0.weight |    6144    |
|  nm.model_freq.model_freq.0.bias  |     64     |
|  nm.model_freq.model_all.0.weight |   20480    |
|   nm.model_freq.model_all.0.bias  |    128     |
|  nm.model_freq.model_all.2.weight |   43008    |
|   nm.model_freq.model_all.2.bias  |    336     |
| nm.model_pred.model_freq.0.weight |   24576    |
|  nm.model_pred.model_freq.0.bias  |    256     |
|  nm.model_pred.model_all.0.weight |   180224   |
|   nm.model_pred.model_all.0.bias  |    512     |
|  nm.model_pred.model_all.2.weight |   172032   |
|   nm.model_pred.model_all.2.bias  |    336     |
+-----------------------------------+------------+
[2025-06-05 13:35:26] - Total Trainable Params: 513294
[2025-06-05 13:35:26] - model parameters: 513294
[2025-06-05 13:36:27] - Epoch: 1 cost time: 61.20342397689819
[2025-06-05 13:36:27] - Traininng loss : 0.8297585631978978
[2025-06-05 13:36:35] - vali_results: {'mae': 0.4310340881347656, 'mape': 1.9020249843597412, 'mse': 0.4173256754875183, 'rmse': 0.6460074782371521}
[2025-06-05 13:36:39] - test_results: {'mae': 0.4610917866230011, 'mape': 2.010587692260742, 'mse': 0.4288567900657654, 'rmse': 0.6548715829849243}
[2025-06-05 13:37:42] - Epoch: 2 cost time: 135.79924488067627
[2025-06-05 13:37:42] - Traininng loss : 0.7767941784890261
[2025-06-05 13:37:49] - vali_results: {'mae': 0.43189162015914917, 'mape': 1.8620223999023438, 'mse': 0.41740089654922485, 'rmse': 0.6460657119750977}
[2025-06-05 13:37:52] - test_results: {'mae': 0.46772488951683044, 'mape': 1.9646669626235962, 'mse': 0.4385601282119751, 'rmse': 0.6622387170791626}
[2025-06-05 13:38:54] - Epoch: 3 cost time: 207.87050890922546
[2025-06-05 13:38:54] - Traininng loss : 0.7689033196826079
[2025-06-05 13:39:01] - vali_results: {'mae': 0.4293247163295746, 'mape': 1.86396324634552, 'mse': 0.4136584401130676, 'rmse': 0.6431628465652466}
[2025-06-05 13:39:04] - test_results: {'mae': 0.46190345287323, 'mape': 1.9445672035217285, 'mse': 0.43077167868614197, 'rmse': 0.6563320159912109}
[2025-06-05 13:40:08] - Epoch: 4 cost time: 281.86394214630127
[2025-06-05 13:40:08] - Traininng loss : 0.7638758976360096
[2025-06-05 13:40:16] - vali_results: {'mae': 0.42896750569343567, 'mape': 1.8910632133483887, 'mse': 0.41248777508735657, 'rmse': 0.6422520875930786}
[2025-06-05 13:40:19] - test_results: {'mae': 0.46118447184562683, 'mape': 1.9781599044799805, 'mse': 0.43050622940063477, 'rmse': 0.6561297178268433}
[2025-06-05 13:41:20] - Epoch: 5 cost time: 354.2084929943085
[2025-06-05 13:41:20] - Traininng loss : 0.7604594068524065
[2025-06-05 13:41:28] - vali_results: {'mae': 0.4290086627006531, 'mape': 1.8988949060440063, 'mse': 0.41050606966018677, 'rmse': 0.6407074928283691}
[2025-06-05 13:41:32] - test_results: {'mae': 0.45863428711891174, 'mape': 1.949642300605774, 'mse': 0.42719724774360657, 'rmse': 0.6536032557487488}
[2025-06-05 13:42:34] - Epoch: 6 cost time: 427.85538959503174
[2025-06-05 13:42:34] - Traininng loss : 0.7572924814265268
[2025-06-05 13:42:41] - vali_results: {'mae': 0.42812052369117737, 'mape': 1.9473661184310913, 'mse': 0.40952467918395996, 'rmse': 0.6399411559104919}
[2025-06-05 13:42:45] - test_results: {'mae': 0.45511871576309204, 'mape': 2.004668951034546, 'mse': 0.4221702814102173, 'rmse': 0.649746298789978}
[2025-06-05 13:43:45] - Epoch: 7 cost time: 498.5483226776123
[2025-06-05 13:43:45] - Traininng loss : 0.7550446274736557
[2025-06-05 13:43:51] - vali_results: {'mae': 0.43215876817703247, 'mape': 1.8812211751937866, 'mse': 0.41342440247535706, 'rmse': 0.6429808735847473}
[2025-06-05 13:43:55] - test_results: {'mae': 0.4622560143470764, 'mape': 1.947960615158081, 'mse': 0.43102434277534485, 'rmse': 0.6565244197845459}
[2025-06-05 13:45:00] - Epoch: 8 cost time: 574.0945618152618
[2025-06-05 13:45:00] - Traininng loss : 0.7533480958738207
[2025-06-05 13:45:07] - vali_results: {'mae': 0.42999187111854553, 'mape': 1.8948378562927246, 'mse': 0.4121539890766144, 'rmse': 0.6419922113418579}
[2025-06-05 13:45:11] - test_results: {'mae': 0.4604801535606384, 'mape': 1.9845569133758545, 'mse': 0.43003687262535095, 'rmse': 0.6557719707489014}
[2025-06-05 13:46:14] - Epoch: 9 cost time: 647.6500356197357
[2025-06-05 13:46:14] - Traininng loss : 0.7516086229143515
[2025-06-05 13:46:20] - vali_results: {'mae': 0.4281374216079712, 'mape': 1.8996590375900269, 'mse': 0.41307908296585083, 'rmse': 0.6427122950553894}
[2025-06-05 13:46:24] - test_results: {'mae': 0.4646850526332855, 'mape': 2.027292013168335, 'mse': 0.43650832772254944, 'rmse': 0.6606877446174622}
[2025-06-05 13:47:25] - Epoch: 10 cost time: 718.6938164234161
[2025-06-05 13:47:25] - Traininng loss : 0.7503816321304821
[2025-06-05 13:47:33] - vali_results: {'mae': 0.42746520042419434, 'mape': 1.935362696647644, 'mse': 0.4118945002555847, 'rmse': 0.6417900919914246}
[2025-06-05 13:47:36] - test_results: {'mae': 0.4589195251464844, 'mape': 2.030848503112793, 'mse': 0.4292828142642975, 'rmse': 0.6551967859268188}
[2025-06-05 13:48:38] - Epoch: 11 cost time: 791.7610731124878
[2025-06-05 13:48:38] - Traininng loss : 0.7493256701293329
[2025-06-05 13:48:44] - vali_results: {'mae': 0.4281526803970337, 'mape': 1.895355463027954, 'mse': 0.41105717420578003, 'rmse': 0.641137421131134}
[2025-06-05 13:48:48] - test_results: {'mae': 0.4657079577445984, 'mape': 1.9971870183944702, 'mse': 0.43748655915260315, 'rmse': 0.6614276766777039}
[2025-06-05 13:48:48] - loss no decreased for 5 epochs,  early stopping ....
[2025-06-05 13:48:52] - test_results: {'mae': 0.45511871576309204, 'mape': 2.004668951034546, 'mse': 0.4221702814102173, 'rmse': 0.649746298789978}
