[2025-05-28 20:32:04] - run : 0 in seed: 1
[2025-05-28 20:32:04] - +-----------------------------------+------------+
|              Modules              | Parameters |
+-----------------------------------+------------+
|     fm.Linear_Seasonal.weight     |   16128    |
|      fm.Linear_Seasonal.bias      |    168     |
|       fm.Linear_Trend.weight      |   16128    |
|        fm.Linear_Trend.bias       |    168     |
|             nm.weight             |     14     |
| nm.model_freq.model_freq.0.weight |    6144    |
|  nm.model_freq.model_freq.0.bias  |     64     |
|  nm.model_freq.model_all.0.weight |   20480    |
|   nm.model_freq.model_all.0.bias  |    128     |
|  nm.model_freq.model_all.2.weight |   21504    |
|   nm.model_freq.model_all.2.bias  |    168     |
| nm.model_pred.model_freq.0.weight |   24576    |
|  nm.model_pred.model_freq.0.bias  |    256     |
|  nm.model_pred.model_all.0.weight |   180224   |
|   nm.model_pred.model_all.0.bias  |    512     |
|  nm.model_pred.model_all.2.weight |   86016    |
|   nm.model_pred.model_all.2.bias  |    168     |
+-----------------------------------+------------+
[2025-05-28 20:32:04] - Total Trainable Params: 372846
[2025-05-28 20:32:04] - model parameters: 372846
[2025-05-28 20:32:16] - Epoch: 1 cost time: 11.885674238204956
[2025-05-28 20:32:16] - Traininng loss : 0.8255564149359276
[2025-05-28 20:32:18] - vali_results: {'mae': 0.3675581216812134, 'mape': 4.790192127227783, 'mse': 0.276213675737381, 'rmse': 0.5255603194236755}
[2025-05-28 20:32:18] - test_results: {'mae': 0.2609613239765167, 'mape': 12.121688842773438, 'mse': 0.13150982558727264, 'rmse': 0.3626428246498108}
[2025-05-28 20:32:30] - Epoch: 2 cost time: 26.388607025146484
[2025-05-28 20:32:30] - Traininng loss : 0.6983669742182816
[2025-05-28 20:32:32] - vali_results: {'mae': 0.35464560985565186, 'mape': 4.874773025512695, 'mse': 0.2653764486312866, 'rmse': 0.5151470303535461}
[2025-05-28 20:32:33] - test_results: {'mae': 0.252747505903244, 'mape': 13.448813438415527, 'mse': 0.12962014973163605, 'rmse': 0.3600279986858368}
[2025-05-28 20:32:45] - Epoch: 3 cost time: 41.043344497680664
[2025-05-28 20:32:45] - Traininng loss : 0.6789708013668776
[2025-05-28 20:32:47] - vali_results: {'mae': 0.35385629534721375, 'mape': 4.822929859161377, 'mse': 0.2616097629070282, 'rmse': 0.5114780068397522}
[2025-05-28 20:32:48] - test_results: {'mae': 0.25238603353500366, 'mape': 12.942577362060547, 'mse': 0.12841270864009857, 'rmse': 0.35834717750549316}
[2025-05-28 20:33:00] - Epoch: 4 cost time: 55.95120429992676
[2025-05-28 20:33:00] - Traininng loss : 0.670273702841342
[2025-05-28 20:33:02] - vali_results: {'mae': 0.35718947649002075, 'mape': 5.083138942718506, 'mse': 0.2671089470386505, 'rmse': 0.5168258547782898}
[2025-05-28 20:33:03] - test_results: {'mae': 0.2512907385826111, 'mape': 12.951562881469727, 'mse': 0.12567375600337982, 'rmse': 0.35450494289398193}
[2025-05-28 20:33:15] - Epoch: 5 cost time: 70.77513241767883
[2025-05-28 20:33:15] - Traininng loss : 0.6627909415688655
[2025-05-28 20:33:16] - vali_results: {'mae': 0.3608311116695404, 'mape': 4.6167402267456055, 'mse': 0.27018436789512634, 'rmse': 0.5197926163673401}
[2025-05-28 20:33:17] - test_results: {'mae': 0.24985899031162262, 'mape': 12.212326049804688, 'mse': 0.12303118407726288, 'rmse': 0.35075801610946655}
[2025-05-28 20:33:29] - Epoch: 6 cost time: 85.24518036842346
[2025-05-28 20:33:29] - Traininng loss : 0.6566366599647993
[2025-05-28 20:33:31] - vali_results: {'mae': 0.35683581233024597, 'mape': 5.083240509033203, 'mse': 0.2690354585647583, 'rmse': 0.5186862945556641}
[2025-05-28 20:33:32] - test_results: {'mae': 0.24702182412147522, 'mape': 12.95776081085205, 'mse': 0.12397395819425583, 'rmse': 0.35209935903549194}
[2025-05-28 20:33:43] - Epoch: 7 cost time: 99.31262516975403
[2025-05-28 20:33:43] - Traininng loss : 0.6516734430361689
[2025-05-28 20:33:45] - vali_results: {'mae': 0.3574002981185913, 'mape': 4.833122730255127, 'mse': 0.2665841281414032, 'rmse': 0.5163178443908691}
[2025-05-28 20:33:46] - test_results: {'mae': 0.24959588050842285, 'mape': 12.930011749267578, 'mse': 0.1231766790151596, 'rmse': 0.35096535086631775}
[2025-05-28 20:33:58] - Epoch: 8 cost time: 114.29980063438416
[2025-05-28 20:33:58] - Traininng loss : 0.6486561140170366
[2025-05-28 20:34:00] - vali_results: {'mae': 0.3604170083999634, 'mape': 4.601659774780273, 'mse': 0.27191558480262756, 'rmse': 0.5214552283287048}
[2025-05-28 20:34:01] - test_results: {'mae': 0.2472265511751175, 'mape': 12.466882705688477, 'mse': 0.1210840716958046, 'rmse': 0.3479713797569275}
[2025-05-28 20:34:01] - loss no decreased for 5 epochs,  early stopping ....
[2025-05-28 20:34:02] - test_results: {'mae': 0.25238603353500366, 'mape': 12.942577362060547, 'mse': 0.12841270864009857, 'rmse': 0.35834717750549316}
