[2025-06-04 14:33:49] - run : 1 in seed: 3
[2025-06-04 14:33:49] - +-----------------------------------+------------+
|              Modules              | Parameters |
+-----------------------------------+------------+
|     fm.Linear_Seasonal.weight     |    9216    |
|      fm.Linear_Seasonal.bias      |     96     |
|       fm.Linear_Trend.weight      |    9216    |
|        fm.Linear_Trend.bias       |     96     |
|             nm.weight             |     14     |
| nm.model_freq.model_freq.0.weight |    6144    |
|  nm.model_freq.model_freq.0.bias  |     64     |
|  nm.model_freq.model_all.0.weight |   20480    |
|   nm.model_freq.model_all.0.bias  |    128     |
|  nm.model_freq.model_all.2.weight |   12288    |
|   nm.model_freq.model_all.2.bias  |     96     |
| nm.model_pred.model_freq.0.weight |   24576    |
|  nm.model_pred.model_freq.0.bias  |    256     |
|  nm.model_pred.model_all.0.weight |   180224   |
|   nm.model_pred.model_all.0.bias  |    512     |
|  nm.model_pred.model_all.2.weight |   49152    |
|   nm.model_pred.model_all.2.bias  |     96     |
+-----------------------------------+------------+
[2025-06-04 14:33:49] - Total Trainable Params: 312654
[2025-06-04 14:33:49] - model parameters: 312654
[2025-06-04 14:33:59] - Epoch: 1 cost time: 9.71977162361145
[2025-06-04 14:33:59] - Traininng loss : 0.6945035586014707
[2025-06-04 14:34:00] - vali_results: {'mae': 0.3380762040615082, 'mape': 4.607868671417236, 'mse': 0.241849884390831, 'rmse': 0.49178236722946167}
[2025-06-04 14:34:01] - test_results: {'mae': 0.24326664209365845, 'mape': 10.546932220458984, 'mse': 0.11397357285022736, 'rmse': 0.3375997245311737}
[2025-06-04 14:34:11] - Epoch: 2 cost time: 22.289423942565918
[2025-06-04 14:34:11] - Traininng loss : 0.5616193055868783
[2025-06-04 14:34:13] - vali_results: {'mae': 0.34908562898635864, 'mape': 4.399819850921631, 'mse': 0.2515172064304352, 'rmse': 0.5015149116516113}
[2025-06-04 14:34:14] - test_results: {'mae': 0.24548418819904327, 'mape': 9.583706855773926, 'mse': 0.11349593102931976, 'rmse': 0.3368915617465973}
[2025-06-04 14:34:24] - Epoch: 3 cost time: 34.982720136642456
[2025-06-04 14:34:24] - Traininng loss : 0.5416690201122076
[2025-06-04 14:34:26] - vali_results: {'mae': 0.3280675411224365, 'mape': 4.587539196014404, 'mse': 0.2322511225938797, 'rmse': 0.4819243848323822}
[2025-06-04 14:34:27] - test_results: {'mae': 0.23724299669265747, 'mape': 11.912711143493652, 'mse': 0.11160798370838165, 'rmse': 0.3340778052806854}
[2025-06-04 14:34:37] - Epoch: 4 cost time: 47.635695695877075
[2025-06-04 14:34:37] - Traininng loss : 0.532510194610408
[2025-06-04 14:34:39] - vali_results: {'mae': 0.34153246879577637, 'mape': 4.469651699066162, 'mse': 0.24578358232975006, 'rmse': 0.49576565623283386}
[2025-06-04 14:34:40] - test_results: {'mae': 0.23827876150608063, 'mape': 10.32569408416748, 'mse': 0.10922776162624359, 'rmse': 0.330496221780777}
[2025-06-04 14:34:49] - Epoch: 5 cost time: 60.30978512763977
[2025-06-04 14:34:49] - Traininng loss : 0.5229564619825241
[2025-06-04 14:34:51] - vali_results: {'mae': 0.3305965065956116, 'mape': 4.581889629364014, 'mse': 0.23435381054878235, 'rmse': 0.4841010272502899}
[2025-06-04 14:34:52] - test_results: {'mae': 0.23492366075515747, 'mape': 11.259645462036133, 'mse': 0.10815570503473282, 'rmse': 0.32887035608291626}
[2025-06-04 14:35:02] - Epoch: 6 cost time: 72.94395327568054
[2025-06-04 14:35:02] - Traininng loss : 0.5179323653115872
[2025-06-04 14:35:04] - vali_results: {'mae': 0.32797950506210327, 'mape': 4.835267066955566, 'mse': 0.2326660454273224, 'rmse': 0.48235470056533813}
[2025-06-04 14:35:05] - test_results: {'mae': 0.23666824400424957, 'mape': 12.250880241394043, 'mse': 0.11106405407190323, 'rmse': 0.33326274156570435}
[2025-06-04 14:35:15] - Epoch: 7 cost time: 85.52499651908875
[2025-06-04 14:35:15] - Traininng loss : 0.5115080356122331
[2025-06-04 14:35:17] - vali_results: {'mae': 0.3330637216567993, 'mape': 4.707980155944824, 'mse': 0.23845422267913818, 'rmse': 0.4883177578449249}
[2025-06-04 14:35:18] - test_results: {'mae': 0.23476584255695343, 'mape': 11.365781784057617, 'mse': 0.10816791653633118, 'rmse': 0.3288889229297638}
[2025-06-04 14:35:27] - Epoch: 8 cost time: 98.29624319076538
[2025-06-04 14:35:27] - Traininng loss : 0.5070510302135285
[2025-06-04 14:35:29] - vali_results: {'mae': 0.3335550129413605, 'mape': 4.543145656585693, 'mse': 0.23685309290885925, 'rmse': 0.48667556047439575}
[2025-06-04 14:35:30] - test_results: {'mae': 0.23576442897319794, 'mape': 11.2903413772583, 'mse': 0.10793505609035492, 'rmse': 0.32853472232818604}
[2025-06-04 14:35:30] - loss no decreased for 5 epochs,  early stopping ....
[2025-06-04 14:35:31] - test_results: {'mae': 0.23724299669265747, 'mape': 11.912711143493652, 'mse': 0.11160798370838165, 'rmse': 0.3340778052806854}
