[2025-06-04 19:58:41] - run : 0 in seed: 2
[2025-06-04 19:58:41] - +-----------------------------------+------------+
|              Modules              | Parameters |
+-----------------------------------+------------+
|     fm.Linear_Seasonal.weight     |   69120    |
|      fm.Linear_Seasonal.bias      |    720     |
|       fm.Linear_Trend.weight      |   69120    |
|        fm.Linear_Trend.bias       |    720     |
|             nm.weight             |    642     |
| nm.model_freq.model_freq.0.weight |    6144    |
|  nm.model_freq.model_freq.0.bias  |     64     |
|  nm.model_freq.model_all.0.weight |   20480    |
|   nm.model_freq.model_all.0.bias  |    128     |
|  nm.model_freq.model_all.2.weight |   92160    |
|   nm.model_freq.model_all.2.bias  |    720     |
| nm.model_pred.model_freq.0.weight |   24576    |
|  nm.model_pred.model_freq.0.bias  |    256     |
|  nm.model_pred.model_all.0.weight |   180224   |
|   nm.model_pred.model_all.0.bias  |    512     |
|  nm.model_pred.model_all.2.weight |   368640   |
|   nm.model_pred.model_all.2.bias  |    720     |
+-----------------------------------+------------+
[2025-06-04 19:58:41] - Total Trainable Params: 834946
[2025-06-04 19:58:41] - model parameters: 834946
[2025-06-04 19:59:41] - Epoch: 1 cost time: 59.70829463005066
[2025-06-04 19:59:41] - Traininng loss : 0.6789544980092482
[2025-06-04 19:59:56] - vali_results: {'mae': 0.3188408613204956, 'mape': 2.7233259677886963, 'mse': 0.22745381295681, 'rmse': 0.4769211709499359}
[2025-06-04 20:00:05] - test_results: {'mae': 0.32681968808174133, 'mape': 3.398261547088623, 'mse': 0.2293771505355835, 'rmse': 0.47893333435058594}
[2025-06-04 20:01:05] - Epoch: 2 cost time: 143.70874071121216
[2025-06-04 20:01:05] - Traininng loss : 0.5396203271909193
[2025-06-04 20:01:24] - vali_results: {'mae': 0.31660422682762146, 'mape': 2.7234699726104736, 'mse': 0.22526514530181885, 'rmse': 0.474621057510376}
[2025-06-04 20:01:34] - test_results: {'mae': 0.325435072183609, 'mape': 3.3920693397521973, 'mse': 0.2272520363330841, 'rmse': 0.47670960426330566}
[2025-06-04 20:02:33] - Epoch: 3 cost time: 232.4785647392273
[2025-06-04 20:02:33] - Traininng loss : 0.5352535380016674
[2025-06-04 20:02:53] - vali_results: {'mae': 0.31741634011268616, 'mape': 2.759373188018799, 'mse': 0.2248748540878296, 'rmse': 0.474209725856781}
[2025-06-04 20:03:02] - test_results: {'mae': 0.32530951499938965, 'mape': 3.4346067905426025, 'mse': 0.22602203488349915, 'rmse': 0.47541773319244385}
[2025-06-04 20:04:01] - Epoch: 4 cost time: 319.92956805229187
[2025-06-04 20:04:01] - Traininng loss : 0.533367260911248
[2025-06-04 20:04:20] - vali_results: {'mae': 0.3164007365703583, 'mape': 2.771697759628296, 'mse': 0.2241271585226059, 'rmse': 0.4734207093715668}
[2025-06-04 20:04:30] - test_results: {'mae': 0.32554176449775696, 'mape': 3.4481403827667236, 'mse': 0.22600969672203064, 'rmse': 0.4754047691822052}
[2025-06-04 20:05:29] - Epoch: 5 cost time: 407.5676865577698
[2025-06-04 20:05:29] - Traininng loss : 0.5320089940049432
[2025-06-04 20:05:48] - vali_results: {'mae': 0.3170129358768463, 'mape': 2.84574556350708, 'mse': 0.22461892664432526, 'rmse': 0.47393980622291565}
[2025-06-04 20:05:58] - test_results: {'mae': 0.32900869846343994, 'mape': 3.541043281555176, 'mse': 0.2286110818386078, 'rmse': 0.4781329035758972}
[2025-06-04 20:06:57] - Epoch: 6 cost time: 496.0285704135895
[2025-06-04 20:06:57] - Traininng loss : 0.5312242010506717
[2025-06-04 20:07:17] - vali_results: {'mae': 0.31434521079063416, 'mape': 2.7302944660186768, 'mse': 0.22312606871128082, 'rmse': 0.472362220287323}
[2025-06-04 20:07:27] - test_results: {'mae': 0.3232501149177551, 'mape': 3.3991169929504395, 'mse': 0.2247927188873291, 'rmse': 0.4741230905056}
[2025-06-04 20:08:26] - Epoch: 7 cost time: 585.1761159896851
[2025-06-04 20:08:26] - Traininng loss : 0.5304675199226899
[2025-06-04 20:08:46] - vali_results: {'mae': 0.31462186574935913, 'mape': 2.7562906742095947, 'mse': 0.2229718267917633, 'rmse': 0.4721989333629608}
[2025-06-04 20:08:56] - test_results: {'mae': 0.3235101103782654, 'mape': 3.4347281455993652, 'mse': 0.2246367633342743, 'rmse': 0.4739586114883423}
[2025-06-04 20:09:55] - Epoch: 8 cost time: 674.3963289260864
[2025-06-04 20:09:55] - Traininng loss : 0.5300726150382649
[2025-06-04 20:10:15] - vali_results: {'mae': 0.3130844235420227, 'mape': 2.6724979877471924, 'mse': 0.22327643632888794, 'rmse': 0.4725213646888733}
[2025-06-04 20:10:25] - test_results: {'mae': 0.3185808062553406, 'mape': 3.3231396675109863, 'mse': 0.22238899767398834, 'rmse': 0.471581369638443}
[2025-06-04 20:11:25] - Epoch: 9 cost time: 763.9719903469086
[2025-06-04 20:11:25] - Traininng loss : 0.5296174714782022
[2025-06-04 20:11:44] - vali_results: {'mae': 0.3130796253681183, 'mape': 2.767578601837158, 'mse': 0.22259268164634705, 'rmse': 0.47179728746414185}
[2025-06-04 20:11:53] - test_results: {'mae': 0.321810245513916, 'mape': 3.4436488151550293, 'mse': 0.22407729923725128, 'rmse': 0.4733680486679077}
[2025-06-04 20:12:53] - Epoch: 10 cost time: 851.8449544906616
[2025-06-04 20:12:53] - Traininng loss : 0.529106711474332
[2025-06-04 20:13:12] - vali_results: {'mae': 0.31671223044395447, 'mape': 2.790231466293335, 'mse': 0.22356250882148743, 'rmse': 0.47282397747039795}
[2025-06-04 20:13:22] - test_results: {'mae': 0.32839667797088623, 'mape': 3.4796833992004395, 'mse': 0.22734175622463226, 'rmse': 0.4768036901950836}
[2025-06-04 20:14:21] - Epoch: 11 cost time: 939.7264425754547
[2025-06-04 20:14:21] - Traininng loss : 0.5288502288406546
[2025-06-04 20:14:40] - vali_results: {'mae': 0.31392714381217957, 'mape': 2.721384286880493, 'mse': 0.22246192395687103, 'rmse': 0.47165870666503906}
[2025-06-04 20:14:50] - test_results: {'mae': 0.32180696725845337, 'mape': 3.4020817279815674, 'mse': 0.2233346551656723, 'rmse': 0.47258296608924866}
[2025-06-04 20:15:49] - Epoch: 12 cost time: 1027.6347122192383
[2025-06-04 20:15:49] - Traininng loss : 0.5287663199684837
[2025-06-04 20:16:07] - vali_results: {'mae': 0.3124710023403168, 'mape': 2.6903066635131836, 'mse': 0.22317233681678772, 'rmse': 0.472411185503006}
[2025-06-04 20:16:17] - test_results: {'mae': 0.31794342398643494, 'mape': 3.3568458557128906, 'mse': 0.2223414033651352, 'rmse': 0.4715309143066406}
[2025-06-04 20:17:14] - Epoch: 13 cost time: 1113.3915054798126
[2025-06-04 20:17:14] - Traininng loss : 0.5285624977675352
[2025-06-04 20:17:33] - vali_results: {'mae': 0.31181010603904724, 'mape': 2.724257469177246, 'mse': 0.22262981534004211, 'rmse': 0.4718366265296936}
[2025-06-04 20:17:42] - test_results: {'mae': 0.3194233775138855, 'mape': 3.400510787963867, 'mse': 0.2234674096107483, 'rmse': 0.4727233946323395}
[2025-06-04 20:18:42] - Epoch: 14 cost time: 1201.0799601078033
[2025-06-04 20:18:42] - Traininng loss : 0.5285285372083838
[2025-06-04 20:19:01] - vali_results: {'mae': 0.3133898675441742, 'mape': 2.7170324325561523, 'mse': 0.22231215238571167, 'rmse': 0.47149989008903503}
[2025-06-04 20:19:10] - test_results: {'mae': 0.32054391503334045, 'mape': 3.3984885215759277, 'mse': 0.22277501225471497, 'rmse': 0.4719904661178589}
[2025-06-04 20:20:09] - Epoch: 15 cost time: 1287.8034851551056
[2025-06-04 20:20:09] - Traininng loss : 0.5280196478691968
[2025-06-04 20:20:29] - vali_results: {'mae': 0.3133947551250458, 'mape': 2.7437446117401123, 'mse': 0.2224670946598053, 'rmse': 0.4716641902923584}
[2025-06-04 20:20:40] - test_results: {'mae': 0.3218652904033661, 'mape': 3.428006649017334, 'mse': 0.22387705743312836, 'rmse': 0.47315648198127747}
[2025-06-04 20:21:39] - Epoch: 16 cost time: 1378.464277267456
[2025-06-04 20:21:39] - Traininng loss : 0.5279979593645443
[2025-06-04 20:21:59] - vali_results: {'mae': 0.31347599625587463, 'mape': 2.708683729171753, 'mse': 0.22240205109119415, 'rmse': 0.47159522771835327}
[2025-06-04 20:22:09] - test_results: {'mae': 0.32067838311195374, 'mape': 3.3708386421203613, 'mse': 0.22285552322864532, 'rmse': 0.47207576036453247}
[2025-06-04 20:23:07] - Epoch: 17 cost time: 1466.3489801883698
[2025-06-04 20:23:07] - Traininng loss : 0.527741395614364
[2025-06-04 20:23:27] - vali_results: {'mae': 0.31213662028312683, 'mape': 2.7248895168304443, 'mse': 0.22224551439285278, 'rmse': 0.4714292287826538}
[2025-06-04 20:23:36] - test_results: {'mae': 0.3202318251132965, 'mape': 3.398834466934204, 'mse': 0.22356873750686646, 'rmse': 0.47283056378364563}
[2025-06-04 20:24:35] - Epoch: 18 cost time: 1553.604591369629
[2025-06-04 20:24:35] - Traininng loss : 0.5277959383075888
[2025-06-04 20:24:54] - vali_results: {'mae': 0.31247735023498535, 'mape': 2.7304909229278564, 'mse': 0.2221681922674179, 'rmse': 0.47134721279144287}
[2025-06-04 20:25:03] - test_results: {'mae': 0.3198245167732239, 'mape': 3.408687114715576, 'mse': 0.22277425229549408, 'rmse': 0.4719896614551544}
[2025-06-04 20:26:03] - Epoch: 19 cost time: 1641.7275879383087
[2025-06-04 20:26:03] - Traininng loss : 0.5277136280861768
[2025-06-04 20:26:22] - vali_results: {'mae': 0.31533801555633545, 'mape': 2.800196409225464, 'mse': 0.22256088256835938, 'rmse': 0.47176358103752136}
[2025-06-04 20:26:31] - test_results: {'mae': 0.32677188515663147, 'mape': 3.491942882537842, 'mse': 0.2260185033082962, 'rmse': 0.4754140377044678}
[2025-06-04 20:27:30] - Epoch: 20 cost time: 1729.2816181182861
[2025-06-04 20:27:30] - Traininng loss : 0.5276740987734361
[2025-06-04 20:27:50] - vali_results: {'mae': 0.3157632648944855, 'mape': 2.78423810005188, 'mse': 0.2226555049419403, 'rmse': 0.47186386585235596}
[2025-06-04 20:28:01] - test_results: {'mae': 0.3261626064777374, 'mape': 3.4576711654663086, 'mse': 0.22536110877990723, 'rmse': 0.47472214698791504}
[2025-06-04 20:29:01] - Epoch: 21 cost time: 1820.4160215854645
[2025-06-04 20:29:01] - Traininng loss : 0.527514285011725
[2025-06-04 20:29:21] - vali_results: {'mae': 0.31251031160354614, 'mape': 2.7050864696502686, 'mse': 0.2219201922416687, 'rmse': 0.4710840582847595}
[2025-06-04 20:29:30] - test_results: {'mae': 0.320047527551651, 'mape': 3.376159906387329, 'mse': 0.22251570224761963, 'rmse': 0.47171568870544434}
[2025-06-04 20:30:29] - Epoch: 22 cost time: 1907.925006389618
[2025-06-04 20:30:29] - Traininng loss : 0.5272218933430585
[2025-06-04 20:30:48] - vali_results: {'mae': 0.31282851099967957, 'mape': 2.7306079864501953, 'mse': 0.22230756282806396, 'rmse': 0.47149503231048584}
[2025-06-04 20:30:58] - test_results: {'mae': 0.32075804471969604, 'mape': 3.39760422706604, 'mse': 0.22317227721214294, 'rmse': 0.4724111258983612}
[2025-06-04 20:31:57] - Epoch: 23 cost time: 1996.158160686493
[2025-06-04 20:31:57] - Traininng loss : 0.5274151412465355
[2025-06-04 20:32:16] - vali_results: {'mae': 0.3119819462299347, 'mape': 2.7215521335601807, 'mse': 0.22228215634822845, 'rmse': 0.47146809101104736}
[2025-06-04 20:32:26] - test_results: {'mae': 0.31847503781318665, 'mape': 3.391845226287842, 'mse': 0.2224365770816803, 'rmse': 0.47163182497024536}
[2025-06-04 20:33:24] - Epoch: 24 cost time: 2083.091447353363
[2025-06-04 20:33:24] - Traininng loss : 0.527158304344524
[2025-06-04 20:33:43] - vali_results: {'mae': 0.3128655254840851, 'mape': 2.728973388671875, 'mse': 0.22203855216503143, 'rmse': 0.47120967507362366}
[2025-06-04 20:33:52] - test_results: {'mae': 0.32030946016311646, 'mape': 3.4041354656219482, 'mse': 0.22260496020317078, 'rmse': 0.47181031107902527}
[2025-06-04 20:34:51] - Epoch: 25 cost time: 2169.9873130321503
[2025-06-04 20:34:51] - Traininng loss : 0.527134502530098
[2025-06-04 20:35:10] - vali_results: {'mae': 0.3143247961997986, 'mape': 2.7947471141815186, 'mse': 0.22233842313289642, 'rmse': 0.47152775526046753}
[2025-06-04 20:35:20] - test_results: {'mae': 0.3250071406364441, 'mape': 3.4861228466033936, 'mse': 0.22520959377288818, 'rmse': 0.47456252574920654}
[2025-06-04 20:36:20] - Epoch: 26 cost time: 2259.0393776893616
[2025-06-04 20:36:20] - Traininng loss : 0.5269286908886649
[2025-06-04 20:36:39] - vali_results: {'mae': 0.312203049659729, 'mape': 2.7368462085723877, 'mse': 0.22180160880088806, 'rmse': 0.4709581732749939}
[2025-06-04 20:36:48] - test_results: {'mae': 0.32040151953697205, 'mape': 3.4153895378112793, 'mse': 0.22284993529319763, 'rmse': 0.4720698297023773}
[2025-06-04 20:37:47] - Epoch: 27 cost time: 2346.3185098171234
[2025-06-04 20:37:47] - Traininng loss : 0.5268894465403123
[2025-06-04 20:38:07] - vali_results: {'mae': 0.31236252188682556, 'mape': 2.743793487548828, 'mse': 0.22201643884181976, 'rmse': 0.47118619084358215}
[2025-06-04 20:38:17] - test_results: {'mae': 0.32170435786247253, 'mape': 3.420966148376465, 'mse': 0.22385330498218536, 'rmse': 0.473131388425827}
[2025-06-04 20:39:17] - Epoch: 28 cost time: 2436.044501543045
[2025-06-04 20:39:17] - Traininng loss : 0.5269689212062142
[2025-06-04 20:39:37] - vali_results: {'mae': 0.31167691946029663, 'mape': 2.7213797569274902, 'mse': 0.22192855179309845, 'rmse': 0.47109293937683105}
[2025-06-04 20:39:47] - test_results: {'mae': 0.31926512718200684, 'mape': 3.3784067630767822, 'mse': 0.2224888652563095, 'rmse': 0.4716872572898865}
[2025-06-04 20:40:46] - Epoch: 29 cost time: 2524.788055419922
[2025-06-04 20:40:46] - Traininng loss : 0.5270649096098813
[2025-06-04 20:41:05] - vali_results: {'mae': 0.31276196241378784, 'mape': 2.7425076961517334, 'mse': 0.22182559967041016, 'rmse': 0.4709836542606354}
[2025-06-04 20:41:15] - test_results: {'mae': 0.3212491273880005, 'mape': 3.422569751739502, 'mse': 0.22330237925052643, 'rmse': 0.47254881262779236}
[2025-06-04 20:42:14] - Epoch: 30 cost time: 2613.045011281967
[2025-06-04 20:42:14] - Traininng loss : 0.526695664362474
[2025-06-04 20:42:34] - vali_results: {'mae': 0.3129401206970215, 'mape': 2.7528414726257324, 'mse': 0.2222374975681305, 'rmse': 0.4714207351207733}
[2025-06-04 20:42:44] - test_results: {'mae': 0.32166364789009094, 'mape': 3.4256396293640137, 'mse': 0.22376498579978943, 'rmse': 0.47303804755210876}
[2025-06-04 20:43:43] - Epoch: 31 cost time: 2701.6798148155212
[2025-06-04 20:43:43] - Traininng loss : 0.5267040280862288
[2025-06-04 20:44:03] - vali_results: {'mae': 0.3131386935710907, 'mape': 2.781855821609497, 'mse': 0.22186113893985748, 'rmse': 0.4710213840007782}
[2025-06-04 20:44:13] - test_results: {'mae': 0.32368382811546326, 'mape': 3.4736156463623047, 'mse': 0.22452615201473236, 'rmse': 0.47384190559387207}
[2025-06-04 20:44:13] - loss no decreased for 5 epochs,  early stopping ....
[2025-06-04 20:44:23] - test_results: {'mae': 0.32040151953697205, 'mape': 3.4153895378112793, 'mse': 0.22284993529319763, 'rmse': 0.4720698297023773}
