[2025-06-05 22:03:39] - run : 1 in seed: 3
[2025-06-05 22:03:39] - +-----------------------------------+------------+
|              Modules              | Parameters |
+-----------------------------------+------------+
|     fm.Linear_Seasonal.weight     |   69120    |
|      fm.Linear_Seasonal.bias      |    720     |
|       fm.Linear_Trend.weight      |   69120    |
|        fm.Linear_Trend.bias       |    720     |
|             nm.weight             |     42     |
| nm.model_freq.model_freq.0.weight |    6144    |
|  nm.model_freq.model_freq.0.bias  |     64     |
|  nm.model_freq.model_all.0.weight |   20480    |
|   nm.model_freq.model_all.0.bias  |    128     |
|  nm.model_freq.model_all.2.weight |   92160    |
|   nm.model_freq.model_all.2.bias  |    720     |
| nm.model_pred.model_freq.0.weight |   24576    |
|  nm.model_pred.model_freq.0.bias  |    256     |
|  nm.model_pred.model_all.0.weight |   180224   |
|   nm.model_pred.model_all.0.bias  |    512     |
|  nm.model_pred.model_all.2.weight |   368640   |
|   nm.model_pred.model_all.2.bias  |    720     |
+-----------------------------------+------------+
[2025-06-05 22:03:39] - Total Trainable Params: 834346
[2025-06-05 22:03:39] - model parameters: 834346
[2025-06-05 22:04:59] - Epoch: 1 cost time: 80.58751940727234
[2025-06-05 22:04:59] - Traininng loss : 1.5103303497881755
[2025-06-05 22:05:07] - vali_results: {'mae': 0.4318658411502838, 'mape': 5.81059455871582, 'mse': 0.5033496618270874, 'rmse': 0.7094714045524597}
[2025-06-05 22:05:11] - test_results: {'mae': 0.3583178222179413, 'mape': 1.802600622177124, 'mse': 0.34920617938041687, 'rmse': 0.5909367203712463}
[2025-06-05 22:06:32] - Epoch: 2 cost time: 173.63508915901184
[2025-06-05 22:06:32] - Traininng loss : 1.4434699806127143
[2025-06-05 22:06:41] - vali_results: {'mae': 0.4352807402610779, 'mape': 6.606154918670654, 'mse': 0.5106641054153442, 'rmse': 0.7146076560020447}
[2025-06-05 22:06:45] - test_results: {'mae': 0.35363614559173584, 'mape': 1.9474159479141235, 'mse': 0.3506218194961548, 'rmse': 0.5921332836151123}
[2025-06-05 22:08:04] - Epoch: 3 cost time: 265.01856660842896
[2025-06-05 22:08:04] - Traininng loss : 1.4339407679776774
[2025-06-05 22:08:12] - vali_results: {'mae': 0.444410115480423, 'mape': 7.956855773925781, 'mse': 0.5228341817855835, 'rmse': 0.7230727076530457}
[2025-06-05 22:08:16] - test_results: {'mae': 0.36381450295448303, 'mape': 2.178605079650879, 'mse': 0.36089545488357544, 'rmse': 0.6007457375526428}
[2025-06-05 22:09:37] - Epoch: 4 cost time: 357.79721570014954
[2025-06-05 22:09:37] - Traininng loss : 1.430865873206169
[2025-06-05 22:09:45] - vali_results: {'mae': 0.42862361669540405, 'mape': 5.477088928222656, 'mse': 0.5071871876716614, 'rmse': 0.7121707797050476}
[2025-06-05 22:09:49] - test_results: {'mae': 0.33980369567871094, 'mape': 1.8050986528396606, 'mse': 0.3424467444419861, 'rmse': 0.5851895213127136}
[2025-06-05 22:11:09] - Epoch: 5 cost time: 450.02288579940796
[2025-06-05 22:11:09] - Traininng loss : 1.4276965783631548
[2025-06-05 22:11:17] - vali_results: {'mae': 0.4332271218299866, 'mape': 5.899866104125977, 'mse': 0.5092165470123291, 'rmse': 0.7135940790176392}
[2025-06-05 22:11:21] - test_results: {'mae': 0.3565499484539032, 'mape': 1.8355376720428467, 'mse': 0.35371705889701843, 'rmse': 0.59474116563797}
[2025-06-05 22:12:41] - Epoch: 6 cost time: 542.1297452449799
[2025-06-05 22:12:41] - Traininng loss : 1.4257563733568428
[2025-06-05 22:12:49] - vali_results: {'mae': 0.43525198101997375, 'mape': 6.2686638832092285, 'mse': 0.5123682618141174, 'rmse': 0.7157990336418152}
[2025-06-05 22:12:54] - test_results: {'mae': 0.3520394265651703, 'mape': 1.8972352743148804, 'mse': 0.35081946849823, 'rmse': 0.5923001766204834}
[2025-06-05 22:12:54] - loss no decreased for 5 epochs,  early stopping ....
[2025-06-05 22:12:58] - test_results: {'mae': 0.3583178222179413, 'mape': 1.802600622177124, 'mse': 0.34920617938041687, 'rmse': 0.5909367203712463}
