[2025-06-05 00:43:40] - run : 1 in seed: 3
[2025-06-05 00:43:40] - +-----------------------------------+------------+
|              Modules              | Parameters |
+-----------------------------------+------------+
|     fm.Linear_Seasonal.weight     |   32256    |
|      fm.Linear_Seasonal.bias      |    336     |
|       fm.Linear_Trend.weight      |   32256    |
|        fm.Linear_Trend.bias       |    336     |
|             nm.weight             |     14     |
| nm.model_freq.model_freq.0.weight |    6144    |
|  nm.model_freq.model_freq.0.bias  |     64     |
|  nm.model_freq.model_all.0.weight |   20480    |
|   nm.model_freq.model_all.0.bias  |    128     |
|  nm.model_freq.model_all.2.weight |   43008    |
|   nm.model_freq.model_all.2.bias  |    336     |
| nm.model_pred.model_freq.0.weight |   24576    |
|  nm.model_pred.model_freq.0.bias  |    256     |
|  nm.model_pred.model_all.0.weight |   180224   |
|   nm.model_pred.model_all.0.bias  |    512     |
|  nm.model_pred.model_all.2.weight |   172032   |
|   nm.model_pred.model_all.2.bias  |    336     |
+-----------------------------------+------------+
[2025-06-05 00:43:40] - Total Trainable Params: 513294
[2025-06-05 00:43:40] - model parameters: 513294
[2025-06-05 00:43:56] - Epoch: 1 cost time: 15.966430902481079
[2025-06-05 00:43:56] - Traininng loss : 1.2202607819243618
[2025-06-05 00:43:58] - vali_results: {'mae': 0.4846215844154358, 'mape': 6.208253860473633, 'mse': 0.4804050922393799, 'rmse': 0.6931126117706299}
[2025-06-05 00:43:59] - test_results: {'mae': 0.5058305263519287, 'mape': 6.532977104187012, 'mse': 0.470632404088974, 'rmse': 0.6860265135765076}
[2025-06-05 00:44:16] - Epoch: 2 cost time: 35.32654023170471
[2025-06-05 00:44:16] - Traininng loss : 1.087740497096725
[2025-06-05 00:44:18] - vali_results: {'mae': 0.48051008582115173, 'mape': 6.270603656768799, 'mse': 0.47393330931663513, 'rmse': 0.6884281635284424}
[2025-06-05 00:44:19] - test_results: {'mae': 0.49566999077796936, 'mape': 6.517660617828369, 'mse': 0.45719030499458313, 'rmse': 0.6761584877967834}
[2025-06-05 00:44:35] - Epoch: 3 cost time: 54.40758919715881
[2025-06-05 00:44:35] - Traininng loss : 1.0737612548729647
[2025-06-05 00:44:37] - vali_results: {'mae': 0.4784470200538635, 'mape': 6.143765926361084, 'mse': 0.4695923328399658, 'rmse': 0.6852680444717407}
[2025-06-05 00:44:38] - test_results: {'mae': 0.48865726590156555, 'mape': 6.28538179397583, 'mse': 0.44804108142852783, 'rmse': 0.6693587303161621}
[2025-06-05 00:44:54] - Epoch: 4 cost time: 73.35249161720276
[2025-06-05 00:44:54] - Traininng loss : 1.0649465780867182
[2025-06-05 00:44:56] - vali_results: {'mae': 0.4778936803340912, 'mape': 6.201656818389893, 'mse': 0.47003573179244995, 'rmse': 0.6855915188789368}
[2025-06-05 00:44:57] - test_results: {'mae': 0.4829699993133545, 'mape': 6.228762626647949, 'mse': 0.44113633036613464, 'rmse': 0.6641809344291687}
[2025-06-05 00:45:13] - Epoch: 5 cost time: 92.25348114967346
[2025-06-05 00:45:13] - Traininng loss : 1.060049267080815
[2025-06-05 00:45:15] - vali_results: {'mae': 0.47866395115852356, 'mape': 6.232235431671143, 'mse': 0.4691105782985687, 'rmse': 0.6849164962768555}
[2025-06-05 00:45:16] - test_results: {'mae': 0.48654693365097046, 'mape': 6.461478233337402, 'mse': 0.44481298327445984, 'rmse': 0.6669430136680603}
[2025-06-05 00:45:32] - Epoch: 6 cost time: 111.65517282485962
[2025-06-05 00:45:32] - Traininng loss : 1.0567989611755246
[2025-06-05 00:45:34] - vali_results: {'mae': 0.47824689745903015, 'mape': 6.104714393615723, 'mse': 0.4736426770687103, 'rmse': 0.688217043876648}
[2025-06-05 00:45:35] - test_results: {'mae': 0.5019316673278809, 'mape': 5.984357833862305, 'mse': 0.4652082026004791, 'rmse': 0.6820617318153381}
[2025-06-05 00:45:51] - Epoch: 7 cost time: 130.8934953212738
[2025-06-05 00:45:51] - Traininng loss : 1.0522303982921268
[2025-06-05 00:45:53] - vali_results: {'mae': 0.4762401878833771, 'mape': 6.300933361053467, 'mse': 0.468102365732193, 'rmse': 0.6841800808906555}
[2025-06-05 00:45:54] - test_results: {'mae': 0.49016445875167847, 'mape': 6.35782527923584, 'mse': 0.44950783252716064, 'rmse': 0.6704534292221069}
[2025-06-05 00:46:10] - Epoch: 8 cost time: 149.68949127197266
[2025-06-05 00:46:10] - Traininng loss : 1.0475918354223603
[2025-06-05 00:46:12] - vali_results: {'mae': 0.47759929299354553, 'mape': 6.223520755767822, 'mse': 0.469794899225235, 'rmse': 0.6854158639907837}
[2025-06-05 00:46:13] - test_results: {'mae': 0.4871048033237457, 'mape': 6.088791370391846, 'mse': 0.44526407122612, 'rmse': 0.6672810912132263}
[2025-06-05 00:46:29] - Epoch: 9 cost time: 168.95100736618042
[2025-06-05 00:46:29] - Traininng loss : 1.044670922924643
[2025-06-05 00:46:31] - vali_results: {'mae': 0.48007717728614807, 'mape': 6.153353214263916, 'mse': 0.47251617908477783, 'rmse': 0.6873981356620789}
[2025-06-05 00:46:32] - test_results: {'mae': 0.4919973909854889, 'mape': 5.929121971130371, 'mse': 0.4504659175872803, 'rmse': 0.6711675524711609}
[2025-06-05 00:46:49] - Epoch: 10 cost time: 188.50875902175903
[2025-06-05 00:46:49] - Traininng loss : 1.0423489698897237
[2025-06-05 00:46:51] - vali_results: {'mae': 0.48186060786247253, 'mape': 6.287255764007568, 'mse': 0.47452688217163086, 'rmse': 0.6888591051101685}
[2025-06-05 00:46:52] - test_results: {'mae': 0.4856054186820984, 'mape': 6.170290946960449, 'mse': 0.44217240810394287, 'rmse': 0.6649604439735413}
[2025-06-05 00:47:08] - Epoch: 11 cost time: 207.43222761154175
[2025-06-05 00:47:08] - Traininng loss : 1.0397385099659795
[2025-06-05 00:47:10] - vali_results: {'mae': 0.4760129153728485, 'mape': 6.300719738006592, 'mse': 0.46906259655952454, 'rmse': 0.6848814487457275}
[2025-06-05 00:47:11] - test_results: {'mae': 0.4852142333984375, 'mape': 6.201213836669922, 'mse': 0.4431244134902954, 'rmse': 0.6656758785247803}
[2025-06-05 00:47:27] - Epoch: 12 cost time: 226.5265884399414
[2025-06-05 00:47:27] - Traininng loss : 1.0363817832068256
[2025-06-05 00:47:29] - vali_results: {'mae': 0.47755974531173706, 'mape': 6.170191287994385, 'mse': 0.4699121415615082, 'rmse': 0.6855013966560364}
[2025-06-05 00:47:30] - test_results: {'mae': 0.4980723559856415, 'mape': 5.790145397186279, 'mse': 0.45883098244667053, 'rmse': 0.6773706674575806}
[2025-06-05 00:47:30] - loss no decreased for 5 epochs,  early stopping ....
[2025-06-05 00:47:31] - test_results: {'mae': 0.49016445875167847, 'mape': 6.35782527923584, 'mse': 0.44950783252716064, 'rmse': 0.6704534292221069}
