[2025-05-29 21:54:38] - run : 0 in seed: 1
[2025-05-29 21:54:38] - +-----------------------------------+------------+
|              Modules              | Parameters |
+-----------------------------------+------------+
|     fm.Linear_Seasonal.weight     |   32256    |
|      fm.Linear_Seasonal.bias      |    336     |
|       fm.Linear_Trend.weight      |   32256    |
|        fm.Linear_Trend.bias       |    336     |
|             nm.weight             |    642     |
| nm.model_freq.model_freq.0.weight |    6144    |
|  nm.model_freq.model_freq.0.bias  |     64     |
|  nm.model_freq.model_all.0.weight |   20480    |
|   nm.model_freq.model_all.0.bias  |    128     |
|  nm.model_freq.model_all.2.weight |   43008    |
|   nm.model_freq.model_all.2.bias  |    336     |
| nm.model_pred.model_freq.0.weight |   24576    |
|  nm.model_pred.model_freq.0.bias  |    256     |
|  nm.model_pred.model_all.0.weight |   180224   |
|   nm.model_pred.model_all.0.bias  |    512     |
|  nm.model_pred.model_all.2.weight |   172032   |
|   nm.model_pred.model_all.2.bias  |    336     |
+-----------------------------------+------------+
[2025-05-29 21:54:38] - Total Trainable Params: 513922
[2025-05-29 21:54:38] - model parameters: 513922
[2025-05-29 21:55:12] - Epoch: 1 cost time: 33.30590558052063
[2025-05-29 21:55:12] - Traininng loss : 0.6077333283063779
[2025-05-29 21:55:22] - vali_results: {'mae': 0.29309898614883423, 'mape': 2.440004825592041, 'mse': 0.19992397725582123, 'rmse': 0.4471285939216614}
[2025-05-29 21:55:28] - test_results: {'mae': 0.29127612709999084, 'mape': 3.0586485862731934, 'mse': 0.19704903662204742, 'rmse': 0.44390204548835754}
[2025-05-29 21:56:02] - Epoch: 2 cost time: 83.64829802513123
[2025-05-29 21:56:02] - Traininng loss : 0.4632757021863265
[2025-05-29 21:56:13] - vali_results: {'mae': 0.291208416223526, 'mape': 2.4864518642425537, 'mse': 0.19740982353687286, 'rmse': 0.44430825114250183}
[2025-05-29 21:56:20] - test_results: {'mae': 0.29036134481430054, 'mape': 3.0914857387542725, 'mse': 0.19455263018608093, 'rmse': 0.4410811960697174}
[2025-05-29 21:56:53] - Epoch: 3 cost time: 135.00788974761963
[2025-05-29 21:56:53] - Traininng loss : 0.4578284968578943
[2025-05-29 21:57:05] - vali_results: {'mae': 0.29001542925834656, 'mape': 2.5036022663116455, 'mse': 0.19593007862567902, 'rmse': 0.44263988733291626}
[2025-05-29 21:57:11] - test_results: {'mae': 0.28982147574424744, 'mape': 3.0802032947540283, 'mse': 0.19319377839565277, 'rmse': 0.4395381510257721}
[2025-05-29 21:57:45] - Epoch: 4 cost time: 187.15863823890686
[2025-05-29 21:57:45] - Traininng loss : 0.45534839733003296
[2025-05-29 21:57:57] - vali_results: {'mae': 0.28904059529304504, 'mape': 2.5163376331329346, 'mse': 0.19567525386810303, 'rmse': 0.44235196709632874}
[2025-05-29 21:58:03] - test_results: {'mae': 0.28841403126716614, 'mape': 3.103433132171631, 'mse': 0.19258277118206024, 'rmse': 0.4388425350189209}
[2025-05-29 21:58:37] - Epoch: 5 cost time: 239.21022415161133
[2025-05-29 21:58:37] - Traininng loss : 0.45358434043745127
[2025-05-29 21:58:49] - vali_results: {'mae': 0.2868289351463318, 'mape': 2.474045515060425, 'mse': 0.19453641772270203, 'rmse': 0.4410628378391266}
[2025-05-29 21:58:55] - test_results: {'mae': 0.2851048707962036, 'mape': 3.0561788082122803, 'mse': 0.19086457788944244, 'rmse': 0.436880499124527}
[2025-05-29 21:59:29] - Epoch: 6 cost time: 291.07614183425903
[2025-05-29 21:59:29] - Traininng loss : 0.452565581136751
[2025-05-29 21:59:40] - vali_results: {'mae': 0.2872374653816223, 'mape': 2.506539821624756, 'mse': 0.1942978948354721, 'rmse': 0.44079235196113586}
[2025-05-29 21:59:47] - test_results: {'mae': 0.2867814600467682, 'mape': 3.0704729557037354, 'mse': 0.19117048382759094, 'rmse': 0.4372304677963257}
[2025-05-29 22:00:21] - Epoch: 7 cost time: 342.99744629859924
[2025-05-29 22:00:21] - Traininng loss : 0.4517746026299602
[2025-05-29 22:00:33] - vali_results: {'mae': 0.2887187600135803, 'mape': 2.470674753189087, 'mse': 0.19442430138587952, 'rmse': 0.4409357011318207}
[2025-05-29 22:00:39] - test_results: {'mae': 0.2880067825317383, 'mape': 3.028449773788452, 'mse': 0.19124135375022888, 'rmse': 0.4373115003108978}
[2025-05-29 22:01:14] - Epoch: 8 cost time: 395.60557413101196
[2025-05-29 22:01:14] - Traininng loss : 0.451011144764907
[2025-05-29 22:01:25] - vali_results: {'mae': 0.2867486774921417, 'mape': 2.4760873317718506, 'mse': 0.19358335435390472, 'rmse': 0.439981073141098}
[2025-05-29 22:01:31] - test_results: {'mae': 0.2859129011631012, 'mape': 3.0344436168670654, 'mse': 0.19023633003234863, 'rmse': 0.4361608922481537}
[2025-05-29 22:02:04] - Epoch: 9 cost time: 445.9697265625
[2025-05-29 22:02:04] - Traininng loss : 0.4505754559701872
[2025-05-29 22:02:16] - vali_results: {'mae': 0.28610068559646606, 'mape': 2.488168954849243, 'mse': 0.19338880479335785, 'rmse': 0.4397599399089813}
[2025-05-29 22:02:23] - test_results: {'mae': 0.28513097763061523, 'mape': 3.059985399246216, 'mse': 0.19000530242919922, 'rmse': 0.43589597940444946}
[2025-05-29 22:02:56] - Epoch: 10 cost time: 498.12020802497864
[2025-05-29 22:02:56] - Traininng loss : 0.4502494257221867
[2025-05-29 22:03:08] - vali_results: {'mae': 0.28679919242858887, 'mape': 2.5296177864074707, 'mse': 0.1934293806552887, 'rmse': 0.4398060739040375}
[2025-05-29 22:03:15] - test_results: {'mae': 0.2863600552082062, 'mape': 3.095613479614258, 'mse': 0.1904686689376831, 'rmse': 0.43642717599868774}
[2025-05-29 22:03:49] - Epoch: 11 cost time: 550.5919196605682
[2025-05-29 22:03:49] - Traininng loss : 0.4498774774133947
[2025-05-29 22:04:01] - vali_results: {'mae': 0.28580349683761597, 'mape': 2.50388240814209, 'mse': 0.1934623271226883, 'rmse': 0.4398435354232788}
[2025-05-29 22:04:07] - test_results: {'mae': 0.28485336899757385, 'mape': 3.066894054412842, 'mse': 0.18999749422073364, 'rmse': 0.43588700890541077}
[2025-05-29 22:04:41] - Epoch: 12 cost time: 602.256462097168
[2025-05-29 22:04:41] - Traininng loss : 0.44983383185922887
[2025-05-29 22:04:52] - vali_results: {'mae': 0.28547561168670654, 'mape': 2.4834768772125244, 'mse': 0.19345325231552124, 'rmse': 0.43983322381973267}
[2025-05-29 22:04:59] - test_results: {'mae': 0.2843139171600342, 'mape': 3.047028064727783, 'mse': 0.18971937894821167, 'rmse': 0.4355678856372833}
[2025-05-29 22:05:33] - Epoch: 13 cost time: 654.8207838535309
[2025-05-29 22:05:33] - Traininng loss : 0.4494159749288152
[2025-05-29 22:05:46] - vali_results: {'mae': 0.2865227460861206, 'mape': 2.486689567565918, 'mse': 0.19382989406585693, 'rmse': 0.4402611553668976}
[2025-05-29 22:05:52] - test_results: {'mae': 0.2857062518596649, 'mape': 3.050855875015259, 'mse': 0.19042634963989258, 'rmse': 0.43637868762016296}
[2025-05-29 22:06:27] - Epoch: 14 cost time: 708.6941323280334
[2025-05-29 22:06:27] - Traininng loss : 0.44935308996044443
[2025-05-29 22:06:38] - vali_results: {'mae': 0.2869020402431488, 'mape': 2.430817127227783, 'mse': 0.19467726349830627, 'rmse': 0.4412224590778351}
[2025-05-29 22:06:45] - test_results: {'mae': 0.28369712829589844, 'mape': 3.0208234786987305, 'mse': 0.1901928186416626, 'rmse': 0.4361110031604767}
[2025-05-29 22:06:45] - loss no decreased for 5 epochs,  early stopping ....
[2025-05-29 22:06:52] - test_results: {'mae': 0.28513097763061523, 'mape': 3.059985399246216, 'mse': 0.19000530242919922, 'rmse': 0.43589597940444946}
