[2025-06-05 22:39:06] - run : 3 in seed: 5
[2025-06-05 22:39:06] - +-----------------------------------+------------+
|              Modules              | Parameters |
+-----------------------------------+------------+
|     fm.Linear_Seasonal.weight     |   69120    |
|      fm.Linear_Seasonal.bias      |    720     |
|       fm.Linear_Trend.weight      |   69120    |
|        fm.Linear_Trend.bias       |    720     |
|             nm.weight             |     42     |
| nm.model_freq.model_freq.0.weight |    6144    |
|  nm.model_freq.model_freq.0.bias  |     64     |
|  nm.model_freq.model_all.0.weight |   20480    |
|   nm.model_freq.model_all.0.bias  |    128     |
|  nm.model_freq.model_all.2.weight |   92160    |
|   nm.model_freq.model_all.2.bias  |    720     |
| nm.model_pred.model_freq.0.weight |   24576    |
|  nm.model_pred.model_freq.0.bias  |    256     |
|  nm.model_pred.model_all.0.weight |   180224   |
|   nm.model_pred.model_all.0.bias  |    512     |
|  nm.model_pred.model_all.2.weight |   368640   |
|   nm.model_pred.model_all.2.bias  |    720     |
+-----------------------------------+------------+
[2025-06-05 22:39:06] - Total Trainable Params: 834346
[2025-06-05 22:39:06] - model parameters: 834346
[2025-06-05 22:40:27] - Epoch: 1 cost time: 80.94817733764648
[2025-06-05 22:40:27] - Traininng loss : 1.5100385517621717
[2025-06-05 22:40:35] - vali_results: {'mae': 0.44265520572662354, 'mape': 7.471489906311035, 'mse': 0.5238993167877197, 'rmse': 0.7238088846206665}
[2025-06-05 22:40:40] - test_results: {'mae': 0.3631693422794342, 'mape': 2.0871448516845703, 'mse': 0.3592480719089508, 'rmse': 0.5993730425834656}
[2025-06-05 22:42:03] - Epoch: 2 cost time: 176.61748123168945
[2025-06-05 22:42:03] - Traininng loss : 1.4450245750605637
[2025-06-05 22:42:11] - vali_results: {'mae': 0.42844557762145996, 'mape': 5.510929584503174, 'mse': 0.508532702922821, 'rmse': 0.7131147980690002}
[2025-06-05 22:42:14] - test_results: {'mae': 0.3377617299556732, 'mape': 1.8141889572143555, 'mse': 0.3416891396045685, 'rmse': 0.5845417976379395}
[2025-06-05 22:43:44] - Epoch: 3 cost time: 278.1869297027588
[2025-06-05 22:43:44] - Traininng loss : 1.4347289184517895
[2025-06-05 22:43:52] - vali_results: {'mae': 0.43261706829071045, 'mape': 6.148092746734619, 'mse': 0.5086665153503418, 'rmse': 0.7132086157798767}
[2025-06-05 22:43:56] - test_results: {'mae': 0.35770946741104126, 'mape': 1.8694875240325928, 'mse': 0.35423344373703003, 'rmse': 0.5951751470565796}
[2025-06-05 22:45:17] - Epoch: 4 cost time: 370.5845856666565
[2025-06-05 22:45:17] - Traininng loss : 1.4308134420438017
[2025-06-05 22:45:25] - vali_results: {'mae': 0.4356274902820587, 'mape': 6.73970365524292, 'mse': 0.5120806694030762, 'rmse': 0.7155981063842773}
[2025-06-05 22:45:30] - test_results: {'mae': 0.35477715730667114, 'mape': 1.9690747261047363, 'mse': 0.35229700803756714, 'rmse': 0.5935461521148682}
[2025-06-05 22:46:49] - Epoch: 5 cost time: 463.37454295158386
[2025-06-05 22:46:49] - Traininng loss : 1.4278950738251632
[2025-06-05 22:46:57] - vali_results: {'mae': 0.4310835003852844, 'mape': 6.032438278198242, 'mse': 0.5104334354400635, 'rmse': 0.7144462466239929}
[2025-06-05 22:47:01] - test_results: {'mae': 0.33925265073776245, 'mape': 1.8788762092590332, 'mse': 0.3434576690196991, 'rmse': 0.5860525965690613}
[2025-06-05 22:48:19] - Epoch: 6 cost time: 553.1354823112488
[2025-06-05 22:48:19] - Traininng loss : 1.4253107891120809
[2025-06-05 22:48:28] - vali_results: {'mae': 0.43259280920028687, 'mape': 6.672422409057617, 'mse': 0.5012452006340027, 'rmse': 0.7079867124557495}
[2025-06-05 22:48:32] - test_results: {'mae': 0.3632010817527771, 'mape': 1.9377760887145996, 'mse': 0.35381996631622314, 'rmse': 0.5948276519775391}
[2025-06-05 22:49:51] - Epoch: 7 cost time: 645.0733423233032
[2025-06-05 22:49:51] - Traininng loss : 1.423477087354829
[2025-06-05 22:49:59] - vali_results: {'mae': 0.4271543622016907, 'mape': 5.732907772064209, 'mse': 0.5005661845207214, 'rmse': 0.7075070142745972}
[2025-06-05 22:50:04] - test_results: {'mae': 0.34826281666755676, 'mape': 1.8075369596481323, 'mse': 0.3463703393936157, 'rmse': 0.5885323882102966}
[2025-06-05 22:51:24] - Epoch: 8 cost time: 738.0243937969208
[2025-06-05 22:51:24] - Traininng loss : 1.4214200106389978
[2025-06-05 22:51:32] - vali_results: {'mae': 0.4374311864376068, 'mape': 6.979058742523193, 'mse': 0.5118460059165955, 'rmse': 0.7154341340065002}
[2025-06-05 22:51:37] - test_results: {'mae': 0.36104264855384827, 'mape': 1.9958274364471436, 'mse': 0.35672086477279663, 'rmse': 0.5972611308097839}
[2025-06-05 22:52:55] - Epoch: 9 cost time: 828.7339806556702
[2025-06-05 22:52:55] - Traininng loss : 1.4205395246439791
[2025-06-05 22:53:03] - vali_results: {'mae': 0.4236302673816681, 'mape': 5.441743850708008, 'mse': 0.49264565110206604, 'rmse': 0.7018871903419495}
[2025-06-05 22:53:07] - test_results: {'mae': 0.3484610319137573, 'mape': 1.7506816387176514, 'mse': 0.34363266825675964, 'rmse': 0.5862019062042236}
[2025-06-05 22:54:28] - Epoch: 10 cost time: 922.0494525432587
[2025-06-05 22:54:28] - Traininng loss : 1.418488582662234
[2025-06-05 22:54:36] - vali_results: {'mae': 0.43405401706695557, 'mape': 6.621798992156982, 'mse': 0.5084129571914673, 'rmse': 0.7130308151245117}
[2025-06-05 22:54:40] - test_results: {'mae': 0.3466424345970154, 'mape': 1.9319695234298706, 'mse': 0.34670743346214294, 'rmse': 0.5888186693191528}
[2025-06-05 22:55:59] - Epoch: 11 cost time: 1013.010195016861
[2025-06-05 22:55:59] - Traininng loss : 1.4169373779115102
[2025-06-05 22:56:08] - vali_results: {'mae': 0.4203386604785919, 'mape': 5.315925598144531, 'mse': 0.4867168366909027, 'rmse': 0.6976509690284729}
[2025-06-05 22:56:12] - test_results: {'mae': 0.35089927911758423, 'mape': 1.7346259355545044, 'mse': 0.3433001935482025, 'rmse': 0.5859182476997375}
[2025-06-05 22:57:33] - Epoch: 12 cost time: 1107.4254722595215
[2025-06-05 22:57:33] - Traininng loss : 1.416049430133603
[2025-06-05 22:57:42] - vali_results: {'mae': 0.430420458316803, 'mape': 5.928055286407471, 'mse': 0.49997684359550476, 'rmse': 0.7070903778076172}
[2025-06-05 22:57:46] - test_results: {'mae': 0.35820287466049194, 'mape': 1.815037727355957, 'mse': 0.35108646750450134, 'rmse': 0.5925254821777344}
[2025-06-05 22:59:06] - Epoch: 13 cost time: 1200.2527883052826
[2025-06-05 22:59:06] - Traininng loss : 1.4149858107169468
[2025-06-05 22:59:14] - vali_results: {'mae': 0.43272095918655396, 'mape': 5.891867160797119, 'mse': 0.5111421942710876, 'rmse': 0.7149420976638794}
[2025-06-05 22:59:18] - test_results: {'mae': 0.3407314121723175, 'mape': 1.8401095867156982, 'mse': 0.3440832495689392, 'rmse': 0.5865861177444458}
[2025-06-05 23:00:38] - Epoch: 14 cost time: 1291.8362395763397
[2025-06-05 23:00:38] - Traininng loss : 1.4144888460002047
[2025-06-05 23:00:46] - vali_results: {'mae': 0.43378016352653503, 'mape': 6.3606486320495605, 'mse': 0.5106890201568604, 'rmse': 0.7146251201629639}
[2025-06-05 23:00:50] - test_results: {'mae': 0.3509209454059601, 'mape': 1.9010109901428223, 'mse': 0.35031479597091675, 'rmse': 0.5918739438056946}
[2025-06-05 23:02:08] - Epoch: 15 cost time: 1381.6813659667969
[2025-06-05 23:02:08] - Traininng loss : 1.4135757081263454
[2025-06-05 23:02:17] - vali_results: {'mae': 0.42662563920021057, 'mape': 5.570272922515869, 'mse': 0.5010250806808472, 'rmse': 0.7078312635421753}
[2025-06-05 23:02:21] - test_results: {'mae': 0.33843350410461426, 'mape': 1.8016350269317627, 'mse': 0.3391771912574768, 'rmse': 0.582389235496521}
[2025-06-05 23:03:42] - Epoch: 16 cost time: 1475.6303253173828
[2025-06-05 23:03:42] - Traininng loss : 1.412760060624028
[2025-06-05 23:03:51] - vali_results: {'mae': 0.43209537863731384, 'mape': 5.974972724914551, 'mse': 0.5053113102912903, 'rmse': 0.7108525037765503}
[2025-06-05 23:03:55] - test_results: {'mae': 0.3545762896537781, 'mape': 1.8269288539886475, 'mse': 0.3498762547969818, 'rmse': 0.591503381729126}
[2025-06-05 23:03:55] - loss no decreased for 5 epochs,  early stopping ....
[2025-06-05 23:04:00] - test_results: {'mae': 0.35089927911758423, 'mape': 1.7346259355545044, 'mse': 0.3433001935482025, 'rmse': 0.5859182476997375}
