[2025-05-28 20:21:37] - run : 0 in seed: 1
[2025-05-28 20:21:37] - +-----------------------------------+------------+
|              Modules              | Parameters |
+-----------------------------------+------------+
|     fm.Linear_Seasonal.weight     |   69120    |
|      fm.Linear_Seasonal.bias      |    720     |
|       fm.Linear_Trend.weight      |   69120    |
|        fm.Linear_Trend.bias       |    720     |
|             nm.weight             |     14     |
| nm.model_freq.model_freq.0.weight |    6144    |
|  nm.model_freq.model_freq.0.bias  |     64     |
|  nm.model_freq.model_all.0.weight |   20480    |
|   nm.model_freq.model_all.0.bias  |    128     |
|  nm.model_freq.model_all.2.weight |   92160    |
|   nm.model_freq.model_all.2.bias  |    720     |
| nm.model_pred.model_freq.0.weight |   24576    |
|  nm.model_pred.model_freq.0.bias  |    256     |
|  nm.model_pred.model_all.0.weight |   180224   |
|   nm.model_pred.model_all.0.bias  |    512     |
|  nm.model_pred.model_all.2.weight |   368640   |
|   nm.model_pred.model_all.2.bias  |    720     |
+-----------------------------------+------------+
[2025-05-28 20:21:37] - Total Trainable Params: 834318
[2025-05-28 20:21:37] - model parameters: 834318
[2025-05-28 20:22:00] - Epoch: 1 cost time: 23.62322187423706
[2025-05-28 20:22:00] - Traininng loss : 1.416937810651372
[2025-05-28 20:22:02] - vali_results: {'mae': 0.5453683733940125, 'mape': 6.69210958480835, 'mse': 0.5557426810264587, 'rmse': 0.7454814910888672}
[2025-05-28 20:22:03] - test_results: {'mae': 0.5841933488845825, 'mape': 6.485682487487793, 'mse': 0.5903866291046143, 'rmse': 0.7683662176132202}
[2025-05-28 20:22:27] - Epoch: 2 cost time: 50.008857011795044
[2025-05-28 20:22:27] - Traininng loss : 1.2941951892349157
[2025-05-28 20:22:29] - vali_results: {'mae': 0.5446943640708923, 'mape': 6.70921516418457, 'mse': 0.5606192350387573, 'rmse': 0.7487450838088989}
[2025-05-28 20:22:29] - test_results: {'mae': 0.5950358510017395, 'mape': 6.037750244140625, 'mse': 0.6144120693206787, 'rmse': 0.7838444113731384}
[2025-05-28 20:22:53] - Epoch: 3 cost time: 76.20099949836731
[2025-05-28 20:22:53] - Traininng loss : 1.2798774019720849
[2025-05-28 20:22:55] - vali_results: {'mae': 0.5431779623031616, 'mape': 6.842756748199463, 'mse': 0.5556111335754395, 'rmse': 0.7453932762145996}
[2025-05-28 20:22:55] - test_results: {'mae': 0.5762662291526794, 'mape': 6.446407794952393, 'mse': 0.5834444761276245, 'rmse': 0.7638353705406189}
[2025-05-28 20:23:19] - Epoch: 4 cost time: 102.17739963531494
[2025-05-28 20:23:19] - Traininng loss : 1.2703229895468509
[2025-05-28 20:23:21] - vali_results: {'mae': 0.5419647097587585, 'mape': 6.795491695404053, 'mse': 0.5532146692276001, 'rmse': 0.7437840104103088}
[2025-05-28 20:23:22] - test_results: {'mae': 0.5756607055664062, 'mape': 6.674317836761475, 'mse': 0.5796575546264648, 'rmse': 0.7613524794578552}
[2025-05-28 20:23:45] - Epoch: 5 cost time: 128.52065014839172
[2025-05-28 20:23:45] - Traininng loss : 1.2631035520789329
[2025-05-28 20:23:47] - vali_results: {'mae': 0.5488400459289551, 'mape': 6.610855579376221, 'mse': 0.5609586834907532, 'rmse': 0.7489717602729797}
[2025-05-28 20:23:48] - test_results: {'mae': 0.5792070031166077, 'mape': 6.2544121742248535, 'mse': 0.5807986259460449, 'rmse': 0.7621014714241028}
[2025-05-28 20:24:12] - Epoch: 6 cost time: 154.7447018623352
[2025-05-28 20:24:12] - Traininng loss : 1.2557852675070924
[2025-05-28 20:24:13] - vali_results: {'mae': 0.5446447134017944, 'mape': 6.702754020690918, 'mse': 0.5543931722640991, 'rmse': 0.7445758581161499}
[2025-05-28 20:24:14] - test_results: {'mae': 0.5690498352050781, 'mape': 7.027856349945068, 'mse': 0.564105212688446, 'rmse': 0.7510693669319153}
[2025-05-28 20:24:37] - Epoch: 7 cost time: 180.4593904018402
[2025-05-28 20:24:37] - Traininng loss : 1.2496719691860543
[2025-05-28 20:24:39] - vali_results: {'mae': 0.5486317276954651, 'mape': 6.818331241607666, 'mse': 0.5611214637756348, 'rmse': 0.7490804195404053}
[2025-05-28 20:24:40] - test_results: {'mae': 0.5657204985618591, 'mape': 6.830013751983643, 'mse': 0.5611687898635864, 'rmse': 0.7491120100021362}
[2025-05-28 20:25:04] - Epoch: 8 cost time: 206.75300240516663
[2025-05-28 20:25:04] - Traininng loss : 1.2438917406154482
[2025-05-28 20:25:05] - vali_results: {'mae': 0.5370526313781738, 'mape': 6.710850715637207, 'mse': 0.5523722171783447, 'rmse': 0.7432174682617188}
[2025-05-28 20:25:06] - test_results: {'mae': 0.5814248323440552, 'mape': 6.235849857330322, 'mse': 0.5922219157218933, 'rmse': 0.7695595622062683}
[2025-05-28 20:25:30] - Epoch: 9 cost time: 232.86523389816284
[2025-05-28 20:25:30] - Traininng loss : 1.2392478804574925
[2025-05-28 20:25:31] - vali_results: {'mae': 0.5495442748069763, 'mape': 6.651610374450684, 'mse': 0.5656876564025879, 'rmse': 0.7521221041679382}
[2025-05-28 20:25:32] - test_results: {'mae': 0.5809705853462219, 'mape': 6.151817321777344, 'mse': 0.5869727730751038, 'rmse': 0.7661414742469788}
[2025-05-28 20:25:56] - Epoch: 10 cost time: 258.7384195327759
[2025-05-28 20:25:56] - Traininng loss : 1.2357147387909087
[2025-05-28 20:25:57] - vali_results: {'mae': 0.5406399965286255, 'mape': 6.66074275970459, 'mse': 0.5521957874298096, 'rmse': 0.743098795413971}
[2025-05-28 20:25:58] - test_results: {'mae': 0.5717389583587646, 'mape': 6.468265056610107, 'mse': 0.573108971118927, 'rmse': 0.7570396065711975}
[2025-05-28 20:26:22] - Epoch: 11 cost time: 285.0236999988556
[2025-05-28 20:26:22] - Traininng loss : 1.2325486381737034
[2025-05-28 20:26:24] - vali_results: {'mae': 0.5457419753074646, 'mape': 6.721805572509766, 'mse': 0.5580140352249146, 'rmse': 0.7470033764839172}
[2025-05-28 20:26:24] - test_results: {'mae': 0.5698547959327698, 'mape': 6.646782875061035, 'mse': 0.5679115653038025, 'rmse': 0.7535990476608276}
[2025-05-28 20:26:48] - Epoch: 12 cost time: 311.4569528102875
[2025-05-28 20:26:48] - Traininng loss : 1.2284833166036713
[2025-05-28 20:26:50] - vali_results: {'mae': 0.5479584336280823, 'mape': 6.6115007400512695, 'mse': 0.5659939050674438, 'rmse': 0.7523256540298462}
[2025-05-28 20:26:51] - test_results: {'mae': 0.5866667628288269, 'mape': 5.741106986999512, 'mse': 0.5988261699676514, 'rmse': 0.7738385796546936}
[2025-05-28 20:27:14] - Epoch: 13 cost time: 337.27919459342957
[2025-05-28 20:27:14] - Traininng loss : 1.2261085900362958
[2025-05-28 20:27:16] - vali_results: {'mae': 0.5487775802612305, 'mape': 6.68551778793335, 'mse': 0.564767599105835, 'rmse': 0.7515102028846741}
[2025-05-28 20:27:17] - test_results: {'mae': 0.5758987069129944, 'mape': 6.144107818603516, 'mse': 0.5784943699836731, 'rmse': 0.7605881690979004}
[2025-05-28 20:27:40] - Epoch: 14 cost time: 363.49545550346375
[2025-05-28 20:27:40] - Traininng loss : 1.2214264528135235
[2025-05-28 20:27:42] - vali_results: {'mae': 0.5332333445549011, 'mape': 6.878122806549072, 'mse': 0.5519470572471619, 'rmse': 0.7429313659667969}
[2025-05-28 20:27:43] - test_results: {'mae': 0.5717604756355286, 'mape': 6.146999359130859, 'mse': 0.5807721614837646, 'rmse': 0.7620840668678284}
[2025-05-28 20:28:07] - Epoch: 15 cost time: 389.80117750167847
[2025-05-28 20:28:07] - Traininng loss : 1.2191533121500122
[2025-05-28 20:28:08] - vali_results: {'mae': 0.5554940700531006, 'mape': 6.645879745483398, 'mse': 0.5730789303779602, 'rmse': 0.7570197582244873}
[2025-05-28 20:28:09] - test_results: {'mae': 0.5763244032859802, 'mape': 6.144352912902832, 'mse': 0.5796834230422974, 'rmse': 0.7613694667816162}
[2025-05-28 20:28:33] - Epoch: 16 cost time: 415.85712814331055
[2025-05-28 20:28:33] - Traininng loss : 1.2156952555929676
[2025-05-28 20:28:34] - vali_results: {'mae': 0.552773654460907, 'mape': 6.52870512008667, 'mse': 0.571938693523407, 'rmse': 0.7562662959098816}
[2025-05-28 20:28:35] - test_results: {'mae': 0.5900088548660278, 'mape': 5.768704891204834, 'mse': 0.600286066532135, 'rmse': 0.7747812867164612}
[2025-05-28 20:29:00] - Epoch: 17 cost time: 443.0535213947296
[2025-05-28 20:29:00] - Traininng loss : 1.2135885347811024
[2025-05-28 20:29:02] - vali_results: {'mae': 0.5484392642974854, 'mape': 6.631615161895752, 'mse': 0.5678468942642212, 'rmse': 0.7535561919212341}
[2025-05-28 20:29:03] - test_results: {'mae': 0.5844967365264893, 'mape': 5.780399322509766, 'mse': 0.5937226414680481, 'rmse': 0.7705339789390564}
[2025-05-28 20:29:27] - Epoch: 18 cost time: 470.04823541641235
[2025-05-28 20:29:27] - Traininng loss : 1.210696061842897
[2025-05-28 20:29:29] - vali_results: {'mae': 0.5391489863395691, 'mape': 6.714353561401367, 'mse': 0.5582249164581299, 'rmse': 0.7471445202827454}
[2025-05-28 20:29:29] - test_results: {'mae': 0.5795401930809021, 'mape': 5.946976184844971, 'mse': 0.5888499617576599, 'rmse': 0.767365574836731}
[2025-05-28 20:29:53] - Epoch: 19 cost time: 496.24835562705994
[2025-05-28 20:29:53] - Traininng loss : 1.2081822021288817
[2025-05-28 20:29:55] - vali_results: {'mae': 0.5492550134658813, 'mape': 6.587802886962891, 'mse': 0.5643889904022217, 'rmse': 0.7512582540512085}
[2025-05-28 20:29:56] - test_results: {'mae': 0.5754737257957458, 'mape': 6.134801387786865, 'mse': 0.5755024552345276, 'rmse': 0.7586187720298767}
[2025-05-28 20:29:56] - loss no decreased for 5 epochs,  early stopping ....
[2025-05-28 20:29:57] - test_results: {'mae': 0.5717604756355286, 'mape': 6.146999359130859, 'mse': 0.5807721614837646, 'rmse': 0.7620840668678284}
