[2025-05-28 13:58:04] - run : 0 in seed: 1
[2025-05-28 13:58:04] - +-----------------------------------+------------+
|              Modules              | Parameters |
+-----------------------------------+------------+
|     fm.Linear_Seasonal.weight     |   32256    |
|      fm.Linear_Seasonal.bias      |    336     |
|       fm.Linear_Trend.weight      |   32256    |
|        fm.Linear_Trend.bias       |    336     |
|             nm.weight             |    1724    |
| nm.model_freq.model_freq.0.weight |    6144    |
|  nm.model_freq.model_freq.0.bias  |     64     |
|  nm.model_freq.model_all.0.weight |   20480    |
|   nm.model_freq.model_all.0.bias  |    128     |
|  nm.model_freq.model_all.2.weight |   43008    |
|   nm.model_freq.model_all.2.bias  |    336     |
| nm.model_pred.model_freq.0.weight |   24576    |
|  nm.model_pred.model_freq.0.bias  |    256     |
|  nm.model_pred.model_all.0.weight |   180224   |
|   nm.model_pred.model_all.0.bias  |    512     |
|  nm.model_pred.model_all.2.weight |   172032   |
|   nm.model_pred.model_all.2.bias  |    336     |
+-----------------------------------+------------+
[2025-05-28 13:58:04] - Total Trainable Params: 515004
[2025-05-28 13:58:04] - model parameters: 515004
[2025-05-28 13:58:44] - Epoch: 1 cost time: 40.271859884262085
[2025-05-28 13:58:44] - Traininng loss : 0.9287644886584937
[2025-05-28 13:59:02] - vali_results: {'mae': 0.33276820182800293, 'mape': 5.116477966308594, 'mse': 0.378082275390625, 'rmse': 0.6148839592933655}
[2025-05-28 13:59:11] - test_results: {'mae': 0.3900916576385498, 'mape': 7.171080112457275, 'mse': 0.4930446445941925, 'rmse': 0.7021713852882385}
[2025-05-28 13:59:53] - Epoch: 2 cost time: 108.74289274215698
[2025-05-28 13:59:53] - Traininng loss : 0.6973243278634516
[2025-05-28 14:00:13] - vali_results: {'mae': 0.31422606110572815, 'mape': 4.602967739105225, 'mse': 0.3568306267261505, 'rmse': 0.5973530411720276}
[2025-05-28 14:00:23] - test_results: {'mae': 0.3728000819683075, 'mape': 6.44480037689209, 'mse': 0.4730321168899536, 'rmse': 0.6877732872962952}
[2025-05-28 14:01:05] - Epoch: 3 cost time: 181.18097496032715
[2025-05-28 14:01:05] - Traininng loss : 0.6652988531197499
[2025-05-28 14:01:25] - vali_results: {'mae': 0.3059450089931488, 'mape': 4.422595500946045, 'mse': 0.3471826910972595, 'rmse': 0.5892221331596375}
[2025-05-28 14:01:34] - test_results: {'mae': 0.3659847676753998, 'mape': 6.3672332763671875, 'mse': 0.4651899039745331, 'rmse': 0.6820483207702637}
[2025-05-28 14:02:18] - Epoch: 4 cost time: 253.86890769004822
[2025-05-28 14:02:18] - Traininng loss : 0.6501097100764271
[2025-05-28 14:02:37] - vali_results: {'mae': 0.3050171434879303, 'mape': 4.561295986175537, 'mse': 0.3423477113246918, 'rmse': 0.5851048827171326}
[2025-05-28 14:02:47] - test_results: {'mae': 0.36500370502471924, 'mape': 6.575827598571777, 'mse': 0.4606461524963379, 'rmse': 0.6787092089653015}
[2025-05-28 14:03:29] - Epoch: 5 cost time: 325.2519209384918
[2025-05-28 14:03:29] - Traininng loss : 0.6402477567407963
[2025-05-28 14:03:48] - vali_results: {'mae': 0.30121079087257385, 'mape': 4.376590728759766, 'mse': 0.3396725058555603, 'rmse': 0.5828142762184143}
[2025-05-28 14:03:57] - test_results: {'mae': 0.3623369336128235, 'mape': 6.42402982711792, 'mse': 0.4592045545578003, 'rmse': 0.6776463389396667}
[2025-05-28 14:04:38] - Epoch: 6 cost time: 394.1253921985626
[2025-05-28 14:04:38] - Traininng loss : 0.6333244089489034
[2025-05-28 14:04:56] - vali_results: {'mae': 0.2996561527252197, 'mape': 4.362572193145752, 'mse': 0.33744925260543823, 'rmse': 0.5809038281440735}
[2025-05-28 14:05:05] - test_results: {'mae': 0.360617458820343, 'mape': 6.408957004547119, 'mse': 0.45675650238990784, 'rmse': 0.6758376359939575}
[2025-05-28 14:05:45] - Epoch: 7 cost time: 461.3223931789398
[2025-05-28 14:05:45] - Traininng loss : 0.6279195820224895
[2025-05-28 14:06:03] - vali_results: {'mae': 0.29860609769821167, 'mape': 4.430191516876221, 'mse': 0.3352528512477875, 'rmse': 0.5790102481842041}
[2025-05-28 14:06:12] - test_results: {'mae': 0.35928165912628174, 'mape': 6.468905448913574, 'mse': 0.4538502097129822, 'rmse': 0.6736840605735779}
[2025-05-28 14:06:52] - Epoch: 8 cost time: 527.5138494968414
[2025-05-28 14:06:52] - Traininng loss : 0.6237320811600698
[2025-05-28 14:07:09] - vali_results: {'mae': 0.2973997890949249, 'mape': 4.398466110229492, 'mse': 0.3336135149002075, 'rmse': 0.5775928497314453}
[2025-05-28 14:07:19] - test_results: {'mae': 0.3594961166381836, 'mape': 6.550410747528076, 'mse': 0.45357534289360046, 'rmse': 0.6734800338745117}
[2025-05-28 14:07:59] - Epoch: 9 cost time: 594.6075468063354
[2025-05-28 14:07:59] - Traininng loss : 0.6198082440946944
[2025-05-28 14:08:16] - vali_results: {'mae': 0.29622504115104675, 'mape': 4.347413539886475, 'mse': 0.33267462253570557, 'rmse': 0.5767795443534851}
[2025-05-28 14:08:25] - test_results: {'mae': 0.35752829909324646, 'mape': 6.423542499542236, 'mse': 0.4517524838447571, 'rmse': 0.6721253395080566}
[2025-05-28 14:09:05] - Epoch: 10 cost time: 660.665114402771
[2025-05-28 14:09:05] - Traininng loss : 0.6168371055004089
[2025-05-28 14:09:23] - vali_results: {'mae': 0.29491060972213745, 'mape': 4.291776657104492, 'mse': 0.33190903067588806, 'rmse': 0.5761154890060425}
[2025-05-28 14:09:32] - test_results: {'mae': 0.3568771779537201, 'mape': 6.330008029937744, 'mse': 0.4517689049243927, 'rmse': 0.6721375584602356}
[2025-05-28 14:10:12] - Epoch: 11 cost time: 727.5901982784271
[2025-05-28 14:10:12] - Traininng loss : 0.6140466260138869
[2025-05-28 14:10:29] - vali_results: {'mae': 0.2946690618991852, 'mape': 4.295002460479736, 'mse': 0.33106425404548645, 'rmse': 0.5753818154335022}
[2025-05-28 14:10:38] - test_results: {'mae': 0.35600724816322327, 'mape': 6.294651508331299, 'mse': 0.4501381814479828, 'rmse': 0.6709233522415161}
[2025-05-28 14:11:17] - Epoch: 12 cost time: 793.1309034824371
[2025-05-28 14:11:17] - Traininng loss : 0.6116083953579803
[2025-05-28 14:11:34] - vali_results: {'mae': 0.2938091456890106, 'mape': 4.320944786071777, 'mse': 0.32984820008277893, 'rmse': 0.5743241310119629}
[2025-05-28 14:11:44] - test_results: {'mae': 0.3555702269077301, 'mape': 6.306896686553955, 'mse': 0.4490060806274414, 'rmse': 0.6700791716575623}
[2025-05-28 14:12:25] - Epoch: 13 cost time: 860.5425395965576
[2025-05-28 14:12:25] - Traininng loss : 0.6095607163449824
[2025-05-28 14:12:42] - vali_results: {'mae': 0.29295071959495544, 'mape': 4.268152713775635, 'mse': 0.3289692997932434, 'rmse': 0.5735584497451782}
[2025-05-28 14:12:51] - test_results: {'mae': 0.3551722764968872, 'mape': 6.34559440612793, 'mse': 0.4490177035331726, 'rmse': 0.6700878143310547}
[2025-05-28 14:13:32] - Epoch: 14 cost time: 928.0139815807343
[2025-05-28 14:13:32] - Traininng loss : 0.6077385845210032
[2025-05-28 14:13:50] - vali_results: {'mae': 0.29337888956069946, 'mape': 4.309930324554443, 'mse': 0.32841044664382935, 'rmse': 0.5730710625648499}
[2025-05-28 14:14:00] - test_results: {'mae': 0.3549174964427948, 'mape': 6.328772068023682, 'mse': 0.44772472977638245, 'rmse': 0.6691223382949829}
[2025-05-28 14:14:40] - Epoch: 15 cost time: 995.5798332691193
[2025-05-28 14:14:40] - Traininng loss : 0.6064564638703338
[2025-05-28 14:14:57] - vali_results: {'mae': 0.2918444275856018, 'mape': 4.289633750915527, 'mse': 0.32744672894477844, 'rmse': 0.5722296237945557}
[2025-05-28 14:15:06] - test_results: {'mae': 0.35387903451919556, 'mape': 6.288014888763428, 'mse': 0.44702935218811035, 'rmse': 0.6686025261878967}
[2025-05-28 14:15:45] - Epoch: 16 cost time: 1060.956654548645
[2025-05-28 14:15:45] - Traininng loss : 0.6048168830794466
[2025-05-28 14:16:03] - vali_results: {'mae': 0.29219332337379456, 'mape': 4.353329658508301, 'mse': 0.3268750011920929, 'rmse': 0.571729838848114}
[2025-05-28 14:16:12] - test_results: {'mae': 0.35406938195228577, 'mape': 6.354963779449463, 'mse': 0.44651466608047485, 'rmse': 0.6682175397872925}
[2025-05-28 14:16:52] - Epoch: 17 cost time: 1127.995357990265
[2025-05-28 14:16:52] - Traininng loss : 0.6034397265981792
[2025-05-28 14:17:10] - vali_results: {'mae': 0.2914070785045624, 'mape': 4.310401439666748, 'mse': 0.3262985050678253, 'rmse': 0.5712254643440247}
[2025-05-28 14:17:19] - test_results: {'mae': 0.353606641292572, 'mape': 6.343630790710449, 'mse': 0.4460340142250061, 'rmse': 0.6678577661514282}
[2025-05-28 14:17:59] - Epoch: 18 cost time: 1194.7696290016174
[2025-05-28 14:17:59] - Traininng loss : 0.6023040918327085
[2025-05-28 14:18:17] - vali_results: {'mae': 0.29112303256988525, 'mape': 4.3322553634643555, 'mse': 0.325093150138855, 'rmse': 0.5701693892478943}
[2025-05-28 14:18:27] - test_results: {'mae': 0.35320591926574707, 'mape': 6.373818874359131, 'mse': 0.4451703131198883, 'rmse': 0.6672108173370361}
[2025-05-28 14:19:11] - Epoch: 19 cost time: 1266.5585165023804
[2025-05-28 14:19:11] - Traininng loss : 0.6012439115670813
[2025-05-28 14:19:30] - vali_results: {'mae': 0.2910204231739044, 'mape': 4.329329490661621, 'mse': 0.3251423239707947, 'rmse': 0.5702125430107117}
[2025-05-28 14:19:39] - test_results: {'mae': 0.3525693416595459, 'mape': 6.3324713706970215, 'mse': 0.44471436738967896, 'rmse': 0.6668691039085388}
[2025-05-28 14:20:23] - Epoch: 20 cost time: 1338.6075313091278
[2025-05-28 14:20:23] - Traininng loss : 0.5999556301096379
[2025-05-28 14:20:41] - vali_results: {'mae': 0.2902553379535675, 'mape': 4.235220909118652, 'mse': 0.32531172037124634, 'rmse': 0.5703610181808472}
[2025-05-28 14:20:50] - test_results: {'mae': 0.3517283499240875, 'mape': 6.178914546966553, 'mse': 0.44443434476852417, 'rmse': 0.6666591167449951}
[2025-05-28 14:21:29] - Epoch: 21 cost time: 1404.974749803543
[2025-05-28 14:21:29] - Traininng loss : 0.5990978280167696
[2025-05-28 14:21:47] - vali_results: {'mae': 0.2902644872665405, 'mape': 4.383068561553955, 'mse': 0.32372575998306274, 'rmse': 0.5689690113067627}
[2025-05-28 14:21:56] - test_results: {'mae': 0.35209089517593384, 'mape': 6.43537712097168, 'mse': 0.4431844651699066, 'rmse': 0.6657209992408752}
[2025-05-28 14:22:36] - Epoch: 22 cost time: 1471.4865520000458
[2025-05-28 14:22:36] - Traininng loss : 0.5983237357473759
[2025-05-28 14:22:53] - vali_results: {'mae': 0.2892666459083557, 'mape': 4.258846759796143, 'mse': 0.32402312755584717, 'rmse': 0.569230318069458}
[2025-05-28 14:23:02] - test_results: {'mae': 0.35079753398895264, 'mape': 6.176344871520996, 'mse': 0.4429548978805542, 'rmse': 0.66554856300354}
[2025-05-28 14:23:43] - Epoch: 23 cost time: 1539.0154235363007
[2025-05-28 14:23:43] - Traininng loss : 0.5975305987496903
[2025-05-28 14:24:01] - vali_results: {'mae': 0.28901228308677673, 'mape': 4.268125534057617, 'mse': 0.3233066201210022, 'rmse': 0.568600594997406}
[2025-05-28 14:24:10] - test_results: {'mae': 0.3509281575679779, 'mape': 6.24692440032959, 'mse': 0.44289594888687134, 'rmse': 0.6655042767524719}
[2025-05-28 14:24:51] - Epoch: 24 cost time: 1607.1701166629791
[2025-05-28 14:24:51] - Traininng loss : 0.5967582155752054
[2025-05-28 14:25:09] - vali_results: {'mae': 0.28972044587135315, 'mape': 4.360692024230957, 'mse': 0.32302799820899963, 'rmse': 0.5683555006980896}
[2025-05-28 14:25:18] - test_results: {'mae': 0.3515039086341858, 'mape': 6.375607490539551, 'mse': 0.4421710669994354, 'rmse': 0.6649594306945801}
[2025-05-28 14:25:58] - Epoch: 25 cost time: 1673.4206759929657
[2025-05-28 14:25:58] - Traininng loss : 0.595870468333725
[2025-05-28 14:26:15] - vali_results: {'mae': 0.2885476052761078, 'mape': 4.282721519470215, 'mse': 0.32334962487220764, 'rmse': 0.5686383843421936}
[2025-05-28 14:26:24] - test_results: {'mae': 0.34962984919548035, 'mape': 6.168457508087158, 'mse': 0.44191375374794006, 'rmse': 0.6647659540176392}
[2025-05-28 14:27:07] - Epoch: 26 cost time: 1742.6032929420471
[2025-05-28 14:27:07] - Traininng loss : 0.5953028817382463
[2025-05-28 14:27:24] - vali_results: {'mae': 0.2897716760635376, 'mape': 4.377654552459717, 'mse': 0.3222580552101135, 'rmse': 0.5676777958869934}
[2025-05-28 14:27:33] - test_results: {'mae': 0.3524722158908844, 'mape': 6.544583797454834, 'mse': 0.44280028343200684, 'rmse': 0.6654323935508728}
[2025-05-28 14:28:11] - Epoch: 27 cost time: 1807.1617670059204
[2025-05-28 14:28:11] - Traininng loss : 0.5948470172213737
[2025-05-28 14:28:28] - vali_results: {'mae': 0.2886427640914917, 'mape': 4.3164381980896, 'mse': 0.32203906774520874, 'rmse': 0.5674848556518555}
[2025-05-28 14:28:37] - test_results: {'mae': 0.34962189197540283, 'mape': 6.222256660461426, 'mse': 0.44064560532569885, 'rmse': 0.663811445236206}
[2025-05-28 14:29:14] - Epoch: 28 cost time: 1870.2661287784576
[2025-05-28 14:29:14] - Traininng loss : 0.5941159709123267
[2025-05-28 14:29:31] - vali_results: {'mae': 0.28733187913894653, 'mape': 4.183972358703613, 'mse': 0.3224509358406067, 'rmse': 0.5678476095199585}
[2025-05-28 14:29:39] - test_results: {'mae': 0.34870660305023193, 'mape': 6.075043678283691, 'mse': 0.44112420082092285, 'rmse': 0.6641718149185181}
[2025-05-28 14:30:16] - Epoch: 29 cost time: 1931.3997452259064
[2025-05-28 14:30:16] - Traininng loss : 0.5935913923615715
[2025-05-28 14:30:32] - vali_results: {'mae': 0.2875441014766693, 'mape': 4.244231700897217, 'mse': 0.32170480489730835, 'rmse': 0.5671902894973755}
[2025-05-28 14:30:40] - test_results: {'mae': 0.34881728887557983, 'mape': 6.203921318054199, 'mse': 0.4402651786804199, 'rmse': 0.6635248064994812}
[2025-05-28 14:31:17] - Epoch: 30 cost time: 1992.9919559955597
[2025-05-28 14:31:17] - Traininng loss : 0.5929958062030556
[2025-05-28 14:31:33] - vali_results: {'mae': 0.28749483823776245, 'mape': 4.231348991394043, 'mse': 0.3214660584926605, 'rmse': 0.5669797658920288}
[2025-05-28 14:31:41] - test_results: {'mae': 0.34966257214546204, 'mape': 6.196933269500732, 'mse': 0.4413175880908966, 'rmse': 0.6643173694610596}
[2025-05-28 14:32:18] - Epoch: 31 cost time: 2054.1507017612457
[2025-05-28 14:32:18] - Traininng loss : 0.5926088735742389
[2025-05-28 14:32:35] - vali_results: {'mae': 0.2874705493450165, 'mape': 4.27009391784668, 'mse': 0.321225106716156, 'rmse': 0.5667672157287598}
[2025-05-28 14:32:43] - test_results: {'mae': 0.3484402894973755, 'mape': 6.197912693023682, 'mse': 0.439409464597702, 'rmse': 0.6628797054290771}
[2025-05-28 14:33:19] - Epoch: 32 cost time: 2115.236177444458
[2025-05-28 14:33:19] - Traininng loss : 0.592143286270594
[2025-05-28 14:33:35] - vali_results: {'mae': 0.2863865792751312, 'mape': 4.194602966308594, 'mse': 0.3211081027984619, 'rmse': 0.5666640400886536}
[2025-05-28 14:33:43] - test_results: {'mae': 0.34773024916648865, 'mape': 6.098771572113037, 'mse': 0.4399493634700775, 'rmse': 0.6632868051528931}
[2025-05-28 14:34:21] - Epoch: 33 cost time: 2176.9996309280396
[2025-05-28 14:34:21] - Traininng loss : 0.5916344205324219
[2025-05-28 14:34:37] - vali_results: {'mae': 0.2866450846195221, 'mape': 4.193666458129883, 'mse': 0.32137006521224976, 'rmse': 0.5668951272964478}
[2025-05-28 14:34:45] - test_results: {'mae': 0.348347544670105, 'mape': 6.083495616912842, 'mse': 0.44034162163734436, 'rmse': 0.663582444190979}
[2025-05-28 14:35:22] - Epoch: 34 cost time: 2237.5416538715363
[2025-05-28 14:35:22] - Traininng loss : 0.5914194436086156
[2025-05-28 14:35:38] - vali_results: {'mae': 0.28759410977363586, 'mape': 4.275312423706055, 'mse': 0.320773184299469, 'rmse': 0.5663684010505676}
[2025-05-28 14:35:47] - test_results: {'mae': 0.3499448597431183, 'mape': 6.3166399002075195, 'mse': 0.4407925009727478, 'rmse': 0.6639220714569092}
[2025-05-28 14:36:31] - Epoch: 35 cost time: 2307.296592950821
[2025-05-28 14:36:31] - Traininng loss : 0.5908949204853603
[2025-05-28 14:36:49] - vali_results: {'mae': 0.28712695837020874, 'mape': 4.348378658294678, 'mse': 0.31952762603759766, 'rmse': 0.5652677416801453}
[2025-05-28 14:36:57] - test_results: {'mae': 0.3493577837944031, 'mape': 6.436254024505615, 'mse': 0.4396434426307678, 'rmse': 0.6630561351776123}
[2025-05-28 14:37:36] - Epoch: 36 cost time: 2371.4136877059937
[2025-05-28 14:37:36] - Traininng loss : 0.5906201509452573
[2025-05-28 14:37:52] - vali_results: {'mae': 0.28635677695274353, 'mape': 4.2486572265625, 'mse': 0.31956785917282104, 'rmse': 0.5653033256530762}
[2025-05-28 14:38:00] - test_results: {'mae': 0.3485635221004486, 'mape': 6.313821315765381, 'mse': 0.43946531414985657, 'rmse': 0.6629217863082886}
[2025-05-28 14:38:37] - Epoch: 37 cost time: 2432.9314625263214
[2025-05-28 14:38:37] - Traininng loss : 0.5901083657041072
[2025-05-28 14:38:54] - vali_results: {'mae': 0.28641828894615173, 'mape': 4.2450337409973145, 'mse': 0.32035207748413086, 'rmse': 0.565996527671814}
[2025-05-28 14:39:03] - test_results: {'mae': 0.3482849597930908, 'mape': 6.212794780731201, 'mse': 0.4395924210548401, 'rmse': 0.6630176901817322}
[2025-05-28 14:39:39] - Epoch: 38 cost time: 2495.16207075119
[2025-05-28 14:39:39] - Traininng loss : 0.5899288051854568
[2025-05-28 14:39:56] - vali_results: {'mae': 0.2857232391834259, 'mape': 4.238806247711182, 'mse': 0.319562166929245, 'rmse': 0.565298318862915}
[2025-05-28 14:40:04] - test_results: {'mae': 0.347688764333725, 'mape': 6.208528995513916, 'mse': 0.43908584117889404, 'rmse': 0.6626355051994324}
[2025-05-28 14:40:41] - Epoch: 39 cost time: 2556.396550655365
[2025-05-28 14:40:41] - Traininng loss : 0.5894960076661123
[2025-05-28 14:40:56] - vali_results: {'mae': 0.28666362166404724, 'mape': 4.27863883972168, 'mse': 0.3192899227142334, 'rmse': 0.5650574564933777}
[2025-05-28 14:41:05] - test_results: {'mae': 0.3486270010471344, 'mape': 6.318604946136475, 'mse': 0.43900325894355774, 'rmse': 0.6625732183456421}
[2025-05-28 14:41:42] - Epoch: 40 cost time: 2617.482528448105
[2025-05-28 14:41:42] - Traininng loss : 0.5893008541868061
[2025-05-28 14:41:58] - vali_results: {'mae': 0.28537747263908386, 'mape': 4.187716960906982, 'mse': 0.3195488750934601, 'rmse': 0.5652865171432495}
[2025-05-28 14:42:06] - test_results: {'mae': 0.3471510708332062, 'mape': 6.1566643714904785, 'mse': 0.43876519799232483, 'rmse': 0.6623935103416443}
[2025-05-28 14:42:43] - Epoch: 41 cost time: 2679.0813167095184
[2025-05-28 14:42:43] - Traininng loss : 0.5889610093880214
[2025-05-28 14:42:59] - vali_results: {'mae': 0.28570374846458435, 'mape': 4.146356582641602, 'mse': 0.32034754753112793, 'rmse': 0.565992534160614}
[2025-05-28 14:43:07] - test_results: {'mae': 0.3471975326538086, 'mape': 6.058210372924805, 'mse': 0.4390731751918793, 'rmse': 0.6626259684562683}
[2025-05-28 14:43:44] - Epoch: 42 cost time: 2739.508475780487
[2025-05-28 14:43:44] - Traininng loss : 0.5887042978060535
[2025-05-28 14:44:00] - vali_results: {'mae': 0.28503936529159546, 'mape': 4.115472793579102, 'mse': 0.32013553380966187, 'rmse': 0.565805196762085}
[2025-05-28 14:44:08] - test_results: {'mae': 0.34638500213623047, 'mape': 5.980609893798828, 'mse': 0.4387282431125641, 'rmse': 0.6623656153678894}
[2025-05-28 14:44:45] - Epoch: 43 cost time: 2801.2209906578064
[2025-05-28 14:44:45] - Traininng loss : 0.588461549776905
[2025-05-28 14:45:02] - vali_results: {'mae': 0.2854744493961334, 'mape': 4.2535929679870605, 'mse': 0.31864967942237854, 'rmse': 0.5644906163215637}
[2025-05-28 14:45:10] - test_results: {'mae': 0.34730416536331177, 'mape': 6.250307083129883, 'mse': 0.43798112869262695, 'rmse': 0.6618013978004456}
[2025-05-28 14:45:51] - Epoch: 44 cost time: 2866.875937461853
[2025-05-28 14:45:51] - Traininng loss : 0.5880270348083619
[2025-05-28 14:46:08] - vali_results: {'mae': 0.28571817278862, 'mape': 4.190779685974121, 'mse': 0.3196605443954468, 'rmse': 0.5653852820396423}
[2025-05-28 14:46:16] - test_results: {'mae': 0.34702268242836, 'mape': 6.109243392944336, 'mse': 0.43832141160964966, 'rmse': 0.6620584726333618}
[2025-05-28 14:46:53] - Epoch: 45 cost time: 2929.1797244548798
[2025-05-28 14:46:53] - Traininng loss : 0.5878324383352644
[2025-05-28 14:47:09] - vali_results: {'mae': 0.2858525216579437, 'mape': 4.250489711761475, 'mse': 0.3189268708229065, 'rmse': 0.5647361278533936}
[2025-05-28 14:47:17] - test_results: {'mae': 0.3471437394618988, 'mape': 6.237686634063721, 'mse': 0.437946081161499, 'rmse': 0.6617749333381653}
[2025-05-28 14:47:53] - Epoch: 46 cost time: 2989.274034023285
[2025-05-28 14:47:53] - Traininng loss : 0.5876432535140662
[2025-05-28 14:48:10] - vali_results: {'mae': 0.2849101424217224, 'mape': 4.211829662322998, 'mse': 0.31855857372283936, 'rmse': 0.5644099116325378}
[2025-05-28 14:48:19] - test_results: {'mae': 0.3464626669883728, 'mape': 6.175417900085449, 'mse': 0.4373907446861267, 'rmse': 0.6613552570343018}
[2025-05-28 14:48:57] - Epoch: 47 cost time: 3053.27281498909
[2025-05-28 14:48:57] - Traininng loss : 0.5872753611150777
[2025-05-28 14:49:14] - vali_results: {'mae': 0.2848285436630249, 'mape': 4.161383628845215, 'mse': 0.31898701190948486, 'rmse': 0.564789354801178}
[2025-05-28 14:49:22] - test_results: {'mae': 0.3470773994922638, 'mape': 6.100137233734131, 'mse': 0.43870463967323303, 'rmse': 0.6623478531837463}
[2025-05-28 14:49:59] - Epoch: 48 cost time: 3115.314867734909
[2025-05-28 14:49:59] - Traininng loss : 0.5871487157042778
[2025-05-28 14:50:15] - vali_results: {'mae': 0.28470802307128906, 'mape': 4.173110008239746, 'mse': 0.3188769221305847, 'rmse': 0.5646919012069702}
[2025-05-28 14:50:23] - test_results: {'mae': 0.34633946418762207, 'mape': 6.124509811401367, 'mse': 0.43807387351989746, 'rmse': 0.6618714928627014}
[2025-05-28 14:51:00] - Epoch: 49 cost time: 3175.889497280121
[2025-05-28 14:51:00] - Traininng loss : 0.5871667294810724
[2025-05-28 14:51:17] - vali_results: {'mae': 0.28441792726516724, 'mape': 4.196028709411621, 'mse': 0.3182401955127716, 'rmse': 0.5641278028488159}
[2025-05-28 14:51:25] - test_results: {'mae': 0.34623998403549194, 'mape': 6.157526969909668, 'mse': 0.4374184310436249, 'rmse': 0.6613761782646179}
[2025-05-28 14:52:03] - Epoch: 50 cost time: 3238.538271665573
[2025-05-28 14:52:03] - Traininng loss : 0.5867980765203903
[2025-05-28 14:52:19] - vali_results: {'mae': 0.28432485461235046, 'mape': 4.223796844482422, 'mse': 0.31814730167388916, 'rmse': 0.5640454888343811}
[2025-05-28 14:52:27] - test_results: {'mae': 0.3463056683540344, 'mape': 6.195357322692871, 'mse': 0.4374815821647644, 'rmse': 0.661423921585083}
[2025-05-28 14:53:05] - Epoch: 51 cost time: 3300.4637417793274
[2025-05-28 14:53:05] - Traininng loss : 0.5865220475710948
[2025-05-28 14:53:20] - vali_results: {'mae': 0.28449052572250366, 'mape': 4.166014671325684, 'mse': 0.3188874423503876, 'rmse': 0.5647011995315552}
[2025-05-28 14:53:28] - test_results: {'mae': 0.3458607792854309, 'mape': 6.0905561447143555, 'mse': 0.43748384714126587, 'rmse': 0.6614255905151367}
[2025-05-28 14:54:05] - Epoch: 52 cost time: 3361.2795219421387
[2025-05-28 14:54:05] - Traininng loss : 0.5863785507544031
[2025-05-28 14:54:21] - vali_results: {'mae': 0.2840518355369568, 'mape': 4.160722255706787, 'mse': 0.3183846175670624, 'rmse': 0.5642558336257935}
[2025-05-28 14:54:29] - test_results: {'mae': 0.3455834984779358, 'mape': 6.090704917907715, 'mse': 0.43710920214653015, 'rmse': 0.6611423492431641}
[2025-05-28 14:55:08] - Epoch: 53 cost time: 3423.8402450084686
[2025-05-28 14:55:08] - Traininng loss : 0.5862348857272989
[2025-05-28 14:55:24] - vali_results: {'mae': 0.28374412655830383, 'mape': 4.147000312805176, 'mse': 0.3181596100330353, 'rmse': 0.564056396484375}
[2025-05-28 14:55:32] - test_results: {'mae': 0.3450448513031006, 'mape': 6.071600914001465, 'mse': 0.43684130907058716, 'rmse': 0.6609396934509277}
[2025-05-28 14:56:09] - Epoch: 54 cost time: 3485.1777670383453
[2025-05-28 14:56:09] - Traininng loss : 0.5859223641153937
[2025-05-28 14:56:27] - vali_results: {'mae': 0.283867210149765, 'mape': 4.150936126708984, 'mse': 0.31856846809387207, 'rmse': 0.5644186735153198}
[2025-05-28 14:56:36] - test_results: {'mae': 0.34520021080970764, 'mape': 6.049853324890137, 'mse': 0.4370676279067993, 'rmse': 0.6611108779907227}
[2025-05-28 14:57:20] - Epoch: 55 cost time: 3555.6055331230164
[2025-05-28 14:57:20] - Traininng loss : 0.5857988592749336
[2025-05-28 14:57:37] - vali_results: {'mae': 0.284050852060318, 'mape': 4.213990211486816, 'mse': 0.3177545368671417, 'rmse': 0.5636972188949585}
[2025-05-28 14:57:45] - test_results: {'mae': 0.34544575214385986, 'mape': 6.160265922546387, 'mse': 0.4363595247268677, 'rmse': 0.6605751514434814}
[2025-05-28 14:58:25] - Epoch: 56 cost time: 3621.165397644043
[2025-05-28 14:58:25] - Traininng loss : 0.5858101854427162
[2025-05-28 14:58:42] - vali_results: {'mae': 0.2841692268848419, 'mape': 4.239879608154297, 'mse': 0.31764987111091614, 'rmse': 0.5636043548583984}
[2025-05-28 14:58:50] - test_results: {'mae': 0.3460533022880554, 'mape': 6.248567581176758, 'mse': 0.436973512172699, 'rmse': 0.6610397100448608}
[2025-05-28 14:59:31] - Epoch: 57 cost time: 3686.794466972351
[2025-05-28 14:59:31] - Traininng loss : 0.5856314087813755
[2025-05-28 14:59:47] - vali_results: {'mae': 0.28363338112831116, 'mape': 4.1951189041137695, 'mse': 0.31758034229278564, 'rmse': 0.5635426640510559}
[2025-05-28 14:59:55] - test_results: {'mae': 0.34557047486305237, 'mape': 6.164828777313232, 'mse': 0.43682196736335754, 'rmse': 0.6609250903129578}
[2025-05-28 15:00:33] - Epoch: 58 cost time: 3748.625283241272
[2025-05-28 15:00:33] - Traininng loss : 0.5854827557612622
[2025-05-28 15:00:49] - vali_results: {'mae': 0.2835152745246887, 'mape': 4.172055244445801, 'mse': 0.3177439868450165, 'rmse': 0.5636878609657288}
[2025-05-28 15:00:57] - test_results: {'mae': 0.34529945254325867, 'mape': 6.104223728179932, 'mse': 0.4367235600948334, 'rmse': 0.6608506441116333}
[2025-05-28 15:01:35] - Epoch: 59 cost time: 3810.6051869392395
[2025-05-28 15:01:35] - Traininng loss : 0.5852527709984072
[2025-05-28 15:01:52] - vali_results: {'mae': 0.2837333679199219, 'mape': 4.221157073974609, 'mse': 0.31742364168167114, 'rmse': 0.5634036064147949}
[2025-05-28 15:02:01] - test_results: {'mae': 0.3456081748008728, 'mape': 6.196887016296387, 'mse': 0.4367562532424927, 'rmse': 0.6608753800392151}
[2025-05-28 15:02:39] - Epoch: 60 cost time: 3874.391336917877
[2025-05-28 15:02:39] - Traininng loss : 0.585069574757085
[2025-05-28 15:02:55] - vali_results: {'mae': 0.2836757004261017, 'mape': 4.170435905456543, 'mse': 0.3175770342350006, 'rmse': 0.5635397434234619}
[2025-05-28 15:03:03] - test_results: {'mae': 0.34531235694885254, 'mape': 6.1259846687316895, 'mse': 0.43651989102363586, 'rmse': 0.6606965065002441}
[2025-05-28 15:03:43] - Epoch: 61 cost time: 3938.5476021766663
[2025-05-28 15:03:43] - Traininng loss : 0.5849960881744755
[2025-05-28 15:04:01] - vali_results: {'mae': 0.28348904848098755, 'mape': 4.220293045043945, 'mse': 0.3169628977775574, 'rmse': 0.5629945993423462}
[2025-05-28 15:04:09] - test_results: {'mae': 0.3452228307723999, 'mape': 6.202035427093506, 'mse': 0.43620219826698303, 'rmse': 0.6604560613632202}
[2025-05-28 15:04:47] - Epoch: 62 cost time: 4002.37024641037
[2025-05-28 15:04:47] - Traininng loss : 0.5849609228799928
[2025-05-28 15:05:03] - vali_results: {'mae': 0.28308093547821045, 'mape': 4.1628851890563965, 'mse': 0.3174794912338257, 'rmse': 0.563453197479248}
[2025-05-28 15:05:12] - test_results: {'mae': 0.3446807265281677, 'mape': 6.097134113311768, 'mse': 0.43638721108436584, 'rmse': 0.6605961322784424}
[2025-05-28 15:05:53] - Epoch: 63 cost time: 4068.505699634552
[2025-05-28 15:05:53] - Traininng loss : 0.5848203603469458
[2025-05-28 15:06:10] - vali_results: {'mae': 0.28301459550857544, 'mape': 4.135401248931885, 'mse': 0.31753984093666077, 'rmse': 0.5635067224502563}
[2025-05-28 15:06:18] - test_results: {'mae': 0.3445711135864258, 'mape': 6.066414833068848, 'mse': 0.43629658222198486, 'rmse': 0.6605275273323059}
[2025-05-28 15:06:56] - Epoch: 64 cost time: 4132.039170742035
[2025-05-28 15:06:56] - Traininng loss : 0.5845905230694383
[2025-05-28 15:07:13] - vali_results: {'mae': 0.2835342288017273, 'mape': 4.22585916519165, 'mse': 0.31708648800849915, 'rmse': 0.5631043314933777}
[2025-05-28 15:07:22] - test_results: {'mae': 0.3451310992240906, 'mape': 6.181048393249512, 'mse': 0.4360559284687042, 'rmse': 0.6603453159332275}
[2025-05-28 15:08:00] - Epoch: 65 cost time: 4196.354036569595
[2025-05-28 15:08:00] - Traininng loss : 0.5845162118220265
[2025-05-28 15:08:17] - vali_results: {'mae': 0.2832586169242859, 'mape': 4.195326805114746, 'mse': 0.3172115683555603, 'rmse': 0.5632153749465942}
[2025-05-28 15:08:25] - test_results: {'mae': 0.3452000916004181, 'mape': 6.18271541595459, 'mse': 0.4365156888961792, 'rmse': 0.660693347454071}
[2025-05-28 15:09:03] - Epoch: 66 cost time: 4258.709899425507
[2025-05-28 15:09:03] - Traininng loss : 0.5844585622417316
[2025-05-28 15:09:18] - vali_results: {'mae': 0.2828950881958008, 'mape': 4.13062858581543, 'mse': 0.3176732063293457, 'rmse': 0.5636250376701355}
[2025-05-28 15:09:26] - test_results: {'mae': 0.3444899916648865, 'mape': 6.06187105178833, 'mse': 0.4364449083805084, 'rmse': 0.660639762878418}
[2025-05-28 15:09:26] - loss no decreased for 5 epochs,  early stopping ....
[2025-05-28 15:09:34] - test_results: {'mae': 0.3452228307723999, 'mape': 6.202035427093506, 'mse': 0.43620219826698303, 'rmse': 0.6604560613632202}
