[2025-05-29 21:42:42] - run : 0 in seed: 1
[2025-05-29 21:42:42] - +-----------------------------------+------------+
|              Modules              | Parameters |
+-----------------------------------+------------+
|     fm.Linear_Seasonal.weight     |   16128    |
|      fm.Linear_Seasonal.bias      |    168     |
|       fm.Linear_Trend.weight      |   16128    |
|        fm.Linear_Trend.bias       |    168     |
|             nm.weight             |    642     |
| nm.model_freq.model_freq.0.weight |    6144    |
|  nm.model_freq.model_freq.0.bias  |     64     |
|  nm.model_freq.model_all.0.weight |   20480    |
|   nm.model_freq.model_all.0.bias  |    128     |
|  nm.model_freq.model_all.2.weight |   21504    |
|   nm.model_freq.model_all.2.bias  |    168     |
| nm.model_pred.model_freq.0.weight |   24576    |
|  nm.model_pred.model_freq.0.bias  |    256     |
|  nm.model_pred.model_all.0.weight |   180224   |
|   nm.model_pred.model_all.0.bias  |    512     |
|  nm.model_pred.model_all.2.weight |   86016    |
|   nm.model_pred.model_all.2.bias  |    168     |
+-----------------------------------+------------+
[2025-05-29 21:42:42] - Total Trainable Params: 373474
[2025-05-29 21:42:42] - model parameters: 373474
[2025-05-29 21:43:06] - Epoch: 1 cost time: 23.84939742088318
[2025-05-29 21:43:06] - Traininng loss : 0.5531426160793069
[2025-05-29 21:43:13] - vali_results: {'mae': 0.2717902660369873, 'mape': 2.2975919246673584, 'mse': 0.17912372946739197, 'rmse': 0.4232301115989685}
[2025-05-29 21:43:17] - test_results: {'mae': 0.27184951305389404, 'mape': 2.944809913635254, 'mse': 0.1831183135509491, 'rmse': 0.4279232621192932}
[2025-05-29 21:43:41] - Epoch: 2 cost time: 59.37629556655884
[2025-05-29 21:43:41] - Traininng loss : 0.41207933378681333
[2025-05-29 21:43:50] - vali_results: {'mae': 0.2676491141319275, 'mape': 2.300912618637085, 'mse': 0.17577052116394043, 'rmse': 0.419249951839447}
[2025-05-29 21:43:55] - test_results: {'mae': 0.2676944434642792, 'mape': 2.9333651065826416, 'mse': 0.17934545874595642, 'rmse': 0.4234919846057892}
[2025-05-29 21:44:18] - Epoch: 3 cost time: 96.22768974304199
[2025-05-29 21:44:18] - Traininng loss : 0.4059587634155448
[2025-05-29 21:44:26] - vali_results: {'mae': 0.2677556276321411, 'mape': 2.3408241271972656, 'mse': 0.17520080506801605, 'rmse': 0.418569952249527}
[2025-05-29 21:44:31] - test_results: {'mae': 0.2683010995388031, 'mape': 2.950967788696289, 'mse': 0.17873281240463257, 'rmse': 0.4227680265903473}
[2025-05-29 21:44:55] - Epoch: 4 cost time: 133.04668188095093
[2025-05-29 21:44:55] - Traininng loss : 0.40308017771638616
[2025-05-29 21:45:03] - vali_results: {'mae': 0.2651582658290863, 'mape': 2.2805771827697754, 'mse': 0.1743326485157013, 'rmse': 0.4175316095352173}
[2025-05-29 21:45:07] - test_results: {'mae': 0.26465079188346863, 'mape': 2.9072067737579346, 'mse': 0.1770552098751068, 'rmse': 0.420779287815094}
[2025-05-29 21:45:32] - Epoch: 5 cost time: 170.3116843700409
[2025-05-29 21:45:32] - Traininng loss : 0.4014261908514399
[2025-05-29 21:45:41] - vali_results: {'mae': 0.26587387919425964, 'mape': 2.276454210281372, 'mse': 0.1737062633037567, 'rmse': 0.41678082942962646}
[2025-05-29 21:45:45] - test_results: {'mae': 0.26563185453414917, 'mape': 2.8883187770843506, 'mse': 0.17685037851333618, 'rmse': 0.4205358326435089}
[2025-05-29 21:46:09] - Epoch: 6 cost time: 207.01127743721008
[2025-05-29 21:46:09] - Traininng loss : 0.40022750922911604
[2025-05-29 21:46:17] - vali_results: {'mae': 0.2669639587402344, 'mape': 2.3104844093322754, 'mse': 0.17345117032527924, 'rmse': 0.41647469997406006}
[2025-05-29 21:46:21] - test_results: {'mae': 0.26787033677101135, 'mape': 2.920262336730957, 'mse': 0.17760252952575684, 'rmse': 0.4214291572570801}
[2025-05-29 21:46:46] - Epoch: 7 cost time: 243.7695164680481
[2025-05-29 21:46:46] - Traininng loss : 0.39961091911708807
[2025-05-29 21:46:54] - vali_results: {'mae': 0.2654222249984741, 'mape': 2.3084609508514404, 'mse': 0.17368851602077484, 'rmse': 0.41675955057144165}
[2025-05-29 21:46:58] - test_results: {'mae': 0.2649534046649933, 'mape': 2.9181387424468994, 'mse': 0.17662641406059265, 'rmse': 0.4202694594860077}
[2025-05-29 21:47:23] - Epoch: 8 cost time: 280.7848336696625
[2025-05-29 21:47:23] - Traininng loss : 0.3991882931703413
[2025-05-29 21:47:30] - vali_results: {'mae': 0.26609039306640625, 'mape': 2.349370241165161, 'mse': 0.1736588329076767, 'rmse': 0.41672393679618835}
[2025-05-29 21:47:35] - test_results: {'mae': 0.26709386706352234, 'mape': 2.9486913681030273, 'mse': 0.1776946485042572, 'rmse': 0.42153844237327576}
[2025-05-29 21:48:00] - Epoch: 9 cost time: 317.8538067340851
[2025-05-29 21:48:00] - Traininng loss : 0.39843516471520274
[2025-05-29 21:48:08] - vali_results: {'mae': 0.2656348943710327, 'mape': 2.3408443927764893, 'mse': 0.17286981642246246, 'rmse': 0.41577616333961487}
[2025-05-29 21:48:13] - test_results: {'mae': 0.26662203669548035, 'mape': 2.9362339973449707, 'mse': 0.17707191407680511, 'rmse': 0.4207991361618042}
[2025-05-29 21:48:37] - Epoch: 10 cost time: 355.1491889953613
[2025-05-29 21:48:37] - Traininng loss : 0.39841515166868624
[2025-05-29 21:48:45] - vali_results: {'mae': 0.2647128105163574, 'mape': 2.316040515899658, 'mse': 0.17280270159244537, 'rmse': 0.4156954288482666}
[2025-05-29 21:48:50] - test_results: {'mae': 0.26476019620895386, 'mape': 2.928293228149414, 'mse': 0.17605412006378174, 'rmse': 0.41958802938461304}
[2025-05-29 21:49:13] - Epoch: 11 cost time: 390.99007391929626
[2025-05-29 21:49:13] - Traininng loss : 0.3980736989055721
[2025-05-29 21:49:21] - vali_results: {'mae': 0.26492539048194885, 'mape': 2.2717714309692383, 'mse': 0.1731322705745697, 'rmse': 0.416091650724411}
[2025-05-29 21:49:26] - test_results: {'mae': 0.26391106843948364, 'mape': 2.887878656387329, 'mse': 0.17601503431797028, 'rmse': 0.41954144835472107}
[2025-05-29 21:49:50] - Epoch: 12 cost time: 428.5414638519287
[2025-05-29 21:49:50] - Traininng loss : 0.3975952387800519
[2025-05-29 21:49:58] - vali_results: {'mae': 0.2641701102256775, 'mape': 2.3129618167877197, 'mse': 0.17294976115226746, 'rmse': 0.4158722758293152}
[2025-05-29 21:50:03] - test_results: {'mae': 0.26424750685691833, 'mape': 2.9108827114105225, 'mse': 0.1759810745716095, 'rmse': 0.4195009768009186}
[2025-05-29 21:50:27] - Epoch: 13 cost time: 465.0436661243439
[2025-05-29 21:50:27] - Traininng loss : 0.3972646371054817
[2025-05-29 21:50:35] - vali_results: {'mae': 0.2649608850479126, 'mape': 2.276984930038452, 'mse': 0.17311933636665344, 'rmse': 0.416076123714447}
[2025-05-29 21:50:40] - test_results: {'mae': 0.2642717957496643, 'mape': 2.8938775062561035, 'mse': 0.17577987909317017, 'rmse': 0.41926109790802}
[2025-05-29 21:51:03] - Epoch: 14 cost time: 500.90074944496155
[2025-05-29 21:51:03] - Traininng loss : 0.3973420944432138
[2025-05-29 21:51:11] - vali_results: {'mae': 0.26620879769325256, 'mape': 2.339916467666626, 'mse': 0.17255395650863647, 'rmse': 0.41539615392684937}
[2025-05-29 21:51:15] - test_results: {'mae': 0.2675057351589203, 'mape': 2.9144272804260254, 'mse': 0.1769227832555771, 'rmse': 0.4206219017505646}
[2025-05-29 21:51:40] - Epoch: 15 cost time: 538.2125101089478
[2025-05-29 21:51:40] - Traininng loss : 0.3970263405689891
[2025-05-29 21:51:48] - vali_results: {'mae': 0.26540178060531616, 'mape': 2.3685121536254883, 'mse': 0.17351621389389038, 'rmse': 0.4165527820587158}
[2025-05-29 21:51:53] - test_results: {'mae': 0.26625850796699524, 'mape': 2.9628798961639404, 'mse': 0.17739441990852356, 'rmse': 0.42118215560913086}
[2025-05-29 21:52:18] - Epoch: 16 cost time: 575.8517534732819
[2025-05-29 21:52:18] - Traininng loss : 0.39676811750715885
[2025-05-29 21:52:26] - vali_results: {'mae': 0.2665432393550873, 'mape': 2.3578150272369385, 'mse': 0.17313292622566223, 'rmse': 0.4160924553871155}
[2025-05-29 21:52:31] - test_results: {'mae': 0.2680951654911041, 'mape': 2.938732624053955, 'mse': 0.17745980620384216, 'rmse': 0.4212597906589508}
[2025-05-29 21:52:56] - Epoch: 17 cost time: 614.1531808376312
[2025-05-29 21:52:56] - Traininng loss : 0.3964942492754527
[2025-05-29 21:53:04] - vali_results: {'mae': 0.2649520933628082, 'mape': 2.338343381881714, 'mse': 0.17282618582248688, 'rmse': 0.41572368144989014}
[2025-05-29 21:53:08] - test_results: {'mae': 0.26609545946121216, 'mape': 2.941836357116699, 'mse': 0.17682833969593048, 'rmse': 0.42050960659980774}
[2025-05-29 21:53:33] - Epoch: 18 cost time: 651.3201174736023
[2025-05-29 21:53:33] - Traininng loss : 0.39668492752481516
[2025-05-29 21:53:41] - vali_results: {'mae': 0.2640538513660431, 'mape': 2.339995861053467, 'mse': 0.17255830764770508, 'rmse': 0.4154013693332672}
[2025-05-29 21:53:46] - test_results: {'mae': 0.264486163854599, 'mape': 2.9354982376098633, 'mse': 0.17601707577705383, 'rmse': 0.41954389214515686}
[2025-05-29 21:54:10] - Epoch: 19 cost time: 688.2011709213257
[2025-05-29 21:54:10] - Traininng loss : 0.3967185591308164
[2025-05-29 21:54:18] - vali_results: {'mae': 0.26515379548072815, 'mape': 2.311350107192993, 'mse': 0.17286032438278198, 'rmse': 0.4157647490501404}
[2025-05-29 21:54:23] - test_results: {'mae': 0.2653663158416748, 'mape': 2.927091598510742, 'mse': 0.17621715366840363, 'rmse': 0.41978228092193604}
[2025-05-29 21:54:23] - loss no decreased for 5 epochs,  early stopping ....
[2025-05-29 21:54:27] - test_results: {'mae': 0.2675057351589203, 'mape': 2.9144272804260254, 'mse': 0.1769227832555771, 'rmse': 0.4206219017505646}
