[2025-06-05 21:13:33] - run : 1 in seed: 3
[2025-06-05 21:13:33] - +-----------------------------------+------------+
|              Modules              | Parameters |
+-----------------------------------+------------+
|     fm.Linear_Seasonal.weight     |   32256    |
|      fm.Linear_Seasonal.bias      |    336     |
|       fm.Linear_Trend.weight      |   32256    |
|        fm.Linear_Trend.bias       |    336     |
|             nm.weight             |     42     |
| nm.model_freq.model_freq.0.weight |    6144    |
|  nm.model_freq.model_freq.0.bias  |     64     |
|  nm.model_freq.model_all.0.weight |   20480    |
|   nm.model_freq.model_all.0.bias  |    128     |
|  nm.model_freq.model_all.2.weight |   43008    |
|   nm.model_freq.model_all.2.bias  |    336     |
| nm.model_pred.model_freq.0.weight |   24576    |
|  nm.model_pred.model_freq.0.bias  |    256     |
|  nm.model_pred.model_all.0.weight |   180224   |
|   nm.model_pred.model_all.0.bias  |    512     |
|  nm.model_pred.model_all.2.weight |   172032   |
|   nm.model_pred.model_all.2.bias  |    336     |
+-----------------------------------+------------+
[2025-06-05 21:13:33] - Total Trainable Params: 513322
[2025-06-05 21:13:33] - model parameters: 513322
[2025-06-05 21:14:18] - Epoch: 1 cost time: 45.584877729415894
[2025-06-05 21:14:18] - Traininng loss : 1.384875297232678
[2025-06-05 21:14:24] - vali_results: {'mae': 0.37728220224380493, 'mape': 6.300560474395752, 'mse': 0.4170615077018738, 'rmse': 0.6458029747009277}
[2025-06-05 21:14:27] - test_results: {'mae': 0.3201295733451843, 'mape': 1.8869009017944336, 'mse': 0.2935849130153656, 'rmse': 0.5418347716331482}
[2025-06-05 21:15:13] - Epoch: 2 cost time: 100.13408875465393
[2025-06-05 21:15:13] - Traininng loss : 1.3140076376367034
[2025-06-05 21:15:19] - vali_results: {'mae': 0.36913198232650757, 'mape': 5.286590576171875, 'mse': 0.41681066155433655, 'rmse': 0.6456087231636047}
[2025-06-05 21:15:22] - test_results: {'mae': 0.29764655232429504, 'mape': 1.749582290649414, 'mse': 0.2848939001560211, 'rmse': 0.5337545275688171}
[2025-06-05 21:16:07] - Epoch: 3 cost time: 154.53307175636292
[2025-06-05 21:16:07] - Traininng loss : 1.3004270397780235
[2025-06-05 21:16:13] - vali_results: {'mae': 0.3687988817691803, 'mape': 5.338570594787598, 'mse': 0.40988996624946594, 'rmse': 0.6402264833450317}
[2025-06-05 21:16:16] - test_results: {'mae': 0.305275022983551, 'mape': 1.7202177047729492, 'mse': 0.2851015329360962, 'rmse': 0.5339490175247192}
[2025-06-05 21:17:01] - Epoch: 4 cost time: 208.96083092689514
[2025-06-05 21:17:01] - Traininng loss : 1.2951059554229702
[2025-06-05 21:17:08] - vali_results: {'mae': 0.3700931966304779, 'mape': 5.638217926025391, 'mse': 0.41621848940849304, 'rmse': 0.6451499462127686}
[2025-06-05 21:17:11] - test_results: {'mae': 0.2921156585216522, 'mape': 1.8042588233947754, 'mse': 0.28078097105026245, 'rmse': 0.5298876762390137}
[2025-06-05 21:17:56] - Epoch: 5 cost time: 263.4006564617157
[2025-06-05 21:17:56] - Traininng loss : 1.2941612299074206
[2025-06-05 21:18:02] - vali_results: {'mae': 0.36749067902565, 'mape': 5.235806941986084, 'mse': 0.4101070165634155, 'rmse': 0.640395998954773}
[2025-06-05 21:18:05] - test_results: {'mae': 0.2973237931728363, 'mape': 1.7284049987792969, 'mse': 0.28193414211273193, 'rmse': 0.5309746861457825}
[2025-06-05 21:18:51] - Epoch: 6 cost time: 318.18456745147705
[2025-06-05 21:18:51] - Traininng loss : 1.2886228508593742
[2025-06-05 21:18:57] - vali_results: {'mae': 0.37354129552841187, 'mape': 6.572019577026367, 'mse': 0.4127592146396637, 'rmse': 0.6424633860588074}
[2025-06-05 21:19:00] - test_results: {'mae': 0.30445751547813416, 'mape': 1.9418678283691406, 'mse': 0.2842959463596344, 'rmse': 0.5331941246986389}
[2025-06-05 21:19:46] - Epoch: 7 cost time: 373.33901619911194
[2025-06-05 21:19:46] - Traininng loss : 1.2867764701968745
[2025-06-05 21:19:52] - vali_results: {'mae': 0.36835381388664246, 'mape': 5.060239791870117, 'mse': 0.40899547934532166, 'rmse': 0.6395275592803955}
[2025-06-05 21:19:55] - test_results: {'mae': 0.3056694567203522, 'mape': 1.691940188407898, 'mse': 0.28478601574897766, 'rmse': 0.5336534380912781}
[2025-06-05 21:20:41] - Epoch: 8 cost time: 428.58323788642883
[2025-06-05 21:20:41] - Traininng loss : 1.2847230369061755
[2025-06-05 21:20:47] - vali_results: {'mae': 0.36659130454063416, 'mape': 5.19512939453125, 'mse': 0.4061688184738159, 'rmse': 0.637313723564148}
[2025-06-05 21:20:50] - test_results: {'mae': 0.30508390069007874, 'mape': 1.697514533996582, 'mse': 0.28379544615745544, 'rmse': 0.5327245593070984}
[2025-06-05 21:21:36] - Epoch: 9 cost time: 483.49074482917786
[2025-06-05 21:21:36] - Traininng loss : 1.2832183838413473
[2025-06-05 21:21:42] - vali_results: {'mae': 0.370615690946579, 'mape': 5.616513252258301, 'mse': 0.40447938442230225, 'rmse': 0.6359869241714478}
[2025-06-05 21:21:45] - test_results: {'mae': 0.3140820264816284, 'mape': 1.7572212219238281, 'mse': 0.2866170108318329, 'rmse': 0.5353662371635437}
[2025-06-05 21:22:31] - Epoch: 10 cost time: 538.3825695514679
[2025-06-05 21:22:31] - Traininng loss : 1.2816326250109755
[2025-06-05 21:22:37] - vali_results: {'mae': 0.363250195980072, 'mape': 4.818337440490723, 'mse': 0.40118834376335144, 'rmse': 0.6333943009376526}
[2025-06-05 21:22:40] - test_results: {'mae': 0.29913055896759033, 'mape': 1.620238184928894, 'mse': 0.2787206768989563, 'rmse': 0.527940034866333}
[2025-06-05 21:23:26] - Epoch: 11 cost time: 593.233594417572
[2025-06-05 21:23:26] - Traininng loss : 1.281101464963796
[2025-06-05 21:23:32] - vali_results: {'mae': 0.3726898431777954, 'mape': 6.100299835205078, 'mse': 0.41299548745155334, 'rmse': 0.6426472663879395}
[2025-06-05 21:23:35] - test_results: {'mae': 0.3060477077960968, 'mape': 1.866284966468811, 'mse': 0.2864758372306824, 'rmse': 0.5352343916893005}
[2025-06-05 21:24:20] - Epoch: 12 cost time: 647.6863765716553
[2025-06-05 21:24:20] - Traininng loss : 1.2801302323215886
[2025-06-05 21:24:26] - vali_results: {'mae': 0.3676718771457672, 'mape': 5.173498153686523, 'mse': 0.4083160161972046, 'rmse': 0.6389961242675781}
[2025-06-05 21:24:29] - test_results: {'mae': 0.2979050278663635, 'mape': 1.710624098777771, 'mse': 0.28100132942199707, 'rmse': 0.5300955772399902}
[2025-06-05 21:25:15] - Epoch: 13 cost time: 702.1716063022614
[2025-06-05 21:25:15] - Traininng loss : 1.278496477217005
[2025-06-05 21:25:21] - vali_results: {'mae': 0.3653146028518677, 'mape': 5.168423175811768, 'mse': 0.40477254986763, 'rmse': 0.6362173557281494}
[2025-06-05 21:25:24] - test_results: {'mae': 0.3031478822231293, 'mape': 1.6943820714950562, 'mse': 0.2828195095062256, 'rmse': 0.5318077802658081}
[2025-06-05 21:26:09] - Epoch: 14 cost time: 756.9647831916809
[2025-06-05 21:26:09] - Traininng loss : 1.2777050031904589
[2025-06-05 21:26:16] - vali_results: {'mae': 0.36792850494384766, 'mape': 5.328915119171143, 'mse': 0.40663719177246094, 'rmse': 0.6376811265945435}
[2025-06-05 21:26:19] - test_results: {'mae': 0.2975817918777466, 'mape': 1.7271188497543335, 'mse': 0.2794359624385834, 'rmse': 0.5286170244216919}
[2025-06-05 21:27:05] - Epoch: 15 cost time: 812.3064875602722
[2025-06-05 21:27:05] - Traininng loss : 1.2766923822854694
[2025-06-05 21:27:11] - vali_results: {'mae': 0.368404746055603, 'mape': 5.107660293579102, 'mse': 0.41316908597946167, 'rmse': 0.6427822709083557}
[2025-06-05 21:27:14] - test_results: {'mae': 0.29084599018096924, 'mape': 1.7378007173538208, 'mse': 0.27961456775665283, 'rmse': 0.5287859439849854}
[2025-06-05 21:27:14] - loss no decreased for 5 epochs,  early stopping ....
[2025-06-05 21:27:17] - test_results: {'mae': 0.29913055896759033, 'mape': 1.620238184928894, 'mse': 0.2787206768989563, 'rmse': 0.527940034866333}
