[2025-05-28 17:51:27] - run : 0 in seed: 1
[2025-05-28 17:51:27] - +-----------------------------------+------------+
|              Modules              | Parameters |
+-----------------------------------+------------+
|     fm.Linear_Seasonal.weight     |   16128    |
|      fm.Linear_Seasonal.bias      |    168     |
|       fm.Linear_Trend.weight      |   16128    |
|        fm.Linear_Trend.bias       |    168     |
|             nm.weight             |     14     |
| nm.model_freq.model_freq.0.weight |    6144    |
|  nm.model_freq.model_freq.0.bias  |     64     |
|  nm.model_freq.model_all.0.weight |   20480    |
|   nm.model_freq.model_all.0.bias  |    128     |
|  nm.model_freq.model_all.2.weight |   21504    |
|   nm.model_freq.model_all.2.bias  |    168     |
| nm.model_pred.model_freq.0.weight |   24576    |
|  nm.model_pred.model_freq.0.bias  |    256     |
|  nm.model_pred.model_all.0.weight |   180224   |
|   nm.model_pred.model_all.0.bias  |    512     |
|  nm.model_pred.model_all.2.weight |   86016    |
|   nm.model_pred.model_all.2.bias  |    168     |
+-----------------------------------+------------+
[2025-05-28 17:51:27] - Total Trainable Params: 372846
[2025-05-28 17:51:27] - model parameters: 372846
[2025-05-28 17:52:14] - Epoch: 1 cost time: 46.069785356521606
[2025-05-28 17:52:14] - Traininng loss : 0.7001110684659502
[2025-05-28 17:52:20] - vali_results: {'mae': 0.3983226716518402, 'mape': 1.828132152557373, 'mse': 0.3636656701564789, 'rmse': 0.6030470132827759}
[2025-05-28 17:52:23] - test_results: {'mae': 0.4302341043949127, 'mape': 1.8726202249526978, 'mse': 0.37521111965179443, 'rmse': 0.6125447750091553}
[2025-05-28 17:53:10] - Epoch: 2 cost time: 102.096599817276
[2025-05-28 17:53:10] - Traininng loss : 0.64410001473672
[2025-05-28 17:53:17] - vali_results: {'mae': 0.3925836682319641, 'mape': 1.8600666522979736, 'mse': 0.35675331950187683, 'rmse': 0.5972883105278015}
[2025-05-28 17:53:20] - test_results: {'mae': 0.41526561975479126, 'mape': 1.8201167583465576, 'mse': 0.35933127999305725, 'rmse': 0.5994424819946289}
[2025-05-28 17:54:06] - Epoch: 3 cost time: 158.49557280540466
[2025-05-28 17:54:06] - Traininng loss : 0.6360920519127843
[2025-05-28 17:54:13] - vali_results: {'mae': 0.394255131483078, 'mape': 1.811692714691162, 'mse': 0.3573053479194641, 'rmse': 0.5977502465248108}
[2025-05-28 17:54:16] - test_results: {'mae': 0.42467498779296875, 'mape': 1.8027738332748413, 'mse': 0.371336966753006, 'rmse': 0.6093742251396179}
[2025-05-28 17:55:04] - Epoch: 4 cost time: 216.03433060646057
[2025-05-28 17:55:04] - Traininng loss : 0.6307875079274099
[2025-05-28 17:55:10] - vali_results: {'mae': 0.3914661705493927, 'mape': 1.8720197677612305, 'mse': 0.3561016917228699, 'rmse': 0.596742570400238}
[2025-05-28 17:55:13] - test_results: {'mae': 0.4219450354576111, 'mape': 1.8771864175796509, 'mse': 0.36901241540908813, 'rmse': 0.6074638962745667}
[2025-05-28 17:55:59] - Epoch: 5 cost time: 271.51772260665894
[2025-05-28 17:55:59] - Traininng loss : 0.6268558872516169
[2025-05-28 17:56:06] - vali_results: {'mae': 0.39308327436447144, 'mape': 1.8592159748077393, 'mse': 0.35463348031044006, 'rmse': 0.5955110788345337}
[2025-05-28 17:56:09] - test_results: {'mae': 0.42272284626960754, 'mape': 1.8460373878479004, 'mse': 0.36923322081565857, 'rmse': 0.6076456308364868}
[2025-05-28 17:56:55] - Epoch: 6 cost time: 327.13489842414856
[2025-05-28 17:56:55] - Traininng loss : 0.6238615904776926
[2025-05-28 17:57:01] - vali_results: {'mae': 0.3974062502384186, 'mape': 1.8172597885131836, 'mse': 0.35786229372024536, 'rmse': 0.5982159376144409}
[2025-05-28 17:57:05] - test_results: {'mae': 0.4251958727836609, 'mape': 1.805681824684143, 'mse': 0.3730328679084778, 'rmse': 0.6107641458511353}
[2025-05-28 17:57:51] - Epoch: 7 cost time: 383.1130180358887
[2025-05-28 17:57:51] - Traininng loss : 0.6208519139962521
[2025-05-28 17:57:57] - vali_results: {'mae': 0.3904304802417755, 'mape': 1.8549050092697144, 'mse': 0.3534165322780609, 'rmse': 0.5944884419441223}
[2025-05-28 17:58:01] - test_results: {'mae': 0.4211075007915497, 'mape': 1.8498914241790771, 'mse': 0.3699459433555603, 'rmse': 0.6082318425178528}
[2025-05-28 17:58:47] - Epoch: 8 cost time: 439.091267824173
[2025-05-28 17:58:47] - Traininng loss : 0.6179972825941477
[2025-05-28 17:58:53] - vali_results: {'mae': 0.38725629448890686, 'mape': 1.8899527788162231, 'mse': 0.3507784903049469, 'rmse': 0.5922655463218689}
[2025-05-28 17:58:56] - test_results: {'mae': 0.41544994711875916, 'mape': 1.8726073503494263, 'mse': 0.3635305166244507, 'rmse': 0.6029348969459534}
[2025-05-28 17:59:42] - Epoch: 9 cost time: 494.4457552433014
[2025-05-28 17:59:42] - Traininng loss : 0.6162720060144197
[2025-05-28 17:59:48] - vali_results: {'mae': 0.3898108899593353, 'mape': 1.9606754779815674, 'mse': 0.3537251353263855, 'rmse': 0.5947479605674744}
[2025-05-28 17:59:52] - test_results: {'mae': 0.4212825894355774, 'mape': 1.969037413597107, 'mse': 0.3693206310272217, 'rmse': 0.6077175736427307}
[2025-05-28 18:00:38] - Epoch: 10 cost time: 550.8407483100891
[2025-05-28 18:00:38] - Traininng loss : 0.614172121078935
[2025-05-28 18:00:45] - vali_results: {'mae': 0.3927147388458252, 'mape': 1.8311235904693604, 'mse': 0.35248348116874695, 'rmse': 0.5937032103538513}
[2025-05-28 18:00:48] - test_results: {'mae': 0.42558416724205017, 'mape': 1.8355659246444702, 'mse': 0.3749605715274811, 'rmse': 0.6123402118682861}
[2025-05-28 18:01:35] - Epoch: 11 cost time: 607.5277512073517
[2025-05-28 18:01:35] - Traininng loss : 0.6129276655619288
[2025-05-28 18:01:42] - vali_results: {'mae': 0.39893659949302673, 'mape': 1.7818922996520996, 'mse': 0.3561917245388031, 'rmse': 0.5968179702758789}
[2025-05-28 18:01:45] - test_results: {'mae': 0.43124622106552124, 'mape': 1.7749029397964478, 'mse': 0.38184472918510437, 'rmse': 0.617935836315155}
[2025-05-28 18:02:30] - Epoch: 12 cost time: 662.9209852218628
[2025-05-28 18:02:30] - Traininng loss : 0.6117884603549402
[2025-05-28 18:02:37] - vali_results: {'mae': 0.39713793992996216, 'mape': 1.8380686044692993, 'mse': 0.3581031858921051, 'rmse': 0.5984172224998474}
[2025-05-28 18:02:40] - test_results: {'mae': 0.42966771125793457, 'mape': 1.85649573802948, 'mse': 0.3810209631919861, 'rmse': 0.617268979549408}
[2025-05-28 18:03:26] - Epoch: 13 cost time: 718.4189238548279
[2025-05-28 18:03:26] - Traininng loss : 0.610438699461397
[2025-05-28 18:03:33] - vali_results: {'mae': 0.39553412795066833, 'mape': 1.9000945091247559, 'mse': 0.3553260564804077, 'rmse': 0.5960923433303833}
[2025-05-28 18:03:36] - test_results: {'mae': 0.4216687083244324, 'mape': 1.879834771156311, 'mse': 0.3704325556755066, 'rmse': 0.6086317300796509}
[2025-05-28 18:03:36] - loss no decreased for 5 epochs,  early stopping ....
[2025-05-28 18:03:40] - test_results: {'mae': 0.41544994711875916, 'mape': 1.8726073503494263, 'mse': 0.3635305166244507, 'rmse': 0.6029348969459534}
