[2025-06-03 21:25:54] - run : 1 in seed: 3
[2025-06-03 21:25:54] - +-----------------------------------+------------+
|              Modules              | Parameters |
+-----------------------------------+------------+
|     fm.Linear_Seasonal.weight     |   32256    |
|      fm.Linear_Seasonal.bias      |    336     |
|       fm.Linear_Trend.weight      |   32256    |
|        fm.Linear_Trend.bias       |    336     |
|             nm.weight             |    1724    |
| nm.model_freq.model_freq.0.weight |    6144    |
|  nm.model_freq.model_freq.0.bias  |     64     |
|  nm.model_freq.model_all.0.weight |   20480    |
|   nm.model_freq.model_all.0.bias  |    128     |
|  nm.model_freq.model_all.2.weight |   43008    |
|   nm.model_freq.model_all.2.bias  |    336     |
| nm.model_pred.model_freq.0.weight |   24576    |
|  nm.model_pred.model_freq.0.bias  |    256     |
|  nm.model_pred.model_all.0.weight |   180224   |
|   nm.model_pred.model_all.0.bias  |    512     |
|  nm.model_pred.model_all.2.weight |   172032   |
|   nm.model_pred.model_all.2.bias  |    336     |
+-----------------------------------+------------+
[2025-06-03 21:25:54] - Total Trainable Params: 515004
[2025-06-03 21:25:54] - model parameters: 515004
[2025-06-03 21:26:32] - Epoch: 1 cost time: 37.60060262680054
[2025-06-03 21:26:32] - Traininng loss : 0.9241727314226711
[2025-06-03 21:26:48] - vali_results: {'mae': 0.33167365193367004, 'mape': 4.965580463409424, 'mse': 0.37841686606407166, 'rmse': 0.6151559948921204}
[2025-06-03 21:26:56] - test_results: {'mae': 0.3885400891304016, 'mape': 6.894596576690674, 'mse': 0.49272987246513367, 'rmse': 0.7019472122192383}
[2025-06-03 21:27:34] - Epoch: 2 cost time: 99.57711911201477
[2025-06-03 21:27:34] - Traininng loss : 0.6946231062521511
[2025-06-03 21:27:50] - vali_results: {'mae': 0.31467702984809875, 'mape': 4.730104446411133, 'mse': 0.3547605872154236, 'rmse': 0.5956178307533264}
[2025-06-03 21:27:58] - test_results: {'mae': 0.3735949695110321, 'mape': 6.705033302307129, 'mse': 0.47160395979881287, 'rmse': 0.6867342591285706}
[2025-06-03 21:28:36] - Epoch: 3 cost time: 161.6297538280487
[2025-06-03 21:28:36] - Traininng loss : 0.6634246854769251
[2025-06-03 21:28:52] - vali_results: {'mae': 0.3062214255332947, 'mape': 4.454864978790283, 'mse': 0.34681352972984314, 'rmse': 0.5889087915420532}
[2025-06-03 21:29:00] - test_results: {'mae': 0.36653369665145874, 'mape': 6.403075218200684, 'mse': 0.46534985303878784, 'rmse': 0.6821655631065369}
[2025-06-03 21:29:37] - Epoch: 4 cost time: 223.16780138015747
[2025-06-03 21:29:37] - Traininng loss : 0.6486068684457126
[2025-06-03 21:29:53] - vali_results: {'mae': 0.30336400866508484, 'mape': 4.441455841064453, 'mse': 0.3421175181865692, 'rmse': 0.584908127784729}
[2025-06-03 21:30:01] - test_results: {'mae': 0.36359596252441406, 'mape': 6.417064189910889, 'mse': 0.46057701110839844, 'rmse': 0.6786582469940186}
[2025-06-03 21:30:38] - Epoch: 5 cost time: 284.4505970478058
[2025-06-03 21:30:38] - Traininng loss : 0.6389504479912093
[2025-06-03 21:30:55] - vali_results: {'mae': 0.3019067347049713, 'mape': 4.491032600402832, 'mse': 0.338880717754364, 'rmse': 0.5821346044540405}
[2025-06-03 21:31:03] - test_results: {'mae': 0.3618631660938263, 'mape': 6.470493316650391, 'mse': 0.4567337930202484, 'rmse': 0.6758208274841309}
[2025-06-03 21:31:40] - Epoch: 6 cost time: 346.2344768047333
[2025-06-03 21:31:40] - Traininng loss : 0.6321402918296362
[2025-06-03 21:31:56] - vali_results: {'mae': 0.2998192310333252, 'mape': 4.420044422149658, 'mse': 0.33655664324760437, 'rmse': 0.5801350474357605}
[2025-06-03 21:32:04] - test_results: {'mae': 0.36125102639198303, 'mape': 6.523481369018555, 'mse': 0.45591652393341064, 'rmse': 0.6752158999443054}
[2025-06-03 21:32:42] - Epoch: 7 cost time: 407.5903694629669
[2025-06-03 21:32:42] - Traininng loss : 0.6264907377106803
[2025-06-03 21:32:57] - vali_results: {'mae': 0.29842206835746765, 'mape': 4.366499900817871, 'mse': 0.3348986804485321, 'rmse': 0.578704297542572}
[2025-06-03 21:33:05] - test_results: {'mae': 0.3590902090072632, 'mape': 6.4294538497924805, 'mse': 0.4535325765609741, 'rmse': 0.6734482645988464}
[2025-06-03 21:33:42] - Epoch: 8 cost time: 468.1446740627289
[2025-06-03 21:33:42] - Traininng loss : 0.6222833321100939
[2025-06-03 21:33:58] - vali_results: {'mae': 0.2969186007976532, 'mape': 4.3163275718688965, 'mse': 0.334049254655838, 'rmse': 0.5779699683189392}
[2025-06-03 21:34:05] - test_results: {'mae': 0.35823413729667664, 'mape': 6.286102294921875, 'mse': 0.4535483419895172, 'rmse': 0.6734600067138672}
[2025-06-03 21:34:43] - Epoch: 9 cost time: 528.5994226932526
[2025-06-03 21:34:43] - Traininng loss : 0.618518210967596
[2025-06-03 21:34:58] - vali_results: {'mae': 0.2961646318435669, 'mape': 4.265856742858887, 'mse': 0.332796186208725, 'rmse': 0.576884925365448}
[2025-06-03 21:35:07] - test_results: {'mae': 0.35691583156585693, 'mape': 6.236810207366943, 'mse': 0.45145177841186523, 'rmse': 0.6719016432762146}
[2025-06-03 21:35:44] - Epoch: 10 cost time: 590.0638446807861
[2025-06-03 21:35:44] - Traininng loss : 0.615314661492556
[2025-06-03 21:35:59] - vali_results: {'mae': 0.2949801981449127, 'mape': 4.275730133056641, 'mse': 0.33129167556762695, 'rmse': 0.5755794048309326}
[2025-06-03 21:36:08] - test_results: {'mae': 0.3561777174472809, 'mape': 6.250588417053223, 'mse': 0.4501758813858032, 'rmse': 0.6709514856338501}
[2025-06-03 21:36:46] - Epoch: 11 cost time: 651.8767023086548
[2025-06-03 21:36:46] - Traininng loss : 0.6126326905749236
[2025-06-03 21:37:02] - vali_results: {'mae': 0.2940715551376343, 'mape': 4.250059127807617, 'mse': 0.33013060688972473, 'rmse': 0.5745699405670166}
[2025-06-03 21:37:10] - test_results: {'mae': 0.3558540940284729, 'mape': 6.308822154998779, 'mse': 0.4500788450241089, 'rmse': 0.6708791851997375}
[2025-06-03 21:37:47] - Epoch: 12 cost time: 713.1356854438782
[2025-06-03 21:37:47] - Traininng loss : 0.6103609434035268
[2025-06-03 21:38:03] - vali_results: {'mae': 0.29450511932373047, 'mape': 4.282314777374268, 'mse': 0.3296334445476532, 'rmse': 0.5741371512413025}
[2025-06-03 21:38:12] - test_results: {'mae': 0.3557121157646179, 'mape': 6.292365550994873, 'mse': 0.4489559531211853, 'rmse': 0.6700417399406433}
[2025-06-03 21:38:49] - Epoch: 13 cost time: 774.9298481941223
[2025-06-03 21:38:49] - Traininng loss : 0.608649235530041
[2025-06-03 21:39:05] - vali_results: {'mae': 0.2929239869117737, 'mape': 4.259948253631592, 'mse': 0.32838380336761475, 'rmse': 0.5730478167533875}
[2025-06-03 21:39:14] - test_results: {'mae': 0.3545690178871155, 'mape': 6.24762487411499, 'mse': 0.4478939473628998, 'rmse': 0.6692488193511963}
[2025-06-03 21:39:52] - Epoch: 14 cost time: 837.456556558609
[2025-06-03 21:39:52] - Traininng loss : 0.6067218136273305
[2025-06-03 21:40:08] - vali_results: {'mae': 0.2932746112346649, 'mape': 4.331120491027832, 'mse': 0.32768985629081726, 'rmse': 0.5724419951438904}
[2025-06-03 21:40:16] - test_results: {'mae': 0.35470259189605713, 'mape': 6.325523376464844, 'mse': 0.4472067058086395, 'rmse': 0.668735146522522}
[2025-06-03 21:40:53] - Epoch: 15 cost time: 899.1963756084442
[2025-06-03 21:40:53] - Traininng loss : 0.6050724996068085
[2025-06-03 21:41:10] - vali_results: {'mae': 0.29234278202056885, 'mape': 4.29141902923584, 'mse': 0.3269386291503906, 'rmse': 0.5717854499816895}
[2025-06-03 21:41:18] - test_results: {'mae': 0.3542701303958893, 'mape': 6.349124908447266, 'mse': 0.4467521607875824, 'rmse': 0.6683952212333679}
[2025-06-03 21:41:55] - Epoch: 16 cost time: 960.4743275642395
[2025-06-03 21:41:55] - Traininng loss : 0.6037136489811612
[2025-06-03 21:42:11] - vali_results: {'mae': 0.29189953207969666, 'mape': 4.3343729972839355, 'mse': 0.3255491554737091, 'rmse': 0.5705691576004028}
[2025-06-03 21:42:19] - test_results: {'mae': 0.35389450192451477, 'mape': 6.396097183227539, 'mse': 0.4458973705768585, 'rmse': 0.6677554845809937}
[2025-06-03 21:42:55] - Epoch: 17 cost time: 1021.3136794567108
[2025-06-03 21:42:55] - Traininng loss : 0.6024674733051393
[2025-06-03 21:43:11] - vali_results: {'mae': 0.29151517152786255, 'mape': 4.294251441955566, 'mse': 0.3255683481693268, 'rmse': 0.5705859661102295}
[2025-06-03 21:43:19] - test_results: {'mae': 0.3528355658054352, 'mape': 6.330801963806152, 'mse': 0.4452250897884369, 'rmse': 0.6672518849372864}
[2025-06-03 21:43:56] - Epoch: 18 cost time: 1082.001383304596
[2025-06-03 21:43:56] - Traininng loss : 0.6009895401502234
[2025-06-03 21:45:50] - vali_results: {'mae': 0.29071244597435, 'mape': 4.204200744628906, 'mse': 0.3255641758441925, 'rmse': 0.5705823302268982}
[2025-06-03 21:45:58] - test_results: {'mae': 0.3520486354827881, 'mape': 6.176333427429199, 'mse': 0.44490623474121094, 'rmse': 0.6670129299163818}
[2025-06-03 21:46:35] - Epoch: 19 cost time: 1240.5738260746002
[2025-06-03 21:46:35] - Traininng loss : 0.5999969014260326
[2025-06-03 21:46:51] - vali_results: {'mae': 0.290609747171402, 'mape': 4.352804660797119, 'mse': 0.32394376397132874, 'rmse': 0.5691605806350708}
[2025-06-03 21:46:59] - test_results: {'mae': 0.35232964158058167, 'mape': 6.45034646987915, 'mse': 0.44360342621803284, 'rmse': 0.6660355925559998}
[2025-06-03 21:47:36] - Epoch: 20 cost time: 1302.1896090507507
[2025-06-03 21:47:36] - Traininng loss : 0.5990736086092227
[2025-06-03 21:47:53] - vali_results: {'mae': 0.28976497054100037, 'mape': 4.243879318237305, 'mse': 0.32431212067604065, 'rmse': 0.5694840550422668}
[2025-06-03 21:48:01] - test_results: {'mae': 0.35099998116493225, 'mape': 6.169131755828857, 'mse': 0.44326549768447876, 'rmse': 0.6657818555831909}
[2025-06-03 21:48:38] - Epoch: 21 cost time: 1363.9579360485077
[2025-06-03 21:48:38] - Traininng loss : 0.5981389242362462
[2025-06-03 21:48:54] - vali_results: {'mae': 0.289255827665329, 'mape': 4.234926700592041, 'mse': 0.3233146071434021, 'rmse': 0.5686076283454895}
[2025-06-03 21:49:02] - test_results: {'mae': 0.3510195314884186, 'mape': 6.257728576660156, 'mse': 0.4430544078350067, 'rmse': 0.6656233072280884}
[2025-06-03 21:49:38] - Epoch: 22 cost time: 1423.9194116592407
[2025-06-03 21:49:38] - Traininng loss : 0.5972416114935657
[2025-06-03 21:49:53] - vali_results: {'mae': 0.2898162007331848, 'mape': 4.298530101776123, 'mse': 0.3231613039970398, 'rmse': 0.5684728026390076}
[2025-06-03 21:50:01] - test_results: {'mae': 0.3512973487377167, 'mape': 6.353496551513672, 'mse': 0.442268043756485, 'rmse': 0.6650323867797852}
[2025-06-03 21:50:38] - Epoch: 23 cost time: 1484.0067586898804
[2025-06-03 21:50:38] - Traininng loss : 0.5962449794188343
[2025-06-03 21:50:53] - vali_results: {'mae': 0.28883978724479675, 'mape': 4.255273342132568, 'mse': 0.32344746589660645, 'rmse': 0.5687243938446045}
[2025-06-03 21:51:01] - test_results: {'mae': 0.3497256636619568, 'mape': 6.16939115524292, 'mse': 0.44211578369140625, 'rmse': 0.6649178862571716}
[2025-06-03 21:51:38] - Epoch: 24 cost time: 1544.3878242969513
[2025-06-03 21:51:38] - Traininng loss : 0.5956150319055727
[2025-06-03 21:51:55] - vali_results: {'mae': 0.28954771161079407, 'mape': 4.3509345054626465, 'mse': 0.32203754782676697, 'rmse': 0.5674835443496704}
[2025-06-03 21:52:03] - test_results: {'mae': 0.35224756598472595, 'mape': 6.5421319007873535, 'mse': 0.44273775815963745, 'rmse': 0.6653854250907898}
[2025-06-03 21:52:39] - Epoch: 25 cost time: 1605.343448638916
[2025-06-03 21:52:39] - Traininng loss : 0.5950349869753794
[2025-06-03 21:52:55] - vali_results: {'mae': 0.28877097368240356, 'mape': 4.2768659591674805, 'mse': 0.32189202308654785, 'rmse': 0.5673552751541138}
[2025-06-03 21:53:03] - test_results: {'mae': 0.3496769964694977, 'mape': 6.232446193695068, 'mse': 0.4407140910625458, 'rmse': 0.6638630032539368}
[2025-06-03 21:53:40] - Epoch: 26 cost time: 1666.1917984485626
[2025-06-03 21:53:40] - Traininng loss : 0.5942422207796348
[2025-06-03 21:53:56] - vali_results: {'mae': 0.287304162979126, 'mape': 4.147671699523926, 'mse': 0.32232555747032166, 'rmse': 0.5677372217178345}
[2025-06-03 21:54:04] - test_results: {'mae': 0.3486744165420532, 'mape': 6.086018085479736, 'mse': 0.4412615895271301, 'rmse': 0.6642752289772034}
[2025-06-03 21:54:41] - Epoch: 27 cost time: 1726.7724454402924
[2025-06-03 21:54:41] - Traininng loss : 0.5936849101213111
[2025-06-03 21:54:57] - vali_results: {'mae': 0.2875824570655823, 'mape': 4.225237846374512, 'mse': 0.32146552205085754, 'rmse': 0.5669792890548706}
[2025-06-03 21:55:05] - test_results: {'mae': 0.348831444978714, 'mape': 6.23322868347168, 'mse': 0.44027411937713623, 'rmse': 0.6635315418243408}
[2025-06-03 21:55:41] - Epoch: 28 cost time: 1787.187572479248
[2025-06-03 21:55:41] - Traininng loss : 0.5930018204884387
[2025-06-03 21:55:57] - vali_results: {'mae': 0.28739026188850403, 'mape': 4.220408916473389, 'mse': 0.3212282955646515, 'rmse': 0.566770076751709}
[2025-06-03 21:56:05] - test_results: {'mae': 0.349445641040802, 'mape': 6.213090896606445, 'mse': 0.44122737646102905, 'rmse': 0.6642494797706604}
[2025-06-03 21:56:42] - Epoch: 29 cost time: 1847.5582847595215
[2025-06-03 21:56:42] - Traininng loss : 0.5925843053750914
[2025-06-03 21:56:58] - vali_results: {'mae': 0.2873348593711853, 'mape': 4.234522342681885, 'mse': 0.32106947898864746, 'rmse': 0.566629946231842}
[2025-06-03 21:57:06] - test_results: {'mae': 0.3481540381908417, 'mape': 6.185286998748779, 'mse': 0.4393436908721924, 'rmse': 0.6628300547599792}
[2025-06-03 21:57:43] - Epoch: 30 cost time: 1909.063358783722
[2025-06-03 21:57:43] - Traininng loss : 0.5920900948285414
[2025-06-03 21:57:58] - vali_results: {'mae': 0.2861321270465851, 'mape': 4.151933670043945, 'mse': 0.3208813965320587, 'rmse': 0.5664639472961426}
[2025-06-03 21:58:06] - test_results: {'mae': 0.3474632799625397, 'mape': 6.088788032531738, 'mse': 0.439946711063385, 'rmse': 0.6632847785949707}
[2025-06-03 21:58:42] - Epoch: 31 cost time: 1968.2785589694977
[2025-06-03 21:58:42] - Traininng loss : 0.591535492245399
[2025-06-03 21:58:58] - vali_results: {'mae': 0.2864598035812378, 'mape': 4.165521621704102, 'mse': 0.3208988606929779, 'rmse': 0.5664793848991394}
[2025-06-03 21:59:05] - test_results: {'mae': 0.3481704890727997, 'mape': 6.128793716430664, 'mse': 0.4402017593383789, 'rmse': 0.6634770035743713}
[2025-06-03 21:59:42] - Epoch: 32 cost time: 2027.956832408905
[2025-06-03 21:59:42] - Traininng loss : 0.5913070351929678
[2025-06-03 21:59:57] - vali_results: {'mae': 0.28726866841316223, 'mape': 4.233626842498779, 'mse': 0.32045093178749084, 'rmse': 0.5660838484764099}
[2025-06-03 22:00:05] - test_results: {'mae': 0.3495914936065674, 'mape': 6.3112263679504395, 'mse': 0.44065791368484497, 'rmse': 0.6638206839561462}
[2025-06-03 22:00:42] - Epoch: 33 cost time: 2087.922609806061
[2025-06-03 22:00:42] - Traininng loss : 0.590745287924764
[2025-06-03 22:00:58] - vali_results: {'mae': 0.2867831289768219, 'mape': 4.32232141494751, 'mse': 0.31907686591148376, 'rmse': 0.5648688673973083}
[2025-06-03 22:01:06] - test_results: {'mae': 0.34906986355781555, 'mape': 6.467679500579834, 'mse': 0.43951472640037537, 'rmse': 0.6629590392112732}
[2025-06-03 22:01:43] - Epoch: 34 cost time: 2148.4583370685577
[2025-06-03 22:01:43] - Traininng loss : 0.5904637118876783
[2025-06-03 22:01:58] - vali_results: {'mae': 0.2861534357070923, 'mape': 4.20820426940918, 'mse': 0.3192119002342224, 'rmse': 0.5649884343147278}
[2025-06-03 22:02:07] - test_results: {'mae': 0.34824609756469727, 'mape': 6.3158979415893555, 'mse': 0.43924379348754883, 'rmse': 0.6627547144889832}
[2025-06-03 22:02:44] - Epoch: 35 cost time: 2209.876861810684
[2025-06-03 22:02:44] - Traininng loss : 0.589922717960697
[2025-06-03 22:03:00] - vali_results: {'mae': 0.2862202227115631, 'mape': 4.19187593460083, 'mse': 0.3201112747192383, 'rmse': 0.5657837986946106}
[2025-06-03 22:03:08] - test_results: {'mae': 0.3481062948703766, 'mape': 6.218308448791504, 'mse': 0.43958580493927, 'rmse': 0.663012683391571}
[2025-06-03 22:03:44] - Epoch: 36 cost time: 2269.9254488945007
[2025-06-03 22:03:44] - Traininng loss : 0.5897305644747382
[2025-06-03 22:04:00] - vali_results: {'mae': 0.2853243947029114, 'mape': 4.2024149894714355, 'mse': 0.3190748393535614, 'rmse': 0.5648670792579651}
[2025-06-03 22:04:09] - test_results: {'mae': 0.34729281067848206, 'mape': 6.23050594329834, 'mse': 0.4388975501060486, 'rmse': 0.6624934077262878}
[2025-06-03 22:04:45] - Epoch: 37 cost time: 2331.3036386966705
[2025-06-03 22:04:45] - Traininng loss : 0.5892666481897195
[2025-06-03 22:05:01] - vali_results: {'mae': 0.286344975233078, 'mape': 4.240901947021484, 'mse': 0.3189094364643097, 'rmse': 0.5647206902503967}
[2025-06-03 22:05:09] - test_results: {'mae': 0.34846535325050354, 'mape': 6.340399265289307, 'mse': 0.4390580654144287, 'rmse': 0.6626145839691162}
[2025-06-03 22:05:47] - Epoch: 38 cost time: 2392.7019412517548
[2025-06-03 22:05:47] - Traininng loss : 0.5890558540339097
[2025-06-03 22:06:03] - vali_results: {'mae': 0.2850205600261688, 'mape': 4.1546807289123535, 'mse': 0.3190637230873108, 'rmse': 0.5648572444915771}
[2025-06-03 22:06:12] - test_results: {'mae': 0.3467666208744049, 'mape': 6.179209232330322, 'mse': 0.4385586678981781, 'rmse': 0.6622376441955566}
[2025-06-03 22:06:49] - Epoch: 39 cost time: 2454.722508430481
[2025-06-03 22:06:49] - Traininng loss : 0.5886924880534169
[2025-06-03 22:07:05] - vali_results: {'mae': 0.28525322675704956, 'mape': 4.108037948608398, 'mse': 0.31988054513931274, 'rmse': 0.5655798316001892}
[2025-06-03 22:07:13] - test_results: {'mae': 0.3467889428138733, 'mape': 6.0664849281311035, 'mse': 0.4388657808303833, 'rmse': 0.6624694466590881}
[2025-06-03 22:07:50] - Epoch: 40 cost time: 2516.3974657058716
[2025-06-03 22:07:50] - Traininng loss : 0.5884401321089814
[2025-06-03 22:08:07] - vali_results: {'mae': 0.2846084535121918, 'mape': 4.092987060546875, 'mse': 0.3197113573551178, 'rmse': 0.565430223941803}
[2025-06-03 22:08:15] - test_results: {'mae': 0.34602683782577515, 'mape': 5.99847412109375, 'mse': 0.43866050243377686, 'rmse': 0.6623144745826721}
[2025-06-03 22:08:52] - Epoch: 41 cost time: 2577.76798415184
[2025-06-03 22:08:52] - Traininng loss : 0.5881774848040866
[2025-06-03 22:09:08] - vali_results: {'mae': 0.28511813282966614, 'mape': 4.2191996574401855, 'mse': 0.3182421028614044, 'rmse': 0.5641295313835144}
[2025-06-03 22:09:16] - test_results: {'mae': 0.34707608819007874, 'mape': 6.287782192230225, 'mse': 0.43798765540122986, 'rmse': 0.6618063449859619}
[2025-06-03 22:09:52] - Epoch: 42 cost time: 2638.4193863868713
[2025-06-03 22:09:52] - Traininng loss : 0.5877234291516225
[2025-06-03 22:10:08] - vali_results: {'mae': 0.28558349609375, 'mape': 4.157888412475586, 'mse': 0.3192368149757385, 'rmse': 0.5650104284286499}
[2025-06-03 22:10:16] - test_results: {'mae': 0.3469414710998535, 'mape': 6.140422344207764, 'mse': 0.43820473551750183, 'rmse': 0.661970317363739}
[2025-06-03 22:10:53] - Epoch: 43 cost time: 2699.3714203834534
[2025-06-03 22:10:53] - Traininng loss : 0.5875214855625944
[2025-06-03 22:11:10] - vali_results: {'mae': 0.28527209162712097, 'mape': 4.212400436401367, 'mse': 0.31840962171554565, 'rmse': 0.5642779469490051}
[2025-06-03 22:11:18] - test_results: {'mae': 0.3467032015323639, 'mape': 6.25977087020874, 'mse': 0.4377688467502594, 'rmse': 0.661641001701355}
[2025-06-03 22:11:55] - Epoch: 44 cost time: 2760.785527944565
[2025-06-03 22:11:55] - Traininng loss : 0.5873221692370597
[2025-06-03 22:12:11] - vali_results: {'mae': 0.28451135754585266, 'mape': 4.174881458282471, 'mse': 0.3180927634239197, 'rmse': 0.5639971494674683}
[2025-06-03 22:12:19] - test_results: {'mae': 0.3461892604827881, 'mape': 6.188635349273682, 'mse': 0.43726223707199097, 'rmse': 0.6612580418586731}
[2025-06-03 22:12:56] - Epoch: 45 cost time: 2821.642139673233
[2025-06-03 22:12:56] - Traininng loss : 0.5869456121542383
[2025-06-03 22:13:11] - vali_results: {'mae': 0.2843535542488098, 'mape': 4.108724594116211, 'mse': 0.31854408979415894, 'rmse': 0.5643970966339111}
[2025-06-03 22:13:20] - test_results: {'mae': 0.3466998040676117, 'mape': 6.120009899139404, 'mse': 0.43854430317878723, 'rmse': 0.6622267961502075}
[2025-06-03 22:13:57] - Epoch: 46 cost time: 2882.5845646858215
[2025-06-03 22:13:57] - Traininng loss : 0.5868185932102872
[2025-06-03 22:14:12] - vali_results: {'mae': 0.28429296612739563, 'mape': 4.148146629333496, 'mse': 0.31849268078804016, 'rmse': 0.5643515586853027}
[2025-06-03 22:14:20] - test_results: {'mae': 0.3460708260536194, 'mape': 6.156443119049072, 'mse': 0.4380609095096588, 'rmse': 0.6618617177009583}
[2025-06-03 22:14:57] - Epoch: 47 cost time: 2943.1483283042908
[2025-06-03 22:14:57] - Traininng loss : 0.5868439279155269
[2025-06-03 22:15:12] - vali_results: {'mae': 0.28395161032676697, 'mape': 4.15713357925415, 'mse': 0.3178587257862091, 'rmse': 0.5637896060943604}
[2025-06-03 22:15:20] - test_results: {'mae': 0.3458045423030853, 'mape': 6.163215160369873, 'mse': 0.4372968375682831, 'rmse': 0.6612842082977295}
[2025-06-03 22:15:57] - Epoch: 48 cost time: 3003.047197341919
[2025-06-03 22:15:57] - Traininng loss : 0.5864534159554947
[2025-06-03 22:16:12] - vali_results: {'mae': 0.2838554084300995, 'mape': 4.172214984893799, 'mse': 0.31774353981018066, 'rmse': 0.5636874437332153}
[2025-06-03 22:16:20] - test_results: {'mae': 0.34589239954948425, 'mape': 6.203092098236084, 'mse': 0.4373498558998108, 'rmse': 0.6613243222236633}
[2025-06-03 22:16:57] - Epoch: 49 cost time: 3062.8326194286346
[2025-06-03 22:16:57] - Traininng loss : 0.586157040454628
[2025-06-03 22:17:13] - vali_results: {'mae': 0.2841363549232483, 'mape': 4.138558387756348, 'mse': 0.318467915058136, 'rmse': 0.5643296241760254}
[2025-06-03 22:17:21] - test_results: {'mae': 0.3455837666988373, 'mape': 6.113636016845703, 'mse': 0.4374174475669861, 'rmse': 0.6613754034042358}
[2025-06-03 22:17:58] - Epoch: 50 cost time: 3124.4023361206055
[2025-06-03 22:17:58] - Traininng loss : 0.5860125546185475
[2025-06-03 22:18:14] - vali_results: {'mae': 0.2836645841598511, 'mape': 4.123143196105957, 'mse': 0.31791961193084717, 'rmse': 0.5638436079025269}
[2025-06-03 22:18:23] - test_results: {'mae': 0.3452047109603882, 'mape': 6.104412078857422, 'mse': 0.4368496835231781, 'rmse': 0.6609460711479187}
[2025-06-03 22:18:59] - Epoch: 51 cost time: 3185.029316186905
[2025-06-03 22:18:59] - Traininng loss : 0.5858641152754627
[2025-06-03 22:19:15] - vali_results: {'mae': 0.2833092212677002, 'mape': 4.104857921600342, 'mse': 0.3177357017993927, 'rmse': 0.5636804699897766}
[2025-06-03 22:19:23] - test_results: {'mae': 0.3447548449039459, 'mape': 6.101226329803467, 'mse': 0.43679162859916687, 'rmse': 0.6609021425247192}
[2025-06-03 22:20:00] - Epoch: 52 cost time: 3245.875643014908
[2025-06-03 22:20:00] - Traininng loss : 0.5855420806979876
[2025-06-03 22:20:15] - vali_results: {'mae': 0.28330981731414795, 'mape': 4.106057167053223, 'mse': 0.3180775046348572, 'rmse': 0.5639836192131042}
[2025-06-03 22:20:23] - test_results: {'mae': 0.34484365582466125, 'mape': 6.077370643615723, 'mse': 0.4369988739490509, 'rmse': 0.6610589027404785}
[2025-06-03 22:21:00] - Epoch: 53 cost time: 3305.731291770935
[2025-06-03 22:21:00] - Traininng loss : 0.5854077962530913
[2025-06-03 22:21:15] - vali_results: {'mae': 0.283653199672699, 'mape': 4.178096294403076, 'mse': 0.31735366582870483, 'rmse': 0.563341498374939}
[2025-06-03 22:21:24] - test_results: {'mae': 0.34510892629623413, 'mape': 6.18004035949707, 'mse': 0.43624618649482727, 'rmse': 0.6604893803596497}
[2025-06-03 22:22:01] - Epoch: 54 cost time: 3366.5118219852448
[2025-06-03 22:22:01] - Traininng loss : 0.5854052865922933
[2025-06-03 22:22:16] - vali_results: {'mae': 0.28369763493537903, 'mape': 4.200094699859619, 'mse': 0.3171360492706299, 'rmse': 0.5631483197212219}
[2025-06-03 22:22:24] - test_results: {'mae': 0.3457299470901489, 'mape': 6.279158592224121, 'mse': 0.4368543326854706, 'rmse': 0.6609495878219604}
[2025-06-03 22:23:00] - Epoch: 55 cost time: 3426.435037612915
[2025-06-03 22:23:00] - Traininng loss : 0.5852092988086197
[2025-06-03 22:23:16] - vali_results: {'mae': 0.28317564725875854, 'mape': 4.164820194244385, 'mse': 0.31713366508483887, 'rmse': 0.5631462335586548}
[2025-06-03 22:23:24] - test_results: {'mae': 0.34527066349983215, 'mape': 6.186878681182861, 'mse': 0.43673795461654663, 'rmse': 0.6608615517616272}
[2025-06-03 22:24:01] - Epoch: 56 cost time: 3486.7390389442444
[2025-06-03 22:24:01] - Traininng loss : 0.5850615936790836
[2025-06-03 22:24:16] - vali_results: {'mae': 0.2830977737903595, 'mape': 4.132577419281006, 'mse': 0.317315012216568, 'rmse': 0.5633072257041931}
[2025-06-03 22:24:24] - test_results: {'mae': 0.34501737356185913, 'mape': 6.134414196014404, 'mse': 0.4366373121738434, 'rmse': 0.6607853770256042}
[2025-06-03 22:25:01] - Epoch: 57 cost time: 3546.803629875183
[2025-06-03 22:25:01] - Traininng loss : 0.5848460994319453
[2025-06-03 22:25:16] - vali_results: {'mae': 0.2832164764404297, 'mape': 4.1750993728637695, 'mse': 0.3170416057109833, 'rmse': 0.563064455986023}
[2025-06-03 22:25:24] - test_results: {'mae': 0.3452005684375763, 'mape': 6.2033867835998535, 'mse': 0.43666505813598633, 'rmse': 0.6608063578605652}
[2025-06-03 22:26:00] - Epoch: 58 cost time: 3606.384402036667
[2025-06-03 22:26:00] - Traininng loss : 0.5846270080203959
[2025-06-03 22:26:16] - vali_results: {'mae': 0.28338953852653503, 'mape': 4.155629634857178, 'mse': 0.3171115517616272, 'rmse': 0.5631265640258789}
[2025-06-03 22:26:24] - test_results: {'mae': 0.34515172243118286, 'mape': 6.179800510406494, 'mse': 0.4364456534385681, 'rmse': 0.6606403589248657}
[2025-06-03 22:27:01] - Epoch: 59 cost time: 3666.560857772827
[2025-06-03 22:27:01] - Traininng loss : 0.5845516311190521
[2025-06-03 22:27:16] - vali_results: {'mae': 0.28301599621772766, 'mape': 4.175505638122559, 'mse': 0.3165726363658905, 'rmse': 0.5626478791236877}
[2025-06-03 22:27:24] - test_results: {'mae': 0.3449411392211914, 'mape': 6.215421676635742, 'mse': 0.43613144755363464, 'rmse': 0.6604024767875671}
[2025-06-03 22:28:03] - Epoch: 60 cost time: 3728.6259038448334
[2025-06-03 22:28:03] - Traininng loss : 0.5845168210425467
[2025-06-03 22:28:19] - vali_results: {'mae': 0.28257352113723755, 'mape': 4.104911804199219, 'mse': 0.3171055018901825, 'rmse': 0.5631211996078491}
[2025-06-03 22:28:28] - test_results: {'mae': 0.3443479835987091, 'mape': 6.103725910186768, 'mse': 0.4363357424736023, 'rmse': 0.6605571508407593}
[2025-06-03 22:29:05] - Epoch: 61 cost time: 3791.3518719673157
[2025-06-03 22:29:05] - Traininng loss : 0.5843627350028313
[2025-06-03 22:29:21] - vali_results: {'mae': 0.282446026802063, 'mape': 4.101481914520264, 'mse': 0.31700336933135986, 'rmse': 0.5630305409431458}
[2025-06-03 22:29:29] - test_results: {'mae': 0.34419161081314087, 'mape': 6.105565547943115, 'mse': 0.43614330887794495, 'rmse': 0.6604114770889282}
[2025-06-03 22:30:06] - Epoch: 62 cost time: 3851.8048825263977
[2025-06-03 22:30:06] - Traininng loss : 0.584135597285556
[2025-06-03 22:30:21] - vali_results: {'mae': 0.28303438425064087, 'mape': 4.186927318572998, 'mse': 0.31662124395370483, 'rmse': 0.5626910924911499}
[2025-06-03 22:30:29] - test_results: {'mae': 0.3448159098625183, 'mape': 6.209883213043213, 'mse': 0.43596982955932617, 'rmse': 0.6602801084518433}
[2025-06-03 22:31:05] - Epoch: 63 cost time: 3911.403696537018
[2025-06-03 22:31:05] - Traininng loss : 0.5840492306372548
[2025-06-03 22:31:21] - vali_results: {'mae': 0.2827344238758087, 'mape': 4.162775039672852, 'mse': 0.3167421519756317, 'rmse': 0.5627985000610352}
[2025-06-03 22:31:29] - test_results: {'mae': 0.34484997391700745, 'mape': 6.205435752868652, 'mse': 0.43641209602355957, 'rmse': 0.6606149673461914}
[2025-06-03 22:32:06] - Epoch: 64 cost time: 3972.246380329132
[2025-06-03 22:32:06] - Traininng loss : 0.5839862772075314
[2025-06-03 22:32:22] - vali_results: {'mae': 0.28242626786231995, 'mape': 4.095780372619629, 'mse': 0.317225843667984, 'rmse': 0.5632280707359314}
[2025-06-03 22:32:31] - test_results: {'mae': 0.3441426455974579, 'mape': 6.087907791137695, 'mse': 0.43631288409233093, 'rmse': 0.6605398654937744}
[2025-06-03 22:32:31] - loss no decreased for 5 epochs,  early stopping ....
[2025-06-03 22:32:38] - test_results: {'mae': 0.3449411392211914, 'mape': 6.215421676635742, 'mse': 0.43613144755363464, 'rmse': 0.6604024767875671}
