[2025-06-05 18:11:18] - run : 1 in seed: 3
[2025-06-05 18:11:18] - +-----------------------------------+------------+
|              Modules              | Parameters |
+-----------------------------------+------------+
|     fm.Linear_Seasonal.weight     |   69120    |
|      fm.Linear_Seasonal.bias      |    720     |
|       fm.Linear_Trend.weight      |   69120    |
|        fm.Linear_Trend.bias       |    720     |
|             nm.weight             |     14     |
| nm.model_freq.model_freq.0.weight |    6144    |
|  nm.model_freq.model_freq.0.bias  |     64     |
|  nm.model_freq.model_all.0.weight |   20480    |
|   nm.model_freq.model_all.0.bias  |    128     |
|  nm.model_freq.model_all.2.weight |   92160    |
|   nm.model_freq.model_all.2.bias  |    720     |
| nm.model_pred.model_freq.0.weight |   24576    |
|  nm.model_pred.model_freq.0.bias  |    256     |
|  nm.model_pred.model_all.0.weight |   180224   |
|   nm.model_pred.model_all.0.bias  |    512     |
|  nm.model_pred.model_all.2.weight |   368640   |
|   nm.model_pred.model_all.2.bias  |    720     |
+-----------------------------------+------------+
[2025-06-05 18:11:18] - Total Trainable Params: 834318
[2025-06-05 18:11:18] - model parameters: 834318
[2025-06-05 18:12:55] - Epoch: 1 cost time: 96.84026312828064
[2025-06-05 18:12:55] - Traininng loss : 0.7857209753998126
[2025-06-05 18:13:03] - vali_results: {'mae': 0.4046088755130768, 'mape': 1.8038411140441895, 'mse': 0.32273972034454346, 'rmse': 0.5681018829345703}
[2025-06-05 18:13:07] - test_results: {'mae': 0.2840760350227356, 'mape': 2.28140926361084, 'mse': 0.1483944058418274, 'rmse': 0.385219931602478}
[2025-06-05 18:14:46] - Epoch: 2 cost time: 207.53956389427185
[2025-06-05 18:14:46] - Traininng loss : 0.7452546319339656
[2025-06-05 18:14:53] - vali_results: {'mae': 0.37847214937210083, 'mape': 1.9951510429382324, 'mse': 0.29750049114227295, 'rmse': 0.5454360842704773}
[2025-06-05 18:14:58] - test_results: {'mae': 0.26932263374328613, 'mape': 2.4498953819274902, 'mse': 0.1409328728914261, 'rmse': 0.375410258769989}
[2025-06-05 18:16:35] - Epoch: 3 cost time: 316.56181144714355
[2025-06-05 18:16:35] - Traininng loss : 0.7374219837150549
[2025-06-05 18:16:43] - vali_results: {'mae': 0.39189809560775757, 'mape': 1.8746086359024048, 'mse': 0.3093709647655487, 'rmse': 0.5562112331390381}
[2025-06-05 18:16:46] - test_results: {'mae': 0.2750096619129181, 'mape': 2.304152250289917, 'mse': 0.14288900792598724, 'rmse': 0.37800663709640503}
[2025-06-05 18:18:25] - Epoch: 4 cost time: 426.4051151275635
[2025-06-05 18:18:25] - Traininng loss : 0.7324355389174817
[2025-06-05 18:18:31] - vali_results: {'mae': 0.37918350100517273, 'mape': 1.9731639623641968, 'mse': 0.2981095314025879, 'rmse': 0.5459941029548645}
[2025-06-05 18:18:35] - test_results: {'mae': 0.2682158350944519, 'mape': 2.4617104530334473, 'mse': 0.14007601141929626, 'rmse': 0.3742673099040985}
[2025-06-05 18:20:12] - Epoch: 5 cost time: 533.8777306079865
[2025-06-05 18:20:12] - Traininng loss : 0.7287862852782389
[2025-06-05 18:20:20] - vali_results: {'mae': 0.3983006179332733, 'mape': 1.856244683265686, 'mse': 0.3176336884498596, 'rmse': 0.5635899901390076}
[2025-06-05 18:20:24] - test_results: {'mae': 0.28021755814552307, 'mape': 2.38675594329834, 'mse': 0.14640747010707855, 'rmse': 0.3826322853565216}
[2025-06-05 18:21:59] - Epoch: 6 cost time: 640.5099680423737
[2025-06-05 18:21:59] - Traininng loss : 0.7263666315226653
[2025-06-05 18:22:06] - vali_results: {'mae': 0.3835815191268921, 'mape': 1.9178553819656372, 'mse': 0.30386829376220703, 'rmse': 0.551242470741272}
[2025-06-05 18:22:11] - test_results: {'mae': 0.2699721157550812, 'mape': 2.39336895942688, 'mse': 0.14109840989112854, 'rmse': 0.3756306767463684}
[2025-06-05 18:23:46] - Epoch: 7 cost time: 748.0255298614502
[2025-06-05 18:23:46] - Traininng loss : 0.7246747299024787
[2025-06-05 18:23:54] - vali_results: {'mae': 0.37152349948883057, 'mape': 2.0023577213287354, 'mse': 0.29086175560951233, 'rmse': 0.5393159985542297}
[2025-06-05 18:23:58] - test_results: {'mae': 0.26481854915618896, 'mape': 2.466740369796753, 'mse': 0.13922105729579926, 'rmse': 0.3731233775615692}
[2025-06-05 18:25:33] - Epoch: 8 cost time: 854.8784973621368
[2025-06-05 18:25:33] - Traininng loss : 0.7219447360546133
[2025-06-05 18:25:41] - vali_results: {'mae': 0.3931643068790436, 'mape': 1.8363564014434814, 'mse': 0.31325897574424744, 'rmse': 0.5596954226493835}
[2025-06-05 18:25:45] - test_results: {'mae': 0.27534377574920654, 'mape': 2.38228440284729, 'mse': 0.14317446947097778, 'rmse': 0.3783840239048004}
[2025-06-05 18:27:20] - Epoch: 9 cost time: 962.081992149353
[2025-06-05 18:27:20] - Traininng loss : 0.7208612754871402
[2025-06-05 18:27:27] - vali_results: {'mae': 0.38771316409111023, 'mape': 1.8549058437347412, 'mse': 0.3058041036128998, 'rmse': 0.5529955625534058}
[2025-06-05 18:27:31] - test_results: {'mae': 0.27131301164627075, 'mape': 2.3672382831573486, 'mse': 0.1407962441444397, 'rmse': 0.37522825598716736}
[2025-06-05 18:29:07] - Epoch: 10 cost time: 1068.7816355228424
[2025-06-05 18:29:07] - Traininng loss : 0.7192222849180732
[2025-06-05 18:29:15] - vali_results: {'mae': 0.3993484079837799, 'mape': 1.7982239723205566, 'mse': 0.3188769519329071, 'rmse': 0.5646919012069702}
[2025-06-05 18:29:19] - test_results: {'mae': 0.27904248237609863, 'mape': 2.2760465145111084, 'mse': 0.14561644196510315, 'rmse': 0.38159722089767456}
[2025-06-05 18:30:54] - Epoch: 11 cost time: 1176.1891691684723
[2025-06-05 18:30:54] - Traininng loss : 0.7176226097754911
[2025-06-05 18:31:02] - vali_results: {'mae': 0.3819817006587982, 'mape': 1.9017162322998047, 'mse': 0.3012893795967102, 'rmse': 0.5488983392715454}
[2025-06-05 18:31:06] - test_results: {'mae': 0.2694522738456726, 'mape': 2.409498929977417, 'mse': 0.14107206463813782, 'rmse': 0.3755955994129181}
[2025-06-05 18:32:45] - Epoch: 12 cost time: 1287.076530456543
[2025-06-05 18:32:45] - Traininng loss : 0.7169588870847917
[2025-06-05 18:32:53] - vali_results: {'mae': 0.3889453709125519, 'mape': 1.8770054578781128, 'mse': 0.31096529960632324, 'rmse': 0.5576426386833191}
[2025-06-05 18:32:57] - test_results: {'mae': 0.2724847197532654, 'mape': 2.4215381145477295, 'mse': 0.14248549938201904, 'rmse': 0.37747251987457275}
[2025-06-05 18:32:57] - loss no decreased for 5 epochs,  early stopping ....
[2025-06-05 18:33:01] - test_results: {'mae': 0.26481854915618896, 'mape': 2.466740369796753, 'mse': 0.13922105729579926, 'rmse': 0.3731233775615692}
