[2025-06-05 19:31:37] - run : 1 in seed: 3
[2025-06-05 19:31:37] - +-----------------------------------+------------+
|              Modules              | Parameters |
+-----------------------------------+------------+
|     fm.Linear_Seasonal.weight     |    9216    |
|      fm.Linear_Seasonal.bias      |     96     |
|       fm.Linear_Trend.weight      |    9216    |
|        fm.Linear_Trend.bias       |     96     |
|             nm.weight             |     42     |
| nm.model_freq.model_freq.0.weight |    6144    |
|  nm.model_freq.model_freq.0.bias  |     64     |
|  nm.model_freq.model_all.0.weight |   20480    |
|   nm.model_freq.model_all.0.bias  |    128     |
|  nm.model_freq.model_all.2.weight |   12288    |
|   nm.model_freq.model_all.2.bias  |     96     |
| nm.model_pred.model_freq.0.weight |   24576    |
|  nm.model_pred.model_freq.0.bias  |    256     |
|  nm.model_pred.model_all.0.weight |   180224   |
|   nm.model_pred.model_all.0.bias  |    512     |
|  nm.model_pred.model_all.2.weight |   49152    |
|   nm.model_pred.model_all.2.bias  |     96     |
+-----------------------------------+------------+
[2025-06-05 19:31:37] - Total Trainable Params: 312682
[2025-06-05 19:31:37] - model parameters: 312682
[2025-06-05 19:32:07] - Epoch: 1 cost time: 30.085663557052612
[2025-06-05 19:32:07] - Traininng loss : 1.1373504813900177
[2025-06-05 19:32:12] - vali_results: {'mae': 0.2988342046737671, 'mape': 5.185418605804443, 'mse': 0.32339662313461304, 'rmse': 0.568679690361023}
[2025-06-05 19:32:15] - test_results: {'mae': 0.22813545167446136, 'mape': 1.4960236549377441, 'mse': 0.1940164864063263, 'rmse': 0.4404730200767517}
[2025-06-05 19:32:45] - Epoch: 2 cost time: 68.10581851005554
[2025-06-05 19:32:45] - Traininng loss : 1.060633641642493
[2025-06-05 19:32:50] - vali_results: {'mae': 0.2969015836715698, 'mape': 4.306909561157227, 'mse': 0.31205224990844727, 'rmse': 0.5586163997650146}
[2025-06-05 19:32:53] - test_results: {'mae': 0.23152919113636017, 'mape': 1.3377830982208252, 'mse': 0.1896064728498459, 'rmse': 0.43543824553489685}
[2025-06-05 19:33:24] - Epoch: 3 cost time: 106.76821374893188
[2025-06-05 19:33:24] - Traininng loss : 1.0450375190016075
[2025-06-05 19:33:29] - vali_results: {'mae': 0.2929207980632782, 'mape': 4.221633434295654, 'mse': 0.3092872202396393, 'rmse': 0.5561359524726868}
[2025-06-05 19:33:32] - test_results: {'mae': 0.2291429489850998, 'mape': 1.3321731090545654, 'mse': 0.18924081325531006, 'rmse': 0.4350181818008423}
[2025-06-05 19:34:01] - Epoch: 4 cost time: 144.6029179096222
[2025-06-05 19:34:01] - Traininng loss : 1.0350385535095916
[2025-06-05 19:34:07] - vali_results: {'mae': 0.29364722967147827, 'mape': 4.447150707244873, 'mse': 0.3093565106391907, 'rmse': 0.556198239326477}
[2025-06-05 19:34:10] - test_results: {'mae': 0.2281302958726883, 'mape': 1.3708925247192383, 'mse': 0.1891762912273407, 'rmse': 0.4349440038204193}
[2025-06-05 19:34:41] - Epoch: 5 cost time: 184.6568160057068
[2025-06-05 19:34:41] - Traininng loss : 1.0277708372866057
[2025-06-05 19:34:47] - vali_results: {'mae': 0.287262886762619, 'mape': 4.1326141357421875, 'mse': 0.3052114248275757, 'rmse': 0.5524594187736511}
[2025-06-05 19:34:50] - test_results: {'mae': 0.21890908479690552, 'mape': 1.3208582401275635, 'mse': 0.1850343495607376, 'rmse': 0.4301562011241913}
[2025-06-05 19:35:21] - Epoch: 6 cost time: 224.08012580871582
[2025-06-05 19:35:21] - Traininng loss : 1.0241816788522078
[2025-06-05 19:35:27] - vali_results: {'mae': 0.28641393780708313, 'mape': 4.375336170196533, 'mse': 0.3042805790901184, 'rmse': 0.5516163110733032}
[2025-06-05 19:35:30] - test_results: {'mae': 0.2177693247795105, 'mape': 1.355712890625, 'mse': 0.18400250375270844, 'rmse': 0.4289551377296448}
[2025-06-05 19:36:00] - Epoch: 7 cost time: 263.3738353252411
[2025-06-05 19:36:00] - Traininng loss : 1.0199665304309093
[2025-06-05 19:36:06] - vali_results: {'mae': 0.2897804081439972, 'mape': 4.327240943908691, 'mse': 0.30640095472335815, 'rmse': 0.553534984588623}
[2025-06-05 19:36:09] - test_results: {'mae': 0.22030238807201385, 'mape': 1.353745698928833, 'mse': 0.1846870481967926, 'rmse': 0.42975232005119324}
[2025-06-05 19:36:40] - Epoch: 8 cost time: 302.8460671901703
[2025-06-05 19:36:40] - Traininng loss : 1.017475322759349
[2025-06-05 19:36:45] - vali_results: {'mae': 0.2914365231990814, 'mape': 4.091773509979248, 'mse': 0.3031032681465149, 'rmse': 0.5505481362342834}
[2025-06-05 19:36:48] - test_results: {'mae': 0.2311648428440094, 'mape': 1.3039295673370361, 'mse': 0.18848727643489838, 'rmse': 0.43415120244026184}
[2025-06-05 19:37:18] - Epoch: 9 cost time: 341.1871223449707
[2025-06-05 19:37:18] - Traininng loss : 1.014726811371997
[2025-06-05 19:37:24] - vali_results: {'mae': 0.2893179655075073, 'mape': 3.959045648574829, 'mse': 0.3029780685901642, 'rmse': 0.550434410572052}
[2025-06-05 19:37:27] - test_results: {'mae': 0.22834500670433044, 'mape': 1.2800512313842773, 'mse': 0.1871035099029541, 'rmse': 0.4325546324253082}
[2025-06-05 19:37:58] - Epoch: 10 cost time: 380.9637842178345
[2025-06-05 19:37:58] - Traininng loss : 1.0126733759120952
[2025-06-05 19:38:04] - vali_results: {'mae': 0.2870773375034332, 'mape': 4.2072248458862305, 'mse': 0.30763205885887146, 'rmse': 0.5546458959579468}
[2025-06-05 19:38:07] - test_results: {'mae': 0.21885742247104645, 'mape': 1.3524250984191895, 'mse': 0.18646691739559174, 'rmse': 0.4318181574344635}
[2025-06-05 19:38:37] - Epoch: 11 cost time: 420.5773215293884
[2025-06-05 19:38:37] - Traininng loss : 1.0113392461874013
[2025-06-05 19:38:43] - vali_results: {'mae': 0.2866992950439453, 'mape': 4.323131084442139, 'mse': 0.3048093914985657, 'rmse': 0.5520954728126526}
[2025-06-05 19:38:46] - test_results: {'mae': 0.21845978498458862, 'mape': 1.3593451976776123, 'mse': 0.184986874461174, 'rmse': 0.4301010072231293}
[2025-06-05 19:39:17] - Epoch: 12 cost time: 460.63120889663696
[2025-06-05 19:39:17] - Traininng loss : 1.010373641925993
[2025-06-05 19:39:23] - vali_results: {'mae': 0.2835448384284973, 'mape': 3.921455144882202, 'mse': 0.29861342906951904, 'rmse': 0.5464553236961365}
[2025-06-05 19:39:27] - test_results: {'mae': 0.21702060103416443, 'mape': 1.2683473825454712, 'mse': 0.18074412643909454, 'rmse': 0.4251401126384735}
[2025-06-05 19:39:57] - Epoch: 13 cost time: 500.0967264175415
[2025-06-05 19:39:57] - Traininng loss : 1.007425340134472
[2025-06-05 19:40:02] - vali_results: {'mae': 0.28558972477912903, 'mape': 4.080809593200684, 'mse': 0.30229291319847107, 'rmse': 0.5498117208480835}
[2025-06-05 19:40:05] - test_results: {'mae': 0.21817012131214142, 'mape': 1.3184659481048584, 'mse': 0.18385522067546844, 'rmse': 0.4287834167480469}
[2025-06-05 19:40:36] - Epoch: 14 cost time: 538.95454621315
[2025-06-05 19:40:36] - Traininng loss : 1.0058070096952976
[2025-06-05 19:40:42] - vali_results: {'mae': 0.28877174854278564, 'mape': 3.8352210521698, 'mse': 0.2991948425769806, 'rmse': 0.5469870567321777}
[2025-06-05 19:40:45] - test_results: {'mae': 0.23169834911823273, 'mape': 1.2651035785675049, 'mse': 0.1855562925338745, 'rmse': 0.43076246976852417}
[2025-06-05 19:41:15] - Epoch: 15 cost time: 578.1811830997467
[2025-06-05 19:41:15] - Traininng loss : 1.0040833077538813
[2025-06-05 19:41:21] - vali_results: {'mae': 0.2855333089828491, 'mape': 3.8714587688446045, 'mse': 0.2969847023487091, 'rmse': 0.544963002204895}
[2025-06-05 19:41:24] - test_results: {'mae': 0.22868157923221588, 'mape': 1.2541314363479614, 'mse': 0.18525119125843048, 'rmse': 0.43040817975997925}
[2025-06-05 19:41:54] - Epoch: 16 cost time: 616.9357016086578
[2025-06-05 19:41:54] - Traininng loss : 1.003843520944183
[2025-06-05 19:42:00] - vali_results: {'mae': 0.28856101632118225, 'mape': 4.663469314575195, 'mse': 0.3035326898097992, 'rmse': 0.5509380102157593}
[2025-06-05 19:42:03] - test_results: {'mae': 0.22397036850452423, 'mape': 1.4067904949188232, 'mse': 0.18668487668037415, 'rmse': 0.43207046389579773}
[2025-06-05 19:42:32] - Epoch: 17 cost time: 655.5813710689545
[2025-06-05 19:42:32] - Traininng loss : 1.002382598265213
[2025-06-05 19:42:38] - vali_results: {'mae': 0.286795973777771, 'mape': 4.24779748916626, 'mse': 0.30134400725364685, 'rmse': 0.5489481091499329}
[2025-06-05 19:42:41] - test_results: {'mae': 0.2271902859210968, 'mape': 1.3435790538787842, 'mse': 0.18536250293254852, 'rmse': 0.43053746223449707}
[2025-06-05 19:43:12] - Epoch: 18 cost time: 695.1888377666473
[2025-06-05 19:43:12] - Traininng loss : 1.001166764637025
[2025-06-05 19:43:17] - vali_results: {'mae': 0.28473377227783203, 'mape': 3.898233413696289, 'mse': 0.296527236700058, 'rmse': 0.5445431470870972}
[2025-06-05 19:43:20] - test_results: {'mae': 0.22219222784042358, 'mape': 1.2568533420562744, 'mse': 0.18231181800365448, 'rmse': 0.4269798696041107}
[2025-06-05 19:43:49] - Epoch: 19 cost time: 731.8719415664673
[2025-06-05 19:43:49] - Traininng loss : 1.0001218809755137
[2025-06-05 19:43:55] - vali_results: {'mae': 0.28466957807540894, 'mape': 4.078115940093994, 'mse': 0.2996443212032318, 'rmse': 0.547397792339325}
[2025-06-05 19:43:57] - test_results: {'mae': 0.2234133929014206, 'mape': 1.3079179525375366, 'mse': 0.18503688275814056, 'rmse': 0.4301591217517853}
[2025-06-05 19:44:29] - Epoch: 20 cost time: 771.7519924640656
[2025-06-05 19:44:29] - Traininng loss : 0.9989303985469322
[2025-06-05 19:44:34] - vali_results: {'mae': 0.2853914797306061, 'mape': 4.114220142364502, 'mse': 0.2996937930583954, 'rmse': 0.5474429726600647}
[2025-06-05 19:44:37] - test_results: {'mae': 0.22393618524074554, 'mape': 1.3233318328857422, 'mse': 0.1839279979467392, 'rmse': 0.42886826395988464}
[2025-06-05 19:45:09] - Epoch: 21 cost time: 812.1335229873657
[2025-06-05 19:45:09] - Traininng loss : 0.998817127870287
[2025-06-05 19:45:15] - vali_results: {'mae': 0.28398311138153076, 'mape': 4.223440647125244, 'mse': 0.3010040819644928, 'rmse': 0.5486384034156799}
[2025-06-05 19:45:17] - test_results: {'mae': 0.21605132520198822, 'mape': 1.3386019468307495, 'mse': 0.1817403882741928, 'rmse': 0.4263102114200592}
[2025-06-05 19:45:47] - Epoch: 22 cost time: 850.4071736335754
[2025-06-05 19:45:47] - Traininng loss : 0.9976266682823534
[2025-06-05 19:45:53] - vali_results: {'mae': 0.2843165993690491, 'mape': 4.007124900817871, 'mse': 0.2989729940891266, 'rmse': 0.5467842221260071}
[2025-06-05 19:45:56] - test_results: {'mae': 0.2171887457370758, 'mape': 1.2998684644699097, 'mse': 0.18130426108837128, 'rmse': 0.4257983863353729}
[2025-06-05 19:46:26] - Epoch: 23 cost time: 888.7369446754456
[2025-06-05 19:46:26] - Traininng loss : 0.9963607730144195
[2025-06-05 19:46:31] - vali_results: {'mae': 0.28593412041664124, 'mape': 4.155455112457275, 'mse': 0.2968185842037201, 'rmse': 0.5448105931282043}
[2025-06-05 19:46:34] - test_results: {'mae': 0.22653712332248688, 'mape': 1.2946616411209106, 'mse': 0.1835726797580719, 'rmse': 0.42845383286476135}
[2025-06-05 19:46:34] - loss no decreased for 5 epochs,  early stopping ....
[2025-06-05 19:46:38] - test_results: {'mae': 0.22219222784042358, 'mape': 1.2568533420562744, 'mse': 0.18231181800365448, 'rmse': 0.4269798696041107}
