[2025-05-28 20:13:22] - run : 0 in seed: 1
[2025-05-28 20:13:22] - +-----------------------------------+------------+
|              Modules              | Parameters |
+-----------------------------------+------------+
|     fm.Linear_Seasonal.weight     |   16128    |
|      fm.Linear_Seasonal.bias      |    168     |
|       fm.Linear_Trend.weight      |   16128    |
|        fm.Linear_Trend.bias       |    168     |
|             nm.weight             |     14     |
| nm.model_freq.model_freq.0.weight |    6144    |
|  nm.model_freq.model_freq.0.bias  |     64     |
|  nm.model_freq.model_all.0.weight |   20480    |
|   nm.model_freq.model_all.0.bias  |    128     |
|  nm.model_freq.model_all.2.weight |   21504    |
|   nm.model_freq.model_all.2.bias  |    168     |
| nm.model_pred.model_freq.0.weight |   24576    |
|  nm.model_pred.model_freq.0.bias  |    256     |
|  nm.model_pred.model_all.0.weight |   180224   |
|   nm.model_pred.model_all.0.bias  |    512     |
|  nm.model_pred.model_all.2.weight |   86016    |
|   nm.model_pred.model_all.2.bias  |    168     |
+-----------------------------------+------------+
[2025-05-28 20:13:22] - Total Trainable Params: 372846
[2025-05-28 20:13:22] - model parameters: 372846
[2025-05-28 20:13:33] - Epoch: 1 cost time: 11.506081819534302
[2025-05-28 20:13:33] - Traininng loss : 1.0487331525889543
[2025-05-28 20:13:35] - vali_results: {'mae': 0.4579237997531891, 'mape': 5.946293354034424, 'mse': 0.4375861883163452, 'rmse': 0.6615029573440552}
[2025-05-28 20:13:36] - test_results: {'mae': 0.4671179950237274, 'mape': 7.574461936950684, 'mse': 0.4147122800350189, 'rmse': 0.6439815759658813}
[2025-05-28 20:13:47] - Epoch: 2 cost time: 25.475270748138428
[2025-05-28 20:13:47] - Traininng loss : 0.8989841001602664
[2025-05-28 20:13:49] - vali_results: {'mae': 0.4517788290977478, 'mape': 6.067972660064697, 'mse': 0.4324168860912323, 'rmse': 0.6575841307640076}
[2025-05-28 20:13:50] - test_results: {'mae': 0.45446524024009705, 'mape': 7.535977840423584, 'mse': 0.40030378103256226, 'rmse': 0.6326956748962402}
[2025-05-28 20:14:01] - Epoch: 3 cost time: 38.902764558792114
[2025-05-28 20:14:01] - Traininng loss : 0.8851159902104744
[2025-05-28 20:14:02] - vali_results: {'mae': 0.4508183002471924, 'mape': 5.752959251403809, 'mse': 0.4280184507369995, 'rmse': 0.6542311906814575}
[2025-05-28 20:14:03] - test_results: {'mae': 0.4627256393432617, 'mape': 6.795377731323242, 'mse': 0.40893372893333435, 'rmse': 0.6394792795181274}
[2025-05-28 20:14:15] - Epoch: 4 cost time: 52.86521077156067
[2025-05-28 20:14:15] - Traininng loss : 0.8780302223187669
[2025-05-28 20:14:16] - vali_results: {'mae': 0.44855451583862305, 'mape': 5.8802666664123535, 'mse': 0.4235178828239441, 'rmse': 0.6507825255393982}
[2025-05-28 20:14:17] - test_results: {'mae': 0.45210781693458557, 'mape': 7.426280975341797, 'mse': 0.3949165642261505, 'rmse': 0.6284238696098328}
[2025-05-28 20:14:28] - Epoch: 5 cost time: 66.66975617408752
[2025-05-28 20:14:28] - Traininng loss : 0.8728734075863304
[2025-05-28 20:14:30] - vali_results: {'mae': 0.4532559812068939, 'mape': 5.995283603668213, 'mse': 0.4282328188419342, 'rmse': 0.6543949842453003}
[2025-05-28 20:14:31] - test_results: {'mae': 0.45838671922683716, 'mape': 7.012493133544922, 'mse': 0.40288498997688293, 'rmse': 0.6347322463989258}
[2025-05-28 20:14:42] - Epoch: 6 cost time: 80.57553386688232
[2025-05-28 20:14:42] - Traininng loss : 0.8688576598589286
[2025-05-28 20:14:44] - vali_results: {'mae': 0.44529974460601807, 'mape': 5.985041618347168, 'mse': 0.4267613887786865, 'rmse': 0.6532697677612305}
[2025-05-28 20:14:45] - test_results: {'mae': 0.45697909593582153, 'mape': 7.152609825134277, 'mse': 0.4030422568321228, 'rmse': 0.634856104850769}
[2025-05-28 20:14:56] - Epoch: 7 cost time: 94.35302186012268
[2025-05-28 20:14:56] - Traininng loss : 0.8656642103003432
[2025-05-28 20:14:58] - vali_results: {'mae': 0.4476878345012665, 'mape': 6.024172306060791, 'mse': 0.4249557554721832, 'rmse': 0.6518862843513489}
[2025-05-28 20:14:59] - test_results: {'mae': 0.4532083570957184, 'mape': 7.077504634857178, 'mse': 0.39678874611854553, 'rmse': 0.6299117207527161}
[2025-05-28 20:15:10] - Epoch: 8 cost time: 107.95925116539001
[2025-05-28 20:15:10] - Traininng loss : 0.8623321350394241
[2025-05-28 20:15:11] - vali_results: {'mae': 0.4474577009677887, 'mape': 6.075000286102295, 'mse': 0.42468583583831787, 'rmse': 0.6516792178153992}
[2025-05-28 20:15:12] - test_results: {'mae': 0.4499482810497284, 'mape': 7.045620441436768, 'mse': 0.3927498161792755, 'rmse': 0.6266975402832031}
[2025-05-28 20:15:24] - Epoch: 9 cost time: 121.73927545547485
[2025-05-28 20:15:24] - Traininng loss : 0.859622248216225
[2025-05-28 20:15:25] - vali_results: {'mae': 0.4437119662761688, 'mape': 6.055270195007324, 'mse': 0.4225335121154785, 'rmse': 0.6500257849693298}
[2025-05-28 20:15:26] - test_results: {'mae': 0.4550396800041199, 'mape': 7.075913906097412, 'mse': 0.39950358867645264, 'rmse': 0.6320629715919495}
[2025-05-28 20:15:38] - Epoch: 10 cost time: 135.75260591506958
[2025-05-28 20:15:38] - Traininng loss : 0.8584740638093719
[2025-05-28 20:15:39] - vali_results: {'mae': 0.445428729057312, 'mape': 6.1507887840271, 'mse': 0.42400357127189636, 'rmse': 0.6511555910110474}
[2025-05-28 20:15:40] - test_results: {'mae': 0.4532971680164337, 'mape': 6.950450420379639, 'mse': 0.3976694643497467, 'rmse': 0.6306104063987732}
[2025-05-28 20:15:51] - Epoch: 11 cost time: 149.6050112247467
[2025-05-28 20:15:51] - Traininng loss : 0.8564330921096392
[2025-05-28 20:15:53] - vali_results: {'mae': 0.44345182180404663, 'mape': 6.144883632659912, 'mse': 0.4212518334388733, 'rmse': 0.6490391492843628}
[2025-05-28 20:15:54] - test_results: {'mae': 0.45261362195014954, 'mape': 7.361425876617432, 'mse': 0.3962295651435852, 'rmse': 0.6294676661491394}
[2025-05-28 20:16:05] - Epoch: 12 cost time: 163.43573379516602
[2025-05-28 20:16:05] - Traininng loss : 0.8528300739485202
[2025-05-28 20:16:07] - vali_results: {'mae': 0.4462772607803345, 'mape': 6.028542995452881, 'mse': 0.4249929189682007, 'rmse': 0.6519148349761963}
[2025-05-28 20:16:08] - test_results: {'mae': 0.45942601561546326, 'mape': 6.580371379852295, 'mse': 0.40468621253967285, 'rmse': 0.636149525642395}
[2025-05-28 20:16:19] - Epoch: 13 cost time: 177.20145559310913
[2025-05-28 20:16:19] - Traininng loss : 0.8529781101536176
[2025-05-28 20:16:21] - vali_results: {'mae': 0.44509050250053406, 'mape': 6.051693439483643, 'mse': 0.42637208104133606, 'rmse': 0.6529717445373535}
[2025-05-28 20:16:22] - test_results: {'mae': 0.4609183371067047, 'mape': 6.863082408905029, 'mse': 0.4073188900947571, 'rmse': 0.6382154226303101}
[2025-05-28 20:16:32] - Epoch: 14 cost time: 190.70440578460693
[2025-05-28 20:16:32] - Traininng loss : 0.8484121148771638
[2025-05-28 20:16:34] - vali_results: {'mae': 0.44683802127838135, 'mape': 5.997615337371826, 'mse': 0.4252285063266754, 'rmse': 0.6520954966545105}
[2025-05-28 20:16:35] - test_results: {'mae': 0.4606238305568695, 'mape': 6.738809585571289, 'mse': 0.4056588113307953, 'rmse': 0.6369134783744812}
[2025-05-28 20:16:46] - Epoch: 15 cost time: 204.4502468109131
[2025-05-28 20:16:46] - Traininng loss : 0.8469598147888285
[2025-05-28 20:16:48] - vali_results: {'mae': 0.44639071822166443, 'mape': 6.095010757446289, 'mse': 0.42258715629577637, 'rmse': 0.6500670313835144}
[2025-05-28 20:16:49] - test_results: {'mae': 0.45151081681251526, 'mape': 6.959656238555908, 'mse': 0.3939358592033386, 'rmse': 0.6276431083679199}
[2025-05-28 20:17:00] - Epoch: 16 cost time: 218.3712248802185
[2025-05-28 20:17:00] - Traininng loss : 0.8455411013585313
[2025-05-28 20:17:02] - vali_results: {'mae': 0.4459672272205353, 'mape': 6.137948513031006, 'mse': 0.4226472079753876, 'rmse': 0.6501132249832153}
[2025-05-28 20:17:03] - test_results: {'mae': 0.45464539527893066, 'mape': 7.105349540710449, 'mse': 0.39747846126556396, 'rmse': 0.6304589509963989}
[2025-05-28 20:17:03] - loss no decreased for 5 epochs,  early stopping ....
[2025-05-28 20:17:04] - test_results: {'mae': 0.45261362195014954, 'mape': 7.361425876617432, 'mse': 0.3962295651435852, 'rmse': 0.6294676661491394}
