[2025-06-05 11:20:50] - run : 0 in seed: 2
[2025-06-05 11:20:50] - +-----------------------------------+------------+
|              Modules              | Parameters |
+-----------------------------------+------------+
|     fm.Linear_Seasonal.weight     |    9216    |
|      fm.Linear_Seasonal.bias      |     96     |
|       fm.Linear_Trend.weight      |    9216    |
|        fm.Linear_Trend.bias       |     96     |
|             nm.weight             |     14     |
| nm.model_freq.model_freq.0.weight |    6144    |
|  nm.model_freq.model_freq.0.bias  |     64     |
|  nm.model_freq.model_all.0.weight |   20480    |
|   nm.model_freq.model_all.0.bias  |    128     |
|  nm.model_freq.model_all.2.weight |   12288    |
|   nm.model_freq.model_all.2.bias  |     96     |
| nm.model_pred.model_freq.0.weight |   24576    |
|  nm.model_pred.model_freq.0.bias  |    256     |
|  nm.model_pred.model_all.0.weight |   180224   |
|   nm.model_pred.model_all.0.bias  |    512     |
|  nm.model_pred.model_all.2.weight |   49152    |
|   nm.model_pred.model_all.2.bias  |     96     |
+-----------------------------------+------------+
[2025-06-05 11:20:50] - Total Trainable Params: 312654
[2025-06-05 11:20:50] - model parameters: 312654
[2025-06-05 11:21:28] - Epoch: 1 cost time: 38.00783443450928
[2025-06-05 11:21:28] - Traininng loss : 0.619663088905568
[2025-06-05 11:21:35] - vali_results: {'mae': 0.37280791997909546, 'mape': 1.8476418256759644, 'mse': 0.3190353512763977, 'rmse': 0.5648321509361267}
[2025-06-05 11:21:38] - test_results: {'mae': 0.3912450671195984, 'mape': 1.7550477981567383, 'mse': 0.3195337653160095, 'rmse': 0.5652731657028198}
[2025-06-05 11:22:15] - Epoch: 2 cost time: 84.77234673500061
[2025-06-05 11:22:15] - Traininng loss : 0.5610847547895583
[2025-06-05 11:22:22] - vali_results: {'mae': 0.37723660469055176, 'mape': 1.8039904832839966, 'mse': 0.3200605809688568, 'rmse': 0.5657389760017395}
[2025-06-05 11:22:25] - test_results: {'mae': 0.39807578921318054, 'mape': 1.7075506448745728, 'mse': 0.33023548126220703, 'rmse': 0.5746611952781677}
[2025-06-05 11:23:45] - Epoch: 3 cost time: 175.34938025474548
[2025-06-05 11:23:45] - Traininng loss : 0.55012397080601
[2025-06-05 11:23:52] - vali_results: {'mae': 0.37076446413993835, 'mape': 1.8192329406738281, 'mse': 0.3153410851955414, 'rmse': 0.5615524053573608}
[2025-06-05 11:23:55] - test_results: {'mae': 0.39482852816581726, 'mape': 1.7420425415039062, 'mse': 0.3284432590007782, 'rmse': 0.573099672794342}
[2025-06-05 11:25:56] - Epoch: 4 cost time: 305.7231197357178
[2025-06-05 11:25:56] - Traininng loss : 0.5430083332915617
[2025-06-05 11:26:02] - vali_results: {'mae': 0.37551406025886536, 'mape': 1.6954128742218018, 'mse': 0.3175593316555023, 'rmse': 0.5635240077972412}
[2025-06-05 11:26:06] - test_results: {'mae': 0.4100571274757385, 'mape': 1.636460781097412, 'mse': 0.3488442003726959, 'rmse': 0.5906303524971008}
[2025-06-05 11:27:21] - Epoch: 5 cost time: 391.57281494140625
[2025-06-05 11:27:21] - Traininng loss : 0.5377968408270366
[2025-06-05 11:27:28] - vali_results: {'mae': 0.3662065863609314, 'mape': 1.7820745706558228, 'mse': 0.313769668340683, 'rmse': 0.5601514577865601}
[2025-06-05 11:27:31] - test_results: {'mae': 0.4003865122795105, 'mape': 1.7520122528076172, 'mse': 0.34040212631225586, 'rmse': 0.5834398865699768}
[2025-06-05 11:28:08] - Epoch: 6 cost time: 438.0151300430298
[2025-06-05 11:28:08] - Traininng loss : 0.5343684518195988
[2025-06-05 11:28:14] - vali_results: {'mae': 0.3671785891056061, 'mape': 1.8018851280212402, 'mse': 0.3150372803211212, 'rmse': 0.5612818002700806}
[2025-06-05 11:28:18] - test_results: {'mae': 0.3996847867965698, 'mape': 1.7615492343902588, 'mse': 0.3413175642490387, 'rmse': 0.5842239260673523}
[2025-06-05 11:28:54] - Epoch: 7 cost time: 484.37406158447266
[2025-06-05 11:28:54] - Traininng loss : 0.5309350612604594
[2025-06-05 11:29:01] - vali_results: {'mae': 0.3687066435813904, 'mape': 1.7620162963867188, 'mse': 0.31492000818252563, 'rmse': 0.5611773133277893}
[2025-06-05 11:29:05] - test_results: {'mae': 0.4021061360836029, 'mape': 1.707505464553833, 'mse': 0.3459484279155731, 'rmse': 0.5881738066673279}
[2025-06-05 11:29:43] - Epoch: 8 cost time: 532.9937272071838
[2025-06-05 11:29:43] - Traininng loss : 0.5283287600163491
[2025-06-05 11:29:50] - vali_results: {'mae': 0.36548981070518494, 'mape': 1.8037787675857544, 'mse': 0.30861252546310425, 'rmse': 0.5555290579795837}
[2025-06-05 11:29:54] - test_results: {'mae': 0.39524218440055847, 'mape': 1.7333534955978394, 'mse': 0.33464136719703674, 'rmse': 0.5784819722175598}
[2025-06-05 11:30:34] - Epoch: 9 cost time: 584.1767506599426
[2025-06-05 11:30:34] - Traininng loss : 0.5254637531107237
[2025-06-05 11:30:41] - vali_results: {'mae': 0.36704906821250916, 'mape': 1.732332468032837, 'mse': 0.3107868432998657, 'rmse': 0.5574826002120972}
[2025-06-05 11:30:45] - test_results: {'mae': 0.4026053547859192, 'mape': 1.6916300058364868, 'mse': 0.345639169216156, 'rmse': 0.5879108309745789}
[2025-06-05 11:31:24] - Epoch: 10 cost time: 634.5329504013062
[2025-06-05 11:31:24] - Traininng loss : 0.5239805002954934
[2025-06-05 11:31:31] - vali_results: {'mae': 0.3678368330001831, 'mape': 1.8091883659362793, 'mse': 0.3135022819042206, 'rmse': 0.5599127411842346}
[2025-06-05 11:31:35] - test_results: {'mae': 0.4023278057575226, 'mape': 1.7746647596359253, 'mse': 0.34720826148986816, 'rmse': 0.5892438292503357}
[2025-06-05 11:32:14] - Epoch: 11 cost time: 683.8643598556519
[2025-06-05 11:32:14] - Traininng loss : 0.5224376304946973
[2025-06-05 11:32:21] - vali_results: {'mae': 0.3675113618373871, 'mape': 1.7470879554748535, 'mse': 0.3143424093723297, 'rmse': 0.5606624484062195}
[2025-06-05 11:32:25] - test_results: {'mae': 0.40737760066986084, 'mape': 1.7467429637908936, 'mse': 0.35507339239120483, 'rmse': 0.5958803296089172}
[2025-06-05 11:33:02] - Epoch: 12 cost time: 732.4693875312805
[2025-06-05 11:33:02] - Traininng loss : 0.5205029547606902
[2025-06-05 11:33:09] - vali_results: {'mae': 0.36517617106437683, 'mape': 1.7567808628082275, 'mse': 0.309463769197464, 'rmse': 0.5562946796417236}
[2025-06-05 11:33:13] - test_results: {'mae': 0.3988126218318939, 'mape': 1.6976648569107056, 'mse': 0.3440553843975067, 'rmse': 0.5865623354911804}
[2025-06-05 11:33:52] - Epoch: 13 cost time: 782.3443033695221
[2025-06-05 11:33:52] - Traininng loss : 0.5193967503729111
[2025-06-05 11:33:59] - vali_results: {'mae': 0.36349162459373474, 'mape': 1.842685341835022, 'mse': 0.3106936812400818, 'rmse': 0.5573990345001221}
[2025-06-05 11:34:03] - test_results: {'mae': 0.3960445821285248, 'mape': 1.8109890222549438, 'mse': 0.3403054475784302, 'rmse': 0.583357036113739}
[2025-06-05 11:34:03] - loss no decreased for 5 epochs,  early stopping ....
[2025-06-05 11:34:07] - test_results: {'mae': 0.39524218440055847, 'mape': 1.7333534955978394, 'mse': 0.33464136719703674, 'rmse': 0.5784819722175598}
