[2025-06-04 15:00:11] - run : 2 in seed: 4
[2025-06-04 15:00:11] - +-----------------------------------+------------+
|              Modules              | Parameters |
+-----------------------------------+------------+
|     fm.Linear_Seasonal.weight     |   32256    |
|      fm.Linear_Seasonal.bias      |    336     |
|       fm.Linear_Trend.weight      |   32256    |
|        fm.Linear_Trend.bias       |    336     |
|             nm.weight             |     14     |
| nm.model_freq.model_freq.0.weight |    6144    |
|  nm.model_freq.model_freq.0.bias  |     64     |
|  nm.model_freq.model_all.0.weight |   20480    |
|   nm.model_freq.model_all.0.bias  |    128     |
|  nm.model_freq.model_all.2.weight |   43008    |
|   nm.model_freq.model_all.2.bias  |    336     |
| nm.model_pred.model_freq.0.weight |   24576    |
|  nm.model_pred.model_freq.0.bias  |    256     |
|  nm.model_pred.model_all.0.weight |   180224   |
|   nm.model_pred.model_all.0.bias  |    512     |
|  nm.model_pred.model_all.2.weight |   172032   |
|   nm.model_pred.model_all.2.bias  |    336     |
+-----------------------------------+------------+
[2025-06-04 15:00:11] - Total Trainable Params: 513294
[2025-06-04 15:00:11] - model parameters: 513294
[2025-06-04 15:00:26] - Epoch: 1 cost time: 15.416417121887207
[2025-06-04 15:00:26] - Traininng loss : 1.0312595184406508
[2025-06-04 15:00:28] - vali_results: {'mae': 0.41012048721313477, 'mape': 4.383825778961182, 'mse': 0.33091863989830017, 'rmse': 0.575255274772644}
[2025-06-04 15:00:29] - test_results: {'mae': 0.27734360098838806, 'mape': 14.173202514648438, 'mse': 0.14377158880233765, 'rmse': 0.3791722357273102}
[2025-06-04 15:00:44] - Epoch: 2 cost time: 33.39112186431885
[2025-06-04 15:00:44] - Traininng loss : 0.9064183700019899
[2025-06-04 15:00:46] - vali_results: {'mae': 0.4124804735183716, 'mape': 4.452768802642822, 'mse': 0.33444926142692566, 'rmse': 0.5783158540725708}
[2025-06-04 15:00:47] - test_results: {'mae': 0.27465251088142395, 'mape': 13.595354080200195, 'mse': 0.1401175856590271, 'rmse': 0.3743228316307068}
[2025-06-04 15:01:02] - Epoch: 3 cost time: 51.60960149765015
[2025-06-04 15:01:02] - Traininng loss : 0.887812813905918
[2025-06-04 15:01:04] - vali_results: {'mae': 0.4023333191871643, 'mape': 4.757907390594482, 'mse': 0.3254168927669525, 'rmse': 0.5704532265663147}
[2025-06-04 15:01:05] - test_results: {'mae': 0.26831647753715515, 'mape': 15.137901306152344, 'mse': 0.13882136344909668, 'rmse': 0.3725873827934265}
[2025-06-04 15:01:20] - Epoch: 4 cost time: 69.75348043441772
[2025-06-04 15:01:20] - Traininng loss : 0.8776111263457848
[2025-06-04 15:01:22] - vali_results: {'mae': 0.40832093358039856, 'mape': 4.333375453948975, 'mse': 0.3319697380065918, 'rmse': 0.5761681795120239}
[2025-06-04 15:01:23] - test_results: {'mae': 0.2690146863460541, 'mape': 13.796663284301758, 'mse': 0.13568319380283356, 'rmse': 0.3683519959449768}
[2025-06-04 15:01:38] - Epoch: 5 cost time: 87.64638900756836
[2025-06-04 15:01:38] - Traininng loss : 0.8687005458480638
[2025-06-04 15:01:40] - vali_results: {'mae': 0.405998557806015, 'mape': 4.4593329429626465, 'mse': 0.3316049873828888, 'rmse': 0.575851559638977}
[2025-06-04 15:01:41] - test_results: {'mae': 0.26519447565078735, 'mape': 14.318441390991211, 'mse': 0.13302363455295563, 'rmse': 0.3647240400314331}
[2025-06-04 15:01:57] - Epoch: 6 cost time: 106.0948383808136
[2025-06-04 15:01:57] - Traininng loss : 0.8631452409469563
[2025-06-04 15:01:59] - vali_results: {'mae': 0.3961885869503021, 'mape': 4.688839912414551, 'mse': 0.3186799883842468, 'rmse': 0.5645174980163574}
[2025-06-04 15:02:00] - test_results: {'mae': 0.26125943660736084, 'mape': 15.932536125183105, 'mse': 0.13288839161396027, 'rmse': 0.36453860998153687}
[2025-06-04 15:02:15] - Epoch: 7 cost time: 124.37731885910034
[2025-06-04 15:02:15] - Traininng loss : 0.8584136580643447
[2025-06-04 15:02:17] - vali_results: {'mae': 0.41061165928840637, 'mape': 4.222407817840576, 'mse': 0.3319234549999237, 'rmse': 0.5761280059814453}
[2025-06-04 15:02:18] - test_results: {'mae': 0.2710053026676178, 'mape': 13.895846366882324, 'mse': 0.13621824979782104, 'rmse': 0.36907756328582764}
[2025-06-04 15:02:33] - Epoch: 8 cost time: 142.29735922813416
[2025-06-04 15:02:33] - Traininng loss : 0.8531933661712252
[2025-06-04 15:02:35] - vali_results: {'mae': 0.400222510099411, 'mape': 4.533286094665527, 'mse': 0.3225861191749573, 'rmse': 0.567966639995575}
[2025-06-04 15:02:36] - test_results: {'mae': 0.2620740830898285, 'mape': 14.868096351623535, 'mse': 0.13177846372127533, 'rmse': 0.36301302909851074}
[2025-06-04 15:02:51] - Epoch: 9 cost time: 160.24834609031677
[2025-06-04 15:02:51] - Traininng loss : 0.8495954246786626
[2025-06-04 15:02:53] - vali_results: {'mae': 0.39999955892562866, 'mape': 4.607642650604248, 'mse': 0.324801504611969, 'rmse': 0.5699135661125183}
[2025-06-04 15:02:54] - test_results: {'mae': 0.26407063007354736, 'mape': 15.25538158416748, 'mse': 0.1331431269645691, 'rmse': 0.3648878335952759}
[2025-06-04 15:03:09] - Epoch: 10 cost time: 177.9358787536621
[2025-06-04 15:03:09] - Traininng loss : 0.8442153818905354
[2025-06-04 15:03:10] - vali_results: {'mae': 0.39209824800491333, 'mape': 4.650479793548584, 'mse': 0.3100280463695526, 'rmse': 0.5568016171455383}
[2025-06-04 15:03:11] - test_results: {'mae': 0.26520389318466187, 'mape': 16.84247589111328, 'mse': 0.1403881311416626, 'rmse': 0.37468403577804565}
[2025-06-04 15:03:27] - Epoch: 11 cost time: 195.9291694164276
[2025-06-04 15:03:27] - Traininng loss : 0.8404934287233197
[2025-06-04 15:03:28] - vali_results: {'mae': 0.40069881081581116, 'mape': 4.705454349517822, 'mse': 0.3233828842639923, 'rmse': 0.5686676502227783}
[2025-06-04 15:03:29] - test_results: {'mae': 0.2654106616973877, 'mape': 15.22187614440918, 'mse': 0.13423149287700653, 'rmse': 0.3663761615753174}
[2025-06-04 15:03:45] - Epoch: 12 cost time: 213.9564025402069
[2025-06-04 15:03:45] - Traininng loss : 0.8387952158632486
[2025-06-04 15:03:46] - vali_results: {'mae': 0.39460650086402893, 'mape': 4.956618309020996, 'mse': 0.31636446714401245, 'rmse': 0.5624628663063049}
[2025-06-04 15:03:47] - test_results: {'mae': 0.26454973220825195, 'mape': 17.496871948242188, 'mse': 0.1395774930715561, 'rmse': 0.37360072135925293}
[2025-06-04 15:04:03] - Epoch: 13 cost time: 232.02173328399658
[2025-06-04 15:04:03] - Traininng loss : 0.8366492320176052
[2025-06-04 15:04:05] - vali_results: {'mae': 0.39874282479286194, 'mape': 4.391669750213623, 'mse': 0.3187688887119293, 'rmse': 0.5645962357521057}
[2025-06-04 15:04:05] - test_results: {'mae': 0.2639966607093811, 'mape': 15.153815269470215, 'mse': 0.13479448854923248, 'rmse': 0.3671436905860901}
[2025-06-04 15:04:21] - Epoch: 14 cost time: 249.9425687789917
[2025-06-04 15:04:21] - Traininng loss : 0.8350678972252037
[2025-06-04 15:04:22] - vali_results: {'mae': 0.4071694612503052, 'mape': 4.4403228759765625, 'mse': 0.3334442973136902, 'rmse': 0.5774463415145874}
[2025-06-04 15:04:23] - test_results: {'mae': 0.2656923234462738, 'mape': 14.384896278381348, 'mse': 0.13374346494674683, 'rmse': 0.3657095432281494}
[2025-06-04 15:04:39] - Epoch: 15 cost time: 267.9672975540161
[2025-06-04 15:04:39] - Traininng loss : 0.830762056471861
[2025-06-04 15:04:40] - vali_results: {'mae': 0.4061702787876129, 'mape': 4.725352764129639, 'mse': 0.330035537481308, 'rmse': 0.5744872093200684}
[2025-06-04 15:04:41] - test_results: {'mae': 0.2683815360069275, 'mape': 14.814115524291992, 'mse': 0.13555094599723816, 'rmse': 0.36817243695259094}
[2025-06-04 15:04:41] - loss no decreased for 5 epochs,  early stopping ....
[2025-06-04 15:04:42] - test_results: {'mae': 0.26520389318466187, 'mape': 16.84247589111328, 'mse': 0.1403881311416626, 'rmse': 0.37468403577804565}
