[2025-06-04 23:20:55] - run : 1 in seed: 2
[2025-06-04 23:20:55] - +-----------------------------------+------------+
|              Modules              | Parameters |
+-----------------------------------+------------+
|     fm.Linear_Seasonal.weight     |   32256    |
|      fm.Linear_Seasonal.bias      |    336     |
|       fm.Linear_Trend.weight      |   32256    |
|        fm.Linear_Trend.bias       |    336     |
|             nm.weight             |     16     |
| nm.model_freq.model_freq.0.weight |    6144    |
|  nm.model_freq.model_freq.0.bias  |     64     |
|  nm.model_freq.model_all.0.weight |   20480    |
|   nm.model_freq.model_all.0.bias  |    128     |
|  nm.model_freq.model_all.2.weight |   43008    |
|   nm.model_freq.model_all.2.bias  |    336     |
| nm.model_pred.model_freq.0.weight |   24576    |
|  nm.model_pred.model_freq.0.bias  |    256     |
|  nm.model_pred.model_all.0.weight |   180224   |
|   nm.model_pred.model_all.0.bias  |    512     |
|  nm.model_pred.model_all.2.weight |   172032   |
|   nm.model_pred.model_all.2.bias  |    336     |
+-----------------------------------+------------+
[2025-06-04 23:20:55] - Total Trainable Params: 513296
[2025-06-04 23:20:55] - model parameters: 513296
[2025-06-04 23:21:01] - Epoch: 1 cost time: 6.438321113586426
[2025-06-04 23:21:01] - Traininng loss : 0.684541206149494
[2025-06-04 23:21:02] - vali_results: {'mae': 0.5272570252418518, 'mape': 1.0323734283447266, 'mse': 0.4192061126232147, 'rmse': 0.6474612951278687}
[2025-06-04 23:21:02] - test_results: {'mae': 0.30785611271858215, 'mape': 1.9581077098846436, 'mse': 0.1682768613100052, 'rmse': 0.4102156162261963}
[2025-06-04 23:21:09] - Epoch: 2 cost time: 13.933706283569336
[2025-06-04 23:21:09] - Traininng loss : 0.5113838540962319
[2025-06-04 23:21:09] - vali_results: {'mae': 0.5208556056022644, 'mape': 1.0166614055633545, 'mse': 0.4202524721622467, 'rmse': 0.6482688188552856}
[2025-06-04 23:21:10] - test_results: {'mae': 0.3068302273750305, 'mape': 1.9830989837646484, 'mse': 0.16868215799331665, 'rmse': 0.41070932149887085}
[2025-06-04 23:21:17] - Epoch: 3 cost time: 21.886049032211304
[2025-06-04 23:21:17] - Traininng loss : 0.4989349269399456
[2025-06-04 23:21:18] - vali_results: {'mae': 0.6104696393013, 'mape': 1.0382840633392334, 'mse': 0.5578664541244507, 'rmse': 0.7469045519828796}
[2025-06-04 23:21:18] - test_results: {'mae': 0.32695335149765015, 'mape': 1.749306321144104, 'mse': 0.1829974502325058, 'rmse': 0.42778199911117554}
[2025-06-04 23:21:25] - Epoch: 4 cost time: 30.019798040390015
[2025-06-04 23:21:25] - Traininng loss : 0.49470127018448573
[2025-06-04 23:21:26] - vali_results: {'mae': 0.5451939702033997, 'mape': 1.0215308666229248, 'mse': 0.4546512961387634, 'rmse': 0.6742783784866333}
[2025-06-04 23:21:26] - test_results: {'mae': 0.30986395478248596, 'mape': 1.8935967683792114, 'mse': 0.17033866047859192, 'rmse': 0.41272103786468506}
[2025-06-04 23:21:33] - Epoch: 5 cost time: 37.87008619308472
[2025-06-04 23:21:33] - Traininng loss : 0.49026475817549464
[2025-06-04 23:21:33] - vali_results: {'mae': 0.6053590178489685, 'mape': 1.0566751956939697, 'mse': 0.538585364818573, 'rmse': 0.7338837385177612}
[2025-06-04 23:21:34] - test_results: {'mae': 0.32619789242744446, 'mape': 1.8083724975585938, 'mse': 0.1809612512588501, 'rmse': 0.4253953993320465}
[2025-06-04 23:21:40] - Epoch: 6 cost time: 45.62604308128357
[2025-06-04 23:21:40] - Traininng loss : 0.4888384075336207
[2025-06-04 23:21:41] - vali_results: {'mae': 0.44925135374069214, 'mape': 0.963714063167572, 'mse': 0.31986603140830994, 'rmse': 0.5655670166015625}
[2025-06-04 23:21:42] - test_results: {'mae': 0.29249656200408936, 'mape': 2.0948681831359863, 'mse': 0.15929681062698364, 'rmse': 0.399120032787323}
[2025-06-04 23:21:48] - Epoch: 7 cost time: 53.30645132064819
[2025-06-04 23:21:48] - Traininng loss : 0.4872063671062195
[2025-06-04 23:21:49] - vali_results: {'mae': 0.5213831663131714, 'mape': 0.983475387096405, 'mse': 0.4269278943538666, 'rmse': 0.6533972024917603}
[2025-06-04 23:21:49] - test_results: {'mae': 0.3073849380016327, 'mape': 1.9324030876159668, 'mse': 0.16847018897533417, 'rmse': 0.410451203584671}
[2025-06-04 23:21:56] - Epoch: 8 cost time: 61.06064057350159
[2025-06-04 23:21:56] - Traininng loss : 0.4846792110041076
[2025-06-04 23:21:57] - vali_results: {'mae': 0.4989300072193146, 'mape': 1.0575867891311646, 'mse': 0.3886662423610687, 'rmse': 0.6234310269355774}
[2025-06-04 23:21:57] - test_results: {'mae': 0.30154114961624146, 'mape': 2.0607481002807617, 'mse': 0.16302800178527832, 'rmse': 0.40376725792884827}
[2025-06-04 23:22:04] - Epoch: 9 cost time: 69.0162706375122
[2025-06-04 23:22:04] - Traininng loss : 0.48266374597362444
[2025-06-04 23:22:05] - vali_results: {'mae': 0.4539676010608673, 'mape': 0.9821481108665466, 'mse': 0.3448213040828705, 'rmse': 0.5872148871421814}
[2025-06-04 23:22:05] - test_results: {'mae': 0.2998417913913727, 'mape': 2.1334238052368164, 'mse': 0.16254106163978577, 'rmse': 0.4031638205051422}
[2025-06-04 23:22:11] - Epoch: 10 cost time: 76.76106691360474
[2025-06-04 23:22:11] - Traininng loss : 0.4840961336310393
[2025-06-04 23:22:12] - vali_results: {'mae': 0.5394600629806519, 'mape': 0.9540388584136963, 'mse': 0.4546685814857483, 'rmse': 0.67429119348526}
[2025-06-04 23:22:13] - test_results: {'mae': 0.3121126592159271, 'mape': 1.8747433423995972, 'mse': 0.17354126274585724, 'rmse': 0.416582852602005}
[2025-06-04 23:22:19] - Epoch: 11 cost time: 84.61627793312073
[2025-06-04 23:22:19] - Traininng loss : 0.4792998115611232
[2025-06-04 23:22:20] - vali_results: {'mae': 0.5858824849128723, 'mape': 1.0018513202667236, 'mse': 0.5311868190765381, 'rmse': 0.7288256287574768}
[2025-06-04 23:22:21] - test_results: {'mae': 0.3226584792137146, 'mape': 1.779320478439331, 'mse': 0.1814810037612915, 'rmse': 0.42600587010383606}
[2025-06-04 23:22:21] - loss no decreased for 5 epochs,  early stopping ....
[2025-06-04 23:22:21] - test_results: {'mae': 0.29249656200408936, 'mape': 2.0948681831359863, 'mse': 0.15929681062698364, 'rmse': 0.399120032787323}
