[2025-06-05 12:30:25] - run : 2 in seed: 4
[2025-06-05 12:30:25] - +-----------------------------------+------------+
|              Modules              | Parameters |
+-----------------------------------+------------+
|     fm.Linear_Seasonal.weight     |   16128    |
|      fm.Linear_Seasonal.bias      |    168     |
|       fm.Linear_Trend.weight      |   16128    |
|        fm.Linear_Trend.bias       |    168     |
|             nm.weight             |     14     |
| nm.model_freq.model_freq.0.weight |    6144    |
|  nm.model_freq.model_freq.0.bias  |     64     |
|  nm.model_freq.model_all.0.weight |   20480    |
|   nm.model_freq.model_all.0.bias  |    128     |
|  nm.model_freq.model_all.2.weight |   21504    |
|   nm.model_freq.model_all.2.bias  |    168     |
| nm.model_pred.model_freq.0.weight |   24576    |
|  nm.model_pred.model_freq.0.bias  |    256     |
|  nm.model_pred.model_all.0.weight |   180224   |
|   nm.model_pred.model_all.0.bias  |    512     |
|  nm.model_pred.model_all.2.weight |   86016    |
|   nm.model_pred.model_all.2.bias  |    168     |
+-----------------------------------+------------+
[2025-06-05 12:30:25] - Total Trainable Params: 372846
[2025-06-05 12:30:25] - model parameters: 372846
[2025-06-05 12:31:10] - Epoch: 1 cost time: 44.393380880355835
[2025-06-05 12:31:10] - Traininng loss : 0.6981317610746948
[2025-06-05 12:31:16] - vali_results: {'mae': 0.395786315202713, 'mape': 1.8665971755981445, 'mse': 0.36111751198768616, 'rmse': 0.6009305119514465}
[2025-06-05 12:31:20] - test_results: {'mae': 0.42104676365852356, 'mape': 1.8637109994888306, 'mse': 0.3643175959587097, 'rmse': 0.60358726978302}
[2025-06-05 12:32:03] - Epoch: 2 cost time: 97.703134059906
[2025-06-05 12:32:03] - Traininng loss : 0.6443938998973283
[2025-06-05 12:32:10] - vali_results: {'mae': 0.39496660232543945, 'mape': 1.8538439273834229, 'mse': 0.35768571496009827, 'rmse': 0.5980682969093323}
[2025-06-05 12:32:13] - test_results: {'mae': 0.42257973551750183, 'mape': 1.8436485528945923, 'mse': 0.3665134608745575, 'rmse': 0.6054035425186157}
[2025-06-05 12:32:59] - Epoch: 3 cost time: 153.42852926254272
[2025-06-05 12:32:59] - Traininng loss : 0.63628083988091
[2025-06-05 12:33:06] - vali_results: {'mae': 0.39769402146339417, 'mape': 1.8143714666366577, 'mse': 0.3588545620441437, 'rmse': 0.599044680595398}
[2025-06-05 12:33:09] - test_results: {'mae': 0.42438018321990967, 'mape': 1.7972609996795654, 'mse': 0.3696000576019287, 'rmse': 0.6079474091529846}
[2025-06-05 12:33:53] - Epoch: 4 cost time: 207.59628558158875
[2025-06-05 12:33:53] - Traininng loss : 0.6303128186188486
[2025-06-05 12:33:59] - vali_results: {'mae': 0.39104747772216797, 'mape': 1.8585671186447144, 'mse': 0.3548568785190582, 'rmse': 0.5956986546516418}
[2025-06-05 12:34:03] - test_results: {'mae': 0.4202710688114166, 'mape': 1.8479762077331543, 'mse': 0.36702728271484375, 'rmse': 0.6058277487754822}
[2025-06-05 12:34:48] - Epoch: 5 cost time: 262.73793935775757
[2025-06-05 12:34:48] - Traininng loss : 0.625363922897105
[2025-06-05 12:34:55] - vali_results: {'mae': 0.38777610659599304, 'mape': 1.896045207977295, 'mse': 0.3520950376987457, 'rmse': 0.5933759808540344}
[2025-06-05 12:34:58] - test_results: {'mae': 0.41464993357658386, 'mape': 1.8682483434677124, 'mse': 0.36132970452308655, 'rmse': 0.6011070609092712}
[2025-06-05 12:35:44] - Epoch: 6 cost time: 318.6024315357208
[2025-06-05 12:35:44] - Traininng loss : 0.6222337019545668
[2025-06-05 12:35:51] - vali_results: {'mae': 0.39053452014923096, 'mape': 1.9576903581619263, 'mse': 0.35522371530532837, 'rmse': 0.596006453037262}
[2025-06-05 12:35:54] - test_results: {'mae': 0.42237481474876404, 'mape': 1.9644488096237183, 'mse': 0.36969277262687683, 'rmse': 0.6080236434936523}
[2025-06-05 12:36:39] - Epoch: 7 cost time: 373.92576336860657
[2025-06-05 12:36:39] - Traininng loss : 0.6191815959047784
[2025-06-05 12:36:46] - vali_results: {'mae': 0.39273157715797424, 'mape': 1.8318932056427002, 'mse': 0.3527587652206421, 'rmse': 0.5939350128173828}
[2025-06-05 12:36:49] - test_results: {'mae': 0.42608389258384705, 'mape': 1.8273401260375977, 'mse': 0.3747759163379669, 'rmse': 0.6121894717216492}
[2025-06-05 12:37:34] - Epoch: 8 cost time: 428.51157236099243
[2025-06-05 12:37:34] - Traininng loss : 0.6172036768263237
[2025-06-05 12:37:41] - vali_results: {'mae': 0.39859771728515625, 'mape': 1.7818043231964111, 'mse': 0.3569413423538208, 'rmse': 0.5974456667900085}
[2025-06-05 12:37:45] - test_results: {'mae': 0.43198487162590027, 'mape': 1.7771351337432861, 'mse': 0.3823801279067993, 'rmse': 0.618368923664093}
[2025-06-05 12:38:30] - Epoch: 9 cost time: 485.0505335330963
[2025-06-05 12:38:30] - Traininng loss : 0.6156792088645654
[2025-06-05 12:38:37] - vali_results: {'mae': 0.39731085300445557, 'mape': 1.834166169166565, 'mse': 0.35861560702323914, 'rmse': 0.5988452434539795}
[2025-06-05 12:38:41] - test_results: {'mae': 0.43070757389068604, 'mape': 1.850109338760376, 'mse': 0.38214558362960815, 'rmse': 0.6181792616844177}
[2025-06-05 12:39:26] - Epoch: 10 cost time: 541.1725888252258
[2025-06-05 12:39:26] - Traininng loss : 0.6138803086826183
[2025-06-05 12:39:34] - vali_results: {'mae': 0.39458122849464417, 'mape': 1.8903768062591553, 'mse': 0.35494211316108704, 'rmse': 0.5957701802253723}
[2025-06-05 12:39:38] - test_results: {'mae': 0.42277973890304565, 'mape': 1.8719017505645752, 'mse': 0.372026652097702, 'rmse': 0.6099398732185364}
[2025-06-05 12:39:38] - loss no decreased for 5 epochs,  early stopping ....
[2025-06-05 12:39:41] - test_results: {'mae': 0.41464993357658386, 'mape': 1.8682483434677124, 'mse': 0.36132970452308655, 'rmse': 0.6011070609092712}
