[2025-06-05 00:14:16] - run : 0 in seed: 2
[2025-06-05 00:14:16] - +-----------------------------------+------------+
|              Modules              | Parameters |
+-----------------------------------+------------+
|     fm.Linear_Seasonal.weight     |    9216    |
|      fm.Linear_Seasonal.bias      |     96     |
|       fm.Linear_Trend.weight      |    9216    |
|        fm.Linear_Trend.bias       |     96     |
|             nm.weight             |     14     |
| nm.model_freq.model_freq.0.weight |    6144    |
|  nm.model_freq.model_freq.0.bias  |     64     |
|  nm.model_freq.model_all.0.weight |   20480    |
|   nm.model_freq.model_all.0.bias  |    128     |
|  nm.model_freq.model_all.2.weight |   12288    |
|   nm.model_freq.model_all.2.bias  |     96     |
| nm.model_pred.model_freq.0.weight |   24576    |
|  nm.model_pred.model_freq.0.bias  |    256     |
|  nm.model_pred.model_all.0.weight |   180224   |
|   nm.model_pred.model_all.0.bias  |    512     |
|  nm.model_pred.model_all.2.weight |   49152    |
|   nm.model_pred.model_all.2.bias  |     96     |
+-----------------------------------+------------+
[2025-06-05 00:14:16] - Total Trainable Params: 312654
[2025-06-05 00:14:16] - model parameters: 312654
[2025-06-05 00:14:26] - Epoch: 1 cost time: 9.816915035247803
[2025-06-05 00:14:26] - Traininng loss : 0.8978615525238057
[2025-06-05 00:14:27] - vali_results: {'mae': 0.4292319416999817, 'mape': 5.046620845794678, 'mse': 0.39647194743156433, 'rmse': 0.6296601891517639}
[2025-06-05 00:14:28] - test_results: {'mae': 0.4351598024368286, 'mape': 7.636410713195801, 'mse': 0.3757052421569824, 'rmse': 0.6129480004310608}
[2025-06-05 00:14:38] - Epoch: 2 cost time: 21.954283475875854
[2025-06-05 00:14:38] - Traininng loss : 0.7566726700739658
[2025-06-05 00:14:39] - vali_results: {'mae': 0.42664164304733276, 'mape': 5.141459941864014, 'mse': 0.39066681265830994, 'rmse': 0.625033438205719}
[2025-06-05 00:14:40] - test_results: {'mae': 0.42769092321395874, 'mape': 7.5830841064453125, 'mse': 0.3670513927936554, 'rmse': 0.6058476567268372}
[2025-06-05 00:14:50] - Epoch: 3 cost time: 34.129642724990845
[2025-06-05 00:14:50] - Traininng loss : 0.7418279666849907
[2025-06-05 00:14:52] - vali_results: {'mae': 0.4199002683162689, 'mape': 4.960886001586914, 'mse': 0.3862100839614868, 'rmse': 0.6214580535888672}
[2025-06-05 00:14:53] - test_results: {'mae': 0.4291750490665436, 'mape': 6.919897556304932, 'mse': 0.3688460886478424, 'rmse': 0.6073269844055176}
[2025-06-05 00:15:03] - Epoch: 4 cost time: 46.74218010902405
[2025-06-05 00:15:03] - Traininng loss : 0.7337303334411155
[2025-06-05 00:15:04] - vali_results: {'mae': 0.4227180778980255, 'mape': 5.052006721496582, 'mse': 0.3873337507247925, 'rmse': 0.622361421585083}
[2025-06-05 00:15:06] - test_results: {'mae': 0.42996883392333984, 'mape': 6.8829755783081055, 'mse': 0.36896583437919617, 'rmse': 0.6074255704879761}
[2025-06-05 00:15:15] - Epoch: 5 cost time: 58.83964562416077
[2025-06-05 00:15:15] - Traininng loss : 0.7280367739657139
[2025-06-05 00:15:17] - vali_results: {'mae': 0.4217982292175293, 'mape': 5.155416488647461, 'mse': 0.38448604941368103, 'rmse': 0.6200693845748901}
[2025-06-05 00:15:17] - test_results: {'mae': 0.4255084693431854, 'mape': 7.340025901794434, 'mse': 0.3632691502571106, 'rmse': 0.6027181148529053}
[2025-06-05 00:15:27] - Epoch: 6 cost time: 71.3205213546753
[2025-06-05 00:15:27] - Traininng loss : 0.7244306238407784
[2025-06-05 00:15:29] - vali_results: {'mae': 0.4193607270717621, 'mape': 5.270824909210205, 'mse': 0.3824369013309479, 'rmse': 0.6184148192405701}
[2025-06-05 00:15:30] - test_results: {'mae': 0.42549699544906616, 'mape': 7.4179253578186035, 'mse': 0.363606333732605, 'rmse': 0.6029977798461914}
[2025-06-05 00:15:40] - Epoch: 7 cost time: 84.36315870285034
[2025-06-05 00:15:40] - Traininng loss : 0.7212984834579711
[2025-06-05 00:15:42] - vali_results: {'mae': 0.42016109824180603, 'mape': 5.35084342956543, 'mse': 0.38487979769706726, 'rmse': 0.6203868389129639}
[2025-06-05 00:15:43] - test_results: {'mae': 0.4266681969165802, 'mape': 7.117556095123291, 'mse': 0.3648735284805298, 'rmse': 0.6040475964546204}
[2025-06-05 00:15:53] - Epoch: 8 cost time: 97.45457029342651
[2025-06-05 00:15:53] - Traininng loss : 0.7174416936616949
[2025-06-05 00:15:55] - vali_results: {'mae': 0.41954389214515686, 'mape': 5.181816577911377, 'mse': 0.3841322660446167, 'rmse': 0.6197840571403503}
[2025-06-05 00:15:56] - test_results: {'mae': 0.4277043044567108, 'mape': 6.77590274810791, 'mse': 0.3660856783390045, 'rmse': 0.6050501465797424}
[2025-06-05 00:16:06] - Epoch: 9 cost time: 110.24046611785889
[2025-06-05 00:16:06] - Traininng loss : 0.7138657198941454
[2025-06-05 00:16:08] - vali_results: {'mae': 0.4203279912471771, 'mape': 5.313872337341309, 'mse': 0.38618335127830505, 'rmse': 0.6214365363121033}
[2025-06-05 00:16:09] - test_results: {'mae': 0.43103915452957153, 'mape': 6.638150691986084, 'mse': 0.37060290575027466, 'rmse': 0.6087716221809387}
[2025-06-05 00:16:19] - Epoch: 10 cost time: 123.41325449943542
[2025-06-05 00:16:19] - Traininng loss : 0.7110505825344552
[2025-06-05 00:16:21] - vali_results: {'mae': 0.41964083909988403, 'mape': 5.388807773590088, 'mse': 0.38326355814933777, 'rmse': 0.6190828084945679}
[2025-06-05 00:16:22] - test_results: {'mae': 0.4243609309196472, 'mape': 7.02967643737793, 'mse': 0.3620266616344452, 'rmse': 0.6016865372657776}
[2025-06-05 00:16:32] - Epoch: 11 cost time: 136.42160773277283
[2025-06-05 00:16:32] - Traininng loss : 0.7074799801599472
[2025-06-05 00:16:34] - vali_results: {'mae': 0.41926971077919006, 'mape': 5.211789131164551, 'mse': 0.38182303309440613, 'rmse': 0.6179183125495911}
[2025-06-05 00:16:35] - test_results: {'mae': 0.4270447790622711, 'mape': 6.6378374099731445, 'mse': 0.36461514234542847, 'rmse': 0.6038336753845215}
[2025-06-05 00:16:45] - Epoch: 12 cost time: 149.34901809692383
[2025-06-05 00:16:45] - Traininng loss : 0.7065195260529823
[2025-06-05 00:16:47] - vali_results: {'mae': 0.41743868589401245, 'mape': 5.34574556350708, 'mse': 0.382864385843277, 'rmse': 0.618760347366333}
[2025-06-05 00:16:48] - test_results: {'mae': 0.4276226758956909, 'mape': 6.837692737579346, 'mse': 0.3664304316043854, 'rmse': 0.605334997177124}
[2025-06-05 00:16:58] - Epoch: 13 cost time: 162.36108374595642
[2025-06-05 00:16:58] - Traininng loss : 0.7054434189612561
[2025-06-05 00:17:00] - vali_results: {'mae': 0.41812050342559814, 'mape': 5.220551490783691, 'mse': 0.38317200541496277, 'rmse': 0.6190088987350464}
[2025-06-05 00:17:01] - test_results: {'mae': 0.4289701581001282, 'mape': 6.751546859741211, 'mse': 0.3676396906375885, 'rmse': 0.6063329577445984}
[2025-06-05 00:17:12] - Epoch: 14 cost time: 175.97481632232666
[2025-06-05 00:17:12] - Traininng loss : 0.702740691126661
[2025-06-05 00:17:14] - vali_results: {'mae': 0.42100903391838074, 'mape': 5.047170639038086, 'mse': 0.3843308091163635, 'rmse': 0.6199442148208618}
[2025-06-05 00:17:15] - test_results: {'mae': 0.4321514666080475, 'mape': 6.46298360824585, 'mse': 0.3697816729545593, 'rmse': 0.6080967783927917}
[2025-06-05 00:17:25] - Epoch: 15 cost time: 189.4387664794922
[2025-06-05 00:17:25] - Traininng loss : 0.70166612638438
[2025-06-05 00:17:27] - vali_results: {'mae': 0.4234749674797058, 'mape': 5.2247633934021, 'mse': 0.3849831223487854, 'rmse': 0.6204701066017151}
[2025-06-05 00:17:28] - test_results: {'mae': 0.430876761674881, 'mape': 6.505986213684082, 'mse': 0.3679349422454834, 'rmse': 0.6065763831138611}
[2025-06-05 00:17:39] - Epoch: 16 cost time: 202.7433204650879
[2025-06-05 00:17:39] - Traininng loss : 0.6984414022336615
[2025-06-05 00:17:40] - vali_results: {'mae': 0.42190542817115784, 'mape': 5.352313041687012, 'mse': 0.38535749912261963, 'rmse': 0.6207717061042786}
[2025-06-05 00:17:41] - test_results: {'mae': 0.4261343479156494, 'mape': 6.446296215057373, 'mse': 0.36305442452430725, 'rmse': 0.6025399565696716}
[2025-06-05 00:17:41] - loss no decreased for 5 epochs,  early stopping ....
[2025-06-05 00:17:42] - test_results: {'mae': 0.4270447790622711, 'mape': 6.6378374099731445, 'mse': 0.36461514234542847, 'rmse': 0.6038336753845215}
