[2025-06-04 14:35:31] - run : 2 in seed: 4
[2025-06-04 14:35:31] - +-----------------------------------+------------+
|              Modules              | Parameters |
+-----------------------------------+------------+
|     fm.Linear_Seasonal.weight     |    9216    |
|      fm.Linear_Seasonal.bias      |     96     |
|       fm.Linear_Trend.weight      |    9216    |
|        fm.Linear_Trend.bias       |     96     |
|             nm.weight             |     14     |
| nm.model_freq.model_freq.0.weight |    6144    |
|  nm.model_freq.model_freq.0.bias  |     64     |
|  nm.model_freq.model_all.0.weight |   20480    |
|   nm.model_freq.model_all.0.bias  |    128     |
|  nm.model_freq.model_all.2.weight |   12288    |
|   nm.model_freq.model_all.2.bias  |     96     |
| nm.model_pred.model_freq.0.weight |   24576    |
|  nm.model_pred.model_freq.0.bias  |    256     |
|  nm.model_pred.model_all.0.weight |   180224   |
|   nm.model_pred.model_all.0.bias  |    512     |
|  nm.model_pred.model_all.2.weight |   49152    |
|   nm.model_pred.model_all.2.bias  |     96     |
+-----------------------------------+------------+
[2025-06-04 14:35:31] - Total Trainable Params: 312654
[2025-06-04 14:35:31] - model parameters: 312654
[2025-06-04 14:35:41] - Epoch: 1 cost time: 9.756989240646362
[2025-06-04 14:35:41] - Traininng loss : 0.7004321216744311
[2025-06-04 14:35:43] - vali_results: {'mae': 0.3558700680732727, 'mape': 4.589692115783691, 'mse': 0.257429301738739, 'rmse': 0.5073748826980591}
[2025-06-04 14:35:44] - test_results: {'mae': 0.25323835015296936, 'mape': 9.503105163574219, 'mse': 0.11848501116037369, 'rmse': 0.344216525554657}
[2025-06-04 14:35:54] - Epoch: 2 cost time: 22.434046745300293
[2025-06-04 14:35:54] - Traininng loss : 0.5624579829262927
[2025-06-04 14:35:56] - vali_results: {'mae': 0.3282127380371094, 'mape': 4.713924407958984, 'mse': 0.23216426372528076, 'rmse': 0.4818342626094818}
[2025-06-04 14:35:57] - test_results: {'mae': 0.23935894668102264, 'mape': 11.676435470581055, 'mse': 0.113136887550354, 'rmse': 0.33635827898979187}
[2025-06-04 14:36:06] - Epoch: 3 cost time: 35.09590435028076
[2025-06-04 14:36:06] - Traininng loss : 0.5452712426318768
[2025-06-04 14:36:08] - vali_results: {'mae': 0.34132304787635803, 'mape': 4.53458833694458, 'mse': 0.24483801424503326, 'rmse': 0.494811087846756}
[2025-06-04 14:36:09] - test_results: {'mae': 0.24042372405529022, 'mape': 10.11345386505127, 'mse': 0.11064521968364716, 'rmse': 0.33263376355171204}
[2025-06-04 14:36:19] - Epoch: 4 cost time: 47.90817880630493
[2025-06-04 14:36:19] - Traininng loss : 0.5326321632700398
[2025-06-04 14:36:21] - vali_results: {'mae': 0.3296668529510498, 'mape': 4.602392673492432, 'mse': 0.23258793354034424, 'rmse': 0.4822736978530884}
[2025-06-04 14:36:22] - test_results: {'mae': 0.23614291846752167, 'mape': 11.199992179870605, 'mse': 0.10905610024929047, 'rmse': 0.33023643493652344}
[2025-06-04 14:36:31] - Epoch: 5 cost time: 59.72006702423096
[2025-06-04 14:36:31] - Traininng loss : 0.5259721355235323
[2025-06-04 14:36:33] - vali_results: {'mae': 0.3270038664340973, 'mape': 4.894285678863525, 'mse': 0.23096923530101776, 'rmse': 0.4805925786495209}
[2025-06-04 14:36:34] - test_results: {'mae': 0.238050177693367, 'mape': 12.271844863891602, 'mse': 0.11222460120916367, 'rmse': 0.3349994122982025}
[2025-06-04 14:36:43] - Epoch: 6 cost time: 72.17976307868958
[2025-06-04 14:36:43] - Traininng loss : 0.518233789487722
[2025-06-04 14:36:45] - vali_results: {'mae': 0.3310639262199402, 'mape': 4.767024993896484, 'mse': 0.23588186502456665, 'rmse': 0.48567670583724976}
[2025-06-04 14:36:46] - test_results: {'mae': 0.235111266374588, 'mape': 11.466968536376953, 'mse': 0.10881823301315308, 'rmse': 0.3298760950565338}
[2025-06-04 14:36:56] - Epoch: 7 cost time: 84.75779628753662
[2025-06-04 14:36:56] - Traininng loss : 0.5134452748251088
[2025-06-04 14:36:58] - vali_results: {'mae': 0.3328051269054413, 'mape': 4.4513373374938965, 'mse': 0.2355610579252243, 'rmse': 0.48534631729125977}
[2025-06-04 14:36:59] - test_results: {'mae': 0.2355649173259735, 'mape': 11.319111824035645, 'mse': 0.10811994224786758, 'rmse': 0.3288159668445587}
[2025-06-04 14:37:09] - Epoch: 8 cost time: 97.33878636360168
[2025-06-04 14:37:09] - Traininng loss : 0.5096587149545233
[2025-06-04 14:37:10] - vali_results: {'mae': 0.3317197263240814, 'mape': 4.6708664894104, 'mse': 0.23721271753311157, 'rmse': 0.4870448708534241}
[2025-06-04 14:37:11] - test_results: {'mae': 0.2328973412513733, 'mape': 11.357988357543945, 'mse': 0.10733428597450256, 'rmse': 0.32761910557746887}
[2025-06-04 14:37:21] - Epoch: 9 cost time: 110.0135931968689
[2025-06-04 14:37:21] - Traininng loss : 0.5052075730042255
[2025-06-04 14:37:23] - vali_results: {'mae': 0.3331218957901001, 'mape': 4.455224990844727, 'mse': 0.23675470054149628, 'rmse': 0.4865744411945343}
[2025-06-04 14:37:24] - test_results: {'mae': 0.23493453860282898, 'mape': 11.05744457244873, 'mse': 0.10814930498600006, 'rmse': 0.3288606107234955}
[2025-06-04 14:37:34] - Epoch: 10 cost time: 122.50875687599182
[2025-06-04 14:37:34] - Traininng loss : 0.5012046951959108
[2025-06-04 14:37:35] - vali_results: {'mae': 0.33356738090515137, 'mape': 4.844387531280518, 'mse': 0.24091313779354095, 'rmse': 0.4908290207386017}
[2025-06-04 14:37:36] - test_results: {'mae': 0.23376169800758362, 'mape': 11.481694221496582, 'mse': 0.10814733803272247, 'rmse': 0.3288576304912567}
[2025-06-04 14:37:36] - loss no decreased for 5 epochs,  early stopping ....
[2025-06-04 14:37:37] - test_results: {'mae': 0.238050177693367, 'mape': 12.271844863891602, 'mse': 0.11222460120916367, 'rmse': 0.3349994122982025}
