[2025-06-04 16:41:03] - run : 1 in seed: 3
[2025-06-04 16:41:03] - +-----------------------------------+------------+
|              Modules              | Parameters |
+-----------------------------------+------------+
|     fm.Linear_Seasonal.weight     |    9216    |
|      fm.Linear_Seasonal.bias      |     96     |
|       fm.Linear_Trend.weight      |    9216    |
|        fm.Linear_Trend.bias       |     96     |
|             nm.weight             |    642     |
| nm.model_freq.model_freq.0.weight |    6144    |
|  nm.model_freq.model_freq.0.bias  |     64     |
|  nm.model_freq.model_all.0.weight |   20480    |
|   nm.model_freq.model_all.0.bias  |    128     |
|  nm.model_freq.model_all.2.weight |   12288    |
|   nm.model_freq.model_all.2.bias  |     96     |
| nm.model_pred.model_freq.0.weight |   24576    |
|  nm.model_pred.model_freq.0.bias  |    256     |
|  nm.model_pred.model_all.0.weight |   180224   |
|   nm.model_pred.model_all.0.bias  |    512     |
|  nm.model_pred.model_all.2.weight |   49152    |
|   nm.model_pred.model_all.2.bias  |     96     |
+-----------------------------------+------------+
[2025-06-04 16:41:03] - Total Trainable Params: 313282
[2025-06-04 16:41:03] - model parameters: 313282
[2025-06-04 16:41:22] - Epoch: 1 cost time: 19.08214235305786
[2025-06-04 16:41:22] - Traininng loss : 0.5479545387782548
[2025-06-04 16:41:29] - vali_results: {'mae': 0.27150964736938477, 'mape': 2.267346143722534, 'mse': 0.18040874600410461, 'rmse': 0.42474550008773804}
[2025-06-04 16:41:33] - test_results: {'mae': 0.2763691246509552, 'mape': 2.905266523361206, 'mse': 0.19218410551548004, 'rmse': 0.43838807940483093}
[2025-06-04 16:41:53] - Epoch: 2 cost time: 49.23659896850586
[2025-06-04 16:41:53] - Traininng loss : 0.42119191738597134
[2025-06-04 16:41:59] - vali_results: {'mae': 0.26632145047187805, 'mape': 2.258240222930908, 'mse': 0.17590844631195068, 'rmse': 0.4194144010543823}
[2025-06-04 16:42:03] - test_results: {'mae': 0.2714559733867645, 'mape': 2.8742711544036865, 'mse': 0.1873786449432373, 'rmse': 0.43287256360054016}
[2025-06-04 16:42:22] - Epoch: 3 cost time: 79.05547642707825
[2025-06-04 16:42:22] - Traininng loss : 0.41471378238577594
[2025-06-04 16:42:29] - vali_results: {'mae': 0.2640652358531952, 'mape': 2.2744457721710205, 'mse': 0.17460785806179047, 'rmse': 0.41786104440689087}
[2025-06-04 16:42:33] - test_results: {'mae': 0.2689947783946991, 'mape': 2.9041075706481934, 'mse': 0.18584933876991272, 'rmse': 0.431102454662323}
[2025-06-04 16:42:52] - Epoch: 4 cost time: 108.22939944267273
[2025-06-04 16:42:52] - Traininng loss : 0.4110739986101786
[2025-06-04 16:42:59] - vali_results: {'mae': 0.26369473338127136, 'mape': 2.287144660949707, 'mse': 0.17409782111644745, 'rmse': 0.41725030541419983}
[2025-06-04 16:43:03] - test_results: {'mae': 0.26859530806541443, 'mape': 2.91379451751709, 'mse': 0.1851915717124939, 'rmse': 0.43033888936042786}
[2025-06-04 16:43:23] - Epoch: 5 cost time: 139.39860844612122
[2025-06-04 16:43:23] - Traininng loss : 0.40897089692584254
[2025-06-04 16:43:30] - vali_results: {'mae': 0.26478222012519836, 'mape': 2.2195022106170654, 'mse': 0.17361105978488922, 'rmse': 0.41666659712791443}
[2025-06-04 16:43:34] - test_results: {'mae': 0.26928576827049255, 'mape': 2.828571081161499, 'mse': 0.1843978762626648, 'rmse': 0.4294157326221466}
[2025-06-04 16:43:54] - Epoch: 6 cost time: 170.18666696548462
[2025-06-04 16:43:54] - Traininng loss : 0.4077303963795043
[2025-06-04 16:44:00] - vali_results: {'mae': 0.2627467215061188, 'mape': 2.2572922706604004, 'mse': 0.1733648180961609, 'rmse': 0.41637101769447327}
[2025-06-04 16:44:04] - test_results: {'mae': 0.2667733430862427, 'mape': 2.86673903465271, 'mse': 0.18353883922100067, 'rmse': 0.42841434478759766}
[2025-06-04 16:44:23] - Epoch: 7 cost time: 200.00656843185425
[2025-06-04 16:44:23] - Traininng loss : 0.40655795074345774
[2025-06-04 16:44:30] - vali_results: {'mae': 0.26272645592689514, 'mape': 2.2764530181884766, 'mse': 0.17269259691238403, 'rmse': 0.4155629873275757}
[2025-06-04 16:44:34] - test_results: {'mae': 0.26748964190483093, 'mape': 2.8797011375427246, 'mse': 0.18344523012638092, 'rmse': 0.428305059671402}
[2025-06-04 16:44:54] - Epoch: 8 cost time: 231.06432676315308
[2025-06-04 16:44:54] - Traininng loss : 0.4058266283650147
[2025-06-04 16:45:01] - vali_results: {'mae': 0.2635821998119354, 'mape': 2.283137321472168, 'mse': 0.17276659607887268, 'rmse': 0.41565200686454773}
[2025-06-04 16:45:05] - test_results: {'mae': 0.26889729499816895, 'mape': 2.8959667682647705, 'mse': 0.1842738538980484, 'rmse': 0.42927131056785583}
[2025-06-04 16:45:24] - Epoch: 9 cost time: 260.99457693099976
[2025-06-04 16:45:24] - Traininng loss : 0.40510462104228506
[2025-06-04 16:45:31] - vali_results: {'mae': 0.26253655552864075, 'mape': 2.327813148498535, 'mse': 0.1728154718875885, 'rmse': 0.41571080684661865}
[2025-06-04 16:45:35] - test_results: {'mae': 0.26801660656929016, 'mape': 2.951902389526367, 'mse': 0.18406924605369568, 'rmse': 0.42903292179107666}
[2025-06-04 16:45:54] - Epoch: 10 cost time: 290.7000889778137
[2025-06-04 16:45:54] - Traininng loss : 0.40437342477472205
[2025-06-04 16:46:01] - vali_results: {'mae': 0.2641803026199341, 'mape': 2.2808263301849365, 'mse': 0.17312297224998474, 'rmse': 0.4160804748535156}
[2025-06-04 16:46:04] - test_results: {'mae': 0.269183486700058, 'mape': 2.923525094985962, 'mse': 0.1840316653251648, 'rmse': 0.42898911237716675}
[2025-06-04 16:46:22] - Epoch: 11 cost time: 318.8120448589325
[2025-06-04 16:46:22] - Traininng loss : 0.40410329134840717
[2025-06-04 16:46:28] - vali_results: {'mae': 0.2615865468978882, 'mape': 2.274322748184204, 'mse': 0.17185063660144806, 'rmse': 0.41454872488975525}
[2025-06-04 16:46:31] - test_results: {'mae': 0.2663741111755371, 'mape': 2.904508113861084, 'mse': 0.182540163397789, 'rmse': 0.42724719643592834}
[2025-06-04 16:46:50] - Epoch: 12 cost time: 346.0978865623474
[2025-06-04 16:46:50] - Traininng loss : 0.403565184798157
[2025-06-04 16:46:55] - vali_results: {'mae': 0.26064011454582214, 'mape': 2.283921480178833, 'mse': 0.1722019761800766, 'rmse': 0.4149722456932068}
[2025-06-04 16:46:59] - test_results: {'mae': 0.26502537727355957, 'mape': 2.912407398223877, 'mse': 0.1825343519449234, 'rmse': 0.42724040150642395}
[2025-06-04 16:47:17] - Epoch: 13 cost time: 373.43489480018616
[2025-06-04 16:47:17] - Traininng loss : 0.4031121166651709
[2025-06-04 16:47:22] - vali_results: {'mae': 0.26183322072029114, 'mape': 2.2571589946746826, 'mse': 0.17153045535087585, 'rmse': 0.41416236758232117}
[2025-06-04 16:47:25] - test_results: {'mae': 0.26667124032974243, 'mape': 2.875602960586548, 'mse': 0.1822371780872345, 'rmse': 0.4268924593925476}
[2025-06-04 16:47:44] - Epoch: 14 cost time: 400.2117199897766
[2025-06-04 16:47:44] - Traininng loss : 0.40274714304689774
[2025-06-04 16:47:49] - vali_results: {'mae': 0.2620307505130768, 'mape': 2.3225560188293457, 'mse': 0.17269448935985565, 'rmse': 0.41556525230407715}
[2025-06-04 16:47:52] - test_results: {'mae': 0.2672071158885956, 'mape': 2.9652833938598633, 'mse': 0.1836043894290924, 'rmse': 0.4284908175468445}
[2025-06-04 16:48:11] - Epoch: 15 cost time: 427.76640486717224
[2025-06-04 16:48:11] - Traininng loss : 0.4023509212230381
[2025-06-04 16:48:17] - vali_results: {'mae': 0.2613811194896698, 'mape': 2.274484634399414, 'mse': 0.1718209832906723, 'rmse': 0.4145129323005676}
[2025-06-04 16:48:21] - test_results: {'mae': 0.2657913267612457, 'mape': 2.9092493057250977, 'mse': 0.18218238651752472, 'rmse': 0.4268282949924469}
[2025-06-04 16:48:42] - Epoch: 16 cost time: 458.10610723495483
[2025-06-04 16:48:42] - Traininng loss : 0.40226143938407566
[2025-06-04 16:48:48] - vali_results: {'mae': 0.2625822424888611, 'mape': 2.348907470703125, 'mse': 0.17237494885921478, 'rmse': 0.41518062353134155}
[2025-06-04 16:48:51] - test_results: {'mae': 0.268296480178833, 'mape': 3.0001635551452637, 'mse': 0.1837148666381836, 'rmse': 0.42861971259117126}
[2025-06-04 16:49:11] - Epoch: 17 cost time: 487.76468777656555
[2025-06-04 16:49:11] - Traininng loss : 0.40182023754245355
[2025-06-04 16:49:18] - vali_results: {'mae': 0.26090726256370544, 'mape': 2.253669023513794, 'mse': 0.17188259959220886, 'rmse': 0.41458725929260254}
[2025-06-04 16:49:21] - test_results: {'mae': 0.26470673084259033, 'mape': 2.8627281188964844, 'mse': 0.18133322894573212, 'rmse': 0.4258323907852173}
[2025-06-04 16:49:43] - Epoch: 18 cost time: 519.2476763725281
[2025-06-04 16:49:43] - Traininng loss : 0.40169908498462875
[2025-06-04 16:49:50] - vali_results: {'mae': 0.26140958070755005, 'mape': 2.2592430114746094, 'mse': 0.1716843545436859, 'rmse': 0.4143480956554413}
[2025-06-04 16:49:53] - test_results: {'mae': 0.2654329240322113, 'mape': 2.8789312839508057, 'mse': 0.18174734711647034, 'rmse': 0.42631837725639343}
[2025-06-04 16:49:54] - loss no decreased for 5 epochs,  early stopping ....
[2025-06-04 16:49:57] - test_results: {'mae': 0.26667124032974243, 'mape': 2.875602960586548, 'mse': 0.1822371780872345, 'rmse': 0.4268924593925476}
