[2025-06-03 20:11:09] - run : 0 in seed: 2
[2025-06-03 20:11:09] - +-----------------------------------+------------+
|              Modules              | Parameters |
+-----------------------------------+------------+
|     fm.Linear_Seasonal.weight     |   32256    |
|      fm.Linear_Seasonal.bias      |    336     |
|       fm.Linear_Trend.weight      |   32256    |
|        fm.Linear_Trend.bias       |    336     |
|             nm.weight             |    1724    |
| nm.model_freq.model_freq.0.weight |    6144    |
|  nm.model_freq.model_freq.0.bias  |     64     |
|  nm.model_freq.model_all.0.weight |   20480    |
|   nm.model_freq.model_all.0.bias  |    128     |
|  nm.model_freq.model_all.2.weight |   43008    |
|   nm.model_freq.model_all.2.bias  |    336     |
| nm.model_pred.model_freq.0.weight |   24576    |
|  nm.model_pred.model_freq.0.bias  |    256     |
|  nm.model_pred.model_all.0.weight |   180224   |
|   nm.model_pred.model_all.0.bias  |    512     |
|  nm.model_pred.model_all.2.weight |   172032   |
|   nm.model_pred.model_all.2.bias  |    336     |
+-----------------------------------+------------+
[2025-06-03 20:11:09] - Total Trainable Params: 515004
[2025-06-03 20:11:09] - model parameters: 515004
[2025-06-03 20:11:48] - Epoch: 1 cost time: 38.62493324279785
[2025-06-03 20:11:48] - Traininng loss : 0.9162018008309233
[2025-06-03 20:12:05] - vali_results: {'mae': 0.33284687995910645, 'mape': 5.041337490081787, 'mse': 0.3792091906070709, 'rmse': 0.615799605846405}
[2025-06-03 20:12:14] - test_results: {'mae': 0.3886697590351105, 'mape': 6.827803611755371, 'mse': 0.4921491742134094, 'rmse': 0.7015334367752075}
[2025-06-03 20:12:54] - Epoch: 2 cost time: 104.6434600353241
[2025-06-03 20:12:54] - Traininng loss : 0.6947333880190579
[2025-06-03 20:13:11] - vali_results: {'mae': 0.3125220835208893, 'mape': 4.564000129699707, 'mse': 0.3552855849266052, 'rmse': 0.5960583686828613}
[2025-06-03 20:13:20] - test_results: {'mae': 0.3715496361255646, 'mape': 6.448192596435547, 'mse': 0.47180384397506714, 'rmse': 0.6868798136711121}
[2025-06-03 20:14:00] - Epoch: 3 cost time: 170.526540517807
[2025-06-03 20:14:00] - Traininng loss : 0.6642130383584056
[2025-06-03 20:14:17] - vali_results: {'mae': 0.30836355686187744, 'mape': 4.623626232147217, 'mse': 0.346847802400589, 'rmse': 0.5889378786087036}
[2025-06-03 20:14:26] - test_results: {'mae': 0.367779403924942, 'mape': 6.586825370788574, 'mse': 0.46434295177459717, 'rmse': 0.6814271211624146}
[2025-06-03 20:15:05] - Epoch: 4 cost time: 235.29208493232727
[2025-06-03 20:15:05] - Traininng loss : 0.6498227982186886
[2025-06-03 20:15:22] - vali_results: {'mae': 0.30313369631767273, 'mape': 4.407017707824707, 'mse': 0.34279322624206543, 'rmse': 0.5854854583740234}
[2025-06-03 20:15:30] - test_results: {'mae': 0.36385488510131836, 'mape': 6.376830577850342, 'mse': 0.46178123354911804, 'rmse': 0.6795448660850525}
[2025-06-03 20:16:09] - Epoch: 5 cost time: 299.7327935695648
[2025-06-03 20:16:09] - Traininng loss : 0.6404660940170288
[2025-06-03 20:16:26] - vali_results: {'mae': 0.30141323804855347, 'mape': 4.394060134887695, 'mse': 0.33956971764564514, 'rmse': 0.5827261209487915}
[2025-06-03 20:16:35] - test_results: {'mae': 0.36199629306793213, 'mape': 6.379547595977783, 'mse': 0.4585111737251282, 'rmse': 0.6771345138549805}
[2025-06-03 20:17:12] - Epoch: 6 cost time: 363.1552267074585
[2025-06-03 20:17:12] - Traininng loss : 0.6332886355585166
[2025-06-03 20:17:29] - vali_results: {'mae': 0.29988551139831543, 'mape': 4.4582600593566895, 'mse': 0.3369261622428894, 'rmse': 0.5804533958435059}
[2025-06-03 20:17:38] - test_results: {'mae': 0.3603387475013733, 'mape': 6.418009281158447, 'mse': 0.4553099572658539, 'rmse': 0.6747666001319885}
[2025-06-03 20:18:16] - Epoch: 7 cost time: 426.6186752319336
[2025-06-03 20:18:16] - Traininng loss : 0.6279381410773552
[2025-06-03 20:18:32] - vali_results: {'mae': 0.29829859733581543, 'mape': 4.404904842376709, 'mse': 0.3349425494670868, 'rmse': 0.5787422060966492}
[2025-06-03 20:18:40] - test_results: {'mae': 0.36022254824638367, 'mape': 6.492578029632568, 'mse': 0.4548732042312622, 'rmse': 0.6744428873062134}
[2025-06-03 20:19:18] - Epoch: 8 cost time: 489.02003359794617
[2025-06-03 20:19:18] - Traininng loss : 0.6231963236055605
[2025-06-03 20:19:35] - vali_results: {'mae': 0.2969871461391449, 'mape': 4.3357319831848145, 'mse': 0.33375608921051025, 'rmse': 0.5777162909507751}
[2025-06-03 20:19:43] - test_results: {'mae': 0.3580549359321594, 'mape': 6.353147029876709, 'mse': 0.4527346193790436, 'rmse': 0.6728555560112}
[2025-06-03 20:20:19] - Epoch: 9 cost time: 549.9415249824524
[2025-06-03 20:20:19] - Traininng loss : 0.619590588335721
[2025-06-03 20:20:35] - vali_results: {'mae': 0.29571881890296936, 'mape': 4.28945779800415, 'mse': 0.33297523856163025, 'rmse': 0.5770400762557983}
[2025-06-03 20:20:44] - test_results: {'mae': 0.35738179087638855, 'mape': 6.260307312011719, 'mse': 0.45271703600883484, 'rmse': 0.6728425025939941}
[2025-06-03 20:21:23] - Epoch: 10 cost time: 613.256637096405
[2025-06-03 20:21:23] - Traininng loss : 0.6162920684184668
[2025-06-03 20:21:39] - vali_results: {'mae': 0.29515567421913147, 'mape': 4.260813236236572, 'mse': 0.3320296108722687, 'rmse': 0.5762200951576233}
[2025-06-03 20:21:47] - test_results: {'mae': 0.3561743497848511, 'mape': 6.202286720275879, 'mse': 0.45089372992515564, 'rmse': 0.6714861989021301}
[2025-06-03 20:22:25] - Epoch: 11 cost time: 676.0684289932251
[2025-06-03 20:22:25] - Traininng loss : 0.6134507660917194
[2025-06-03 20:22:41] - vali_results: {'mae': 0.29424452781677246, 'mape': 4.283723831176758, 'mse': 0.33064812421798706, 'rmse': 0.5750201344490051}
[2025-06-03 20:22:50] - test_results: {'mae': 0.35561177134513855, 'mape': 6.225564002990723, 'mse': 0.44957807660102844, 'rmse': 0.6705058217048645}
[2025-06-03 20:23:29] - Epoch: 12 cost time: 739.27854347229
[2025-06-03 20:23:29] - Traininng loss : 0.6110405171656544
[2025-06-03 20:23:44] - vali_results: {'mae': 0.2932935953140259, 'mape': 4.252643585205078, 'mse': 0.3294387757778168, 'rmse': 0.5739675760269165}
[2025-06-03 20:23:53] - test_results: {'mae': 0.3553752601146698, 'mape': 6.314676284790039, 'mse': 0.4495997130870819, 'rmse': 0.6705219745635986}
[2025-06-03 20:24:31] - Epoch: 13 cost time: 802.0852355957031
[2025-06-03 20:24:31] - Traininng loss : 0.6089439054705063
[2025-06-03 20:24:47] - vali_results: {'mae': 0.29379281401634216, 'mape': 4.2696852684021, 'mse': 0.32904690504074097, 'rmse': 0.5736261010169983}
[2025-06-03 20:24:55] - test_results: {'mae': 0.3548814058303833, 'mape': 6.264164924621582, 'mse': 0.44812649488449097, 'rmse': 0.6694225072860718}
[2025-06-03 20:25:34] - Epoch: 14 cost time: 864.485342502594
[2025-06-03 20:25:34] - Traininng loss : 0.6074297036122119
[2025-06-03 20:25:51] - vali_results: {'mae': 0.2921757400035858, 'mape': 4.262813568115234, 'mse': 0.32787203788757324, 'rmse': 0.5726011395454407}
[2025-06-03 20:25:59] - test_results: {'mae': 0.3539104759693146, 'mape': 6.26141881942749, 'mse': 0.44743672013282776, 'rmse': 0.668907105922699}
[2025-06-03 20:26:37] - Epoch: 15 cost time: 927.9030184745789
[2025-06-03 20:26:37] - Traininng loss : 0.6056186609833709
[2025-06-03 20:26:54] - vali_results: {'mae': 0.29259437322616577, 'mape': 4.325094699859619, 'mse': 0.3271014988422394, 'rmse': 0.5719279050827026}
[2025-06-03 20:27:02] - test_results: {'mae': 0.35432755947113037, 'mape': 6.336420059204102, 'mse': 0.4468946158885956, 'rmse': 0.6685017943382263}
[2025-06-03 20:27:40] - Epoch: 16 cost time: 990.8288052082062
[2025-06-03 20:27:40] - Traininng loss : 0.6040707966388075
[2025-06-03 20:27:57] - vali_results: {'mae': 0.29161855578422546, 'mape': 4.280460834503174, 'mse': 0.3265400528907776, 'rmse': 0.5714368224143982}
[2025-06-03 20:28:05] - test_results: {'mae': 0.3535745143890381, 'mape': 6.311675071716309, 'mse': 0.44634541869163513, 'rmse': 0.6680908799171448}
[2025-06-03 20:28:44] - Epoch: 17 cost time: 1054.8847961425781
[2025-06-03 20:28:44] - Traininng loss : 0.602809823587577
[2025-06-03 20:29:01] - vali_results: {'mae': 0.2915700078010559, 'mape': 4.331396102905273, 'mse': 0.32519951462745667, 'rmse': 0.5702626705169678}
[2025-06-03 20:29:09] - test_results: {'mae': 0.3534751534461975, 'mape': 6.38304328918457, 'mse': 0.4454832077026367, 'rmse': 0.6674453020095825}
[2025-06-03 20:29:48] - Epoch: 18 cost time: 1118.439224243164
[2025-06-03 20:29:48] - Traininng loss : 0.6016855339477004
[2025-06-03 20:30:06] - vali_results: {'mae': 0.2912938594818115, 'mape': 4.3006134033203125, 'mse': 0.32536303997039795, 'rmse': 0.5704060196876526}
[2025-06-03 20:30:15] - test_results: {'mae': 0.3525678813457489, 'mape': 6.300012588500977, 'mse': 0.4450446665287018, 'rmse': 0.6671167016029358}
[2025-06-03 20:30:53] - Epoch: 19 cost time: 1184.0652439594269
[2025-06-03 20:30:53] - Traininng loss : 0.600288639332085
[2025-06-03 20:31:10] - vali_results: {'mae': 0.290373295545578, 'mape': 4.212155818939209, 'mse': 0.3253217935562134, 'rmse': 0.5703698992729187}
[2025-06-03 20:31:19] - test_results: {'mae': 0.3516961932182312, 'mape': 6.15028190612793, 'mse': 0.4447217881679535, 'rmse': 0.6668746471405029}
[2025-06-03 20:31:58] - Epoch: 20 cost time: 1248.8731052875519
[2025-06-03 20:31:58] - Traininng loss : 0.599338850724408
[2025-06-03 20:32:15] - vali_results: {'mae': 0.290520042181015, 'mape': 4.3498406410217285, 'mse': 0.3238458037376404, 'rmse': 0.5690745115280151}
[2025-06-03 20:32:24] - test_results: {'mae': 0.35214561223983765, 'mape': 6.393327713012695, 'mse': 0.4434666931629181, 'rmse': 0.6659329533576965}
[2025-06-03 20:33:04] - Epoch: 21 cost time: 1314.2711606025696
[2025-06-03 20:33:04] - Traininng loss : 0.5985237454789668
[2025-06-03 20:33:20] - vali_results: {'mae': 0.2894325256347656, 'mape': 4.229442119598389, 'mse': 0.32407233119010925, 'rmse': 0.5692735314369202}
[2025-06-03 20:33:29] - test_results: {'mae': 0.35089391469955444, 'mape': 6.159073829650879, 'mse': 0.44332122802734375, 'rmse': 0.6658236980438232}
[2025-06-03 20:34:08] - Epoch: 22 cost time: 1378.3167440891266
[2025-06-03 20:34:08] - Traininng loss : 0.5976712324548603
[2025-06-03 20:34:25] - vali_results: {'mae': 0.28920215368270874, 'mape': 4.2309956550598145, 'mse': 0.32331690192222595, 'rmse': 0.5686095952987671}
[2025-06-03 20:34:33] - test_results: {'mae': 0.35085707902908325, 'mape': 6.230757236480713, 'mse': 0.44303929805755615, 'rmse': 0.665611982345581}
[2025-06-03 20:35:12] - Epoch: 23 cost time: 1442.5084261894226
[2025-06-03 20:35:12] - Traininng loss : 0.5968237075844223
[2025-06-03 20:35:29] - vali_results: {'mae': 0.2895061671733856, 'mape': 4.3001627922058105, 'mse': 0.3229781985282898, 'rmse': 0.5683116912841797}
[2025-06-03 20:35:37] - test_results: {'mae': 0.35120850801467896, 'mape': 6.326451301574707, 'mse': 0.4424135088920593, 'rmse': 0.6651417016983032}
[2025-06-03 20:36:16] - Epoch: 24 cost time: 1506.4549443721771
[2025-06-03 20:36:16] - Traininng loss : 0.5958907552806515
[2025-06-03 20:36:32] - vali_results: {'mae': 0.2886401414871216, 'mape': 4.260067939758301, 'mse': 0.32321885228157043, 'rmse': 0.5685234069824219}
[2025-06-03 20:36:41] - test_results: {'mae': 0.34950748085975647, 'mape': 6.1504292488098145, 'mse': 0.44200289249420166, 'rmse': 0.6648330092430115}
[2025-06-03 20:37:20] - Epoch: 25 cost time: 1570.2479388713837
[2025-06-03 20:37:20] - Traininng loss : 0.5953330641808214
[2025-06-03 20:37:36] - vali_results: {'mae': 0.28969982266426086, 'mape': 4.343198776245117, 'mse': 0.3221355080604553, 'rmse': 0.5675698518753052}
[2025-06-03 20:37:44] - test_results: {'mae': 0.3522365093231201, 'mape': 6.477292537689209, 'mse': 0.44280484318733215, 'rmse': 0.6654358506202698}
[2025-06-03 20:38:24] - Epoch: 26 cost time: 1634.244167804718
[2025-06-03 20:38:24] - Traininng loss : 0.5948007217636005
[2025-06-03 20:38:40] - vali_results: {'mae': 0.2886963188648224, 'mape': 4.2736310958862305, 'mse': 0.32192903757095337, 'rmse': 0.5673878788948059}
[2025-06-03 20:38:49] - test_results: {'mae': 0.34955453872680664, 'mape': 6.207821369171143, 'mse': 0.4408051669597626, 'rmse': 0.6639316082000732}
[2025-06-03 20:39:28] - Epoch: 27 cost time: 1699.0847482681274
[2025-06-03 20:39:28] - Traininng loss : 0.5940421692765948
[2025-06-03 20:39:45] - vali_results: {'mae': 0.2872427701950073, 'mape': 4.164018630981445, 'mse': 0.32219555974006653, 'rmse': 0.567622721195221}
[2025-06-03 20:39:53] - test_results: {'mae': 0.348489373922348, 'mape': 6.047573089599609, 'mse': 0.44115006923675537, 'rmse': 0.6641913056373596}
[2025-06-03 20:40:32] - Epoch: 28 cost time: 1763.129201412201
[2025-06-03 20:40:32] - Traininng loss : 0.5934722616344771
[2025-06-03 20:40:49] - vali_results: {'mae': 0.2874886989593506, 'mape': 4.22058629989624, 'mse': 0.32149404287338257, 'rmse': 0.5670044422149658}
[2025-06-03 20:40:58] - test_results: {'mae': 0.34877344965934753, 'mape': 6.17888879776001, 'mse': 0.4403742849826813, 'rmse': 0.6636070013046265}
[2025-06-03 20:41:37] - Epoch: 29 cost time: 1827.2140774726868
[2025-06-03 20:41:37] - Traininng loss : 0.5928330633518188
[2025-06-03 20:41:53] - vali_results: {'mae': 0.2873277962207794, 'mape': 4.204697608947754, 'mse': 0.32125410437583923, 'rmse': 0.5667928457260132}
[2025-06-03 20:42:01] - test_results: {'mae': 0.34944993257522583, 'mape': 6.176982879638672, 'mse': 0.44143640995025635, 'rmse': 0.6644068360328674}
[2025-06-03 20:42:40] - Epoch: 30 cost time: 1890.3888046741486
[2025-06-03 20:42:40] - Traininng loss : 0.5924265574252188
[2025-06-03 20:42:56] - vali_results: {'mae': 0.2872641682624817, 'mape': 4.238266468048096, 'mse': 0.3209754228591919, 'rmse': 0.5665469169616699}
[2025-06-03 20:43:04] - test_results: {'mae': 0.3481094539165497, 'mape': 6.152036190032959, 'mse': 0.43941357731819153, 'rmse': 0.6628828048706055}
[2025-06-03 20:43:42] - Epoch: 31 cost time: 1952.5263667106628
[2025-06-03 20:43:42] - Traininng loss : 0.5919236767324154
[2025-06-03 20:43:58] - vali_results: {'mae': 0.2861396372318268, 'mape': 4.161884784698486, 'mse': 0.32078731060028076, 'rmse': 0.5663809180259705}
[2025-06-03 20:44:06] - test_results: {'mae': 0.34747421741485596, 'mape': 6.083257675170898, 'mse': 0.44001126289367676, 'rmse': 0.6633334755897522}
[2025-06-03 20:44:46] - Epoch: 32 cost time: 2016.5148434638977
[2025-06-03 20:44:46] - Traininng loss : 0.5913848671309068
[2025-06-03 20:45:02] - vali_results: {'mae': 0.2863175570964813, 'mape': 4.164456844329834, 'mse': 0.3209369480609894, 'rmse': 0.5665130019187927}
[2025-06-03 20:45:11] - test_results: {'mae': 0.3479485809803009, 'mape': 6.081711769104004, 'mse': 0.44022199511528015, 'rmse': 0.6634922623634338}
[2025-06-03 20:45:50] - Epoch: 33 cost time: 2080.5486080646515
[2025-06-03 20:45:50] - Traininng loss : 0.5911332603413461
[2025-06-03 20:46:06] - vali_results: {'mae': 0.28739169239997864, 'mape': 4.253949165344238, 'mse': 0.32042452692985535, 'rmse': 0.5660605430603027}
[2025-06-03 20:46:15] - test_results: {'mae': 0.3496203124523163, 'mape': 6.291938304901123, 'mse': 0.4407903254032135, 'rmse': 0.6639204025268555}
[2025-06-03 20:46:54] - Epoch: 34 cost time: 2144.8841302394867
[2025-06-03 20:46:54] - Traininng loss : 0.5905965441320784
[2025-06-03 20:47:12] - vali_results: {'mae': 0.2868834435939789, 'mape': 4.33731746673584, 'mse': 0.31914669275283813, 'rmse': 0.5649306774139404}
[2025-06-03 20:47:20] - test_results: {'mae': 0.3491351902484894, 'mape': 6.419929027557373, 'mse': 0.43971922993659973, 'rmse': 0.6631132960319519}
[2025-06-03 20:48:00] - Epoch: 35 cost time: 2210.404670715332
[2025-06-03 20:48:00] - Traininng loss : 0.590297391954458
[2025-06-03 20:48:16] - vali_results: {'mae': 0.28615039587020874, 'mape': 4.220501899719238, 'mse': 0.31926554441452026, 'rmse': 0.565035879611969}
[2025-06-03 20:48:24] - test_results: {'mae': 0.3482145369052887, 'mape': 6.280571937561035, 'mse': 0.439434677362442, 'rmse': 0.6628987193107605}
[2025-06-03 20:49:02] - Epoch: 36 cost time: 2273.111067533493
[2025-06-03 20:49:02] - Traininng loss : 0.5897348932821475
[2025-06-03 20:49:20] - vali_results: {'mae': 0.2863278090953827, 'mape': 4.21256685256958, 'mse': 0.3201453387737274, 'rmse': 0.5658138990402222}
[2025-06-03 20:49:28] - test_results: {'mae': 0.3481425940990448, 'mape': 6.164313793182373, 'mse': 0.4397348463535309, 'rmse': 0.6631250381469727}
[2025-06-03 20:50:07] - Epoch: 37 cost time: 2337.235802412033
[2025-06-03 20:50:07] - Traininng loss : 0.5895285640122756
[2025-06-03 20:50:23] - vali_results: {'mae': 0.28536874055862427, 'mape': 4.217563152313232, 'mse': 0.31910601258277893, 'rmse': 0.5648946762084961}
[2025-06-03 20:50:32] - test_results: {'mae': 0.3473103642463684, 'mape': 6.187910556793213, 'mse': 0.4390031695365906, 'rmse': 0.6625731587409973}
[2025-06-03 20:51:10] - Epoch: 38 cost time: 2401.1109821796417
[2025-06-03 20:51:10] - Traininng loss : 0.5890639806693455
[2025-06-03 20:51:27] - vali_results: {'mae': 0.2864544987678528, 'mape': 4.268239498138428, 'mse': 0.3189890384674072, 'rmse': 0.5647911429405212}
[2025-06-03 20:51:36] - test_results: {'mae': 0.34835222363471985, 'mape': 6.29747200012207, 'mse': 0.4390782415866852, 'rmse': 0.6626297831535339}
[2025-06-03 20:52:14] - Epoch: 39 cost time: 2464.949959039688
[2025-06-03 20:52:14] - Traininng loss : 0.5888372062030186
[2025-06-03 20:52:31] - vali_results: {'mae': 0.28508317470550537, 'mape': 4.171014308929443, 'mse': 0.319061815738678, 'rmse': 0.5648555755615234}
[2025-06-03 20:52:39] - test_results: {'mae': 0.3468834161758423, 'mape': 6.14824914932251, 'mse': 0.4387463629245758, 'rmse': 0.6623793244361877}
[2025-06-03 20:53:18] - Epoch: 40 cost time: 2528.52676987648
[2025-06-03 20:53:18] - Traininng loss : 0.5884549328580378
[2025-06-03 20:53:34] - vali_results: {'mae': 0.28524431586265564, 'mape': 4.129645824432373, 'mse': 0.31993335485458374, 'rmse': 0.5656265020370483}
[2025-06-03 20:53:42] - test_results: {'mae': 0.3467440605163574, 'mape': 6.029478073120117, 'mse': 0.4390683174133301, 'rmse': 0.662622332572937}
[2025-06-03 20:54:21] - Epoch: 41 cost time: 2591.851716041565
[2025-06-03 20:54:21] - Traininng loss : 0.5881732689402496
[2025-06-03 20:54:38] - vali_results: {'mae': 0.28454625606536865, 'mape': 4.094821929931641, 'mse': 0.3196607530117035, 'rmse': 0.5653854608535767}
[2025-06-03 20:54:46] - test_results: {'mae': 0.34592512249946594, 'mape': 5.970305442810059, 'mse': 0.4386977255344391, 'rmse': 0.6623426079750061}
[2025-06-03 20:55:26] - Epoch: 42 cost time: 2656.3432359695435
[2025-06-03 20:55:26] - Traininng loss : 0.5879021073287388
[2025-06-03 20:55:42] - vali_results: {'mae': 0.28506267070770264, 'mape': 4.241195201873779, 'mse': 0.31819987297058105, 'rmse': 0.5640920996665955}
[2025-06-03 20:55:51] - test_results: {'mae': 0.3469456434249878, 'mape': 6.232058048248291, 'mse': 0.43802133202552795, 'rmse': 0.661831796169281}
[2025-06-03 20:56:29] - Epoch: 43 cost time: 2720.1710438728333
[2025-06-03 20:56:29] - Traininng loss : 0.5874001269713245
[2025-06-03 20:56:46] - vali_results: {'mae': 0.285481721162796, 'mape': 4.174570560455322, 'mse': 0.3192727863788605, 'rmse': 0.5650423169136047}
[2025-06-03 20:56:54] - test_results: {'mae': 0.34674185514450073, 'mape': 6.084344387054443, 'mse': 0.43829160928726196, 'rmse': 0.6620359420776367}
[2025-06-03 20:57:33] - Epoch: 44 cost time: 2783.6247260570526
[2025-06-03 20:57:33] - Traininng loss : 0.5871882199277132
[2025-06-03 20:57:49] - vali_results: {'mae': 0.28535690903663635, 'mape': 4.23306131362915, 'mse': 0.31841304898262024, 'rmse': 0.5642809867858887}
[2025-06-03 20:57:57] - test_results: {'mae': 0.3466615378856659, 'mape': 6.213440895080566, 'mse': 0.4378291964530945, 'rmse': 0.6616866588592529}
[2025-06-03 20:58:36] - Epoch: 45 cost time: 2846.6715970039368
[2025-06-03 20:58:36] - Traininng loss : 0.5869772508137953
[2025-06-03 20:58:53] - vali_results: {'mae': 0.28437501192092896, 'mape': 4.198655128479004, 'mse': 0.31803467869758606, 'rmse': 0.5639456510543823}
[2025-06-03 20:59:01] - test_results: {'mae': 0.345989853143692, 'mape': 6.134857177734375, 'mse': 0.43730247020721436, 'rmse': 0.6612884998321533}
[2025-06-03 20:59:40] - Epoch: 46 cost time: 2910.410882472992
[2025-06-03 20:59:40] - Traininng loss : 0.5865569320329116
[2025-06-03 20:59:56] - vali_results: {'mae': 0.2842489182949066, 'mape': 4.1380934715271, 'mse': 0.31847500801086426, 'rmse': 0.5643358826637268}
[2025-06-03 21:00:05] - test_results: {'mae': 0.3465515971183777, 'mape': 6.079477310180664, 'mse': 0.43865057826042175, 'rmse': 0.6623070240020752}
[2025-06-03 21:06:49] - Epoch: 47 cost time: 3339.9869997501373
[2025-06-03 21:06:49] - Traininng loss : 0.586420722888165
[2025-06-03 21:07:05] - vali_results: {'mae': 0.28429362177848816, 'mape': 4.169529438018799, 'mse': 0.31837812066078186, 'rmse': 0.5642500519752502}
[2025-06-03 21:07:14] - test_results: {'mae': 0.3459620177745819, 'mape': 6.110620498657227, 'mse': 0.438014954328537, 'rmse': 0.6618269681930542}
[2025-06-03 21:07:50] - Epoch: 48 cost time: 3401.142926931381
[2025-06-03 21:07:50] - Traininng loss : 0.5863948314980355
[2025-06-03 21:08:07] - vali_results: {'mae': 0.2838529050350189, 'mape': 4.186903476715088, 'mse': 0.3176889419555664, 'rmse': 0.5636390447616577}
[2025-06-03 21:08:15] - test_results: {'mae': 0.3455936014652252, 'mape': 6.132591247558594, 'mse': 0.43720605969429016, 'rmse': 0.661215603351593}
[2025-06-03 21:08:52] - Epoch: 49 cost time: 3462.2563309669495
[2025-06-03 21:08:52] - Traininng loss : 0.5859946057481585
[2025-06-03 21:09:08] - vali_results: {'mae': 0.2837802767753601, 'mape': 4.19891357421875, 'mse': 0.3176388740539551, 'rmse': 0.5635945796966553}
[2025-06-03 21:09:16] - test_results: {'mae': 0.34570086002349854, 'mape': 6.175046920776367, 'mse': 0.437334269285202, 'rmse': 0.6613125205039978}
[2025-06-03 21:09:53] - Epoch: 50 cost time: 3523.3550584316254
[2025-06-03 21:09:53] - Traininng loss : 0.5856977742958583
[2025-06-03 21:10:09] - vali_results: {'mae': 0.2840706706047058, 'mape': 4.140233993530273, 'mse': 0.31844860315322876, 'rmse': 0.5643125176429749}
[2025-06-03 21:10:17] - test_results: {'mae': 0.34536200761795044, 'mape': 6.052034854888916, 'mse': 0.4374142289161682, 'rmse': 0.6613729596138}
[2025-06-03 21:10:54] - Epoch: 51 cost time: 3584.7245302200317
[2025-06-03 21:10:54] - Traininng loss : 0.5855383540420841
[2025-06-03 21:11:10] - vali_results: {'mae': 0.28352054953575134, 'mape': 4.140288352966309, 'mse': 0.31781521439552307, 'rmse': 0.5637510418891907}
[2025-06-03 21:11:19] - test_results: {'mae': 0.34503304958343506, 'mape': 6.068745136260986, 'mse': 0.4369826018810272, 'rmse': 0.6610466241836548}
[2025-06-03 21:11:56] - Epoch: 52 cost time: 3646.6094386577606
[2025-06-03 21:11:56] - Traininng loss : 0.5853726929731446
[2025-06-03 21:12:12] - vali_results: {'mae': 0.28316837549209595, 'mape': 4.1356201171875, 'mse': 0.31762105226516724, 'rmse': 0.5635787844657898}
[2025-06-03 21:12:20] - test_results: {'mae': 0.3445025086402893, 'mape': 6.051940441131592, 'mse': 0.436697393655777, 'rmse': 0.6608308553695679}
[2025-06-03 21:12:57] - Epoch: 53 cost time: 3708.1541283130646
[2025-06-03 21:12:57] - Traininng loss : 0.5850454419449654
[2025-06-03 21:13:13] - vali_results: {'mae': 0.283211886882782, 'mape': 4.126370429992676, 'mse': 0.31798258423805237, 'rmse': 0.5638994574546814}
[2025-06-03 21:13:22] - test_results: {'mae': 0.3446587026119232, 'mape': 6.023584842681885, 'mse': 0.43698200583457947, 'rmse': 0.6610461473464966}
[2025-06-03 21:13:59] - Epoch: 54 cost time: 3769.3469049930573
[2025-06-03 21:13:59] - Traininng loss : 0.5849049425510705
[2025-06-03 21:14:15] - vali_results: {'mae': 0.28340744972229004, 'mape': 4.194693565368652, 'mse': 0.3171955347061157, 'rmse': 0.5632011294364929}
[2025-06-03 21:14:23] - test_results: {'mae': 0.34483426809310913, 'mape': 6.1289262771606445, 'mse': 0.43623295426368713, 'rmse': 0.6604793071746826}
[2025-06-03 21:15:00] - Epoch: 55 cost time: 3830.7521748542786
[2025-06-03 21:15:00] - Traininng loss : 0.5848730645089779
[2025-06-03 21:15:16] - vali_results: {'mae': 0.2835460603237152, 'mape': 4.225991725921631, 'mse': 0.31705403327941895, 'rmse': 0.5630755424499512}
[2025-06-03 21:15:24] - test_results: {'mae': 0.3454987406730652, 'mape': 6.220712184906006, 'mse': 0.4368528425693512, 'rmse': 0.6609484553337097}
[2025-06-03 21:16:01] - Epoch: 56 cost time: 3891.874847173691
[2025-06-03 21:16:01] - Traininng loss : 0.5846998320435578
[2025-06-03 21:16:18] - vali_results: {'mae': 0.2830389440059662, 'mape': 4.187483310699463, 'mse': 0.31701621413230896, 'rmse': 0.5630419254302979}
[2025-06-03 21:16:26] - test_results: {'mae': 0.34499117732048035, 'mape': 6.139355659484863, 'mse': 0.43664923310279846, 'rmse': 0.6607943773269653}
[2025-06-03 21:17:03] - Epoch: 57 cost time: 3953.8580708503723
[2025-06-03 21:17:03] - Traininng loss : 0.5845393567393732
[2025-06-03 21:17:20] - vali_results: {'mae': 0.28287774324417114, 'mape': 4.15557861328125, 'mse': 0.3172261416912079, 'rmse': 0.5632283091545105}
[2025-06-03 21:17:28] - test_results: {'mae': 0.3447355329990387, 'mape': 6.076018333435059, 'mse': 0.4366436004638672, 'rmse': 0.6607901453971863}
[2025-06-03 21:18:05] - Epoch: 58 cost time: 4015.697897672653
[2025-06-03 21:18:05] - Traininng loss : 0.584301778569697
[2025-06-03 21:18:22] - vali_results: {'mae': 0.2830808460712433, 'mape': 4.202498435974121, 'mse': 0.31691810488700867, 'rmse': 0.5629547834396362}
[2025-06-03 21:18:30] - test_results: {'mae': 0.34498709440231323, 'mape': 6.178571701049805, 'mse': 0.43663978576660156, 'rmse': 0.6607872247695923}
[2025-06-03 21:19:06] - Epoch: 59 cost time: 4076.905750513077
[2025-06-03 21:19:06] - Traininng loss : 0.5840981936840356
[2025-06-03 21:19:23] - vali_results: {'mae': 0.28314006328582764, 'mape': 4.156101703643799, 'mse': 0.31701430678367615, 'rmse': 0.5630402565002441}
[2025-06-03 21:19:32] - test_results: {'mae': 0.344801664352417, 'mape': 6.106593132019043, 'mse': 0.4364074766635895, 'rmse': 0.6606114506721497}
[2025-06-03 21:20:10] - Epoch: 60 cost time: 4140.296545267105
[2025-06-03 21:20:10] - Traininng loss : 0.5840199984951482
[2025-06-03 21:20:26] - vali_results: {'mae': 0.2828792631626129, 'mape': 4.197350025177002, 'mse': 0.31646013259887695, 'rmse': 0.5625479221343994}
[2025-06-03 21:20:35] - test_results: {'mae': 0.3446841239929199, 'mape': 6.165958881378174, 'mse': 0.43612974882125854, 'rmse': 0.6604012250900269}
[2025-06-03 21:21:14] - Epoch: 61 cost time: 4204.71520447731
[2025-06-03 21:21:14] - Traininng loss : 0.5839730949414709
[2025-06-03 21:21:30] - vali_results: {'mae': 0.28241467475891113, 'mape': 4.138776779174805, 'mse': 0.3169448971748352, 'rmse': 0.5629785656929016}
[2025-06-03 21:21:39] - test_results: {'mae': 0.3440801501274109, 'mape': 6.070252418518066, 'mse': 0.4362952411174774, 'rmse': 0.6605265140533447}
[2025-06-03 21:22:16] - Epoch: 62 cost time: 4266.834066152573
[2025-06-03 21:22:16] - Traininng loss : 0.5838202863048029
[2025-06-03 21:22:33] - vali_results: {'mae': 0.2822778522968292, 'mape': 4.123342037200928, 'mse': 0.31690332293510437, 'rmse': 0.5629416704177856}
[2025-06-03 21:22:41] - test_results: {'mae': 0.3439575731754303, 'mape': 6.056596279144287, 'mse': 0.436144083738327, 'rmse': 0.660412073135376}
[2025-06-03 21:23:18] - Epoch: 63 cost time: 4329.069415330887
[2025-06-03 21:23:18] - Traininng loss : 0.5835852598886927
[2025-06-03 21:23:34] - vali_results: {'mae': 0.28282490372657776, 'mape': 4.207937240600586, 'mse': 0.3164789080619812, 'rmse': 0.5625645518302917}
[2025-06-03 21:23:43] - test_results: {'mae': 0.3445623219013214, 'mape': 6.153850555419922, 'mse': 0.4359753727912903, 'rmse': 0.6602843403816223}
[2025-06-03 21:24:20] - Epoch: 64 cost time: 4390.638032436371
[2025-06-03 21:24:20] - Traininng loss : 0.5835025522586792
[2025-06-03 21:24:36] - vali_results: {'mae': 0.2826344072818756, 'mape': 4.177565097808838, 'mse': 0.3166550397872925, 'rmse': 0.5627210736274719}
[2025-06-03 21:24:44] - test_results: {'mae': 0.34466663002967834, 'mape': 6.163761615753174, 'mse': 0.43641340732574463, 'rmse': 0.6606159210205078}
[2025-06-03 21:25:21] - Epoch: 65 cost time: 4452.02965426445
[2025-06-03 21:25:21] - Traininng loss : 0.5834423322883256
[2025-06-03 21:25:38] - vali_results: {'mae': 0.28219807147979736, 'mape': 4.106173038482666, 'mse': 0.31704550981521606, 'rmse': 0.5630679726600647}
[2025-06-03 21:25:46] - test_results: {'mae': 0.34384697675704956, 'mape': 6.03723669052124, 'mse': 0.43628036975860596, 'rmse': 0.6605152487754822}
[2025-06-03 21:25:46] - loss no decreased for 5 epochs,  early stopping ....
[2025-06-03 21:25:54] - test_results: {'mae': 0.3446841239929199, 'mape': 6.165958881378174, 'mse': 0.43612974882125854, 'rmse': 0.6604012250900269}
