[2025-06-04 17:34:59] - run : 1 in seed: 3
[2025-06-04 17:34:59] - +-----------------------------------+------------+
|              Modules              | Parameters |
+-----------------------------------+------------+
|     fm.Linear_Seasonal.weight     |   16128    |
|      fm.Linear_Seasonal.bias      |    168     |
|       fm.Linear_Trend.weight      |   16128    |
|        fm.Linear_Trend.bias       |    168     |
|             nm.weight             |    642     |
| nm.model_freq.model_freq.0.weight |    6144    |
|  nm.model_freq.model_freq.0.bias  |     64     |
|  nm.model_freq.model_all.0.weight |   20480    |
|   nm.model_freq.model_all.0.bias  |    128     |
|  nm.model_freq.model_all.2.weight |   21504    |
|   nm.model_freq.model_all.2.bias  |    168     |
| nm.model_pred.model_freq.0.weight |   24576    |
|  nm.model_pred.model_freq.0.bias  |    256     |
|  nm.model_pred.model_all.0.weight |   180224   |
|   nm.model_pred.model_all.0.bias  |    512     |
|  nm.model_pred.model_all.2.weight |   86016    |
|   nm.model_pred.model_all.2.bias  |    168     |
+-----------------------------------+------------+
[2025-06-04 17:34:59] - Total Trainable Params: 373474
[2025-06-04 17:34:59] - model parameters: 373474
[2025-06-04 17:35:23] - Epoch: 1 cost time: 23.59511637687683
[2025-06-04 17:35:23] - Traininng loss : 0.5462618068805043
[2025-06-04 17:35:30] - vali_results: {'mae': 0.27290043234825134, 'mape': 2.3547139167785645, 'mse': 0.17950451374053955, 'rmse': 0.42367973923683167}
[2025-06-04 17:35:35] - test_results: {'mae': 0.27404460310935974, 'mape': 2.980398654937744, 'mse': 0.18390193581581116, 'rmse': 0.4288378953933716}
[2025-06-04 17:35:59] - Epoch: 2 cost time: 59.08456993103027
[2025-06-04 17:35:59] - Traininng loss : 0.41131589493491283
[2025-06-04 17:36:07] - vali_results: {'mae': 0.2670298218727112, 'mape': 2.2869811058044434, 'mse': 0.17597989737987518, 'rmse': 0.41949957609176636}
[2025-06-04 17:36:11] - test_results: {'mae': 0.26662877202033997, 'mape': 2.9128589630126953, 'mse': 0.17883038520812988, 'rmse': 0.42288342118263245}
[2025-06-04 17:36:35] - Epoch: 3 cost time: 95.64989304542542
[2025-06-04 17:36:35] - Traininng loss : 0.40557403930685887
[2025-06-04 17:36:43] - vali_results: {'mae': 0.2669598162174225, 'mape': 2.274097204208374, 'mse': 0.17469191551208496, 'rmse': 0.41796162724494934}
[2025-06-04 17:36:48] - test_results: {'mae': 0.26673033833503723, 'mape': 2.890225648880005, 'mse': 0.17781107127666473, 'rmse': 0.42167648673057556}
[2025-06-04 17:37:12] - Epoch: 4 cost time: 132.88361597061157
[2025-06-04 17:37:12] - Traininng loss : 0.40290584504394467
[2025-06-04 17:37:21] - vali_results: {'mae': 0.2679755687713623, 'mape': 2.307255506515503, 'mse': 0.17417486011981964, 'rmse': 0.4173426032066345}
[2025-06-04 17:37:25] - test_results: {'mae': 0.2690109610557556, 'mape': 2.9175684452056885, 'mse': 0.1783435195684433, 'rmse': 0.4223073720932007}
[2025-06-04 17:37:49] - Epoch: 5 cost time: 169.7822937965393
[2025-06-04 17:37:49] - Traininng loss : 0.4014988249351441
[2025-06-04 17:37:57] - vali_results: {'mae': 0.265893816947937, 'mape': 2.3017239570617676, 'mse': 0.1741783767938614, 'rmse': 0.4173468351364136}
[2025-06-04 17:38:01] - test_results: {'mae': 0.2653912305831909, 'mape': 2.911176919937134, 'mse': 0.1770392656326294, 'rmse': 0.4207603335380554}
[2025-06-04 17:38:25] - Epoch: 6 cost time: 205.63282537460327
[2025-06-04 17:38:25] - Traininng loss : 0.40052669070346253
[2025-06-04 17:38:33] - vali_results: {'mae': 0.26622429490089417, 'mape': 2.3438491821289062, 'mse': 0.17396940290927887, 'rmse': 0.41709640622138977}
[2025-06-04 17:38:38] - test_results: {'mae': 0.26715222001075745, 'mape': 2.943596124649048, 'mse': 0.17790016531944275, 'rmse': 0.42178213596343994}
[2025-06-04 17:39:02] - Epoch: 7 cost time: 242.57353591918945
[2025-06-04 17:39:02] - Traininng loss : 0.3994175796462616
[2025-06-04 17:39:10] - vali_results: {'mae': 0.26588818430900574, 'mape': 2.3364930152893066, 'mse': 0.173112690448761, 'rmse': 0.4160681366920471}
[2025-06-04 17:39:15] - test_results: {'mae': 0.2669292986392975, 'mape': 2.932435989379883, 'mse': 0.17733104526996613, 'rmse': 0.4211069345474243}
[2025-06-04 17:39:39] - Epoch: 8 cost time: 279.1935353279114
[2025-06-04 17:39:39] - Traininng loss : 0.3991548556467177
[2025-06-04 17:39:47] - vali_results: {'mae': 0.26493924856185913, 'mape': 2.3118131160736084, 'mse': 0.1729964166879654, 'rmse': 0.4159283936023712}
[2025-06-04 17:39:51] - test_results: {'mae': 0.2650061547756195, 'mape': 2.9211361408233643, 'mse': 0.17621903121471405, 'rmse': 0.4197845160961151}
[2025-06-04 17:40:15] - Epoch: 9 cost time: 315.58525228500366
[2025-06-04 17:40:15] - Traininng loss : 0.3986356754223226
[2025-06-04 17:40:23] - vali_results: {'mae': 0.26502150297164917, 'mape': 2.2665340900421143, 'mse': 0.17335361242294312, 'rmse': 0.41635754704475403}
[2025-06-04 17:40:28] - test_results: {'mae': 0.26390257477760315, 'mape': 2.878753900527954, 'mse': 0.17607314884662628, 'rmse': 0.4196107089519501}
[2025-06-04 17:40:52] - Epoch: 10 cost time: 352.1884160041809
[2025-06-04 17:40:52] - Traininng loss : 0.398066908121109
[2025-06-04 17:41:00] - vali_results: {'mae': 0.2642483711242676, 'mape': 2.311037302017212, 'mse': 0.17305292189121246, 'rmse': 0.4159963130950928}
[2025-06-04 17:41:04] - test_results: {'mae': 0.26429691910743713, 'mape': 2.906169891357422, 'mse': 0.17602288722991943, 'rmse': 0.4195508062839508}
[2025-06-04 17:41:28] - Epoch: 11 cost time: 388.38345885276794
[2025-06-04 17:41:28] - Traininng loss : 0.3976440783327734
[2025-06-04 17:41:36] - vali_results: {'mae': 0.26491063833236694, 'mape': 2.27354097366333, 'mse': 0.17318646609783173, 'rmse': 0.4161567687988281}
[2025-06-04 17:41:41] - test_results: {'mae': 0.2641371488571167, 'mape': 2.8855199813842773, 'mse': 0.1757282316684723, 'rmse': 0.41919952630996704}
[2025-06-04 17:42:04] - Epoch: 12 cost time: 424.6196072101593
[2025-06-04 17:42:04] - Traininng loss : 0.3976759796726032
[2025-06-04 17:42:12] - vali_results: {'mae': 0.2662884294986725, 'mape': 2.337845802307129, 'mse': 0.17263807356357574, 'rmse': 0.41549739241600037}
[2025-06-04 17:42:17] - test_results: {'mae': 0.2676068842411041, 'mape': 2.91269588470459, 'mse': 0.17696982622146606, 'rmse': 0.4206778109073639}
[2025-06-04 17:42:41] - Epoch: 13 cost time: 461.4073405265808
[2025-06-04 17:42:41] - Traininng loss : 0.3973020182948717
[2025-06-04 17:42:49] - vali_results: {'mae': 0.26552993059158325, 'mape': 2.367130994796753, 'mse': 0.17360655963420868, 'rmse': 0.41666120290756226}
[2025-06-04 17:42:54] - test_results: {'mae': 0.266366571187973, 'mape': 2.960193634033203, 'mse': 0.17743606865406036, 'rmse': 0.42123159766197205}
[2025-06-04 17:43:18] - Epoch: 14 cost time: 498.22566080093384
[2025-06-04 17:43:18] - Traininng loss : 0.39700602729555584
[2025-06-04 17:43:26] - vali_results: {'mae': 0.2666172981262207, 'mape': 2.3552753925323486, 'mse': 0.17321716248989105, 'rmse': 0.4161936640739441}
[2025-06-04 17:43:31] - test_results: {'mae': 0.2681351602077484, 'mape': 2.934635639190674, 'mse': 0.1774815320968628, 'rmse': 0.42128556966781616}
[2025-06-04 17:43:55] - Epoch: 15 cost time: 535.1282131671906
[2025-06-04 17:43:55] - Traininng loss : 0.39671312603102604
[2025-06-04 17:44:03] - vali_results: {'mae': 0.2651832401752472, 'mape': 2.3382375240325928, 'mse': 0.1729099005460739, 'rmse': 0.41582435369491577}
[2025-06-04 17:44:08] - test_results: {'mae': 0.26641371846199036, 'mape': 2.9399704933166504, 'mse': 0.17693082988262177, 'rmse': 0.420631468296051}
[2025-06-04 17:44:32] - Epoch: 16 cost time: 572.4170475006104
[2025-06-04 17:44:32] - Traininng loss : 0.396873358427219
[2025-06-04 17:44:40] - vali_results: {'mae': 0.2640833556652069, 'mape': 2.338315486907959, 'mse': 0.17262126505374908, 'rmse': 0.4154771566390991}
[2025-06-04 17:44:45] - test_results: {'mae': 0.2645200788974762, 'mape': 2.9350497722625732, 'mse': 0.17603182792663574, 'rmse': 0.4195614755153656}
[2025-06-04 17:45:08] - Epoch: 17 cost time: 608.9281101226807
[2025-06-04 17:45:08] - Traininng loss : 0.3969011934815158
[2025-06-04 17:45:16] - vali_results: {'mae': 0.2652473449707031, 'mape': 2.311087131500244, 'mse': 0.1729610413312912, 'rmse': 0.415885865688324}
[2025-06-04 17:45:21] - test_results: {'mae': 0.26543405652046204, 'mape': 2.9244706630706787, 'mse': 0.17624197900295258, 'rmse': 0.41981184482574463}
[2025-06-04 17:45:45] - Epoch: 18 cost time: 645.2192842960358
[2025-06-04 17:45:45] - Traininng loss : 0.3965661945477338
[2025-06-04 17:45:53] - vali_results: {'mae': 0.2664700448513031, 'mape': 2.366544008255005, 'mse': 0.17294923961162567, 'rmse': 0.41587164998054504}
[2025-06-04 17:45:58] - test_results: {'mae': 0.26801174879074097, 'mape': 2.9546477794647217, 'mse': 0.17731395363807678, 'rmse': 0.4210866391658783}
[2025-06-04 17:46:22] - Epoch: 19 cost time: 682.167067527771
[2025-06-04 17:46:22] - Traininng loss : 0.39638750706340226
[2025-06-04 17:46:30] - vali_results: {'mae': 0.265332967042923, 'mape': 2.3226404190063477, 'mse': 0.17215508222579956, 'rmse': 0.4149157404899597}
[2025-06-04 17:46:35] - test_results: {'mae': 0.2662685215473175, 'mape': 2.911067485809326, 'mse': 0.1760959029197693, 'rmse': 0.4196378290653229}
[2025-06-04 17:46:59] - Epoch: 20 cost time: 719.7359189987183
[2025-06-04 17:46:59] - Traininng loss : 0.3962149758573989
[2025-06-04 17:47:07] - vali_results: {'mae': 0.2639469802379608, 'mape': 2.2743873596191406, 'mse': 0.1723528951406479, 'rmse': 0.4151540696620941}
[2025-06-04 17:47:11] - test_results: {'mae': 0.26316386461257935, 'mape': 2.8806488513946533, 'mse': 0.175029456615448, 'rmse': 0.4183652102947235}
[2025-06-04 17:47:35] - Epoch: 21 cost time: 755.6033022403717
[2025-06-04 17:47:35] - Traininng loss : 0.39616771755923685
[2025-06-04 17:47:43] - vali_results: {'mae': 0.26591843366622925, 'mape': 2.347458839416504, 'mse': 0.17306996881961823, 'rmse': 0.4160167872905731}
[2025-06-04 17:47:47] - test_results: {'mae': 0.2668393850326538, 'mape': 2.951585054397583, 'mse': 0.17706044018268585, 'rmse': 0.420785516500473}
[2025-06-04 17:48:11] - Epoch: 22 cost time: 791.5739336013794
[2025-06-04 17:48:11] - Traininng loss : 0.39607707390063246
[2025-06-04 17:48:18] - vali_results: {'mae': 0.26447761058807373, 'mape': 2.331244945526123, 'mse': 0.17194482684135437, 'rmse': 0.41466230154037476}
[2025-06-04 17:48:23] - test_results: {'mae': 0.2653542757034302, 'mape': 2.930778980255127, 'mse': 0.1759287714958191, 'rmse': 0.4194386303424835}
[2025-06-04 17:48:47] - Epoch: 23 cost time: 827.3202922344208
[2025-06-04 17:48:47] - Traininng loss : 0.3958686005166719
[2025-06-04 17:48:54] - vali_results: {'mae': 0.26433098316192627, 'mape': 2.325784683227539, 'mse': 0.1724272221326828, 'rmse': 0.41524356603622437}
[2025-06-04 17:48:58] - test_results: {'mae': 0.2646917700767517, 'mape': 2.903874635696411, 'mse': 0.17569492757320404, 'rmse': 0.41915979981422424}
[2025-06-04 17:49:22] - Epoch: 24 cost time: 862.61598777771
[2025-06-04 17:49:22] - Traininng loss : 0.3958556192966414
[2025-06-04 17:49:29] - vali_results: {'mae': 0.26337310671806335, 'mape': 2.3114051818847656, 'mse': 0.17205274105072021, 'rmse': 0.41479241847991943}
[2025-06-04 17:49:34] - test_results: {'mae': 0.26344412565231323, 'mape': 2.8980462551116943, 'mse': 0.17512504756450653, 'rmse': 0.41847944259643555}
[2025-06-04 17:49:57] - Epoch: 25 cost time: 897.6046297550201
[2025-06-04 17:49:57] - Traininng loss : 0.39581984869191345
[2025-06-04 17:50:05] - vali_results: {'mae': 0.2643110156059265, 'mape': 2.3481862545013428, 'mse': 0.17290686070919037, 'rmse': 0.4158207178115845}
[2025-06-04 17:50:09] - test_results: {'mae': 0.2647545039653778, 'mape': 2.9495909214019775, 'mse': 0.17634648084640503, 'rmse': 0.41993626952171326}
[2025-06-04 17:50:33] - Epoch: 26 cost time: 933.1152853965759
[2025-06-04 17:50:33] - Traininng loss : 0.39583155638735057
[2025-06-04 17:50:40] - vali_results: {'mae': 0.26540544629096985, 'mape': 2.3505663871765137, 'mse': 0.17275267839431763, 'rmse': 0.41563525795936584}
[2025-06-04 17:50:44] - test_results: {'mae': 0.2662604749202728, 'mape': 2.941387414932251, 'mse': 0.17649756371974945, 'rmse': 0.420116126537323}
[2025-06-04 17:51:08] - Epoch: 27 cost time: 968.206001996994
[2025-06-04 17:51:08] - Traininng loss : 0.3955602562973197
[2025-06-04 17:51:15] - vali_results: {'mae': 0.2652743458747864, 'mape': 2.3161063194274902, 'mse': 0.17212727665901184, 'rmse': 0.41488224267959595}
[2025-06-04 17:51:20] - test_results: {'mae': 0.26611587405204773, 'mape': 2.907402753829956, 'mse': 0.17600733041763306, 'rmse': 0.41953226923942566}
[2025-06-04 17:51:20] - loss no decreased for 5 epochs,  early stopping ....
[2025-06-04 17:51:24] - test_results: {'mae': 0.2653542757034302, 'mape': 2.930778980255127, 'mse': 0.1759287714958191, 'rmse': 0.4194386303424835}
