[2025-06-05 14:29:03] - run : 2 in seed: 4
[2025-06-05 14:29:03] - +-----------------------------------+------------+
|              Modules              | Parameters |
+-----------------------------------+------------+
|     fm.Linear_Seasonal.weight     |   69120    |
|      fm.Linear_Seasonal.bias      |    720     |
|       fm.Linear_Trend.weight      |   69120    |
|        fm.Linear_Trend.bias       |    720     |
|             nm.weight             |     14     |
| nm.model_freq.model_freq.0.weight |    6144    |
|  nm.model_freq.model_freq.0.bias  |     64     |
|  nm.model_freq.model_all.0.weight |   20480    |
|   nm.model_freq.model_all.0.bias  |    128     |
|  nm.model_freq.model_all.2.weight |   92160    |
|   nm.model_freq.model_all.2.bias  |    720     |
| nm.model_pred.model_freq.0.weight |   24576    |
|  nm.model_pred.model_freq.0.bias  |    256     |
|  nm.model_pred.model_all.0.weight |   180224   |
|   nm.model_pred.model_all.0.bias  |    512     |
|  nm.model_pred.model_all.2.weight |   368640   |
|   nm.model_pred.model_all.2.bias  |    720     |
+-----------------------------------+------------+
[2025-06-05 14:29:03] - Total Trainable Params: 834318
[2025-06-05 14:29:03] - model parameters: 834318
[2025-06-05 14:30:39] - Epoch: 1 cost time: 96.1767909526825
[2025-06-05 14:30:39] - Traininng loss : 1.0140295833090769
[2025-06-05 14:30:47] - vali_results: {'mae': 0.46784624457359314, 'mape': 2.128765821456909, 'mse': 0.4758642315864563, 'rmse': 0.6898291110992432}
[2025-06-05 14:30:51] - test_results: {'mae': 0.4911327660083771, 'mape': 2.1871232986450195, 'mse': 0.4706399440765381, 'rmse': 0.6860320568084717}
[2025-06-05 14:32:28] - Epoch: 2 cost time: 204.81831622123718
[2025-06-05 14:32:28] - Traininng loss : 0.9693672373105559
[2025-06-05 14:32:35] - vali_results: {'mae': 0.468388170003891, 'mape': 2.0467543601989746, 'mse': 0.4727878272533417, 'rmse': 0.6875956654548645}
[2025-06-05 14:32:39] - test_results: {'mae': 0.49246513843536377, 'mape': 2.0845441818237305, 'mse': 0.4727385342121124, 'rmse': 0.6875598430633545}
[2025-06-05 14:34:16] - Epoch: 3 cost time: 312.9811975955963
[2025-06-05 14:34:16] - Traininng loss : 0.9626634198478892
[2025-06-05 14:34:23] - vali_results: {'mae': 0.47019705176353455, 'mape': 2.029658317565918, 'mse': 0.47495025396347046, 'rmse': 0.6891663670539856}
[2025-06-05 14:34:26] - test_results: {'mae': 0.49662140011787415, 'mape': 2.0785861015319824, 'mse': 0.47927290201187134, 'rmse': 0.6922953724861145}
[2025-06-05 14:36:02] - Epoch: 4 cost time: 419.5055594444275
[2025-06-05 14:36:02] - Traininng loss : 0.9580436931442149
[2025-06-05 14:36:10] - vali_results: {'mae': 0.4675169289112091, 'mape': 2.05557918548584, 'mse': 0.47016459703445435, 'rmse': 0.6856855154037476}
[2025-06-05 14:36:14] - test_results: {'mae': 0.49221211671829224, 'mape': 2.084275722503662, 'mse': 0.47360479831695557, 'rmse': 0.6881895065307617}
[2025-06-05 14:37:49] - Epoch: 5 cost time: 525.8359832763672
[2025-06-05 14:37:49] - Traininng loss : 0.9548546960546304
[2025-06-05 14:37:56] - vali_results: {'mae': 0.4664267897605896, 'mape': 2.056203603744507, 'mse': 0.46933627128601074, 'rmse': 0.6850812435150146}
[2025-06-05 14:38:00] - test_results: {'mae': 0.49220210313796997, 'mape': 2.0898277759552, 'mse': 0.4739016592502594, 'rmse': 0.6884051561355591}
[2025-06-05 14:39:36] - Epoch: 6 cost time: 633.5624551773071
[2025-06-05 14:39:36] - Traininng loss : 0.9526279373833781
[2025-06-05 14:39:44] - vali_results: {'mae': 0.4763830602169037, 'mape': 1.9669175148010254, 'mse': 0.4760363698005676, 'rmse': 0.6899538636207581}
[2025-06-05 14:39:47] - test_results: {'mae': 0.50666344165802, 'mape': 2.016667127609253, 'mse': 0.49199968576431274, 'rmse': 0.7014268636703491}
[2025-06-05 14:41:25] - Epoch: 7 cost time: 742.2041149139404
[2025-06-05 14:41:25] - Traininng loss : 0.9493789506244851
[2025-06-05 14:41:33] - vali_results: {'mae': 0.46895650029182434, 'mape': 2.047579765319824, 'mse': 0.46867743134498596, 'rmse': 0.6846001744270325}
[2025-06-05 14:41:36] - test_results: {'mae': 0.49384742975234985, 'mape': 2.0573770999908447, 'mse': 0.47545549273490906, 'rmse': 0.6895328164100647}
[2025-06-05 14:43:14] - Epoch: 8 cost time: 851.2079479694366
[2025-06-05 14:43:14] - Traininng loss : 0.9477384841147862
[2025-06-05 14:43:22] - vali_results: {'mae': 0.4697566032409668, 'mape': 2.0773777961730957, 'mse': 0.471588671207428, 'rmse': 0.6867231130599976}
[2025-06-05 14:43:26] - test_results: {'mae': 0.4954720139503479, 'mape': 2.1121037006378174, 'mse': 0.47880494594573975, 'rmse': 0.6919573545455933}
[2025-06-05 14:45:02] - Epoch: 9 cost time: 959.3798825740814
[2025-06-05 14:45:02] - Traininng loss : 0.9463454891714436
[2025-06-05 14:45:10] - vali_results: {'mae': 0.4742327332496643, 'mape': 2.0256149768829346, 'mse': 0.473885715007782, 'rmse': 0.6883935928344727}
[2025-06-05 14:45:13] - test_results: {'mae': 0.49748820066452026, 'mape': 2.045844316482544, 'mse': 0.481008917093277, 'rmse': 0.6935480833053589}
[2025-06-05 14:46:52] - Epoch: 10 cost time: 1068.71640086174
[2025-06-05 14:46:52] - Traininng loss : 0.9442556850746363
[2025-06-05 14:46:59] - vali_results: {'mae': 0.46622011065483093, 'mape': 2.0834085941314697, 'mse': 0.4710018038749695, 'rmse': 0.6862956881523132}
[2025-06-05 14:47:04] - test_results: {'mae': 0.4977499842643738, 'mape': 2.1635797023773193, 'mse': 0.48383015394210815, 'rmse': 0.6955789923667908}
[2025-06-05 14:48:39] - Epoch: 11 cost time: 1176.0444960594177
[2025-06-05 14:48:39] - Traininng loss : 0.9430623817157554
[2025-06-05 14:48:46] - vali_results: {'mae': 0.47014743089675903, 'mape': 2.073948621749878, 'mse': 0.47026461362838745, 'rmse': 0.6857584118843079}
[2025-06-05 14:48:50] - test_results: {'mae': 0.4939153492450714, 'mape': 2.1008896827697754, 'mse': 0.4764341413974762, 'rmse': 0.6902421116828918}
[2025-06-05 14:50:28] - Epoch: 12 cost time: 1284.8422620296478
[2025-06-05 14:50:28] - Traininng loss : 0.9414145903956341
[2025-06-05 14:50:35] - vali_results: {'mae': 0.46635663509368896, 'mape': 2.045833110809326, 'mse': 0.46897369623184204, 'rmse': 0.6848165392875671}
[2025-06-05 14:50:39] - test_results: {'mae': 0.4990091919898987, 'mape': 2.123467206954956, 'mse': 0.48444244265556335, 'rmse': 0.6960189938545227}
[2025-06-05 14:50:39] - loss no decreased for 5 epochs,  early stopping ....
[2025-06-05 14:50:42] - test_results: {'mae': 0.49384742975234985, 'mape': 2.0573770999908447, 'mse': 0.47545549273490906, 'rmse': 0.6895328164100647}
