[2025-06-04 18:53:31] - run : 1 in seed: 3
[2025-06-04 18:53:31] - +-----------------------------------+------------+
|              Modules              | Parameters |
+-----------------------------------+------------+
|     fm.Linear_Seasonal.weight     |   32256    |
|      fm.Linear_Seasonal.bias      |    336     |
|       fm.Linear_Trend.weight      |   32256    |
|        fm.Linear_Trend.bias       |    336     |
|             nm.weight             |    642     |
| nm.model_freq.model_freq.0.weight |    6144    |
|  nm.model_freq.model_freq.0.bias  |     64     |
|  nm.model_freq.model_all.0.weight |   20480    |
|   nm.model_freq.model_all.0.bias  |    128     |
|  nm.model_freq.model_all.2.weight |   43008    |
|   nm.model_freq.model_all.2.bias  |    336     |
| nm.model_pred.model_freq.0.weight |   24576    |
|  nm.model_pred.model_freq.0.bias  |    256     |
|  nm.model_pred.model_all.0.weight |   180224   |
|   nm.model_pred.model_all.0.bias  |    512     |
|  nm.model_pred.model_all.2.weight |   172032   |
|   nm.model_pred.model_all.2.bias  |    336     |
+-----------------------------------+------------+
[2025-06-04 18:53:31] - Total Trainable Params: 513922
[2025-06-04 18:53:31] - model parameters: 513922
[2025-06-04 18:54:08] - Epoch: 1 cost time: 36.97106218338013
[2025-06-04 18:54:08] - Traininng loss : 0.6057809007443568
[2025-06-04 18:54:19] - vali_results: {'mae': 0.29407811164855957, 'mape': 2.505563497543335, 'mse': 0.1996839940547943, 'rmse': 0.4468601644039154}
[2025-06-04 18:54:25] - test_results: {'mae': 0.2947251498699188, 'mape': 3.1165590286254883, 'mse': 0.1982453316450119, 'rmse': 0.44524750113487244}
[2025-06-04 18:55:01] - Epoch: 2 cost time: 90.62426495552063
[2025-06-04 18:55:01] - Traininng loss : 0.46305039943961485
[2025-06-04 18:55:13] - vali_results: {'mae': 0.2910293638706207, 'mape': 2.5187954902648926, 'mse': 0.19739380478858948, 'rmse': 0.4442902207374573}
[2025-06-04 18:55:19] - test_results: {'mae': 0.29075080156326294, 'mape': 3.1340816020965576, 'mse': 0.1947416514158249, 'rmse': 0.44129541516304016}
[2025-06-04 18:55:54] - Epoch: 3 cost time: 143.4582347869873
[2025-06-04 18:55:54] - Traininng loss : 0.45755622867375506
[2025-06-04 18:56:05] - vali_results: {'mae': 0.28808116912841797, 'mape': 2.473994255065918, 'mse': 0.1955966353416443, 'rmse': 0.44226309657096863}
[2025-06-04 18:56:11] - test_results: {'mae': 0.28637415170669556, 'mape': 3.077317237854004, 'mse': 0.19199126958847046, 'rmse': 0.43816807866096497}
[2025-06-04 18:56:47] - Epoch: 4 cost time: 196.68566155433655
[2025-06-04 18:56:47] - Traininng loss : 0.45519267844559885
[2025-06-04 18:56:59] - vali_results: {'mae': 0.2880120873451233, 'mape': 2.508772373199463, 'mse': 0.19499541819095612, 'rmse': 0.4415828585624695}
[2025-06-04 18:57:06] - test_results: {'mae': 0.287647008895874, 'mape': 3.096040964126587, 'mse': 0.19199968874454498, 'rmse': 0.4381777048110962}
[2025-06-04 18:57:43] - Epoch: 5 cost time: 252.02775955200195
[2025-06-04 18:57:43] - Traininng loss : 0.4537398519783258
[2025-06-04 18:57:54] - vali_results: {'mae': 0.289321631193161, 'mape': 2.470451831817627, 'mse': 0.1949402242898941, 'rmse': 0.4415203630924225}
[2025-06-04 18:58:01] - test_results: {'mae': 0.28881847858428955, 'mape': 3.048712968826294, 'mse': 0.19192220270633698, 'rmse': 0.4380892515182495}
[2025-06-04 18:58:37] - Epoch: 6 cost time: 306.6396279335022
[2025-06-04 18:58:37] - Traininng loss : 0.452507429911997
[2025-06-04 18:58:48] - vali_results: {'mae': 0.2871019244194031, 'mape': 2.4761157035827637, 'mse': 0.19396646320819855, 'rmse': 0.44041624665260315}
[2025-06-04 18:58:55] - test_results: {'mae': 0.2863389849662781, 'mape': 3.0532593727111816, 'mse': 0.1907113939523697, 'rmse': 0.4367051422595978}
[2025-06-04 18:59:30] - Epoch: 7 cost time: 359.5930712223053
[2025-06-04 18:59:30] - Traininng loss : 0.4517233689378589
[2025-06-04 18:59:42] - vali_results: {'mae': 0.2864469885826111, 'mape': 2.486647129058838, 'mse': 0.19371891021728516, 'rmse': 0.44013509154319763}
[2025-06-04 18:59:49] - test_results: {'mae': 0.28545501828193665, 'mape': 3.0730671882629395, 'mse': 0.190359964966774, 'rmse': 0.4363026022911072}
[2025-06-04 19:00:24] - Epoch: 8 cost time: 413.44099855422974
[2025-06-04 19:00:24] - Traininng loss : 0.4511446320713627
[2025-06-04 19:00:36] - vali_results: {'mae': 0.28701716661453247, 'mape': 2.5274646282196045, 'mse': 0.1936715990304947, 'rmse': 0.4400813579559326}
[2025-06-04 19:00:43] - test_results: {'mae': 0.28658008575439453, 'mape': 3.105232000350952, 'mse': 0.19073909521102905, 'rmse': 0.4367368817329407}
[2025-06-04 19:01:18] - Epoch: 9 cost time: 467.44415855407715
[2025-06-04 19:01:18] - Traininng loss : 0.450588539879093
[2025-06-04 19:01:30] - vali_results: {'mae': 0.2859664261341095, 'mape': 2.5020360946655273, 'mse': 0.1936303824186325, 'rmse': 0.44003453850746155}
[2025-06-04 19:01:36] - test_results: {'mae': 0.28505751490592957, 'mape': 3.075718879699707, 'mse': 0.19024121761322021, 'rmse': 0.4361664950847626}
[2025-06-04 19:02:12] - Epoch: 10 cost time: 521.0010538101196
[2025-06-04 19:02:12] - Traininng loss : 0.4504167500127677
[2025-06-04 19:02:23] - vali_results: {'mae': 0.28562620282173157, 'mape': 2.4818003177642822, 'mse': 0.19359280169010162, 'rmse': 0.43999183177948}
[2025-06-04 19:02:29] - test_results: {'mae': 0.2845320403575897, 'mape': 3.0538973808288574, 'mse': 0.18993696570396423, 'rmse': 0.43581756949424744}
[2025-06-04 19:03:03] - Epoch: 11 cost time: 572.4597380161285
[2025-06-04 19:03:03] - Traininng loss : 0.4499025191594697
[2025-06-04 19:03:14] - vali_results: {'mae': 0.28674525022506714, 'mape': 2.486144781112671, 'mse': 0.19400492310523987, 'rmse': 0.4404599070549011}
[2025-06-04 19:03:20] - test_results: {'mae': 0.2860088646411896, 'mape': 3.0620083808898926, 'mse': 0.1907036304473877, 'rmse': 0.43669626116752625}
[2025-06-04 19:03:55] - Epoch: 12 cost time: 624.4547326564789
[2025-06-04 19:03:55] - Traininng loss : 0.4497722080275682
[2025-06-04 19:04:06] - vali_results: {'mae': 0.2869850993156433, 'mape': 2.427703619003296, 'mse': 0.19480885565280914, 'rmse': 0.4413715600967407}
[2025-06-04 19:04:12] - test_results: {'mae': 0.28391143679618835, 'mape': 3.0280468463897705, 'mse': 0.1904100626707077, 'rmse': 0.4363600015640259}
[2025-06-04 19:04:47] - Epoch: 13 cost time: 676.3305389881134
[2025-06-04 19:04:47] - Traininng loss : 0.4497232657204319
[2025-06-04 19:04:58] - vali_results: {'mae': 0.2875157594680786, 'mape': 2.5419790744781494, 'mse': 0.19349531829357147, 'rmse': 0.43988102674484253}
[2025-06-04 19:05:05] - test_results: {'mae': 0.28765353560447693, 'mape': 3.103713274002075, 'mse': 0.1907971203327179, 'rmse': 0.43680331110954285}
[2025-06-04 19:05:40] - Epoch: 14 cost time: 729.1266767978668
[2025-06-04 19:05:40] - Traininng loss : 0.4493862169387077
[2025-06-04 19:05:51] - vali_results: {'mae': 0.28686320781707764, 'mape': 2.5266568660736084, 'mse': 0.1937238872051239, 'rmse': 0.4401407539844513}
[2025-06-04 19:05:57] - test_results: {'mae': 0.2861360013484955, 'mape': 3.0974936485290527, 'mse': 0.19049453735351562, 'rmse': 0.4364567995071411}
[2025-06-04 19:06:33] - Epoch: 15 cost time: 782.0818912982941
[2025-06-04 19:06:33] - Traininng loss : 0.4491374508023686
[2025-06-04 19:06:44] - vali_results: {'mae': 0.28656578063964844, 'mape': 2.490187644958496, 'mse': 0.19331222772598267, 'rmse': 0.4396728575229645}
[2025-06-04 19:06:50] - test_results: {'mae': 0.2855454087257385, 'mape': 3.0911431312561035, 'mse': 0.19011646509170532, 'rmse': 0.436023473739624}
[2025-06-04 19:07:25] - Epoch: 16 cost time: 834.4163868427277
[2025-06-04 19:07:25] - Traininng loss : 0.44910540874530414
[2025-06-04 19:07:36] - vali_results: {'mae': 0.2852311432361603, 'mape': 2.439551830291748, 'mse': 0.19368326663970947, 'rmse': 0.44009461998939514}
[2025-06-04 19:07:42] - test_results: {'mae': 0.28257063031196594, 'mape': 3.0053751468658447, 'mse': 0.18900777399539948, 'rmse': 0.4347502291202545}
[2025-06-04 19:08:17] - Epoch: 17 cost time: 886.4604642391205
[2025-06-04 19:08:17] - Traininng loss : 0.4490627931212191
[2025-06-04 19:08:29] - vali_results: {'mae': 0.2855103313922882, 'mape': 2.4268264770507812, 'mse': 0.19377823173999786, 'rmse': 0.4402024745941162}
[2025-06-04 19:08:35] - test_results: {'mae': 0.2825286388397217, 'mape': 3.0030441284179688, 'mse': 0.18900667130947113, 'rmse': 0.43474897742271423}
[2025-06-04 19:09:10] - Epoch: 18 cost time: 939.7469811439514
[2025-06-04 19:09:10] - Traininng loss : 0.4487461857099974
[2025-06-04 19:09:22] - vali_results: {'mae': 0.28636178374290466, 'mape': 2.494523525238037, 'mse': 0.19295302033424377, 'rmse': 0.439264178276062}
[2025-06-04 19:09:29] - test_results: {'mae': 0.2857585847377777, 'mape': 3.0522098541259766, 'mse': 0.1896493136882782, 'rmse': 0.43548744916915894}
[2025-06-04 19:10:04] - Epoch: 19 cost time: 993.7270579338074
[2025-06-04 19:10:04] - Traininng loss : 0.448790890466276
[2025-06-04 19:10:16] - vali_results: {'mae': 0.2857202887535095, 'mape': 2.4547312259674072, 'mse': 0.19363120198249817, 'rmse': 0.44003546237945557}
[2025-06-04 19:10:23] - test_results: {'mae': 0.28373560309410095, 'mape': 3.0177736282348633, 'mse': 0.1894582062959671, 'rmse': 0.43526798486709595}
[2025-06-04 19:10:58] - Epoch: 20 cost time: 1047.4504933357239
[2025-06-04 19:10:58] - Traininng loss : 0.4487399266920056
[2025-06-04 19:11:10] - vali_results: {'mae': 0.28599491715431213, 'mape': 2.465282678604126, 'mse': 0.19281522929668427, 'rmse': 0.4391072988510132}
[2025-06-04 19:11:17] - test_results: {'mae': 0.28515857458114624, 'mape': 3.037588119506836, 'mse': 0.18951115012168884, 'rmse': 0.43532878160476685}
[2025-06-04 19:11:52] - Epoch: 21 cost time: 1101.2159523963928
[2025-06-04 19:11:52] - Traininng loss : 0.44853789107443176
[2025-06-04 19:12:03] - vali_results: {'mae': 0.28603866696357727, 'mape': 2.499284267425537, 'mse': 0.19328179955482483, 'rmse': 0.43963825702667236}
[2025-06-04 19:12:10] - test_results: {'mae': 0.28539663553237915, 'mape': 3.0775349140167236, 'mse': 0.18995946645736694, 'rmse': 0.43584340810775757}
[2025-06-04 19:12:45] - Epoch: 22 cost time: 1154.0974135398865
[2025-06-04 19:12:45] - Traininng loss : 0.44835401801027863
[2025-06-04 19:12:57] - vali_results: {'mae': 0.28648361563682556, 'mape': 2.4482645988464355, 'mse': 0.1935134381055832, 'rmse': 0.4399016201496124}
[2025-06-04 19:13:03] - test_results: {'mae': 0.28445130586624146, 'mape': 3.0267832279205322, 'mse': 0.18952935934066772, 'rmse': 0.435349702835083}
[2025-06-04 19:13:38] - Epoch: 23 cost time: 1207.5335881710052
[2025-06-04 19:13:38] - Traininng loss : 0.4483397784924592
[2025-06-04 19:13:50] - vali_results: {'mae': 0.28560197353363037, 'mape': 2.465728998184204, 'mse': 0.19304780662059784, 'rmse': 0.43937206268310547}
[2025-06-04 19:13:56] - test_results: {'mae': 0.2838875651359558, 'mape': 3.033015727996826, 'mse': 0.18902267515659332, 'rmse': 0.43476739525794983}
[2025-06-04 19:14:31] - Epoch: 24 cost time: 1260.420411348343
[2025-06-04 19:14:31] - Traininng loss : 0.4483325970342575
[2025-06-04 19:14:43] - vali_results: {'mae': 0.2874705195426941, 'mape': 2.528048276901245, 'mse': 0.1933244913816452, 'rmse': 0.4396868050098419}
[2025-06-04 19:14:50] - test_results: {'mae': 0.28794190287590027, 'mape': 3.0982930660247803, 'mse': 0.19086909294128418, 'rmse': 0.43688568472862244}
[2025-06-04 19:15:25] - Epoch: 25 cost time: 1314.136568069458
[2025-06-04 19:15:25] - Traininng loss : 0.4483490090459267
[2025-06-04 19:15:36] - vali_results: {'mae': 0.285746306180954, 'mape': 2.51556134223938, 'mse': 0.1932445913553238, 'rmse': 0.43959593772888184}
[2025-06-04 19:15:43] - test_results: {'mae': 0.28519678115844727, 'mape': 3.0974881649017334, 'mse': 0.1901407539844513, 'rmse': 0.43605130910873413}
[2025-06-04 19:15:43] - loss no decreased for 5 epochs,  early stopping ....
[2025-06-04 19:15:49] - test_results: {'mae': 0.28515857458114624, 'mape': 3.037588119506836, 'mse': 0.18951115012168884, 'rmse': 0.43532878160476685}
