[2025-06-05 20:49:12] - run : 3 in seed: 5
[2025-06-05 20:49:12] - +-----------------------------------+------------+
|              Modules              | Parameters |
+-----------------------------------+------------+
|     fm.Linear_Seasonal.weight     |   16128    |
|      fm.Linear_Seasonal.bias      |    168     |
|       fm.Linear_Trend.weight      |   16128    |
|        fm.Linear_Trend.bias       |    168     |
|             nm.weight             |     42     |
| nm.model_freq.model_freq.0.weight |    6144    |
|  nm.model_freq.model_freq.0.bias  |     64     |
|  nm.model_freq.model_all.0.weight |   20480    |
|   nm.model_freq.model_all.0.bias  |    128     |
|  nm.model_freq.model_all.2.weight |   21504    |
|   nm.model_freq.model_all.2.bias  |    168     |
| nm.model_pred.model_freq.0.weight |   24576    |
|  nm.model_pred.model_freq.0.bias  |    256     |
|  nm.model_pred.model_all.0.weight |   180224   |
|   nm.model_pred.model_all.0.bias  |    512     |
|  nm.model_pred.model_all.2.weight |   86016    |
|   nm.model_pred.model_all.2.bias  |    168     |
+-----------------------------------+------------+
[2025-06-05 20:49:12] - Total Trainable Params: 372874
[2025-06-05 20:49:12] - model parameters: 372874
[2025-06-05 20:49:48] - Epoch: 1 cost time: 35.55185079574585
[2025-06-05 20:49:48] - Traininng loss : 1.2238667558374363
[2025-06-05 20:49:53] - vali_results: {'mae': 0.32026949524879456, 'mape': 4.718273639678955, 'mse': 0.3537899851799011, 'rmse': 0.5948024988174438}
[2025-06-05 20:49:57] - test_results: {'mae': 0.25089791417121887, 'mape': 1.4834667444229126, 'mse': 0.22138254344463348, 'rmse': 0.47051307559013367}
[2025-06-05 20:50:32] - Epoch: 2 cost time: 80.08116173744202
[2025-06-05 20:50:32] - Traininng loss : 1.1444408103888732
[2025-06-05 20:50:39] - vali_results: {'mae': 0.3236950635910034, 'mape': 6.138216018676758, 'mse': 0.3522242307662964, 'rmse': 0.5934848189353943}
[2025-06-05 20:50:42] - test_results: {'mae': 0.2539573907852173, 'mape': 1.7185771465301514, 'mse': 0.22261495888233185, 'rmse': 0.4718208909034729}
[2025-06-05 20:51:17] - Epoch: 3 cost time: 124.42097806930542
[2025-06-05 20:51:17] - Traininng loss : 1.1305364754002167
[2025-06-05 20:51:22] - vali_results: {'mae': 0.31976717710494995, 'mape': 5.630807399749756, 'mse': 0.3471579849720001, 'rmse': 0.5892011523246765}
[2025-06-05 20:51:25] - test_results: {'mae': 0.2506333887577057, 'mape': 1.6366084814071655, 'mse': 0.22106188535690308, 'rmse': 0.4701721966266632}
[2025-06-05 20:52:01] - Epoch: 4 cost time: 168.47407174110413
[2025-06-05 20:52:01] - Traininng loss : 1.1220831057910836
[2025-06-05 20:52:06] - vali_results: {'mae': 0.3187711536884308, 'mape': 4.9500508308410645, 'mse': 0.34713003039360046, 'rmse': 0.5891774296760559}
[2025-06-05 20:52:09] - test_results: {'mae': 0.25533655285835266, 'mape': 1.5322842597961426, 'mse': 0.22283759713172913, 'rmse': 0.4720567762851715}
[2025-06-05 20:52:44] - Epoch: 5 cost time: 211.90064549446106
[2025-06-05 20:52:44] - Traininng loss : 1.1177998294996903
[2025-06-05 20:52:50] - vali_results: {'mae': 0.3170663118362427, 'mape': 5.480945587158203, 'mse': 0.3445614278316498, 'rmse': 0.5869935750961304}
[2025-06-05 20:52:53] - test_results: {'mae': 0.25028350949287415, 'mape': 1.6133501529693604, 'mse': 0.21949851512908936, 'rmse': 0.46850669384002686}
[2025-06-05 20:53:29] - Epoch: 6 cost time: 256.48963356018066
[2025-06-05 20:53:29] - Traininng loss : 1.1144239165897454
[2025-06-05 20:53:34] - vali_results: {'mae': 0.3152454197406769, 'mape': 4.774923324584961, 'mse': 0.34114909172058105, 'rmse': 0.5840796828269958}
[2025-06-05 20:53:37] - test_results: {'mae': 0.24744336307048798, 'mape': 1.4880564212799072, 'mse': 0.2174466848373413, 'rmse': 0.4663117825984955}
[2025-06-05 20:54:12] - Epoch: 7 cost time: 299.7909007072449
[2025-06-05 20:54:12] - Traininng loss : 1.1109769494772999
[2025-06-05 20:54:18] - vali_results: {'mae': 0.31735411286354065, 'mape': 4.986686706542969, 'mse': 0.340102881193161, 'rmse': 0.5831834077835083}
[2025-06-05 20:54:21] - test_results: {'mae': 0.2576732039451599, 'mape': 1.5127644538879395, 'mse': 0.219537153840065, 'rmse': 0.46854791045188904}
[2025-06-05 20:54:55] - Epoch: 8 cost time: 343.0463650226593
[2025-06-05 20:54:55] - Traininng loss : 1.1089377559949216
[2025-06-05 20:55:01] - vali_results: {'mae': 0.3171171545982361, 'mape': 4.7696919441223145, 'mse': 0.3358859717845917, 'rmse': 0.5795567035675049}
[2025-06-05 20:55:04] - test_results: {'mae': 0.26027846336364746, 'mape': 1.4708417654037476, 'mse': 0.21942004561424255, 'rmse': 0.46842294931411743}
[2025-06-05 20:55:39] - Epoch: 9 cost time: 386.68103432655334
[2025-06-05 20:55:39] - Traininng loss : 1.1065466345137385
[2025-06-05 20:55:45] - vali_results: {'mae': 0.3148019313812256, 'mape': 5.3757524490356445, 'mse': 0.33837878704071045, 'rmse': 0.5817033648490906}
[2025-06-05 20:55:48] - test_results: {'mae': 0.24845650792121887, 'mape': 1.5860257148742676, 'mse': 0.2160489410161972, 'rmse': 0.46481063961982727}
[2025-06-05 20:56:23] - Epoch: 10 cost time: 430.3605070114136
[2025-06-05 20:56:23] - Traininng loss : 1.104922666664207
[2025-06-05 20:56:28] - vali_results: {'mae': 0.32228749990463257, 'mape': 5.1793365478515625, 'mse': 0.3418268859386444, 'rmse': 0.5846596360206604}
[2025-06-05 20:56:31] - test_results: {'mae': 0.26509058475494385, 'mape': 1.5560660362243652, 'mse': 0.22485996782779694, 'rmse': 0.4741940200328827}
[2025-06-05 20:57:06] - Epoch: 11 cost time: 473.7455704212189
[2025-06-05 20:57:06] - Traininng loss : 1.104229130599176
[2025-06-05 20:57:12] - vali_results: {'mae': 0.3208482265472412, 'mape': 5.194150924682617, 'mse': 0.33768388628959656, 'rmse': 0.5811057686805725}
[2025-06-05 20:57:15] - test_results: {'mae': 0.26874569058418274, 'mape': 1.5493773221969604, 'mse': 0.2238336205482483, 'rmse': 0.4731105864048004}
[2025-06-05 20:57:49] - Epoch: 12 cost time: 517.0787398815155
[2025-06-05 20:57:49] - Traininng loss : 1.1016398365841162
[2025-06-05 20:57:55] - vali_results: {'mae': 0.3125605285167694, 'mape': 4.839949607849121, 'mse': 0.33761894702911377, 'rmse': 0.5810498595237732}
[2025-06-05 20:57:58] - test_results: {'mae': 0.24445028603076935, 'mape': 1.4929580688476562, 'mse': 0.21430222690105438, 'rmse': 0.4629278779029846}
[2025-06-05 20:58:33] - Epoch: 13 cost time: 560.8723027706146
[2025-06-05 20:58:33] - Traininng loss : 1.0998873887624283
[2025-06-05 20:58:39] - vali_results: {'mae': 0.3144911229610443, 'mape': 4.579091548919678, 'mse': 0.33755820989608765, 'rmse': 0.5809975862503052}
[2025-06-05 20:58:42] - test_results: {'mae': 0.2520316541194916, 'mape': 1.4437850713729858, 'mse': 0.21790985763072968, 'rmse': 0.46680817008018494}
[2025-06-05 20:58:42] - loss no decreased for 5 epochs,  early stopping ....
[2025-06-05 20:58:45] - test_results: {'mae': 0.26027846336364746, 'mape': 1.4708417654037476, 'mse': 0.21942004561424255, 'rmse': 0.46842294931411743}
