[2025-05-28 13:13:59] - run : 0 in seed: 1
[2025-05-28 13:13:59] - +-----------------------------------+------------+
|              Modules              | Parameters |
+-----------------------------------+------------+
|     fm.Linear_Seasonal.weight     |   16128    |
|      fm.Linear_Seasonal.bias      |    168     |
|       fm.Linear_Trend.weight      |   16128    |
|        fm.Linear_Trend.bias       |    168     |
|             nm.weight             |    1724    |
| nm.model_freq.model_freq.0.weight |    6144    |
|  nm.model_freq.model_freq.0.bias  |     64     |
|  nm.model_freq.model_all.0.weight |   20480    |
|   nm.model_freq.model_all.0.bias  |    128     |
|  nm.model_freq.model_all.2.weight |   21504    |
|   nm.model_freq.model_all.2.bias  |    168     |
| nm.model_pred.model_freq.0.weight |   24576    |
|  nm.model_pred.model_freq.0.bias  |    256     |
|  nm.model_pred.model_all.0.weight |   180224   |
|   nm.model_pred.model_all.0.bias  |    512     |
|  nm.model_pred.model_all.2.weight |   86016    |
|   nm.model_pred.model_all.2.bias  |    168     |
+-----------------------------------+------------+
[2025-05-28 13:13:59] - Total Trainable Params: 374556
[2025-05-28 13:13:59] - model parameters: 374556
[2025-05-28 13:14:23] - Epoch: 1 cost time: 24.22521209716797
[2025-05-28 13:14:23] - Traininng loss : 0.8918952973599129
[2025-05-28 13:14:33] - vali_results: {'mae': 0.32320794463157654, 'mape': 4.963262557983398, 'mse': 0.362668514251709, 'rmse': 0.6022196412086487}
[2025-05-28 13:14:40] - test_results: {'mae': 0.37562066316604614, 'mape': 8.261649131774902, 'mse': 0.466457337141037, 'rmse': 0.6829768419265747}
[2025-05-28 13:15:04] - Epoch: 2 cost time: 65.30360293388367
[2025-05-28 13:15:04] - Traininng loss : 0.6645097702424577
[2025-05-28 13:15:15] - vali_results: {'mae': 0.30526629090309143, 'mape': 4.757038593292236, 'mse': 0.33979669213294983, 'rmse': 0.5829208493232727}
[2025-05-28 13:15:21] - test_results: {'mae': 0.3601624071598053, 'mape': 7.9415388107299805, 'mse': 0.4466772675514221, 'rmse': 0.668339192867279}
[2025-05-28 13:15:46] - Epoch: 3 cost time: 106.45041251182556
[2025-05-28 13:15:46] - Traininng loss : 0.6347126372634097
[2025-05-28 13:15:56] - vali_results: {'mae': 0.2984139621257782, 'mape': 4.504526615142822, 'mse': 0.3324272334575653, 'rmse': 0.5765650272369385}
[2025-05-28 13:16:03] - test_results: {'mae': 0.35385310649871826, 'mape': 7.429360389709473, 'mse': 0.4400879442691803, 'rmse': 0.6633912324905396}
[2025-05-28 13:16:28] - Epoch: 4 cost time: 148.51286101341248
[2025-05-28 13:16:28] - Traininng loss : 0.6200573438025535
[2025-05-28 13:16:39] - vali_results: {'mae': 0.29410725831985474, 'mape': 4.465074062347412, 'mse': 0.3273395895957947, 'rmse': 0.5721359848976135}
[2025-05-28 13:16:45] - test_results: {'mae': 0.35059985518455505, 'mape': 7.369338512420654, 'mse': 0.43576332926750183, 'rmse': 0.6601237058639526}
[2025-05-28 13:17:10] - Epoch: 5 cost time: 190.54267501831055
[2025-05-28 13:17:10] - Traininng loss : 0.6107546530188398
[2025-05-28 13:17:21] - vali_results: {'mae': 0.2919590175151825, 'mape': 4.35709810256958, 'mse': 0.32561489939689636, 'rmse': 0.5706267356872559}
[2025-05-28 13:17:27] - test_results: {'mae': 0.34823769330978394, 'mape': 7.053239345550537, 'mse': 0.43385881185531616, 'rmse': 0.6586796045303345}
[2025-05-28 13:17:52] - Epoch: 6 cost time: 232.60381317138672
[2025-05-28 13:17:52] - Traininng loss : 0.603355550544059
[2025-05-28 13:18:02] - vali_results: {'mae': 0.2905612587928772, 'mape': 4.484079360961914, 'mse': 0.32180362939834595, 'rmse': 0.5672773718833923}
[2025-05-28 13:18:08] - test_results: {'mae': 0.3478633463382721, 'mape': 7.414986610412598, 'mse': 0.4318065047264099, 'rmse': 0.657119870185852}
[2025-05-28 13:18:32] - Epoch: 7 cost time: 272.7180314064026
[2025-05-28 13:18:32] - Traininng loss : 0.5977718546352488
[2025-05-28 13:18:42] - vali_results: {'mae': 0.28980401158332825, 'mape': 4.387071132659912, 'mse': 0.3213362991809845, 'rmse': 0.5668653249740601}
[2025-05-28 13:18:49] - test_results: {'mae': 0.34634140133857727, 'mape': 7.228516578674316, 'mse': 0.42992517352104187, 'rmse': 0.6556867957115173}
[2025-05-28 13:19:14] - Epoch: 8 cost time: 314.9558093547821
[2025-05-28 13:19:14] - Traininng loss : 0.5934585783075779
[2025-05-28 13:19:25] - vali_results: {'mae': 0.28910455107688904, 'mape': 4.352339267730713, 'mse': 0.3201829493045807, 'rmse': 0.5658470988273621}
[2025-05-28 13:19:32] - test_results: {'mae': 0.34630781412124634, 'mape': 7.214853286743164, 'mse': 0.4298156201839447, 'rmse': 0.6556032299995422}
[2025-05-28 13:19:56] - Epoch: 9 cost time: 356.7365128993988
[2025-05-28 13:19:56] - Traininng loss : 0.5899747763859465
[2025-05-28 13:20:07] - vali_results: {'mae': 0.2870047688484192, 'mape': 4.331550598144531, 'mse': 0.3188309371471405, 'rmse': 0.5646511912345886}
[2025-05-28 13:20:14] - test_results: {'mae': 0.34423449635505676, 'mape': 7.212981700897217, 'mse': 0.42844539880752563, 'rmse': 0.6545574069023132}
[2025-05-28 13:20:38] - Epoch: 10 cost time: 398.5479519367218
[2025-05-28 13:20:38] - Traininng loss : 0.5867345288712927
[2025-05-28 13:20:49] - vali_results: {'mae': 0.28630176186561584, 'mape': 4.352328777313232, 'mse': 0.3172839879989624, 'rmse': 0.5632796883583069}
[2025-05-28 13:20:56] - test_results: {'mae': 0.34437304735183716, 'mape': 7.271920204162598, 'mse': 0.42795300483703613, 'rmse': 0.654181182384491}
[2025-05-28 13:21:20] - Epoch: 11 cost time: 440.47653102874756
[2025-05-28 13:21:20] - Traininng loss : 0.5840402473794654
[2025-05-28 13:21:30] - vali_results: {'mae': 0.2861737012863159, 'mape': 4.354995250701904, 'mse': 0.3171835243701935, 'rmse': 0.5631904602050781}
[2025-05-28 13:21:36] - test_results: {'mae': 0.34391501545906067, 'mape': 7.205665111541748, 'mse': 0.4269696772098541, 'rmse': 0.6534291505813599}
[2025-05-28 13:22:01] - Epoch: 12 cost time: 482.0701472759247
[2025-05-28 13:22:01] - Traininng loss : 0.5817386381169583
[2025-05-28 13:22:12] - vali_results: {'mae': 0.28520721197128296, 'mape': 4.386781692504883, 'mse': 0.3153247833251953, 'rmse': 0.5615378618240356}
[2025-05-28 13:22:19] - test_results: {'mae': 0.3435630798339844, 'mape': 7.290123462677002, 'mse': 0.42627838253974915, 'rmse': 0.652899980545044}
[2025-05-28 13:22:43] - Epoch: 13 cost time: 523.8370151519775
[2025-05-28 13:22:43] - Traininng loss : 0.5798093931789093
[2025-05-28 13:22:53] - vali_results: {'mae': 0.2846556007862091, 'mape': 4.284082412719727, 'mse': 0.3154888153076172, 'rmse': 0.5616838932037354}
[2025-05-28 13:23:00] - test_results: {'mae': 0.34202662110328674, 'mape': 7.006038188934326, 'mse': 0.4249424338340759, 'rmse': 0.6518760919570923}
[2025-05-28 13:23:24] - Epoch: 14 cost time: 565.2082822322845
[2025-05-28 13:23:24] - Traininng loss : 0.5780129147336838
[2025-05-28 13:23:36] - vali_results: {'mae': 0.28318604826927185, 'mape': 4.202105522155762, 'mse': 0.3151892423629761, 'rmse': 0.5614171624183655}
[2025-05-28 13:23:43] - test_results: {'mae': 0.33987945318222046, 'mape': 6.822497367858887, 'mse': 0.42330291867256165, 'rmse': 0.6506173610687256}
[2025-05-28 13:24:10] - Epoch: 15 cost time: 610.818873167038
[2025-05-28 13:24:10] - Traininng loss : 0.5764750124926262
[2025-05-28 13:24:21] - vali_results: {'mae': 0.2829742133617401, 'mape': 4.294862747192383, 'mse': 0.3134573996067047, 'rmse': 0.5598726868629456}
[2025-05-28 13:24:27] - test_results: {'mae': 0.3409130573272705, 'mape': 7.113304615020752, 'mse': 0.42363792657852173, 'rmse': 0.6508747339248657}
[2025-05-28 13:24:52] - Epoch: 16 cost time: 652.7509796619415
[2025-05-28 13:24:52] - Traininng loss : 0.574900617783374
[2025-05-28 13:25:02] - vali_results: {'mae': 0.28349125385284424, 'mape': 4.229243755340576, 'mse': 0.3145689368247986, 'rmse': 0.5608644485473633}
[2025-05-28 13:25:09] - test_results: {'mae': 0.34066054224967957, 'mape': 6.81528377532959, 'mse': 0.42327380180358887, 'rmse': 0.65059494972229}
[2025-05-28 13:25:33] - Epoch: 17 cost time: 693.7817327976227
[2025-05-28 13:25:33] - Traininng loss : 0.5735409895473338
[2025-05-28 13:25:44] - vali_results: {'mae': 0.2825889587402344, 'mape': 4.307974338531494, 'mse': 0.3126813471317291, 'rmse': 0.5591791868209839}
[2025-05-28 13:25:51] - test_results: {'mae': 0.34022435545921326, 'mape': 7.0450239181518555, 'mse': 0.4221031665802002, 'rmse': 0.6496946811676025}
[2025-05-28 13:26:15] - Epoch: 18 cost time: 736.0661971569061
[2025-05-28 13:26:15] - Traininng loss : 0.5724008604884148
[2025-05-28 13:26:27] - vali_results: {'mae': 0.2822836637496948, 'mape': 4.309112071990967, 'mse': 0.31229814887046814, 'rmse': 0.5588364005088806}
[2025-05-28 13:26:34] - test_results: {'mae': 0.34020957350730896, 'mape': 7.038416862487793, 'mse': 0.42215627431869507, 'rmse': 0.6497355699539185}
[2025-05-28 13:26:58] - Epoch: 19 cost time: 778.3206996917725
[2025-05-28 13:26:58] - Traininng loss : 0.571359117772985
[2025-05-28 13:27:10] - vali_results: {'mae': 0.28229042887687683, 'mape': 4.31650447845459, 'mse': 0.31174567341804504, 'rmse': 0.558341920375824}
[2025-05-28 13:27:16] - test_results: {'mae': 0.3402063548564911, 'mape': 7.030638217926025, 'mse': 0.4217323660850525, 'rmse': 0.6494092345237732}
[2025-05-28 13:27:42] - Epoch: 20 cost time: 822.31760430336
[2025-05-28 13:27:42] - Traininng loss : 0.5701336976378522
[2025-05-28 13:27:52] - vali_results: {'mae': 0.2815956175327301, 'mape': 4.291844367980957, 'mse': 0.311481237411499, 'rmse': 0.5581050515174866}
[2025-05-28 13:27:58] - test_results: {'mae': 0.3390040993690491, 'mape': 7.0490546226501465, 'mse': 0.4201955199241638, 'rmse': 0.6482248902320862}
[2025-05-28 13:28:22] - Epoch: 21 cost time: 862.4826755523682
[2025-05-28 13:28:22] - Traininng loss : 0.5691853780695733
[2025-05-28 13:28:32] - vali_results: {'mae': 0.28136947751045227, 'mape': 4.218388080596924, 'mse': 0.31183743476867676, 'rmse': 0.5584240555763245}
[2025-05-28 13:28:39] - test_results: {'mae': 0.3383466303348541, 'mape': 6.818639278411865, 'mse': 0.42009127140045166, 'rmse': 0.6481444835662842}
[2025-05-28 13:29:03] - Epoch: 22 cost time: 903.7145228385925
[2025-05-28 13:29:03] - Traininng loss : 0.5684708264913965
[2025-05-28 13:29:13] - vali_results: {'mae': 0.2811431586742401, 'mape': 4.141739368438721, 'mse': 0.3125549256801605, 'rmse': 0.559066116809845}
[2025-05-28 13:29:20] - test_results: {'mae': 0.3382458984851837, 'mape': 6.649473667144775, 'mse': 0.42092812061309814, 'rmse': 0.6487897634506226}
[2025-05-28 13:29:44] - Epoch: 23 cost time: 944.3857429027557
[2025-05-28 13:29:44] - Traininng loss : 0.5676257668974551
[2025-05-28 13:29:54] - vali_results: {'mae': 0.2816949784755707, 'mape': 4.354887962341309, 'mse': 0.3099486827850342, 'rmse': 0.556730329990387}
[2025-05-28 13:30:01] - test_results: {'mae': 0.33948779106140137, 'mape': 7.149257183074951, 'mse': 0.4195721447467804, 'rmse': 0.6477438807487488}
[2025-05-28 13:30:25] - Epoch: 24 cost time: 985.7378487586975
[2025-05-28 13:30:25] - Traininng loss : 0.566825547592437
[2025-05-28 13:30:36] - vali_results: {'mae': 0.2808445692062378, 'mape': 4.263155460357666, 'mse': 0.3107031285762787, 'rmse': 0.5574074983596802}
[2025-05-28 13:30:43] - test_results: {'mae': 0.3385242819786072, 'mape': 6.939014911651611, 'mse': 0.41967928409576416, 'rmse': 0.647826611995697}
[2025-05-28 13:31:08] - Epoch: 25 cost time: 1028.4145715236664
[2025-05-28 13:31:08] - Traininng loss : 0.566048780812862
[2025-05-28 13:31:18] - vali_results: {'mae': 0.280255526304245, 'mape': 4.269438743591309, 'mse': 0.30950120091438293, 'rmse': 0.556328296661377}
[2025-05-28 13:31:24] - test_results: {'mae': 0.33810389041900635, 'mape': 6.939891815185547, 'mse': 0.4189266860485077, 'rmse': 0.647245466709137}
[2025-05-28 13:31:49] - Epoch: 26 cost time: 1070.1007449626923
[2025-05-28 13:31:49] - Traininng loss : 0.5653030170088119
[2025-05-28 13:32:00] - vali_results: {'mae': 0.2807089388370514, 'mape': 4.302975177764893, 'mse': 0.3094901442527771, 'rmse': 0.5563184022903442}
[2025-05-28 13:32:07] - test_results: {'mae': 0.3381587862968445, 'mape': 7.005805969238281, 'mse': 0.41828230023384094, 'rmse': 0.6467474699020386}
[2025-05-28 13:32:32] - Epoch: 27 cost time: 1113.025991678238
[2025-05-28 13:32:32] - Traininng loss : 0.5647407903316173
[2025-05-28 13:32:44] - vali_results: {'mae': 0.27933311462402344, 'mape': 4.253215789794922, 'mse': 0.3091445565223694, 'rmse': 0.5560076832771301}
[2025-05-28 13:32:50] - test_results: {'mae': 0.3370748460292816, 'mape': 6.9221510887146, 'mse': 0.41858237981796265, 'rmse': 0.6469794511795044}
[2025-05-28 13:33:14] - Epoch: 28 cost time: 1155.2653677463531
[2025-05-28 13:33:14] - Traininng loss : 0.5641278664165355
[2025-05-28 13:33:25] - vali_results: {'mae': 0.2793448269367218, 'mape': 4.245290756225586, 'mse': 0.30892059206962585, 'rmse': 0.5558062791824341}
[2025-05-28 13:33:31] - test_results: {'mae': 0.3369608521461487, 'mape': 6.881117343902588, 'mse': 0.41776415705680847, 'rmse': 0.6463468074798584}
[2025-05-28 13:33:55] - Epoch: 29 cost time: 1195.9984865188599
[2025-05-28 13:33:55] - Traininng loss : 0.5635423083254631
[2025-05-28 13:34:05] - vali_results: {'mae': 0.27955108880996704, 'mape': 4.290943145751953, 'mse': 0.30856484174728394, 'rmse': 0.5554861426353455}
[2025-05-28 13:34:11] - test_results: {'mae': 0.33719736337661743, 'mape': 6.967594623565674, 'mse': 0.417433500289917, 'rmse': 0.6460909247398376}
[2025-05-28 13:34:36] - Epoch: 30 cost time: 1237.1776194572449
[2025-05-28 13:34:36] - Traininng loss : 0.5630370453000069
[2025-05-28 13:34:47] - vali_results: {'mae': 0.2787153720855713, 'mape': 4.154104232788086, 'mse': 0.309193879365921, 'rmse': 0.556052029132843}
[2025-05-28 13:34:53] - test_results: {'mae': 0.33560988306999207, 'mape': 6.709726810455322, 'mse': 0.4168369770050049, 'rmse': 0.6456291079521179}
[2025-05-28 13:35:18] - Epoch: 31 cost time: 1278.3585431575775
[2025-05-28 13:35:18] - Traininng loss : 0.5624250152960737
[2025-05-28 13:35:28] - vali_results: {'mae': 0.28003865480422974, 'mape': 4.342745780944824, 'mse': 0.3077790141105652, 'rmse': 0.5547783374786377}
[2025-05-28 13:35:34] - test_results: {'mae': 0.3384963274002075, 'mape': 7.125171661376953, 'mse': 0.4180153012275696, 'rmse': 0.6465409994125366}
[2025-05-28 13:35:59] - Epoch: 32 cost time: 1319.447729587555
[2025-05-28 13:35:59] - Traininng loss : 0.5620072653636019
[2025-05-28 13:36:10] - vali_results: {'mae': 0.27918970584869385, 'mape': 4.2534403800964355, 'mse': 0.307925283908844, 'rmse': 0.5549101829528809}
[2025-05-28 13:36:17] - test_results: {'mae': 0.33653900027275085, 'mape': 6.8571906089782715, 'mse': 0.41659295558929443, 'rmse': 0.6454401016235352}
[2025-05-28 13:36:41] - Epoch: 33 cost time: 1362.1791310310364
[2025-05-28 13:36:41] - Traininng loss : 0.5615678258398746
[2025-05-28 13:36:52] - vali_results: {'mae': 0.27846094965934753, 'mape': 4.255216121673584, 'mse': 0.3075609505176544, 'rmse': 0.5545817613601685}
[2025-05-28 13:36:59] - test_results: {'mae': 0.336284875869751, 'mape': 6.90757942199707, 'mse': 0.41667288541793823, 'rmse': 0.6455020308494568}
[2025-05-28 13:37:25] - Epoch: 34 cost time: 1406.2205641269684
[2025-05-28 13:37:25] - Traininng loss : 0.5610061160268935
[2025-05-28 13:37:37] - vali_results: {'mae': 0.2783691883087158, 'mape': 4.227545738220215, 'mse': 0.30782029032707214, 'rmse': 0.5548155307769775}
[2025-05-28 13:37:45] - test_results: {'mae': 0.3359008729457855, 'mape': 6.864071369171143, 'mse': 0.4164753258228302, 'rmse': 0.6453489661216736}
[2025-05-28 13:38:11] - Epoch: 35 cost time: 1452.0885305404663
[2025-05-28 13:38:11] - Traininng loss : 0.5607650920431665
[2025-05-28 13:38:22] - vali_results: {'mae': 0.2784813344478607, 'mape': 4.260807514190674, 'mse': 0.30731648206710815, 'rmse': 0.5543613433837891}
[2025-05-28 13:38:29] - test_results: {'mae': 0.3370227515697479, 'mape': 6.968085289001465, 'mse': 0.4172712564468384, 'rmse': 0.6459653973579407}
[2025-05-28 13:38:53] - Epoch: 36 cost time: 1494.2604117393494
[2025-05-28 13:38:53] - Traininng loss : 0.5602416305782947
[2025-05-28 13:39:05] - vali_results: {'mae': 0.27789148688316345, 'mape': 4.135796546936035, 'mse': 0.3079465627670288, 'rmse': 0.5549293160438538}
[2025-05-28 13:39:12] - test_results: {'mae': 0.3345125615596771, 'mape': 6.642519474029541, 'mse': 0.41523757576942444, 'rmse': 0.6443893313407898}
[2025-05-28 13:39:37] - Epoch: 37 cost time: 1538.186764240265
[2025-05-28 13:39:37] - Traininng loss : 0.5598930500923319
[2025-05-28 13:39:49] - vali_results: {'mae': 0.2780776619911194, 'mape': 4.2428507804870605, 'mse': 0.30703678727149963, 'rmse': 0.5541089773178101}
[2025-05-28 13:39:56] - test_results: {'mae': 0.3361417353153229, 'mape': 6.92863655090332, 'mse': 0.41642671823501587, 'rmse': 0.6453113555908203}
[2025-05-28 13:40:21] - Epoch: 38 cost time: 1581.5855915546417
[2025-05-28 13:40:21] - Traininng loss : 0.5595050861543798
[2025-05-28 13:40:32] - vali_results: {'mae': 0.27796605229377747, 'mape': 4.24381685256958, 'mse': 0.3067026734352112, 'rmse': 0.5538074374198914}
[2025-05-28 13:40:38] - test_results: {'mae': 0.33635470271110535, 'mape': 6.904628753662109, 'mse': 0.4165540635585785, 'rmse': 0.6454100012779236}
[2025-05-28 13:41:04] - Epoch: 39 cost time: 1624.4174315929413
[2025-05-28 13:41:04] - Traininng loss : 0.5592187890347015
[2025-05-28 13:41:14] - vali_results: {'mae': 0.27752113342285156, 'mape': 4.265854358673096, 'mse': 0.3065517544746399, 'rmse': 0.5536711812019348}
[2025-05-28 13:41:21] - test_results: {'mae': 0.3354038894176483, 'mape': 6.893056392669678, 'mse': 0.41601401567459106, 'rmse': 0.6449914574623108}
[2025-05-28 13:41:46] - Epoch: 40 cost time: 1666.5369520187378
[2025-05-28 13:41:46] - Traininng loss : 0.5586951097592394
[2025-05-28 13:41:57] - vali_results: {'mae': 0.27790212631225586, 'mape': 4.259645462036133, 'mse': 0.30648571252822876, 'rmse': 0.5536115169525146}
[2025-05-28 13:42:03] - test_results: {'mae': 0.33576980233192444, 'mape': 6.958703994750977, 'mse': 0.4156774878501892, 'rmse': 0.6447305679321289}
[2025-05-28 13:42:28] - Epoch: 41 cost time: 1709.227383852005
[2025-05-28 13:42:28] - Traininng loss : 0.5585120513718179
[2025-05-28 13:42:41] - vali_results: {'mae': 0.2772548496723175, 'mape': 4.246892929077148, 'mse': 0.30605971813201904, 'rmse': 0.5532266497612}
[2025-05-28 13:42:48] - test_results: {'mae': 0.3353203237056732, 'mape': 6.91682767868042, 'mse': 0.4156161844730377, 'rmse': 0.6446830034255981}
[2025-05-28 13:43:13] - Epoch: 42 cost time: 1754.1569545269012
[2025-05-28 13:43:13] - Traininng loss : 0.5581589691499447
[2025-05-28 13:43:24] - vali_results: {'mae': 0.27700868248939514, 'mape': 4.216068267822266, 'mse': 0.30632102489471436, 'rmse': 0.5534627437591553}
[2025-05-28 13:43:31] - test_results: {'mae': 0.3346104919910431, 'mape': 6.836576461791992, 'mse': 0.4151078164577484, 'rmse': 0.6442885994911194}
[2025-05-28 13:43:56] - Epoch: 43 cost time: 1797.237016916275
[2025-05-28 13:43:56] - Traininng loss : 0.5578511422301861
[2025-05-28 13:44:07] - vali_results: {'mae': 0.27753913402557373, 'mape': 4.273057460784912, 'mse': 0.30626219511032104, 'rmse': 0.5534096360206604}
[2025-05-28 13:44:13] - test_results: {'mae': 0.33545181155204773, 'mape': 6.930673599243164, 'mse': 0.41568848490715027, 'rmse': 0.6447390913963318}
[2025-05-28 13:44:39] - Epoch: 44 cost time: 1839.355759382248
[2025-05-28 13:44:39] - Traininng loss : 0.5576390242005916
[2025-05-28 13:44:49] - vali_results: {'mae': 0.27697473764419556, 'mape': 4.211656093597412, 'mse': 0.30607870221138, 'rmse': 0.5532438158988953}
[2025-05-28 13:44:56] - test_results: {'mae': 0.334358811378479, 'mape': 6.828772068023682, 'mse': 0.4144468903541565, 'rmse': 0.6437755227088928}
[2025-05-28 13:45:21] - Epoch: 45 cost time: 1881.5240828990936
[2025-05-28 13:45:21] - Traininng loss : 0.5572831228058389
[2025-05-28 13:45:33] - vali_results: {'mae': 0.27662667632102966, 'mape': 4.263819217681885, 'mse': 0.30547022819519043, 'rmse': 0.5526936054229736}
[2025-05-28 13:45:39] - test_results: {'mae': 0.3348877429962158, 'mape': 6.922231674194336, 'mse': 0.41503167152404785, 'rmse': 0.644229531288147}
[2025-05-28 13:46:04] - Epoch: 46 cost time: 1924.4844570159912
[2025-05-28 13:46:04] - Traininng loss : 0.5570367072966504
[2025-05-28 13:46:15] - vali_results: {'mae': 0.27647459506988525, 'mape': 4.171494483947754, 'mse': 0.306170254945755, 'rmse': 0.5533265471458435}
[2025-05-28 13:46:21] - test_results: {'mae': 0.33369117975234985, 'mape': 6.754873752593994, 'mse': 0.4141491949558258, 'rmse': 0.6435442566871643}
[2025-05-28 13:46:46] - Epoch: 47 cost time: 1967.250519990921
[2025-05-28 13:46:46] - Traininng loss : 0.5567504388696336
[2025-05-28 13:46:57] - vali_results: {'mae': 0.2767547070980072, 'mape': 4.275284767150879, 'mse': 0.3053275942802429, 'rmse': 0.5525645613670349}
[2025-05-28 13:47:03] - test_results: {'mae': 0.33476772904396057, 'mape': 6.93253231048584, 'mse': 0.4146980941295624, 'rmse': 0.6439705491065979}
[2025-05-28 13:47:28] - Epoch: 48 cost time: 2009.2906730175018
[2025-05-28 13:47:28] - Traininng loss : 0.5565940493598898
[2025-05-28 13:47:39] - vali_results: {'mae': 0.2765006422996521, 'mape': 4.258166313171387, 'mse': 0.3051794767379761, 'rmse': 0.5524305105209351}
[2025-05-28 13:47:46] - test_results: {'mae': 0.334053635597229, 'mape': 6.90885591506958, 'mse': 0.4139763414859772, 'rmse': 0.6434099078178406}
[2025-05-28 13:48:11] - Epoch: 49 cost time: 2051.9135427474976
[2025-05-28 13:48:11] - Traininng loss : 0.5562519855955814
[2025-05-28 13:48:22] - vali_results: {'mae': 0.27588409185409546, 'mape': 4.155412197113037, 'mse': 0.305860698223114, 'rmse': 0.5530467629432678}
[2025-05-28 13:48:28] - test_results: {'mae': 0.3336647152900696, 'mape': 6.737176895141602, 'mse': 0.41446688771247864, 'rmse': 0.6437910199165344}
[2025-05-28 13:48:53] - Epoch: 50 cost time: 2093.8715558052063
[2025-05-28 13:48:53] - Traininng loss : 0.5560321486059655
[2025-05-28 13:49:06] - vali_results: {'mae': 0.27588844299316406, 'mape': 4.142933368682861, 'mse': 0.30592334270477295, 'rmse': 0.5531033873558044}
[2025-05-28 13:49:12] - test_results: {'mae': 0.3336676359176636, 'mape': 6.751637935638428, 'mse': 0.41443270444869995, 'rmse': 0.6437644958496094}
[2025-05-28 13:49:37] - Epoch: 51 cost time: 2137.9311196804047
[2025-05-28 13:49:37] - Traininng loss : 0.5558633870900945
[2025-05-28 13:49:48] - vali_results: {'mae': 0.2762483060359955, 'mape': 4.2524871826171875, 'mse': 0.30486059188842773, 'rmse': 0.5521418452262878}
[2025-05-28 13:49:55] - test_results: {'mae': 0.33402004837989807, 'mape': 6.932044506072998, 'mse': 0.4137438237667084, 'rmse': 0.6432291865348816}
[2025-05-28 13:50:20] - Epoch: 52 cost time: 2180.9949016571045
[2025-05-28 13:50:20] - Traininng loss : 0.5555992031351049
[2025-05-28 13:50:31] - vali_results: {'mae': 0.2756041884422302, 'mape': 4.2179036140441895, 'mse': 0.3048548996448517, 'rmse': 0.5521366596221924}
[2025-05-28 13:50:38] - test_results: {'mae': 0.3332696557044983, 'mape': 6.86256742477417, 'mse': 0.4134899079799652, 'rmse': 0.6430318355560303}
[2025-05-28 13:51:03] - Epoch: 53 cost time: 2223.6766498088837
[2025-05-28 13:51:03] - Traininng loss : 0.5554492219172894
[2025-05-28 13:51:14] - vali_results: {'mae': 0.27560925483703613, 'mape': 4.192852973937988, 'mse': 0.30498629808425903, 'rmse': 0.5522556304931641}
[2025-05-28 13:51:20] - test_results: {'mae': 0.3334687352180481, 'mape': 6.840156078338623, 'mse': 0.4138840436935425, 'rmse': 0.6433382034301758}
[2025-05-28 13:51:46] - Epoch: 54 cost time: 2266.326711177826
[2025-05-28 13:51:46] - Traininng loss : 0.5551482016577366
[2025-05-28 13:51:57] - vali_results: {'mae': 0.2760056257247925, 'mape': 4.213029861450195, 'mse': 0.30517908930778503, 'rmse': 0.5524301528930664}
[2025-05-28 13:52:04] - test_results: {'mae': 0.33385133743286133, 'mape': 6.831238269805908, 'mse': 0.4141143560409546, 'rmse': 0.6435171961784363}
[2025-05-28 13:52:28] - Epoch: 55 cost time: 2308.847884654999
[2025-05-28 13:52:28] - Traininng loss : 0.554943324562083
[2025-05-28 13:52:39] - vali_results: {'mae': 0.27571994066238403, 'mape': 4.2017693519592285, 'mse': 0.30490997433662415, 'rmse': 0.5521865487098694}
[2025-05-28 13:52:46] - test_results: {'mae': 0.33329054713249207, 'mape': 6.797584056854248, 'mse': 0.41359472274780273, 'rmse': 0.6431133151054382}
[2025-05-28 13:53:11] - Epoch: 56 cost time: 2352.167690515518
[2025-05-28 13:53:11] - Traininng loss : 0.5547445272194579
[2025-05-28 13:53:22] - vali_results: {'mae': 0.2756793797016144, 'mape': 4.244369983673096, 'mse': 0.30453190207481384, 'rmse': 0.5518441200256348}
[2025-05-28 13:53:29] - test_results: {'mae': 0.33352041244506836, 'mape': 6.9412617683410645, 'mse': 0.41343533992767334, 'rmse': 0.6429893970489502}
[2025-05-28 13:53:54] - Epoch: 57 cost time: 2394.67742395401
[2025-05-28 13:53:54] - Traininng loss : 0.5547067636346563
[2025-05-28 13:54:05] - vali_results: {'mae': 0.27546536922454834, 'mape': 4.257131576538086, 'mse': 0.3040933609008789, 'rmse': 0.5514466166496277}
[2025-05-28 13:54:11] - test_results: {'mae': 0.33356717228889465, 'mape': 6.964204788208008, 'mse': 0.4135968089103699, 'rmse': 0.6431149244308472}
[2025-05-28 13:54:37] - Epoch: 58 cost time: 2437.6564650535583
[2025-05-28 13:54:37] - Traininng loss : 0.554370429842396
[2025-05-28 13:54:48] - vali_results: {'mae': 0.27530062198638916, 'mape': 4.196496486663818, 'mse': 0.304415762424469, 'rmse': 0.5517388582229614}
[2025-05-28 13:54:55] - test_results: {'mae': 0.33318644762039185, 'mape': 6.828481674194336, 'mse': 0.41349852085113525, 'rmse': 0.6430385112762451}
[2025-05-28 13:55:19] - Epoch: 59 cost time: 2480.2431211471558
[2025-05-28 13:55:19] - Traininng loss : 0.5542654150978048
[2025-05-28 13:55:31] - vali_results: {'mae': 0.27501460909843445, 'mape': 4.181074619293213, 'mse': 0.3042660355567932, 'rmse': 0.5516031384468079}
[2025-05-28 13:55:38] - test_results: {'mae': 0.3327171504497528, 'mape': 6.834511756896973, 'mse': 0.41306862235069275, 'rmse': 0.6427041292190552}
[2025-05-28 13:56:03] - Epoch: 60 cost time: 2524.187100172043
[2025-05-28 13:56:03] - Traininng loss : 0.554115799830315
[2025-05-28 13:56:14] - vali_results: {'mae': 0.27491652965545654, 'mape': 4.205522060394287, 'mse': 0.3042946457862854, 'rmse': 0.5516290664672852}
[2025-05-28 13:56:21] - test_results: {'mae': 0.33296889066696167, 'mape': 6.866358757019043, 'mse': 0.41328907012939453, 'rmse': 0.642875611782074}
[2025-05-28 13:56:46] - Epoch: 61 cost time: 2566.9993646144867
[2025-05-28 13:56:46] - Traininng loss : 0.5539663747904149
[2025-05-28 13:56:57] - vali_results: {'mae': 0.27446839213371277, 'mape': 4.163057327270508, 'mse': 0.3043214976787567, 'rmse': 0.5516534447669983}
[2025-05-28 13:57:04] - test_results: {'mae': 0.33201131224632263, 'mape': 6.782506465911865, 'mse': 0.412656307220459, 'rmse': 0.6423832774162292}
[2025-05-28 13:57:28] - Epoch: 62 cost time: 2609.1770343780518
[2025-05-28 13:57:28] - Traininng loss : 0.5537333830874017
[2025-05-28 13:57:39] - vali_results: {'mae': 0.275180846452713, 'mape': 4.231156349182129, 'mse': 0.3041784465312958, 'rmse': 0.551523745059967}
[2025-05-28 13:57:46] - test_results: {'mae': 0.33288413286209106, 'mape': 6.869497299194336, 'mse': 0.41276293992996216, 'rmse': 0.6424663066864014}
[2025-05-28 13:57:46] - loss no decreased for 5 epochs,  early stopping ....
[2025-05-28 13:57:53] - test_results: {'mae': 0.33356717228889465, 'mape': 6.964204788208008, 'mse': 0.4135968089103699, 'rmse': 0.6431149244308472}
