[2025-06-03 23:36:24] - run : 3 in seed: 5
[2025-06-03 23:36:24] - +-----------------------------------+------------+
|              Modules              | Parameters |
+-----------------------------------+------------+
|     fm.Linear_Seasonal.weight     |   32256    |
|      fm.Linear_Seasonal.bias      |    336     |
|       fm.Linear_Trend.weight      |   32256    |
|        fm.Linear_Trend.bias       |    336     |
|             nm.weight             |    1724    |
| nm.model_freq.model_freq.0.weight |    6144    |
|  nm.model_freq.model_freq.0.bias  |     64     |
|  nm.model_freq.model_all.0.weight |   20480    |
|   nm.model_freq.model_all.0.bias  |    128     |
|  nm.model_freq.model_all.2.weight |   43008    |
|   nm.model_freq.model_all.2.bias  |    336     |
| nm.model_pred.model_freq.0.weight |   24576    |
|  nm.model_pred.model_freq.0.bias  |    256     |
|  nm.model_pred.model_all.0.weight |   180224   |
|   nm.model_pred.model_all.0.bias  |    512     |
|  nm.model_pred.model_all.2.weight |   172032   |
|   nm.model_pred.model_all.2.bias  |    336     |
+-----------------------------------+------------+
[2025-06-03 23:36:24] - Total Trainable Params: 515004
[2025-06-03 23:36:24] - model parameters: 515004
[2025-06-03 23:37:01] - Epoch: 1 cost time: 36.67687511444092
[2025-06-03 23:37:01] - Traininng loss : 0.9228601359292825
[2025-06-03 23:37:16] - vali_results: {'mae': 0.33228227496147156, 'mape': 5.036719799041748, 'mse': 0.37783411145210266, 'rmse': 0.614682137966156}
[2025-06-03 23:37:24] - test_results: {'mae': 0.3898504674434662, 'mape': 7.091861724853516, 'mse': 0.4931657612323761, 'rmse': 0.7022576332092285}
[2025-06-03 23:38:01] - Epoch: 2 cost time: 96.99138236045837
[2025-06-03 23:38:01] - Traininng loss : 0.6949013886104697
[2025-06-03 23:38:16] - vali_results: {'mae': 0.3132132291793823, 'mape': 4.635867118835449, 'mse': 0.3546108305454254, 'rmse': 0.5954920649528503}
[2025-06-03 23:38:24] - test_results: {'mae': 0.3724654018878937, 'mape': 6.567464828491211, 'mse': 0.4719221591949463, 'rmse': 0.6869658827781677}
[2025-06-03 23:39:01] - Epoch: 3 cost time: 157.19572377204895
[2025-06-03 23:39:01] - Traininng loss : 0.6632218182568923
[2025-06-03 23:39:16] - vali_results: {'mae': 0.30719423294067383, 'mape': 4.5957818031311035, 'mse': 0.345900297164917, 'rmse': 0.588132917881012}
[2025-06-03 23:39:24] - test_results: {'mae': 0.36694321036338806, 'mape': 6.519529342651367, 'mse': 0.4636662006378174, 'rmse': 0.6809303760528564}
[2025-06-03 23:40:01] - Epoch: 4 cost time: 217.05786299705505
[2025-06-03 23:40:01] - Traininng loss : 0.648551037208732
[2025-06-03 23:40:16] - vali_results: {'mae': 0.3037073314189911, 'mape': 4.510552883148193, 'mse': 0.341514527797699, 'rmse': 0.5843924283981323}
[2025-06-03 23:40:24] - test_results: {'mae': 0.3651866912841797, 'mape': 6.561252593994141, 'mse': 0.46116816997528076, 'rmse': 0.6790936589241028}
[2025-06-03 23:41:01] - Epoch: 5 cost time: 276.9179949760437
[2025-06-03 23:41:01] - Traininng loss : 0.6390491278987689
[2025-06-03 23:41:16] - vali_results: {'mae': 0.3015385866165161, 'mape': 4.425996780395508, 'mse': 0.3390440344810486, 'rmse': 0.582274854183197}
[2025-06-03 23:41:24] - test_results: {'mae': 0.36191296577453613, 'mape': 6.43426513671875, 'mse': 0.45745599269866943, 'rmse': 0.6763549447059631}
[2025-06-03 23:42:01] - Epoch: 6 cost time: 337.06597566604614
[2025-06-03 23:42:01] - Traininng loss : 0.6324910788201901
[2025-06-03 23:42:17] - vali_results: {'mae': 0.29942649602890015, 'mape': 4.358865737915039, 'mse': 0.33760496973991394, 'rmse': 0.5810378193855286}
[2025-06-03 23:42:25] - test_results: {'mae': 0.3606298565864563, 'mape': 6.321722507476807, 'mse': 0.4569490849971771, 'rmse': 0.6759800910949707}
[2025-06-03 23:43:02] - Epoch: 7 cost time: 398.3298120498657
[2025-06-03 23:43:02] - Traininng loss : 0.6271047728723593
[2025-06-03 23:43:18] - vali_results: {'mae': 0.29836025834083557, 'mape': 4.313981533050537, 'mse': 0.3360685706138611, 'rmse': 0.5797142386436462}
[2025-06-03 23:43:27] - test_results: {'mae': 0.3588924705982208, 'mape': 6.262277126312256, 'mse': 0.4544108510017395, 'rmse': 0.6741000413894653}
[2025-06-03 23:44:04] - Epoch: 8 cost time: 459.9839291572571
[2025-06-03 23:44:04] - Traininng loss : 0.6227026607469729
[2025-06-03 23:44:20] - vali_results: {'mae': 0.2969454526901245, 'mape': 4.333763122558594, 'mse': 0.3342680037021637, 'rmse': 0.5781591534614563}
[2025-06-03 23:44:28] - test_results: {'mae': 0.3579160273075104, 'mape': 6.272146224975586, 'mse': 0.4527307450771332, 'rmse': 0.6728526949882507}
[2025-06-03 23:45:05] - Epoch: 9 cost time: 521.477157831192
[2025-06-03 23:45:05] - Traininng loss : 0.6190667840027102
[2025-06-03 23:45:21] - vali_results: {'mae': 0.2956235706806183, 'mape': 4.271834850311279, 'mse': 0.3327484726905823, 'rmse': 0.5768435597419739}
[2025-06-03 23:45:29] - test_results: {'mae': 0.35731542110443115, 'mape': 6.325597286224365, 'mse': 0.45247891545295715, 'rmse': 0.672665536403656}
[2025-06-03 23:46:06] - Epoch: 10 cost time: 581.9536218643188
[2025-06-03 23:46:06] - Traininng loss : 0.6160141665016544
[2025-06-03 23:46:21] - vali_results: {'mae': 0.2960410714149475, 'mape': 4.294816017150879, 'mse': 0.33201056718826294, 'rmse': 0.5762035846710205}
[2025-06-03 23:46:29] - test_results: {'mae': 0.356789231300354, 'mape': 6.284276962280273, 'mse': 0.4507814943790436, 'rmse': 0.671402633190155}
[2025-06-03 23:47:06] - Epoch: 11 cost time: 641.834371805191
[2025-06-03 23:47:06] - Traininng loss : 0.6136939930465987
[2025-06-03 23:47:22] - vali_results: {'mae': 0.2941272258758545, 'mape': 4.276876449584961, 'mse': 0.33052346110343933, 'rmse': 0.5749117136001587}
[2025-06-03 23:47:30] - test_results: {'mae': 0.3556578457355499, 'mape': 6.2562994956970215, 'mse': 0.44983431696891785, 'rmse': 0.6706969141960144}
[2025-06-03 23:48:07] - Epoch: 12 cost time: 702.7128005027771
[2025-06-03 23:48:07] - Traininng loss : 0.6112202505538405
[2025-06-03 23:48:22] - vali_results: {'mae': 0.2941288352012634, 'mape': 4.338841915130615, 'mse': 0.329494446516037, 'rmse': 0.5740160942077637}
[2025-06-03 23:48:30] - test_results: {'mae': 0.35579103231430054, 'mape': 6.33906888961792, 'mse': 0.44914528727531433, 'rmse': 0.670183002948761}
[2025-06-03 23:49:07] - Epoch: 13 cost time: 763.011049747467
[2025-06-03 23:49:07] - Traininng loss : 0.6091214016762705
[2025-06-03 23:49:23] - vali_results: {'mae': 0.2932153344154358, 'mape': 4.308492183685303, 'mse': 0.32869890332221985, 'rmse': 0.5733227133750916}
[2025-06-03 23:49:31] - test_results: {'mae': 0.35512715578079224, 'mape': 6.323727130889893, 'mse': 0.44840118288993835, 'rmse': 0.6696276664733887}
[2025-06-03 23:50:08] - Epoch: 14 cost time: 823.7625007629395
[2025-06-03 23:50:08] - Traininng loss : 0.6073292805499465
[2025-06-03 23:50:23] - vali_results: {'mae': 0.2928585410118103, 'mape': 4.340323448181152, 'mse': 0.3271718919277191, 'rmse': 0.5719894170761108}
[2025-06-03 23:50:31] - test_results: {'mae': 0.3548599183559418, 'mape': 6.377597808837891, 'mse': 0.4474332332611084, 'rmse': 0.6689044833183289}
[2025-06-03 23:51:08] - Epoch: 15 cost time: 883.6366300582886
[2025-06-03 23:51:08] - Traininng loss : 0.6057899179805643
[2025-06-03 23:51:23] - vali_results: {'mae': 0.29253217577934265, 'mape': 4.333750247955322, 'mse': 0.3271538317203522, 'rmse': 0.5719736218452454}
[2025-06-03 23:51:31] - test_results: {'mae': 0.35385221242904663, 'mape': 6.323094844818115, 'mse': 0.4468115270137787, 'rmse': 0.6684396266937256}
[2025-06-03 23:52:07] - Epoch: 16 cost time: 943.6090245246887
[2025-06-03 23:52:07] - Traininng loss : 0.604056029146251
[2025-06-03 23:52:23] - vali_results: {'mae': 0.2916010320186615, 'mape': 4.228610038757324, 'mse': 0.32694166898727417, 'rmse': 0.5717881321907043}
[2025-06-03 23:52:31] - test_results: {'mae': 0.3529912829399109, 'mape': 6.157472133636475, 'mse': 0.44628313183784485, 'rmse': 0.6680442690849304}
[2025-06-03 23:53:08] - Epoch: 17 cost time: 1004.1996438503265
[2025-06-03 23:53:08] - Traininng loss : 0.6028161336469522
[2025-06-03 23:53:23] - vali_results: {'mae': 0.29141172766685486, 'mape': 4.382229328155518, 'mse': 0.32534271478652954, 'rmse': 0.5703881978988647}
[2025-06-03 23:53:31] - test_results: {'mae': 0.3531162142753601, 'mape': 6.40350866317749, 'mse': 0.4448781907558441, 'rmse': 0.6669918894767761}
[2025-06-03 23:54:08] - Epoch: 18 cost time: 1063.7246432304382
[2025-06-03 23:54:08] - Traininng loss : 0.6017407797417551
[2025-06-03 23:54:24] - vali_results: {'mae': 0.2905269265174866, 'mape': 4.25169563293457, 'mse': 0.3256319761276245, 'rmse': 0.5706416964530945}
[2025-06-03 23:54:32] - test_results: {'mae': 0.3518085479736328, 'mape': 6.139161586761475, 'mse': 0.4446079730987549, 'rmse': 0.6667892932891846}
[2025-06-03 23:55:09] - Epoch: 19 cost time: 1124.9573397636414
[2025-06-03 23:55:09] - Traininng loss : 0.600665371533674
[2025-06-03 23:55:24] - vali_results: {'mae': 0.29022666811943054, 'mape': 4.258434772491455, 'mse': 0.3246140480041504, 'rmse': 0.569749116897583}
[2025-06-03 23:55:32] - test_results: {'mae': 0.3519647419452667, 'mape': 6.235053062438965, 'mse': 0.4443453550338745, 'rmse': 0.6665923595428467}
[2025-06-03 23:56:09] - Epoch: 20 cost time: 1185.1818079948425
[2025-06-03 23:56:09] - Traininng loss : 0.5996598572422552
[2025-06-03 23:56:25] - vali_results: {'mae': 0.2904539108276367, 'mape': 4.331851005554199, 'mse': 0.3242393434047699, 'rmse': 0.5694201588630676}
[2025-06-03 23:56:32] - test_results: {'mae': 0.35210180282592773, 'mape': 6.31843376159668, 'mse': 0.4434663951396942, 'rmse': 0.6659327149391174}
[2025-06-03 23:57:09] - Epoch: 21 cost time: 1245.1901228427887
[2025-06-03 23:57:09] - Traininng loss : 0.5985249873762825
[2025-06-03 23:57:25] - vali_results: {'mae': 0.2896466553211212, 'mape': 4.2686448097229, 'mse': 0.32449591159820557, 'rmse': 0.5696454048156738}
[2025-06-03 23:57:33] - test_results: {'mae': 0.35056060552597046, 'mape': 6.1504106521606445, 'mse': 0.4431648850440979, 'rmse': 0.6657062768936157}
[2025-06-03 23:58:10] - Epoch: 22 cost time: 1305.9305067062378
[2025-06-03 23:58:10] - Traininng loss : 0.5978087429409078
[2025-06-03 23:58:25] - vali_results: {'mae': 0.29065507650375366, 'mape': 4.371726036071777, 'mse': 0.32327765226364136, 'rmse': 0.5685750842094421}
[2025-06-03 23:58:33] - test_results: {'mae': 0.3533283770084381, 'mape': 6.504746913909912, 'mse': 0.44400784373283386, 'rmse': 0.6663391590118408}
[2025-06-03 23:59:10] - Epoch: 23 cost time: 1365.8349223136902
[2025-06-03 23:59:10] - Traininng loss : 0.5971489712555775
[2025-06-03 23:59:25] - vali_results: {'mae': 0.28958049416542053, 'mape': 4.293417930603027, 'mse': 0.32296937704086304, 'rmse': 0.5683039426803589}
[2025-06-03 23:59:33] - test_results: {'mae': 0.3506089746952057, 'mape': 6.194205284118652, 'mse': 0.44190457463264465, 'rmse': 0.6647590398788452}
[2025-06-04 00:00:10] - Epoch: 24 cost time: 1426.5940206050873
[2025-06-04 00:00:10] - Traininng loss : 0.5962813564066617
[2025-06-04 00:00:27] - vali_results: {'mae': 0.28800511360168457, 'mape': 4.1664862632751465, 'mse': 0.3232893943786621, 'rmse': 0.5685854554176331}
[2025-06-04 00:00:35] - test_results: {'mae': 0.3495056927204132, 'mape': 6.036035537719727, 'mse': 0.44231748580932617, 'rmse': 0.6650695204734802}
[2025-06-04 00:01:12] - Epoch: 25 cost time: 1488.1357114315033
[2025-06-04 00:01:12] - Traininng loss : 0.5956100159578246
[2025-06-04 00:01:28] - vali_results: {'mae': 0.288307249546051, 'mape': 4.246269226074219, 'mse': 0.32233476638793945, 'rmse': 0.5677453279495239}
[2025-06-04 00:01:36] - test_results: {'mae': 0.3497268557548523, 'mape': 6.185519695281982, 'mse': 0.44123902916908264, 'rmse': 0.6642582416534424}
[2025-06-04 00:02:13] - Epoch: 26 cost time: 1549.1026015281677
[2025-06-04 00:02:13] - Traininng loss : 0.5949017262523065
[2025-06-04 00:02:29] - vali_results: {'mae': 0.28810828924179077, 'mape': 4.222909927368164, 'mse': 0.32219937443733215, 'rmse': 0.5676260590553284}
[2025-06-04 00:02:36] - test_results: {'mae': 0.35020285844802856, 'mape': 6.173809051513672, 'mse': 0.4422420263290405, 'rmse': 0.665012776851654}
[2025-06-04 00:03:14] - Epoch: 27 cost time: 1609.6506958007812
[2025-06-04 00:03:14] - Traininng loss : 0.5944042940024096
[2025-06-04 00:03:29] - vali_results: {'mae': 0.2881314158439636, 'mape': 4.264760494232178, 'mse': 0.32190653681755066, 'rmse': 0.5673680901527405}
[2025-06-04 00:03:37] - test_results: {'mae': 0.34914630651474, 'mape': 6.1738057136535645, 'mse': 0.4403625726699829, 'rmse': 0.6635981798171997}
[2025-06-04 00:04:15] - Epoch: 28 cost time: 1670.6579365730286
[2025-06-04 00:04:15] - Traininng loss : 0.5938540240825025
[2025-06-04 00:04:30] - vali_results: {'mae': 0.2868597209453583, 'mape': 4.172995567321777, 'mse': 0.32172951102256775, 'rmse': 0.5672120451927185}
[2025-06-04 00:04:39] - test_results: {'mae': 0.3483216166496277, 'mape': 6.068270206451416, 'mse': 0.4408903121948242, 'rmse': 0.6639957427978516}
[2025-06-04 00:05:16] - Epoch: 29 cost time: 1731.9348950386047
[2025-06-04 00:05:16] - Traininng loss : 0.593254816821322
[2025-06-04 00:05:31] - vali_results: {'mae': 0.2870984971523285, 'mape': 4.18186616897583, 'mse': 0.3219344913959503, 'rmse': 0.5673927068710327}
[2025-06-04 00:05:39] - test_results: {'mae': 0.3489041030406952, 'mape': 6.073036193847656, 'mse': 0.4412685036659241, 'rmse': 0.6642804145812988}
[2025-06-04 00:06:15] - Epoch: 30 cost time: 1791.284521818161
[2025-06-04 00:06:15] - Traininng loss : 0.5929858948021244
[2025-06-04 00:06:31] - vali_results: {'mae': 0.28799888491630554, 'mape': 4.263308525085449, 'mse': 0.321235328912735, 'rmse': 0.5667762756347656}
[2025-06-04 00:06:39] - test_results: {'mae': 0.3503481149673462, 'mape': 6.28622579574585, 'mse': 0.44152554869651794, 'rmse': 0.6644738912582397}
[2025-06-04 00:07:15] - Epoch: 31 cost time: 1851.596184015274
[2025-06-04 00:07:15] - Traininng loss : 0.5923588610081018
[2025-06-04 00:07:32] - vali_results: {'mae': 0.28751495480537415, 'mape': 4.3408918380737305, 'mse': 0.3199680745601654, 'rmse': 0.5656571984291077}
[2025-06-04 00:07:40] - test_results: {'mae': 0.3499335050582886, 'mape': 6.430980205535889, 'mse': 0.4405612349510193, 'rmse': 0.6637478470802307}
[2025-06-04 00:08:17] - Epoch: 32 cost time: 1913.31569814682
[2025-06-04 00:08:17] - Traininng loss : 0.5920649474521853
[2025-06-04 00:08:33] - vali_results: {'mae': 0.286865770816803, 'mape': 4.231374740600586, 'mse': 0.3199886977672577, 'rmse': 0.5656754374504089}
[2025-06-04 00:08:41] - test_results: {'mae': 0.34912770986557007, 'mape': 6.29509162902832, 'mse': 0.4401618242263794, 'rmse': 0.6634469032287598}
[2025-06-04 00:09:17] - Epoch: 33 cost time: 1973.2884500026703
[2025-06-04 00:09:17] - Traininng loss : 0.591439010801341
[2025-06-04 00:09:33] - vali_results: {'mae': 0.28693607449531555, 'mape': 4.216838359832764, 'mse': 0.3209006190299988, 'rmse': 0.5664809346199036}
[2025-06-04 00:09:41] - test_results: {'mae': 0.34899574518203735, 'mape': 6.187326908111572, 'mse': 0.4406062960624695, 'rmse': 0.6637818217277527}
[2025-06-04 00:10:17] - Epoch: 34 cost time: 2032.842984676361
[2025-06-04 00:10:17] - Traininng loss : 0.5912214548118674
[2025-06-04 00:10:33] - vali_results: {'mae': 0.28614696860313416, 'mape': 4.226175785064697, 'mse': 0.3198242485523224, 'rmse': 0.5655300617218018}
[2025-06-04 00:10:41] - test_results: {'mae': 0.3481542766094208, 'mape': 6.20282506942749, 'mse': 0.4397124946117401, 'rmse': 0.663108229637146}
[2025-06-04 00:11:17] - Epoch: 35 cost time: 2093.2145822048187
[2025-06-04 00:11:17] - Traininng loss : 0.5907068609227388
[2025-06-04 00:11:33] - vali_results: {'mae': 0.2869415581226349, 'mape': 4.2614426612854, 'mse': 0.31965965032577515, 'rmse': 0.5653845071792603}
[2025-06-04 00:11:40] - test_results: {'mae': 0.349148154258728, 'mape': 6.296258449554443, 'mse': 0.4398531913757324, 'rmse': 0.6632142663002014}
[2025-06-04 00:12:17] - Epoch: 36 cost time: 2153.3387269973755
[2025-06-04 00:12:17] - Traininng loss : 0.5904511028544279
[2025-06-04 00:12:33] - vali_results: {'mae': 0.28560787439346313, 'mape': 4.171740531921387, 'mse': 0.3198104202747345, 'rmse': 0.5655178427696228}
[2025-06-04 00:12:41] - test_results: {'mae': 0.3474855124950409, 'mape': 6.1452741622924805, 'mse': 0.439482182264328, 'rmse': 0.6629345417022705}
[2025-06-04 00:13:17] - Epoch: 37 cost time: 2213.3533992767334
[2025-06-04 00:13:17] - Traininng loss : 0.5900573868635851
[2025-06-04 00:13:33] - vali_results: {'mae': 0.2858685851097107, 'mape': 4.1123857498168945, 'mse': 0.3207102119922638, 'rmse': 0.566312849521637}
[2025-06-04 00:13:41] - test_results: {'mae': 0.3473775386810303, 'mape': 6.002801895141602, 'mse': 0.4397122859954834, 'rmse': 0.6631080508232117}
[2025-06-04 00:14:17] - Epoch: 38 cost time: 2273.586900472641
[2025-06-04 00:14:17] - Traininng loss : 0.5897288881543512
[2025-06-04 00:14:33] - vali_results: {'mae': 0.2851373255252838, 'mape': 4.097543716430664, 'mse': 0.3203657865524292, 'rmse': 0.5660086274147034}
[2025-06-04 00:14:41] - test_results: {'mae': 0.34656038880348206, 'mape': 5.965655326843262, 'mse': 0.43932485580444336, 'rmse': 0.6628158688545227}
[2025-06-04 00:15:17] - Epoch: 39 cost time: 2333.458842754364
[2025-06-04 00:15:17] - Traininng loss : 0.5894493353013401
[2025-06-04 00:15:33] - vali_results: {'mae': 0.2857300937175751, 'mape': 4.248598575592041, 'mse': 0.3187720477581024, 'rmse': 0.5645990371704102}
[2025-06-04 00:15:41] - test_results: {'mae': 0.3476453721523285, 'mape': 6.256315231323242, 'mse': 0.4385450482368469, 'rmse': 0.6622273325920105}
[2025-06-04 00:16:18] - Epoch: 40 cost time: 2393.6135971546173
[2025-06-04 00:16:18] - Traininng loss : 0.5889297865150431
[2025-06-04 00:16:33] - vali_results: {'mae': 0.2860534191131592, 'mape': 4.177143573760986, 'mse': 0.31983473896980286, 'rmse': 0.5655393600463867}
[2025-06-04 00:16:41] - test_results: {'mae': 0.34752196073532104, 'mape': 6.0946855545043945, 'mse': 0.4389503598213196, 'rmse': 0.6625332832336426}
[2025-06-04 00:17:19] - Epoch: 41 cost time: 2454.8671650886536
[2025-06-04 00:17:19] - Traininng loss : 0.5886914037629922
[2025-06-04 00:17:36] - vali_results: {'mae': 0.2858976125717163, 'mape': 4.231029510498047, 'mse': 0.31908002495765686, 'rmse': 0.5648716688156128}
[2025-06-04 00:17:44] - test_results: {'mae': 0.3472158908843994, 'mape': 6.210136890411377, 'mse': 0.43841221928596497, 'rmse': 0.6621270179748535}
[2025-06-04 00:18:23] - Epoch: 42 cost time: 2519.349235534668
[2025-06-04 00:18:23] - Traininng loss : 0.5884739073781633
[2025-06-04 00:18:40] - vali_results: {'mae': 0.2849942147731781, 'mape': 4.185110092163086, 'mse': 0.3186403214931488, 'rmse': 0.5644823312759399}
[2025-06-04 00:18:49] - test_results: {'mae': 0.34659114480018616, 'mape': 6.141755104064941, 'mse': 0.43784379959106445, 'rmse': 0.6616976857185364}
[2025-06-04 00:19:26] - Epoch: 43 cost time: 2581.841948032379
[2025-06-04 00:19:26] - Traininng loss : 0.5880404389450814
[2025-06-04 00:19:42] - vali_results: {'mae': 0.28493136167526245, 'mape': 4.129652500152588, 'mse': 0.31912970542907715, 'rmse': 0.564915657043457}
[2025-06-04 00:19:51] - test_results: {'mae': 0.34733420610427856, 'mape': 6.080570220947266, 'mse': 0.4393238425254822, 'rmse': 0.6628150939941406}
[2025-06-04 00:20:30] - Epoch: 44 cost time: 2646.27316570282
[2025-06-04 00:20:30] - Traininng loss : 0.5878835338145253
[2025-06-04 00:20:46] - vali_results: {'mae': 0.28486958146095276, 'mape': 4.159674167633057, 'mse': 0.3190033435821533, 'rmse': 0.5648038387298584}
[2025-06-04 00:20:54] - test_results: {'mae': 0.3466547131538391, 'mape': 6.113750457763672, 'mse': 0.43869057297706604, 'rmse': 0.6623371839523315}
[2025-06-04 00:21:32] - Epoch: 45 cost time: 2707.7018361091614
[2025-06-04 00:21:32] - Traininng loss : 0.5878849040787175
[2025-06-04 00:21:47] - vali_results: {'mae': 0.2843959331512451, 'mape': 4.163196563720703, 'mse': 0.3184129297733307, 'rmse': 0.5642808675765991}
[2025-06-04 00:21:56] - test_results: {'mae': 0.3461815416812897, 'mape': 6.113072872161865, 'mse': 0.4379020035266876, 'rmse': 0.6617416143417358}
[2025-06-04 00:22:33] - Epoch: 46 cost time: 2769.15678191185
[2025-06-04 00:22:33] - Traininng loss : 0.5874687651739608
[2025-06-04 00:22:49] - vali_results: {'mae': 0.2843168377876282, 'mape': 4.185235023498535, 'mse': 0.31825244426727295, 'rmse': 0.564138650894165}
[2025-06-04 00:22:58] - test_results: {'mae': 0.3463367819786072, 'mape': 6.1552958488464355, 'mse': 0.43797051906585693, 'rmse': 0.6617934107780457}
[2025-06-04 00:23:36] - Epoch: 47 cost time: 2832.502536535263
[2025-06-04 00:23:36] - Traininng loss : 0.5871456649425537
[2025-06-04 00:23:53] - vali_results: {'mae': 0.28455930948257446, 'mape': 4.14031457901001, 'mse': 0.3189138174057007, 'rmse': 0.5647245645523071}
[2025-06-04 00:24:02] - test_results: {'mae': 0.3460213541984558, 'mape': 6.058210849761963, 'mse': 0.4380204975605011, 'rmse': 0.6618311405181885}
[2025-06-04 00:24:41] - Epoch: 48 cost time: 2897.3679819107056
[2025-06-04 00:24:41] - Traininng loss : 0.5869733827776022
[2025-06-04 00:24:58] - vali_results: {'mae': 0.2840512692928314, 'mape': 4.142125129699707, 'mse': 0.31835228204727173, 'rmse': 0.5642271637916565}
[2025-06-04 00:25:06] - test_results: {'mae': 0.3455682098865509, 'mape': 6.059806823730469, 'mse': 0.43741539120674133, 'rmse': 0.6613738536834717}
[2025-06-04 00:25:46] - Epoch: 49 cost time: 2961.9461908340454
[2025-06-04 00:25:46] - Traininng loss : 0.586786498759956
[2025-06-04 00:26:03] - vali_results: {'mae': 0.2838054299354553, 'mape': 4.128659248352051, 'mse': 0.3181624412536621, 'rmse': 0.5640588998794556}
[2025-06-04 00:26:12] - test_results: {'mae': 0.3450767397880554, 'mape': 6.0527825355529785, 'mse': 0.4371933043003082, 'rmse': 0.6612059473991394}
[2025-06-04 00:26:51] - Epoch: 50 cost time: 3026.918655395508
[2025-06-04 00:26:51] - Traininng loss : 0.5864560409697561
[2025-06-04 00:27:08] - vali_results: {'mae': 0.2837643325328827, 'mape': 4.118124485015869, 'mse': 0.31854528188705444, 'rmse': 0.5643981695175171}
[2025-06-04 00:27:17] - test_results: {'mae': 0.34518420696258545, 'mape': 6.021442890167236, 'mse': 0.43745413422584534, 'rmse': 0.6614031791687012}
[2025-06-04 00:27:57] - Epoch: 51 cost time: 3092.6323895454407
[2025-06-04 00:27:57] - Traininng loss : 0.586295411271869
[2025-06-04 00:28:14] - vali_results: {'mae': 0.28403639793395996, 'mape': 4.176041603088379, 'mse': 0.3177482485771179, 'rmse': 0.5636916160583496}
[2025-06-04 00:28:23] - test_results: {'mae': 0.3455566167831421, 'mape': 6.120165824890137, 'mse': 0.43683984875679016, 'rmse': 0.6609386205673218}
[2025-06-04 00:29:02] - Epoch: 52 cost time: 3158.479912042618
[2025-06-04 00:29:02] - Traininng loss : 0.5862760492412228
[2025-06-04 00:29:19] - vali_results: {'mae': 0.2841797173023224, 'mape': 4.209928512573242, 'mse': 0.3176148235797882, 'rmse': 0.5635732412338257}
[2025-06-04 00:29:28] - test_results: {'mae': 0.34612107276916504, 'mape': 6.207981586456299, 'mse': 0.43735331296920776, 'rmse': 0.6613269448280334}
[2025-06-04 00:30:09] - Epoch: 53 cost time: 3225.3807311058044
[2025-06-04 00:30:09] - Traininng loss : 0.5860691550928306
[2025-06-04 00:30:26] - vali_results: {'mae': 0.2835695147514343, 'mape': 4.170612335205078, 'mse': 0.31754323840141296, 'rmse': 0.5635097622871399}
[2025-06-04 00:30:35] - test_results: {'mae': 0.345617413520813, 'mape': 6.14129638671875, 'mse': 0.4372271001338959, 'rmse': 0.661231517791748}
[2025-06-04 00:31:15] - Epoch: 54 cost time: 3290.631002187729
[2025-06-04 00:31:15] - Traininng loss : 0.5859041193103534
[2025-06-04 00:31:31] - vali_results: {'mae': 0.28348448872566223, 'mape': 4.150035858154297, 'mse': 0.3176710903644562, 'rmse': 0.5636231899261475}
[2025-06-04 00:31:40] - test_results: {'mae': 0.34531620144844055, 'mape': 6.083366394042969, 'mse': 0.43702179193496704, 'rmse': 0.6610762476921082}
[2025-06-04 00:32:21] - Epoch: 55 cost time: 3357.1229152679443
[2025-06-04 00:32:21] - Traininng loss : 0.5856585149173787
[2025-06-04 00:32:38] - vali_results: {'mae': 0.2836145758628845, 'mape': 4.183661460876465, 'mse': 0.31744876503944397, 'rmse': 0.5634258985519409}
[2025-06-04 00:32:46] - test_results: {'mae': 0.34547409415245056, 'mape': 6.148544788360596, 'mse': 0.43704432249069214, 'rmse': 0.6610932946205139}
[2025-06-04 00:33:26] - Epoch: 56 cost time: 3421.686423778534
[2025-06-04 00:33:26] - Traininng loss : 0.5854289065795446
[2025-06-04 00:33:42] - vali_results: {'mae': 0.2837374210357666, 'mape': 4.1594438552856445, 'mse': 0.3174684941768646, 'rmse': 0.5634434223175049}
[2025-06-04 00:33:51] - test_results: {'mae': 0.3453548550605774, 'mape': 6.124068260192871, 'mse': 0.43678849935531616, 'rmse': 0.6608997583389282}
[2025-06-04 00:34:30] - Epoch: 57 cost time: 3486.131973028183
[2025-06-04 00:34:30] - Traininng loss : 0.5853484459321775
[2025-06-04 00:34:47] - vali_results: {'mae': 0.2834142744541168, 'mape': 4.186191558837891, 'mse': 0.3169153928756714, 'rmse': 0.5629523992538452}
[2025-06-04 00:34:56] - test_results: {'mae': 0.3453981280326843, 'mape': 6.1605377197265625, 'mse': 0.43668434023857117, 'rmse': 0.6608209609985352}
[2025-06-04 00:35:35] - Epoch: 58 cost time: 3551.5993700027466
[2025-06-04 00:35:35] - Traininng loss : 0.585284520191645
[2025-06-04 00:35:53] - vali_results: {'mae': 0.282900333404541, 'mape': 4.111770153045654, 'mse': 0.3174881339073181, 'rmse': 0.5634608268737793}
[2025-06-04 00:36:02] - test_results: {'mae': 0.34465208649635315, 'mape': 6.041914939880371, 'mse': 0.436862051486969, 'rmse': 0.6609554290771484}
[2025-06-04 00:36:41] - Epoch: 59 cost time: 3616.9490213394165
[2025-06-04 00:36:41] - Traininng loss : 0.5851268175477288
[2025-06-04 00:36:58] - vali_results: {'mae': 0.2828492522239685, 'mape': 4.103940010070801, 'mse': 0.3174106180667877, 'rmse': 0.5633920431137085}
[2025-06-04 00:37:07] - test_results: {'mae': 0.3444719612598419, 'mape': 6.033210754394531, 'mse': 0.436546266078949, 'rmse': 0.6607164740562439}
[2025-06-04 00:37:47] - Epoch: 60 cost time: 3682.842952489853
[2025-06-04 00:37:47] - Traininng loss : 0.5848976601808862
[2025-06-04 00:38:04] - vali_results: {'mae': 0.2833315134048462, 'mape': 4.186459541320801, 'mse': 0.31695201992988586, 'rmse': 0.5629849433898926}
[2025-06-04 00:38:13] - test_results: {'mae': 0.34510478377342224, 'mape': 6.155083656311035, 'mse': 0.43646058440208435, 'rmse': 0.6606516242027283}
[2025-06-04 00:38:53] - Epoch: 61 cost time: 3749.559820652008
[2025-06-04 00:38:53] - Traininng loss : 0.5847812426700746
[2025-06-04 00:39:11] - vali_results: {'mae': 0.28312352299690247, 'mape': 4.167084693908691, 'mse': 0.3171381652355194, 'rmse': 0.5631502270698547}
[2025-06-04 00:39:20] - test_results: {'mae': 0.3451930284500122, 'mape': 6.149142742156982, 'mse': 0.43688368797302246, 'rmse': 0.6609717607498169}
[2025-06-04 00:39:58] - Epoch: 62 cost time: 3814.2764980793
[2025-06-04 00:39:58] - Traininng loss : 0.5847077202604145
[2025-06-04 00:40:14] - vali_results: {'mae': 0.2827703654766083, 'mape': 4.089624881744385, 'mse': 0.31763967871665955, 'rmse': 0.5635952949523926}
[2025-06-04 00:40:23] - test_results: {'mae': 0.34438666701316833, 'mape': 6.011815547943115, 'mse': 0.43675047159194946, 'rmse': 0.6608709692955017}
[2025-06-04 00:40:23] - loss no decreased for 5 epochs,  early stopping ....
[2025-06-04 00:40:31] - test_results: {'mae': 0.3453981280326843, 'mape': 6.1605377197265625, 'mse': 0.43668434023857117, 'rmse': 0.6608209609985352}
