[2025-06-04 23:05:21] - run : 2 in seed: 3
[2025-06-04 23:05:21] - +-----------------------------------+------------+
|              Modules              | Parameters |
+-----------------------------------+------------+
|     fm.Linear_Seasonal.weight     |    9216    |
|      fm.Linear_Seasonal.bias      |     96     |
|       fm.Linear_Trend.weight      |    9216    |
|        fm.Linear_Trend.bias       |     96     |
|             nm.weight             |     16     |
| nm.model_freq.model_freq.0.weight |    6144    |
|  nm.model_freq.model_freq.0.bias  |     64     |
|  nm.model_freq.model_all.0.weight |   20480    |
|   nm.model_freq.model_all.0.bias  |    128     |
|  nm.model_freq.model_all.2.weight |   12288    |
|   nm.model_freq.model_all.2.bias  |     96     |
| nm.model_pred.model_freq.0.weight |   24576    |
|  nm.model_pred.model_freq.0.bias  |    256     |
|  nm.model_pred.model_all.0.weight |   180224   |
|   nm.model_pred.model_all.0.bias  |    512     |
|  nm.model_pred.model_all.2.weight |   49152    |
|   nm.model_pred.model_all.2.bias  |     96     |
+-----------------------------------+------------+
[2025-06-04 23:05:21] - Total Trainable Params: 312656
[2025-06-04 23:05:21] - model parameters: 312656
[2025-06-04 23:05:26] - Epoch: 1 cost time: 4.250787019729614
[2025-06-04 23:05:26] - Traininng loss : 0.38827425949275496
[2025-06-04 23:05:27] - vali_results: {'mae': 0.2475733906030655, 'mape': 0.5271288156509399, 'mse': 0.10075608640909195, 'rmse': 0.31742098927497864}
[2025-06-04 23:05:27] - test_results: {'mae': 0.17695382237434387, 'mape': 1.2432104349136353, 'mse': 0.05770284682512283, 'rmse': 0.24021416902542114}
[2025-06-04 23:05:32] - Epoch: 2 cost time: 10.31361722946167
[2025-06-04 23:05:32] - Traininng loss : 0.19066646620631217
[2025-06-04 23:05:33] - vali_results: {'mae': 0.2679476737976074, 'mape': 0.5016063451766968, 'mse': 0.11647151410579681, 'rmse': 0.3412792384624481}
[2025-06-04 23:05:33] - test_results: {'mae': 0.1778378039598465, 'mape': 1.1624901294708252, 'mse': 0.058684781193733215, 'rmse': 0.24224941432476044}
[2025-06-04 23:05:37] - Epoch: 3 cost time: 16.00010633468628
[2025-06-04 23:05:37] - Traininng loss : 0.17868498838506638
[2025-06-04 23:05:38] - vali_results: {'mae': 0.2671188414096832, 'mape': 0.5091159343719482, 'mse': 0.11721958220005035, 'rmse': 0.34237346053123474}
[2025-06-04 23:05:39] - test_results: {'mae': 0.1743282675743103, 'mape': 1.1779507398605347, 'mse': 0.05665084347128868, 'rmse': 0.2380143702030182}
[2025-06-04 23:05:43] - Epoch: 4 cost time: 22.011213302612305
[2025-06-04 23:05:43] - Traininng loss : 0.17399838832207024
[2025-06-04 23:05:44] - vali_results: {'mae': 0.21332591772079468, 'mape': 0.47798338532447815, 'mse': 0.08392239362001419, 'rmse': 0.2896936237812042}
[2025-06-04 23:05:45] - test_results: {'mae': 0.16827115416526794, 'mape': 1.2267285585403442, 'mse': 0.05429070442914963, 'rmse': 0.2330036610364914}
[2025-06-04 23:05:49] - Epoch: 5 cost time: 27.92542266845703
[2025-06-04 23:05:49] - Traininng loss : 0.17021211171522738
[2025-06-04 23:05:50] - vali_results: {'mae': 0.19848689436912537, 'mape': 0.4655454456806183, 'mse': 0.07257410138845444, 'rmse': 0.2693957984447479}
[2025-06-04 23:05:51] - test_results: {'mae': 0.1662767082452774, 'mape': 1.267396330833435, 'mse': 0.05383026972413063, 'rmse': 0.2320135086774826}
[2025-06-04 23:05:55] - Epoch: 6 cost time: 33.99342894554138
[2025-06-04 23:05:55] - Traininng loss : 0.16864626253955067
[2025-06-04 23:05:56] - vali_results: {'mae': 0.1873806267976761, 'mape': 0.47574177384376526, 'mse': 0.06682942062616348, 'rmse': 0.258513867855072}
[2025-06-04 23:05:57] - test_results: {'mae': 0.16731221973896027, 'mape': 1.3001374006271362, 'mse': 0.05286490544676781, 'rmse': 0.22992369532585144}
[2025-06-04 23:06:01] - Epoch: 7 cost time: 39.50110983848572
[2025-06-04 23:06:01] - Traininng loss : 0.16720374273136257
[2025-06-04 23:06:02] - vali_results: {'mae': 0.18980135023593903, 'mape': 0.4716970920562744, 'mse': 0.06839445978403091, 'rmse': 0.2615233361721039}
[2025-06-04 23:06:03] - test_results: {'mae': 0.17004844546318054, 'mape': 1.2888318300247192, 'mse': 0.0551166832447052, 'rmse': 0.23476941883563995}
[2025-06-04 23:06:07] - Epoch: 8 cost time: 45.15761590003967
[2025-06-04 23:06:07] - Traininng loss : 0.1655073368921876
[2025-06-04 23:06:07] - vali_results: {'mae': 0.28002873063087463, 'mape': 0.5265746116638184, 'mse': 0.1332874745130539, 'rmse': 0.36508557200431824}
[2025-06-04 23:06:08] - test_results: {'mae': 0.17418000102043152, 'mape': 1.1834009885787964, 'mse': 0.05664530768990517, 'rmse': 0.238002747297287}
[2025-06-04 23:06:12] - Epoch: 9 cost time: 50.964900970458984
[2025-06-04 23:06:12] - Traininng loss : 0.1651630057487637
[2025-06-04 23:06:13] - vali_results: {'mae': 0.1958043873310089, 'mape': 0.4774174094200134, 'mse': 0.07260753214359283, 'rmse': 0.2694578468799591}
[2025-06-04 23:06:14] - test_results: {'mae': 0.16674920916557312, 'mape': 1.290320634841919, 'mse': 0.05298185721039772, 'rmse': 0.2301778793334961}
[2025-06-04 23:06:18] - Epoch: 10 cost time: 56.733126401901245
[2025-06-04 23:06:18] - Traininng loss : 0.16435701814480125
[2025-06-04 23:06:19] - vali_results: {'mae': 0.2071698158979416, 'mape': 0.4643855094909668, 'mse': 0.07922857254743576, 'rmse': 0.281475692987442}
[2025-06-04 23:06:20] - test_results: {'mae': 0.16732391715049744, 'mape': 1.248982548713684, 'mse': 0.05421096459031105, 'rmse': 0.23283247649669647}
[2025-06-04 23:06:24] - Epoch: 11 cost time: 62.330856800079346
[2025-06-04 23:06:24] - Traininng loss : 0.16400186577811837
[2025-06-04 23:06:25] - vali_results: {'mae': 0.22738803923130035, 'mape': 0.47149667143821716, 'mse': 0.09103932231664658, 'rmse': 0.3017272353172302}
[2025-06-04 23:06:25] - test_results: {'mae': 0.16686981916427612, 'mape': 1.234174370765686, 'mse': 0.0539681613445282, 'rmse': 0.232310488820076}
[2025-06-04 23:06:25] - loss no decreased for 5 epochs,  early stopping ....
[2025-06-04 23:06:26] - test_results: {'mae': 0.16731221973896027, 'mape': 1.3001374006271362, 'mse': 0.05286490544676781, 'rmse': 0.22992369532585144}
