[2025-06-05 20:58:51] - run : 0 in seed: 2
[2025-06-05 20:58:51] - +-----------------------------------+------------+
|              Modules              | Parameters |
+-----------------------------------+------------+
|     fm.Linear_Seasonal.weight     |   32256    |
|      fm.Linear_Seasonal.bias      |    336     |
|       fm.Linear_Trend.weight      |   32256    |
|        fm.Linear_Trend.bias       |    336     |
|             nm.weight             |     42     |
| nm.model_freq.model_freq.0.weight |    6144    |
|  nm.model_freq.model_freq.0.bias  |     64     |
|  nm.model_freq.model_all.0.weight |   20480    |
|   nm.model_freq.model_all.0.bias  |    128     |
|  nm.model_freq.model_all.2.weight |   43008    |
|   nm.model_freq.model_all.2.bias  |    336     |
| nm.model_pred.model_freq.0.weight |   24576    |
|  nm.model_pred.model_freq.0.bias  |    256     |
|  nm.model_pred.model_all.0.weight |   180224   |
|   nm.model_pred.model_all.0.bias  |    512     |
|  nm.model_pred.model_all.2.weight |   172032   |
|   nm.model_pred.model_all.2.bias  |    336     |
+-----------------------------------+------------+
[2025-06-05 20:58:51] - Total Trainable Params: 513322
[2025-06-05 20:58:51] - model parameters: 513322
[2025-06-05 20:59:37] - Epoch: 1 cost time: 45.970412254333496
[2025-06-05 20:59:37] - Traininng loss : 1.3809004317250169
[2025-06-05 20:59:43] - vali_results: {'mae': 0.3761266767978668, 'mape': 5.678322792053223, 'mse': 0.42318272590637207, 'rmse': 0.6505249738693237}
[2025-06-05 20:59:46] - test_results: {'mae': 0.3037794232368469, 'mape': 1.8141077756881714, 'mse': 0.28804197907447815, 'rmse': 0.5366954207420349}
[2025-06-05 21:00:32] - Epoch: 2 cost time: 100.38483667373657
[2025-06-05 21:00:32] - Traininng loss : 1.3111126309424115
[2025-06-05 21:00:38] - vali_results: {'mae': 0.37363049387931824, 'mape': 6.319141387939453, 'mse': 0.41214537620544434, 'rmse': 0.6419854760169983}
[2025-06-05 21:00:41] - test_results: {'mae': 0.31132838129997253, 'mape': 1.88896906375885, 'mse': 0.2879600524902344, 'rmse': 0.5366190671920776}
[2025-06-05 21:01:27] - Epoch: 3 cost time: 155.4641556739807
[2025-06-05 21:01:27] - Traininng loss : 1.3002334638122928
[2025-06-05 21:01:33] - vali_results: {'mae': 0.3685041069984436, 'mape': 5.108163356781006, 'mse': 0.4137159287929535, 'rmse': 0.6432075500488281}
[2025-06-05 21:01:36] - test_results: {'mae': 0.2986595928668976, 'mape': 1.7186477184295654, 'mse': 0.2840452790260315, 'rmse': 0.532958984375}
[2025-06-05 21:02:21] - Epoch: 4 cost time: 209.83534574508667
[2025-06-05 21:02:21] - Traininng loss : 1.2925565669933954
[2025-06-05 21:02:27] - vali_results: {'mae': 0.36757031083106995, 'mape': 5.033066749572754, 'mse': 0.40761271119117737, 'rmse': 0.6384455561637878}
[2025-06-05 21:02:30] - test_results: {'mae': 0.3053053915500641, 'mape': 1.672175645828247, 'mse': 0.28438854217529297, 'rmse': 0.5332809090614319}
[2025-06-05 21:03:15] - Epoch: 5 cost time: 264.2604351043701
[2025-06-05 21:03:15] - Traininng loss : 1.289243744444429
[2025-06-05 21:03:22] - vali_results: {'mae': 0.3694280683994293, 'mape': 5.512108325958252, 'mse': 0.4143294394016266, 'rmse': 0.6436842679977417}
[2025-06-05 21:03:25] - test_results: {'mae': 0.29310721158981323, 'mape': 1.7853162288665771, 'mse': 0.28029265999794006, 'rmse': 0.5294267535209656}
[2025-06-05 21:04:10] - Epoch: 6 cost time: 319.1379828453064
[2025-06-05 21:04:10] - Traininng loss : 1.2894488095714336
[2025-06-05 21:04:16] - vali_results: {'mae': 0.3657764792442322, 'mape': 4.9488701820373535, 'mse': 0.4079817831516266, 'rmse': 0.6387345194816589}
[2025-06-05 21:04:20] - test_results: {'mae': 0.29624438285827637, 'mape': 1.686579704284668, 'mse': 0.2805124521255493, 'rmse': 0.5296342372894287}
[2025-06-05 21:05:05] - Epoch: 7 cost time: 373.78203201293945
[2025-06-05 21:05:05] - Traininng loss : 1.2844642588443924
[2025-06-05 21:05:11] - vali_results: {'mae': 0.37538278102874756, 'mape': 6.9253973960876465, 'mse': 0.4121391177177429, 'rmse': 0.6419806480407715}
[2025-06-05 21:05:14] - test_results: {'mae': 0.3095196485519409, 'mape': 1.9999150037765503, 'mse': 0.285879909992218, 'rmse': 0.5346773862838745}
[2025-06-05 21:06:00] - Epoch: 8 cost time: 428.79935240745544
[2025-06-05 21:06:00] - Traininng loss : 1.2831187962962871
[2025-06-05 21:06:06] - vali_results: {'mae': 0.36718645691871643, 'mape': 5.095552921295166, 'mse': 0.4080165922641754, 'rmse': 0.6387617588043213}
[2025-06-05 21:06:09] - test_results: {'mae': 0.30266073346138, 'mape': 1.7003573179244995, 'mse': 0.28280773758888245, 'rmse': 0.5317966938018799}
[2025-06-05 21:06:55] - Epoch: 9 cost time: 483.5901379585266
[2025-06-05 21:06:55] - Traininng loss : 1.2815348893404006
[2025-06-05 21:07:01] - vali_results: {'mae': 0.36519932746887207, 'mape': 4.996926307678223, 'mse': 0.40481001138687134, 'rmse': 0.6362468004226685}
[2025-06-05 21:07:04] - test_results: {'mae': 0.30363643169403076, 'mape': 1.6688880920410156, 'mse': 0.28257718682289124, 'rmse': 0.5315799117088318}
[2025-06-05 21:07:49] - Epoch: 10 cost time: 538.2269961833954
[2025-06-05 21:07:49] - Traininng loss : 1.2802910827753837
[2025-06-05 21:07:56] - vali_results: {'mae': 0.3705325126647949, 'mape': 5.638652324676514, 'mse': 0.4038010537624359, 'rmse': 0.6354534029960632}
[2025-06-05 21:07:59] - test_results: {'mae': 0.31406742334365845, 'mape': 1.7600538730621338, 'mse': 0.2862851321697235, 'rmse': 0.5350561738014221}
[2025-06-05 21:08:45] - Epoch: 11 cost time: 593.5319550037384
[2025-06-05 21:08:45] - Traininng loss : 1.279024657973072
[2025-06-05 21:08:51] - vali_results: {'mae': 0.3624277412891388, 'mape': 4.713521480560303, 'mse': 0.4008251428604126, 'rmse': 0.6331075429916382}
[2025-06-05 21:08:54] - test_results: {'mae': 0.2979501187801361, 'mape': 1.6146494150161743, 'mse': 0.2780105173587799, 'rmse': 0.5272670388221741}
[2025-06-05 21:09:40] - Epoch: 12 cost time: 648.6326479911804
[2025-06-05 21:09:40] - Traininng loss : 1.278702521010449
[2025-06-05 21:09:46] - vali_results: {'mae': 0.3715434968471527, 'mape': 5.888559818267822, 'mse': 0.4115559160709381, 'rmse': 0.6415262222290039}
[2025-06-05 21:09:49] - test_results: {'mae': 0.3057318329811096, 'mape': 1.8314436674118042, 'mse': 0.28586897253990173, 'rmse': 0.5346671342849731}
[2025-06-05 21:10:35] - Epoch: 13 cost time: 703.9032111167908
[2025-06-05 21:10:35] - Traininng loss : 1.2779115521594098
[2025-06-05 21:10:41] - vali_results: {'mae': 0.367082804441452, 'mape': 5.155172348022461, 'mse': 0.4076876640319824, 'rmse': 0.6385042667388916}
[2025-06-05 21:10:44] - test_results: {'mae': 0.2980228364467621, 'mape': 1.7081917524337769, 'mse': 0.2806459963321686, 'rmse': 0.5297603011131287}
[2025-06-05 21:11:30] - Epoch: 14 cost time: 758.9761171340942
[2025-06-05 21:11:30] - Traininng loss : 1.2765307414949987
[2025-06-05 21:11:36] - vali_results: {'mae': 0.3645939826965332, 'mape': 5.090785503387451, 'mse': 0.4043278694152832, 'rmse': 0.6358678340911865}
[2025-06-05 21:11:39] - test_results: {'mae': 0.3017612397670746, 'mape': 1.6912105083465576, 'mse': 0.28178903460502625, 'rmse': 0.5308380722999573}
[2025-06-05 21:12:25] - Epoch: 15 cost time: 814.1402502059937
[2025-06-05 21:12:25] - Traininng loss : 1.2758998049455776
[2025-06-05 21:12:31] - vali_results: {'mae': 0.36749815940856934, 'mape': 5.2033843994140625, 'mse': 0.40694570541381836, 'rmse': 0.6379229426383972}
[2025-06-05 21:12:35] - test_results: {'mae': 0.2963029444217682, 'mape': 1.71509850025177, 'mse': 0.27870142459869385, 'rmse': 0.5279217958450317}
[2025-06-05 21:13:20] - Epoch: 16 cost time: 869.2086579799652
[2025-06-05 21:13:20] - Traininng loss : 1.2750656632477777
[2025-06-05 21:13:26] - vali_results: {'mae': 0.3674291670322418, 'mape': 4.982969284057617, 'mse': 0.41184017062187195, 'rmse': 0.641747772693634}
[2025-06-05 21:13:29] - test_results: {'mae': 0.2909089922904968, 'mape': 1.7214895486831665, 'mse': 0.2788655459880829, 'rmse': 0.528077244758606}
[2025-06-05 21:13:29] - loss no decreased for 5 epochs,  early stopping ....
[2025-06-05 21:13:33] - test_results: {'mae': 0.2979501187801361, 'mape': 1.6146494150161743, 'mse': 0.2780105173587799, 'rmse': 0.5272670388221741}
