[2025-05-28 20:36:26] - run : 0 in seed: 1
[2025-05-28 20:36:26] - +-----------------------------------+------------+
|              Modules              | Parameters |
+-----------------------------------+------------+
|     fm.Linear_Seasonal.weight     |   69120    |
|      fm.Linear_Seasonal.bias      |    720     |
|       fm.Linear_Trend.weight      |   69120    |
|        fm.Linear_Trend.bias       |    720     |
|             nm.weight             |     14     |
| nm.model_freq.model_freq.0.weight |    6144    |
|  nm.model_freq.model_freq.0.bias  |     64     |
|  nm.model_freq.model_all.0.weight |   20480    |
|   nm.model_freq.model_all.0.bias  |    128     |
|  nm.model_freq.model_all.2.weight |   92160    |
|   nm.model_freq.model_all.2.bias  |    720     |
| nm.model_pred.model_freq.0.weight |   24576    |
|  nm.model_pred.model_freq.0.bias  |    256     |
|  nm.model_pred.model_all.0.weight |   180224   |
|   nm.model_pred.model_all.0.bias  |    512     |
|  nm.model_pred.model_all.2.weight |   368640   |
|   nm.model_pred.model_all.2.bias  |    720     |
+-----------------------------------+------------+
[2025-05-28 20:36:26] - Total Trainable Params: 834318
[2025-05-28 20:36:26] - model parameters: 834318
[2025-05-28 20:36:49] - Epoch: 1 cost time: 23.61766242980957
[2025-05-28 20:36:49] - Traininng loss : 1.3518653927224407
[2025-05-28 20:36:51] - vali_results: {'mae': 0.47352612018585205, 'mape': 4.410457611083984, 'mse': 0.40981870889663696, 'rmse': 0.6401708722114563}
[2025-05-28 20:36:52] - test_results: {'mae': 0.31003397703170776, 'mape': 15.375779151916504, 'mse': 0.17568033933639526, 'rmse': 0.41914239525794983}
[2025-05-28 20:37:16] - Epoch: 2 cost time: 49.833688497543335
[2025-05-28 20:37:16] - Traininng loss : 1.247329060783547
[2025-05-28 20:37:18] - vali_results: {'mae': 0.474561482667923, 'mape': 4.063737392425537, 'mse': 0.41008636355400085, 'rmse': 0.6403798460960388}
[2025-05-28 20:37:18] - test_results: {'mae': 0.3071231245994568, 'mape': 14.14422607421875, 'mse': 0.1715133637189865, 'rmse': 0.4141417145729065}
[2025-05-28 20:37:42] - Epoch: 3 cost time: 75.9434266090393
[2025-05-28 20:37:42] - Traininng loss : 1.227115220903011
[2025-05-28 20:37:44] - vali_results: {'mae': 0.47992444038391113, 'mape': 4.221463203430176, 'mse': 0.421627014875412, 'rmse': 0.6493281126022339}
[2025-05-28 20:37:44] - test_results: {'mae': 0.3058534562587738, 'mape': 13.511815071105957, 'mse': 0.17026512324810028, 'rmse': 0.41263195872306824}
[2025-05-28 20:38:08] - Epoch: 4 cost time: 102.4277138710022
[2025-05-28 20:38:08] - Traininng loss : 1.2154738099387523
[2025-05-28 20:38:10] - vali_results: {'mae': 0.4642314612865448, 'mape': 4.314503192901611, 'mse': 0.39622801542282104, 'rmse': 0.6294664740562439}
[2025-05-28 20:38:11] - test_results: {'mae': 0.2973966896533966, 'mape': 15.704867362976074, 'mse': 0.1644768863916397, 'rmse': 0.4055575132369995}
[2025-05-28 20:38:35] - Epoch: 5 cost time: 128.95536184310913
[2025-05-28 20:38:35] - Traininng loss : 1.2042416062917602
[2025-05-28 20:38:37] - vali_results: {'mae': 0.4822082221508026, 'mape': 3.8288216590881348, 'mse': 0.42288535833358765, 'rmse': 0.6502963900566101}
[2025-05-28 20:38:38] - test_results: {'mae': 0.30715036392211914, 'mape': 13.144461631774902, 'mse': 0.17014719545841217, 'rmse': 0.41248902678489685}
[2025-05-28 20:39:01] - Epoch: 6 cost time: 155.00436902046204
[2025-05-28 20:39:01] - Traininng loss : 1.1932587479607444
[2025-05-28 20:39:03] - vali_results: {'mae': 0.4618392586708069, 'mape': 4.284170627593994, 'mse': 0.3956354260444641, 'rmse': 0.6289955973625183}
[2025-05-28 20:39:04] - test_results: {'mae': 0.2906937599182129, 'mape': 15.712063789367676, 'mse': 0.16081343591213226, 'rmse': 0.4010155200958252}
[2025-05-28 20:39:28] - Epoch: 7 cost time: 181.82131123542786
[2025-05-28 20:39:28] - Traininng loss : 1.1841577949483744
[2025-05-28 20:39:30] - vali_results: {'mae': 0.4840580224990845, 'mape': 4.063495635986328, 'mse': 0.43207457661628723, 'rmse': 0.6573237776756287}
[2025-05-28 20:39:30] - test_results: {'mae': 0.3061617910861969, 'mape': 13.560853958129883, 'mse': 0.17060576379299164, 'rmse': 0.4130445122718811}
[2025-05-28 20:39:54] - Epoch: 8 cost time: 208.36299204826355
[2025-05-28 20:39:54] - Traininng loss : 1.1744886337036498
[2025-05-28 20:39:56] - vali_results: {'mae': 0.4613603353500366, 'mape': 4.179255485534668, 'mse': 0.3975937068462372, 'rmse': 0.6305503249168396}
[2025-05-28 20:39:57] - test_results: {'mae': 0.2883546054363251, 'mape': 15.62675952911377, 'mse': 0.1579868048429489, 'rmse': 0.39747554063796997}
[2025-05-28 20:40:21] - Epoch: 9 cost time: 235.18744564056396
[2025-05-28 20:40:21] - Traininng loss : 1.17014946914121
[2025-05-28 20:40:23] - vali_results: {'mae': 0.45646607875823975, 'mape': 4.044017791748047, 'mse': 0.391194611787796, 'rmse': 0.6254554986953735}
[2025-05-28 20:40:24] - test_results: {'mae': 0.28510531783103943, 'mape': 15.920348167419434, 'mse': 0.15728400647640228, 'rmse': 0.3965904712677002}
[2025-05-28 20:40:47] - Epoch: 10 cost time: 261.40115427970886
[2025-05-28 20:40:47] - Traininng loss : 1.1660222965344955
[2025-05-28 20:40:49] - vali_results: {'mae': 0.46050646901130676, 'mape': 4.339358329772949, 'mse': 0.3988906443119049, 'rmse': 0.6315779089927673}
[2025-05-28 20:40:50] - test_results: {'mae': 0.2849574387073517, 'mape': 16.10489273071289, 'mse': 0.15634123980998993, 'rmse': 0.39540010690689087}
[2025-05-28 20:41:14] - Epoch: 11 cost time: 288.16922998428345
[2025-05-28 20:41:14] - Traininng loss : 1.1626986901411849
[2025-05-28 20:41:16] - vali_results: {'mae': 0.45561638474464417, 'mape': 4.53434944152832, 'mse': 0.3928365111351013, 'rmse': 0.6267667412757874}
[2025-05-28 20:41:17] - test_results: {'mae': 0.28420114517211914, 'mape': 17.67724609375, 'mse': 0.15988215804100037, 'rmse': 0.3998526632785797}
[2025-05-28 20:41:40] - Epoch: 12 cost time: 313.8808259963989
[2025-05-28 20:41:40] - Traininng loss : 1.1596235257855962
[2025-05-28 20:41:42] - vali_results: {'mae': 0.45914122462272644, 'mape': 4.308541774749756, 'mse': 0.39813104271888733, 'rmse': 0.6309762597084045}
[2025-05-28 20:41:42] - test_results: {'mae': 0.2837147116661072, 'mape': 16.011743545532227, 'mse': 0.1563946008682251, 'rmse': 0.3954675793647766}
[2025-05-28 20:42:06] - Epoch: 13 cost time: 340.38216185569763
[2025-05-28 20:42:06] - Traininng loss : 1.1564451792601789
[2025-05-28 20:42:08] - vali_results: {'mae': 0.4695765972137451, 'mape': 3.9577481746673584, 'mse': 0.4109499156475067, 'rmse': 0.6410537362098694}
[2025-05-28 20:42:09] - test_results: {'mae': 0.2945104241371155, 'mape': 14.184989929199219, 'mse': 0.16235515475273132, 'rmse': 0.40293318033218384}
[2025-05-28 20:42:33] - Epoch: 14 cost time: 366.7198739051819
[2025-05-28 20:42:33] - Traininng loss : 1.1533422572224328
[2025-05-28 20:42:34] - vali_results: {'mae': 0.4529508948326111, 'mape': 4.186049461364746, 'mse': 0.3879537880420685, 'rmse': 0.6228593587875366}
[2025-05-28 20:42:35] - test_results: {'mae': 0.28181201219558716, 'mape': 16.38823699951172, 'mse': 0.1568547934293747, 'rmse': 0.39604899287223816}
[2025-05-28 20:42:58] - Epoch: 15 cost time: 392.58633255958557
[2025-05-28 20:42:58] - Traininng loss : 1.1512265515126539
[2025-05-28 20:43:00] - vali_results: {'mae': 0.45588549971580505, 'mape': 4.258855819702148, 'mse': 0.3923230767250061, 'rmse': 0.6263569593429565}
[2025-05-28 20:43:01] - test_results: {'mae': 0.28073176741600037, 'mape': 15.889321327209473, 'mse': 0.15388223528862, 'rmse': 0.392278254032135}
[2025-05-28 20:43:25] - Epoch: 16 cost time: 418.89947295188904
[2025-05-28 20:43:25] - Traininng loss : 1.1504663389720273
[2025-05-28 20:43:27] - vali_results: {'mae': 0.4550880789756775, 'mape': 4.263901710510254, 'mse': 0.392424076795578, 'rmse': 0.6264376044273376}
[2025-05-28 20:43:27] - test_results: {'mae': 0.2797068953514099, 'mape': 16.501388549804688, 'mse': 0.15276524424552917, 'rmse': 0.3908519446849823}
[2025-05-28 20:43:51] - Epoch: 17 cost time: 445.2267565727234
[2025-05-28 20:43:51] - Traininng loss : 1.147696871436044
[2025-05-28 20:43:53] - vali_results: {'mae': 0.45282983779907227, 'mape': 4.09097146987915, 'mse': 0.3868084251880646, 'rmse': 0.6219392418861389}
[2025-05-28 20:43:54] - test_results: {'mae': 0.28214317560195923, 'mape': 16.265422821044922, 'mse': 0.15673838555812836, 'rmse': 0.39590197801589966}
[2025-05-28 20:44:17] - Epoch: 18 cost time: 471.3270163536072
[2025-05-28 20:44:17] - Traininng loss : 1.146322034383088
[2025-05-28 20:44:19] - vali_results: {'mae': 0.45946094393730164, 'mape': 4.074970722198486, 'mse': 0.39644503593444824, 'rmse': 0.6296387910842896}
[2025-05-28 20:44:20] - test_results: {'mae': 0.28666386008262634, 'mape': 15.461276054382324, 'mse': 0.15829533338546753, 'rmse': 0.3978634476661682}
[2025-05-28 20:44:44] - Epoch: 19 cost time: 497.7213749885559
[2025-05-28 20:44:44] - Traininng loss : 1.1430981937754021
[2025-05-28 20:44:45] - vali_results: {'mae': 0.45215556025505066, 'mape': 4.357661724090576, 'mse': 0.38819795846939087, 'rmse': 0.6230553388595581}
[2025-05-28 20:44:46] - test_results: {'mae': 0.27894482016563416, 'mape': 16.942710876464844, 'mse': 0.15470491349697113, 'rmse': 0.39332544803619385}
[2025-05-28 20:45:10] - Epoch: 20 cost time: 524.3182938098907
[2025-05-28 20:45:10] - Traininng loss : 1.141695722937584
[2025-05-28 20:45:12] - vali_results: {'mae': 0.4495598375797272, 'mape': 4.306225776672363, 'mse': 0.3843781054019928, 'rmse': 0.6199823617935181}
[2025-05-28 20:45:13] - test_results: {'mae': 0.2783781588077545, 'mape': 17.310001373291016, 'mse': 0.1558500975370407, 'rmse': 0.3947785496711731}
[2025-05-28 20:45:37] - Epoch: 21 cost time: 550.736005783081
[2025-05-28 20:45:37] - Traininng loss : 1.141920528217648
[2025-05-28 20:45:38] - vali_results: {'mae': 0.4579392969608307, 'mape': 4.038812637329102, 'mse': 0.3944053053855896, 'rmse': 0.6280169486999512}
[2025-05-28 20:45:39] - test_results: {'mae': 0.2837500274181366, 'mape': 15.23744010925293, 'mse': 0.15542252361774445, 'rmse': 0.39423662424087524}
[2025-05-28 20:46:03] - Epoch: 22 cost time: 577.6362476348877
[2025-05-28 20:46:03] - Traininng loss : 1.1389600552534789
[2025-05-28 20:46:05] - vali_results: {'mae': 0.44904187321662903, 'mape': 4.389093399047852, 'mse': 0.38474756479263306, 'rmse': 0.6202802062034607}
[2025-05-28 20:46:06] - test_results: {'mae': 0.2784426808357239, 'mape': 17.960647583007812, 'mse': 0.15676575899124146, 'rmse': 0.3959365487098694}
[2025-05-28 20:46:30] - Epoch: 23 cost time: 604.6367568969727
[2025-05-28 20:46:30] - Traininng loss : 1.137637018989981
[2025-05-28 20:46:33] - vali_results: {'mae': 0.45398691296577454, 'mape': 4.367681503295898, 'mse': 0.39265111088752747, 'rmse': 0.6266188025474548}
[2025-05-28 20:46:33] - test_results: {'mae': 0.2783639430999756, 'mape': 16.797588348388672, 'mse': 0.15337695181369781, 'rmse': 0.39163368940353394}
[2025-05-28 20:46:57] - Epoch: 24 cost time: 631.5365183353424
[2025-05-28 20:46:57] - Traininng loss : 1.1360313679729954
[2025-05-28 20:47:00] - vali_results: {'mae': 0.4621674418449402, 'mape': 3.938227891921997, 'mse': 0.39862391352653503, 'rmse': 0.6313667297363281}
[2025-05-28 20:47:00] - test_results: {'mae': 0.2898700535297394, 'mape': 14.950407028198242, 'mse': 0.15911588072776794, 'rmse': 0.3988933265209198}
[2025-05-28 20:47:24] - Epoch: 25 cost time: 658.5158774852753
[2025-05-28 20:47:24] - Traininng loss : 1.1369866166221962
[2025-05-28 20:47:26] - vali_results: {'mae': 0.44924044609069824, 'mape': 4.360910892486572, 'mse': 0.38309046626091003, 'rmse': 0.6189430356025696}
[2025-05-28 20:47:27] - test_results: {'mae': 0.27961423993110657, 'mape': 17.392318725585938, 'mse': 0.15728609263896942, 'rmse': 0.3965930938720703}
[2025-05-28 20:47:50] - Epoch: 26 cost time: 684.5610840320587
[2025-05-28 20:47:50] - Traininng loss : 1.133085636275538
[2025-05-28 20:47:52] - vali_results: {'mae': 0.46199843287467957, 'mape': 3.957794427871704, 'mse': 0.3993624150753021, 'rmse': 0.6319512724876404}
[2025-05-28 20:47:53] - test_results: {'mae': 0.2891332805156708, 'mape': 15.034205436706543, 'mse': 0.15831395983695984, 'rmse': 0.39788687229156494}
[2025-05-28 20:48:17] - Epoch: 27 cost time: 711.038782119751
[2025-05-28 20:48:17] - Traininng loss : 1.133523723550057
[2025-05-28 20:48:19] - vali_results: {'mae': 0.465361088514328, 'mape': 3.9861295223236084, 'mse': 0.4051051139831543, 'rmse': 0.6364786624908447}
[2025-05-28 20:48:20] - test_results: {'mae': 0.29100456833839417, 'mape': 14.163492202758789, 'mse': 0.15835565328598022, 'rmse': 0.3979392647743225}
[2025-05-28 20:48:45] - Epoch: 28 cost time: 738.7183630466461
[2025-05-28 20:48:45] - Traininng loss : 1.1310084406914336
[2025-05-28 20:48:46] - vali_results: {'mae': 0.4563428461551666, 'mape': 3.9450440406799316, 'mse': 0.39024874567985535, 'rmse': 0.6246989369392395}
[2025-05-28 20:48:47] - test_results: {'mae': 0.2851175367832184, 'mape': 15.720056533813477, 'mse': 0.15715396404266357, 'rmse': 0.3964264988899231}
[2025-05-28 20:49:11] - Epoch: 29 cost time: 765.5798745155334
[2025-05-28 20:49:11] - Traininng loss : 1.1335333351338848
[2025-05-28 20:49:13] - vali_results: {'mae': 0.45233842730522156, 'mape': 4.560459136962891, 'mse': 0.3911799192428589, 'rmse': 0.6254437565803528}
[2025-05-28 20:49:14] - test_results: {'mae': 0.2783537805080414, 'mape': 17.583763122558594, 'mse': 0.15481612086296082, 'rmse': 0.3934668004512787}
[2025-05-28 20:49:38] - Epoch: 30 cost time: 792.3968110084534
[2025-05-28 20:49:38] - Traininng loss : 1.1291580602024378
[2025-05-28 20:49:40] - vali_results: {'mae': 0.4522455334663391, 'mape': 3.983832597732544, 'mse': 0.3856351673603058, 'rmse': 0.620995283126831}
[2025-05-28 20:49:41] - test_results: {'mae': 0.28206920623779297, 'mape': 16.084264755249023, 'mse': 0.15676045417785645, 'rmse': 0.39592987298965454}
[2025-05-28 20:49:41] - loss no decreased for 5 epochs,  early stopping ....
[2025-05-28 20:49:42] - test_results: {'mae': 0.27961423993110657, 'mape': 17.392318725585938, 'mse': 0.15728609263896942, 'rmse': 0.3965930938720703}
