[2025-06-05 13:20:48] - run : 2 in seed: 4
[2025-06-05 13:20:48] - +-----------------------------------+------------+
|              Modules              | Parameters |
+-----------------------------------+------------+
|     fm.Linear_Seasonal.weight     |   32256    |
|      fm.Linear_Seasonal.bias      |    336     |
|       fm.Linear_Trend.weight      |   32256    |
|        fm.Linear_Trend.bias       |    336     |
|             nm.weight             |     14     |
| nm.model_freq.model_freq.0.weight |    6144    |
|  nm.model_freq.model_freq.0.bias  |     64     |
|  nm.model_freq.model_all.0.weight |   20480    |
|   nm.model_freq.model_all.0.bias  |    128     |
|  nm.model_freq.model_all.2.weight |   43008    |
|   nm.model_freq.model_all.2.bias  |    336     |
| nm.model_pred.model_freq.0.weight |   24576    |
|  nm.model_pred.model_freq.0.bias  |    256     |
|  nm.model_pred.model_all.0.weight |   180224   |
|   nm.model_pred.model_all.0.bias  |    512     |
|  nm.model_pred.model_all.2.weight |   172032   |
|   nm.model_pred.model_all.2.bias  |    336     |
+-----------------------------------+------------+
[2025-06-05 13:20:48] - Total Trainable Params: 513294
[2025-06-05 13:20:48] - model parameters: 513294
[2025-06-05 13:21:47] - Epoch: 1 cost time: 59.5394070148468
[2025-06-05 13:21:47] - Traininng loss : 0.8288554635606484
[2025-06-05 13:21:54] - vali_results: {'mae': 0.4371967613697052, 'mape': 1.9035520553588867, 'mse': 0.42370617389678955, 'rmse': 0.6509271860122681}
[2025-06-05 13:21:58] - test_results: {'mae': 0.4656315743923187, 'mape': 1.9921703338623047, 'mse': 0.4340316653251648, 'rmse': 0.6588107943534851}
[2025-06-05 13:23:01] - Epoch: 2 cost time: 133.49586009979248
[2025-06-05 13:23:01] - Traininng loss : 0.7779368228820837
[2025-06-05 13:23:09] - vali_results: {'mae': 0.4290575385093689, 'mape': 1.894670844078064, 'mse': 0.41543397307395935, 'rmse': 0.6445416808128357}
[2025-06-05 13:23:12] - test_results: {'mae': 0.4611949324607849, 'mape': 1.9979640245437622, 'mse': 0.4297289252281189, 'rmse': 0.6555371284484863}
[2025-06-05 13:24:15] - Epoch: 3 cost time: 207.2127664089203
[2025-06-05 13:24:15] - Traininng loss : 0.7699541478737706
[2025-06-05 13:24:22] - vali_results: {'mae': 0.43171533942222595, 'mape': 1.8670427799224854, 'mse': 0.4169458746910095, 'rmse': 0.6457134485244751}
[2025-06-05 13:24:25] - test_results: {'mae': 0.4681931138038635, 'mape': 1.9710705280303955, 'mse': 0.4394036829471588, 'rmse': 0.6628752946853638}
[2025-06-05 13:25:28] - Epoch: 4 cost time: 280.526709318161
[2025-06-05 13:25:28] - Traininng loss : 0.7649435042782701
[2025-06-05 13:25:36] - vali_results: {'mae': 0.42972248792648315, 'mape': 1.8706130981445312, 'mse': 0.4145287573337555, 'rmse': 0.6438390612602234}
[2025-06-05 13:25:39] - test_results: {'mae': 0.4623565375804901, 'mape': 1.9611181020736694, 'mse': 0.43167802691459656, 'rmse': 0.6570221185684204}
[2025-06-05 13:26:40] - Epoch: 5 cost time: 352.6946394443512
[2025-06-05 13:26:40] - Traininng loss : 0.761364143349176
[2025-06-05 13:26:48] - vali_results: {'mae': 0.42955708503723145, 'mape': 1.8948453664779663, 'mse': 0.41249075531959534, 'rmse': 0.6422544121742249}
[2025-06-05 13:26:52] - test_results: {'mae': 0.46083828806877136, 'mape': 1.9773406982421875, 'mse': 0.42995038628578186, 'rmse': 0.6557060480117798}
[2025-06-05 13:27:53] - Epoch: 6 cost time: 425.18109703063965
[2025-06-05 13:27:53] - Traininng loss : 0.7587856095331067
[2025-06-05 13:28:00] - vali_results: {'mae': 0.43140295147895813, 'mape': 1.897010326385498, 'mse': 0.4118627905845642, 'rmse': 0.6417653560638428}
[2025-06-05 13:28:04] - test_results: {'mae': 0.45927444100379944, 'mape': 1.9401662349700928, 'mse': 0.427550733089447, 'rmse': 0.65387362241745}
[2025-06-05 13:29:05] - Epoch: 7 cost time: 497.5557506084442
[2025-06-05 13:29:05] - Traininng loss : 0.7561995574451298
[2025-06-05 13:29:13] - vali_results: {'mae': 0.42903098464012146, 'mape': 1.951708197593689, 'mse': 0.41001906991004944, 'rmse': 0.6403273344039917}
[2025-06-05 13:29:16] - test_results: {'mae': 0.454715758562088, 'mape': 2.0036749839782715, 'mse': 0.42120736837387085, 'rmse': 0.6490048766136169}
[2025-06-05 13:30:18] - Epoch: 8 cost time: 569.9475972652435
[2025-06-05 13:30:18] - Traininng loss : 0.7542373207252914
[2025-06-05 13:30:25] - vali_results: {'mae': 0.4314360022544861, 'mape': 1.8945095539093018, 'mse': 0.4131421148777008, 'rmse': 0.6427613496780396}
[2025-06-05 13:30:29] - test_results: {'mae': 0.4616660475730896, 'mape': 1.9716418981552124, 'mse': 0.4300169050693512, 'rmse': 0.6557567715644836}
[2025-06-05 13:31:32] - Epoch: 9 cost time: 644.530024766922
[2025-06-05 13:31:32] - Traininng loss : 0.7526570892665341
[2025-06-05 13:31:39] - vali_results: {'mae': 0.42881932854652405, 'mape': 1.912514090538025, 'mse': 0.4110822081565857, 'rmse': 0.6411569118499756}
[2025-06-05 13:31:43] - test_results: {'mae': 0.45920395851135254, 'mape': 2.002950429916382, 'mse': 0.4281677305698395, 'rmse': 0.6543452739715576}
[2025-06-05 13:32:45] - Epoch: 10 cost time: 717.2143578529358
[2025-06-05 13:32:45] - Traininng loss : 0.7509676770687419
[2025-06-05 13:32:52] - vali_results: {'mae': 0.4278782308101654, 'mape': 1.9106414318084717, 'mse': 0.4125417470932007, 'rmse': 0.6422941088676453}
[2025-06-05 13:32:56] - test_results: {'mae': 0.46318569779396057, 'mape': 2.0311942100524902, 'mse': 0.43474653363227844, 'rmse': 0.6593531370162964}
[2025-06-05 13:33:57] - Epoch: 11 cost time: 789.1732587814331
[2025-06-05 13:33:57] - Traininng loss : 0.7499080514923616
[2025-06-05 13:34:04] - vali_results: {'mae': 0.4274800419807434, 'mape': 1.9371302127838135, 'mse': 0.4113348424434662, 'rmse': 0.6413539052009583}
[2025-06-05 13:34:08] - test_results: {'mae': 0.45812028646469116, 'mape': 2.0301451683044434, 'mse': 0.42805153131484985, 'rmse': 0.6542564630508423}
[2025-06-05 13:35:11] - Epoch: 12 cost time: 863.3853561878204
[2025-06-05 13:35:11] - Traininng loss : 0.7489186529684035
[2025-06-05 13:35:18] - vali_results: {'mae': 0.42837753891944885, 'mape': 1.8999298810958862, 'mse': 0.4109607934951782, 'rmse': 0.6410622596740723}
[2025-06-05 13:35:22] - test_results: {'mae': 0.46368980407714844, 'mape': 1.9955610036849976, 'mse': 0.435065358877182, 'rmse': 0.6595948338508606}
[2025-06-05 13:35:22] - loss no decreased for 5 epochs,  early stopping ....
[2025-06-05 13:35:26] - test_results: {'mae': 0.454715758562088, 'mape': 2.0036749839782715, 'mse': 0.42120736837387085, 'rmse': 0.6490048766136169}
