[2025-06-05 00:50:18] - run : 3 in seed: 5
[2025-06-05 00:50:18] - +-----------------------------------+------------+
|              Modules              | Parameters |
+-----------------------------------+------------+
|     fm.Linear_Seasonal.weight     |   32256    |
|      fm.Linear_Seasonal.bias      |    336     |
|       fm.Linear_Trend.weight      |   32256    |
|        fm.Linear_Trend.bias       |    336     |
|             nm.weight             |     14     |
| nm.model_freq.model_freq.0.weight |    6144    |
|  nm.model_freq.model_freq.0.bias  |     64     |
|  nm.model_freq.model_all.0.weight |   20480    |
|   nm.model_freq.model_all.0.bias  |    128     |
|  nm.model_freq.model_all.2.weight |   43008    |
|   nm.model_freq.model_all.2.bias  |    336     |
| nm.model_pred.model_freq.0.weight |   24576    |
|  nm.model_pred.model_freq.0.bias  |    256     |
|  nm.model_pred.model_all.0.weight |   180224   |
|   nm.model_pred.model_all.0.bias  |    512     |
|  nm.model_pred.model_all.2.weight |   172032   |
|   nm.model_pred.model_all.2.bias  |    336     |
+-----------------------------------+------------+
[2025-06-05 00:50:18] - Total Trainable Params: 513294
[2025-06-05 00:50:18] - model parameters: 513294
[2025-06-05 00:50:33] - Epoch: 1 cost time: 15.133556127548218
[2025-06-05 00:50:33] - Traininng loss : 1.2270304594674837
[2025-06-05 00:50:35] - vali_results: {'mae': 0.4863206744194031, 'mape': 6.224387168884277, 'mse': 0.47801485657691956, 'rmse': 0.6913861632347107}
[2025-06-05 00:50:36] - test_results: {'mae': 0.5000110864639282, 'mape': 6.662860870361328, 'mse': 0.46197816729545593, 'rmse': 0.6796897649765015}
[2025-06-05 00:50:51] - Epoch: 2 cost time: 33.34369158744812
[2025-06-05 00:50:51] - Traininng loss : 1.0873572717866171
[2025-06-05 00:50:53] - vali_results: {'mae': 0.4798882305622101, 'mape': 6.252320766448975, 'mse': 0.4727894961833954, 'rmse': 0.6875969171524048}
[2025-06-05 00:50:54] - test_results: {'mae': 0.4869781732559204, 'mape': 6.426886558532715, 'mse': 0.4461323618888855, 'rmse': 0.6679313778877258}
[2025-06-05 00:51:09] - Epoch: 3 cost time: 51.78927993774414
[2025-06-05 00:51:09] - Traininng loss : 1.0731168999944045
[2025-06-05 00:51:11] - vali_results: {'mae': 0.47948190569877625, 'mape': 6.278923511505127, 'mse': 0.4704440236091614, 'rmse': 0.6858892440795898}
[2025-06-05 00:51:12] - test_results: {'mae': 0.48769447207450867, 'mape': 6.611735820770264, 'mse': 0.44720929861068726, 'rmse': 0.6687371134757996}
[2025-06-05 00:51:27] - Epoch: 4 cost time: 69.8202702999115
[2025-06-05 00:51:27] - Traininng loss : 1.0663893506254838
[2025-06-05 00:51:29] - vali_results: {'mae': 0.47924160957336426, 'mape': 6.154178619384766, 'mse': 0.475251704454422, 'rmse': 0.6893849968910217}
[2025-06-05 00:51:30] - test_results: {'mae': 0.5040722489356995, 'mape': 6.092332363128662, 'mse': 0.46896782517433167, 'rmse': 0.6848122477531433}
[2025-06-05 00:51:46] - Epoch: 5 cost time: 87.90469145774841
[2025-06-05 00:51:46] - Traininng loss : 1.0599154266326323
[2025-06-05 00:51:47] - vali_results: {'mae': 0.47755736112594604, 'mape': 6.3780083656311035, 'mse': 0.4698985517024994, 'rmse': 0.6854914426803589}
[2025-06-05 00:51:48] - test_results: {'mae': 0.49165549874305725, 'mape': 6.478334903717041, 'mse': 0.45199161767959595, 'rmse': 0.6723031997680664}
[2025-06-05 00:52:04] - Epoch: 6 cost time: 106.27007937431335
[2025-06-05 00:52:04] - Traininng loss : 1.054882562354855
[2025-06-05 00:52:06] - vali_results: {'mae': 0.4793340563774109, 'mape': 6.29789400100708, 'mse': 0.4714485704898834, 'rmse': 0.6866211295127869}
[2025-06-05 00:52:07] - test_results: {'mae': 0.4885386824607849, 'mape': 6.201376914978027, 'mse': 0.44722750782966614, 'rmse': 0.6687507033348083}
[2025-06-05 00:52:22] - Epoch: 7 cost time: 124.27091908454895
[2025-06-05 00:52:22] - Traininng loss : 1.0517617188718007
[2025-06-05 00:52:24] - vali_results: {'mae': 0.48159345984458923, 'mape': 6.212469577789307, 'mse': 0.4738951325416565, 'rmse': 0.688400387763977}
[2025-06-05 00:52:25] - test_results: {'mae': 0.49369415640830994, 'mape': 6.003269672393799, 'mse': 0.45287686586380005, 'rmse': 0.6729612946510315}
[2025-06-05 00:52:40] - Epoch: 8 cost time: 142.50071716308594
[2025-06-05 00:52:40] - Traininng loss : 1.0492286886210027
[2025-06-05 00:52:42] - vali_results: {'mae': 0.48251616954803467, 'mape': 6.36176061630249, 'mse': 0.47578176856040955, 'rmse': 0.6897693872451782}
[2025-06-05 00:52:43] - test_results: {'mae': 0.4862232208251953, 'mape': 6.29354190826416, 'mse': 0.44339096546173096, 'rmse': 0.6658760905265808}
[2025-06-05 00:52:59] - Epoch: 9 cost time: 160.9598970413208
[2025-06-05 00:52:59] - Traininng loss : 1.046470126218122
[2025-06-05 00:53:01] - vali_results: {'mae': 0.47861361503601074, 'mape': 6.3737077713012695, 'mse': 0.47157102823257446, 'rmse': 0.6867102980613708}
[2025-06-05 00:53:02] - test_results: {'mae': 0.48688647150993347, 'mape': 6.264490604400635, 'mse': 0.44485267996788025, 'rmse': 0.6669727563858032}
[2025-06-05 00:53:17] - Epoch: 10 cost time: 179.26977634429932
[2025-06-05 00:53:17] - Traininng loss : 1.0433932474773864
[2025-06-05 00:53:19] - vali_results: {'mae': 0.48024511337280273, 'mape': 6.217446327209473, 'mse': 0.4733130633831024, 'rmse': 0.6879774928092957}
[2025-06-05 00:53:20] - test_results: {'mae': 0.5010578632354736, 'mape': 5.765354633331299, 'mse': 0.4628894329071045, 'rmse': 0.6803597807884216}
[2025-06-05 00:53:20] - loss no decreased for 5 epochs,  early stopping ....
[2025-06-05 00:53:21] - test_results: {'mae': 0.49165549874305725, 'mape': 6.478334903717041, 'mse': 0.45199161767959595, 'rmse': 0.6723031997680664}
