[2025-06-05 14:50:42] - run : 3 in seed: 5
[2025-06-05 14:50:42] - +-----------------------------------+------------+
|              Modules              | Parameters |
+-----------------------------------+------------+
|     fm.Linear_Seasonal.weight     |   69120    |
|      fm.Linear_Seasonal.bias      |    720     |
|       fm.Linear_Trend.weight      |   69120    |
|        fm.Linear_Trend.bias       |    720     |
|             nm.weight             |     14     |
| nm.model_freq.model_freq.0.weight |    6144    |
|  nm.model_freq.model_freq.0.bias  |     64     |
|  nm.model_freq.model_all.0.weight |   20480    |
|   nm.model_freq.model_all.0.bias  |    128     |
|  nm.model_freq.model_all.2.weight |   92160    |
|   nm.model_freq.model_all.2.bias  |    720     |
| nm.model_pred.model_freq.0.weight |   24576    |
|  nm.model_pred.model_freq.0.bias  |    256     |
|  nm.model_pred.model_all.0.weight |   180224   |
|   nm.model_pred.model_all.0.bias  |    512     |
|  nm.model_pred.model_all.2.weight |   368640   |
|   nm.model_pred.model_all.2.bias  |    720     |
+-----------------------------------+------------+
[2025-06-05 14:50:42] - Total Trainable Params: 834318
[2025-06-05 14:50:42] - model parameters: 834318
[2025-06-05 14:52:16] - Epoch: 1 cost time: 93.76376509666443
[2025-06-05 14:52:16] - Traininng loss : 1.0161372165110527
[2025-06-05 14:52:24] - vali_results: {'mae': 0.471211314201355, 'mape': 2.032773733139038, 'mse': 0.47576025128364563, 'rmse': 0.6897537708282471}
[2025-06-05 14:52:28] - test_results: {'mae': 0.4937993586063385, 'mape': 2.0819082260131836, 'mse': 0.4739571213722229, 'rmse': 0.6884454488754272}
[2025-06-05 14:54:02] - Epoch: 2 cost time: 199.81990838050842
[2025-06-05 14:54:02] - Traininng loss : 0.9679451626964694
[2025-06-05 14:54:10] - vali_results: {'mae': 0.47056689858436584, 'mape': 2.034278154373169, 'mse': 0.47585421800613403, 'rmse': 0.6898218989372253}
[2025-06-05 14:54:14] - test_results: {'mae': 0.49611419439315796, 'mape': 2.0866315364837646, 'mse': 0.47872933745384216, 'rmse': 0.6919026970863342}
[2025-06-05 14:55:49] - Epoch: 3 cost time: 307.0349051952362
[2025-06-05 14:55:49] - Traininng loss : 0.9611166878649996
[2025-06-05 14:55:57] - vali_results: {'mae': 0.46769726276397705, 'mape': 2.0648269653320312, 'mse': 0.47161850333213806, 'rmse': 0.6867448687553406}
[2025-06-05 14:56:01] - test_results: {'mae': 0.4919849634170532, 'mape': 2.0986828804016113, 'mse': 0.47370484471321106, 'rmse': 0.6882621645927429}
[2025-06-05 14:57:35] - Epoch: 4 cost time: 413.324462890625
[2025-06-05 14:57:35] - Traininng loss : 0.9568803450359831
[2025-06-05 14:57:44] - vali_results: {'mae': 0.4674389958381653, 'mape': 2.0586230754852295, 'mse': 0.47085511684417725, 'rmse': 0.686188817024231}
[2025-06-05 14:57:48] - test_results: {'mae': 0.4922945201396942, 'mape': 2.092407464981079, 'mse': 0.4743748903274536, 'rmse': 0.6887487769126892}
[2025-06-05 14:59:21] - Epoch: 5 cost time: 519.019229888916
[2025-06-05 14:59:21] - Traininng loss : 0.9539967828229556
[2025-06-05 14:59:29] - vali_results: {'mae': 0.4767412543296814, 'mape': 1.9695216417312622, 'mse': 0.4771821200847626, 'rmse': 0.690783679485321}
[2025-06-05 14:59:32] - test_results: {'mae': 0.5065076947212219, 'mape': 2.021688461303711, 'mse': 0.49205148220062256, 'rmse': 0.7014638185501099}
[2025-06-05 15:01:08] - Epoch: 6 cost time: 625.4531502723694
[2025-06-05 15:01:08] - Traininng loss : 0.9505345961743789
[2025-06-05 15:01:16] - vali_results: {'mae': 0.4698939323425293, 'mape': 2.047708749771118, 'mse': 0.470874160528183, 'rmse': 0.6862027049064636}
[2025-06-05 15:01:20] - test_results: {'mae': 0.49481141567230225, 'mape': 2.063807725906372, 'mse': 0.4771665036678314, 'rmse': 0.6907724142074585}
[2025-06-05 15:02:54] - Epoch: 7 cost time: 732.1647655963898
[2025-06-05 15:02:54] - Traininng loss : 0.9487485933335643
[2025-06-05 15:03:01] - vali_results: {'mae': 0.47032973170280457, 'mape': 2.084926128387451, 'mse': 0.4731453061103821, 'rmse': 0.68785560131073}
[2025-06-05 15:03:05] - test_results: {'mae': 0.49554508924484253, 'mape': 2.1252636909484863, 'mse': 0.4796634018421173, 'rmse': 0.6925773620605469}
[2025-06-05 15:04:40] - Epoch: 8 cost time: 838.3053462505341
[2025-06-05 15:04:40] - Traininng loss : 0.9470934658705831
[2025-06-05 15:04:48] - vali_results: {'mae': 0.4750850796699524, 'mape': 2.026589870452881, 'mse': 0.4753817915916443, 'rmse': 0.6894793510437012}
[2025-06-05 15:04:52] - test_results: {'mae': 0.49831217527389526, 'mape': 2.0491325855255127, 'mse': 0.48221874237060547, 'rmse': 0.6944197416305542}
[2025-06-05 15:06:30] - Epoch: 9 cost time: 948.2097542285919
[2025-06-05 15:06:30] - Traininng loss : 0.9448675447261039
[2025-06-05 15:06:38] - vali_results: {'mae': 0.4671034812927246, 'mape': 2.08247971534729, 'mse': 0.47254180908203125, 'rmse': 0.6874167919158936}
[2025-06-05 15:06:42] - test_results: {'mae': 0.4984920024871826, 'mape': 2.166569232940674, 'mse': 0.48548999428749084, 'rmse': 0.6967711448669434}
[2025-06-05 15:06:42] - loss no decreased for 5 epochs,  early stopping ....
[2025-06-05 15:06:46] - test_results: {'mae': 0.4922945201396942, 'mape': 2.092407464981079, 'mse': 0.4743748903274536, 'rmse': 0.6887487769126892}
