[2025-06-04 23:30:46] - run : 2 in seed: 3
[2025-06-04 23:30:46] - +-----------------------------------+------------+
|              Modules              | Parameters |
+-----------------------------------+------------+
|     fm.Linear_Seasonal.weight     |   69120    |
|      fm.Linear_Seasonal.bias      |    720     |
|       fm.Linear_Trend.weight      |   69120    |
|        fm.Linear_Trend.bias       |    720     |
|             nm.weight             |     16     |
| nm.model_freq.model_freq.0.weight |    6144    |
|  nm.model_freq.model_freq.0.bias  |     64     |
|  nm.model_freq.model_all.0.weight |   20480    |
|   nm.model_freq.model_all.0.bias  |    128     |
|  nm.model_freq.model_all.2.weight |   92160    |
|   nm.model_freq.model_all.2.bias  |    720     |
| nm.model_pred.model_freq.0.weight |   24576    |
|  nm.model_pred.model_freq.0.bias  |    256     |
|  nm.model_pred.model_all.0.weight |   180224   |
|   nm.model_pred.model_all.0.bias  |    512     |
|  nm.model_pred.model_all.2.weight |   368640   |
|   nm.model_pred.model_all.2.bias  |    720     |
+-----------------------------------+------------+
[2025-06-04 23:30:46] - Total Trainable Params: 834320
[2025-06-04 23:30:46] - model parameters: 834320
[2025-06-04 23:30:55] - Epoch: 1 cost time: 9.385167837142944
[2025-06-04 23:30:55] - Traininng loss : 0.9707631950682782
[2025-06-04 23:30:56] - vali_results: {'mae': 0.7831853032112122, 'mape': 0.9538836479187012, 'mse': 0.8863755464553833, 'rmse': 0.9414752125740051}
[2025-06-04 23:30:56] - test_results: {'mae': 0.4379642903804779, 'mape': 2.7417521476745605, 'mse': 0.32977479696273804, 'rmse': 0.5742602348327637}
[2025-06-04 23:31:06] - Epoch: 2 cost time: 19.845819234848022
[2025-06-04 23:31:06] - Traininng loss : 0.8168025748104069
[2025-06-04 23:31:06] - vali_results: {'mae': 0.7608538866043091, 'mape': 0.99006587266922, 'mse': 0.8686734437942505, 'rmse': 0.9320265054702759}
[2025-06-04 23:31:07] - test_results: {'mae': 0.4311569035053253, 'mape': 2.944838523864746, 'mse': 0.31607764959335327, 'rmse': 0.562207818031311}
[2025-06-04 23:31:16] - Epoch: 3 cost time: 30.23080039024353
[2025-06-04 23:31:16] - Traininng loss : 0.8025060617331917
[2025-06-04 23:31:17] - vali_results: {'mae': 0.785183310508728, 'mape': 0.9862965941429138, 'mse': 0.9156734943389893, 'rmse': 0.9569082856178284}
[2025-06-04 23:31:17] - test_results: {'mae': 0.4240129888057709, 'mape': 2.56912899017334, 'mse': 0.31267455220222473, 'rmse': 0.5591731071472168}
[2025-06-04 23:31:26] - Epoch: 4 cost time: 40.601476192474365
[2025-06-04 23:31:26] - Traininng loss : 0.7930048640738142
[2025-06-04 23:31:27] - vali_results: {'mae': 0.7827897667884827, 'mape': 0.9869855046272278, 'mse': 0.916961669921875, 'rmse': 0.9575811624526978}
[2025-06-04 23:31:27] - test_results: {'mae': 0.42502546310424805, 'mape': 2.655181884765625, 'mse': 0.3111909031867981, 'rmse': 0.557844877243042}
[2025-06-04 23:31:37] - Epoch: 5 cost time: 51.3902542591095
[2025-06-04 23:31:37] - Traininng loss : 0.7852406024087405
[2025-06-04 23:31:38] - vali_results: {'mae': 0.7574449777603149, 'mape': 0.9468687772750854, 'mse': 0.8441063761711121, 'rmse': 0.9187526106834412}
[2025-06-04 23:31:38] - test_results: {'mae': 0.4076029062271118, 'mape': 2.666595220565796, 'mse': 0.290545254945755, 'rmse': 0.5390225052833557}
[2025-06-04 23:31:48] - Epoch: 6 cost time: 62.045867919921875
[2025-06-04 23:31:48] - Traininng loss : 0.7812740971856084
[2025-06-04 23:31:48] - vali_results: {'mae': 0.7983741164207458, 'mape': 0.9802221655845642, 'mse': 0.923136293888092, 'rmse': 0.9607998132705688}
[2025-06-04 23:31:49] - test_results: {'mae': 0.41675177216529846, 'mape': 2.646916627883911, 'mse': 0.3023425340652466, 'rmse': 0.5498568415641785}
[2025-06-04 23:31:58] - Epoch: 7 cost time: 72.53881669044495
[2025-06-04 23:31:58] - Traininng loss : 0.7778093874031771
[2025-06-04 23:31:59] - vali_results: {'mae': 0.7950919270515442, 'mape': 0.9637405276298523, 'mse': 0.9116238355636597, 'rmse': 0.954789936542511}
[2025-06-04 23:31:59] - test_results: {'mae': 0.4147700071334839, 'mape': 2.6487207412719727, 'mse': 0.2985694706439972, 'rmse': 0.5464150905609131}
[2025-06-04 23:32:09] - Epoch: 8 cost time: 83.08486914634705
[2025-06-04 23:32:09] - Traininng loss : 0.7730793060985863
[2025-06-04 23:32:09] - vali_results: {'mae': 0.7704740762710571, 'mape': 0.9386254549026489, 'mse': 0.8550295829772949, 'rmse': 0.9246780872344971}
[2025-06-04 23:32:10] - test_results: {'mae': 0.39879661798477173, 'mape': 2.5754520893096924, 'mse': 0.28400763869285583, 'rmse': 0.532923698425293}
[2025-06-04 23:32:19] - Epoch: 9 cost time: 93.6232533454895
[2025-06-04 23:32:19] - Traininng loss : 0.7688009840376834
[2025-06-04 23:32:20] - vali_results: {'mae': 0.7532939910888672, 'mape': 0.9457511901855469, 'mse': 0.8058063983917236, 'rmse': 0.8976671695709229}
[2025-06-04 23:32:20] - test_results: {'mae': 0.40183526277542114, 'mape': 2.7494618892669678, 'mse': 0.2835180461406708, 'rmse': 0.5324641466140747}
[2025-06-04 23:32:30] - Epoch: 10 cost time: 104.05400037765503
[2025-06-04 23:32:30] - Traininng loss : 0.7669769356436763
[2025-06-04 23:32:30] - vali_results: {'mae': 0.7497267127037048, 'mape': 0.9111349582672119, 'mse': 0.8338857889175415, 'rmse': 0.913173496723175}
[2025-06-04 23:32:31] - test_results: {'mae': 0.41158056259155273, 'mape': 2.870612382888794, 'mse': 0.29919227957725525, 'rmse': 0.5469847321510315}
[2025-06-04 23:32:40] - Epoch: 11 cost time: 114.74352598190308
[2025-06-04 23:32:40] - Traininng loss : 0.7646350649231715
[2025-06-04 23:32:41] - vali_results: {'mae': 0.7685845494270325, 'mape': 0.9731457829475403, 'mse': 0.8783820271492004, 'rmse': 0.9372203946113586}
[2025-06-04 23:32:42] - test_results: {'mae': 0.40354710817337036, 'mape': 2.7031614780426025, 'mse': 0.2861637771129608, 'rmse': 0.5349428057670593}
[2025-06-04 23:32:51] - Epoch: 12 cost time: 125.30981254577637
[2025-06-04 23:32:51] - Traininng loss : 0.7628798865257426
[2025-06-04 23:32:52] - vali_results: {'mae': 0.6680431365966797, 'mape': 0.8671121001243591, 'mse': 0.6760826706886292, 'rmse': 0.8222424387931824}
[2025-06-04 23:32:52] - test_results: {'mae': 0.4059237539768219, 'mape': 3.224883794784546, 'mse': 0.2932989299297333, 'rmse': 0.541570782661438}
[2025-06-04 23:33:02] - Epoch: 13 cost time: 135.88412499427795
[2025-06-04 23:33:02] - Traininng loss : 0.7585660113510511
[2025-06-04 23:33:02] - vali_results: {'mae': 0.7703797817230225, 'mape': 0.9028968811035156, 'mse': 0.8671303391456604, 'rmse': 0.9311983585357666}
[2025-06-04 23:33:03] - test_results: {'mae': 0.39411741495132446, 'mape': 2.590190887451172, 'mse': 0.2826027274131775, 'rmse': 0.5316039323806763}
[2025-06-04 23:33:12] - Epoch: 14 cost time: 146.31115651130676
[2025-06-04 23:33:12] - Traininng loss : 0.7572793859116574
[2025-06-04 23:33:13] - vali_results: {'mae': 0.7302268743515015, 'mape': 0.8945003151893616, 'mse': 0.8005121946334839, 'rmse': 0.8947134613990784}
[2025-06-04 23:33:13] - test_results: {'mae': 0.42382580041885376, 'mape': 3.2197089195251465, 'mse': 0.31122490763664246, 'rmse': 0.5578753352165222}
[2025-06-04 23:33:22] - Epoch: 15 cost time: 156.75243997573853
[2025-06-04 23:33:22] - Traininng loss : 0.7561249906289662
[2025-06-04 23:33:23] - vali_results: {'mae': 0.706028163433075, 'mape': 0.8814635276794434, 'mse': 0.7583279609680176, 'rmse': 0.8708202838897705}
[2025-06-04 23:33:23] - test_results: {'mae': 0.399296373128891, 'mape': 2.9963107109069824, 'mse': 0.2854444086551666, 'rmse': 0.5342699885368347}
[2025-06-04 23:33:33] - Epoch: 16 cost time: 166.88208889961243
[2025-06-04 23:33:33] - Traininng loss : 0.7534459871603242
[2025-06-04 23:33:33] - vali_results: {'mae': 0.761360764503479, 'mape': 0.9443021416664124, 'mse': 0.8749115467071533, 'rmse': 0.9353670477867126}
[2025-06-04 23:33:34] - test_results: {'mae': 0.41613438725471497, 'mape': 3.046077013015747, 'mse': 0.3037157356739044, 'rmse': 0.5511041283607483}
[2025-06-04 23:33:43] - Epoch: 17 cost time: 177.49540781974792
[2025-06-04 23:33:43] - Traininng loss : 0.7511255753801224
[2025-06-04 23:33:44] - vali_results: {'mae': 0.7797800898551941, 'mape': 0.9506841897964478, 'mse': 0.9046733975410461, 'rmse': 0.951143205165863}
[2025-06-04 23:33:44] - test_results: {'mae': 0.4095398187637329, 'mape': 2.889955520629883, 'mse': 0.29803431034088135, 'rmse': 0.5459251999855042}
[2025-06-04 23:33:44] - loss no decreased for 5 epochs,  early stopping ....
[2025-06-04 23:33:45] - test_results: {'mae': 0.4059237539768219, 'mape': 3.224883794784546, 'mse': 0.2932989299297333, 'rmse': 0.541570782661438}
