[2025-06-05 16:29:21] - run : 2 in seed: 4
[2025-06-05 16:29:21] - +-----------------------------------+------------+
|              Modules              | Parameters |
+-----------------------------------+------------+
|     fm.Linear_Seasonal.weight     |   16128    |
|      fm.Linear_Seasonal.bias      |    168     |
|       fm.Linear_Trend.weight      |   16128    |
|        fm.Linear_Trend.bias       |    168     |
|             nm.weight             |     14     |
| nm.model_freq.model_freq.0.weight |    6144    |
|  nm.model_freq.model_freq.0.bias  |     64     |
|  nm.model_freq.model_all.0.weight |   20480    |
|   nm.model_freq.model_all.0.bias  |    128     |
|  nm.model_freq.model_all.2.weight |   21504    |
|   nm.model_freq.model_all.2.bias  |    168     |
| nm.model_pred.model_freq.0.weight |   24576    |
|  nm.model_pred.model_freq.0.bias  |    256     |
|  nm.model_pred.model_all.0.weight |   180224   |
|   nm.model_pred.model_all.0.bias  |    512     |
|  nm.model_pred.model_all.2.weight |   86016    |
|   nm.model_pred.model_all.2.bias  |    168     |
+-----------------------------------+------------+
[2025-06-05 16:29:21] - Total Trainable Params: 372846
[2025-06-05 16:29:21] - model parameters: 372846
[2025-06-05 16:30:06] - Epoch: 1 cost time: 44.897109508514404
[2025-06-05 16:30:06] - Traininng loss : 0.4438964086452753
[2025-06-05 16:30:13] - vali_results: {'mae': 0.2932591438293457, 'mape': 1.7326736450195312, 'mse': 0.19162118434906006, 'rmse': 0.4377455711364746}
[2025-06-05 16:30:16] - test_results: {'mae': 0.2224593162536621, 'mape': 2.1631991863250732, 'mse': 0.09510675072669983, 'rmse': 0.30839383602142334}
[2025-06-05 16:31:03] - Epoch: 2 cost time: 102.63425493240356
[2025-06-05 16:31:03] - Traininng loss : 0.39620159351283496
[2025-06-05 16:31:10] - vali_results: {'mae': 0.2933444082736969, 'mape': 1.7866517305374146, 'mse': 0.19133850932121277, 'rmse': 0.43742257356643677}
[2025-06-05 16:31:14] - test_results: {'mae': 0.22254417836666107, 'mape': 2.2301700115203857, 'mse': 0.09542154520750046, 'rmse': 0.3089037835597992}
[2025-06-05 16:32:01] - Epoch: 3 cost time: 160.25863885879517
[2025-06-05 16:32:01] - Traininng loss : 0.38877212479661466
[2025-06-05 16:32:08] - vali_results: {'mae': 0.29029524326324463, 'mape': 1.7511329650878906, 'mse': 0.1896723210811615, 'rmse': 0.43551385402679443}
[2025-06-05 16:32:12] - test_results: {'mae': 0.21968212723731995, 'mape': 2.212780237197876, 'mse': 0.09380169957876205, 'rmse': 0.30627062916755676}
[2025-06-05 16:32:58] - Epoch: 4 cost time: 217.4654791355133
[2025-06-05 16:32:58] - Traininng loss : 0.3860382136735935
[2025-06-05 16:33:05] - vali_results: {'mae': 0.28822001814842224, 'mape': 1.7494944334030151, 'mse': 0.18706698715686798, 'rmse': 0.43251240253448486}
[2025-06-05 16:33:09] - test_results: {'mae': 0.21922656893730164, 'mape': 2.209481716156006, 'mse': 0.093154177069664, 'rmse': 0.3052116930484772}
[2025-06-05 16:33:54] - Epoch: 5 cost time: 273.4418773651123
[2025-06-05 16:33:54] - Traininng loss : 0.38333722502091405
[2025-06-05 16:34:01] - vali_results: {'mae': 0.28981974720954895, 'mape': 1.7476555109024048, 'mse': 0.1890529990196228, 'rmse': 0.43480226397514343}
[2025-06-05 16:34:05] - test_results: {'mae': 0.21985745429992676, 'mape': 2.1912195682525635, 'mse': 0.09388252347707748, 'rmse': 0.3064025640487671}
[2025-06-05 16:34:47] - Epoch: 6 cost time: 326.2966206073761
[2025-06-05 16:34:47] - Traininng loss : 0.38231415516189154
[2025-06-05 16:34:54] - vali_results: {'mae': 0.30395862460136414, 'mape': 1.6457933187484741, 'mse': 0.1976817399263382, 'rmse': 0.44461414217948914}
[2025-06-05 16:34:57] - test_results: {'mae': 0.22543691098690033, 'mape': 2.128565788269043, 'mse': 0.0955568253993988, 'rmse': 0.3091226816177368}
[2025-06-05 16:35:41] - Epoch: 7 cost time: 380.3993537425995
[2025-06-05 16:35:41] - Traininng loss : 0.3811220875649603
[2025-06-05 16:35:48] - vali_results: {'mae': 0.29034748673439026, 'mape': 1.7733944654464722, 'mse': 0.1894419938325882, 'rmse': 0.43524935841560364}
[2025-06-05 16:35:51] - test_results: {'mae': 0.22177881002426147, 'mape': 2.285609483718872, 'mse': 0.09507278352975845, 'rmse': 0.3083387613296509}
[2025-06-05 16:36:37] - Epoch: 8 cost time: 436.32410502433777
[2025-06-05 16:36:37] - Traininng loss : 0.3802983484224182
[2025-06-05 16:36:43] - vali_results: {'mae': 0.29988524317741394, 'mape': 1.6340892314910889, 'mse': 0.19141606986522675, 'rmse': 0.43751123547554016}
[2025-06-05 16:36:46] - test_results: {'mae': 0.22429579496383667, 'mape': 2.011165142059326, 'mse': 0.09492447227239609, 'rmse': 0.308098167181015}
[2025-06-05 16:37:32] - Epoch: 9 cost time: 491.737459897995
[2025-06-05 16:37:32] - Traininng loss : 0.37964804894883303
[2025-06-05 16:37:39] - vali_results: {'mae': 0.28994283080101013, 'mape': 1.714515209197998, 'mse': 0.1876697838306427, 'rmse': 0.433208703994751}
[2025-06-05 16:37:43] - test_results: {'mae': 0.2211288958787918, 'mape': 2.136413097381592, 'mse': 0.09437841176986694, 'rmse': 0.30721068382263184}
[2025-06-05 16:37:43] - loss no decreased for 5 epochs,  early stopping ....
[2025-06-05 16:37:46] - test_results: {'mae': 0.21922656893730164, 'mape': 2.209481716156006, 'mse': 0.093154177069664, 'rmse': 0.3052116930484772}
