[2025-06-05 14:09:11] - run : 1 in seed: 3
[2025-06-05 14:09:11] - +-----------------------------------+------------+
|              Modules              | Parameters |
+-----------------------------------+------------+
|     fm.Linear_Seasonal.weight     |   69120    |
|      fm.Linear_Seasonal.bias      |    720     |
|       fm.Linear_Trend.weight      |   69120    |
|        fm.Linear_Trend.bias       |    720     |
|             nm.weight             |     14     |
| nm.model_freq.model_freq.0.weight |    6144    |
|  nm.model_freq.model_freq.0.bias  |     64     |
|  nm.model_freq.model_all.0.weight |   20480    |
|   nm.model_freq.model_all.0.bias  |    128     |
|  nm.model_freq.model_all.2.weight |   92160    |
|   nm.model_freq.model_all.2.bias  |    720     |
| nm.model_pred.model_freq.0.weight |   24576    |
|  nm.model_pred.model_freq.0.bias  |    256     |
|  nm.model_pred.model_all.0.weight |   180224   |
|   nm.model_pred.model_all.0.bias  |    512     |
|  nm.model_pred.model_all.2.weight |   368640   |
|   nm.model_pred.model_all.2.bias  |    720     |
+-----------------------------------+------------+
[2025-06-05 14:09:11] - Total Trainable Params: 834318
[2025-06-05 14:09:11] - model parameters: 834318
[2025-06-05 14:10:51] - Epoch: 1 cost time: 100.56457734107971
[2025-06-05 14:10:51] - Traininng loss : 1.0158221409510102
[2025-06-05 14:10:58] - vali_results: {'mae': 0.47509801387786865, 'mape': 2.0225908756256104, 'mse': 0.47830259799957275, 'rmse': 0.6915942430496216}
[2025-06-05 14:11:03] - test_results: {'mae': 0.4962838292121887, 'mape': 2.058147430419922, 'mse': 0.4770524203777313, 'rmse': 0.6906898021697998}
[2025-06-05 14:12:41] - Epoch: 2 cost time: 210.00893425941467
[2025-06-05 14:12:41] - Traininng loss : 0.9676663338780165
[2025-06-05 14:12:48] - vali_results: {'mae': 0.4653565287590027, 'mape': 2.134938955307007, 'mse': 0.4727156162261963, 'rmse': 0.6875431537628174}
[2025-06-05 14:12:52] - test_results: {'mae': 0.4908919632434845, 'mape': 2.1948888301849365, 'mse': 0.47222480177879333, 'rmse': 0.6871861219406128}
[2025-06-05 14:14:29] - Epoch: 3 cost time: 318.1145374774933
[2025-06-05 14:14:29] - Traininng loss : 0.9620338738402022
[2025-06-05 14:14:36] - vali_results: {'mae': 0.46699121594429016, 'mape': 2.055166244506836, 'mse': 0.4710773229598999, 'rmse': 0.6863507032394409}
[2025-06-05 14:14:40] - test_results: {'mae': 0.4932169020175934, 'mape': 2.1015172004699707, 'mse': 0.475342720746994, 'rmse': 0.6894510388374329}
[2025-06-05 14:16:16] - Epoch: 4 cost time: 425.17945981025696
[2025-06-05 14:16:16] - Traininng loss : 0.9574233093525745
[2025-06-05 14:16:23] - vali_results: {'mae': 0.46965867280960083, 'mape': 2.036530017852783, 'mse': 0.47425377368927, 'rmse': 0.6886608600616455}
[2025-06-05 14:16:28] - test_results: {'mae': 0.4974152147769928, 'mape': 2.090754747390747, 'mse': 0.48149198293685913, 'rmse': 0.6938962340354919}
[2025-06-05 14:18:04] - Epoch: 5 cost time: 533.0277836322784
[2025-06-05 14:18:04] - Traininng loss : 0.9538331991676651
[2025-06-05 14:18:11] - vali_results: {'mae': 0.46733081340789795, 'mape': 2.060249090194702, 'mse': 0.4700884222984314, 'rmse': 0.6856299638748169}
[2025-06-05 14:18:15] - test_results: {'mae': 0.49292898178100586, 'mape': 2.095790147781372, 'mse': 0.47533461451530457, 'rmse': 0.6894451379776001}
[2025-06-05 14:19:50] - Epoch: 6 cost time: 639.4434287548065
[2025-06-05 14:19:50] - Traininng loss : 0.9511772495178161
[2025-06-05 14:19:58] - vali_results: {'mae': 0.4669696092605591, 'mape': 2.0535037517547607, 'mse': 0.4700053334236145, 'rmse': 0.6855693459510803}
[2025-06-05 14:20:02] - test_results: {'mae': 0.4939897954463959, 'mape': 2.0999200344085693, 'mse': 0.4770623445510864, 'rmse': 0.6906970143318176}
[2025-06-05 14:21:38] - Epoch: 7 cost time: 747.1001987457275
[2025-06-05 14:21:38] - Traininng loss : 0.94924549646104
[2025-06-05 14:21:46] - vali_results: {'mae': 0.47677847743034363, 'mape': 1.9708982706069946, 'mse': 0.47661253809928894, 'rmse': 0.6903712749481201}
[2025-06-05 14:21:50] - test_results: {'mae': 0.5062038898468018, 'mape': 2.0225679874420166, 'mse': 0.49218764901161194, 'rmse': 0.7015608549118042}
[2025-06-05 14:23:27] - Epoch: 8 cost time: 856.7535409927368
[2025-06-05 14:23:27] - Traininng loss : 0.9462171585023841
[2025-06-05 14:23:35] - vali_results: {'mae': 0.469976007938385, 'mape': 2.0527169704437256, 'mse': 0.47018465399742126, 'rmse': 0.6857001185417175}
[2025-06-05 14:23:38] - test_results: {'mae': 0.49430108070373535, 'mape': 2.0702059268951416, 'mse': 0.47681230306625366, 'rmse': 0.6905159950256348}
[2025-06-05 14:25:15] - Epoch: 9 cost time: 964.6031429767609
[2025-06-05 14:25:15] - Traininng loss : 0.9447341074619077
[2025-06-05 14:25:23] - vali_results: {'mae': 0.47034600377082825, 'mape': 2.0857203006744385, 'mse': 0.47252151370048523, 'rmse': 0.6874020099639893}
[2025-06-05 14:25:27] - test_results: {'mae': 0.49615275859832764, 'mape': 2.132533311843872, 'mse': 0.48057419061660767, 'rmse': 0.6932345628738403}
[2025-06-05 14:27:01] - Epoch: 10 cost time: 1070.4944489002228
[2025-06-05 14:27:01] - Traininng loss : 0.9433158632116846
[2025-06-05 14:27:09] - vali_results: {'mae': 0.47477298974990845, 'mape': 2.0328779220581055, 'mse': 0.47463688254356384, 'rmse': 0.6889389753341675}
[2025-06-05 14:27:12] - test_results: {'mae': 0.49714893102645874, 'mape': 2.058204174041748, 'mse': 0.4810238480567932, 'rmse': 0.6935588121414185}
[2025-06-05 14:28:48] - Epoch: 11 cost time: 1177.0540301799774
[2025-06-05 14:28:48] - Traininng loss : 0.9411956156946326
[2025-06-05 14:28:55] - vali_results: {'mae': 0.46748605370521545, 'mape': 2.0876057147979736, 'mse': 0.47255128622055054, 'rmse': 0.6874236464500427}
[2025-06-05 14:28:59] - test_results: {'mae': 0.49795085191726685, 'mape': 2.1717758178710938, 'mse': 0.48470836877822876, 'rmse': 0.6962100267410278}
[2025-06-05 14:28:59] - loss no decreased for 5 epochs,  early stopping ....
[2025-06-05 14:29:03] - test_results: {'mae': 0.4939897954463959, 'mape': 2.0999200344085693, 'mse': 0.4770623445510864, 'rmse': 0.6906970143318176}
