[2025-06-05 16:37:46] - run : 3 in seed: 5
[2025-06-05 16:37:46] - +-----------------------------------+------------+
|              Modules              | Parameters |
+-----------------------------------+------------+
|     fm.Linear_Seasonal.weight     |   16128    |
|      fm.Linear_Seasonal.bias      |    168     |
|       fm.Linear_Trend.weight      |   16128    |
|        fm.Linear_Trend.bias       |    168     |
|             nm.weight             |     14     |
| nm.model_freq.model_freq.0.weight |    6144    |
|  nm.model_freq.model_freq.0.bias  |     64     |
|  nm.model_freq.model_all.0.weight |   20480    |
|   nm.model_freq.model_all.0.bias  |    128     |
|  nm.model_freq.model_all.2.weight |   21504    |
|   nm.model_freq.model_all.2.bias  |    168     |
| nm.model_pred.model_freq.0.weight |   24576    |
|  nm.model_pred.model_freq.0.bias  |    256     |
|  nm.model_pred.model_all.0.weight |   180224   |
|   nm.model_pred.model_all.0.bias  |    512     |
|  nm.model_pred.model_all.2.weight |   86016    |
|   nm.model_pred.model_all.2.bias  |    168     |
+-----------------------------------+------------+
[2025-06-05 16:37:46] - Total Trainable Params: 372846
[2025-06-05 16:37:46] - model parameters: 372846
[2025-06-05 16:38:31] - Epoch: 1 cost time: 44.386667013168335
[2025-06-05 16:38:31] - Traininng loss : 0.4422388350641405
[2025-06-05 16:38:38] - vali_results: {'mae': 0.29552701115608215, 'mape': 1.769437551498413, 'mse': 0.1935078501701355, 'rmse': 0.43989527225494385}
[2025-06-05 16:38:41] - test_results: {'mae': 0.22439874708652496, 'mape': 2.1993207931518555, 'mse': 0.09650799632072449, 'rmse': 0.3106573522090912}
[2025-06-05 16:39:26] - Epoch: 2 cost time: 99.53833270072937
[2025-06-05 16:39:26] - Traininng loss : 0.39541441886811646
[2025-06-05 16:39:33] - vali_results: {'mae': 0.29160720109939575, 'mape': 1.742110252380371, 'mse': 0.19104593992233276, 'rmse': 0.4370880126953125}
[2025-06-05 16:39:36] - test_results: {'mae': 0.22036895155906677, 'mape': 2.1921703815460205, 'mse': 0.09419827908277512, 'rmse': 0.30691736936569214}
[2025-06-05 16:40:20] - Epoch: 3 cost time: 153.43732047080994
[2025-06-05 16:40:20] - Traininng loss : 0.38963034061436286
[2025-06-05 16:40:26] - vali_results: {'mae': 0.28930380940437317, 'mape': 1.7433334589004517, 'mse': 0.18811029195785522, 'rmse': 0.4337168335914612}
[2025-06-05 16:40:30] - test_results: {'mae': 0.21965104341506958, 'mape': 2.1959116458892822, 'mse': 0.09333111345767975, 'rmse': 0.30550140142440796}
[2025-06-05 16:41:14] - Epoch: 4 cost time: 207.17277932167053
[2025-06-05 16:41:14] - Traininng loss : 0.3856618534884094
[2025-06-05 16:41:20] - vali_results: {'mae': 0.2901022136211395, 'mape': 1.754008412361145, 'mse': 0.1895274966955185, 'rmse': 0.4353475570678711}
[2025-06-05 16:41:24] - test_results: {'mae': 0.21976825594902039, 'mape': 2.192613363265991, 'mse': 0.0938115268945694, 'rmse': 0.30628666281700134}
[2025-06-05 16:42:09] - Epoch: 5 cost time: 262.54119396209717
[2025-06-05 16:42:09] - Traininng loss : 0.3839792106288314
[2025-06-05 16:42:15] - vali_results: {'mae': 0.3036902844905853, 'mape': 1.6735820770263672, 'mse': 0.19704872369766235, 'rmse': 0.4439017176628113}
[2025-06-05 16:42:19] - test_results: {'mae': 0.2251768410205841, 'mape': 2.1724846363067627, 'mse': 0.09532680362462997, 'rmse': 0.3087503910064697}
[2025-06-05 16:43:04] - Epoch: 6 cost time: 317.95279717445374
[2025-06-05 16:43:04] - Traininng loss : 0.3823864931877931
[2025-06-05 16:43:11] - vali_results: {'mae': 0.2903062701225281, 'mape': 1.7866697311401367, 'mse': 0.19012102484703064, 'rmse': 0.43602868914604187}
[2025-06-05 16:43:14] - test_results: {'mae': 0.22156554460525513, 'mape': 2.28987193107605, 'mse': 0.09516467154026031, 'rmse': 0.3084877133369446}
[2025-06-05 16:43:57] - Epoch: 7 cost time: 371.05909490585327
[2025-06-05 16:43:57] - Traininng loss : 0.3812819743675076
[2025-06-05 16:44:04] - vali_results: {'mae': 0.3002282679080963, 'mape': 1.643646240234375, 'mse': 0.19173841178417206, 'rmse': 0.43787944316864014}
[2025-06-05 16:44:08] - test_results: {'mae': 0.22451633214950562, 'mape': 2.018728017807007, 'mse': 0.09506165236234665, 'rmse': 0.30832070112228394}
[2025-06-05 16:44:52] - Epoch: 8 cost time: 426.10954308509827
[2025-06-05 16:44:52] - Traininng loss : 0.3805553344573799
[2025-06-05 16:44:59] - vali_results: {'mae': 0.2897838354110718, 'mape': 1.7140589952468872, 'mse': 0.18791918456554413, 'rmse': 0.43349647521972656}
[2025-06-05 16:45:03] - test_results: {'mae': 0.22068573534488678, 'mape': 2.1287636756896973, 'mse': 0.09409676492214203, 'rmse': 0.30675196647644043}
[2025-06-05 16:45:47] - Epoch: 9 cost time: 480.3088459968567
[2025-06-05 16:45:47] - Traininng loss : 0.37967974230421164
[2025-06-05 16:45:54] - vali_results: {'mae': 0.28816357254981995, 'mape': 1.6882551908493042, 'mse': 0.18677733838558197, 'rmse': 0.43217742443084717}
[2025-06-05 16:45:57] - test_results: {'mae': 0.21834391355514526, 'mape': 2.138906717300415, 'mse': 0.09245578944683075, 'rmse': 0.30406543612480164}
[2025-06-05 16:46:41] - Epoch: 10 cost time: 534.8581702709198
[2025-06-05 16:46:41] - Traininng loss : 0.37917161961291757
[2025-06-05 16:46:48] - vali_results: {'mae': 0.2864546775817871, 'mape': 1.7652865648269653, 'mse': 0.18460199236869812, 'rmse': 0.4296533465385437}
[2025-06-05 16:46:52] - test_results: {'mae': 0.219375342130661, 'mape': 2.162475109100342, 'mse': 0.09347964078187943, 'rmse': 0.3057444095611572}
[2025-06-05 16:47:37] - Epoch: 11 cost time: 590.3999216556549
[2025-06-05 16:47:37] - Traininng loss : 0.3786114585796468
[2025-06-05 16:47:44] - vali_results: {'mae': 0.2930372357368469, 'mape': 1.6603144407272339, 'mse': 0.1887061595916748, 'rmse': 0.4344032108783722}
[2025-06-05 16:47:47] - test_results: {'mae': 0.22063764929771423, 'mape': 2.091132402420044, 'mse': 0.09333052486181259, 'rmse': 0.30550044775009155}
[2025-06-05 16:48:31] - Epoch: 12 cost time: 645.1042721271515
[2025-06-05 16:48:31] - Traininng loss : 0.37847378280261823
[2025-06-05 16:48:38] - vali_results: {'mae': 0.29427674412727356, 'mape': 1.6424375772476196, 'mse': 0.18861310184001923, 'rmse': 0.4342961013317108}
[2025-06-05 16:48:41] - test_results: {'mae': 0.22100919485092163, 'mape': 2.0427210330963135, 'mse': 0.09323570877313614, 'rmse': 0.30534523725509644}
[2025-06-05 16:49:27] - Epoch: 13 cost time: 700.9257402420044
[2025-06-05 16:49:27] - Traininng loss : 0.37810896682794265
[2025-06-05 16:49:34] - vali_results: {'mae': 0.29143914580345154, 'mape': 1.6789270639419556, 'mse': 0.19015885889530182, 'rmse': 0.43607208132743835}
[2025-06-05 16:49:38] - test_results: {'mae': 0.21929338574409485, 'mape': 2.1290407180786133, 'mse': 0.09305769950151443, 'rmse': 0.30505359172821045}
[2025-06-05 16:50:22] - Epoch: 14 cost time: 755.2038908004761
[2025-06-05 16:50:22] - Traininng loss : 0.3772958141058467
[2025-06-05 16:50:28] - vali_results: {'mae': 0.2877167761325836, 'mape': 1.7113648653030396, 'mse': 0.1861054003238678, 'rmse': 0.4313993453979492}
[2025-06-05 16:50:31] - test_results: {'mae': 0.21813811361789703, 'mape': 2.1541008949279785, 'mse': 0.0921952873468399, 'rmse': 0.303636759519577}
[2025-06-05 16:51:17] - Epoch: 15 cost time: 810.2708094120026
[2025-06-05 16:51:17] - Traininng loss : 0.3768568536464368
[2025-06-05 16:51:24] - vali_results: {'mae': 0.2859968841075897, 'mape': 1.7425106763839722, 'mse': 0.18680541217327118, 'rmse': 0.43220990896224976}
[2025-06-05 16:51:28] - test_results: {'mae': 0.2178693413734436, 'mape': 2.2140467166900635, 'mse': 0.09289626777172089, 'rmse': 0.30478888750076294}
[2025-06-05 16:51:28] - loss no decreased for 5 epochs,  early stopping ....
[2025-06-05 16:51:31] - test_results: {'mae': 0.219375342130661, 'mape': 2.162475109100342, 'mse': 0.09347964078187943, 'rmse': 0.3057444095611572}
