[2025-06-04 15:09:02] - run : 0 in seed: 2
[2025-06-04 15:09:02] - +-----------------------------------+------------+
|              Modules              | Parameters |
+-----------------------------------+------------+
|     fm.Linear_Seasonal.weight     |   69120    |
|      fm.Linear_Seasonal.bias      |    720     |
|       fm.Linear_Trend.weight      |   69120    |
|        fm.Linear_Trend.bias       |    720     |
|             nm.weight             |     14     |
| nm.model_freq.model_freq.0.weight |    6144    |
|  nm.model_freq.model_freq.0.bias  |     64     |
|  nm.model_freq.model_all.0.weight |   20480    |
|   nm.model_freq.model_all.0.bias  |    128     |
|  nm.model_freq.model_all.2.weight |   92160    |
|   nm.model_freq.model_all.2.bias  |    720     |
| nm.model_pred.model_freq.0.weight |   24576    |
|  nm.model_pred.model_freq.0.bias  |    256     |
|  nm.model_pred.model_all.0.weight |   180224   |
|   nm.model_pred.model_all.0.bias  |    512     |
|  nm.model_pred.model_all.2.weight |   368640   |
|   nm.model_pred.model_all.2.bias  |    720     |
+-----------------------------------+------------+
[2025-06-04 15:09:02] - Total Trainable Params: 834318
[2025-06-04 15:09:02] - model parameters: 834318
[2025-06-04 15:09:26] - Epoch: 1 cost time: 23.697751998901367
[2025-06-04 15:09:26] - Traininng loss : 1.351885683415981
[2025-06-04 15:09:28] - vali_results: {'mae': 0.48553892970085144, 'mape': 3.960087537765503, 'mse': 0.4253878593444824, 'rmse': 0.6522176265716553}
[2025-06-04 15:09:29] - test_results: {'mae': 0.31915202736854553, 'mape': 13.446030616760254, 'mse': 0.1833883374929428, 'rmse': 0.4282386600971222}
[2025-06-04 15:09:52] - Epoch: 2 cost time: 49.95216226577759
[2025-06-04 15:09:52] - Traininng loss : 1.2469312541940238
[2025-06-04 15:09:54] - vali_results: {'mae': 0.48492249846458435, 'mape': 4.1054840087890625, 'mse': 0.4283454120159149, 'rmse': 0.654481053352356}
[2025-06-04 15:09:55] - test_results: {'mae': 0.311238169670105, 'mape': 13.096597671508789, 'mse': 0.17500996589660645, 'rmse': 0.4183419346809387}
[2025-06-04 15:10:19] - Epoch: 3 cost time: 76.23980402946472
[2025-06-04 15:10:19] - Traininng loss : 1.226704414306062
[2025-06-04 15:10:21] - vali_results: {'mae': 0.46430540084838867, 'mape': 4.295877933502197, 'mse': 0.3963763415813446, 'rmse': 0.6295842528343201}
[2025-06-04 15:10:22] - test_results: {'mae': 0.298173189163208, 'mape': 15.734919548034668, 'mse': 0.16524073481559753, 'rmse': 0.40649813413619995}
[2025-06-04 15:10:46] - Epoch: 4 cost time: 103.28616380691528
[2025-06-04 15:10:46] - Traininng loss : 1.2138585577185235
[2025-06-04 15:10:47] - vali_results: {'mae': 0.4809461832046509, 'mape': 3.8005049228668213, 'mse': 0.42052343487739563, 'rmse': 0.6484777927398682}
[2025-06-04 15:10:48] - test_results: {'mae': 0.3073117733001709, 'mape': 13.19473648071289, 'mse': 0.17002901434898376, 'rmse': 0.4123457372188568}
[2025-06-04 15:11:12] - Epoch: 5 cost time: 129.41053175926208
[2025-06-04 15:11:12] - Traininng loss : 1.2024961333261448
[2025-06-04 15:11:13] - vali_results: {'mae': 0.46105748414993286, 'mape': 4.280439853668213, 'mse': 0.3932395577430725, 'rmse': 0.6270881295204163}
[2025-06-04 15:11:14] - test_results: {'mae': 0.2919478714466095, 'mape': 15.89327335357666, 'mse': 0.16176535189151764, 'rmse': 0.4022006392478943}
[2025-06-04 15:11:38] - Epoch: 6 cost time: 155.51167845726013
[2025-06-04 15:11:38] - Traininng loss : 1.1933297176709337
[2025-06-04 15:11:40] - vali_results: {'mae': 0.4833780527114868, 'mape': 4.030393600463867, 'mse': 0.4298824667930603, 'rmse': 0.65565425157547}
[2025-06-04 15:11:40] - test_results: {'mae': 0.3059578239917755, 'mape': 13.589755058288574, 'mse': 0.16989757120609283, 'rmse': 0.41218632459640503}
[2025-06-04 15:12:04] - Epoch: 7 cost time: 181.55949354171753
[2025-06-04 15:12:04] - Traininng loss : 1.1818010231082359
[2025-06-04 15:12:06] - vali_results: {'mae': 0.46113795042037964, 'mape': 4.160309314727783, 'mse': 0.39620789885520935, 'rmse': 0.6294505000114441}
[2025-06-04 15:12:07] - test_results: {'mae': 0.28933313488960266, 'mape': 15.680023193359375, 'mse': 0.15854255855083466, 'rmse': 0.3981740176677704}
[2025-06-04 15:12:30] - Epoch: 8 cost time: 208.01981019973755
[2025-06-04 15:12:30] - Traininng loss : 1.1757349741927694
[2025-06-04 15:12:32] - vali_results: {'mae': 0.4537673592567444, 'mape': 4.145425796508789, 'mse': 0.3873736262321472, 'rmse': 0.6223934888839722}
[2025-06-04 15:12:33] - test_results: {'mae': 0.28312695026397705, 'mape': 16.61895751953125, 'mse': 0.1566595584154129, 'rmse': 0.39580243825912476}
[2025-06-04 15:12:58] - Epoch: 9 cost time: 235.31962871551514
[2025-06-04 15:12:58] - Traininng loss : 1.1700019818008616
[2025-06-04 15:13:00] - vali_results: {'mae': 0.4600827693939209, 'mape': 4.348212242126465, 'mse': 0.3980395197868347, 'rmse': 0.6309037208557129}
[2025-06-04 15:13:00] - test_results: {'mae': 0.2844116687774658, 'mape': 16.138105392456055, 'mse': 0.15612776577472687, 'rmse': 0.39513006806373596}
[2025-06-04 15:13:24] - Epoch: 10 cost time: 261.5176281929016
[2025-06-04 15:13:24] - Traininng loss : 1.166397192839826
[2025-06-04 15:13:26] - vali_results: {'mae': 0.45374494791030884, 'mape': 4.5400710105896, 'mse': 0.38952571153640747, 'rmse': 0.6241199374198914}
[2025-06-04 15:13:27] - test_results: {'mae': 0.28303900361061096, 'mape': 17.834285736083984, 'mse': 0.15996971726417542, 'rmse': 0.3999621570110321}
[2025-06-04 15:13:50] - Epoch: 11 cost time: 287.64382696151733
[2025-06-04 15:13:50] - Traininng loss : 1.1624027040232434
[2025-06-04 15:13:52] - vali_results: {'mae': 0.45807915925979614, 'mape': 4.265925407409668, 'mse': 0.3960181176662445, 'rmse': 0.6292997002601624}
[2025-06-04 15:13:53] - test_results: {'mae': 0.2839549481868744, 'mape': 16.091732025146484, 'mse': 0.15705804526805878, 'rmse': 0.39630550146102905}
[2025-06-04 15:14:17] - Epoch: 12 cost time: 314.3508257865906
[2025-06-04 15:14:17] - Traininng loss : 1.1583371671398035
[2025-06-04 15:14:19] - vali_results: {'mae': 0.47014567255973816, 'mape': 4.002371788024902, 'mse': 0.41142094135284424, 'rmse': 0.6414210200309753}
[2025-06-04 15:14:19] - test_results: {'mae': 0.29399052262306213, 'mape': 14.272913932800293, 'mse': 0.16115997731685638, 'rmse': 0.4014473557472229}
[2025-06-04 15:14:43] - Epoch: 13 cost time: 340.5372586250305
[2025-06-04 15:14:43] - Traininng loss : 1.1553151028209858
[2025-06-04 15:14:45] - vali_results: {'mae': 0.4528651833534241, 'mape': 4.176316738128662, 'mse': 0.3873155117034912, 'rmse': 0.6223467588424683}
[2025-06-04 15:14:46] - test_results: {'mae': 0.28192341327667236, 'mape': 16.32831573486328, 'mse': 0.15668684244155884, 'rmse': 0.39583688974380493}
[2025-06-04 15:15:09] - Epoch: 14 cost time: 367.0791962146759
[2025-06-04 15:15:09] - Traininng loss : 1.152919592817178
[2025-06-04 15:15:11] - vali_results: {'mae': 0.4543786644935608, 'mape': 4.289114952087402, 'mse': 0.3895433247089386, 'rmse': 0.6241340637207031}
[2025-06-04 15:15:12] - test_results: {'mae': 0.2805456817150116, 'mape': 16.28647232055664, 'mse': 0.15437190234661102, 'rmse': 0.3929018974304199}
[2025-06-04 15:15:36] - Epoch: 15 cost time: 393.5772204399109
[2025-06-04 15:15:36] - Traininng loss : 1.15199218874567
[2025-06-04 15:15:38] - vali_results: {'mae': 0.45316675305366516, 'mape': 4.321840286254883, 'mse': 0.38929733633995056, 'rmse': 0.6239369511604309}
[2025-06-04 15:15:39] - test_results: {'mae': 0.2798992097377777, 'mape': 17.042850494384766, 'mse': 0.15430298447608948, 'rmse': 0.39281418919563293}
[2025-06-04 15:16:02] - Epoch: 16 cost time: 419.74725365638733
[2025-06-04 15:16:02] - Traininng loss : 1.1489023877663558
[2025-06-04 15:16:04] - vali_results: {'mae': 0.4526033401489258, 'mape': 4.120372295379639, 'mse': 0.38579997420310974, 'rmse': 0.6211279630661011}
[2025-06-04 15:16:05] - test_results: {'mae': 0.2827645242214203, 'mape': 16.417884826660156, 'mse': 0.1571309119462967, 'rmse': 0.3963974118232727}
[2025-06-04 15:16:29] - Epoch: 17 cost time: 446.16992449760437
[2025-06-04 15:16:29] - Traininng loss : 1.1469874073950093
[2025-06-04 15:16:30] - vali_results: {'mae': 0.46088770031929016, 'mape': 4.1072869300842285, 'mse': 0.39849159121513367, 'rmse': 0.6312618851661682}
[2025-06-04 15:16:31] - test_results: {'mae': 0.28695210814476013, 'mape': 15.402012825012207, 'mse': 0.1578221321105957, 'rmse': 0.3972683250904083}
[2025-06-04 15:16:55] - Epoch: 18 cost time: 472.23304319381714
[2025-06-04 15:16:55] - Traininng loss : 1.1434966226976908
[2025-06-04 15:16:56] - vali_results: {'mae': 0.45128878951072693, 'mape': 4.364098072052002, 'mse': 0.3863391876220703, 'rmse': 0.6215618848800659}
[2025-06-04 15:16:57] - test_results: {'mae': 0.279071182012558, 'mape': 17.156415939331055, 'mse': 0.15555447340011597, 'rmse': 0.39440393447875977}
[2025-06-04 15:17:21] - Epoch: 19 cost time: 498.32152485847473
[2025-06-04 15:17:21] - Traininng loss : 1.1423114645347168
[2025-06-04 15:17:23] - vali_results: {'mae': 0.44836342334747314, 'mape': 4.315631866455078, 'mse': 0.3814499080181122, 'rmse': 0.6176162958145142}
[2025-06-04 15:17:24] - test_results: {'mae': 0.28050005435943604, 'mape': 17.839536666870117, 'mse': 0.158896341919899, 'rmse': 0.39861804246902466}
[2025-06-04 15:17:48] - Epoch: 20 cost time: 525.6401870250702
[2025-06-04 15:17:48] - Traininng loss : 1.142347001209018
[2025-06-04 15:17:50] - vali_results: {'mae': 0.4570940136909485, 'mape': 4.0619611740112305, 'mse': 0.39277565479278564, 'rmse': 0.6267181634902954}
[2025-06-04 15:17:51] - test_results: {'mae': 0.28282293677330017, 'mape': 15.537477493286133, 'mse': 0.15459682047367096, 'rmse': 0.3931880295276642}
[2025-06-04 15:18:14] - Epoch: 21 cost time: 551.8977839946747
[2025-06-04 15:18:14] - Traininng loss : 1.1388002098276373
[2025-06-04 15:18:16] - vali_results: {'mae': 0.44899287819862366, 'mape': 4.421199321746826, 'mse': 0.3842076361179352, 'rmse': 0.6198448538780212}
[2025-06-04 15:18:17] - test_results: {'mae': 0.2789696455001831, 'mape': 18.19154930114746, 'mse': 0.15780822932720184, 'rmse': 0.39725083112716675}
[2025-06-04 15:18:41] - Epoch: 22 cost time: 578.4345824718475
[2025-06-04 15:18:41] - Traininng loss : 1.1378454370110223
[2025-06-04 15:18:43] - vali_results: {'mae': 0.4546787142753601, 'mape': 4.368467330932617, 'mse': 0.3927171528339386, 'rmse': 0.6266714930534363}
[2025-06-04 15:18:44] - test_results: {'mae': 0.2793952524662018, 'mape': 16.735729217529297, 'mse': 0.1536884903907776, 'rmse': 0.3920312225818634}
[2025-06-04 15:19:07] - Epoch: 23 cost time: 604.7094202041626
[2025-06-04 15:19:07] - Traininng loss : 1.1362312243560726
[2025-06-04 15:19:09] - vali_results: {'mae': 0.465801477432251, 'mape': 3.9125850200653076, 'mse': 0.4038238525390625, 'rmse': 0.6354713439941406}
[2025-06-04 15:19:10] - test_results: {'mae': 0.292077898979187, 'mape': 14.659164428710938, 'mse': 0.16049408912658691, 'rmse': 0.4006171226501465}
[2025-06-04 15:19:34] - Epoch: 24 cost time: 631.3401870727539
[2025-06-04 15:19:34] - Traininng loss : 1.1364485434769245
[2025-06-04 15:19:36] - vali_results: {'mae': 0.4493430256843567, 'mape': 4.257755756378174, 'mse': 0.3813490867614746, 'rmse': 0.6175346970558167}
[2025-06-04 15:19:36] - test_results: {'mae': 0.2817705571651459, 'mape': 17.062551498413086, 'mse': 0.1587757170200348, 'rmse': 0.39846670627593994}
[2025-06-04 15:20:00] - Epoch: 25 cost time: 657.922201871872
[2025-06-04 15:20:00] - Traininng loss : 1.1325935810134653
[2025-06-04 15:20:02] - vali_results: {'mae': 0.46248891949653625, 'mape': 3.9754579067230225, 'mse': 0.4003196954727173, 'rmse': 0.6327082514762878}
[2025-06-04 15:20:03] - test_results: {'mae': 0.28874173760414124, 'mape': 15.215367317199707, 'mse': 0.15811029076576233, 'rmse': 0.39763084053993225}
[2025-06-04 15:20:27] - Epoch: 26 cost time: 684.2278215885162
[2025-06-04 15:20:27] - Traininng loss : 1.1328334269228946
[2025-06-04 15:20:28] - vali_results: {'mae': 0.4656917154788971, 'mape': 3.99872088432312, 'mse': 0.4051657021045685, 'rmse': 0.6365262866020203}
[2025-06-04 15:20:29] - test_results: {'mae': 0.2909080386161804, 'mape': 14.39653205871582, 'mse': 0.15831495821475983, 'rmse': 0.3978881239891052}
[2025-06-04 15:20:53] - Epoch: 27 cost time: 710.5850899219513
[2025-06-04 15:20:53] - Traininng loss : 1.130678564979789
[2025-06-04 15:20:55] - vali_results: {'mae': 0.45580559968948364, 'mape': 3.9889559745788574, 'mse': 0.38920944929122925, 'rmse': 0.6238665580749512}
[2025-06-04 15:20:56] - test_results: {'mae': 0.2843582034111023, 'mape': 15.999910354614258, 'mse': 0.1566101759672165, 'rmse': 0.3957400321960449}
[2025-06-04 15:21:19] - Epoch: 28 cost time: 736.9142436981201
[2025-06-04 15:21:19] - Traininng loss : 1.1321335818325535
[2025-06-04 15:21:21] - vali_results: {'mae': 0.45184916257858276, 'mape': 4.518529891967773, 'mse': 0.38882729411125183, 'rmse': 0.6235601902008057}
[2025-06-04 15:21:22] - test_results: {'mae': 0.2795374393463135, 'mape': 17.614784240722656, 'mse': 0.15608742833137512, 'rmse': 0.39507901668548584}
[2025-06-04 15:21:46] - Epoch: 29 cost time: 763.5627443790436
[2025-06-04 15:21:46] - Traininng loss : 1.1282457660758094
[2025-06-04 15:21:48] - vali_results: {'mae': 0.4521639049053192, 'mape': 3.996288299560547, 'mse': 0.38489434123039246, 'rmse': 0.6203985214233398}
[2025-06-04 15:21:49] - test_results: {'mae': 0.28192710876464844, 'mape': 16.408361434936523, 'mse': 0.15682752430438995, 'rmse': 0.396014541387558}
[2025-06-04 15:21:49] - loss no decreased for 5 epochs,  early stopping ....
[2025-06-04 15:21:50] - test_results: {'mae': 0.2817705571651459, 'mape': 17.062551498413086, 'mse': 0.1587757170200348, 'rmse': 0.39846670627593994}
