[2025-05-28 20:58:53] - run : 0 in seed: 1
[2025-05-28 20:58:53] - +-----------------------------------+------------+
|              Modules              | Parameters |
+-----------------------------------+------------+
|     fm.Linear_Seasonal.weight     |    9216    |
|      fm.Linear_Seasonal.bias      |     96     |
|       fm.Linear_Trend.weight      |    9216    |
|        fm.Linear_Trend.bias       |     96     |
|             nm.weight             |     42     |
| nm.model_freq.model_freq.0.weight |    6144    |
|  nm.model_freq.model_freq.0.bias  |     64     |
|  nm.model_freq.model_all.0.weight |   20480    |
|   nm.model_freq.model_all.0.bias  |    128     |
|  nm.model_freq.model_all.2.weight |   12288    |
|   nm.model_freq.model_all.2.bias  |     96     |
| nm.model_pred.model_freq.0.weight |   24576    |
|  nm.model_pred.model_freq.0.bias  |    256     |
|  nm.model_pred.model_all.0.weight |   180224   |
|   nm.model_pred.model_all.0.bias  |    512     |
|  nm.model_pred.model_all.2.weight |   49152    |
|   nm.model_pred.model_all.2.bias  |     96     |
+-----------------------------------+------------+
[2025-05-28 20:58:53] - Total Trainable Params: 312682
[2025-05-28 20:58:53] - model parameters: 312682
[2025-05-28 20:59:23] - Epoch: 1 cost time: 29.604360342025757
[2025-05-28 20:59:23] - Traininng loss : 1.1387328586842356
[2025-05-28 20:59:28] - vali_results: {'mae': 0.29728543758392334, 'mape': 4.388001918792725, 'mse': 0.31933268904685974, 'rmse': 0.5650953054428101}
[2025-05-28 20:59:31] - test_results: {'mae': 0.22684669494628906, 'mape': 1.3493778705596924, 'mse': 0.1907111257314682, 'rmse': 0.4367048442363739}
[2025-05-28 21:00:00] - Epoch: 2 cost time: 66.90269112586975
[2025-05-28 21:00:00] - Traininng loss : 1.0583768687044524
[2025-05-28 21:00:06] - vali_results: {'mae': 0.29476746916770935, 'mape': 4.339733123779297, 'mse': 0.31309008598327637, 'rmse': 0.559544563293457}
[2025-05-28 21:00:08] - test_results: {'mae': 0.23581677675247192, 'mape': 1.3582894802093506, 'mse': 0.19396334886550903, 'rmse': 0.440412700176239}
[2025-05-28 21:00:38] - Epoch: 3 cost time: 104.43249535560608
[2025-05-28 21:00:38] - Traininng loss : 1.0380583141249164
[2025-05-28 21:00:43] - vali_results: {'mae': 0.2904419004917145, 'mape': 4.563875675201416, 'mse': 0.3087367117404938, 'rmse': 0.5556408166885376}
[2025-05-28 21:00:46] - test_results: {'mae': 0.22032767534255981, 'mape': 1.3910799026489258, 'mse': 0.18665039539337158, 'rmse': 0.4320305585861206}
[2025-05-28 21:01:16] - Epoch: 4 cost time: 142.32471632957458
[2025-05-28 21:01:16] - Traininng loss : 1.0280354260203104
[2025-05-28 21:01:21] - vali_results: {'mae': 0.2950166165828705, 'mape': 4.190215587615967, 'mse': 0.30460911989212036, 'rmse': 0.5519140362739563}
[2025-05-28 21:01:24] - test_results: {'mae': 0.23337829113006592, 'mape': 1.300563097000122, 'mse': 0.18698503077030182, 'rmse': 0.4324176609516144}
[2025-05-28 21:01:53] - Epoch: 5 cost time: 179.95607089996338
[2025-05-28 21:01:53] - Traininng loss : 1.0220980804280395
[2025-05-28 21:01:59] - vali_results: {'mae': 0.2897871732711792, 'mape': 3.9478883743286133, 'mse': 0.30339208245277405, 'rmse': 0.5508103966712952}
[2025-05-28 21:02:02] - test_results: {'mae': 0.22764168679714203, 'mape': 1.2849030494689941, 'mse': 0.18585437536239624, 'rmse': 0.431108295917511}
[2025-05-28 21:02:32] - Epoch: 6 cost time: 218.44260716438293
[2025-05-28 21:02:32] - Traininng loss : 1.0174597881104288
[2025-05-28 21:02:37] - vali_results: {'mae': 0.289898544549942, 'mape': 4.15200662612915, 'mse': 0.30313199758529663, 'rmse': 0.5505742430686951}
[2025-05-28 21:02:40] - test_results: {'mae': 0.2258862853050232, 'mape': 1.3117485046386719, 'mse': 0.18587665259838104, 'rmse': 0.4311341345310211}
[2025-05-28 21:03:09] - Epoch: 7 cost time: 256.0353605747223
[2025-05-28 21:03:09] - Traininng loss : 1.0133585459321295
[2025-05-28 21:03:15] - vali_results: {'mae': 0.2855561673641205, 'mape': 4.094200134277344, 'mse': 0.30161958932876587, 'rmse': 0.5491990447044373}
[2025-05-28 21:03:17] - test_results: {'mae': 0.21869145333766937, 'mape': 1.3055651187896729, 'mse': 0.18323391675949097, 'rmse': 0.42805829644203186}
[2025-05-28 21:03:48] - Epoch: 8 cost time: 294.51003551483154
[2025-05-28 21:03:48] - Traininng loss : 1.0116076954780917
[2025-05-28 21:03:53] - vali_results: {'mae': 0.28467079997062683, 'mape': 4.3272504806518555, 'mse': 0.3003121614456177, 'rmse': 0.5480074286460876}
[2025-05-28 21:03:56] - test_results: {'mae': 0.21770291030406952, 'mape': 1.3344188928604126, 'mse': 0.18197612464427948, 'rmse': 0.4265865981578827}
[2025-05-28 21:04:26] - Epoch: 9 cost time: 332.0528943538666
[2025-05-28 21:04:26] - Traininng loss : 1.0089793005453158
[2025-05-28 21:04:31] - vali_results: {'mae': 0.28812509775161743, 'mape': 4.434905529022217, 'mse': 0.30271053314208984, 'rmse': 0.550191342830658}
[2025-05-28 21:04:33] - test_results: {'mae': 0.2183588594198227, 'mape': 1.3562265634536743, 'mse': 0.18264557421207428, 'rmse': 0.427370548248291}
[2025-05-28 21:05:02] - Epoch: 10 cost time: 368.86360788345337
[2025-05-28 21:05:02] - Traininng loss : 1.0074644623212223
[2025-05-28 21:05:08] - vali_results: {'mae': 0.289372980594635, 'mape': 4.043513774871826, 'mse': 0.30001339316368103, 'rmse': 0.547734797000885}
[2025-05-28 21:05:10] - test_results: {'mae': 0.22772817313671112, 'mape': 1.280397653579712, 'mse': 0.1852216273546219, 'rmse': 0.43037381768226624}
[2025-05-28 21:05:40] - Epoch: 11 cost time: 406.100704908371
[2025-05-28 21:05:40] - Traininng loss : 1.0053313340221994
[2025-05-28 21:05:45] - vali_results: {'mae': 0.2872959077358246, 'mape': 4.100576400756836, 'mse': 0.3005414605140686, 'rmse': 0.5482166409492493}
[2025-05-28 21:05:48] - test_results: {'mae': 0.2258509397506714, 'mape': 1.2925407886505127, 'mse': 0.1849992275238037, 'rmse': 0.43011537194252014}
[2025-05-28 21:06:18] - Epoch: 12 cost time: 444.3360970020294
[2025-05-28 21:06:18] - Traininng loss : 1.0039373241046665
[2025-05-28 21:06:23] - vali_results: {'mae': 0.28589391708374023, 'mape': 4.412961483001709, 'mse': 0.3060821294784546, 'rmse': 0.5532469153404236}
[2025-05-28 21:06:26] - test_results: {'mae': 0.21818020939826965, 'mape': 1.3845065832138062, 'mse': 0.1852707713842392, 'rmse': 0.43043091893196106}
[2025-05-28 21:06:57] - Epoch: 13 cost time: 483.23808336257935
[2025-05-28 21:06:57] - Traininng loss : 1.0030511982199828
[2025-05-28 21:07:02] - vali_results: {'mae': 0.288735955953598, 'mape': 4.104867935180664, 'mse': 0.30353665351867676, 'rmse': 0.5509415864944458}
[2025-05-28 21:07:05] - test_results: {'mae': 0.22249741852283478, 'mape': 1.3143260478973389, 'mse': 0.18496640026569366, 'rmse': 0.4300771951675415}
[2025-05-28 21:07:33] - Epoch: 14 cost time: 519.6063613891602
[2025-05-28 21:07:33] - Traininng loss : 1.002410570979638
[2025-05-28 21:07:38] - vali_results: {'mae': 0.28333109617233276, 'mape': 4.004530429840088, 'mse': 0.2969990670681, 'rmse': 0.5449762344360352}
[2025-05-28 21:07:41] - test_results: {'mae': 0.21750889718532562, 'mape': 1.2659395933151245, 'mse': 0.18007595837116241, 'rmse': 0.42435356974601746}
[2025-05-28 21:08:11] - Epoch: 15 cost time: 557.3031141757965
[2025-05-28 21:08:11] - Traininng loss : 0.9999003907650995
[2025-05-28 21:08:16] - vali_results: {'mae': 0.2842842638492584, 'mape': 4.154049396514893, 'mse': 0.30013421177864075, 'rmse': 0.5478450655937195}
[2025-05-28 21:08:19] - test_results: {'mae': 0.2167859971523285, 'mape': 1.3122204542160034, 'mse': 0.18214596807956696, 'rmse': 0.4267856180667877}
[2025-05-28 21:08:48] - Epoch: 16 cost time: 594.8939924240112
[2025-05-28 21:08:48] - Traininng loss : 0.998922139120393
[2025-05-28 21:08:54] - vali_results: {'mae': 0.2874007523059845, 'mape': 3.9063827991485596, 'mse': 0.29778698086738586, 'rmse': 0.5456986427307129}
[2025-05-28 21:08:56] - test_results: {'mae': 0.22913621366024017, 'mape': 1.264872670173645, 'mse': 0.1841704100370407, 'rmse': 0.42915078997612}
[2025-05-28 21:09:26] - Epoch: 17 cost time: 632.7248089313507
[2025-05-28 21:09:26] - Traininng loss : 0.9976011509207299
[2025-05-28 21:09:32] - vali_results: {'mae': 0.2847099304199219, 'mape': 3.8914263248443604, 'mse': 0.29631057381629944, 'rmse': 0.5443441867828369}
[2025-05-28 21:09:34] - test_results: {'mae': 0.22547511756420135, 'mape': 1.2514135837554932, 'mse': 0.18309247493743896, 'rmse': 0.4278930723667145}
[2025-05-28 21:10:04] - Epoch: 18 cost time: 670.6804583072662
[2025-05-28 21:10:04] - Traininng loss : 0.9976129571354275
[2025-05-28 21:10:09] - vali_results: {'mae': 0.28788384795188904, 'mape': 4.536139965057373, 'mse': 0.3021547496318817, 'rmse': 0.549686074256897}
[2025-05-28 21:10:12] - test_results: {'mae': 0.2234226018190384, 'mape': 1.3720836639404297, 'mse': 0.18535003066062927, 'rmse': 0.43052297830581665}
[2025-05-28 21:10:41] - Epoch: 19 cost time: 707.950273513794
[2025-05-28 21:10:41] - Traininng loss : 0.9963277359058677
[2025-05-28 21:10:47] - vali_results: {'mae': 0.28495141863822937, 'mape': 4.3348565101623535, 'mse': 0.2990584075450897, 'rmse': 0.5468623042106628}
[2025-05-28 21:10:50] - test_results: {'mae': 0.22251686453819275, 'mape': 1.3318506479263306, 'mse': 0.18263322114944458, 'rmse': 0.427356094121933}
[2025-05-28 21:11:19] - Epoch: 20 cost time: 745.7085244655609
[2025-05-28 21:11:19] - Traininng loss : 0.9954481343653478
[2025-05-28 21:11:24] - vali_results: {'mae': 0.2834114134311676, 'mape': 3.974073648452759, 'mse': 0.29575639963150024, 'rmse': 0.543834924697876}
[2025-05-28 21:11:27] - test_results: {'mae': 0.21972696483135223, 'mape': 1.2624168395996094, 'mse': 0.18095329403877258, 'rmse': 0.4253860414028168}
[2025-05-28 21:11:56] - Epoch: 21 cost time: 782.8340854644775
[2025-05-28 21:11:56] - Traininng loss : 0.9946816079545874
[2025-05-28 21:12:02] - vali_results: {'mae': 0.2840386927127838, 'mape': 4.033519744873047, 'mse': 0.29847800731658936, 'rmse': 0.5463314056396484}
[2025-05-28 21:12:04] - test_results: {'mae': 0.22067396342754364, 'mape': 1.287357211112976, 'mse': 0.18303915858268738, 'rmse': 0.4278307557106018}
[2025-05-28 21:12:34] - Epoch: 22 cost time: 820.6265199184418
[2025-05-28 21:12:34] - Traininng loss : 0.9936571105885942
[2025-05-28 21:12:39] - vali_results: {'mae': 0.2843141257762909, 'mape': 4.236764430999756, 'mse': 0.29901397228240967, 'rmse': 0.5468217134475708}
[2025-05-28 21:12:42] - test_results: {'mae': 0.21902842819690704, 'mape': 1.3272291421890259, 'mse': 0.18200692534446716, 'rmse': 0.4266226887702942}
[2025-05-28 21:13:11] - Epoch: 23 cost time: 857.7173495292664
[2025-05-28 21:13:11] - Traininng loss : 0.9936147419233996
[2025-05-28 21:13:16] - vali_results: {'mae': 0.28277555108070374, 'mape': 4.308264255523682, 'mse': 0.2991310656070709, 'rmse': 0.5469287633895874}
[2025-05-28 21:13:19] - test_results: {'mae': 0.21493984758853912, 'mape': 1.3369598388671875, 'mse': 0.18021467328071594, 'rmse': 0.4245169758796692}
[2025-05-28 21:13:49] - Epoch: 24 cost time: 895.5354363918304
[2025-05-28 21:13:49] - Traininng loss : 0.9925790722201779
[2025-05-28 21:13:54] - vali_results: {'mae': 0.28398397564888, 'mape': 4.05866813659668, 'mse': 0.2982879877090454, 'rmse': 0.5461574792861938}
[2025-05-28 21:13:57] - test_results: {'mae': 0.2164708971977234, 'mape': 1.2984758615493774, 'mse': 0.1807345151901245, 'rmse': 0.4251288175582886}
[2025-05-28 21:14:27] - Epoch: 25 cost time: 933.4200441837311
[2025-05-28 21:14:27] - Traininng loss : 0.9915223267406823
[2025-05-28 21:14:32] - vali_results: {'mae': 0.2845328748226166, 'mape': 4.150204181671143, 'mse': 0.2959875762462616, 'rmse': 0.5440474152565002}
[2025-05-28 21:14:35] - test_results: {'mae': 0.22410912811756134, 'mape': 1.285705804824829, 'mse': 0.18270377814769745, 'rmse': 0.4274386167526245}
[2025-05-28 21:14:35] - loss no decreased for 5 epochs,  early stopping ....
[2025-05-28 21:14:38] - test_results: {'mae': 0.21972696483135223, 'mape': 1.2624168395996094, 'mse': 0.18095329403877258, 'rmse': 0.4253860414028168}
