[2025-06-05 01:02:43] - run : 3 in seed: 5
[2025-06-05 01:02:43] - +-----------------------------------+------------+
|              Modules              | Parameters |
+-----------------------------------+------------+
|     fm.Linear_Seasonal.weight     |   69120    |
|      fm.Linear_Seasonal.bias      |    720     |
|       fm.Linear_Trend.weight      |   69120    |
|        fm.Linear_Trend.bias       |    720     |
|             nm.weight             |     14     |
| nm.model_freq.model_freq.0.weight |    6144    |
|  nm.model_freq.model_freq.0.bias  |     64     |
|  nm.model_freq.model_all.0.weight |   20480    |
|   nm.model_freq.model_all.0.bias  |    128     |
|  nm.model_freq.model_all.2.weight |   92160    |
|   nm.model_freq.model_all.2.bias  |    720     |
| nm.model_pred.model_freq.0.weight |   24576    |
|  nm.model_pred.model_freq.0.bias  |    256     |
|  nm.model_pred.model_all.0.weight |   180224   |
|   nm.model_pred.model_all.0.bias  |    512     |
|  nm.model_pred.model_all.2.weight |   368640   |
|   nm.model_pred.model_all.2.bias  |    720     |
+-----------------------------------+------------+
[2025-06-05 01:02:43] - Total Trainable Params: 834318
[2025-06-05 01:02:43] - model parameters: 834318
[2025-06-05 01:03:06] - Epoch: 1 cost time: 23.632620096206665
[2025-06-05 01:03:06] - Traininng loss : 1.4194270690505424
[2025-06-05 01:03:08] - vali_results: {'mae': 0.5446441769599915, 'mape': 6.5775651931762695, 'mse': 0.551036536693573, 'rmse': 0.742318332195282}
[2025-06-05 01:03:09] - test_results: {'mae': 0.5793234705924988, 'mape': 6.607326030731201, 'mse': 0.5807730555534363, 'rmse': 0.7620846629142761}
[2025-06-05 01:03:32] - Epoch: 2 cost time: 49.813764333724976
[2025-06-05 01:03:32] - Traininng loss : 1.2944609465893735
[2025-06-05 01:03:34] - vali_results: {'mae': 0.5450417399406433, 'mape': 6.654869556427002, 'mse': 0.5503837466239929, 'rmse': 0.7418785095214844}
[2025-06-05 01:03:35] - test_results: {'mae': 0.5726239085197449, 'mape': 7.106813907623291, 'mse': 0.5682236552238464, 'rmse': 0.7538061141967773}
[2025-06-05 01:03:59] - Epoch: 3 cost time: 76.12492084503174
[2025-06-05 01:03:59] - Traininng loss : 1.280003087239319
[2025-06-05 01:04:01] - vali_results: {'mae': 0.5456224083900452, 'mape': 6.880352973937988, 'mse': 0.5537559390068054, 'rmse': 0.744147777557373}
[2025-06-05 01:04:02] - test_results: {'mae': 0.5613470077514648, 'mape': 7.076483726501465, 'mse': 0.5539351105690002, 'rmse': 0.7442681789398193}
[2025-06-05 01:04:25] - Epoch: 4 cost time: 102.33948159217834
[2025-06-05 01:04:25] - Traininng loss : 1.2703058354640275
[2025-06-05 01:04:27] - vali_results: {'mae': 0.5394546389579773, 'mape': 6.670156002044678, 'mse': 0.5514948964118958, 'rmse': 0.7426270246505737}
[2025-06-05 01:04:28] - test_results: {'mae': 0.580508291721344, 'mape': 6.470944404602051, 'mse': 0.5870749354362488, 'rmse': 0.7662081718444824}
[2025-06-05 01:04:51] - Epoch: 5 cost time: 128.84147238731384
[2025-06-05 01:04:51] - Traininng loss : 1.2624726178271046
[2025-06-05 01:04:53] - vali_results: {'mae': 0.5497871041297913, 'mape': 6.701447010040283, 'mse': 0.5650594830513, 'rmse': 0.7517043948173523}
[2025-06-05 01:04:54] - test_results: {'mae': 0.5812454223632812, 'mape': 6.261797904968262, 'mse': 0.5868037939071655, 'rmse': 0.7660312056541443}
[2025-06-05 01:05:18] - Epoch: 6 cost time: 155.29947996139526
[2025-06-05 01:05:18] - Traininng loss : 1.2566273396604517
[2025-06-05 01:05:20] - vali_results: {'mae': 0.5404205918312073, 'mape': 6.67859411239624, 'mse': 0.5510514974594116, 'rmse': 0.742328405380249}
[2025-06-05 01:05:21] - test_results: {'mae': 0.571374773979187, 'mape': 6.601751804351807, 'mse': 0.5712560415267944, 'rmse': 0.755814790725708}
[2025-06-05 01:05:44] - Epoch: 7 cost time: 181.4664843082428
[2025-06-05 01:05:44] - Traininng loss : 1.2517207395494654
[2025-06-05 01:05:46] - vali_results: {'mae': 0.5464078783988953, 'mape': 6.776144027709961, 'mse': 0.5575295090675354, 'rmse': 0.7466790080070496}
[2025-06-05 01:05:47] - test_results: {'mae': 0.5697834491729736, 'mape': 6.970798492431641, 'mse': 0.5666014552116394, 'rmse': 0.7527293562889099}
[2025-06-05 01:05:47] - loss no decreased for 5 epochs,  early stopping ....
[2025-06-05 01:05:48] - test_results: {'mae': 0.5726239085197449, 'mape': 7.106813907623291, 'mse': 0.5682236552238464, 'rmse': 0.7538061141967773}
