[2025-06-04 14:37:37] - run : 3 in seed: 5
[2025-06-04 14:37:37] - +-----------------------------------+------------+
|              Modules              | Parameters |
+-----------------------------------+------------+
|     fm.Linear_Seasonal.weight     |    9216    |
|      fm.Linear_Seasonal.bias      |     96     |
|       fm.Linear_Trend.weight      |    9216    |
|        fm.Linear_Trend.bias       |     96     |
|             nm.weight             |     14     |
| nm.model_freq.model_freq.0.weight |    6144    |
|  nm.model_freq.model_freq.0.bias  |     64     |
|  nm.model_freq.model_all.0.weight |   20480    |
|   nm.model_freq.model_all.0.bias  |    128     |
|  nm.model_freq.model_all.2.weight |   12288    |
|   nm.model_freq.model_all.2.bias  |     96     |
| nm.model_pred.model_freq.0.weight |   24576    |
|  nm.model_pred.model_freq.0.bias  |    256     |
|  nm.model_pred.model_all.0.weight |   180224   |
|   nm.model_pred.model_all.0.bias  |    512     |
|  nm.model_pred.model_all.2.weight |   49152    |
|   nm.model_pred.model_all.2.bias  |     96     |
+-----------------------------------+------------+
[2025-06-04 14:37:37] - Total Trainable Params: 312654
[2025-06-04 14:37:37] - model parameters: 312654
[2025-06-04 14:37:47] - Epoch: 1 cost time: 9.58945083618164
[2025-06-04 14:37:47] - Traininng loss : 0.6994246576536209
[2025-06-04 14:37:49] - vali_results: {'mae': 0.3330083191394806, 'mape': 4.8248291015625, 'mse': 0.23758970201015472, 'rmse': 0.48743173480033875}
[2025-06-04 14:37:50] - test_results: {'mae': 0.24399222433567047, 'mape': 11.781547546386719, 'mse': 0.11642953753471375, 'rmse': 0.3412177264690399}
[2025-06-04 14:38:00] - Epoch: 2 cost time: 22.24606943130493
[2025-06-04 14:38:00] - Traininng loss : 0.5631661204264519
[2025-06-04 14:38:01] - vali_results: {'mae': 0.34596583247184753, 'mape': 4.52235221862793, 'mse': 0.24992814660072327, 'rmse': 0.49992814660072327}
[2025-06-04 14:38:03] - test_results: {'mae': 0.2442275583744049, 'mape': 9.772283554077148, 'mse': 0.11309219151735306, 'rmse': 0.3362918198108673}
[2025-06-04 14:38:13] - Epoch: 3 cost time: 35.16975235939026
[2025-06-04 14:38:13] - Traininng loss : 0.5425661883138596
[2025-06-04 14:38:14] - vali_results: {'mae': 0.3285963833332062, 'mape': 4.547471046447754, 'mse': 0.23176433145999908, 'rmse': 0.48141908645629883}
[2025-06-04 14:38:15] - test_results: {'mae': 0.23642687499523163, 'mape': 11.25232219696045, 'mse': 0.10939940065145493, 'rmse': 0.3307558000087738}
[2025-06-04 14:38:25] - Epoch: 4 cost time: 47.81031680107117
[2025-06-04 14:38:25] - Traininng loss : 0.5327606386247468
[2025-06-04 14:38:27] - vali_results: {'mae': 0.32504668831825256, 'mape': 4.746418476104736, 'mse': 0.22929053008556366, 'rmse': 0.47884291410446167}
[2025-06-04 14:38:28] - test_results: {'mae': 0.236676424741745, 'mape': 12.123247146606445, 'mse': 0.11121342331171036, 'rmse': 0.33348676562309265}
[2025-06-04 14:38:38] - Epoch: 5 cost time: 60.62682843208313
[2025-06-04 14:38:38] - Traininng loss : 0.5232205719865383
[2025-06-04 14:38:40] - vali_results: {'mae': 0.33030053973197937, 'mape': 4.690702438354492, 'mse': 0.23483934998512268, 'rmse': 0.48460227251052856}
[2025-06-04 14:38:41] - test_results: {'mae': 0.23526102304458618, 'mape': 11.317438125610352, 'mse': 0.10871964693069458, 'rmse': 0.3297266364097595}
[2025-06-04 14:38:51] - Epoch: 6 cost time: 73.11412715911865
[2025-06-04 14:38:51] - Traininng loss : 0.5172684702705196
[2025-06-04 14:38:52] - vali_results: {'mae': 0.33205094933509827, 'mape': 4.498970985412598, 'mse': 0.2342672049999237, 'rmse': 0.48401156067848206}
[2025-06-04 14:38:53] - test_results: {'mae': 0.23566308617591858, 'mape': 11.396356582641602, 'mse': 0.10775350034236908, 'rmse': 0.3282582759857178}
[2025-06-04 14:39:03] - Epoch: 7 cost time: 85.70766282081604
[2025-06-04 14:39:03] - Traininng loss : 0.5128943706922074
[2025-06-04 14:39:05] - vali_results: {'mae': 0.32945990562438965, 'mape': 4.710464000701904, 'mse': 0.23480434715747833, 'rmse': 0.4845661520957947}
[2025-06-04 14:39:06] - test_results: {'mae': 0.2326025366783142, 'mape': 11.5426025390625, 'mse': 0.107361800968647, 'rmse': 0.32766109704971313}
[2025-06-04 14:39:16] - Epoch: 8 cost time: 99.0214011669159
[2025-06-04 14:39:16] - Traininng loss : 0.5082184513634507
[2025-06-04 14:39:18] - vali_results: {'mae': 0.3326590061187744, 'mape': 4.4098639488220215, 'mse': 0.23604367673397064, 'rmse': 0.4858432710170746}
[2025-06-04 14:39:19] - test_results: {'mae': 0.23490169644355774, 'mape': 11.06113052368164, 'mse': 0.10768365114927292, 'rmse': 0.3281518816947937}
[2025-06-04 14:39:29] - Epoch: 9 cost time: 111.5859067440033
[2025-06-04 14:39:29] - Traininng loss : 0.5041335363416596
[2025-06-04 14:39:31] - vali_results: {'mae': 0.3330952525138855, 'mape': 4.820483684539795, 'mse': 0.2404157519340515, 'rmse': 0.490322083234787}
[2025-06-04 14:39:32] - test_results: {'mae': 0.23386052250862122, 'mape': 11.442681312561035, 'mse': 0.1078343391418457, 'rmse': 0.32838138937950134}
[2025-06-04 14:39:32] - loss no decreased for 5 epochs,  early stopping ....
[2025-06-04 14:39:33] - test_results: {'mae': 0.236676424741745, 'mape': 12.123247146606445, 'mse': 0.11121342331171036, 'rmse': 0.33348676562309265}
