[2025-06-05 00:47:31] - run : 2 in seed: 4
[2025-06-05 00:47:31] - +-----------------------------------+------------+
|              Modules              | Parameters |
+-----------------------------------+------------+
|     fm.Linear_Seasonal.weight     |   32256    |
|      fm.Linear_Seasonal.bias      |    336     |
|       fm.Linear_Trend.weight      |   32256    |
|        fm.Linear_Trend.bias       |    336     |
|             nm.weight             |     14     |
| nm.model_freq.model_freq.0.weight |    6144    |
|  nm.model_freq.model_freq.0.bias  |     64     |
|  nm.model_freq.model_all.0.weight |   20480    |
|   nm.model_freq.model_all.0.bias  |    128     |
|  nm.model_freq.model_all.2.weight |   43008    |
|   nm.model_freq.model_all.2.bias  |    336     |
| nm.model_pred.model_freq.0.weight |   24576    |
|  nm.model_pred.model_freq.0.bias  |    256     |
|  nm.model_pred.model_all.0.weight |   180224   |
|   nm.model_pred.model_all.0.bias  |    512     |
|  nm.model_pred.model_all.2.weight |   172032   |
|   nm.model_pred.model_all.2.bias  |    336     |
+-----------------------------------+------------+
[2025-06-05 00:47:31] - Total Trainable Params: 513294
[2025-06-05 00:47:31] - model parameters: 513294
[2025-06-05 00:47:47] - Epoch: 1 cost time: 16.198134422302246
[2025-06-05 00:47:47] - Traininng loss : 1.2196446799713632
[2025-06-05 00:47:49] - vali_results: {'mae': 0.48580047488212585, 'mape': 6.3069963455200195, 'mse': 0.4793162941932678, 'rmse': 0.6923267245292664}
[2025-06-05 00:47:50] - test_results: {'mae': 0.5041249990463257, 'mape': 6.905431747436523, 'mse': 0.4678167402744293, 'rmse': 0.6839712858200073}
[2025-06-05 00:48:06] - Epoch: 2 cost time: 35.37160062789917
[2025-06-05 00:48:06] - Traininng loss : 1.0880032525114391
[2025-06-05 00:48:08] - vali_results: {'mae': 0.47985637187957764, 'mape': 6.138094902038574, 'mse': 0.4709124267101288, 'rmse': 0.6862305998802185}
[2025-06-05 00:48:09] - test_results: {'mae': 0.4917372465133667, 'mape': 6.538005352020264, 'mse': 0.4514766037464142, 'rmse': 0.6719200611114502}
[2025-06-05 00:48:25] - Epoch: 3 cost time: 54.15887951850891
[2025-06-05 00:48:25] - Traininng loss : 1.0732319205999374
[2025-06-05 00:48:27] - vali_results: {'mae': 0.47832465171813965, 'mape': 6.180678367614746, 'mse': 0.4707961976528168, 'rmse': 0.6861459016799927}
[2025-06-05 00:48:28] - test_results: {'mae': 0.4848758578300476, 'mape': 6.3285813331604, 'mse': 0.44363006949424744, 'rmse': 0.6660556197166443}
[2025-06-05 00:48:43] - Epoch: 4 cost time: 72.45220947265625
[2025-06-05 00:48:43] - Traininng loss : 1.0663459555286428
[2025-06-05 00:48:45] - vali_results: {'mae': 0.47840815782546997, 'mape': 6.205179214477539, 'mse': 0.4688423275947571, 'rmse': 0.6847206354141235}
[2025-06-05 00:48:46] - test_results: {'mae': 0.48689499497413635, 'mape': 6.534028053283691, 'mse': 0.4458843469619751, 'rmse': 0.6677457094192505}
[2025-06-05 00:49:01] - Epoch: 5 cost time: 90.60692477226257
[2025-06-05 00:49:01] - Traininng loss : 1.0621330666801203
[2025-06-05 00:49:03] - vali_results: {'mae': 0.4778687059879303, 'mape': 6.085989952087402, 'mse': 0.47347113490104675, 'rmse': 0.6880924105644226}
[2025-06-05 00:49:04] - test_results: {'mae': 0.5023146271705627, 'mape': 6.001601696014404, 'mse': 0.4661186635494232, 'rmse': 0.6827288269996643}
[2025-06-05 00:49:19] - Epoch: 6 cost time: 108.24468922615051
[2025-06-05 00:49:19] - Traininng loss : 1.0566455691081027
[2025-06-05 00:49:21] - vali_results: {'mae': 0.47673073410987854, 'mape': 6.280625343322754, 'mse': 0.4689931869506836, 'rmse': 0.6848307847976685}
[2025-06-05 00:49:22] - test_results: {'mae': 0.49019601941108704, 'mape': 6.291069030761719, 'mse': 0.44982659816741943, 'rmse': 0.6706911325454712}
[2025-06-05 00:49:37] - Epoch: 7 cost time: 126.2762725353241
[2025-06-05 00:49:37] - Traininng loss : 1.0515354894425557
[2025-06-05 00:49:39] - vali_results: {'mae': 0.4777582585811615, 'mape': 6.199818134307861, 'mse': 0.4700107276439667, 'rmse': 0.6855732798576355}
[2025-06-05 00:49:40] - test_results: {'mae': 0.4871034324169159, 'mape': 6.119851589202881, 'mse': 0.4452701508998871, 'rmse': 0.667285680770874}
[2025-06-05 00:49:56] - Epoch: 8 cost time: 144.8000168800354
[2025-06-05 00:49:56] - Traininng loss : 1.048491878192062
[2025-06-05 00:49:57] - vali_results: {'mae': 0.48053377866744995, 'mape': 6.150721073150635, 'mse': 0.47339731454849243, 'rmse': 0.6880387663841248}
[2025-06-05 00:49:58] - test_results: {'mae': 0.49263352155685425, 'mape': 5.9115471839904785, 'mse': 0.4511924684047699, 'rmse': 0.6717086434364319}
[2025-06-05 00:50:14] - Epoch: 9 cost time: 162.85945582389832
[2025-06-05 00:50:14] - Traininng loss : 1.0459274184768614
[2025-06-05 00:50:16] - vali_results: {'mae': 0.48238685727119446, 'mape': 6.26796817779541, 'mse': 0.4754830598831177, 'rmse': 0.6895527839660645}
[2025-06-05 00:50:17] - test_results: {'mae': 0.48579028248786926, 'mape': 6.157960414886475, 'mse': 0.4424018859863281, 'rmse': 0.665132999420166}
[2025-06-05 00:50:17] - loss no decreased for 5 epochs,  early stopping ....
[2025-06-05 00:50:18] - test_results: {'mae': 0.48689499497413635, 'mape': 6.534028053283691, 'mse': 0.4458843469619751, 'rmse': 0.6677457094192505}
