[2025-06-05 21:40:17] - run : 3 in seed: 5
[2025-06-05 21:40:17] - +-----------------------------------+------------+
|              Modules              | Parameters |
+-----------------------------------+------------+
|     fm.Linear_Seasonal.weight     |   32256    |
|      fm.Linear_Seasonal.bias      |    336     |
|       fm.Linear_Trend.weight      |   32256    |
|        fm.Linear_Trend.bias       |    336     |
|             nm.weight             |     42     |
| nm.model_freq.model_freq.0.weight |    6144    |
|  nm.model_freq.model_freq.0.bias  |     64     |
|  nm.model_freq.model_all.0.weight |   20480    |
|   nm.model_freq.model_all.0.bias  |    128     |
|  nm.model_freq.model_all.2.weight |   43008    |
|   nm.model_freq.model_all.2.bias  |    336     |
| nm.model_pred.model_freq.0.weight |   24576    |
|  nm.model_pred.model_freq.0.bias  |    256     |
|  nm.model_pred.model_all.0.weight |   180224   |
|   nm.model_pred.model_all.0.bias  |    512     |
|  nm.model_pred.model_all.2.weight |   172032   |
|   nm.model_pred.model_all.2.bias  |    336     |
+-----------------------------------+------------+
[2025-06-05 21:40:17] - Total Trainable Params: 513322
[2025-06-05 21:40:17] - model parameters: 513322
[2025-06-05 21:41:05] - Epoch: 1 cost time: 47.783493518829346
[2025-06-05 21:41:05] - Traininng loss : 1.3833492476689189
[2025-06-05 21:41:10] - vali_results: {'mae': 0.3716597557067871, 'mape': 5.190081596374512, 'mse': 0.4166742265224457, 'rmse': 0.6455031037330627}
[2025-06-05 21:41:14] - test_results: {'mae': 0.3092306852340698, 'mape': 1.7116882801055908, 'mse': 0.28894975781440735, 'rmse': 0.5375404953956604}
[2025-06-05 21:42:02] - Epoch: 2 cost time: 104.70464181900024
[2025-06-05 21:42:02] - Traininng loss : 1.3131272871243327
[2025-06-05 21:42:08] - vali_results: {'mae': 0.3706234395503998, 'mape': 5.695168972015381, 'mse': 0.4187195301055908, 'rmse': 0.647085428237915}
[2025-06-05 21:42:11] - test_results: {'mae': 0.2932373583316803, 'mape': 1.8150718212127686, 'mse': 0.28236493468284607, 'rmse': 0.5313802361488342}
[2025-06-05 21:42:59] - Epoch: 3 cost time: 161.7952094078064
[2025-06-05 21:42:59] - Traininng loss : 1.3045492748942291
[2025-06-05 21:43:05] - vali_results: {'mae': 0.3671986162662506, 'mape': 5.210617542266846, 'mse': 0.4113532602787018, 'rmse': 0.6413682699203491}
[2025-06-05 21:43:08] - test_results: {'mae': 0.29811668395996094, 'mape': 1.7225584983825684, 'mse': 0.283021479845047, 'rmse': 0.5319976210594177}
[2025-06-05 21:43:58] - Epoch: 4 cost time: 221.56188774108887
[2025-06-05 21:43:58] - Traininng loss : 1.2961233858476606
[2025-06-05 21:44:05] - vali_results: {'mae': 0.3759794235229492, 'mape': 7.235630035400391, 'mse': 0.4149712920188904, 'rmse': 0.6441826820373535}
[2025-06-05 21:44:08] - test_results: {'mae': 0.30990222096443176, 'mape': 2.0514461994171143, 'mse': 0.28761816024780273, 'rmse': 0.5363004207611084}
[2025-06-05 21:44:55] - Epoch: 5 cost time: 278.07872915267944
[2025-06-05 21:44:55] - Traininng loss : 1.2929713829567557
[2025-06-05 21:45:01] - vali_results: {'mae': 0.36870187520980835, 'mape': 5.275502681732178, 'mse': 0.41043972969055176, 'rmse': 0.6406556963920593}
[2025-06-05 21:45:04] - test_results: {'mae': 0.3050840198993683, 'mape': 1.7248327732086182, 'mse': 0.2853837311267853, 'rmse': 0.5342131853103638}
[2025-06-05 21:45:52] - Epoch: 6 cost time: 335.3133237361908
[2025-06-05 21:45:52] - Traininng loss : 1.2903150723691572
[2025-06-05 21:45:58] - vali_results: {'mae': 0.3664368689060211, 'mape': 5.232256889343262, 'mse': 0.4072050452232361, 'rmse': 0.6381261944770813}
[2025-06-05 21:46:02] - test_results: {'mae': 0.3033336102962494, 'mape': 1.7088812589645386, 'mse': 0.28367599844932556, 'rmse': 0.5326124429702759}
[2025-06-05 21:46:48] - Epoch: 7 cost time: 391.0177550315857
[2025-06-05 21:46:48] - Traininng loss : 1.288217626276769
[2025-06-05 21:46:54] - vali_results: {'mae': 0.3717989921569824, 'mape': 5.910390853881836, 'mse': 0.406368613243103, 'rmse': 0.6374704837799072}
[2025-06-05 21:46:58] - test_results: {'mae': 0.31353965401649475, 'mape': 1.8100405931472778, 'mse': 0.2871268689632416, 'rmse': 0.5358421802520752}
[2025-06-05 21:47:44] - Epoch: 8 cost time: 447.21290278434753
[2025-06-05 21:47:44] - Traininng loss : 1.2862955549829884
[2025-06-05 21:47:50] - vali_results: {'mae': 0.3635846972465515, 'mape': 4.857748508453369, 'mse': 0.40251436829566956, 'rmse': 0.6344401836395264}
[2025-06-05 21:47:53] - test_results: {'mae': 0.2989791929721832, 'mape': 1.6293680667877197, 'mse': 0.27951863408088684, 'rmse': 0.5286952257156372}
[2025-06-05 21:48:41] - Epoch: 9 cost time: 504.4465186595917
[2025-06-05 21:48:41] - Traininng loss : 1.2853886742340892
[2025-06-05 21:48:48] - vali_results: {'mae': 0.3733670711517334, 'mape': 6.186065196990967, 'mse': 0.4134367108345032, 'rmse': 0.6429904699325562}
[2025-06-05 21:48:51] - test_results: {'mae': 0.3082401156425476, 'mape': 1.88070547580719, 'mse': 0.28796565532684326, 'rmse': 0.5366243124008179}
[2025-06-05 21:49:40] - Epoch: 10 cost time: 563.0025157928467
[2025-06-05 21:49:40] - Traininng loss : 1.2841409636694088
[2025-06-05 21:49:46] - vali_results: {'mae': 0.3688807487487793, 'mape': 5.361988544464111, 'mse': 0.4097028374671936, 'rmse': 0.6400803327560425}
[2025-06-05 21:49:49] - test_results: {'mae': 0.30010080337524414, 'mape': 1.7417830228805542, 'mse': 0.28282544016838074, 'rmse': 0.5318133234977722}
[2025-06-05 21:50:39] - Epoch: 11 cost time: 622.2991774082184
[2025-06-05 21:50:39] - Traininng loss : 1.2821201227736054
[2025-06-05 21:50:45] - vali_results: {'mae': 0.3660784959793091, 'mape': 5.135468006134033, 'mse': 0.4052770733833313, 'rmse': 0.6366137266159058}
[2025-06-05 21:50:47] - test_results: {'mae': 0.30706146359443665, 'mape': 1.6915621757507324, 'mse': 0.28524959087371826, 'rmse': 0.534087598323822}
[2025-06-05 21:51:36] - Epoch: 12 cost time: 678.7419791221619
[2025-06-05 21:51:36] - Traininng loss : 1.28113520087903
[2025-06-05 21:51:42] - vali_results: {'mae': 0.36881181597709656, 'mape': 5.341391086578369, 'mse': 0.4091064929962158, 'rmse': 0.6396143436431885}
[2025-06-05 21:51:45] - test_results: {'mae': 0.29657208919525146, 'mape': 1.7383466958999634, 'mse': 0.28023284673690796, 'rmse': 0.5293702483177185}
[2025-06-05 21:52:34] - Epoch: 13 cost time: 737.6381459236145
[2025-06-05 21:52:34] - Traininng loss : 1.2800020965567807
[2025-06-05 21:52:40] - vali_results: {'mae': 0.36896902322769165, 'mape': 5.030508041381836, 'mse': 0.4144150912761688, 'rmse': 0.643750786781311}
[2025-06-05 21:52:44] - test_results: {'mae': 0.29162806272506714, 'mape': 1.7337958812713623, 'mse': 0.2807413339614868, 'rmse': 0.5298503041267395}
[2025-06-05 21:52:44] - loss no decreased for 5 epochs,  early stopping ....
[2025-06-05 21:52:47] - test_results: {'mae': 0.2989791929721832, 'mape': 1.6293680667877197, 'mse': 0.27951863408088684, 'rmse': 0.5286952257156372}
