[2025-06-05 00:33:36] - run : 2 in seed: 4
[2025-06-05 00:33:36] - +-----------------------------------+------------+
|              Modules              | Parameters |
+-----------------------------------+------------+
|     fm.Linear_Seasonal.weight     |   16128    |
|      fm.Linear_Seasonal.bias      |    168     |
|       fm.Linear_Trend.weight      |   16128    |
|        fm.Linear_Trend.bias       |    168     |
|             nm.weight             |     14     |
| nm.model_freq.model_freq.0.weight |    6144    |
|  nm.model_freq.model_freq.0.bias  |     64     |
|  nm.model_freq.model_all.0.weight |   20480    |
|   nm.model_freq.model_all.0.bias  |    128     |
|  nm.model_freq.model_all.2.weight |   21504    |
|   nm.model_freq.model_all.2.bias  |    168     |
| nm.model_pred.model_freq.0.weight |   24576    |
|  nm.model_pred.model_freq.0.bias  |    256     |
|  nm.model_pred.model_all.0.weight |   180224   |
|   nm.model_pred.model_all.0.bias  |    512     |
|  nm.model_pred.model_all.2.weight |   86016    |
|   nm.model_pred.model_all.2.bias  |    168     |
+-----------------------------------+------------+
[2025-06-05 00:33:36] - Total Trainable Params: 372846
[2025-06-05 00:33:36] - model parameters: 372846
[2025-06-05 00:33:47] - Epoch: 1 cost time: 10.938602685928345
[2025-06-05 00:33:47] - Traininng loss : 1.0379306844987435
[2025-06-05 00:33:49] - vali_results: {'mae': 0.45856085419654846, 'mape': 5.8601460456848145, 'mse': 0.43520042300224304, 'rmse': 0.6596972346305847}
[2025-06-05 00:33:50] - test_results: {'mae': 0.4631531536579132, 'mape': 7.798744201660156, 'mse': 0.40942439436912537, 'rmse': 0.6398627758026123}
[2025-06-05 00:34:01] - Epoch: 2 cost time: 24.787145137786865
[2025-06-05 00:34:01] - Traininng loss : 0.899010381973461
[2025-06-05 00:34:03] - vali_results: {'mae': 0.4536948502063751, 'mape': 5.893259525299072, 'mse': 0.4305887818336487, 'rmse': 0.6561926603317261}
[2025-06-05 00:34:04] - test_results: {'mae': 0.4592475891113281, 'mape': 7.367769241333008, 'mse': 0.4055005609989166, 'rmse': 0.6367892622947693}
[2025-06-05 00:34:15] - Epoch: 3 cost time: 38.46668791770935
[2025-06-05 00:34:15] - Traininng loss : 0.8856172152562691
[2025-06-05 00:34:17] - vali_results: {'mae': 0.4465823173522949, 'mape': 5.932713508605957, 'mse': 0.4286218583583832, 'rmse': 0.6546921730041504}
[2025-06-05 00:34:18] - test_results: {'mae': 0.4572655260562897, 'mape': 7.379615783691406, 'mse': 0.4047924876213074, 'rmse': 0.6362330317497253}
[2025-06-05 00:34:29] - Epoch: 4 cost time: 52.3129506111145
[2025-06-05 00:34:29] - Traininng loss : 0.8779731183525065
[2025-06-05 00:34:30] - vali_results: {'mae': 0.44698601961135864, 'mape': 6.004319667816162, 'mse': 0.4254830777645111, 'rmse': 0.6522906422615051}
[2025-06-05 00:34:31] - test_results: {'mae': 0.45230159163475037, 'mape': 7.307517051696777, 'mse': 0.3970864415168762, 'rmse': 0.6301479339599609}
[2025-06-05 00:34:42] - Epoch: 5 cost time: 66.01004576683044
[2025-06-05 00:34:42] - Traininng loss : 0.8726611282806295
[2025-06-05 00:34:44] - vali_results: {'mae': 0.44779491424560547, 'mape': 6.045272350311279, 'mse': 0.42543694376945496, 'rmse': 0.6522552967071533}
[2025-06-05 00:34:45] - test_results: {'mae': 0.44919976592063904, 'mape': 7.185671329498291, 'mse': 0.39297792315483093, 'rmse': 0.6268795132637024}
[2025-06-05 00:34:56] - Epoch: 6 cost time: 79.70929956436157
[2025-06-05 00:34:56] - Traininng loss : 0.8684057623707258
[2025-06-05 00:34:58] - vali_results: {'mae': 0.44366782903671265, 'mape': 6.000925540924072, 'mse': 0.42282259464263916, 'rmse': 0.650248110294342}
[2025-06-05 00:34:59] - test_results: {'mae': 0.4548124670982361, 'mape': 7.21097993850708, 'mse': 0.4001460671424866, 'rmse': 0.6325709819793701}
[2025-06-05 00:35:09] - Epoch: 7 cost time: 92.97634053230286
[2025-06-05 00:35:09] - Traininng loss : 0.8657444688334223
[2025-06-05 00:35:11] - vali_results: {'mae': 0.4449178874492645, 'mape': 6.152545928955078, 'mse': 0.42403772473335266, 'rmse': 0.6511818170547485}
[2025-06-05 00:35:12] - test_results: {'mae': 0.45243629813194275, 'mape': 7.116711139678955, 'mse': 0.3975314795970917, 'rmse': 0.6305009722709656}
[2025-06-05 00:35:23] - Epoch: 8 cost time: 106.79624009132385
[2025-06-05 00:35:23] - Traininng loss : 0.8633865971347922
[2025-06-05 00:35:25] - vali_results: {'mae': 0.4436965584754944, 'mape': 6.087657451629639, 'mse': 0.42156288027763367, 'rmse': 0.6492787599563599}
[2025-06-05 00:35:26] - test_results: {'mae': 0.45279479026794434, 'mape': 7.474427223205566, 'mse': 0.3976779282093048, 'rmse': 0.630617082118988}
[2025-06-05 00:35:37] - Epoch: 9 cost time: 120.65987515449524
[2025-06-05 00:35:37] - Traininng loss : 0.8593305820754003
[2025-06-05 00:35:39] - vali_results: {'mae': 0.44664108753204346, 'mape': 5.99058198928833, 'mse': 0.42555099725723267, 'rmse': 0.652342677116394}
[2025-06-05 00:35:40] - test_results: {'mae': 0.4590916633605957, 'mape': 6.637119293212891, 'mse': 0.4055582582950592, 'rmse': 0.6368345618247986}
[2025-06-05 00:35:51] - Epoch: 10 cost time: 134.82722091674805
[2025-06-05 00:35:51] - Traininng loss : 0.8590792847382799
[2025-06-05 00:35:53] - vali_results: {'mae': 0.44466161727905273, 'mape': 6.02030086517334, 'mse': 0.4261244833469391, 'rmse': 0.6527820825576782}
[2025-06-05 00:35:54] - test_results: {'mae': 0.46023643016815186, 'mape': 6.924503326416016, 'mse': 0.4074864387512207, 'rmse': 0.6383466720581055}
[2025-06-05 00:36:05] - Epoch: 11 cost time: 148.56435298919678
[2025-06-05 00:36:05] - Traininng loss : 0.8545491548389915
[2025-06-05 00:36:07] - vali_results: {'mae': 0.44643881916999817, 'mape': 5.954623222351074, 'mse': 0.4249701499938965, 'rmse': 0.6518973708152771}
[2025-06-05 00:36:08] - test_results: {'mae': 0.46028608083724976, 'mape': 6.8023152351379395, 'mse': 0.4062950909137726, 'rmse': 0.6374127864837646}
[2025-06-05 00:36:19] - Epoch: 12 cost time: 162.9838786125183
[2025-06-05 00:36:19] - Traininng loss : 0.8527253035246207
[2025-06-05 00:36:21] - vali_results: {'mae': 0.44637665152549744, 'mape': 6.028217315673828, 'mse': 0.42276132106781006, 'rmse': 0.6502009630203247}
[2025-06-05 00:36:22] - test_results: {'mae': 0.4520360231399536, 'mape': 6.880387783050537, 'mse': 0.3957832455635071, 'rmse': 0.6291130781173706}
[2025-06-05 00:36:33] - Epoch: 13 cost time: 176.70694041252136
[2025-06-05 00:36:33] - Traininng loss : 0.8509687030283439
[2025-06-05 00:36:35] - vali_results: {'mae': 0.4454905390739441, 'mape': 6.083108425140381, 'mse': 0.42210137844085693, 'rmse': 0.6496933102607727}
[2025-06-05 00:36:36] - test_results: {'mae': 0.45407000184059143, 'mape': 7.214227199554443, 'mse': 0.39752405881881714, 'rmse': 0.6304950714111328}
[2025-06-05 00:36:36] - loss no decreased for 5 epochs,  early stopping ....
[2025-06-05 00:36:37] - test_results: {'mae': 0.45279479026794434, 'mape': 7.474427223205566, 'mse': 0.3976779282093048, 'rmse': 0.630617082118988}
