[2025-06-04 14:41:20] - run : 1 in seed: 3
[2025-06-04 14:41:20] - +-----------------------------------+------------+
|              Modules              | Parameters |
+-----------------------------------+------------+
|     fm.Linear_Seasonal.weight     |   16128    |
|      fm.Linear_Seasonal.bias      |    168     |
|       fm.Linear_Trend.weight      |   16128    |
|        fm.Linear_Trend.bias       |    168     |
|             nm.weight             |     14     |
| nm.model_freq.model_freq.0.weight |    6144    |
|  nm.model_freq.model_freq.0.bias  |     64     |
|  nm.model_freq.model_all.0.weight |   20480    |
|   nm.model_freq.model_all.0.bias  |    128     |
|  nm.model_freq.model_all.2.weight |   21504    |
|   nm.model_freq.model_all.2.bias  |    168     |
| nm.model_pred.model_freq.0.weight |   24576    |
|  nm.model_pred.model_freq.0.bias  |    256     |
|  nm.model_pred.model_all.0.weight |   180224   |
|   nm.model_pred.model_all.0.bias  |    512     |
|  nm.model_pred.model_all.2.weight |   86016    |
|   nm.model_pred.model_all.2.bias  |    168     |
+-----------------------------------+------------+
[2025-06-04 14:41:20] - Total Trainable Params: 372846
[2025-06-04 14:41:20] - model parameters: 372846
[2025-06-04 14:41:31] - Epoch: 1 cost time: 11.45081639289856
[2025-06-04 14:41:31] - Traininng loss : 0.8210458512600242
[2025-06-04 14:41:33] - vali_results: {'mae': 0.3605251610279083, 'mape': 4.761694431304932, 'mse': 0.26808875799179077, 'rmse': 0.5177728533744812}
[2025-06-04 14:41:34] - test_results: {'mae': 0.25974616408348083, 'mape': 12.923334121704102, 'mse': 0.13283009827136993, 'rmse': 0.3644586503505707}
[2025-06-04 14:41:45] - Epoch: 2 cost time: 25.422096729278564
[2025-06-04 14:41:45] - Traininng loss : 0.6975697150339071
[2025-06-04 14:41:47] - vali_results: {'mae': 0.3588560223579407, 'mape': 4.924678325653076, 'mse': 0.2685098350048065, 'rmse': 0.5181793570518494}
[2025-06-04 14:41:48] - test_results: {'mae': 0.25459548830986023, 'mape': 12.760064125061035, 'mse': 0.1281709372997284, 'rmse': 0.3580096960067749}
[2025-06-04 14:41:59] - Epoch: 3 cost time: 39.436124086380005
[2025-06-04 14:41:59] - Traininng loss : 0.678319120055549
[2025-06-04 14:42:01] - vali_results: {'mae': 0.3621457815170288, 'mape': 4.488541126251221, 'mse': 0.27075374126434326, 'rmse': 0.5203400254249573}
[2025-06-04 14:42:02] - test_results: {'mae': 0.25270089507102966, 'mape': 12.04958438873291, 'mse': 0.1249902993440628, 'rmse': 0.35353967547416687}
[2025-06-04 14:42:13] - Epoch: 4 cost time: 53.74422240257263
[2025-06-04 14:42:13] - Traininng loss : 0.6682479430299662
[2025-06-04 14:42:15] - vali_results: {'mae': 0.35684189200401306, 'mape': 4.947970867156982, 'mse': 0.2684243619441986, 'rmse': 0.5180968642234802}
[2025-06-04 14:42:16] - test_results: {'mae': 0.24733613431453705, 'mape': 12.823525428771973, 'mse': 0.12392587959766388, 'rmse': 0.35203108191490173}
[2025-06-04 14:42:28] - Epoch: 5 cost time: 68.382159948349
[2025-06-04 14:42:28] - Traininng loss : 0.6607266609374703
[2025-06-04 14:42:30] - vali_results: {'mae': 0.35633474588394165, 'mape': 4.836538314819336, 'mse': 0.26505982875823975, 'rmse': 0.5148395895957947}
[2025-06-04 14:42:31] - test_results: {'mae': 0.2504335939884186, 'mape': 13.108255386352539, 'mse': 0.12450478971004486, 'rmse': 0.35285237431526184}
[2025-06-04 14:42:43] - Epoch: 6 cost time: 83.32258653640747
[2025-06-04 14:42:43] - Traininng loss : 0.6560246982779004
[2025-06-04 14:42:45] - vali_results: {'mae': 0.3604377508163452, 'mape': 4.563779830932617, 'mse': 0.270378977060318, 'rmse': 0.5199797749519348}
[2025-06-04 14:42:46] - test_results: {'mae': 0.24808107316493988, 'mape': 12.4910249710083, 'mse': 0.1217036023736, 'rmse': 0.3488604426383972}
[2025-06-04 14:42:57] - Epoch: 7 cost time: 97.12969827651978
[2025-06-04 14:42:57] - Traininng loss : 0.6520504898743719
[2025-06-04 14:42:59] - vali_results: {'mae': 0.3556021749973297, 'mape': 4.995747089385986, 'mse': 0.26313236355781555, 'rmse': 0.5129643082618713}
[2025-06-04 14:43:00] - test_results: {'mae': 0.2503994107246399, 'mape': 13.544358253479004, 'mse': 0.12544551491737366, 'rmse': 0.3541828691959381}
[2025-06-04 14:43:11] - Epoch: 8 cost time: 110.97110390663147
[2025-06-04 14:43:11] - Traininng loss : 0.6477414386361917
[2025-06-04 14:43:12] - vali_results: {'mae': 0.35505035519599915, 'mape': 4.97723913192749, 'mse': 0.26507970690727234, 'rmse': 0.5148589015007019}
[2025-06-04 14:43:13] - test_results: {'mae': 0.24836422502994537, 'mape': 13.522393226623535, 'mse': 0.1238572970032692, 'rmse': 0.35193365812301636}
[2025-06-04 14:43:25] - Epoch: 9 cost time: 125.30071115493774
[2025-06-04 14:43:25] - Traininng loss : 0.6444777001005075
[2025-06-04 14:43:27] - vali_results: {'mae': 0.35363703966140747, 'mape': 5.203122138977051, 'mse': 0.263338565826416, 'rmse': 0.5131652355194092}
[2025-06-04 14:43:28] - test_results: {'mae': 0.24976694583892822, 'mape': 14.251474380493164, 'mse': 0.1267196089029312, 'rmse': 0.35597696900367737}
[2025-06-04 14:43:39] - Epoch: 10 cost time: 139.75362491607666
[2025-06-04 14:43:39] - Traininng loss : 0.6424110815448352
[2025-06-04 14:43:41] - vali_results: {'mae': 0.3778117597103119, 'mape': 4.5821967124938965, 'mse': 0.28943878412246704, 'rmse': 0.5379951596260071}
[2025-06-04 14:43:42] - test_results: {'mae': 0.25644344091415405, 'mape': 11.592296600341797, 'mse': 0.12477832287549973, 'rmse': 0.3532397449016571}
[2025-06-04 14:43:54] - Epoch: 11 cost time: 153.89627313613892
[2025-06-04 14:43:54] - Traininng loss : 0.6393483575163833
[2025-06-04 14:43:55] - vali_results: {'mae': 0.35587969422340393, 'mape': 4.9813714027404785, 'mse': 0.266872376203537, 'rmse': 0.5165969133377075}
[2025-06-04 14:43:57] - test_results: {'mae': 0.24789689481258392, 'mape': 13.661822319030762, 'mse': 0.12439128011465073, 'rmse': 0.3526914715766907}
[2025-06-04 14:44:08] - Epoch: 12 cost time: 168.2796812057495
[2025-06-04 14:44:08] - Traininng loss : 0.636329297086189
[2025-06-04 14:44:10] - vali_results: {'mae': 0.35704073309898376, 'mape': 4.885402679443359, 'mse': 0.2686057388782501, 'rmse': 0.5182718634605408}
[2025-06-04 14:44:11] - test_results: {'mae': 0.24574051797389984, 'mape': 13.10895824432373, 'mse': 0.12218718975782394, 'rmse': 0.34955283999443054}
[2025-06-04 14:44:11] - loss no decreased for 5 epochs,  early stopping ....
[2025-06-04 14:44:12] - test_results: {'mae': 0.2503994107246399, 'mape': 13.544358253479004, 'mse': 0.12544551491737366, 'rmse': 0.3541828691959381}
