[2025-06-05 17:47:38] - run : 0 in seed: 2
[2025-06-05 17:47:38] - +-----------------------------------+------------+
|              Modules              | Parameters |
+-----------------------------------+------------+
|     fm.Linear_Seasonal.weight     |   69120    |
|      fm.Linear_Seasonal.bias      |    720     |
|       fm.Linear_Trend.weight      |   69120    |
|        fm.Linear_Trend.bias       |    720     |
|             nm.weight             |     14     |
| nm.model_freq.model_freq.0.weight |    6144    |
|  nm.model_freq.model_freq.0.bias  |     64     |
|  nm.model_freq.model_all.0.weight |   20480    |
|   nm.model_freq.model_all.0.bias  |    128     |
|  nm.model_freq.model_all.2.weight |   92160    |
|   nm.model_freq.model_all.2.bias  |    720     |
| nm.model_pred.model_freq.0.weight |   24576    |
|  nm.model_pred.model_freq.0.bias  |    256     |
|  nm.model_pred.model_all.0.weight |   180224   |
|   nm.model_pred.model_all.0.bias  |    512     |
|  nm.model_pred.model_all.2.weight |   368640   |
|   nm.model_pred.model_all.2.bias  |    720     |
+-----------------------------------+------------+
[2025-06-05 17:47:38] - Total Trainable Params: 834318
[2025-06-05 17:47:38] - model parameters: 834318
[2025-06-05 17:49:16] - Epoch: 1 cost time: 97.8064751625061
[2025-06-05 17:49:16] - Traininng loss : 0.7870050178638214
[2025-06-05 17:49:23] - vali_results: {'mae': 0.3761601150035858, 'mape': 2.025221586227417, 'mse': 0.30023685097694397, 'rmse': 0.5479387044906616}
[2025-06-05 17:49:27] - test_results: {'mae': 0.2672516107559204, 'mape': 2.548640489578247, 'mse': 0.14144447445869446, 'rmse': 0.37609103322029114}
[2025-06-05 17:51:05] - Epoch: 2 cost time: 207.64875102043152
[2025-06-05 17:51:05] - Traininng loss : 0.7451367356762877
[2025-06-05 17:51:13] - vali_results: {'mae': 0.4025174081325531, 'mape': 1.816755771636963, 'mse': 0.3205653429031372, 'rmse': 0.5661848783493042}
[2025-06-05 17:51:17] - test_results: {'mae': 0.28201520442962646, 'mape': 2.2923147678375244, 'mse': 0.1468835473060608, 'rmse': 0.38325390219688416}
[2025-06-05 17:52:53] - Epoch: 3 cost time: 315.48560094833374
[2025-06-05 17:52:53] - Traininng loss : 0.7382338276857372
[2025-06-05 17:53:02] - vali_results: {'mae': 0.377706915140152, 'mape': 1.971761703491211, 'mse': 0.2969983220100403, 'rmse': 0.5449755191802979}
[2025-06-05 17:53:05] - test_results: {'mae': 0.268155038356781, 'mape': 2.4379384517669678, 'mse': 0.1401968002319336, 'rmse': 0.3744286298751831}
[2025-06-05 17:54:46] - Epoch: 4 cost time: 428.2197425365448
[2025-06-05 17:54:46] - Traininng loss : 0.7324345203102868
[2025-06-05 17:54:54] - vali_results: {'mae': 0.3926674723625183, 'mape': 1.8669776916503906, 'mse': 0.311192125082016, 'rmse': 0.557845950126648}
[2025-06-05 17:54:58] - test_results: {'mae': 0.2748124897480011, 'mape': 2.305684804916382, 'mse': 0.14309890568256378, 'rmse': 0.37828415632247925}
[2025-06-05 17:56:34] - Epoch: 5 cost time: 535.8307955265045
[2025-06-05 17:56:34] - Traininng loss : 0.7287748351822383
[2025-06-05 17:56:41] - vali_results: {'mae': 0.37862226366996765, 'mape': 1.9750169515609741, 'mse': 0.29722702503204346, 'rmse': 0.5451853275299072}
[2025-06-05 17:56:45] - test_results: {'mae': 0.26807600259780884, 'mape': 2.470388412475586, 'mse': 0.14006516337394714, 'rmse': 0.3742527961730957}
[2025-06-05 17:58:25] - Epoch: 6 cost time: 647.0676238536835
[2025-06-05 17:58:25] - Traininng loss : 0.7257824907547796
[2025-06-05 17:58:33] - vali_results: {'mae': 0.4002005159854889, 'mape': 1.816256046295166, 'mse': 0.3198316693305969, 'rmse': 0.565536618232727}
[2025-06-05 17:58:37] - test_results: {'mae': 0.2808438837528229, 'mape': 2.341773748397827, 'mse': 0.1467788964509964, 'rmse': 0.38311734795570374}
[2025-06-05 18:00:12] - Epoch: 7 cost time: 754.1526069641113
[2025-06-05 18:00:12] - Traininng loss : 0.7238218498237933
[2025-06-05 18:00:19] - vali_results: {'mae': 0.3838762640953064, 'mape': 1.9028041362762451, 'mse': 0.3044937551021576, 'rmse': 0.551809549331665}
[2025-06-05 18:00:23] - test_results: {'mae': 0.26979148387908936, 'mape': 2.384894609451294, 'mse': 0.14099174737930298, 'rmse': 0.37548866868019104}
[2025-06-05 18:01:58] - Epoch: 8 cost time: 860.1047146320343
[2025-06-05 18:01:58] - Traininng loss : 0.7224232876714346
[2025-06-05 18:02:05] - vali_results: {'mae': 0.3703068196773529, 'mape': 1.9969584941864014, 'mse': 0.2897461950778961, 'rmse': 0.5382807850837708}
[2025-06-05 18:02:10] - test_results: {'mae': 0.2641506493091583, 'mape': 2.4585330486297607, 'mse': 0.13917276263237, 'rmse': 0.37305864691734314}
[2025-06-05 18:03:48] - Epoch: 9 cost time: 969.8108804225922
[2025-06-05 18:03:48] - Traininng loss : 0.7199407500215496
[2025-06-05 18:03:56] - vali_results: {'mae': 0.3916538953781128, 'mape': 1.830330729484558, 'mse': 0.31211262941360474, 'rmse': 0.5586704015731812}
[2025-06-05 18:04:00] - test_results: {'mae': 0.2737535834312439, 'mape': 2.3760857582092285, 'mse': 0.1422399878501892, 'rmse': 0.3771471679210663}
[2025-06-05 18:05:37] - Epoch: 10 cost time: 1079.4806668758392
[2025-06-05 18:05:37] - Traininng loss : 0.7190856431387838
[2025-06-05 18:05:45] - vali_results: {'mae': 0.38731029629707336, 'mape': 1.8449032306671143, 'mse': 0.30540308356285095, 'rmse': 0.5526328682899475}
[2025-06-05 18:05:49] - test_results: {'mae': 0.27066951990127563, 'mape': 2.352537155151367, 'mse': 0.14043456315994263, 'rmse': 0.3747459948062897}
[2025-06-05 18:07:23] - Epoch: 11 cost time: 1185.2663521766663
[2025-06-05 18:07:23] - Traininng loss : 0.7178669311628093
[2025-06-05 18:07:31] - vali_results: {'mae': 0.4001930356025696, 'mape': 1.781526803970337, 'mse': 0.31931784749031067, 'rmse': 0.5650821328163147}
[2025-06-05 18:07:35] - test_results: {'mae': 0.27899834513664246, 'mape': 2.2560505867004395, 'mse': 0.14540430903434753, 'rmse': 0.38131916522979736}
[2025-06-05 18:09:12] - Epoch: 12 cost time: 1294.628350019455
[2025-06-05 18:09:12] - Traininng loss : 0.7164756378744188
[2025-06-05 18:09:21] - vali_results: {'mae': 0.38245901465415955, 'mape': 1.8928942680358887, 'mse': 0.30218705534935, 'rmse': 0.5497154593467712}
[2025-06-05 18:09:25] - test_results: {'mae': 0.26941078901290894, 'mape': 2.3999929428100586, 'mse': 0.14111502468585968, 'rmse': 0.3756527900695801}
[2025-06-05 18:11:02] - Epoch: 13 cost time: 1404.3711199760437
[2025-06-05 18:11:02] - Traininng loss : 0.71614709373233
[2025-06-05 18:11:10] - vali_results: {'mae': 0.3879868984222412, 'mape': 1.8792474269866943, 'mse': 0.31046468019485474, 'rmse': 0.5571935772895813}
[2025-06-05 18:11:14] - test_results: {'mae': 0.2714763283729553, 'mape': 2.4329373836517334, 'mse': 0.1420084834098816, 'rmse': 0.37684014439582825}
[2025-06-05 18:11:14] - loss no decreased for 5 epochs,  early stopping ....
[2025-06-05 18:11:18] - test_results: {'mae': 0.2641506493091583, 'mape': 2.4585330486297607, 'mse': 0.13917276263237, 'rmse': 0.37305864691734314}
