[2025-05-28 21:45:52] - run : 0 in seed: 1
[2025-05-28 21:45:52] - +-----------------------------------+------------+
|              Modules              | Parameters |
+-----------------------------------+------------+
|     fm.Linear_Seasonal.weight     |   69120    |
|      fm.Linear_Seasonal.bias      |    720     |
|       fm.Linear_Trend.weight      |   69120    |
|        fm.Linear_Trend.bias       |    720     |
|             nm.weight             |     42     |
| nm.model_freq.model_freq.0.weight |    6144    |
|  nm.model_freq.model_freq.0.bias  |     64     |
|  nm.model_freq.model_all.0.weight |   20480    |
|   nm.model_freq.model_all.0.bias  |    128     |
|  nm.model_freq.model_all.2.weight |   92160    |
|   nm.model_freq.model_all.2.bias  |    720     |
| nm.model_pred.model_freq.0.weight |   24576    |
|  nm.model_pred.model_freq.0.bias  |    256     |
|  nm.model_pred.model_all.0.weight |   180224   |
|   nm.model_pred.model_all.0.bias  |    512     |
|  nm.model_pred.model_all.2.weight |   368640   |
|   nm.model_pred.model_all.2.bias  |    720     |
+-----------------------------------+------------+
[2025-05-28 21:45:52] - Total Trainable Params: 834346
[2025-05-28 21:45:52] - model parameters: 834346
[2025-05-28 21:47:17] - Epoch: 1 cost time: 84.74941992759705
[2025-05-28 21:47:17] - Traininng loss : 1.5097757638663265
[2025-05-28 21:47:25] - vali_results: {'mae': 0.4297766387462616, 'mape': 5.5563273429870605, 'mse': 0.5113707780838013, 'rmse': 0.715101957321167}
[2025-05-28 21:47:29] - test_results: {'mae': 0.34153297543525696, 'mape': 1.7998816967010498, 'mse': 0.3434060513973236, 'rmse': 0.5860085487365723}
[2025-05-28 21:48:55] - Epoch: 2 cost time: 182.54972958564758
[2025-05-28 21:48:55] - Traininng loss : 1.4442419240132292
[2025-05-28 21:49:03] - vali_results: {'mae': 0.4300357699394226, 'mape': 5.987171649932861, 'mse': 0.5055077075958252, 'rmse': 0.7109906673431396}
[2025-05-28 21:49:08] - test_results: {'mae': 0.35261377692222595, 'mape': 1.8399430513381958, 'mse': 0.3491537272930145, 'rmse': 0.5908923149108887}
[2025-05-28 21:50:33] - Epoch: 3 cost time: 280.9570531845093
[2025-05-28 21:50:33] - Traininng loss : 1.4353452353929796
[2025-05-28 21:50:42] - vali_results: {'mae': 0.4288320541381836, 'mape': 6.016956329345703, 'mse': 0.5020037889480591, 'rmse': 0.7085222601890564}
[2025-05-28 21:50:46] - test_results: {'mae': 0.3461286723613739, 'mape': 1.838669776916504, 'mse': 0.3431161046028137, 'rmse': 0.5857611298561096}
[2025-05-28 21:52:11] - Epoch: 4 cost time: 378.8047614097595
[2025-05-28 21:52:11] - Traininng loss : 1.4317266192842037
[2025-05-28 21:52:20] - vali_results: {'mae': 0.4336909353733063, 'mape': 6.432631492614746, 'mse': 0.5094862580299377, 'rmse': 0.7137830853462219}
[2025-05-28 21:52:25] - test_results: {'mae': 0.34966298937797546, 'mape': 1.924883246421814, 'mse': 0.34785088896751404, 'rmse': 0.5897888541221619}
[2025-05-28 21:53:49] - Epoch: 5 cost time: 476.93014121055603
[2025-05-28 21:53:49] - Traininng loss : 1.429250217392935
[2025-05-28 21:53:57] - vali_results: {'mae': 0.4437589645385742, 'mape': 7.998049259185791, 'mse': 0.5213354825973511, 'rmse': 0.7220356464385986}
[2025-05-28 21:54:02] - test_results: {'mae': 0.36329030990600586, 'mape': 2.1870861053466797, 'mse': 0.3596421778202057, 'rmse': 0.5997017621994019}
[2025-05-28 21:55:26] - Epoch: 6 cost time: 573.6826083660126
[2025-05-28 21:55:26] - Traininng loss : 1.4282627808498152
[2025-05-28 21:55:34] - vali_results: {'mae': 0.4282758831977844, 'mape': 5.420531749725342, 'mse': 0.5064414143562317, 'rmse': 0.7116469740867615}
[2025-05-28 21:55:39] - test_results: {'mae': 0.33966028690338135, 'mape': 1.7914695739746094, 'mse': 0.3416720926761627, 'rmse': 0.5845272541046143}
[2025-05-28 21:57:04] - Epoch: 7 cost time: 671.6192736625671
[2025-05-28 21:57:04] - Traininng loss : 1.4259622436254582
[2025-05-28 21:57:12] - vali_results: {'mae': 0.4332430958747864, 'mape': 6.113018989562988, 'mse': 0.5075196027755737, 'rmse': 0.7124040722846985}
[2025-05-28 21:57:17] - test_results: {'mae': 0.35919320583343506, 'mape': 1.8590153455734253, 'mse': 0.3543386459350586, 'rmse': 0.5952634811401367}
[2025-05-28 21:58:42] - Epoch: 8 cost time: 769.431263923645
[2025-05-28 21:58:42] - Traininng loss : 1.4246836030948247
[2025-05-28 21:58:50] - vali_results: {'mae': 0.436053991317749, 'mape': 6.558691024780273, 'mse': 0.5121588706970215, 'rmse': 0.7156527638435364}
[2025-05-28 21:58:55] - test_results: {'mae': 0.35436201095581055, 'mape': 1.9378732442855835, 'mse': 0.3517932593822479, 'rmse': 0.5931216478347778}
[2025-05-28 21:58:55] - loss no decreased for 5 epochs,  early stopping ....
[2025-05-28 21:58:59] - test_results: {'mae': 0.3461286723613739, 'mape': 1.838669776916504, 'mse': 0.3431161046028137, 'rmse': 0.5857611298561096}
