[2025-06-06 11:40:44] - run : 0 in seed: 2
[2025-06-06 11:40:44] - +-----------------------------------+------------+
|              Modules              | Parameters |
+-----------------------------------+------------+
|     fm.Linear_Seasonal.weight     |   69120    |
|      fm.Linear_Seasonal.bias      |    720     |
|       fm.Linear_Trend.weight      |   69120    |
|        fm.Linear_Trend.bias       |    720     |
|             nm.weight             |    1724    |
| nm.model_freq.model_freq.0.weight |    6144    |
|  nm.model_freq.model_freq.0.bias  |     64     |
|  nm.model_freq.model_all.0.weight |   20480    |
|   nm.model_freq.model_all.0.bias  |    128     |
|  nm.model_freq.model_all.2.weight |   92160    |
|   nm.model_freq.model_all.2.bias  |    720     |
| nm.model_pred.model_freq.0.weight |   24576    |
|  nm.model_pred.model_freq.0.bias  |    256     |
|  nm.model_pred.model_all.0.weight |   180224   |
|   nm.model_pred.model_all.0.bias  |    512     |
|  nm.model_pred.model_all.2.weight |   368640   |
|   nm.model_pred.model_all.2.bias  |    720     |
+-----------------------------------+------------+
[2025-06-06 11:40:44] - Total Trainable Params: 836028
[2025-06-06 11:40:44] - model parameters: 836028
[2025-06-06 11:41:53] - Epoch: 1 cost time: 68.2013840675354
[2025-06-06 11:41:53] - Traininng loss : 0.9665942970756701
[2025-06-06 11:42:21] - vali_results: {'mae': 0.34483516216278076, 'mape': 5.560622215270996, 'mse': 0.400954008102417, 'rmse': 0.6332092881202698}
[2025-06-06 11:42:33] - test_results: {'mae': 0.40807709097862244, 'mape': 6.438540458679199, 'mse': 0.5216296315193176, 'rmse': 0.7222393155097961}
[2025-06-06 11:43:37] - Epoch: 2 cost time: 172.30746984481812
[2025-06-06 11:43:37] - Traininng loss : 0.740804203373476
[2025-06-06 11:44:05] - vali_results: {'mae': 0.32565197348594666, 'mape': 5.054069519042969, 'mse': 0.37620726227760315, 'rmse': 0.6133573651313782}
[2025-06-06 11:44:17] - test_results: {'mae': 0.39370423555374146, 'mape': 6.281594276428223, 'mse': 0.502631664276123, 'rmse': 0.7089651823043823}
[2025-06-06 11:45:20] - Epoch: 3 cost time: 275.5040612220764
[2025-06-06 11:45:20] - Traininng loss : 0.7087465987896189
[2025-06-06 11:45:49] - vali_results: {'mae': 0.3190458118915558, 'mape': 4.976954936981201, 'mse': 0.36662769317626953, 'rmse': 0.6054978966712952}
[2025-06-06 11:46:01] - test_results: {'mae': 0.38822707533836365, 'mape': 6.20555305480957, 'mse': 0.49482807517051697, 'rmse': 0.7034401893615723}
[2025-06-06 11:47:07] - Epoch: 4 cost time: 382.1216516494751
[2025-06-06 11:47:07] - Traininng loss : 0.693981583736069
[2025-06-06 11:47:35] - vali_results: {'mae': 0.31614765524864197, 'mape': 4.952452182769775, 'mse': 0.36224713921546936, 'rmse': 0.6018697023391724}
[2025-06-06 11:47:48] - test_results: {'mae': 0.38591212034225464, 'mape': 6.155399322509766, 'mse': 0.49126091599464417, 'rmse': 0.7009000778198242}
[2025-06-06 11:48:54] - Epoch: 5 cost time: 489.9085111618042
[2025-06-06 11:48:54] - Traininng loss : 0.6852484390264102
[2025-06-06 11:49:26] - vali_results: {'mae': 0.3131563365459442, 'mape': 4.8956098556518555, 'mse': 0.3584689199924469, 'rmse': 0.5987227559089661}
[2025-06-06 11:49:39] - test_results: {'mae': 0.38474512100219727, 'mape': 6.253121376037598, 'mse': 0.48986950516700745, 'rmse': 0.6999067664146423}
[2025-06-06 11:50:46] - Epoch: 6 cost time: 601.8049764633179
[2025-06-06 11:50:46] - Traininng loss : 0.6789448008895916
[2025-06-06 11:51:17] - vali_results: {'mae': 0.3110311031341553, 'mape': 4.784186363220215, 'mse': 0.3569790720939636, 'rmse': 0.5974772572517395}
[2025-06-06 11:51:30] - test_results: {'mae': 0.38186103105545044, 'mape': 6.1189703941345215, 'mse': 0.4872671961784363, 'rmse': 0.6980452537536621}
[2025-06-06 11:52:37] - Epoch: 7 cost time: 712.1219630241394
[2025-06-06 11:52:37] - Traininng loss : 0.6741224402836771
[2025-06-06 11:53:07] - vali_results: {'mae': 0.31018751859664917, 'mape': 4.733517646789551, 'mse': 0.3554746210575104, 'rmse': 0.5962169170379639}
[2025-06-06 11:53:20] - test_results: {'mae': 0.38156354427337646, 'mape': 6.159494400024414, 'mse': 0.48587867617607117, 'rmse': 0.6970499753952026}
[2025-06-06 11:54:29] - Epoch: 8 cost time: 824.4411931037903
[2025-06-06 11:54:29] - Traininng loss : 0.6704366557445367
[2025-06-06 11:54:59] - vali_results: {'mae': 0.3077908158302307, 'mape': 4.756415843963623, 'mse': 0.3535301983356476, 'rmse': 0.594584047794342}
[2025-06-06 11:55:12] - test_results: {'mae': 0.3784487843513489, 'mape': 6.095186233520508, 'mse': 0.4831966161727905, 'rmse': 0.6951234340667725}
[2025-06-06 11:56:20] - Epoch: 9 cost time: 935.2865290641785
[2025-06-06 11:56:20] - Traininng loss : 0.6672901932907636
[2025-06-06 11:56:52] - vali_results: {'mae': 0.30761682987213135, 'mape': 4.738636493682861, 'mse': 0.3523153066635132, 'rmse': 0.5935615301132202}
[2025-06-06 11:57:05] - test_results: {'mae': 0.379496693611145, 'mape': 6.114815711975098, 'mse': 0.48340529203414917, 'rmse': 0.6952735185623169}
[2025-06-06 11:58:13] - Epoch: 10 cost time: 1048.4785611629486
[2025-06-06 11:58:13] - Traininng loss : 0.6645004239587067
[2025-06-06 11:58:44] - vali_results: {'mae': 0.30702558159828186, 'mape': 4.752299785614014, 'mse': 0.3511267304420471, 'rmse': 0.5925594568252563}
[2025-06-06 11:58:57] - test_results: {'mae': 0.3804672658443451, 'mape': 6.2985453605651855, 'mse': 0.4841333329677582, 'rmse': 0.6957969069480896}
[2025-06-06 12:00:04] - Epoch: 11 cost time: 1159.9244964122772
[2025-06-06 12:00:04] - Traininng loss : 0.6620821019733184
[2025-06-06 12:00:36] - vali_results: {'mae': 0.3051588237285614, 'mape': 4.621168613433838, 'mse': 0.34982308745384216, 'rmse': 0.5914584398269653}
[2025-06-06 12:00:48] - test_results: {'mae': 0.3770667612552643, 'mape': 6.102367401123047, 'mse': 0.4812101423740387, 'rmse': 0.6936931014060974}
[2025-06-06 12:01:56] - Epoch: 12 cost time: 1271.567563533783
[2025-06-06 12:01:56] - Traininng loss : 0.6598118641582372
[2025-06-06 12:02:26] - vali_results: {'mae': 0.30551955103874207, 'mape': 4.785726547241211, 'mse': 0.34845203161239624, 'rmse': 0.5902982354164124}
[2025-06-06 12:02:40] - test_results: {'mae': 0.37695321440696716, 'mape': 6.206571102142334, 'mse': 0.47941869497299194, 'rmse': 0.6924006938934326}
[2025-06-06 12:03:47] - Epoch: 13 cost time: 1382.58482670784
[2025-06-06 12:03:47] - Traininng loss : 0.6581466569873948
[2025-06-06 12:04:17] - vali_results: {'mae': 0.3047351837158203, 'mape': 4.710118293762207, 'mse': 0.3479871153831482, 'rmse': 0.5899043083190918}
[2025-06-06 12:04:30] - test_results: {'mae': 0.37694138288497925, 'mape': 6.165333271026611, 'mse': 0.4798547923564911, 'rmse': 0.6927155256271362}
[2025-06-06 12:05:37] - Epoch: 14 cost time: 1492.2488148212433
[2025-06-06 12:05:37] - Traininng loss : 0.6564496748958789
[2025-06-06 12:06:08] - vali_results: {'mae': 0.3041287362575531, 'mape': 4.679389476776123, 'mse': 0.34709665179252625, 'rmse': 0.5891491174697876}
[2025-06-06 12:06:22] - test_results: {'mae': 0.37754857540130615, 'mape': 6.224813938140869, 'mse': 0.4802870452404022, 'rmse': 0.6930274367332458}
[2025-06-06 12:07:27] - Epoch: 15 cost time: 1602.373039484024
[2025-06-06 12:07:27] - Traininng loss : 0.6552434737967914
[2025-06-06 12:07:58] - vali_results: {'mae': 0.30381321907043457, 'mape': 4.710124492645264, 'mse': 0.34679409861564636, 'rmse': 0.5888922810554504}
[2025-06-06 12:08:11] - test_results: {'mae': 0.37693196535110474, 'mape': 6.196597099304199, 'mse': 0.4794637858867645, 'rmse': 0.69243323802948}
[2025-06-06 12:09:17] - Epoch: 16 cost time: 1712.2369091510773
[2025-06-06 12:09:17] - Traininng loss : 0.6538905106215092
[2025-06-06 12:09:48] - vali_results: {'mae': 0.3040996789932251, 'mape': 4.7378315925598145, 'mse': 0.3460654020309448, 'rmse': 0.5882732272148132}
[2025-06-06 12:10:01] - test_results: {'mae': 0.37521421909332275, 'mape': 6.126373767852783, 'mse': 0.47676125168800354, 'rmse': 0.6904789805412292}
[2025-06-06 12:11:07] - Epoch: 17 cost time: 1822.6947090625763
[2025-06-06 12:11:07] - Traininng loss : 0.652659067536463
[2025-06-06 12:11:39] - vali_results: {'mae': 0.30259275436401367, 'mape': 4.707981586456299, 'mse': 0.34507593512535095, 'rmse': 0.5874316692352295}
[2025-06-06 12:11:53] - test_results: {'mae': 0.37475740909576416, 'mape': 6.221874713897705, 'mse': 0.4765065014362335, 'rmse': 0.6902945041656494}
[2025-06-06 12:13:01] - Epoch: 18 cost time: 1936.6414992809296
[2025-06-06 12:13:01] - Traininng loss : 0.6517674949507859
[2025-06-06 12:13:33] - vali_results: {'mae': 0.3023530840873718, 'mape': 4.726485729217529, 'mse': 0.3443351686000824, 'rmse': 0.5868008136749268}
[2025-06-06 12:13:47] - test_results: {'mae': 0.3756316304206848, 'mape': 6.261029243469238, 'mse': 0.47720256447792053, 'rmse': 0.6907985210418701}
[2025-06-06 12:14:52] - Epoch: 19 cost time: 2047.9435739517212
[2025-06-06 12:14:52] - Traininng loss : 0.6507606730487685
[2025-06-06 12:15:23] - vali_results: {'mae': 0.3023075759410858, 'mape': 4.735352039337158, 'mse': 0.3439272344112396, 'rmse': 0.5864530801773071}
[2025-06-06 12:15:36] - test_results: {'mae': 0.37485313415527344, 'mape': 6.227064609527588, 'mse': 0.4760074019432068, 'rmse': 0.6899328827857971}
[2025-06-06 12:16:42] - Epoch: 20 cost time: 2157.307228088379
[2025-06-06 12:16:42] - Traininng loss : 0.6501832317176968
[2025-06-06 12:17:11] - vali_results: {'mae': 0.3012012243270874, 'mape': 4.681117534637451, 'mse': 0.34379908442497253, 'rmse': 0.5863438248634338}
[2025-06-06 12:17:23] - test_results: {'mae': 0.3737781047821045, 'mape': 6.111285209655762, 'mse': 0.475787490606308, 'rmse': 0.6897734999656677}
[2025-06-06 12:18:29] - Epoch: 21 cost time: 2264.3913702964783
[2025-06-06 12:18:29] - Traininng loss : 0.649332633423606
[2025-06-06 12:18:58] - vali_results: {'mae': 0.30075299739837646, 'mape': 4.625534534454346, 'mse': 0.3437809646129608, 'rmse': 0.586328387260437}
[2025-06-06 12:19:11] - test_results: {'mae': 0.3743346035480499, 'mape': 6.120478630065918, 'mse': 0.47642868757247925, 'rmse': 0.6902381181716919}
[2025-06-06 12:20:18] - Epoch: 22 cost time: 2373.33948802948
[2025-06-06 12:20:18] - Traininng loss : 0.6483825961527386
[2025-06-06 12:20:49] - vali_results: {'mae': 0.30097073316574097, 'mape': 4.6530537605285645, 'mse': 0.34358859062194824, 'rmse': 0.5861642956733704}
[2025-06-06 12:21:01] - test_results: {'mae': 0.373195618391037, 'mape': 6.1336517333984375, 'mse': 0.4751441478729248, 'rmse': 0.6893070340156555}
[2025-06-06 12:22:06] - Epoch: 23 cost time: 2481.6170692443848
[2025-06-06 12:22:06] - Traininng loss : 0.6478325913875548
[2025-06-06 12:22:36] - vali_results: {'mae': 0.3011839985847473, 'mape': 4.677221298217773, 'mse': 0.3429919481277466, 'rmse': 0.585655152797699}
[2025-06-06 12:22:49] - test_results: {'mae': 0.37501290440559387, 'mape': 6.255181789398193, 'mse': 0.47640809416770935, 'rmse': 0.690223217010498}
[2025-06-06 12:23:55] - Epoch: 24 cost time: 2590.048177957535
[2025-06-06 12:23:55] - Traininng loss : 0.6473410335423887
[2025-06-06 12:24:23] - vali_results: {'mae': 0.30090492963790894, 'mape': 4.692214012145996, 'mse': 0.34255731105804443, 'rmse': 0.5852839350700378}
[2025-06-06 12:24:35] - test_results: {'mae': 0.37311872839927673, 'mape': 6.246208667755127, 'mse': 0.47417402267456055, 'rmse': 0.6886029243469238}
[2025-06-06 12:25:44] - Epoch: 25 cost time: 2699.7224028110504
[2025-06-06 12:25:44] - Traininng loss : 0.6467454931530116
[2025-06-06 12:26:14] - vali_results: {'mae': 0.30061814188957214, 'mape': 4.669373989105225, 'mse': 0.3419540822505951, 'rmse': 0.5847684144973755}
[2025-06-06 12:26:26] - test_results: {'mae': 0.37322500348091125, 'mape': 6.233166217803955, 'mse': 0.4743526577949524, 'rmse': 0.6887326240539551}
[2025-06-06 12:27:31] - Epoch: 26 cost time: 2806.8352432250977
[2025-06-06 12:27:31] - Traininng loss : 0.6460827501039319
[2025-06-06 12:27:59] - vali_results: {'mae': 0.3001493513584137, 'mape': 4.59758186340332, 'mse': 0.3424357771873474, 'rmse': 0.5851801037788391}
[2025-06-06 12:28:12] - test_results: {'mae': 0.3730051517486572, 'mape': 6.10394811630249, 'mse': 0.47444140911102295, 'rmse': 0.6887970566749573}
[2025-06-06 12:29:18] - Epoch: 27 cost time: 2913.828488588333
[2025-06-06 12:29:18] - Traininng loss : 0.6455882452324573
[2025-06-06 12:29:48] - vali_results: {'mae': 0.3006323277950287, 'mape': 4.729554653167725, 'mse': 0.34172889590263367, 'rmse': 0.5845758318901062}
[2025-06-06 12:30:01] - test_results: {'mae': 0.37497246265411377, 'mape': 6.279420852661133, 'mse': 0.47568804025650024, 'rmse': 0.6897014379501343}
[2025-06-06 12:31:08] - Epoch: 28 cost time: 3023.481518268585
[2025-06-06 12:31:08] - Traininng loss : 0.6453798977777486
[2025-06-06 12:31:36] - vali_results: {'mae': 0.30033254623413086, 'mape': 4.725786209106445, 'mse': 0.34131428599357605, 'rmse': 0.5842210650444031}
[2025-06-06 12:31:49] - test_results: {'mae': 0.37250852584838867, 'mape': 6.186540603637695, 'mse': 0.47284138202667236, 'rmse': 0.6876346468925476}
[2025-06-06 12:32:56] - Epoch: 29 cost time: 3131.2737147808075
[2025-06-06 12:32:56] - Traininng loss : 0.644789395890196
[2025-06-06 12:33:26] - vali_results: {'mae': 0.29905083775520325, 'mape': 4.595148086547852, 'mse': 0.3414769172668457, 'rmse': 0.5843602418899536}
[2025-06-06 12:33:39] - test_results: {'mae': 0.3717937171459198, 'mape': 6.082404613494873, 'mse': 0.4735957682132721, 'rmse': 0.6881829500198364}
[2025-06-06 12:34:46] - Epoch: 30 cost time: 3241.3005306720734
[2025-06-06 12:34:46] - Traininng loss : 0.6444144928023676
[2025-06-06 12:35:15] - vali_results: {'mae': 0.2993620038032532, 'mape': 4.639862537384033, 'mse': 0.3408862054347992, 'rmse': 0.583854615688324}
[2025-06-06 12:35:27] - test_results: {'mae': 0.3720839023590088, 'mape': 6.2295918464660645, 'mse': 0.47286415100097656, 'rmse': 0.6876511573791504}
[2025-06-06 12:36:33] - Epoch: 31 cost time: 3348.017964363098
[2025-06-06 12:36:33] - Traininng loss : 0.6440330411730371
[2025-06-06 12:37:02] - vali_results: {'mae': 0.29908356070518494, 'mape': 4.640629768371582, 'mse': 0.34097278118133545, 'rmse': 0.5839287638664246}
[2025-06-06 12:37:15] - test_results: {'mae': 0.3709776699542999, 'mape': 6.119337558746338, 'mse': 0.4719836115837097, 'rmse': 0.687010645866394}
[2025-06-06 12:38:21] - Epoch: 32 cost time: 3456.461739063263
[2025-06-06 12:38:21] - Traininng loss : 0.6436258290471473
[2025-06-06 12:38:50] - vali_results: {'mae': 0.299165278673172, 'mape': 4.6697468757629395, 'mse': 0.34034955501556396, 'rmse': 0.5833948254585266}
[2025-06-06 12:39:02] - test_results: {'mae': 0.3731911778450012, 'mape': 6.289563179016113, 'mse': 0.4742301106452942, 'rmse': 0.6886436939239502}
[2025-06-06 12:40:05] - Epoch: 33 cost time: 3560.7828562259674
[2025-06-06 12:40:05] - Traininng loss : 0.6432947871744799
[2025-06-06 12:40:34] - vali_results: {'mae': 0.2988070845603943, 'mape': 4.577208518981934, 'mse': 0.34093987941741943, 'rmse': 0.5839005708694458}
[2025-06-06 12:40:45] - test_results: {'mae': 0.37131425738334656, 'mape': 6.077978134155273, 'mse': 0.4725029170513153, 'rmse': 0.6873884797096252}
[2025-06-06 12:41:49] - Epoch: 34 cost time: 3664.7826747894287
[2025-06-06 12:41:49] - Traininng loss : 0.6429558846279771
[2025-06-06 12:42:19] - vali_results: {'mae': 0.29940223693847656, 'mape': 4.635798454284668, 'mse': 0.34125688672065735, 'rmse': 0.5841719508171082}
[2025-06-06 12:42:32] - test_results: {'mae': 0.37390920519828796, 'mape': 6.1442718505859375, 'mse': 0.4750960171222687, 'rmse': 0.6892721056938171}
[2025-06-06 12:43:37] - Epoch: 35 cost time: 3772.547571182251
[2025-06-06 12:43:37] - Traininng loss : 0.6426213983041662
[2025-06-06 12:44:05] - vali_results: {'mae': 0.29836007952690125, 'mape': 4.556811809539795, 'mse': 0.34035882353782654, 'rmse': 0.5834028124809265}
[2025-06-06 12:44:18] - test_results: {'mae': 0.3701466917991638, 'mape': 6.111785411834717, 'mse': 0.4712889790534973, 'rmse': 0.6865049004554749}
[2025-06-06 12:45:25] - Epoch: 36 cost time: 3880.0479345321655
[2025-06-06 12:45:25] - Traininng loss : 0.6423018212770021
[2025-06-06 12:45:55] - vali_results: {'mae': 0.2981458008289337, 'mape': 4.54552698135376, 'mse': 0.34063854813575745, 'rmse': 0.5836424827575684}
[2025-06-06 12:46:07] - test_results: {'mae': 0.37067660689353943, 'mape': 6.066840648651123, 'mse': 0.4723357856273651, 'rmse': 0.6872668862342834}
[2025-06-06 12:47:13] - Epoch: 37 cost time: 3988.172027826309
[2025-06-06 12:47:13] - Traininng loss : 0.6421171642611618
[2025-06-06 12:47:43] - vali_results: {'mae': 0.29780489206314087, 'mape': 4.568062782287598, 'mse': 0.340117484331131, 'rmse': 0.5831959247589111}
[2025-06-06 12:47:57] - test_results: {'mae': 0.3706856369972229, 'mape': 6.097497940063477, 'mse': 0.47198906540870667, 'rmse': 0.6870145797729492}
[2025-06-06 12:49:03] - Epoch: 38 cost time: 4098.18023276329
[2025-06-06 12:49:03] - Traininng loss : 0.6417598556675287
[2025-06-06 12:49:33] - vali_results: {'mae': 0.2982001006603241, 'mape': 4.632827281951904, 'mse': 0.33969104290008545, 'rmse': 0.5828301906585693}
[2025-06-06 12:49:46] - test_results: {'mae': 0.3728783428668976, 'mape': 6.2164788246154785, 'mse': 0.4739094078540802, 'rmse': 0.688410758972168}
[2025-06-06 12:50:55] - Epoch: 39 cost time: 4210.745926618576
[2025-06-06 12:50:55] - Traininng loss : 0.6415886321107657
[2025-06-06 12:51:24] - vali_results: {'mae': 0.29836875200271606, 'mape': 4.633327007293701, 'mse': 0.3396203815937042, 'rmse': 0.5827695727348328}
[2025-06-06 12:51:37] - test_results: {'mae': 0.3722477853298187, 'mape': 6.266469955444336, 'mse': 0.47321000695228577, 'rmse': 0.6879026293754578}
[2025-06-06 12:52:42] - Epoch: 40 cost time: 4317.610056877136
[2025-06-06 12:52:42] - Traininng loss : 0.6413938610666642
[2025-06-06 12:53:11] - vali_results: {'mae': 0.29771095514297485, 'mape': 4.604335308074951, 'mse': 0.33947980403900146, 'rmse': 0.5826489329338074}
[2025-06-06 12:53:23] - test_results: {'mae': 0.3713897466659546, 'mape': 6.164733409881592, 'mse': 0.4726915657520294, 'rmse': 0.6875256896018982}
[2025-06-06 12:54:31] - Epoch: 41 cost time: 4426.0935916900635
[2025-06-06 12:54:31] - Traininng loss : 0.6409346403185704
[2025-06-06 12:55:04] - vali_results: {'mae': 0.2978726625442505, 'mape': 4.625439167022705, 'mse': 0.33922553062438965, 'rmse': 0.5824307203292847}
[2025-06-06 12:55:17] - test_results: {'mae': 0.37071412801742554, 'mape': 6.164471626281738, 'mse': 0.47140446305274963, 'rmse': 0.6865890026092529}
[2025-06-06 12:56:23] - Epoch: 42 cost time: 4538.419634103775
[2025-06-06 12:56:23] - Traininng loss : 0.6408376318498574
[2025-06-06 12:56:54] - vali_results: {'mae': 0.29781001806259155, 'mape': 4.622246265411377, 'mse': 0.33896005153656006, 'rmse': 0.5822027325630188}
[2025-06-06 12:57:07] - test_results: {'mae': 0.37064528465270996, 'mape': 6.193203449249268, 'mse': 0.47106701135635376, 'rmse': 0.6863431930541992}
[2025-06-06 12:58:13] - Epoch: 43 cost time: 4648.082384347916
[2025-06-06 12:58:13] - Traininng loss : 0.6405283659281504
[2025-06-06 12:58:43] - vali_results: {'mae': 0.29794585704803467, 'mape': 4.622514724731445, 'mse': 0.3389577567577362, 'rmse': 0.5822007656097412}
[2025-06-06 12:58:57] - test_results: {'mae': 0.37023285031318665, 'mape': 6.181856632232666, 'mse': 0.4702812433242798, 'rmse': 0.685770571231842}
[2025-06-06 13:00:04] - Epoch: 44 cost time: 4759.37158203125
[2025-06-06 13:00:04] - Traininng loss : 0.6402769102027489
[2025-06-06 13:06:51] - vali_results: {'mae': 0.29742395877838135, 'mape': 4.588100910186768, 'mse': 0.3391319513320923, 'rmse': 0.5823503732681274}
[2025-06-06 13:07:04] - test_results: {'mae': 0.37119993567466736, 'mape': 6.170155048370361, 'mse': 0.4720756411552429, 'rmse': 0.6870775818824768}
[2025-06-06 13:08:12] - Epoch: 45 cost time: 5247.68704366684
[2025-06-06 13:08:12] - Traininng loss : 0.6401545330674535
[2025-06-06 13:08:42] - vali_results: {'mae': 0.2971039414405823, 'mape': 4.553036689758301, 'mse': 0.33896833658218384, 'rmse': 0.5822098851203918}
[2025-06-06 13:08:55] - test_results: {'mae': 0.3704586327075958, 'mape': 6.140505790710449, 'mse': 0.47166961431503296, 'rmse': 0.6867820620536804}
[2025-06-06 13:10:01] - Epoch: 46 cost time: 5356.644739151001
[2025-06-06 13:10:01] - Traininng loss : 0.6398111898919002
[2025-06-06 13:10:32] - vali_results: {'mae': 0.2968757450580597, 'mape': 4.554239749908447, 'mse': 0.3391111493110657, 'rmse': 0.5823324918746948}
[2025-06-06 13:10:45] - test_results: {'mae': 0.3690166771411896, 'mape': 6.0854268074035645, 'mse': 0.47002995014190674, 'rmse': 0.6855872869491577}
[2025-06-06 13:11:53] - Epoch: 47 cost time: 5468.68897819519
[2025-06-06 13:11:53] - Traininng loss : 0.6398298795176748
[2025-06-06 13:12:24] - vali_results: {'mae': 0.2971417307853699, 'mape': 4.600339889526367, 'mse': 0.33845004439353943, 'rmse': 0.5817645788192749}
[2025-06-06 13:12:37] - test_results: {'mae': 0.36966750025749207, 'mape': 6.166819095611572, 'mse': 0.4699719250202179, 'rmse': 0.6855449676513672}
[2025-06-06 13:13:42] - Epoch: 48 cost time: 5577.618348121643
[2025-06-06 13:13:42] - Traininng loss : 0.6395311083302192
[2025-06-06 13:14:13] - vali_results: {'mae': 0.2969874143600464, 'mape': 4.502286434173584, 'mse': 0.33934134244918823, 'rmse': 0.58253014087677}
[2025-06-06 13:14:26] - test_results: {'mae': 0.36949869990348816, 'mape': 5.98763370513916, 'mse': 0.4709668755531311, 'rmse': 0.6862702369689941}
[2025-06-06 13:15:32] - Epoch: 49 cost time: 5687.241579055786
[2025-06-06 13:15:32] - Traininng loss : 0.6393435188986797
[2025-06-06 13:16:04] - vali_results: {'mae': 0.2968674302101135, 'mape': 4.563991069793701, 'mse': 0.3387041985988617, 'rmse': 0.5819829702377319}
[2025-06-06 13:16:17] - test_results: {'mae': 0.36977922916412354, 'mape': 6.084775924682617, 'mse': 0.47081413865089417, 'rmse': 0.6861589550971985}
[2025-06-06 13:17:23] - Epoch: 50 cost time: 5798.084244012833
[2025-06-06 13:17:23] - Traininng loss : 0.6391229865278706
[2025-06-06 13:17:54] - vali_results: {'mae': 0.29646456241607666, 'mape': 4.554648399353027, 'mse': 0.3383745849132538, 'rmse': 0.5816997289657593}
[2025-06-06 13:18:07] - test_results: {'mae': 0.3696129322052002, 'mape': 6.160519599914551, 'mse': 0.4706032872200012, 'rmse': 0.6860052943229675}
[2025-06-06 13:19:14] - Epoch: 51 cost time: 5909.0173189640045
[2025-06-06 13:19:14] - Traininng loss : 0.6390782843725263
[2025-06-06 13:19:44] - vali_results: {'mae': 0.2968060374259949, 'mape': 4.592361927032471, 'mse': 0.3382683992385864, 'rmse': 0.5816084742546082}
[2025-06-06 13:19:57] - test_results: {'mae': 0.3698057532310486, 'mape': 6.164089679718018, 'mse': 0.4703427851200104, 'rmse': 0.6858153939247131}
[2025-06-06 13:21:03] - Epoch: 52 cost time: 6018.360915184021
[2025-06-06 13:21:03] - Traininng loss : 0.6388586737983406
[2025-06-06 13:21:35] - vali_results: {'mae': 0.2964916229248047, 'mape': 4.584696292877197, 'mse': 0.3382696211338043, 'rmse': 0.5816094875335693}
[2025-06-06 13:21:48] - test_results: {'mae': 0.3699225187301636, 'mape': 6.148555278778076, 'mse': 0.47074517607688904, 'rmse': 0.6861087083816528}
[2025-06-06 13:22:55] - Epoch: 53 cost time: 6130.383836269379
[2025-06-06 13:22:55] - Traininng loss : 0.6386604574729473
[2025-06-06 13:23:26] - vali_results: {'mae': 0.2968897223472595, 'mape': 4.572104454040527, 'mse': 0.338405579328537, 'rmse': 0.5817263722419739}
[2025-06-06 13:23:39] - test_results: {'mae': 0.3696340024471283, 'mape': 6.13481330871582, 'mse': 0.4701904058456421, 'rmse': 0.6857042908668518}
[2025-06-06 13:24:46] - Epoch: 54 cost time: 6241.335236549377
[2025-06-06 13:24:46] - Traininng loss : 0.6386157329036001
[2025-06-06 13:25:18] - vali_results: {'mae': 0.2965763807296753, 'mape': 4.55218505859375, 'mse': 0.3384449779987335, 'rmse': 0.5817602276802063}
[2025-06-06 13:25:31] - test_results: {'mae': 0.3695113956928253, 'mape': 6.0536675453186035, 'mse': 0.47032639384269714, 'rmse': 0.6858034729957581}
[2025-06-06 13:26:38] - Epoch: 55 cost time: 6353.823360204697
[2025-06-06 13:26:38] - Traininng loss : 0.638403434109223
[2025-06-06 13:27:10] - vali_results: {'mae': 0.29620814323425293, 'mape': 4.556362628936768, 'mse': 0.33807000517845154, 'rmse': 0.581437885761261}
[2025-06-06 13:27:23] - test_results: {'mae': 0.36962252855300903, 'mape': 6.16077184677124, 'mse': 0.4704793393611908, 'rmse': 0.6859149932861328}
[2025-06-06 13:28:30] - Epoch: 56 cost time: 6465.810687541962
[2025-06-06 13:28:30] - Traininng loss : 0.6382305202045813
[2025-06-06 13:29:02] - vali_results: {'mae': 0.29609572887420654, 'mape': 4.5418243408203125, 'mse': 0.33777090907096863, 'rmse': 0.5811806321144104}
[2025-06-06 13:29:15] - test_results: {'mae': 0.3690788745880127, 'mape': 6.16947603225708, 'mse': 0.4698513150215149, 'rmse': 0.6854569911956787}
[2025-06-06 13:30:23] - Epoch: 57 cost time: 6578.09019112587
[2025-06-06 13:30:23] - Traininng loss : 0.6380526461641104
[2025-06-06 13:30:55] - vali_results: {'mae': 0.2959921360015869, 'mape': 4.559980869293213, 'mse': 0.33769679069519043, 'rmse': 0.5811168551445007}
[2025-06-06 13:31:09] - test_results: {'mae': 0.3698749840259552, 'mape': 6.18375825881958, 'mse': 0.4706519544124603, 'rmse': 0.6860407590866089}
[2025-06-06 13:32:18] - Epoch: 58 cost time: 6693.083669424057
[2025-06-06 13:32:18] - Traininng loss : 0.6379161057033911
[2025-06-06 13:32:48] - vali_results: {'mae': 0.2962304353713989, 'mape': 4.533791542053223, 'mse': 0.33818820118904114, 'rmse': 0.581539511680603}
[2025-06-06 13:33:02] - test_results: {'mae': 0.36962366104125977, 'mape': 6.08675479888916, 'mse': 0.47079429030418396, 'rmse': 0.6861445307731628}
[2025-06-06 13:34:07] - Epoch: 59 cost time: 6802.821813106537
[2025-06-06 13:34:07] - Traininng loss : 0.6379734812340696
[2025-06-06 13:34:38] - vali_results: {'mae': 0.29562240839004517, 'mape': 4.495176792144775, 'mse': 0.3379950523376465, 'rmse': 0.581373393535614}
[2025-06-06 13:34:51] - test_results: {'mae': 0.369060754776001, 'mape': 6.080116271972656, 'mse': 0.4703143537044525, 'rmse': 0.6857947111129761}
[2025-06-06 13:35:58] - Epoch: 60 cost time: 6913.517301559448
[2025-06-06 13:35:58] - Traininng loss : 0.6378575193184663
[2025-06-06 13:36:30] - vali_results: {'mae': 0.29588431119918823, 'mape': 4.476591110229492, 'mse': 0.3386131823062897, 'rmse': 0.5819047689437866}
[2025-06-06 13:36:43] - test_results: {'mae': 0.3696511685848236, 'mape': 6.057197570800781, 'mse': 0.4715849459171295, 'rmse': 0.6867204308509827}
[2025-06-06 13:37:49] - Epoch: 61 cost time: 7024.813889741898
[2025-06-06 13:37:49] - Traininng loss : 0.6375256026355669
[2025-06-06 13:38:19] - vali_results: {'mae': 0.29586663842201233, 'mape': 4.533205986022949, 'mse': 0.33791786432266235, 'rmse': 0.581307053565979}
[2025-06-06 13:38:32] - test_results: {'mae': 0.3689708709716797, 'mape': 6.109279632568359, 'mse': 0.4699417054653168, 'rmse': 0.6855229139328003}
[2025-06-06 13:39:41] - Epoch: 62 cost time: 7136.591777086258
[2025-06-06 13:39:41] - Traininng loss : 0.6374911546375094
[2025-06-06 13:40:12] - vali_results: {'mae': 0.295622318983078, 'mape': 4.536437511444092, 'mse': 0.33755120635032654, 'rmse': 0.5809915661811829}
[2025-06-06 13:40:25] - test_results: {'mae': 0.36856356263160706, 'mape': 6.105351448059082, 'mse': 0.46940526366233826, 'rmse': 0.6851315498352051}
[2025-06-06 13:41:33] - Epoch: 63 cost time: 7248.2392773628235
[2025-06-06 13:41:33] - Traininng loss : 0.6374061668815719
[2025-06-06 13:42:03] - vali_results: {'mae': 0.2955735921859741, 'mape': 4.540258884429932, 'mse': 0.3376854658126831, 'rmse': 0.5811070799827576}
[2025-06-06 13:42:16] - test_results: {'mae': 0.36866965889930725, 'mape': 6.066761016845703, 'mse': 0.46970951557159424, 'rmse': 0.6853535771369934}
[2025-06-06 13:43:23] - Epoch: 64 cost time: 7358.192925691605
[2025-06-06 13:43:23] - Traininng loss : 0.6371886340024412
[2025-06-06 13:43:54] - vali_results: {'mae': 0.29602178931236267, 'mape': 4.581356048583984, 'mse': 0.33759617805480957, 'rmse': 0.5810302495956421}
[2025-06-06 13:44:07] - test_results: {'mae': 0.3704255223274231, 'mape': 6.215216159820557, 'mse': 0.4712051749229431, 'rmse': 0.6864438652992249}
[2025-06-06 13:45:13] - Epoch: 65 cost time: 7469.011989593506
[2025-06-06 13:45:13] - Traininng loss : 0.6372112477390215
[2025-06-06 13:45:44] - vali_results: {'mae': 0.2952246367931366, 'mape': 4.513246059417725, 'mse': 0.33745938539505005, 'rmse': 0.5809125304222107}
[2025-06-06 13:45:57] - test_results: {'mae': 0.3685869872570038, 'mape': 6.098400592803955, 'mse': 0.4699966311454773, 'rmse': 0.6855630278587341}
[2025-06-06 13:47:03] - Epoch: 66 cost time: 7578.638697147369
[2025-06-06 13:47:03] - Traininng loss : 0.6369272960261714
[2025-06-06 13:47:35] - vali_results: {'mae': 0.29534488916397095, 'mape': 4.546070575714111, 'mse': 0.33737295866012573, 'rmse': 0.580838143825531}
[2025-06-06 13:47:48] - test_results: {'mae': 0.368293821811676, 'mape': 6.083314418792725, 'mse': 0.4692597985267639, 'rmse': 0.6850253939628601}
[2025-06-06 13:48:53] - Epoch: 67 cost time: 7688.688495874405
[2025-06-06 13:48:53] - Traininng loss : 0.6369653153220259
[2025-06-06 13:49:23] - vali_results: {'mae': 0.2949925661087036, 'mape': 4.505728721618652, 'mse': 0.3374605178833008, 'rmse': 0.5809135437011719}
[2025-06-06 13:49:36] - test_results: {'mae': 0.367713063955307, 'mape': 6.070692539215088, 'mse': 0.4691242575645447, 'rmse': 0.684926450252533}
[2025-06-06 13:50:42] - Epoch: 68 cost time: 7797.789648771286
[2025-06-06 13:50:42] - Traininng loss : 0.6368201487907792
[2025-06-06 13:51:14] - vali_results: {'mae': 0.2951790392398834, 'mape': 4.519575595855713, 'mse': 0.3374752998352051, 'rmse': 0.580926239490509}
[2025-06-06 13:51:27] - test_results: {'mae': 0.3685179650783539, 'mape': 6.1068339347839355, 'mse': 0.46984514594078064, 'rmse': 0.6854525208473206}
[2025-06-06 13:52:34] - Epoch: 69 cost time: 7909.067273616791
[2025-06-06 13:52:34] - Traininng loss : 0.6368061523251547
[2025-06-06 13:53:04] - vali_results: {'mae': 0.2949436902999878, 'mape': 4.457819938659668, 'mse': 0.33779796957969666, 'rmse': 0.5812038779258728}
[2025-06-06 13:53:17] - test_results: {'mae': 0.368459016084671, 'mape': 6.021636009216309, 'mse': 0.4703529477119446, 'rmse': 0.6858228445053101}
[2025-06-06 13:54:25] - Epoch: 70 cost time: 8020.203252077103
[2025-06-06 13:54:25] - Traininng loss : 0.6366290322253298
[2025-06-06 13:54:55] - vali_results: {'mae': 0.2947685420513153, 'mape': 4.487006664276123, 'mse': 0.3374022841453552, 'rmse': 0.5808634161949158}
[2025-06-06 13:55:08] - test_results: {'mae': 0.3678772449493408, 'mape': 6.04693078994751, 'mse': 0.4694150686264038, 'rmse': 0.6851387023925781}
[2025-06-06 13:56:17] - Epoch: 71 cost time: 8132.394244432449
[2025-06-06 13:56:17] - Traininng loss : 0.6365442666170656
[2025-06-06 13:56:48] - vali_results: {'mae': 0.2950274348258972, 'mape': 4.5372772216796875, 'mse': 0.337163507938385, 'rmse': 0.5806578397750854}
[2025-06-06 13:57:01] - test_results: {'mae': 0.36765843629837036, 'mape': 6.085610866546631, 'mse': 0.4686463475227356, 'rmse': 0.6845775246620178}
[2025-06-06 13:58:07] - Epoch: 72 cost time: 8242.474163532257
[2025-06-06 13:58:07] - Traininng loss : 0.6364834602496751
[2025-06-06 13:58:38] - vali_results: {'mae': 0.2948998212814331, 'mape': 4.516473770141602, 'mse': 0.3373103439807892, 'rmse': 0.580784261226654}
[2025-06-06 13:58:51] - test_results: {'mae': 0.3678949177265167, 'mape': 6.0553998947143555, 'mse': 0.469200074672699, 'rmse': 0.6849818229675293}
[2025-06-06 13:59:59] - Epoch: 73 cost time: 8354.68790102005
[2025-06-06 13:59:59] - Traininng loss : 0.6363333968398963
[2025-06-06 14:00:31] - vali_results: {'mae': 0.29468074440956116, 'mape': 4.5132012367248535, 'mse': 0.3369898498058319, 'rmse': 0.580508291721344}
[2025-06-06 14:00:45] - test_results: {'mae': 0.3679530918598175, 'mape': 6.096222400665283, 'mse': 0.4690872132778168, 'rmse': 0.6848993897438049}
[2025-06-06 14:01:51] - Epoch: 74 cost time: 8466.584597587585
[2025-06-06 14:01:51] - Traininng loss : 0.6362208287363929
[2025-06-06 14:02:22] - vali_results: {'mae': 0.29467451572418213, 'mape': 4.510086536407471, 'mse': 0.33711159229278564, 'rmse': 0.5806131362915039}
[2025-06-06 14:02:35] - test_results: {'mae': 0.3680461645126343, 'mape': 6.078396320343018, 'mse': 0.4693697690963745, 'rmse': 0.6851056814193726}
[2025-06-06 14:03:43] - Epoch: 75 cost time: 8578.602219104767
[2025-06-06 14:03:43] - Traininng loss : 0.6363351537656651
[2025-06-06 14:04:14] - vali_results: {'mae': 0.29450756311416626, 'mape': 4.498164653778076, 'mse': 0.33704131841659546, 'rmse': 0.5805525779724121}
[2025-06-06 14:04:27] - test_results: {'mae': 0.36756831407546997, 'mape': 6.090436935424805, 'mse': 0.46890902519226074, 'rmse': 0.684769332408905}
[2025-06-06 14:05:33] - Epoch: 76 cost time: 8688.287906646729
[2025-06-06 14:05:33] - Traininng loss : 0.6360245526335033
[2025-06-06 14:06:04] - vali_results: {'mae': 0.2947368621826172, 'mape': 4.496662616729736, 'mse': 0.33741337060928345, 'rmse': 0.5808729529380798}
[2025-06-06 14:06:17] - test_results: {'mae': 0.3684966266155243, 'mape': 6.082513332366943, 'mse': 0.4700948894023895, 'rmse': 0.6856346726417542}
[2025-06-06 14:07:25] - Epoch: 77 cost time: 8800.248183012009
[2025-06-06 14:07:25] - Traininng loss : 0.6362020127620538
[2025-06-06 14:07:57] - vali_results: {'mae': 0.2945137917995453, 'mape': 4.506368637084961, 'mse': 0.3369557559490204, 'rmse': 0.5804789066314697}
[2025-06-06 14:08:10] - test_results: {'mae': 0.3681013584136963, 'mape': 6.093049049377441, 'mse': 0.46940746903419495, 'rmse': 0.685133159160614}
[2025-06-06 14:09:15] - Epoch: 78 cost time: 8910.970779895782
[2025-06-06 14:09:15] - Traininng loss : 0.636064525268204
[2025-06-06 14:09:47] - vali_results: {'mae': 0.2946021854877472, 'mape': 4.495815277099609, 'mse': 0.3372327387332916, 'rmse': 0.5807174444198608}
[2025-06-06 14:09:59] - test_results: {'mae': 0.3680182993412018, 'mape': 6.0598249435424805, 'mse': 0.46969830989837646, 'rmse': 0.6853454113006592}
[2025-06-06 14:11:08] - Epoch: 79 cost time: 9023.085389614105
[2025-06-06 14:11:08] - Traininng loss : 0.6359477547881995
[2025-06-06 14:11:36] - vali_results: {'mae': 0.2944542169570923, 'mape': 4.51263952255249, 'mse': 0.33673906326293945, 'rmse': 0.5802922248840332}
[2025-06-06 14:11:49] - test_results: {'mae': 0.36796194314956665, 'mape': 6.114146709442139, 'mse': 0.46915075182914734, 'rmse': 0.684945821762085}
[2025-06-06 14:12:54] - Epoch: 80 cost time: 9129.286078929901
[2025-06-06 14:12:54] - Traininng loss : 0.6358924473228561
[2025-06-06 14:13:24] - vali_results: {'mae': 0.294391930103302, 'mape': 4.493133544921875, 'mse': 0.3369610905647278, 'rmse': 0.5804834961891174}
[2025-06-06 14:13:36] - test_results: {'mae': 0.3678043484687805, 'mape': 6.088719844818115, 'mse': 0.4692802131175995, 'rmse': 0.685040295124054}
[2025-06-06 14:14:42] - Epoch: 81 cost time: 9237.090742349625
[2025-06-06 14:14:42] - Traininng loss : 0.6358431840009344
[2025-06-06 14:15:11] - vali_results: {'mae': 0.2944582402706146, 'mape': 4.5067033767700195, 'mse': 0.3369373083114624, 'rmse': 0.5804629921913147}
[2025-06-06 14:15:23] - test_results: {'mae': 0.3679494559764862, 'mape': 6.091432571411133, 'mse': 0.469399094581604, 'rmse': 0.6851270794868469}
[2025-06-06 14:16:27] - Epoch: 82 cost time: 9342.778866052628
[2025-06-06 14:16:27] - Traininng loss : 0.6357925685335335
[2025-06-06 14:43:11] - vali_results: {'mae': 0.2943688631057739, 'mape': 4.507678508758545, 'mse': 0.3368412256240845, 'rmse': 0.5803802609443665}
[2025-06-06 14:43:23] - test_results: {'mae': 0.36787959933280945, 'mape': 6.098900318145752, 'mse': 0.4691808223724365, 'rmse': 0.6849677562713623}
[2025-06-06 14:44:29] - Epoch: 83 cost time: 11024.104544401169
[2025-06-06 14:44:29] - Traininng loss : 0.6357742499840293
[2025-06-06 14:44:57] - vali_results: {'mae': 0.29442641139030457, 'mape': 4.527919769287109, 'mse': 0.3367142379283905, 'rmse': 0.5802708268165588}
[2025-06-06 14:45:09] - test_results: {'mae': 0.36804765462875366, 'mape': 6.119730472564697, 'mse': 0.46931344270706177, 'rmse': 0.6850645542144775}
[2025-06-06 14:46:14] - Epoch: 84 cost time: 11129.58213853836
[2025-06-06 14:46:14] - Traininng loss : 0.6357156609426302
[2025-06-06 14:46:43] - vali_results: {'mae': 0.2944237291812897, 'mape': 4.518470287322998, 'mse': 0.33671438694000244, 'rmse': 0.5802709460258484}
[2025-06-06 14:46:55] - test_results: {'mae': 0.36758145689964294, 'mape': 6.095208644866943, 'mse': 0.46880972385406494, 'rmse': 0.6846967935562134}
[2025-06-06 14:48:01] - Epoch: 85 cost time: 11236.647782802582
[2025-06-06 14:48:01] - Traininng loss : 0.6356396059139857
[2025-06-06 14:48:30] - vali_results: {'mae': 0.29434168338775635, 'mape': 4.510244846343994, 'mse': 0.33673810958862305, 'rmse': 0.5802913904190063}
[2025-06-06 14:48:43] - test_results: {'mae': 0.36779341101646423, 'mape': 6.106349945068359, 'mse': 0.4691481590270996, 'rmse': 0.6849439144134521}
[2025-06-06 14:49:47] - Epoch: 86 cost time: 11342.916457414627
[2025-06-06 14:49:47] - Traininng loss : 0.6356177170628625
[2025-06-06 14:50:16] - vali_results: {'mae': 0.2942814230918884, 'mape': 4.517626762390137, 'mse': 0.33662569522857666, 'rmse': 0.5801945328712463}
[2025-06-06 14:50:29] - test_results: {'mae': 0.3675336539745331, 'mape': 6.102725505828857, 'mse': 0.4687710404396057, 'rmse': 0.6846685409545898}
[2025-06-06 14:51:34] - Epoch: 87 cost time: 11449.115462064743
[2025-06-06 14:51:34] - Traininng loss : 0.6354755729353859
[2025-06-06 14:52:03] - vali_results: {'mae': 0.29426348209381104, 'mape': 4.505995273590088, 'mse': 0.3367718458175659, 'rmse': 0.5803204774856567}
[2025-06-06 14:52:15] - test_results: {'mae': 0.3676871955394745, 'mape': 6.0932698249816895, 'mse': 0.4690309762954712, 'rmse': 0.6848583817481995}
[2025-06-06 14:53:21] - Epoch: 88 cost time: 11556.627541780472
[2025-06-06 14:53:21] - Traininng loss : 0.6357040893400612
[2025-06-06 14:53:51] - vali_results: {'mae': 0.2942262887954712, 'mape': 4.497217178344727, 'mse': 0.33678609132766724, 'rmse': 0.5803327560424805}
[2025-06-06 14:54:03] - test_results: {'mae': 0.3674987554550171, 'mape': 6.079555034637451, 'mse': 0.46893665194511414, 'rmse': 0.6847894787788391}
[2025-06-06 14:55:09] - Epoch: 89 cost time: 11664.444885492325
[2025-06-06 14:55:09] - Traininng loss : 0.6355363864420516
[2025-06-06 14:55:37] - vali_results: {'mae': 0.29418402910232544, 'mape': 4.5057902336120605, 'mse': 0.3366971015930176, 'rmse': 0.5802560448646545}
[2025-06-06 14:55:50] - test_results: {'mae': 0.36752182245254517, 'mape': 6.093006610870361, 'mse': 0.46888211369514465, 'rmse': 0.6847496628761292}
[2025-06-06 14:56:56] - Epoch: 90 cost time: 11771.45603275299
[2025-06-06 14:56:56] - Traininng loss : 0.6353813359996402
[2025-06-06 14:57:26] - vali_results: {'mae': 0.29413285851478577, 'mape': 4.493584156036377, 'mse': 0.33678892254829407, 'rmse': 0.5803351998329163}
[2025-06-06 14:57:38] - test_results: {'mae': 0.3673762381076813, 'mape': 6.071661472320557, 'mse': 0.46887749433517456, 'rmse': 0.6847463250160217}
[2025-06-06 14:58:43] - Epoch: 91 cost time: 11878.86042380333
[2025-06-06 14:58:43] - Traininng loss : 0.6354731970510775
[2025-06-06 14:59:14] - vali_results: {'mae': 0.2941977083683014, 'mape': 4.504984378814697, 'mse': 0.33670109510421753, 'rmse': 0.5802595019340515}
[2025-06-06 14:59:27] - test_results: {'mae': 0.36750417947769165, 'mape': 6.096108436584473, 'mse': 0.46889519691467285, 'rmse': 0.6847591996192932}
[2025-06-06 14:59:27] - loss no decreased for 5 epochs,  early stopping ....
[2025-06-06 14:59:39] - test_results: {'mae': 0.3675336539745331, 'mape': 6.102725505828857, 'mse': 0.4687710404396057, 'rmse': 0.6846685409545898}
