[2025-06-04 23:12:07] - run : 2 in seed: 3
[2025-06-04 23:12:07] - +-----------------------------------+------------+
|              Modules              | Parameters |
+-----------------------------------+------------+
|     fm.Linear_Seasonal.weight     |   16128    |
|      fm.Linear_Seasonal.bias      |    168     |
|       fm.Linear_Trend.weight      |   16128    |
|        fm.Linear_Trend.bias       |    168     |
|             nm.weight             |     16     |
| nm.model_freq.model_freq.0.weight |    6144    |
|  nm.model_freq.model_freq.0.bias  |     64     |
|  nm.model_freq.model_all.0.weight |   20480    |
|   nm.model_freq.model_all.0.bias  |    128     |
|  nm.model_freq.model_all.2.weight |   21504    |
|   nm.model_freq.model_all.2.bias  |    168     |
| nm.model_pred.model_freq.0.weight |   24576    |
|  nm.model_pred.model_freq.0.bias  |    256     |
|  nm.model_pred.model_all.0.weight |   180224   |
|   nm.model_pred.model_all.0.bias  |    512     |
|  nm.model_pred.model_all.2.weight |   86016    |
|   nm.model_pred.model_all.2.bias  |    168     |
+-----------------------------------+------------+
[2025-06-04 23:12:07] - Total Trainable Params: 372848
[2025-06-04 23:12:07] - model parameters: 372848
[2025-06-04 23:12:11] - Epoch: 1 cost time: 4.90924596786499
[2025-06-04 23:12:11] - Traininng loss : 0.4848981910868536
[2025-06-04 23:12:12] - vali_results: {'mae': 0.34185466170310974, 'mape': 0.6872881054878235, 'mse': 0.19359852373600006, 'rmse': 0.4399983286857605}
[2025-06-04 23:12:13] - test_results: {'mae': 0.2295159250497818, 'mape': 1.4596595764160156, 'mse': 0.09540176391601562, 'rmse': 0.3088717460632324}
[2025-06-04 23:12:18] - Epoch: 2 cost time: 11.391054630279541
[2025-06-04 23:12:18] - Traininng loss : 0.30257642561499076
[2025-06-04 23:12:19] - vali_results: {'mae': 0.3268188536167145, 'mape': 0.6565923094749451, 'mse': 0.17732933163642883, 'rmse': 0.42110490798950195}
[2025-06-04 23:12:20] - test_results: {'mae': 0.2225468009710312, 'mape': 1.4079071283340454, 'mse': 0.09081046283245087, 'rmse': 0.3013477325439453}
[2025-06-04 23:12:25] - Epoch: 3 cost time: 18.084686994552612
[2025-06-04 23:12:25] - Traininng loss : 0.29245433805486826
[2025-06-04 23:12:26] - vali_results: {'mae': 0.3412049114704132, 'mape': 0.6549794673919678, 'mse': 0.1896677166223526, 'rmse': 0.4355085790157318}
[2025-06-04 23:12:26] - test_results: {'mae': 0.2234133780002594, 'mape': 1.3857756853103638, 'mse': 0.09120533615350723, 'rmse': 0.3020022213459015}
[2025-06-04 23:12:31] - Epoch: 4 cost time: 24.700953483581543
[2025-06-04 23:12:31] - Traininng loss : 0.2867208800361126
[2025-06-04 23:12:32] - vali_results: {'mae': 0.3429521918296814, 'mape': 0.6503385305404663, 'mse': 0.20284436643123627, 'rmse': 0.4503824710845947}
[2025-06-04 23:12:33] - test_results: {'mae': 0.22432459890842438, 'mape': 1.374966025352478, 'mse': 0.09247352927923203, 'rmse': 0.3040946125984192}
[2025-06-04 23:12:38] - Epoch: 5 cost time: 31.336268663406372
[2025-06-04 23:12:38] - Traininng loss : 0.28274832439573505
[2025-06-04 23:12:39] - vali_results: {'mae': 0.34711986780166626, 'mape': 0.6761916875839233, 'mse': 0.20990246534347534, 'rmse': 0.4581511318683624}
[2025-06-04 23:12:39] - test_results: {'mae': 0.22390961647033691, 'mape': 1.3978248834609985, 'mse': 0.09115543216466904, 'rmse': 0.3019195795059204}
[2025-06-04 23:12:44] - Epoch: 6 cost time: 37.91124510765076
[2025-06-04 23:12:44] - Traininng loss : 0.2821889372566078
[2025-06-04 23:12:45] - vali_results: {'mae': 0.31267714500427246, 'mape': 0.6505957245826721, 'mse': 0.17013199627399445, 'rmse': 0.41247060894966125}
[2025-06-04 23:12:46] - test_results: {'mae': 0.21622681617736816, 'mape': 1.437206745147705, 'mse': 0.0868663340806961, 'rmse': 0.2947309613227844}
[2025-06-04 23:12:51] - Epoch: 7 cost time: 44.425302267074585
[2025-06-04 23:12:51] - Traininng loss : 0.2805199981490268
[2025-06-04 23:12:52] - vali_results: {'mae': 0.3280533254146576, 'mape': 0.6704513430595398, 'mse': 0.1861054003238678, 'rmse': 0.4313993453979492}
[2025-06-04 23:12:52] - test_results: {'mae': 0.21662858128547668, 'mape': 1.4375948905944824, 'mse': 0.086683489382267, 'rmse': 0.29442059993743896}
[2025-06-04 23:12:57] - Epoch: 8 cost time: 50.78840756416321
[2025-06-04 23:12:57] - Traininng loss : 0.27819625901270517
[2025-06-04 23:12:58] - vali_results: {'mae': 0.34250137209892273, 'mape': 0.6512855291366577, 'mse': 0.1985132247209549, 'rmse': 0.44554823637008667}
[2025-06-04 23:12:59] - test_results: {'mae': 0.22309938073158264, 'mape': 1.3922245502471924, 'mse': 0.09173087775707245, 'rmse': 0.30287104845046997}
[2025-06-04 23:13:04] - Epoch: 9 cost time: 57.06088995933533
[2025-06-04 23:13:04] - Traininng loss : 0.2781191306023658
[2025-06-04 23:13:05] - vali_results: {'mae': 0.33058780431747437, 'mape': 0.6551543474197388, 'mse': 0.1825767606496811, 'rmse': 0.42729002237319946}
[2025-06-04 23:13:05] - test_results: {'mae': 0.21799157559871674, 'mape': 1.425114631652832, 'mse': 0.08813882619142532, 'rmse': 0.2968818247318268}
[2025-06-04 23:13:10] - Epoch: 10 cost time: 63.52992796897888
[2025-06-04 23:13:10] - Traininng loss : 0.27679624672554715
[2025-06-04 23:13:11] - vali_results: {'mae': 0.3134257197380066, 'mape': 0.6460784077644348, 'mse': 0.17308324575424194, 'rmse': 0.41603273153305054}
[2025-06-04 23:13:12] - test_results: {'mae': 0.2164270281791687, 'mape': 1.4609671831130981, 'mse': 0.08748963475227356, 'rmse': 0.29578647017478943}
[2025-06-04 23:13:17] - Epoch: 11 cost time: 70.10578179359436
[2025-06-04 23:13:17] - Traininng loss : 0.27452978736992123
[2025-06-04 23:13:18] - vali_results: {'mae': 0.26766982674598694, 'mape': 0.6148269176483154, 'mse': 0.13037969172000885, 'rmse': 0.3610812723636627}
[2025-06-04 23:13:18] - test_results: {'mae': 0.2148861289024353, 'mape': 1.5742193460464478, 'mse': 0.08685707300901413, 'rmse': 0.2947152256965637}
[2025-06-04 23:13:23] - Epoch: 12 cost time: 76.50136494636536
[2025-06-04 23:13:23] - Traininng loss : 0.27493321914461594
[2025-06-04 23:13:24] - vali_results: {'mae': 0.35935553908348083, 'mape': 0.6339642405509949, 'mse': 0.21912255883216858, 'rmse': 0.468105286359787}
[2025-06-04 23:13:24] - test_results: {'mae': 0.22941915690898895, 'mape': 1.3582450151443481, 'mse': 0.09735853970050812, 'rmse': 0.3120233118534088}
[2025-06-04 23:13:30] - Epoch: 13 cost time: 83.02413630485535
[2025-06-04 23:13:30] - Traininng loss : 0.27266701839015456
[2025-06-04 23:13:31] - vali_results: {'mae': 0.29141995310783386, 'mape': 0.6234303116798401, 'mse': 0.153582364320755, 'rmse': 0.3918958604335785}
[2025-06-04 23:13:31] - test_results: {'mae': 0.21464751660823822, 'mape': 1.4915140867233276, 'mse': 0.08703374117612839, 'rmse': 0.2950148284435272}
[2025-06-04 23:13:36] - Epoch: 14 cost time: 89.6614978313446
[2025-06-04 23:13:36] - Traininng loss : 0.2731284075711347
[2025-06-04 23:13:37] - vali_results: {'mae': 0.3151415288448334, 'mape': 0.62774258852005, 'mse': 0.17433151602745056, 'rmse': 0.41753026843070984}
[2025-06-04 23:13:38] - test_results: {'mae': 0.21648429334163666, 'mape': 1.448502779006958, 'mse': 0.08849150687456131, 'rmse': 0.2974752187728882}
[2025-06-04 23:13:43] - Epoch: 15 cost time: 96.1969985961914
[2025-06-04 23:13:43] - Traininng loss : 0.27213439911226683
[2025-06-04 23:13:44] - vali_results: {'mae': 0.2810027003288269, 'mape': 0.6329349279403687, 'mse': 0.14319515228271484, 'rmse': 0.37841135263442993}
[2025-06-04 23:13:44] - test_results: {'mae': 0.21052555739879608, 'mape': 1.5286797285079956, 'mse': 0.08353491872549057, 'rmse': 0.28902408480644226}
[2025-06-04 23:13:49] - Epoch: 16 cost time: 102.72246670722961
[2025-06-04 23:13:49] - Traininng loss : 0.27188515870631497
[2025-06-04 23:13:50] - vali_results: {'mae': 0.3111978769302368, 'mape': 0.6398754119873047, 'mse': 0.1682226061820984, 'rmse': 0.410149484872818}
[2025-06-04 23:13:51] - test_results: {'mae': 0.2150641679763794, 'mape': 1.471816897392273, 'mse': 0.08647804707288742, 'rmse': 0.2940714955329895}
[2025-06-04 23:13:51] - loss no decreased for 5 epochs,  early stopping ....
[2025-06-04 23:13:51] - test_results: {'mae': 0.2148861289024353, 'mape': 1.5742193460464478, 'mse': 0.08685707300901413, 'rmse': 0.2947152256965637}
