[2025-06-05 11:53:08] - run : 3 in seed: 5
[2025-06-05 11:53:08] - +-----------------------------------+------------+
|              Modules              | Parameters |
+-----------------------------------+------------+
|     fm.Linear_Seasonal.weight     |    9216    |
|      fm.Linear_Seasonal.bias      |     96     |
|       fm.Linear_Trend.weight      |    9216    |
|        fm.Linear_Trend.bias       |     96     |
|             nm.weight             |     14     |
| nm.model_freq.model_freq.0.weight |    6144    |
|  nm.model_freq.model_freq.0.bias  |     64     |
|  nm.model_freq.model_all.0.weight |   20480    |
|   nm.model_freq.model_all.0.bias  |    128     |
|  nm.model_freq.model_all.2.weight |   12288    |
|   nm.model_freq.model_all.2.bias  |     96     |
| nm.model_pred.model_freq.0.weight |   24576    |
|  nm.model_pred.model_freq.0.bias  |    256     |
|  nm.model_pred.model_all.0.weight |   180224   |
|   nm.model_pred.model_all.0.bias  |    512     |
|  nm.model_pred.model_all.2.weight |   49152    |
|   nm.model_pred.model_all.2.bias  |     96     |
+-----------------------------------+------------+
[2025-06-05 11:53:08] - Total Trainable Params: 312654
[2025-06-05 11:53:08] - model parameters: 312654
[2025-06-05 11:53:47] - Epoch: 1 cost time: 39.493401765823364
[2025-06-05 11:53:47] - Traininng loss : 0.6199282312801279
[2025-06-05 11:53:53] - vali_results: {'mae': 0.3799397647380829, 'mape': 1.7150979042053223, 'mse': 0.32264381647109985, 'rmse': 0.5680174231529236}
[2025-06-05 11:53:57] - test_results: {'mae': 0.4070790708065033, 'mape': 1.6487491130828857, 'mse': 0.3368613123893738, 'rmse': 0.5803975462913513}
[2025-06-05 11:54:34] - Epoch: 2 cost time: 86.91989302635193
[2025-06-05 11:54:34] - Traininng loss : 0.5600133487627332
[2025-06-05 11:54:41] - vali_results: {'mae': 0.3682629466056824, 'mape': 1.7721145153045654, 'mse': 0.3166208863258362, 'rmse': 0.5626907348632812}
[2025-06-05 11:54:44] - test_results: {'mae': 0.40039148926734924, 'mape': 1.7351242303848267, 'mse': 0.33528587222099304, 'rmse': 0.5790387392044067}
[2025-06-05 11:55:22] - Epoch: 3 cost time: 134.3992156982422
[2025-06-05 11:55:22] - Traininng loss : 0.5499060810828695
[2025-06-05 11:55:28] - vali_results: {'mae': 0.3689519464969635, 'mape': 1.7971946001052856, 'mse': 0.3167089819908142, 'rmse': 0.5627690553665161}
[2025-06-05 11:55:31] - test_results: {'mae': 0.3991946578025818, 'mape': 1.7515116930007935, 'mse': 0.3360843062400818, 'rmse': 0.5797277688980103}
[2025-06-05 11:56:09] - Epoch: 4 cost time: 181.33371758460999
[2025-06-05 11:56:09] - Traininng loss : 0.5428311472624991
[2025-06-05 11:56:15] - vali_results: {'mae': 0.37071508169174194, 'mape': 1.7617188692092896, 'mse': 0.3177098035812378, 'rmse': 0.5636575222015381}
[2025-06-05 11:56:19] - test_results: {'mae': 0.4034537076950073, 'mape': 1.7162386178970337, 'mse': 0.3442126214504242, 'rmse': 0.5866963863372803}
[2025-06-05 11:56:56] - Epoch: 5 cost time: 228.728129863739
[2025-06-05 11:56:56] - Traininng loss : 0.5380337998967488
[2025-06-05 11:57:03] - vali_results: {'mae': 0.3666013181209564, 'mape': 1.8006666898727417, 'mse': 0.31104522943496704, 'rmse': 0.5577142834663391}
[2025-06-05 11:57:06] - test_results: {'mae': 0.3958980441093445, 'mape': 1.7366060018539429, 'mse': 0.3331540822982788, 'rmse': 0.5771949887275696}
[2025-06-05 11:57:44] - Epoch: 6 cost time: 276.5439431667328
[2025-06-05 11:57:44] - Traininng loss : 0.5335436108239471
[2025-06-05 11:57:51] - vali_results: {'mae': 0.3679230213165283, 'mape': 1.7409747838974, 'mse': 0.3120763599872589, 'rmse': 0.5586379766464233}
[2025-06-05 11:57:54] - test_results: {'mae': 0.40173086524009705, 'mape': 1.694645643234253, 'mse': 0.3415207266807556, 'rmse': 0.5843977332115173}
[2025-06-05 11:58:32] - Epoch: 7 cost time: 324.6377441883087
[2025-06-05 11:58:32] - Traininng loss : 0.530777293690888
[2025-06-05 11:58:39] - vali_results: {'mae': 0.3689045011997223, 'mape': 1.8037447929382324, 'mse': 0.31470000743865967, 'rmse': 0.560981273651123}
[2025-06-05 11:58:43] - test_results: {'mae': 0.4029542803764343, 'mape': 1.774095892906189, 'mse': 0.34458476305007935, 'rmse': 0.5870134234428406}
[2025-06-05 11:59:19] - Epoch: 8 cost time: 371.43165707588196
[2025-06-05 11:59:19] - Traininng loss : 0.5282477545965809
[2025-06-05 11:59:26] - vali_results: {'mae': 0.3671995997428894, 'mape': 1.746928095817566, 'mse': 0.3139881193637848, 'rmse': 0.5603464245796204}
[2025-06-05 11:59:29] - test_results: {'mae': 0.40491852164268494, 'mape': 1.734237790107727, 'mse': 0.3496578335762024, 'rmse': 0.5913187265396118}
[2025-06-05 12:00:08] - Epoch: 9 cost time: 420.2208032608032
[2025-06-05 12:00:08] - Traininng loss : 0.5254311049902729
[2025-06-05 12:00:15] - vali_results: {'mae': 0.366071879863739, 'mape': 1.7595385313034058, 'mse': 0.31036609411239624, 'rmse': 0.5571051239967346}
[2025-06-05 12:00:18] - test_results: {'mae': 0.3988380432128906, 'mape': 1.6982512474060059, 'mse': 0.3416700065135956, 'rmse': 0.584525465965271}
[2025-06-05 12:00:56] - Epoch: 10 cost time: 468.54127979278564
[2025-06-05 12:00:56] - Traininng loss : 0.5235629978150109
[2025-06-05 12:01:03] - vali_results: {'mae': 0.36453309655189514, 'mape': 1.8332750797271729, 'mse': 0.3116307556629181, 'rmse': 0.5582389831542969}
[2025-06-05 12:01:07] - test_results: {'mae': 0.39625027775764465, 'mape': 1.790199875831604, 'mse': 0.3386988043785095, 'rmse': 0.5819783806800842}
[2025-06-05 12:01:44] - Epoch: 11 cost time: 516.6444606781006
[2025-06-05 12:01:44] - Traininng loss : 0.5213824755035787
[2025-06-05 12:01:51] - vali_results: {'mae': 0.3638385534286499, 'mape': 1.7785345315933228, 'mse': 0.3103345036506653, 'rmse': 0.5570767521858215}
[2025-06-05 12:01:55] - test_results: {'mae': 0.40099620819091797, 'mape': 1.7566859722137451, 'mse': 0.3471914827823639, 'rmse': 0.5892295837402344}
[2025-06-05 12:02:33] - Epoch: 12 cost time: 565.3430047035217
[2025-06-05 12:02:33] - Traininng loss : 0.5196687385900935
[2025-06-05 12:02:39] - vali_results: {'mae': 0.36399874091148376, 'mape': 1.8051310777664185, 'mse': 0.30832648277282715, 'rmse': 0.555271565914154}
[2025-06-05 12:02:43] - test_results: {'mae': 0.3991541862487793, 'mape': 1.7556960582733154, 'mse': 0.3436678349971771, 'rmse': 0.5862318873405457}
[2025-06-05 12:03:20] - Epoch: 13 cost time: 612.6266043186188
[2025-06-05 12:03:20] - Traininng loss : 0.518307344900926
[2025-06-05 12:03:27] - vali_results: {'mae': 0.37162187695503235, 'mape': 1.7361812591552734, 'mse': 0.3157380223274231, 'rmse': 0.5619056820869446}
[2025-06-05 12:03:30] - test_results: {'mae': 0.4075961709022522, 'mape': 1.6832077503204346, 'mse': 0.35593968629837036, 'rmse': 0.5966067910194397}
[2025-06-05 12:04:07] - Epoch: 14 cost time: 659.8926029205322
[2025-06-05 12:04:07] - Traininng loss : 0.5169835812249727
[2025-06-05 12:04:14] - vali_results: {'mae': 0.3713255226612091, 'mape': 1.7194058895111084, 'mse': 0.31475457549095154, 'rmse': 0.5610299110412598}
[2025-06-05 12:04:17] - test_results: {'mae': 0.4107849895954132, 'mape': 1.6900899410247803, 'mse': 0.3601933419704437, 'rmse': 0.600161075592041}
[2025-06-05 12:04:54] - Epoch: 15 cost time: 706.4508190155029
[2025-06-05 12:04:54] - Traininng loss : 0.5156923000988323
[2025-06-05 12:05:01] - vali_results: {'mae': 0.36316853761672974, 'mape': 1.8255093097686768, 'mse': 0.3075704276561737, 'rmse': 0.5545903444290161}
[2025-06-05 12:05:04] - test_results: {'mae': 0.3948080837726593, 'mape': 1.7686970233917236, 'mse': 0.3383232653141022, 'rmse': 0.5816556215286255}
[2025-06-05 12:05:41] - Epoch: 16 cost time: 753.6981298923492
[2025-06-05 12:05:41] - Traininng loss : 0.514464710930447
[2025-06-05 12:05:48] - vali_results: {'mae': 0.3668234050273895, 'mape': 1.8335059881210327, 'mse': 0.31117719411849976, 'rmse': 0.5578325986862183}
[2025-06-05 12:05:51] - test_results: {'mae': 0.400017112493515, 'mape': 1.7834017276763916, 'mse': 0.34611305594444275, 'rmse': 0.5883137583732605}
[2025-06-05 12:06:27] - Epoch: 17 cost time: 799.3378026485443
[2025-06-05 12:06:27] - Traininng loss : 0.5134638922829782
[2025-06-05 12:06:34] - vali_results: {'mae': 0.3651047348976135, 'mape': 1.7925676107406616, 'mse': 0.3080136775970459, 'rmse': 0.5549898147583008}
[2025-06-05 12:06:37] - test_results: {'mae': 0.3971285820007324, 'mape': 1.7331266403198242, 'mse': 0.34215447306632996, 'rmse': 0.58493971824646}
[2025-06-05 12:07:13] - Epoch: 18 cost time: 845.2812271118164
[2025-06-05 12:07:13] - Traininng loss : 0.5123187085175844
[2025-06-05 12:07:20] - vali_results: {'mae': 0.3676970601081848, 'mape': 1.7727861404418945, 'mse': 0.31335899233818054, 'rmse': 0.5597847700119019}
[2025-06-05 12:07:23] - test_results: {'mae': 0.40454018115997314, 'mape': 1.755933403968811, 'mse': 0.35307836532592773, 'rmse': 0.5942039489746094}
[2025-06-05 12:08:01] - Epoch: 19 cost time: 893.4301886558533
[2025-06-05 12:08:01] - Traininng loss : 0.5113226376802533
[2025-06-05 12:08:07] - vali_results: {'mae': 0.37214669585227966, 'mape': 1.7236909866333008, 'mse': 0.31213876605033875, 'rmse': 0.5586938261985779}
[2025-06-05 12:08:11] - test_results: {'mae': 0.41028717160224915, 'mape': 1.6838496923446655, 'mse': 0.3605482280254364, 'rmse': 0.6004566550254822}
[2025-06-05 12:08:48] - Epoch: 20 cost time: 940.798885345459
[2025-06-05 12:08:48] - Traininng loss : 0.5104263695821392
[2025-06-05 12:08:55] - vali_results: {'mae': 0.36785581707954407, 'mape': 1.792019248008728, 'mse': 0.3146043121814728, 'rmse': 0.5608959794044495}
[2025-06-05 12:08:58] - test_results: {'mae': 0.4061572551727295, 'mape': 1.78932523727417, 'mse': 0.3567018210887909, 'rmse': 0.5972452163696289}
[2025-06-05 12:08:58] - loss no decreased for 5 epochs,  early stopping ....
[2025-06-05 12:09:02] - test_results: {'mae': 0.3948080837726593, 'mape': 1.7686970233917236, 'mse': 0.3383232653141022, 'rmse': 0.5816556215286255}
