[2025-06-05 00:26:50] - run : 0 in seed: 2
[2025-06-05 00:26:50] - +-----------------------------------+------------+
|              Modules              | Parameters |
+-----------------------------------+------------+
|     fm.Linear_Seasonal.weight     |   16128    |
|      fm.Linear_Seasonal.bias      |    168     |
|       fm.Linear_Trend.weight      |   16128    |
|        fm.Linear_Trend.bias       |    168     |
|             nm.weight             |     14     |
| nm.model_freq.model_freq.0.weight |    6144    |
|  nm.model_freq.model_freq.0.bias  |     64     |
|  nm.model_freq.model_all.0.weight |   20480    |
|   nm.model_freq.model_all.0.bias  |    128     |
|  nm.model_freq.model_all.2.weight |   21504    |
|   nm.model_freq.model_all.2.bias  |    168     |
| nm.model_pred.model_freq.0.weight |   24576    |
|  nm.model_pred.model_freq.0.bias  |    256     |
|  nm.model_pred.model_all.0.weight |   180224   |
|   nm.model_pred.model_all.0.bias  |    512     |
|  nm.model_pred.model_all.2.weight |   86016    |
|   nm.model_pred.model_all.2.bias  |    168     |
+-----------------------------------+------------+
[2025-06-05 00:26:50] - Total Trainable Params: 372846
[2025-06-05 00:26:50] - model parameters: 372846
[2025-06-05 00:27:02] - Epoch: 1 cost time: 11.401905298233032
[2025-06-05 00:27:02] - Traininng loss : 1.0363049582246162
[2025-06-05 00:27:04] - vali_results: {'mae': 0.4582662880420685, 'mape': 6.132840633392334, 'mse': 0.43945956230163574, 'rmse': 0.66291743516922}
[2025-06-05 00:27:05] - test_results: {'mae': 0.46186864376068115, 'mape': 7.757987976074219, 'mse': 0.40985018014907837, 'rmse': 0.6401954293251038}
[2025-06-05 00:27:15] - Epoch: 2 cost time: 25.085176706314087
[2025-06-05 00:27:15] - Traininng loss : 0.8986178221076168
[2025-06-05 00:27:17] - vali_results: {'mae': 0.4525339901447296, 'mape': 5.730482578277588, 'mse': 0.43048495054244995, 'rmse': 0.6561135053634644}
[2025-06-05 00:27:18] - test_results: {'mae': 0.463973730802536, 'mape': 6.986133098602295, 'mse': 0.4114740490913391, 'rmse': 0.6414624452590942}
[2025-06-05 00:27:29] - Epoch: 3 cost time: 39.1216197013855
[2025-06-05 00:27:29] - Traininng loss : 0.8855973712241042
[2025-06-05 00:27:31] - vali_results: {'mae': 0.44975733757019043, 'mape': 5.8386993408203125, 'mse': 0.42487913370132446, 'rmse': 0.6518275141716003}
[2025-06-05 00:27:32] - test_results: {'mae': 0.4527572691440582, 'mape': 7.557177543640137, 'mse': 0.3966611921787262, 'rmse': 0.6298104524612427}
[2025-06-05 00:27:43] - Epoch: 4 cost time: 53.06294250488281
[2025-06-05 00:27:43] - Traininng loss : 0.8783135623458883
[2025-06-05 00:27:45] - vali_results: {'mae': 0.4517739713191986, 'mape': 5.930932998657227, 'mse': 0.4274359941482544, 'rmse': 0.6537858843803406}
[2025-06-05 00:27:46] - test_results: {'mae': 0.45653894543647766, 'mape': 7.1372833251953125, 'mse': 0.40192100405693054, 'rmse': 0.6339724063873291}
[2025-06-05 00:27:58] - Epoch: 5 cost time: 67.26350283622742
[2025-06-05 00:27:58] - Traininng loss : 0.8730068985003249
[2025-06-05 00:27:59] - vali_results: {'mae': 0.4454074203968048, 'mape': 5.943843364715576, 'mse': 0.4272783398628235, 'rmse': 0.65366530418396}
[2025-06-05 00:28:00] - test_results: {'mae': 0.45729607343673706, 'mape': 7.2209320068359375, 'mse': 0.4048459529876709, 'rmse': 0.636275053024292}
[2025-06-05 00:28:12] - Epoch: 6 cost time: 81.28474879264832
[2025-06-05 00:28:12] - Traininng loss : 0.8689852470367267
[2025-06-05 00:28:13] - vali_results: {'mae': 0.4472135305404663, 'mape': 6.033963680267334, 'mse': 0.4246235191822052, 'rmse': 0.6516314148902893}
[2025-06-05 00:28:14] - test_results: {'mae': 0.45284366607666016, 'mape': 7.172365665435791, 'mse': 0.397457480430603, 'rmse': 0.6304422616958618}
[2025-06-05 00:28:25] - Epoch: 7 cost time: 94.77819013595581
[2025-06-05 00:28:25] - Traininng loss : 0.865322826055675
[2025-06-05 00:28:27] - vali_results: {'mae': 0.44710999727249146, 'mape': 6.0805768966674805, 'mse': 0.424445778131485, 'rmse': 0.6514950394630432}
[2025-06-05 00:28:28] - test_results: {'mae': 0.44992175698280334, 'mape': 7.163783550262451, 'mse': 0.3938119113445282, 'rmse': 0.6275443434715271}
[2025-06-05 00:28:39] - Epoch: 8 cost time: 108.64827561378479
[2025-06-05 00:28:39] - Traininng loss : 0.8619834670432451
[2025-06-05 00:28:41] - vali_results: {'mae': 0.44333547353744507, 'mape': 6.090795040130615, 'mse': 0.42221716046333313, 'rmse': 0.6497824192047119}
[2025-06-05 00:28:42] - test_results: {'mae': 0.4552367329597473, 'mape': 7.232117176055908, 'mse': 0.40061452984809875, 'rmse': 0.6329411864280701}
[2025-06-05 00:28:53] - Epoch: 9 cost time: 122.38467717170715
[2025-06-05 00:28:53] - Traininng loss : 0.8602590628028236
[2025-06-05 00:28:55] - vali_results: {'mae': 0.44472041726112366, 'mape': 6.16447114944458, 'mse': 0.42359858751296997, 'rmse': 0.6508445143699646}
[2025-06-05 00:28:56] - test_results: {'mae': 0.45355162024497986, 'mape': 7.045128345489502, 'mse': 0.39886796474456787, 'rmse': 0.6315599679946899}
[2025-06-05 00:29:07] - Epoch: 10 cost time: 136.46126246452332
[2025-06-05 00:29:07] - Traininng loss : 0.8579200463064873
[2025-06-05 00:29:09] - vali_results: {'mae': 0.44298097491264343, 'mape': 6.16688871383667, 'mse': 0.4206961989402771, 'rmse': 0.6486109495162964}
[2025-06-05 00:29:10] - test_results: {'mae': 0.45302721858024597, 'mape': 7.522042751312256, 'mse': 0.39758333563804626, 'rmse': 0.6305420994758606}
[2025-06-05 00:29:20] - Epoch: 11 cost time: 150.05545043945312
[2025-06-05 00:29:20] - Traininng loss : 0.8541709823838508
[2025-06-05 00:29:22] - vali_results: {'mae': 0.4464000463485718, 'mape': 6.031937599182129, 'mse': 0.4249880909919739, 'rmse': 0.6519110798835754}
[2025-06-05 00:29:23] - test_results: {'mae': 0.4595979154109955, 'mape': 6.650792598724365, 'mse': 0.4058992564678192, 'rmse': 0.6371022462844849}
[2025-06-05 00:29:35] - Epoch: 12 cost time: 164.4550483226776
[2025-06-05 00:29:35] - Traininng loss : 0.8542583634322833
[2025-06-05 00:29:37] - vali_results: {'mae': 0.4445342719554901, 'mape': 6.077284812927246, 'mse': 0.4257774353027344, 'rmse': 0.65251624584198}
[2025-06-05 00:29:38] - test_results: {'mae': 0.46111756563186646, 'mape': 6.993034362792969, 'mse': 0.4083612263202667, 'rmse': 0.6390314698219299}
[2025-06-05 00:29:49] - Epoch: 13 cost time: 178.5838406085968
[2025-06-05 00:29:49] - Traininng loss : 0.8495735252830362
[2025-06-05 00:29:51] - vali_results: {'mae': 0.446408212184906, 'mape': 6.0006327629089355, 'mse': 0.42464542388916016, 'rmse': 0.651648223400116}
[2025-06-05 00:29:52] - test_results: {'mae': 0.46163231134414673, 'mape': 6.819138526916504, 'mse': 0.4076748788356781, 'rmse': 0.6384942531585693}
[2025-06-05 00:30:03] - Epoch: 14 cost time: 192.26028084754944
[2025-06-05 00:30:03] - Traininng loss : 0.847821593124809
[2025-06-05 00:30:04] - vali_results: {'mae': 0.44558951258659363, 'mape': 6.129109859466553, 'mse': 0.4217042326927185, 'rmse': 0.6493875980377197}
[2025-06-05 00:30:05] - test_results: {'mae': 0.45187193155288696, 'mape': 7.079390048980713, 'mse': 0.395138144493103, 'rmse': 0.6286001205444336}
[2025-06-05 00:30:17] - Epoch: 15 cost time: 206.6186089515686
[2025-06-05 00:30:17] - Traininng loss : 0.8461422111649296
[2025-06-05 00:30:19] - vali_results: {'mae': 0.445390522480011, 'mape': 6.133240699768066, 'mse': 0.421517938375473, 'rmse': 0.6492441296577454}
[2025-06-05 00:30:20] - test_results: {'mae': 0.4545772671699524, 'mape': 7.201192855834961, 'mse': 0.3977823555469513, 'rmse': 0.630699872970581}
[2025-06-05 00:30:20] - loss no decreased for 5 epochs,  early stopping ....
[2025-06-05 00:30:21] - test_results: {'mae': 0.45302721858024597, 'mape': 7.522042751312256, 'mse': 0.39758333563804626, 'rmse': 0.6305420994758606}
