[2025-06-03 17:01:24] - run : 3 in seed: 5
[2025-06-03 17:01:24] - +-----------------------------------+------------+
|              Modules              | Parameters |
+-----------------------------------+------------+
|     fm.Linear_Seasonal.weight     |    9216    |
|      fm.Linear_Seasonal.bias      |     96     |
|       fm.Linear_Trend.weight      |    9216    |
|        fm.Linear_Trend.bias       |     96     |
|             nm.weight             |    1724    |
| nm.model_freq.model_freq.0.weight |    6144    |
|  nm.model_freq.model_freq.0.bias  |     64     |
|  nm.model_freq.model_all.0.weight |   20480    |
|   nm.model_freq.model_all.0.bias  |    128     |
|  nm.model_freq.model_all.2.weight |   12288    |
|   nm.model_freq.model_all.2.bias  |     96     |
| nm.model_pred.model_freq.0.weight |   24576    |
|  nm.model_pred.model_freq.0.bias  |    256     |
|  nm.model_pred.model_all.0.weight |   180224   |
|   nm.model_pred.model_all.0.bias  |    512     |
|  nm.model_pred.model_all.2.weight |   49152    |
|   nm.model_pred.model_all.2.bias  |     96     |
+-----------------------------------+------------+
[2025-06-03 17:01:24] - Total Trainable Params: 314364
[2025-06-03 17:01:24] - model parameters: 314364
[2025-06-03 17:01:41] - Epoch: 1 cost time: 17.615620136260986
[2025-06-03 17:01:41] - Traininng loss : 0.917502743541879
[2025-06-03 17:01:49] - vali_results: {'mae': 0.3395628035068512, 'mape': 5.051989555358887, 'mse': 0.3916490972042084, 'rmse': 0.6258187294006348}
[2025-06-03 17:01:53] - test_results: {'mae': 0.3766808807849884, 'mape': 7.758426189422607, 'mse': 0.4690541625022888, 'rmse': 0.6848753094673157}
[2025-06-03 17:02:11] - Epoch: 2 cost time: 46.768282890319824
[2025-06-03 17:02:11] - Traininng loss : 0.7058826003755841
[2025-06-03 17:02:18] - vali_results: {'mae': 0.3217179477214813, 'mape': 4.880958557128906, 'mse': 0.3623671531677246, 'rmse': 0.6019694209098816}
[2025-06-03 17:02:22] - test_results: {'mae': 0.36327776312828064, 'mape': 7.535761833190918, 'mse': 0.44499534368515015, 'rmse': 0.6670796871185303}
[2025-06-03 17:02:40] - Epoch: 3 cost time: 76.03564262390137
[2025-06-03 17:02:40] - Traininng loss : 0.6689648506817994
[2025-06-03 17:02:47] - vali_results: {'mae': 0.31432607769966125, 'mape': 4.693485736846924, 'mse': 0.3535289168357849, 'rmse': 0.5945829749107361}
[2025-06-03 17:02:52] - test_results: {'mae': 0.3557664752006531, 'mape': 7.029333114624023, 'mse': 0.4358004033565521, 'rmse': 0.6601517796516418}
[2025-06-03 17:03:09] - Epoch: 4 cost time: 105.50259900093079
[2025-06-03 17:03:09] - Traininng loss : 0.6495910914486678
[2025-06-03 17:03:17] - vali_results: {'mae': 0.3088242709636688, 'mape': 4.591230392456055, 'mse': 0.3468675911426544, 'rmse': 0.5889546871185303}
[2025-06-03 17:03:21] - test_results: {'mae': 0.3519314229488373, 'mape': 6.702883243560791, 'mse': 0.4315498471260071, 'rmse': 0.6569245457649231}
[2025-06-03 17:03:38] - Epoch: 5 cost time: 134.28223180770874
[2025-06-03 17:03:38] - Traininng loss : 0.6366623085011881
[2025-06-03 17:03:45] - vali_results: {'mae': 0.3062098026275635, 'mape': 4.611963748931885, 'mse': 0.3418494462966919, 'rmse': 0.5846789479255676}
[2025-06-03 17:03:50] - test_results: {'mae': 0.3496537208557129, 'mape': 6.883771896362305, 'mse': 0.42605018615722656, 'rmse': 0.6527252197265625}
[2025-06-03 17:04:08] - Epoch: 6 cost time: 163.97988867759705
[2025-06-03 17:04:08] - Traininng loss : 0.6273230276410542
[2025-06-03 17:04:15] - vali_results: {'mae': 0.30420777201652527, 'mape': 4.473711967468262, 'mse': 0.3408493995666504, 'rmse': 0.5838230848312378}
[2025-06-03 17:04:19] - test_results: {'mae': 0.34704160690307617, 'mape': 6.532956600189209, 'mse': 0.42442700266838074, 'rmse': 0.6514806151390076}
[2025-06-03 17:04:37] - Epoch: 7 cost time: 193.10053300857544
[2025-06-03 17:04:37] - Traininng loss : 0.6199237330565377
[2025-06-03 17:04:45] - vali_results: {'mae': 0.3029879927635193, 'mape': 4.585418701171875, 'mse': 0.33660995960235596, 'rmse': 0.5801809430122375}
[2025-06-03 17:04:49] - test_results: {'mae': 0.3467184007167816, 'mape': 6.8341569900512695, 'mse': 0.4210886061191559, 'rmse': 0.6489133834838867}
[2025-06-03 17:05:07] - Epoch: 8 cost time: 223.09459614753723
[2025-06-03 17:05:07] - Traininng loss : 0.6140925327621439
[2025-06-03 17:05:14] - vali_results: {'mae': 0.30130842328071594, 'mape': 4.585082530975342, 'mse': 0.33469656109809875, 'rmse': 0.5785296559333801}
[2025-06-03 17:05:19] - test_results: {'mae': 0.34627655148506165, 'mape': 6.810825824737549, 'mse': 0.42058873176574707, 'rmse': 0.6485280990600586}
[2025-06-03 17:05:37] - Epoch: 9 cost time: 253.05489563941956
[2025-06-03 17:05:37] - Traininng loss : 0.6093351287501199
[2025-06-03 17:05:44] - vali_results: {'mae': 0.29998940229415894, 'mape': 4.553901672363281, 'mse': 0.33333250880241394, 'rmse': 0.5773495435714722}
[2025-06-03 17:05:49] - test_results: {'mae': 0.34420448541641235, 'mape': 6.754679203033447, 'mse': 0.418527752161026, 'rmse': 0.6469371914863586}
[2025-06-03 17:06:06] - Epoch: 10 cost time: 282.6526198387146
[2025-06-03 17:06:06] - Traininng loss : 0.6053413398682125
[2025-06-03 17:06:14] - vali_results: {'mae': 0.3023253381252289, 'mape': 4.6223344802856445, 'mse': 0.33307912945747375, 'rmse': 0.5771300792694092}
[2025-06-03 17:06:18] - test_results: {'mae': 0.3474358022212982, 'mape': 6.816191673278809, 'mse': 0.41892239451408386, 'rmse': 0.6472421288490295}
[2025-06-03 17:06:36] - Epoch: 11 cost time: 312.35026121139526
[2025-06-03 17:06:36] - Traininng loss : 0.6021009885444844
[2025-06-03 17:06:44] - vali_results: {'mae': 0.29929718375205994, 'mape': 4.504578113555908, 'mse': 0.33131325244903564, 'rmse': 0.5755981802940369}
[2025-06-03 17:06:48] - test_results: {'mae': 0.3449784517288208, 'mape': 6.681882858276367, 'mse': 0.4177243411540985, 'rmse': 0.6463159918785095}
[2025-06-03 17:07:06] - Epoch: 12 cost time: 341.91909551620483
[2025-06-03 17:07:06] - Traininng loss : 0.5989873570109171
[2025-06-03 17:07:13] - vali_results: {'mae': 0.2991024851799011, 'mape': 4.552228927612305, 'mse': 0.33026134967803955, 'rmse': 0.574683666229248}
[2025-06-03 17:07:18] - test_results: {'mae': 0.3441216051578522, 'mape': 6.681863784790039, 'mse': 0.4159232974052429, 'rmse': 0.6449211835861206}
[2025-06-03 17:07:35] - Epoch: 13 cost time: 371.65846490859985
[2025-06-03 17:07:35] - Traininng loss : 0.5965348417481418
[2025-06-03 17:07:43] - vali_results: {'mae': 0.2971302568912506, 'mape': 4.494703769683838, 'mse': 0.3299897611141205, 'rmse': 0.5744473338127136}
[2025-06-03 17:07:48] - test_results: {'mae': 0.34091484546661377, 'mape': 6.57895040512085, 'mse': 0.4140789806842804, 'rmse': 0.6434897184371948}
[2025-06-03 17:08:06] - Epoch: 14 cost time: 402.2770047187805
[2025-06-03 17:08:06] - Traininng loss : 0.5942133720274325
[2025-06-03 17:08:14] - vali_results: {'mae': 0.2976839542388916, 'mape': 4.598194599151611, 'mse': 0.3279680907726288, 'rmse': 0.5726850032806396}
[2025-06-03 17:08:18] - test_results: {'mae': 0.34264692664146423, 'mape': 6.783992290496826, 'mse': 0.41343826055526733, 'rmse': 0.6429916620254517}
[2025-06-03 17:08:36] - Epoch: 15 cost time: 432.3198220729828
[2025-06-03 17:08:36] - Traininng loss : 0.592216319665707
[2025-06-03 17:08:44] - vali_results: {'mae': 0.2959388494491577, 'mape': 4.56626033782959, 'mse': 0.32724303007125854, 'rmse': 0.5720515847206116}
[2025-06-03 17:08:48] - test_results: {'mae': 0.3410225808620453, 'mape': 6.6956963539123535, 'mse': 0.4129863679409027, 'rmse': 0.6426401734352112}
[2025-06-03 17:09:06] - Epoch: 16 cost time: 462.31966638565063
[2025-06-03 17:09:06] - Traininng loss : 0.5905366798557302
[2025-06-03 17:09:14] - vali_results: {'mae': 0.2954913377761841, 'mape': 4.466487407684326, 'mse': 0.32738929986953735, 'rmse': 0.5721794366836548}
[2025-06-03 17:09:18] - test_results: {'mae': 0.3405098617076874, 'mape': 6.522734642028809, 'mse': 0.4127604067325592, 'rmse': 0.6424643397331238}
[2025-06-03 17:09:36] - Epoch: 17 cost time: 492.4834632873535
[2025-06-03 17:09:36] - Traininng loss : 0.5889152961748617
[2025-06-03 17:09:44] - vali_results: {'mae': 0.29509076476097107, 'mape': 4.422282695770264, 'mse': 0.3273899555206299, 'rmse': 0.5721799731254578}
[2025-06-03 17:09:48] - test_results: {'mae': 0.34000012278556824, 'mape': 6.3931803703308105, 'mse': 0.41223010420799255, 'rmse': 0.6420514583587646}
[2025-06-03 17:10:06] - Epoch: 18 cost time: 522.4093084335327
[2025-06-03 17:10:06] - Traininng loss : 0.5873561695454612
[2025-06-03 17:10:14] - vali_results: {'mae': 0.2954860031604767, 'mape': 4.495406627655029, 'mse': 0.3265346586704254, 'rmse': 0.5714321136474609}
[2025-06-03 17:10:18] - test_results: {'mae': 0.3402951955795288, 'mape': 6.562379837036133, 'mse': 0.41140216588974, 'rmse': 0.6414064168930054}
[2025-06-03 17:10:37] - Epoch: 19 cost time: 552.7960956096649
[2025-06-03 17:10:37] - Traininng loss : 0.5860380784228996
[2025-06-03 17:10:44] - vali_results: {'mae': 0.2939285337924957, 'mape': 4.428767681121826, 'mse': 0.3258384168148041, 'rmse': 0.5708225965499878}
[2025-06-03 17:10:48] - test_results: {'mae': 0.3389296233654022, 'mape': 6.41347599029541, 'mse': 0.41084954142570496, 'rmse': 0.6409754753112793}
[2025-06-03 17:11:06] - Epoch: 20 cost time: 582.2016789913177
[2025-06-03 17:11:06] - Traininng loss : 0.5847746359292793
[2025-06-03 17:11:13] - vali_results: {'mae': 0.2942090928554535, 'mape': 4.516080379486084, 'mse': 0.3249149024486542, 'rmse': 0.5700130462646484}
[2025-06-03 17:11:18] - test_results: {'mae': 0.33938905596733093, 'mape': 6.647830009460449, 'mse': 0.4100249409675598, 'rmse': 0.6403319239616394}
[2025-06-03 17:11:36] - Epoch: 21 cost time: 611.7934226989746
[2025-06-03 17:11:36] - Traininng loss : 0.5837507098124771
[2025-06-03 17:11:43] - vali_results: {'mae': 0.2941872477531433, 'mape': 4.481988430023193, 'mse': 0.32378876209259033, 'rmse': 0.569024384021759}
[2025-06-03 17:11:48] - test_results: {'mae': 0.3399933874607086, 'mape': 6.718478202819824, 'mse': 0.41003909707069397, 'rmse': 0.6403429508209229}
[2025-06-03 17:12:06] - Epoch: 22 cost time: 641.848156452179
[2025-06-03 17:12:06] - Traininng loss : 0.5824288686431905
[2025-06-03 17:12:13] - vali_results: {'mae': 0.29322880506515503, 'mape': 4.405384063720703, 'mse': 0.32413575053215027, 'rmse': 0.5693292021751404}
[2025-06-03 17:12:18] - test_results: {'mae': 0.33907005190849304, 'mape': 6.505224704742432, 'mse': 0.410264790058136, 'rmse': 0.6405191421508789}
[2025-06-03 17:12:36] - Epoch: 23 cost time: 672.0099189281464
[2025-06-03 17:12:36] - Traininng loss : 0.5815207182414948
[2025-06-03 17:12:43] - vali_results: {'mae': 0.2927834093570709, 'mape': 4.389713287353516, 'mse': 0.3247756361961365, 'rmse': 0.5698909163475037}
[2025-06-03 17:12:48] - test_results: {'mae': 0.3371029496192932, 'mape': 6.350570201873779, 'mse': 0.40913286805152893, 'rmse': 0.6396349668502808}
[2025-06-03 17:13:06] - Epoch: 24 cost time: 702.1762363910675
[2025-06-03 17:13:06] - Traininng loss : 0.5805815396800874
[2025-06-03 17:13:14] - vali_results: {'mae': 0.2932136058807373, 'mape': 4.386570930480957, 'mse': 0.3247509002685547, 'rmse': 0.5698692202568054}
[2025-06-03 17:13:19] - test_results: {'mae': 0.3384924829006195, 'mape': 6.37073278427124, 'mse': 0.40965333580970764, 'rmse': 0.6400416493415833}
[2025-06-03 17:13:37] - Epoch: 25 cost time: 732.732668876648
[2025-06-03 17:13:37] - Traininng loss : 0.5799520413080851
[2025-06-03 17:13:44] - vali_results: {'mae': 0.2925877869129181, 'mape': 4.440487384796143, 'mse': 0.3228060007095337, 'rmse': 0.5681601762771606}
[2025-06-03 17:13:49] - test_results: {'mae': 0.3379766345024109, 'mape': 6.541306495666504, 'mse': 0.4082199037075043, 'rmse': 0.6389209032058716}
[2025-06-03 17:14:06] - Epoch: 26 cost time: 762.4896216392517
[2025-06-03 17:14:06] - Traininng loss : 0.578908105691274
[2025-06-03 17:14:14] - vali_results: {'mae': 0.29247933626174927, 'mape': 4.4391093254089355, 'mse': 0.3228558301925659, 'rmse': 0.5682040452957153}
[2025-06-03 17:14:18] - test_results: {'mae': 0.3374760150909424, 'mape': 6.575477600097656, 'mse': 0.4078080356121063, 'rmse': 0.6385985016822815}
[2025-06-03 17:14:35] - Epoch: 27 cost time: 791.1839678287506
[2025-06-03 17:14:35] - Traininng loss : 0.578272135327102
[2025-06-03 17:14:42] - vali_results: {'mae': 0.2915440797805786, 'mape': 4.349459171295166, 'mse': 0.3227356970310211, 'rmse': 0.5680983066558838}
[2025-06-03 17:14:47] - test_results: {'mae': 0.3371560275554657, 'mape': 6.3919148445129395, 'mse': 0.40825989842414856, 'rmse': 0.6389521956443787}
[2025-06-03 17:15:04] - Epoch: 28 cost time: 820.4263379573822
[2025-06-03 17:15:04] - Traininng loss : 0.5775919747415674
[2025-06-03 17:15:12] - vali_results: {'mae': 0.29282864928245544, 'mape': 4.47524356842041, 'mse': 0.32171130180358887, 'rmse': 0.5671960115432739}
[2025-06-03 17:15:16] - test_results: {'mae': 0.3394342362880707, 'mape': 6.662290573120117, 'mse': 0.4085025489330292, 'rmse': 0.6391420364379883}
[2025-06-03 17:15:34] - Epoch: 29 cost time: 850.3702971935272
[2025-06-03 17:15:34] - Traininng loss : 0.5767759286537373
[2025-06-03 17:15:42] - vali_results: {'mae': 0.29100292921066284, 'mape': 4.385793209075928, 'mse': 0.32261255383491516, 'rmse': 0.5679899454116821}
[2025-06-03 17:15:46] - test_results: {'mae': 0.33559346199035645, 'mape': 6.4831624031066895, 'mse': 0.40687522292137146, 'rmse': 0.6378676891326904}
[2025-06-03 17:16:04] - Epoch: 30 cost time: 879.8792669773102
[2025-06-03 17:16:04] - Traininng loss : 0.5761358550301304
[2025-06-03 17:16:11] - vali_results: {'mae': 0.2910767197608948, 'mape': 4.457404613494873, 'mse': 0.3209401071071625, 'rmse': 0.5665157437324524}
[2025-06-03 17:16:15] - test_results: {'mae': 0.33708804845809937, 'mape': 6.6196722984313965, 'mse': 0.4073602557182312, 'rmse': 0.6382477879524231}
[2025-06-03 17:16:33] - Epoch: 31 cost time: 908.9496948719025
[2025-06-03 17:16:33] - Traininng loss : 0.5754257634518638
[2025-06-03 17:16:40] - vali_results: {'mae': 0.29135259985923767, 'mape': 4.421406269073486, 'mse': 0.3208969831466675, 'rmse': 0.5664777159690857}
[2025-06-03 17:16:45] - test_results: {'mae': 0.33801352977752686, 'mape': 6.608080863952637, 'mse': 0.40785858035087585, 'rmse': 0.6386380791664124}
[2025-06-03 17:17:02] - Epoch: 32 cost time: 938.1432871818542
[2025-06-03 17:17:02] - Traininng loss : 0.5748889441528018
[2025-06-03 17:17:09] - vali_results: {'mae': 0.2901884913444519, 'mape': 4.36041259765625, 'mse': 0.32160213589668274, 'rmse': 0.5670997500419617}
[2025-06-03 17:17:13] - test_results: {'mae': 0.33605748414993286, 'mape': 6.32683801651001, 'mse': 0.40698108077049255, 'rmse': 0.6379506587982178}
[2025-06-03 17:17:31] - Epoch: 33 cost time: 967.3696019649506
[2025-06-03 17:17:31] - Traininng loss : 0.5744651079808594
[2025-06-03 17:17:39] - vali_results: {'mae': 0.2908531129360199, 'mape': 4.412309169769287, 'mse': 0.3205815553665161, 'rmse': 0.5661992430686951}
[2025-06-03 17:17:43] - test_results: {'mae': 0.3371024429798126, 'mape': 6.547180652618408, 'mse': 0.4066818356513977, 'rmse': 0.6377161145210266}
[2025-06-03 17:18:01] - Epoch: 34 cost time: 997.2463283538818
[2025-06-03 17:18:01] - Traininng loss : 0.5738792753724195
[2025-06-03 17:18:09] - vali_results: {'mae': 0.29099729657173157, 'mape': 4.459413051605225, 'mse': 0.31987011432647705, 'rmse': 0.565570592880249}
[2025-06-03 17:18:13] - test_results: {'mae': 0.33748939633369446, 'mape': 6.766109943389893, 'mse': 0.4064207077026367, 'rmse': 0.6375113129615784}
[2025-06-03 17:18:30] - Epoch: 35 cost time: 1026.652060508728
[2025-06-03 17:18:30] - Traininng loss : 0.5735861548671016
[2025-06-03 17:18:38] - vali_results: {'mae': 0.2895803153514862, 'mape': 4.336738109588623, 'mse': 0.3207300901412964, 'rmse': 0.5663303732872009}
[2025-06-03 17:18:42] - test_results: {'mae': 0.33444303274154663, 'mape': 6.388099193572998, 'mse': 0.40511640906333923, 'rmse': 0.6364875435829163}
[2025-06-03 17:19:00] - Epoch: 36 cost time: 1056.4631977081299
[2025-06-03 17:19:00] - Traininng loss : 0.5729117607944226
[2025-06-03 17:19:08] - vali_results: {'mae': 0.2894430160522461, 'mape': 4.350507736206055, 'mse': 0.3204925060272217, 'rmse': 0.5661205649375916}
[2025-06-03 17:19:12] - test_results: {'mae': 0.3346005976200104, 'mape': 6.375975608825684, 'mse': 0.405562162399292, 'rmse': 0.6368376016616821}
[2025-06-03 17:19:30] - Epoch: 37 cost time: 1085.829285621643
[2025-06-03 17:19:30] - Traininng loss : 0.5724250414068737
[2025-06-03 17:19:37] - vali_results: {'mae': 0.28937050700187683, 'mape': 4.278418064117432, 'mse': 0.32058557868003845, 'rmse': 0.5662027597427368}
[2025-06-03 17:19:42] - test_results: {'mae': 0.3354664742946625, 'mape': 6.22125244140625, 'mse': 0.40612027049064636, 'rmse': 0.6372756361961365}
[2025-06-03 17:20:00] - Epoch: 38 cost time: 1115.727676153183
[2025-06-03 17:20:00] - Traininng loss : 0.5720373769758871
[2025-06-03 17:20:07] - vali_results: {'mae': 0.28964656591415405, 'mape': 4.396810054779053, 'mse': 0.31963780522346497, 'rmse': 0.565365195274353}
[2025-06-03 17:20:12] - test_results: {'mae': 0.3350895941257477, 'mape': 6.560225009918213, 'mse': 0.4044921100139618, 'rmse': 0.63599693775177}
[2025-06-03 17:20:30] - Epoch: 39 cost time: 1145.9216692447662
[2025-06-03 17:20:30] - Traininng loss : 0.571719601829216
[2025-06-03 17:20:37] - vali_results: {'mae': 0.2890993356704712, 'mape': 4.37255859375, 'mse': 0.31896597146987915, 'rmse': 0.5647706985473633}
[2025-06-03 17:20:42] - test_results: {'mae': 0.33508729934692383, 'mape': 6.560035228729248, 'mse': 0.4047093093395233, 'rmse': 0.6361676454544067}
[2025-06-03 17:20:59] - Epoch: 40 cost time: 1175.1580641269684
[2025-06-03 17:20:59] - Traininng loss : 0.5712380499120743
[2025-06-03 17:21:06] - vali_results: {'mae': 0.2891388535499573, 'mape': 4.419937610626221, 'mse': 0.3186497986316681, 'rmse': 0.5644907355308533}
[2025-06-03 17:21:11] - test_results: {'mae': 0.33506253361701965, 'mape': 6.691028118133545, 'mse': 0.40431806445121765, 'rmse': 0.6358600854873657}
[2025-06-03 17:21:28] - Epoch: 41 cost time: 1204.4375319480896
[2025-06-03 17:21:28] - Traininng loss : 0.5709924719951771
[2025-06-03 17:21:36] - vali_results: {'mae': 0.2887396812438965, 'mape': 4.369998931884766, 'mse': 0.3190310597419739, 'rmse': 0.5648283362388611}
[2025-06-03 17:21:40] - test_results: {'mae': 0.3341348469257355, 'mape': 6.478583812713623, 'mse': 0.4043380320072174, 'rmse': 0.6358758211135864}
[2025-06-03 17:21:58] - Epoch: 42 cost time: 1234.0086450576782
[2025-06-03 17:21:58] - Traininng loss : 0.5703432093221674
[2025-06-03 17:22:05] - vali_results: {'mae': 0.2882842421531677, 'mape': 4.313726425170898, 'mse': 0.3193100690841675, 'rmse': 0.5650752782821655}
[2025-06-03 17:22:09] - test_results: {'mae': 0.33439943194389343, 'mape': 6.308768272399902, 'mse': 0.40493541955947876, 'rmse': 0.636345386505127}
[2025-06-03 17:22:27] - Epoch: 43 cost time: 1263.2268052101135
[2025-06-03 17:22:27] - Traininng loss : 0.5702479722165557
[2025-06-03 17:22:35] - vali_results: {'mae': 0.2886323034763336, 'mape': 4.35368537902832, 'mse': 0.3191754221916199, 'rmse': 0.5649561285972595}
[2025-06-03 17:22:39] - test_results: {'mae': 0.33416497707366943, 'mape': 6.43330717086792, 'mse': 0.4046066403388977, 'rmse': 0.6360870003700256}
[2025-06-03 17:22:57] - Epoch: 44 cost time: 1293.3046774864197
[2025-06-03 17:22:57] - Traininng loss : 0.5699267751640744
[2025-06-03 17:23:05] - vali_results: {'mae': 0.28782251477241516, 'mape': 4.324817657470703, 'mse': 0.31857049465179443, 'rmse': 0.5644205212593079}
[2025-06-03 17:23:09] - test_results: {'mae': 0.3336000442504883, 'mape': 6.426422595977783, 'mse': 0.40368643403053284, 'rmse': 0.6353632211685181}
[2025-06-03 17:23:27] - Epoch: 45 cost time: 1322.8234741687775
[2025-06-03 17:23:27] - Traininng loss : 0.5695004203805217
[2025-06-03 17:23:35] - vali_results: {'mae': 0.2879899740219116, 'mape': 4.347197532653809, 'mse': 0.31834349036216736, 'rmse': 0.5642193555831909}
[2025-06-03 17:23:39] - test_results: {'mae': 0.33340245485305786, 'mape': 6.399150848388672, 'mse': 0.4035806953907013, 'rmse': 0.6352800130844116}
[2025-06-03 17:23:57] - Epoch: 46 cost time: 1353.4556357860565
[2025-06-03 17:23:57] - Traininng loss : 0.5690737689929034
[2025-06-03 17:24:05] - vali_results: {'mae': 0.28798067569732666, 'mape': 4.3416547775268555, 'mse': 0.3177809715270996, 'rmse': 0.5637206435203552}
[2025-06-03 17:24:09] - test_results: {'mae': 0.33433014154434204, 'mape': 6.52113151550293, 'mse': 0.40374693274497986, 'rmse': 0.6354108452796936}
[2025-06-03 17:24:28] - Epoch: 47 cost time: 1383.7779545783997
[2025-06-03 17:24:28] - Traininng loss : 0.5689036798855615
[2025-06-03 17:24:35] - vali_results: {'mae': 0.286921888589859, 'mape': 4.251867294311523, 'mse': 0.3187462389469147, 'rmse': 0.5645761489868164}
[2025-06-03 17:24:40] - test_results: {'mae': 0.3323800265789032, 'mape': 6.210143566131592, 'mse': 0.4033394753932953, 'rmse': 0.6350901126861572}
[2025-06-03 17:24:58] - Epoch: 48 cost time: 1413.7240719795227
[2025-06-03 17:24:58] - Traininng loss : 0.5684587873479046
[2025-06-03 17:25:05] - vali_results: {'mae': 0.28783130645751953, 'mape': 4.3343634605407715, 'mse': 0.31825393438339233, 'rmse': 0.5641400218009949}
[2025-06-03 17:25:10] - test_results: {'mae': 0.3332773447036743, 'mape': 6.459834575653076, 'mse': 0.40315374732017517, 'rmse': 0.6349439024925232}
[2025-06-03 17:25:28] - Epoch: 49 cost time: 1443.97922706604
[2025-06-03 17:25:28] - Traininng loss : 0.5683176564791846
[2025-06-03 17:25:35] - vali_results: {'mae': 0.2875390350818634, 'mape': 4.325127601623535, 'mse': 0.3176850378513336, 'rmse': 0.563635528087616}
[2025-06-03 17:25:40] - test_results: {'mae': 0.3338361978530884, 'mape': 6.412084102630615, 'mse': 0.4033091068267822, 'rmse': 0.6350662112236023}
[2025-06-03 17:25:57] - Epoch: 50 cost time: 1473.4682967662811
[2025-06-03 17:25:57] - Traininng loss : 0.5679982049124581
[2025-06-03 17:26:05] - vali_results: {'mae': 0.28736573457717896, 'mape': 4.315420627593994, 'mse': 0.3181082606315613, 'rmse': 0.5640108585357666}
[2025-06-03 17:26:09] - test_results: {'mae': 0.33303743600845337, 'mape': 6.422511100769043, 'mse': 0.40307775139808655, 'rmse': 0.6348840594291687}
[2025-06-03 17:26:27] - Epoch: 51 cost time: 1503.2928602695465
[2025-06-03 17:26:27] - Traininng loss : 0.5678358145807155
[2025-06-03 17:26:35] - vali_results: {'mae': 0.2875269651412964, 'mape': 4.373704433441162, 'mse': 0.3172003924846649, 'rmse': 0.5632054805755615}
[2025-06-03 17:26:39] - test_results: {'mae': 0.333950400352478, 'mape': 6.534244537353516, 'mse': 0.4034669101238251, 'rmse': 0.6351904273033142}
[2025-06-03 17:26:57] - Epoch: 52 cost time: 1533.0827207565308
[2025-06-03 17:26:57] - Traininng loss : 0.5675364130388492
[2025-06-03 17:27:05] - vali_results: {'mae': 0.28680962324142456, 'mape': 4.293690204620361, 'mse': 0.31768277287483215, 'rmse': 0.5636335611343384}
[2025-06-03 17:27:09] - test_results: {'mae': 0.33286839723587036, 'mape': 6.391168594360352, 'mse': 0.40298667550086975, 'rmse': 0.6348122954368591}
[2025-06-03 17:27:27] - Epoch: 53 cost time: 1563.4503753185272
[2025-06-03 17:27:27] - Traininng loss : 0.5672466724953323
[2025-06-03 17:27:35] - vali_results: {'mae': 0.28658923506736755, 'mape': 4.307071685791016, 'mse': 0.31752681732177734, 'rmse': 0.5634951591491699}
[2025-06-03 17:27:39] - test_results: {'mae': 0.33222708106040955, 'mape': 6.42869234085083, 'mse': 0.40232256054878235, 'rmse': 0.634289026260376}
[2025-06-03 17:27:57] - Epoch: 54 cost time: 1593.2959315776825
[2025-06-03 17:27:57] - Traininng loss : 0.5670174283009989
[2025-06-03 17:28:05] - vali_results: {'mae': 0.2865704298019409, 'mape': 4.305168151855469, 'mse': 0.31757837533950806, 'rmse': 0.5635409355163574}
[2025-06-03 17:28:09] - test_results: {'mae': 0.331506609916687, 'mape': 6.418947219848633, 'mse': 0.4015199542045593, 'rmse': 0.6336560249328613}
[2025-06-03 17:28:27] - Epoch: 55 cost time: 1622.9407415390015
[2025-06-03 17:28:27] - Traininng loss : 0.5668515257892155
[2025-06-03 17:28:34] - vali_results: {'mae': 0.28664469718933105, 'mape': 4.281915187835693, 'mse': 0.31777822971343994, 'rmse': 0.5637181997299194}
[2025-06-03 17:28:39] - test_results: {'mae': 0.33191919326782227, 'mape': 6.3155341148376465, 'mse': 0.4021088480949402, 'rmse': 0.634120523929596}
[2025-06-03 17:28:57] - Epoch: 56 cost time: 1653.2716000080109
[2025-06-03 17:28:57] - Traininng loss : 0.5666444839308502
[2025-06-03 17:29:05] - vali_results: {'mae': 0.28674039244651794, 'mape': 4.297786712646484, 'mse': 0.31741708517074585, 'rmse': 0.5633978247642517}
[2025-06-03 17:29:09] - test_results: {'mae': 0.3325112462043762, 'mape': 6.358798503875732, 'mse': 0.4024158716201782, 'rmse': 0.6343625783920288}
[2025-06-03 17:29:09] - loss no decreased for 5 epochs,  early stopping ....
[2025-06-03 17:29:14] - test_results: {'mae': 0.333950400352478, 'mape': 6.534244537353516, 'mse': 0.4034669101238251, 'rmse': 0.6351904273033142}
