[2025-06-05 00:36:37] - run : 3 in seed: 5
[2025-06-05 00:36:37] - +-----------------------------------+------------+
|              Modules              | Parameters |
+-----------------------------------+------------+
|     fm.Linear_Seasonal.weight     |   16128    |
|      fm.Linear_Seasonal.bias      |    168     |
|       fm.Linear_Trend.weight      |   16128    |
|        fm.Linear_Trend.bias       |    168     |
|             nm.weight             |     14     |
| nm.model_freq.model_freq.0.weight |    6144    |
|  nm.model_freq.model_freq.0.bias  |     64     |
|  nm.model_freq.model_all.0.weight |   20480    |
|   nm.model_freq.model_all.0.bias  |    128     |
|  nm.model_freq.model_all.2.weight |   21504    |
|   nm.model_freq.model_all.2.bias  |    168     |
| nm.model_pred.model_freq.0.weight |   24576    |
|  nm.model_pred.model_freq.0.bias  |    256     |
|  nm.model_pred.model_all.0.weight |   180224   |
|   nm.model_pred.model_all.0.bias  |    512     |
|  nm.model_pred.model_all.2.weight |   86016    |
|   nm.model_pred.model_all.2.bias  |    168     |
+-----------------------------------+------------+
[2025-06-05 00:36:37] - Total Trainable Params: 372846
[2025-06-05 00:36:37] - model parameters: 372846
[2025-06-05 00:36:48] - Epoch: 1 cost time: 11.434643745422363
[2025-06-05 00:36:48] - Traininng loss : 1.048524125491646
[2025-06-05 00:36:50] - vali_results: {'mae': 0.4608529210090637, 'mape': 6.042546272277832, 'mse': 0.44006359577178955, 'rmse': 0.6633728742599487}
[2025-06-05 00:36:51] - test_results: {'mae': 0.4686867296695709, 'mape': 7.933053970336914, 'mse': 0.4171048402786255, 'rmse': 0.6458365321159363}
[2025-06-05 00:37:02] - Epoch: 2 cost time: 25.15450954437256
[2025-06-05 00:37:02] - Traininng loss : 0.9002960792495482
[2025-06-05 00:37:04] - vali_results: {'mae': 0.44979342818260193, 'mape': 5.956355571746826, 'mse': 0.4330708980560303, 'rmse': 0.6580812335014343}
[2025-06-05 00:37:05] - test_results: {'mae': 0.46061912178993225, 'mape': 7.537559509277344, 'mse': 0.4090147912502289, 'rmse': 0.6395426392555237}
[2025-06-05 00:37:16] - Epoch: 3 cost time: 39.48311471939087
[2025-06-05 00:37:16] - Traininng loss : 0.8858354475159428
[2025-06-05 00:37:18] - vali_results: {'mae': 0.448286235332489, 'mape': 6.007167816162109, 'mse': 0.42804670333862305, 'rmse': 0.6542527675628662}
[2025-06-05 00:37:19] - test_results: {'mae': 0.45310428738594055, 'mape': 7.471397399902344, 'mse': 0.3988837003707886, 'rmse': 0.631572425365448}
[2025-06-05 00:37:30] - Epoch: 4 cost time: 53.248619556427
[2025-06-05 00:37:30] - Traininng loss : 0.8780390990962931
[2025-06-05 00:37:32] - vali_results: {'mae': 0.4491161108016968, 'mape': 6.050085067749023, 'mse': 0.4275479316711426, 'rmse': 0.653871476650238}
[2025-06-05 00:37:33] - test_results: {'mae': 0.44995617866516113, 'mape': 7.385079383850098, 'mse': 0.3942759931087494, 'rmse': 0.6279140114784241}
[2025-06-05 00:37:44] - Epoch: 5 cost time: 66.94647312164307
[2025-06-05 00:37:44] - Traininng loss : 0.8721817439427005
[2025-06-05 00:37:45] - vali_results: {'mae': 0.44483819603919983, 'mape': 6.054758071899414, 'mse': 0.4247661530971527, 'rmse': 0.6517408490180969}
[2025-06-05 00:37:46] - test_results: {'mae': 0.45458322763442993, 'mape': 7.329293727874756, 'mse': 0.4004497826099396, 'rmse': 0.6328110098838806}
[2025-06-05 00:37:57] - Epoch: 6 cost time: 80.58152627944946
[2025-06-05 00:37:57] - Traininng loss : 0.8688581462839653
[2025-06-05 00:37:59] - vali_results: {'mae': 0.44661155343055725, 'mape': 6.1687726974487305, 'mse': 0.4261479079723358, 'rmse': 0.6528000235557556}
[2025-06-05 00:38:00] - test_results: {'mae': 0.45274999737739563, 'mape': 7.122490882873535, 'mse': 0.39829790592193604, 'rmse': 0.6311084628105164}
[2025-06-05 00:38:12] - Epoch: 7 cost time: 94.87757992744446
[2025-06-05 00:38:12] - Traininng loss : 0.8659472994446434
[2025-06-05 00:38:14] - vali_results: {'mae': 0.4448007047176361, 'mape': 6.161415100097656, 'mse': 0.42287299036979675, 'rmse': 0.650286853313446}
[2025-06-05 00:38:15] - test_results: {'mae': 0.45272645354270935, 'mape': 7.570638179779053, 'mse': 0.3974672257900238, 'rmse': 0.6304500102996826}
[2025-06-05 00:38:26] - Epoch: 8 cost time: 109.00836896896362
[2025-06-05 00:38:26] - Traininng loss : 0.8616909167402231
[2025-06-05 00:38:27] - vali_results: {'mae': 0.44837120175361633, 'mape': 6.041651248931885, 'mse': 0.4278509020805359, 'rmse': 0.6541031002998352}
[2025-06-05 00:38:28] - test_results: {'mae': 0.45931220054626465, 'mape': 6.656170845031738, 'mse': 0.40583184361457825, 'rmse': 0.6370493173599243}
[2025-06-05 00:38:40] - Epoch: 9 cost time: 122.86569285392761
[2025-06-05 00:38:40] - Traininng loss : 0.8614518357985141
[2025-06-05 00:38:41] - vali_results: {'mae': 0.4454542100429535, 'mape': 6.076048374176025, 'mse': 0.42770475149154663, 'rmse': 0.6539914011955261}
[2025-06-05 00:38:42] - test_results: {'mae': 0.4600522220134735, 'mape': 7.01652193069458, 'mse': 0.4073164761066437, 'rmse': 0.6382135152816772}
[2025-06-05 00:38:53] - Epoch: 10 cost time: 136.76208758354187
[2025-06-05 00:38:53] - Traininng loss : 0.8569214211392339
[2025-06-05 00:38:55] - vali_results: {'mae': 0.44733554124832153, 'mape': 6.022129535675049, 'mse': 0.4262482225894928, 'rmse': 0.6528768539428711}
[2025-06-05 00:38:56] - test_results: {'mae': 0.4600355327129364, 'mape': 6.862123966217041, 'mse': 0.405953973531723, 'rmse': 0.6371451616287231}
[2025-06-05 00:39:07] - Epoch: 11 cost time: 150.69130635261536
[2025-06-05 00:39:07] - Traininng loss : 0.8550297482084014
[2025-06-05 00:39:09] - vali_results: {'mae': 0.44744056463241577, 'mape': 6.112339019775391, 'mse': 0.42427319288253784, 'rmse': 0.6513625383377075}
[2025-06-05 00:39:10] - test_results: {'mae': 0.4516716003417969, 'mape': 6.9985761642456055, 'mse': 0.39504629373550415, 'rmse': 0.6285271048545837}
[2025-06-05 00:39:22] - Epoch: 12 cost time: 164.84053921699524
[2025-06-05 00:39:22] - Traininng loss : 0.8532587658943503
[2025-06-05 00:39:23] - vali_results: {'mae': 0.447290301322937, 'mape': 6.11774206161499, 'mse': 0.42351117730140686, 'rmse': 0.6507773399353027}
[2025-06-05 00:39:24] - test_results: {'mae': 0.4536815881729126, 'mape': 7.3104963302612305, 'mse': 0.3967614471912384, 'rmse': 0.6298900246620178}
[2025-06-05 00:39:24] - loss no decreased for 5 epochs,  early stopping ....
[2025-06-05 00:39:25] - test_results: {'mae': 0.45272645354270935, 'mape': 7.570638179779053, 'mse': 0.3974672257900238, 'rmse': 0.6304500102996826}
