[2025-06-04 16:58:39] - run : 3 in seed: 5
[2025-06-04 16:58:39] - +-----------------------------------+------------+
|              Modules              | Parameters |
+-----------------------------------+------------+
|     fm.Linear_Seasonal.weight     |    9216    |
|      fm.Linear_Seasonal.bias      |     96     |
|       fm.Linear_Trend.weight      |    9216    |
|        fm.Linear_Trend.bias       |     96     |
|             nm.weight             |    642     |
| nm.model_freq.model_freq.0.weight |    6144    |
|  nm.model_freq.model_freq.0.bias  |     64     |
|  nm.model_freq.model_all.0.weight |   20480    |
|   nm.model_freq.model_all.0.bias  |    128     |
|  nm.model_freq.model_all.2.weight |   12288    |
|   nm.model_freq.model_all.2.bias  |     96     |
| nm.model_pred.model_freq.0.weight |   24576    |
|  nm.model_pred.model_freq.0.bias  |    256     |
|  nm.model_pred.model_all.0.weight |   180224   |
|   nm.model_pred.model_all.0.bias  |    512     |
|  nm.model_pred.model_all.2.weight |   49152    |
|   nm.model_pred.model_all.2.bias  |     96     |
+-----------------------------------+------------+
[2025-06-04 16:58:39] - Total Trainable Params: 313282
[2025-06-04 16:58:39] - model parameters: 313282
[2025-06-04 16:58:58] - Epoch: 1 cost time: 19.476255416870117
[2025-06-04 16:58:58] - Traininng loss : 0.5509424852697473
[2025-06-04 16:59:05] - vali_results: {'mae': 0.2700028419494629, 'mape': 2.296233892440796, 'mse': 0.17987731099128723, 'rmse': 0.4241194427013397}
[2025-06-04 16:59:09] - test_results: {'mae': 0.2756868004798889, 'mape': 2.968257188796997, 'mse': 0.19246530532836914, 'rmse': 0.43870869278907776}
[2025-06-04 16:59:28] - Epoch: 2 cost time: 49.80673313140869
[2025-06-04 16:59:28] - Traininng loss : 0.42107061267944806
[2025-06-04 16:59:35] - vali_results: {'mae': 0.2661058008670807, 'mape': 2.285832405090332, 'mse': 0.1764342188835144, 'rmse': 0.42004072666168213}
[2025-06-04 16:59:39] - test_results: {'mae': 0.27132824063301086, 'mape': 2.936581611633301, 'mse': 0.1880907118320465, 'rmse': 0.4336942732334137}
[2025-06-04 16:59:59] - Epoch: 3 cost time: 80.3931143283844
[2025-06-04 16:59:59] - Traininng loss : 0.4145219711358087
[2025-06-04 17:00:06] - vali_results: {'mae': 0.2661597728729248, 'mape': 2.2176830768585205, 'mse': 0.1751759648323059, 'rmse': 0.41854026913642883}
[2025-06-04 17:00:10] - test_results: {'mae': 0.2707946002483368, 'mape': 2.8433985710144043, 'mse': 0.18628917634487152, 'rmse': 0.4316123127937317}
[2025-06-04 17:00:29] - Epoch: 4 cost time: 110.29219436645508
[2025-06-04 17:00:29] - Traininng loss : 0.4117597958497834
[2025-06-04 17:00:36] - vali_results: {'mae': 0.2639286518096924, 'mape': 2.251845598220825, 'mse': 0.17462603747844696, 'rmse': 0.4178828001022339}
[2025-06-04 17:00:39] - test_results: {'mae': 0.26807576417922974, 'mape': 2.87949275970459, 'mse': 0.18511000275611877, 'rmse': 0.430244117975235}
[2025-06-04 17:00:58] - Epoch: 5 cost time: 139.6224822998047
[2025-06-04 17:00:58] - Traininng loss : 0.4096929549125203
[2025-06-04 17:01:05] - vali_results: {'mae': 0.26360300183296204, 'mape': 2.2711122035980225, 'mse': 0.17368508875370026, 'rmse': 0.41675543785095215}
[2025-06-04 17:01:09] - test_results: {'mae': 0.2684330344200134, 'mape': 2.894012928009033, 'mse': 0.18463292717933655, 'rmse': 0.42968934774398804}
[2025-06-04 17:01:29] - Epoch: 6 cost time: 170.90421104431152
[2025-06-04 17:01:29] - Traininng loss : 0.40835023475320714
[2025-06-04 17:01:36] - vali_results: {'mae': 0.26446738839149475, 'mape': 2.2856245040893555, 'mse': 0.17363828420639038, 'rmse': 0.41669926047325134}
[2025-06-04 17:01:39] - test_results: {'mae': 0.2699211537837982, 'mape': 2.9094138145446777, 'mse': 0.18542622029781342, 'rmse': 0.4306114614009857}
[2025-06-04 17:01:58] - Epoch: 7 cost time: 199.26938438415527
[2025-06-04 17:01:58] - Traininng loss : 0.40719721374804513
[2025-06-04 17:02:04] - vali_results: {'mae': 0.2633272409439087, 'mape': 2.3265628814697266, 'mse': 0.1736271232366562, 'rmse': 0.41668587923049927}
[2025-06-04 17:02:08] - test_results: {'mae': 0.26886504888534546, 'mape': 2.9689247608184814, 'mse': 0.18505440652370453, 'rmse': 0.43017950654029846}
[2025-06-04 17:02:26] - Epoch: 8 cost time: 227.66771697998047
[2025-06-04 17:02:26] - Traininng loss : 0.4061701672641855
[2025-06-04 17:02:33] - vali_results: {'mae': 0.264810174703598, 'mape': 2.279644012451172, 'mse': 0.17383423447608948, 'rmse': 0.4169343411922455}
[2025-06-04 17:02:36] - test_results: {'mae': 0.26982176303863525, 'mape': 2.9370005130767822, 'mse': 0.18485958874225616, 'rmse': 0.429953008890152}
[2025-06-04 17:02:55] - Epoch: 9 cost time: 256.34983134269714
[2025-06-04 17:02:55] - Traininng loss : 0.4056099549720162
[2025-06-04 17:03:01] - vali_results: {'mae': 0.2618766725063324, 'mape': 2.2663347721099854, 'mse': 0.172331303358078, 'rmse': 0.41512805223464966}
[2025-06-04 17:03:05] - test_results: {'mae': 0.26655077934265137, 'mape': 2.906198740005493, 'mse': 0.18300668895244598, 'rmse': 0.42779281735420227}
[2025-06-04 17:03:24] - Epoch: 10 cost time: 285.05205726623535
[2025-06-04 17:03:24] - Traininng loss : 0.4048163730847208
[2025-06-04 17:03:30] - vali_results: {'mae': 0.26096272468566895, 'mape': 2.276561975479126, 'mse': 0.17256154119968414, 'rmse': 0.4154052734375}
[2025-06-04 17:03:33] - test_results: {'mae': 0.26537543535232544, 'mape': 2.9173803329467773, 'mse': 0.18300029635429382, 'rmse': 0.42778533697128296}
[2025-06-04 17:03:53] - Epoch: 11 cost time: 314.061007976532
[2025-06-04 17:03:53] - Traininng loss : 0.40417337203234954
[2025-06-04 17:03:59] - vali_results: {'mae': 0.2621978223323822, 'mape': 2.2565321922302246, 'mse': 0.1718893200159073, 'rmse': 0.414595365524292}
[2025-06-04 17:04:02] - test_results: {'mae': 0.26697489619255066, 'mape': 2.886268377304077, 'mse': 0.18265727162361145, 'rmse': 0.42738422751426697}
[2025-06-04 17:04:21] - Epoch: 12 cost time: 342.54119062423706
[2025-06-04 17:04:21] - Traininng loss : 0.4036012552809297
[2025-06-04 17:04:27] - vali_results: {'mae': 0.26225563883781433, 'mape': 2.3253347873687744, 'mse': 0.17303596436977386, 'rmse': 0.4159759283065796}
[2025-06-04 17:04:31] - test_results: {'mae': 0.26738816499710083, 'mape': 2.9816529750823975, 'mse': 0.18402829766273499, 'rmse': 0.42898520827293396}
[2025-06-04 17:04:51] - Epoch: 13 cost time: 371.9307978153229
[2025-06-04 17:04:51] - Traininng loss : 0.4030605199044211
[2025-06-04 17:04:57] - vali_results: {'mae': 0.2614929676055908, 'mape': 2.2724742889404297, 'mse': 0.17210237681865692, 'rmse': 0.41485223174095154}
[2025-06-04 17:05:00] - test_results: {'mae': 0.26576346158981323, 'mape': 2.9155941009521484, 'mse': 0.18241854012012482, 'rmse': 0.4271048307418823}
[2025-06-04 17:05:20] - Epoch: 14 cost time: 401.10291862487793
[2025-06-04 17:05:20] - Traininng loss : 0.4028453115831342
[2025-06-04 17:05:26] - vali_results: {'mae': 0.2627080976963043, 'mape': 2.3456313610076904, 'mse': 0.1725614368915558, 'rmse': 0.41540515422821045}
[2025-06-04 17:05:29] - test_results: {'mae': 0.2682657539844513, 'mape': 3.004117965698242, 'mse': 0.18387451767921448, 'rmse': 0.4288059175014496}
[2025-06-04 17:05:49] - Epoch: 15 cost time: 430.4886543750763
[2025-06-04 17:05:49] - Traininng loss : 0.40230728576057834
[2025-06-04 17:05:55] - vali_results: {'mae': 0.261184960603714, 'mape': 2.249847650527954, 'mse': 0.17206959426403046, 'rmse': 0.41481271386146545}
[2025-06-04 17:05:59] - test_results: {'mae': 0.2648586630821228, 'mape': 2.8656115531921387, 'mse': 0.18151593208312988, 'rmse': 0.42604687809944153}
[2025-06-04 17:06:18] - Epoch: 16 cost time: 459.57174158096313
[2025-06-04 17:06:18] - Traininng loss : 0.402092946307701
[2025-06-04 17:06:24] - vali_results: {'mae': 0.2614560127258301, 'mape': 2.2558228969573975, 'mse': 0.17182691395282745, 'rmse': 0.41452011466026306}
[2025-06-04 17:06:28] - test_results: {'mae': 0.26543912291526794, 'mape': 2.8851661682128906, 'mse': 0.1819240152835846, 'rmse': 0.4265255033969879}
[2025-06-04 17:06:48] - Epoch: 17 cost time: 489.0244598388672
[2025-06-04 17:06:48] - Traininng loss : 0.401587291924577
[2025-06-04 17:06:54] - vali_results: {'mae': 0.26195228099823, 'mape': 2.3100945949554443, 'mse': 0.1716204285621643, 'rmse': 0.41427096724510193}
[2025-06-04 17:06:58] - test_results: {'mae': 0.26722821593284607, 'mape': 2.9387571811676025, 'mse': 0.1826069951057434, 'rmse': 0.42732539772987366}
[2025-06-04 17:07:17] - Epoch: 18 cost time: 518.3060526847839
[2025-06-04 17:07:17] - Traininng loss : 0.4013023356596629
[2025-06-04 17:07:23] - vali_results: {'mae': 0.2619886100292206, 'mape': 2.2702245712280273, 'mse': 0.1715000718832016, 'rmse': 0.4141256809234619}
[2025-06-04 17:07:27] - test_results: {'mae': 0.2663975954055786, 'mape': 2.9139537811279297, 'mse': 0.1818612813949585, 'rmse': 0.42645198106765747}
[2025-06-04 17:07:47] - Epoch: 19 cost time: 548.2609012126923
[2025-06-04 17:07:47] - Traininng loss : 0.40097730347984717
[2025-06-04 17:07:53] - vali_results: {'mae': 0.2619164288043976, 'mape': 2.271760940551758, 'mse': 0.17155611515045166, 'rmse': 0.414193332195282}
[2025-06-04 17:07:57] - test_results: {'mae': 0.26692673563957214, 'mape': 2.9111220836639404, 'mse': 0.18229953944683075, 'rmse': 0.42696550488471985}
[2025-06-04 17:08:17] - Epoch: 20 cost time: 578.4952526092529
[2025-06-04 17:08:17] - Traininng loss : 0.400717027511513
[2025-06-04 17:08:23] - vali_results: {'mae': 0.2627439796924591, 'mape': 2.2819414138793945, 'mse': 0.17134469747543335, 'rmse': 0.413938045501709}
[2025-06-04 17:08:27] - test_results: {'mae': 0.2679639756679535, 'mape': 2.903801202774048, 'mse': 0.1823505461215973, 'rmse': 0.4270252287387848}
[2025-06-04 17:08:46] - Epoch: 21 cost time: 607.851904630661
[2025-06-04 17:08:46] - Traininng loss : 0.4006252821600228
[2025-06-04 17:08:53] - vali_results: {'mae': 0.2609608769416809, 'mape': 2.296595811843872, 'mse': 0.1709790974855423, 'rmse': 0.413496196269989}
[2025-06-04 17:08:56] - test_results: {'mae': 0.26599377393722534, 'mape': 2.919584274291992, 'mse': 0.18169568479061127, 'rmse': 0.42625775933265686}
[2025-06-04 17:09:16] - Epoch: 22 cost time: 637.6633875370026
[2025-06-04 17:09:16] - Traininng loss : 0.4002954773212734
[2025-06-04 17:09:22] - vali_results: {'mae': 0.2600032389163971, 'mape': 2.2863316535949707, 'mse': 0.17132139205932617, 'rmse': 0.4139098823070526}
[2025-06-04 17:09:26] - test_results: {'mae': 0.26448413729667664, 'mape': 2.9275593757629395, 'mse': 0.18154363334178925, 'rmse': 0.4260793626308441}
[2025-06-04 17:09:45] - Epoch: 23 cost time: 666.8113951683044
[2025-06-04 17:09:45] - Traininng loss : 0.4003241282806062
[2025-06-04 17:09:51] - vali_results: {'mae': 0.2619393765926361, 'mape': 2.3035898208618164, 'mse': 0.17213231325149536, 'rmse': 0.41488832235336304}
[2025-06-04 17:09:55] - test_results: {'mae': 0.2662879228591919, 'mape': 2.9364094734191895, 'mse': 0.18230953812599182, 'rmse': 0.4269772171974182}
[2025-06-04 17:10:14] - Epoch: 24 cost time: 695.8854360580444
[2025-06-04 17:10:14] - Traininng loss : 0.40008952612416787
[2025-06-04 17:10:21] - vali_results: {'mae': 0.2601318359375, 'mape': 2.2596020698547363, 'mse': 0.17044205963611603, 'rmse': 0.41284629702568054}
[2025-06-04 17:10:24] - test_results: {'mae': 0.26483824849128723, 'mape': 2.8759193420410156, 'mse': 0.18090149760246277, 'rmse': 0.4253251552581787}
[2025-06-04 17:10:44] - Epoch: 25 cost time: 725.0243756771088
[2025-06-04 17:10:44] - Traininng loss : 0.3997556645619242
[2025-06-04 17:10:50] - vali_results: {'mae': 0.2613833248615265, 'mape': 2.3049705028533936, 'mse': 0.1715475618839264, 'rmse': 0.41418299078941345}
[2025-06-04 17:10:54] - test_results: {'mae': 0.26606622338294983, 'mape': 2.946132183074951, 'mse': 0.1818554848432541, 'rmse': 0.4264451861381531}
[2025-06-04 17:11:14] - Epoch: 26 cost time: 755.0399258136749
[2025-06-04 17:11:14] - Traininng loss : 0.39973207874256267
[2025-06-04 17:11:20] - vali_results: {'mae': 0.2610709071159363, 'mape': 2.2591633796691895, 'mse': 0.17090272903442383, 'rmse': 0.41340383887290955}
[2025-06-04 17:11:24] - test_results: {'mae': 0.26567015051841736, 'mape': 2.882237434387207, 'mse': 0.18128785490989685, 'rmse': 0.4257791042327881}
[2025-06-04 17:11:43] - Epoch: 27 cost time: 784.4439477920532
[2025-06-04 17:11:43] - Traininng loss : 0.39982992159692865
[2025-06-04 17:11:49] - vali_results: {'mae': 0.2628729045391083, 'mape': 2.254610776901245, 'mse': 0.17088423669338226, 'rmse': 0.4133814573287964}
[2025-06-04 17:11:53] - test_results: {'mae': 0.2677009403705597, 'mape': 2.864727020263672, 'mse': 0.18134145438671112, 'rmse': 0.4258420467376709}
[2025-06-04 17:12:14] - Epoch: 28 cost time: 815.3107414245605
[2025-06-04 17:12:14] - Traininng loss : 0.3995235000786028
[2025-06-04 17:12:21] - vali_results: {'mae': 0.26009106636047363, 'mape': 2.269526481628418, 'mse': 0.17037668824195862, 'rmse': 0.41276711225509644}
[2025-06-04 17:12:25] - test_results: {'mae': 0.2647498846054077, 'mape': 2.89906644821167, 'mse': 0.18089988827705383, 'rmse': 0.4253232777118683}
[2025-06-04 17:12:45] - Epoch: 29 cost time: 846.107216835022
[2025-06-04 17:12:45] - Traininng loss : 0.399336533954269
[2025-06-04 17:12:52] - vali_results: {'mae': 0.26119697093963623, 'mape': 2.255798816680908, 'mse': 0.17039096355438232, 'rmse': 0.4127843976020813}
[2025-06-04 17:12:55] - test_results: {'mae': 0.2658444344997406, 'mape': 2.8728585243225098, 'mse': 0.1809048056602478, 'rmse': 0.4253290593624115}
[2025-06-04 17:13:15] - Epoch: 30 cost time: 876.4304809570312
[2025-06-04 17:13:15] - Traininng loss : 0.3992554529194246
[2025-06-04 17:13:22] - vali_results: {'mae': 0.26079195737838745, 'mape': 2.2992870807647705, 'mse': 0.17052963376045227, 'rmse': 0.41295233368873596}
[2025-06-04 17:13:26] - test_results: {'mae': 0.26613926887512207, 'mape': 2.9237406253814697, 'mse': 0.1815643012523651, 'rmse': 0.4261036217212677}
[2025-06-04 17:13:45] - Epoch: 31 cost time: 906.6051912307739
[2025-06-04 17:13:45] - Traininng loss : 0.39921529962305435
[2025-06-04 17:13:52] - vali_results: {'mae': 0.2620388865470886, 'mape': 2.2590432167053223, 'mse': 0.1703244000673294, 'rmse': 0.4127037823200226}
[2025-06-04 17:13:56] - test_results: {'mae': 0.26707425713539124, 'mape': 2.874263048171997, 'mse': 0.18131977319717407, 'rmse': 0.4258165955543518}
[2025-06-04 17:14:15] - Epoch: 32 cost time: 936.8881578445435
[2025-06-04 17:14:15] - Traininng loss : 0.39900476817499125
[2025-06-04 17:14:22] - vali_results: {'mae': 0.26027408242225647, 'mape': 2.2670111656188965, 'mse': 0.1705085188150406, 'rmse': 0.4129267632961273}
[2025-06-04 17:14:26] - test_results: {'mae': 0.2647280693054199, 'mape': 2.8939225673675537, 'mse': 0.18071286380290985, 'rmse': 0.4251033663749695}
[2025-06-04 17:14:46] - Epoch: 33 cost time: 967.1556379795074
[2025-06-04 17:14:46] - Traininng loss : 0.3990023463964462
[2025-06-04 17:14:52] - vali_results: {'mae': 0.26105785369873047, 'mape': 2.274266242980957, 'mse': 0.17033055424690247, 'rmse': 0.4127112329006195}
[2025-06-04 17:14:56] - test_results: {'mae': 0.26595085859298706, 'mape': 2.9004745483398438, 'mse': 0.18096035718917847, 'rmse': 0.42539435625076294}
[2025-06-04 17:15:15] - Epoch: 34 cost time: 996.8252151012421
[2025-06-04 17:15:15] - Traininng loss : 0.39882993222328655
[2025-06-04 17:15:22] - vali_results: {'mae': 0.26001206040382385, 'mape': 2.2630527019500732, 'mse': 0.1700279712677002, 'rmse': 0.41234448552131653}
[2025-06-04 17:15:25] - test_results: {'mae': 0.2647266387939453, 'mape': 2.887810468673706, 'mse': 0.18051575124263763, 'rmse': 0.42487144470214844}
[2025-06-04 17:15:45] - Epoch: 35 cost time: 1026.0021133422852
[2025-06-04 17:15:45] - Traininng loss : 0.3986712619400861
[2025-06-04 17:15:51] - vali_results: {'mae': 0.25990551710128784, 'mape': 2.2570865154266357, 'mse': 0.17043110728263855, 'rmse': 0.412833034992218}
[2025-06-04 17:15:55] - test_results: {'mae': 0.2641103267669678, 'mape': 2.8711822032928467, 'mse': 0.18025325238704681, 'rmse': 0.4245624244213104}
[2025-06-04 17:16:15] - Epoch: 36 cost time: 1056.2279479503632
[2025-06-04 17:16:15] - Traininng loss : 0.3986535863918171
[2025-06-04 17:16:21] - vali_results: {'mae': 0.2610822021961212, 'mape': 2.2735326290130615, 'mse': 0.1702170968055725, 'rmse': 0.41257375478744507}
[2025-06-04 17:16:25] - test_results: {'mae': 0.26590266823768616, 'mape': 2.896409511566162, 'mse': 0.18074700236320496, 'rmse': 0.4251435101032257}
[2025-06-04 17:16:44] - Epoch: 37 cost time: 1085.9080436229706
[2025-06-04 17:16:44] - Traininng loss : 0.39839693877780646
[2025-06-04 17:16:51] - vali_results: {'mae': 0.26025819778442383, 'mape': 2.238847494125366, 'mse': 0.1702294647693634, 'rmse': 0.4125887453556061}
[2025-06-04 17:16:54] - test_results: {'mae': 0.26429885625839233, 'mape': 2.8610830307006836, 'mse': 0.1801760494709015, 'rmse': 0.42447149753570557}
[2025-06-04 17:17:15] - Epoch: 38 cost time: 1115.9227254390717
[2025-06-04 17:17:15] - Traininng loss : 0.3984028498331706
[2025-06-04 17:17:21] - vali_results: {'mae': 0.260709673166275, 'mape': 2.289459228515625, 'mse': 0.17037054896354675, 'rmse': 0.4127596616744995}
[2025-06-04 17:17:25] - test_results: {'mae': 0.2656618356704712, 'mape': 2.9245612621307373, 'mse': 0.181191548705101, 'rmse': 0.4256660044193268}
[2025-06-04 17:17:45] - Epoch: 39 cost time: 1145.9926040172577
[2025-06-04 17:17:45] - Traininng loss : 0.39841373013822656
[2025-06-04 17:17:51] - vali_results: {'mae': 0.25995728373527527, 'mape': 2.277550458908081, 'mse': 0.17033711075782776, 'rmse': 0.41271916031837463}
[2025-06-04 17:17:55] - test_results: {'mae': 0.2647741138935089, 'mape': 2.9035542011260986, 'mse': 0.18068498373031616, 'rmse': 0.42507055401802063}
[2025-06-04 17:17:55] - loss no decreased for 5 epochs,  early stopping ....
[2025-06-04 17:17:58] - test_results: {'mae': 0.2647266387939453, 'mape': 2.887810468673706, 'mse': 0.18051575124263763, 'rmse': 0.42487144470214844}
