[2025-06-04 14:55:21] - run : 1 in seed: 3
[2025-06-04 14:55:21] - +-----------------------------------+------------+
|              Modules              | Parameters |
+-----------------------------------+------------+
|     fm.Linear_Seasonal.weight     |   32256    |
|      fm.Linear_Seasonal.bias      |    336     |
|       fm.Linear_Trend.weight      |   32256    |
|        fm.Linear_Trend.bias       |    336     |
|             nm.weight             |     14     |
| nm.model_freq.model_freq.0.weight |    6144    |
|  nm.model_freq.model_freq.0.bias  |     64     |
|  nm.model_freq.model_all.0.weight |   20480    |
|   nm.model_freq.model_all.0.bias  |    128     |
|  nm.model_freq.model_all.2.weight |   43008    |
|   nm.model_freq.model_all.2.bias  |    336     |
| nm.model_pred.model_freq.0.weight |   24576    |
|  nm.model_pred.model_freq.0.bias  |    256     |
|  nm.model_pred.model_all.0.weight |   180224   |
|   nm.model_pred.model_all.0.bias  |    512     |
|  nm.model_pred.model_all.2.weight |   172032   |
|   nm.model_pred.model_all.2.bias  |    336     |
+-----------------------------------+------------+
[2025-06-04 14:55:21] - Total Trainable Params: 513294
[2025-06-04 14:55:21] - model parameters: 513294
[2025-06-04 14:55:36] - Epoch: 1 cost time: 15.295842409133911
[2025-06-04 14:55:36] - Traininng loss : 1.0316822204090978
[2025-06-04 14:55:38] - vali_results: {'mae': 0.41209495067596436, 'mape': 4.501737594604492, 'mse': 0.3339237570762634, 'rmse': 0.5778613686561584}
[2025-06-04 14:55:39] - test_results: {'mae': 0.27532681822776794, 'mape': 14.088327407836914, 'mse': 0.1415247619152069, 'rmse': 0.3761977553367615}
[2025-06-04 14:55:54] - Epoch: 2 cost time: 33.268991470336914
[2025-06-04 14:55:54] - Traininng loss : 0.908618001267314
[2025-06-04 14:55:56] - vali_results: {'mae': 0.40297409892082214, 'mape': 4.373137950897217, 'mse': 0.3226018249988556, 'rmse': 0.5679804682731628}
[2025-06-04 14:55:57] - test_results: {'mae': 0.2702532708644867, 'mape': 14.208017349243164, 'mse': 0.1385880559682846, 'rmse': 0.37227416038513184}
[2025-06-04 14:56:12] - Epoch: 3 cost time: 51.518080711364746
[2025-06-04 14:56:12] - Traininng loss : 0.8876731475896161
[2025-06-04 14:56:14] - vali_results: {'mae': 0.41085129976272583, 'mape': 4.530625343322754, 'mse': 0.3326875865459442, 'rmse': 0.5767907500267029}
[2025-06-04 14:56:15] - test_results: {'mae': 0.2734387516975403, 'mape': 13.650518417358398, 'mse': 0.13927622139453888, 'rmse': 0.3731972873210907}
[2025-06-04 14:56:31] - Epoch: 4 cost time: 70.01006627082825
[2025-06-04 14:56:31] - Traininng loss : 0.879725047427675
[2025-06-04 14:56:32] - vali_results: {'mae': 0.4004797637462616, 'mape': 4.767570972442627, 'mse': 0.3229844570159912, 'rmse': 0.5683172345161438}
[2025-06-04 14:56:33] - test_results: {'mae': 0.26829952001571655, 'mape': 15.237059593200684, 'mse': 0.13932836055755615, 'rmse': 0.37326714396476746}
[2025-06-04 14:56:49] - Epoch: 5 cost time: 87.93028807640076
[2025-06-04 14:56:49] - Traininng loss : 0.872664536147014
[2025-06-04 14:56:51] - vali_results: {'mae': 0.40808579325675964, 'mape': 4.283780097961426, 'mse': 0.3317757248878479, 'rmse': 0.5759997367858887}
[2025-06-04 14:56:52] - test_results: {'mae': 0.26917874813079834, 'mape': 13.631424903869629, 'mse': 0.1358480304479599, 'rmse': 0.36857569217681885}
[2025-06-04 14:57:07] - Epoch: 6 cost time: 106.56867408752441
[2025-06-04 14:57:07] - Traininng loss : 0.8649070852476618
[2025-06-04 14:57:09] - vali_results: {'mae': 0.4044554531574249, 'mape': 4.474484920501709, 'mse': 0.32920506596565247, 'rmse': 0.5737639665603638}
[2025-06-04 14:57:10] - test_results: {'mae': 0.26548272371292114, 'mape': 14.179047584533691, 'mse': 0.13323886692523956, 'rmse': 0.3650189936161041}
[2025-06-04 14:57:25] - Epoch: 7 cost time: 124.80034446716309
[2025-06-04 14:57:25] - Traininng loss : 0.8595960638283388
[2025-06-04 14:57:27] - vali_results: {'mae': 0.3948012888431549, 'mape': 4.681530952453613, 'mse': 0.3168518543243408, 'rmse': 0.5628959536552429}
[2025-06-04 14:57:28] - test_results: {'mae': 0.2603965997695923, 'mape': 15.9366455078125, 'mse': 0.13303923606872559, 'rmse': 0.36474543809890747}
[2025-06-04 14:57:43] - Epoch: 8 cost time: 142.706848859787
[2025-06-04 14:57:43] - Traininng loss : 0.8550340415019057
[2025-06-04 14:57:45] - vali_results: {'mae': 0.4103982448577881, 'mape': 4.202620506286621, 'mse': 0.3316265046596527, 'rmse': 0.5758702158927917}
[2025-06-04 14:57:46] - test_results: {'mae': 0.2709074914455414, 'mape': 13.621859550476074, 'mse': 0.13664743304252625, 'rmse': 0.36965852975845337}
[2025-06-04 14:58:01] - Epoch: 9 cost time: 160.49539971351624
[2025-06-04 14:58:01] - Traininng loss : 0.8502200215892948
[2025-06-04 14:58:03] - vali_results: {'mae': 0.3991040885448456, 'mape': 4.509318828582764, 'mse': 0.32173046469688416, 'rmse': 0.5672128796577454}
[2025-06-04 14:58:04] - test_results: {'mae': 0.2605777978897095, 'mape': 14.77282428741455, 'mse': 0.13160566985607147, 'rmse': 0.36277496814727783}
[2025-06-04 14:58:19] - Epoch: 10 cost time: 178.55347156524658
[2025-06-04 14:58:19] - Traininng loss : 0.8470466456821432
[2025-06-04 14:58:21] - vali_results: {'mae': 0.39902225136756897, 'mape': 4.54762077331543, 'mse': 0.3227376639842987, 'rmse': 0.5681000351905823}
[2025-06-04 14:58:22] - test_results: {'mae': 0.2634067237377167, 'mape': 15.1628999710083, 'mse': 0.13322505354881287, 'rmse': 0.36500006914138794}
[2025-06-04 14:58:37] - Epoch: 11 cost time: 196.554425239563
[2025-06-04 14:58:37] - Traininng loss : 0.8421130867917901
[2025-06-04 14:58:39] - vali_results: {'mae': 0.3913581669330597, 'mape': 4.62130069732666, 'mse': 0.3085149824619293, 'rmse': 0.5554412603378296}
[2025-06-04 14:58:40] - test_results: {'mae': 0.26587703824043274, 'mape': 16.93328857421875, 'mse': 0.141412615776062, 'rmse': 0.3760486841201782}
[2025-06-04 14:58:55] - Epoch: 12 cost time: 214.2938666343689
[2025-06-04 14:58:55] - Traininng loss : 0.8385776070796925
[2025-06-04 14:58:57] - vali_results: {'mae': 0.3981143832206726, 'mape': 4.698057174682617, 'mse': 0.3205733001232147, 'rmse': 0.5661919116973877}
[2025-06-04 14:58:58] - test_results: {'mae': 0.2631250023841858, 'mape': 15.33344554901123, 'mse': 0.1336286962032318, 'rmse': 0.3655526041984558}
[2025-06-04 14:59:13] - Epoch: 13 cost time: 232.35286903381348
[2025-06-04 14:59:13] - Traininng loss : 0.8369540363226248
[2025-06-04 14:59:15] - vali_results: {'mae': 0.39328673481941223, 'mape': 4.8739118576049805, 'mse': 0.3145202398300171, 'rmse': 0.5608210563659668}
[2025-06-04 14:59:16] - test_results: {'mae': 0.26337623596191406, 'mape': 17.2058048248291, 'mse': 0.13902685046195984, 'rmse': 0.3728630542755127}
[2025-06-04 14:59:31] - Epoch: 14 cost time: 250.32036900520325
[2025-06-04 14:59:31] - Traininng loss : 0.8346352199821369
[2025-06-04 14:59:33] - vali_results: {'mae': 0.39683303236961365, 'mape': 4.383875846862793, 'mse': 0.31633493304252625, 'rmse': 0.562436580657959}
[2025-06-04 14:59:34] - test_results: {'mae': 0.2625797688961029, 'mape': 15.162753105163574, 'mse': 0.1343725025653839, 'rmse': 0.36656856536865234}
[2025-06-04 14:59:49] - Epoch: 15 cost time: 268.1290855407715
[2025-06-04 14:59:49] - Traininng loss : 0.8335976807967477
[2025-06-04 14:59:51] - vali_results: {'mae': 0.40779611468315125, 'mape': 4.418359756469727, 'mse': 0.3344808518886566, 'rmse': 0.5783432126045227}
[2025-06-04 14:59:52] - test_results: {'mae': 0.26503103971481323, 'mape': 14.05284309387207, 'mse': 0.13340182602405548, 'rmse': 0.3652421534061432}
[2025-06-04 15:00:07] - Epoch: 16 cost time: 286.38955569267273
[2025-06-04 15:00:07] - Traininng loss : 0.8294043377365755
[2025-06-04 15:00:09] - vali_results: {'mae': 0.4057621359825134, 'mape': 4.6550822257995605, 'mse': 0.3294631838798523, 'rmse': 0.5739888548851013}
[2025-06-04 15:00:10] - test_results: {'mae': 0.26783254742622375, 'mape': 14.633016586303711, 'mse': 0.1353369504213333, 'rmse': 0.367881715297699}
[2025-06-04 15:00:10] - loss no decreased for 5 epochs,  early stopping ....
[2025-06-04 15:00:11] - test_results: {'mae': 0.26587703824043274, 'mape': 16.93328857421875, 'mse': 0.141412615776062, 'rmse': 0.3760486841201782}
