[2025-06-04 23:02:53] - run : 0 in seed: 1
[2025-06-04 23:02:53] - +-----------------------------------+------------+
|              Modules              | Parameters |
+-----------------------------------+------------+
|     fm.Linear_Seasonal.weight     |    9216    |
|      fm.Linear_Seasonal.bias      |     96     |
|       fm.Linear_Trend.weight      |    9216    |
|        fm.Linear_Trend.bias       |     96     |
|             nm.weight             |     16     |
| nm.model_freq.model_freq.0.weight |    6144    |
|  nm.model_freq.model_freq.0.bias  |     64     |
|  nm.model_freq.model_all.0.weight |   20480    |
|   nm.model_freq.model_all.0.bias  |    128     |
|  nm.model_freq.model_all.2.weight |   12288    |
|   nm.model_freq.model_all.2.bias  |     96     |
| nm.model_pred.model_freq.0.weight |   24576    |
|  nm.model_pred.model_freq.0.bias  |    256     |
|  nm.model_pred.model_all.0.weight |   180224   |
|   nm.model_pred.model_all.0.bias  |    512     |
|  nm.model_pred.model_all.2.weight |   49152    |
|   nm.model_pred.model_all.2.bias  |     96     |
+-----------------------------------+------------+
[2025-06-04 23:02:53] - Total Trainable Params: 312656
[2025-06-04 23:02:53] - model parameters: 312656
[2025-06-04 23:02:57] - Epoch: 1 cost time: 4.633409738540649
[2025-06-04 23:02:57] - Traininng loss : 0.3878598252311349
[2025-06-04 23:02:58] - vali_results: {'mae': 0.27495846152305603, 'mape': 0.5249143242835999, 'mse': 0.12243475019931793, 'rmse': 0.3499067723751068}
[2025-06-04 23:02:59] - test_results: {'mae': 0.18388889729976654, 'mape': 1.1841557025909424, 'mse': 0.06145574152469635, 'rmse': 0.24790269136428833}
[2025-06-04 23:03:03] - Epoch: 2 cost time: 10.444504022598267
[2025-06-04 23:03:03] - Traininng loss : 0.1890459158923477
[2025-06-04 23:03:04] - vali_results: {'mae': 0.19717417657375336, 'mape': 0.4569156765937805, 'mse': 0.0724368691444397, 'rmse': 0.26914098858833313}
[2025-06-04 23:03:05] - test_results: {'mae': 0.1730707734823227, 'mape': 1.2394570112228394, 'mse': 0.057600732892751694, 'rmse': 0.24000152945518494}
[2025-06-04 23:03:09] - Epoch: 3 cost time: 16.050444841384888
[2025-06-04 23:03:09] - Traininng loss : 0.1794861669652164
[2025-06-04 23:03:10] - vali_results: {'mae': 0.22145536541938782, 'mape': 0.48542940616607666, 'mse': 0.0861157700419426, 'rmse': 0.2934548854827881}
[2025-06-04 23:03:10] - test_results: {'mae': 0.1670544445514679, 'mape': 1.2298634052276611, 'mse': 0.053105030208826065, 'rmse': 0.2304452806711197}
[2025-06-04 23:03:14] - Epoch: 4 cost time: 21.630190134048462
[2025-06-04 23:03:14] - Traininng loss : 0.17348939036019145
[2025-06-04 23:03:15] - vali_results: {'mae': 0.2527713477611542, 'mape': 0.4885587990283966, 'mse': 0.10630422830581665, 'rmse': 0.3260432779788971}
[2025-06-04 23:03:16] - test_results: {'mae': 0.17356140911579132, 'mape': 1.1775716543197632, 'mse': 0.05714595690369606, 'rmse': 0.2390522062778473}
[2025-06-04 23:03:20] - Epoch: 5 cost time: 27.614455938339233
[2025-06-04 23:03:20] - Traininng loss : 0.17053959262557328
[2025-06-04 23:03:21] - vali_results: {'mae': 0.26355260610580444, 'mape': 0.5053296685218811, 'mse': 0.11425144225358963, 'rmse': 0.3380109965801239}
[2025-06-04 23:03:22] - test_results: {'mae': 0.17290015518665314, 'mape': 1.1846781969070435, 'mse': 0.05618193745613098, 'rmse': 0.23702728748321533}
[2025-06-04 23:03:26] - Epoch: 6 cost time: 33.4284086227417
[2025-06-04 23:03:26] - Traininng loss : 0.16908732461743056
[2025-06-04 23:03:27] - vali_results: {'mae': 0.20738078653812408, 'mape': 0.4741348326206207, 'mse': 0.08010463416576385, 'rmse': 0.28302761912345886}
[2025-06-04 23:03:28] - test_results: {'mae': 0.16784007847309113, 'mape': 1.2360478639602661, 'mse': 0.054234545677900314, 'rmse': 0.23288311064243317}
[2025-06-04 23:03:32] - Epoch: 7 cost time: 39.3516411781311
[2025-06-04 23:03:32] - Traininng loss : 0.16706985500641167
[2025-06-04 23:03:33] - vali_results: {'mae': 0.19776341319084167, 'mape': 0.4654487073421478, 'mse': 0.0719112902879715, 'rmse': 0.2681628167629242}
[2025-06-04 23:03:34] - test_results: {'mae': 0.165833979845047, 'mape': 1.2819191217422485, 'mse': 0.053706783801317215, 'rmse': 0.23174723982810974}
[2025-06-04 23:03:38] - Epoch: 8 cost time: 44.9862117767334
[2025-06-04 23:03:38] - Traininng loss : 0.1665146411396563
[2025-06-04 23:03:39] - vali_results: {'mae': 0.18787847459316254, 'mape': 0.47552505135536194, 'mse': 0.06728434562683105, 'rmse': 0.25939226150512695}
[2025-06-04 23:03:39] - test_results: {'mae': 0.16710804402828217, 'mape': 1.3003278970718384, 'mse': 0.052797552198171616, 'rmse': 0.22977717220783234}
[2025-06-04 23:03:44] - Epoch: 9 cost time: 50.69786357879639
[2025-06-04 23:03:44] - Traininng loss : 0.16527912239544093
[2025-06-04 23:03:44] - vali_results: {'mae': 0.19023975729942322, 'mape': 0.4709107577800751, 'mse': 0.06857967376708984, 'rmse': 0.2618772089481354}
[2025-06-04 23:03:45] - test_results: {'mae': 0.1697775423526764, 'mape': 1.2888509035110474, 'mse': 0.054940856993198395, 'rmse': 0.23439465463161469}
[2025-06-04 23:03:50] - Epoch: 10 cost time: 56.73562955856323
[2025-06-04 23:03:50] - Traininng loss : 0.164180939970538
[2025-06-04 23:03:50] - vali_results: {'mae': 0.26803964376449585, 'mape': 0.5233659744262695, 'mse': 0.12333431094884872, 'rmse': 0.35118985176086426}
[2025-06-04 23:03:51] - test_results: {'mae': 0.171822190284729, 'mape': 1.1993353366851807, 'mse': 0.0552162304520607, 'rmse': 0.23498134315013885}
[2025-06-04 23:03:55] - Epoch: 11 cost time: 62.50757074356079
[2025-06-04 23:03:55] - Traininng loss : 0.16406797762028874
[2025-06-04 23:03:56] - vali_results: {'mae': 0.1944759637117386, 'mape': 0.4739318788051605, 'mse': 0.07197130471467972, 'rmse': 0.2682746946811676}
[2025-06-04 23:03:57] - test_results: {'mae': 0.16731460392475128, 'mape': 1.2949607372283936, 'mse': 0.053515903651714325, 'rmse': 0.23133504390716553}
[2025-06-04 23:04:01] - Epoch: 12 cost time: 68.25892925262451
[2025-06-04 23:04:01] - Traininng loss : 0.16315768701024352
[2025-06-04 23:04:02] - vali_results: {'mae': 0.20520229637622833, 'mape': 0.4621340036392212, 'mse': 0.0777774453163147, 'rmse': 0.278886079788208}
[2025-06-04 23:04:03] - test_results: {'mae': 0.16743557155132294, 'mape': 1.2552225589752197, 'mse': 0.0543128103017807, 'rmse': 0.2330510914325714}
[2025-06-04 23:04:07] - Epoch: 13 cost time: 74.19660067558289
[2025-06-04 23:04:07] - Traininng loss : 0.16306925984099507
[2025-06-04 23:04:08] - vali_results: {'mae': 0.23284658789634705, 'mape': 0.47084367275238037, 'mse': 0.09389224648475647, 'rmse': 0.30641841888427734}
[2025-06-04 23:04:08] - test_results: {'mae': 0.16765987873077393, 'mape': 1.2255264520645142, 'mse': 0.05451492965221405, 'rmse': 0.23348432779312134}
[2025-06-04 23:04:08] - loss no decreased for 5 epochs,  early stopping ....
[2025-06-04 23:04:09] - test_results: {'mae': 0.16710804402828217, 'mape': 1.3003278970718384, 'mse': 0.052797552198171616, 'rmse': 0.22977717220783234}
