[2025-06-04 14:44:12] - run : 2 in seed: 4
[2025-06-04 14:44:12] - +-----------------------------------+------------+
|              Modules              | Parameters |
+-----------------------------------+------------+
|     fm.Linear_Seasonal.weight     |   16128    |
|      fm.Linear_Seasonal.bias      |    168     |
|       fm.Linear_Trend.weight      |   16128    |
|        fm.Linear_Trend.bias       |    168     |
|             nm.weight             |     14     |
| nm.model_freq.model_freq.0.weight |    6144    |
|  nm.model_freq.model_freq.0.bias  |     64     |
|  nm.model_freq.model_all.0.weight |   20480    |
|   nm.model_freq.model_all.0.bias  |    128     |
|  nm.model_freq.model_all.2.weight |   21504    |
|   nm.model_freq.model_all.2.bias  |    168     |
| nm.model_pred.model_freq.0.weight |   24576    |
|  nm.model_pred.model_freq.0.bias  |    256     |
|  nm.model_pred.model_all.0.weight |   180224   |
|   nm.model_pred.model_all.0.bias  |    512     |
|  nm.model_pred.model_all.2.weight |   86016    |
|   nm.model_pred.model_all.2.bias  |    168     |
+-----------------------------------+------------+
[2025-06-04 14:44:12] - Total Trainable Params: 372846
[2025-06-04 14:44:12] - model parameters: 372846
[2025-06-04 14:44:23] - Epoch: 1 cost time: 10.98767614364624
[2025-06-04 14:44:23] - Traininng loss : 0.8199909413308305
[2025-06-04 14:44:25] - vali_results: {'mae': 0.36477863788604736, 'mape': 5.032423973083496, 'mse': 0.27409422397613525, 'rmse': 0.5235400795936584}
[2025-06-04 14:44:26] - test_results: {'mae': 0.2603333294391632, 'mape': 12.622284889221191, 'mse': 0.1312968134880066, 'rmse': 0.3623490333557129}
[2025-06-04 14:44:38] - Epoch: 2 cost time: 25.735243558883667
[2025-06-04 14:44:38] - Traininng loss : 0.6954588071111061
[2025-06-04 14:44:40] - vali_results: {'mae': 0.363735169172287, 'mape': 4.499598979949951, 'mse': 0.27230414748191833, 'rmse': 0.5218276977539062}
[2025-06-04 14:44:41] - test_results: {'mae': 0.25478556752204895, 'mape': 11.874664306640625, 'mse': 0.12634071707725525, 'rmse': 0.35544440150260925}
[2025-06-04 14:44:52] - Epoch: 3 cost time: 39.899744749069214
[2025-06-04 14:44:52] - Traininng loss : 0.676805776661267
[2025-06-04 14:44:54] - vali_results: {'mae': 0.35755205154418945, 'mape': 4.950359344482422, 'mse': 0.26965969800949097, 'rmse': 0.5192877054214478}
[2025-06-04 14:44:55] - test_results: {'mae': 0.24832095205783844, 'mape': 12.74072265625, 'mse': 0.12513308227062225, 'rmse': 0.3537415564060211}
[2025-06-04 14:45:06] - Epoch: 4 cost time: 53.91247606277466
[2025-06-04 14:45:06] - Traininng loss : 0.6665638517438567
[2025-06-04 14:45:08] - vali_results: {'mae': 0.3564141094684601, 'mape': 4.805309295654297, 'mse': 0.264800101518631, 'rmse': 0.5145872831344604}
[2025-06-04 14:45:09] - test_results: {'mae': 0.25128161907196045, 'mape': 13.0480318069458, 'mse': 0.12538383901119232, 'rmse': 0.35409581661224365}
[2025-06-04 14:45:20] - Epoch: 5 cost time: 68.03994131088257
[2025-06-04 14:45:20] - Traininng loss : 0.6603101991296774
[2025-06-04 14:45:22] - vali_results: {'mae': 0.358934611082077, 'mape': 4.588567733764648, 'mse': 0.26932308077812195, 'rmse': 0.5189634561538696}
[2025-06-04 14:45:23] - test_results: {'mae': 0.2476046085357666, 'mape': 12.605152130126953, 'mse': 0.1219126507639885, 'rmse': 0.34915992617607117}
[2025-06-04 14:45:34] - Epoch: 6 cost time: 82.24052262306213
[2025-06-04 14:45:34] - Traininng loss : 0.6550423518102866
[2025-06-04 14:45:36] - vali_results: {'mae': 0.3568888306617737, 'mape': 4.92816686630249, 'mse': 0.2642933428287506, 'rmse': 0.5140947103500366}
[2025-06-04 14:45:37] - test_results: {'mae': 0.2505025267601013, 'mape': 13.254922866821289, 'mse': 0.12502050399780273, 'rmse': 0.35358238220214844}
[2025-06-04 14:45:48] - Epoch: 7 cost time: 96.33152770996094
[2025-06-04 14:45:48] - Traininng loss : 0.650071737833381
[2025-06-04 14:45:51] - vali_results: {'mae': 0.3553846478462219, 'mape': 4.922431468963623, 'mse': 0.2654821574687958, 'rmse': 0.5152496099472046}
[2025-06-04 14:45:52] - test_results: {'mae': 0.24781997501850128, 'mape': 13.426542282104492, 'mse': 0.12360646575689316, 'rmse': 0.35157710313796997}
[2025-06-04 14:46:03] - Epoch: 8 cost time: 111.10887479782104
[2025-06-04 14:46:03] - Traininng loss : 0.6463137431215026
[2025-06-04 14:46:05] - vali_results: {'mae': 0.3536699712276459, 'mape': 5.218020439147949, 'mse': 0.262994647026062, 'rmse': 0.5128300189971924}
[2025-06-04 14:46:06] - test_results: {'mae': 0.25044581294059753, 'mape': 14.253886222839355, 'mse': 0.12748149037361145, 'rmse': 0.3570455014705658}
[2025-06-04 14:46:17] - Epoch: 9 cost time: 124.72097301483154
[2025-06-04 14:46:17] - Traininng loss : 0.6441701277491234
[2025-06-04 14:46:19] - vali_results: {'mae': 0.37991392612457275, 'mape': 4.524399757385254, 'mse': 0.29193606972694397, 'rmse': 0.5403110980987549}
[2025-06-04 14:46:20] - test_results: {'mae': 0.25685781240463257, 'mape': 11.264522552490234, 'mse': 0.1251390278339386, 'rmse': 0.35374996066093445}
[2025-06-04 14:46:31] - Epoch: 10 cost time: 139.2236840724945
[2025-06-04 14:46:31] - Traininng loss : 0.6403830621101901
[2025-06-04 14:46:33] - vali_results: {'mae': 0.35693037509918213, 'mape': 5.046670913696289, 'mse': 0.2678469717502594, 'rmse': 0.5175393223762512}
[2025-06-04 14:46:34] - test_results: {'mae': 0.24863937497138977, 'mape': 13.80223274230957, 'mse': 0.12528757750988007, 'rmse': 0.353959858417511}
[2025-06-04 14:46:46] - Epoch: 11 cost time: 153.46780467033386
[2025-06-04 14:46:46] - Traininng loss : 0.6376001988275442
[2025-06-04 14:46:48] - vali_results: {'mae': 0.3576413691043854, 'mape': 4.873912811279297, 'mse': 0.26902472972869873, 'rmse': 0.5186759233474731}
[2025-06-04 14:46:49] - test_results: {'mae': 0.24601279199123383, 'mape': 13.05791187286377, 'mse': 0.12231185287237167, 'rmse': 0.34973111748695374}
[2025-06-04 14:47:00] - Epoch: 12 cost time: 167.80332446098328
[2025-06-04 14:47:00] - Traininng loss : 0.6352930255134368
[2025-06-04 14:47:02] - vali_results: {'mae': 0.3572869598865509, 'mape': 4.996572017669678, 'mse': 0.26691946387290955, 'rmse': 0.5166425108909607}
[2025-06-04 14:47:03] - test_results: {'mae': 0.24891957640647888, 'mape': 13.2968111038208, 'mse': 0.12470587342977524, 'rmse': 0.35313719511032104}
[2025-06-04 14:47:14] - Epoch: 13 cost time: 181.83132815361023
[2025-06-04 14:47:14] - Traininng loss : 0.6331388399044886
[2025-06-04 14:47:16] - vali_results: {'mae': 0.35481923818588257, 'mape': 5.0304741859436035, 'mse': 0.2660037875175476, 'rmse': 0.5157555341720581}
[2025-06-04 14:47:17] - test_results: {'mae': 0.24683718383312225, 'mape': 13.60885238647461, 'mse': 0.12410329282283783, 'rmse': 0.35228297114372253}
[2025-06-04 14:47:17] - loss no decreased for 5 epochs,  early stopping ....
[2025-06-04 14:47:18] - test_results: {'mae': 0.25044581294059753, 'mape': 14.253886222839355, 'mse': 0.12748149037361145, 'rmse': 0.3570455014705658}
