[2025-06-05 18:52:53] - run : 3 in seed: 5
[2025-06-05 18:52:53] - +-----------------------------------+------------+
|              Modules              | Parameters |
+-----------------------------------+------------+
|     fm.Linear_Seasonal.weight     |   69120    |
|      fm.Linear_Seasonal.bias      |    720     |
|       fm.Linear_Trend.weight      |   69120    |
|        fm.Linear_Trend.bias       |    720     |
|             nm.weight             |     14     |
| nm.model_freq.model_freq.0.weight |    6144    |
|  nm.model_freq.model_freq.0.bias  |     64     |
|  nm.model_freq.model_all.0.weight |   20480    |
|   nm.model_freq.model_all.0.bias  |    128     |
|  nm.model_freq.model_all.2.weight |   92160    |
|   nm.model_freq.model_all.2.bias  |    720     |
| nm.model_pred.model_freq.0.weight |   24576    |
|  nm.model_pred.model_freq.0.bias  |    256     |
|  nm.model_pred.model_all.0.weight |   180224   |
|   nm.model_pred.model_all.0.bias  |    512     |
|  nm.model_pred.model_all.2.weight |   368640   |
|   nm.model_pred.model_all.2.bias  |    720     |
+-----------------------------------+------------+
[2025-06-05 18:52:53] - Total Trainable Params: 834318
[2025-06-05 18:52:53] - model parameters: 834318
[2025-06-05 18:54:34] - Epoch: 1 cost time: 100.04256939888
[2025-06-05 18:54:34] - Traininng loss : 0.78701932355513
[2025-06-05 18:54:41] - vali_results: {'mae': 0.39271968603134155, 'mape': 1.8332091569900513, 'mse': 0.31008151173591614, 'rmse': 0.5568496584892273}
[2025-06-05 18:54:45] - test_results: {'mae': 0.2765201926231384, 'mape': 2.250486373901367, 'mse': 0.1439262479543686, 'rmse': 0.3793761432170868}
[2025-06-05 18:56:21] - Epoch: 2 cost time: 207.58187174797058
[2025-06-05 18:56:21] - Traininng loss : 0.7435539255466678
[2025-06-05 18:56:29] - vali_results: {'mae': 0.37977370619773865, 'mape': 1.9734286069869995, 'mse': 0.29974186420440674, 'rmse': 0.5474868416786194}
[2025-06-05 18:56:33] - test_results: {'mae': 0.2686915993690491, 'mape': 2.4708032608032227, 'mse': 0.14007724821567535, 'rmse': 0.37426894903182983}
[2025-06-05 18:58:10] - Epoch: 3 cost time: 316.7100555896759
[2025-06-05 18:58:10] - Traininng loss : 0.7370524064670649
[2025-06-05 18:58:18] - vali_results: {'mae': 0.39872050285339355, 'mape': 1.8796743154525757, 'mse': 0.31771227717399597, 'rmse': 0.5636597275733948}
[2025-06-05 18:58:22] - test_results: {'mae': 0.28011301159858704, 'mape': 2.401407241821289, 'mse': 0.1456783264875412, 'rmse': 0.3816783130168915}
[2025-06-05 18:59:59] - Epoch: 4 cost time: 425.99840807914734
[2025-06-05 18:59:59] - Traininng loss : 0.7332406118760671
[2025-06-05 19:00:07] - vali_results: {'mae': 0.3820595145225525, 'mape': 1.9675155878067017, 'mse': 0.30223414301872253, 'rmse': 0.54975825548172}
[2025-06-05 19:00:11] - test_results: {'mae': 0.2691251039505005, 'mape': 2.4318361282348633, 'mse': 0.14054405689239502, 'rmse': 0.37489205598831177}
[2025-06-05 19:01:47] - Epoch: 5 cost time: 533.7971642017365
[2025-06-05 19:01:47] - Traininng loss : 0.7307074916529767
[2025-06-05 19:01:54] - vali_results: {'mae': 0.3708181083202362, 'mape': 2.048194646835327, 'mse': 0.2910326421260834, 'rmse': 0.5394744277000427}
[2025-06-05 19:01:59] - test_results: {'mae': 0.2644973695278168, 'mape': 2.513788938522339, 'mse': 0.13948045670986176, 'rmse': 0.37347081303596497}
[2025-06-05 19:03:37] - Epoch: 6 cost time: 643.2272601127625
[2025-06-05 19:03:37] - Traininng loss : 0.7272568905329688
[2025-06-05 19:03:44] - vali_results: {'mae': 0.39236894249916077, 'mape': 1.8540425300598145, 'mse': 0.31293419003486633, 'rmse': 0.5594052076339722}
[2025-06-05 19:03:48] - test_results: {'mae': 0.2746832072734833, 'mape': 2.391166925430298, 'mse': 0.14284375309944153, 'rmse': 0.37794676423072815}
[2025-06-05 19:05:28] - Epoch: 7 cost time: 754.2709918022156
[2025-06-05 19:05:28] - Traininng loss : 0.7255629902286796
[2025-06-05 19:05:36] - vali_results: {'mae': 0.3875769078731537, 'mape': 1.861865758895874, 'mse': 0.30572831630706787, 'rmse': 0.5529270172119141}
[2025-06-05 19:05:40] - test_results: {'mae': 0.27123478055000305, 'mape': 2.367210865020752, 'mse': 0.14071914553642273, 'rmse': 0.3751254975795746}
[2025-06-05 19:07:16] - Epoch: 8 cost time: 862.5922448635101
[2025-06-05 19:07:16] - Traininng loss : 0.7230706239160177
[2025-06-05 19:07:24] - vali_results: {'mae': 0.3969042897224426, 'mape': 1.823728322982788, 'mse': 0.3163914084434509, 'rmse': 0.5624868273735046}
[2025-06-05 19:07:28] - test_results: {'mae': 0.27770450711250305, 'mape': 2.293229818344116, 'mse': 0.14479497075080872, 'rmse': 0.3805193305015564}
[2025-06-05 19:09:08] - Epoch: 9 cost time: 974.4522762298584
[2025-06-05 19:09:08] - Traininng loss : 0.7209089227403459
[2025-06-05 19:09:16] - vali_results: {'mae': 0.38040605187416077, 'mape': 1.9176135063171387, 'mse': 0.30017343163490295, 'rmse': 0.5478808283805847}
[2025-06-05 19:09:20] - test_results: {'mae': 0.2683067321777344, 'mape': 2.412458658218384, 'mse': 0.14059361815452576, 'rmse': 0.3749581575393677}
[2025-06-05 19:11:01] - Epoch: 10 cost time: 1087.9620513916016
[2025-06-05 19:11:01] - Traininng loss : 0.7199014275769061
[2025-06-05 19:11:10] - vali_results: {'mae': 0.3863728642463684, 'mape': 1.908477544784546, 'mse': 0.30885329842567444, 'rmse': 0.5557457208633423}
[2025-06-05 19:11:14] - test_results: {'mae': 0.2713126242160797, 'mape': 2.4535093307495117, 'mse': 0.142062708735466, 'rmse': 0.37691205739974976}
[2025-06-05 19:11:14] - loss no decreased for 5 epochs,  early stopping ....
[2025-06-05 19:11:18] - test_results: {'mae': 0.2644973695278168, 'mape': 2.513788938522339, 'mse': 0.13948045670986176, 'rmse': 0.37347081303596497}
