[2025-06-05 00:39:30] - run : 0 in seed: 2
[2025-06-05 00:39:30] - +-----------------------------------+------------+
|              Modules              | Parameters |
+-----------------------------------+------------+
|     fm.Linear_Seasonal.weight     |   32256    |
|      fm.Linear_Seasonal.bias      |    336     |
|       fm.Linear_Trend.weight      |   32256    |
|        fm.Linear_Trend.bias       |    336     |
|             nm.weight             |     14     |
| nm.model_freq.model_freq.0.weight |    6144    |
|  nm.model_freq.model_freq.0.bias  |     64     |
|  nm.model_freq.model_all.0.weight |   20480    |
|   nm.model_freq.model_all.0.bias  |    128     |
|  nm.model_freq.model_all.2.weight |   43008    |
|   nm.model_freq.model_all.2.bias  |    336     |
| nm.model_pred.model_freq.0.weight |   24576    |
|  nm.model_pred.model_freq.0.bias  |    256     |
|  nm.model_pred.model_all.0.weight |   180224   |
|   nm.model_pred.model_all.0.bias  |    512     |
|  nm.model_pred.model_all.2.weight |   172032   |
|   nm.model_pred.model_all.2.bias  |    336     |
+-----------------------------------+------------+
[2025-06-05 00:39:30] - Total Trainable Params: 513294
[2025-06-05 00:39:30] - model parameters: 513294
[2025-06-05 00:39:47] - Epoch: 1 cost time: 16.310696363449097
[2025-06-05 00:39:47] - Traininng loss : 1.222752402981986
[2025-06-05 00:39:48] - vali_results: {'mae': 0.4889582395553589, 'mape': 6.3201093673706055, 'mse': 0.48088499903678894, 'rmse': 0.6934587359428406}
[2025-06-05 00:39:49] - test_results: {'mae': 0.4968240559101105, 'mape': 6.672634601593018, 'mse': 0.4579922556877136, 'rmse': 0.6767512559890747}
[2025-06-05 00:40:06] - Epoch: 2 cost time: 35.36054229736328
[2025-06-05 00:40:06] - Traininng loss : 1.0870033671026644
[2025-06-05 00:40:08] - vali_results: {'mae': 0.4789282977581024, 'mape': 6.1660261154174805, 'mse': 0.47468313574790955, 'rmse': 0.688972532749176}
[2025-06-05 00:40:09] - test_results: {'mae': 0.4966963231563568, 'mape': 6.1648030281066895, 'mse': 0.459748238325119, 'rmse': 0.6780473589897156}
[2025-06-05 00:40:25] - Epoch: 3 cost time: 54.49583578109741
[2025-06-05 00:40:25] - Traininng loss : 1.0739937665993753
[2025-06-05 00:40:27] - vali_results: {'mae': 0.47951385378837585, 'mape': 6.333132266998291, 'mse': 0.47296854853630066, 'rmse': 0.6877270936965942}
[2025-06-05 00:40:28] - test_results: {'mae': 0.49259713292121887, 'mape': 6.481997966766357, 'mse': 0.4535251259803772, 'rmse': 0.6734427213668823}
[2025-06-05 00:40:44] - Epoch: 4 cost time: 73.7839686870575
[2025-06-05 00:40:44] - Traininng loss : 1.066459198846765
[2025-06-05 00:40:46] - vali_results: {'mae': 0.4782569408416748, 'mape': 6.223870754241943, 'mse': 0.4694339632987976, 'rmse': 0.685152530670166}
[2025-06-05 00:40:47] - test_results: {'mae': 0.4875766634941101, 'mape': 6.3043904304504395, 'mse': 0.44655632972717285, 'rmse': 0.66824871301651}
[2025-06-05 00:41:03] - Epoch: 5 cost time: 92.74173069000244
[2025-06-05 00:41:03] - Traininng loss : 1.0600462184975976
[2025-06-05 00:41:05] - vali_results: {'mae': 0.47831976413726807, 'mape': 6.253688812255859, 'mse': 0.47068706154823303, 'rmse': 0.6860663890838623}
[2025-06-05 00:41:06] - test_results: {'mae': 0.483169287443161, 'mape': 6.251162052154541, 'mse': 0.441074401140213, 'rmse': 0.6641343235969543}
[2025-06-05 00:41:22] - Epoch: 6 cost time: 111.92191767692566
[2025-06-05 00:41:22] - Traininng loss : 1.0565135229540907
[2025-06-05 00:41:24] - vali_results: {'mae': 0.47847825288772583, 'mape': 6.306845664978027, 'mse': 0.46902260184288025, 'rmse': 0.6848522424697876}
[2025-06-05 00:41:25] - test_results: {'mae': 0.4855635166168213, 'mape': 6.52927303314209, 'mse': 0.44379037618637085, 'rmse': 0.6661759614944458}
[2025-06-05 00:41:41] - Epoch: 7 cost time: 130.76349449157715
[2025-06-05 00:41:41] - Traininng loss : 1.0542723231989404
[2025-06-05 00:41:43] - vali_results: {'mae': 0.4779878556728363, 'mape': 6.165048599243164, 'mse': 0.47357937693595886, 'rmse': 0.6881710290908813}
[2025-06-05 00:41:44] - test_results: {'mae': 0.5008326768875122, 'mape': 6.031744003295898, 'mse': 0.46385592222213745, 'rmse': 0.6810696721076965}
[2025-06-05 00:42:00] - Epoch: 8 cost time: 149.7731580734253
[2025-06-05 00:42:00] - Traininng loss : 1.0501633064578408
[2025-06-05 00:42:02] - vali_results: {'mae': 0.47608813643455505, 'mape': 6.369502544403076, 'mse': 0.4683741331100464, 'rmse': 0.6843786239624023}
[2025-06-05 00:42:03] - test_results: {'mae': 0.48990681767463684, 'mape': 6.374146461486816, 'mse': 0.44937554001808167, 'rmse': 0.6703547835350037}
[2025-06-05 00:42:20] - Epoch: 9 cost time: 169.18478107452393
[2025-06-05 00:42:20] - Traininng loss : 1.0462020065473474
[2025-06-05 00:42:22] - vali_results: {'mae': 0.4778233766555786, 'mape': 6.261194705963135, 'mse': 0.46988803148269653, 'rmse': 0.6854838132858276}
[2025-06-05 00:42:23] - test_results: {'mae': 0.48703521490097046, 'mape': 6.123119831085205, 'mse': 0.44516974687576294, 'rmse': 0.6672104001045227}
[2025-06-05 00:42:39] - Epoch: 10 cost time: 188.53074741363525
[2025-06-05 00:42:39] - Traininng loss : 1.0439825934236464
[2025-06-05 00:42:41] - vali_results: {'mae': 0.4807455837726593, 'mape': 6.184792995452881, 'mse': 0.473132461309433, 'rmse': 0.6878462433815002}
[2025-06-05 00:42:42] - test_results: {'mae': 0.49267664551734924, 'mape': 5.942592620849609, 'mse': 0.4514264464378357, 'rmse': 0.6718827486038208}
[2025-06-05 00:42:58] - Epoch: 11 cost time: 207.59326004981995
[2025-06-05 00:42:58] - Traininng loss : 1.042013984821413
[2025-06-05 00:43:00] - vali_results: {'mae': 0.4826752841472626, 'mape': 6.316973686218262, 'mse': 0.4753325283527374, 'rmse': 0.6894436478614807}
[2025-06-05 00:43:01] - test_results: {'mae': 0.48645883798599243, 'mape': 6.1885085105896, 'mse': 0.4434029459953308, 'rmse': 0.6658850908279419}
[2025-06-05 00:43:17] - Epoch: 12 cost time: 226.96566605567932
[2025-06-05 00:43:17] - Traininng loss : 1.039935468169658
[2025-06-05 00:43:19] - vali_results: {'mae': 0.477001816034317, 'mape': 6.342598915100098, 'mse': 0.46993541717529297, 'rmse': 0.6855183839797974}
[2025-06-05 00:43:20] - test_results: {'mae': 0.4856273829936981, 'mape': 6.2133870124816895, 'mse': 0.4434847831726074, 'rmse': 0.6659465432167053}
[2025-06-05 00:43:36] - Epoch: 13 cost time: 245.98543667793274
[2025-06-05 00:43:36] - Traininng loss : 1.0369025789525197
[2025-06-05 00:43:38] - vali_results: {'mae': 0.47789493203163147, 'mape': 6.196975231170654, 'mse': 0.47083473205566406, 'rmse': 0.6861739754676819}
[2025-06-05 00:43:39] - test_results: {'mae': 0.4999515116214752, 'mape': 5.7973713874816895, 'mse': 0.4617038369178772, 'rmse': 0.679487943649292}
[2025-06-05 00:43:39] - loss no decreased for 5 epochs,  early stopping ....
[2025-06-05 00:43:40] - test_results: {'mae': 0.48990681767463684, 'mape': 6.374146461486816, 'mse': 0.44937554001808167, 'rmse': 0.6703547835350037}
