[2025-05-28 19:07:07] - run : 0 in seed: 1
[2025-05-28 19:07:07] - +-----------------------------------+------------+
|              Modules              | Parameters |
+-----------------------------------+------------+
|     fm.Linear_Seasonal.weight     |   16128    |
|      fm.Linear_Seasonal.bias      |    168     |
|       fm.Linear_Trend.weight      |   16128    |
|        fm.Linear_Trend.bias       |    168     |
|             nm.weight             |     14     |
| nm.model_freq.model_freq.0.weight |    6144    |
|  nm.model_freq.model_freq.0.bias  |     64     |
|  nm.model_freq.model_all.0.weight |   20480    |
|   nm.model_freq.model_all.0.bias  |    128     |
|  nm.model_freq.model_all.2.weight |   21504    |
|   nm.model_freq.model_all.2.bias  |    168     |
| nm.model_pred.model_freq.0.weight |   24576    |
|  nm.model_pred.model_freq.0.bias  |    256     |
|  nm.model_pred.model_all.0.weight |   180224   |
|   nm.model_pred.model_all.0.bias  |    512     |
|  nm.model_pred.model_all.2.weight |   86016    |
|   nm.model_pred.model_all.2.bias  |    168     |
+-----------------------------------+------------+
[2025-05-28 19:07:07] - Total Trainable Params: 372846
[2025-05-28 19:07:07] - model parameters: 372846
[2025-05-28 19:07:55] - Epoch: 1 cost time: 47.67379307746887
[2025-05-28 19:07:55] - Traininng loss : 0.44673534110925195
[2025-05-28 19:08:01] - vali_results: {'mae': 0.2922503352165222, 'mape': 1.7959448099136353, 'mse': 0.19353294372558594, 'rmse': 0.43992379307746887}
[2025-05-28 19:08:05] - test_results: {'mae': 0.22316689789295197, 'mape': 2.2095463275909424, 'mse': 0.09656470268964767, 'rmse': 0.3107486069202423}
[2025-05-28 19:08:54] - Epoch: 2 cost time: 106.58561110496521
[2025-05-28 19:08:54] - Traininng loss : 0.39681885795681276
[2025-05-28 19:09:00] - vali_results: {'mae': 0.29458701610565186, 'mape': 1.701694130897522, 'mse': 0.19210371375083923, 'rmse': 0.438296377658844}
[2025-05-28 19:09:04] - test_results: {'mae': 0.22216102480888367, 'mape': 2.1501400470733643, 'mse': 0.09475813806056976, 'rmse': 0.3078280985355377}
[2025-05-28 19:09:51] - Epoch: 3 cost time: 164.13607597351074
[2025-05-28 19:09:51] - Traininng loss : 0.3908934552829047
[2025-05-28 19:09:58] - vali_results: {'mae': 0.3053528070449829, 'mape': 1.6100727319717407, 'mse': 0.19802527129650116, 'rmse': 0.4450002908706665}
[2025-05-28 19:10:02] - test_results: {'mae': 0.2258942574262619, 'mape': 2.0372705459594727, 'mse': 0.09561717510223389, 'rmse': 0.3092202842235565}
[2025-05-28 19:10:49] - Epoch: 4 cost time: 222.27605748176575
[2025-05-28 19:10:49] - Traininng loss : 0.38696798346273664
[2025-05-28 19:10:56] - vali_results: {'mae': 0.2926776111125946, 'mape': 1.7085282802581787, 'mse': 0.18983042240142822, 'rmse': 0.4356953203678131}
[2025-05-28 19:11:00] - test_results: {'mae': 0.2209106981754303, 'mape': 2.138308048248291, 'mse': 0.09369678050279617, 'rmse': 0.3060992956161499}
[2025-05-28 19:11:47] - Epoch: 5 cost time: 280.06759881973267
[2025-05-28 19:11:47] - Traininng loss : 0.3852233193721438
[2025-05-28 19:11:54] - vali_results: {'mae': 0.29098257422447205, 'mape': 1.7842694520950317, 'mse': 0.1888258308172226, 'rmse': 0.4345409572124481}
[2025-05-28 19:11:58] - test_results: {'mae': 0.2208852916955948, 'mape': 2.2368297576904297, 'mse': 0.09418261796236038, 'rmse': 0.30689185857772827}
[2025-05-28 19:12:45] - Epoch: 6 cost time: 338.00907611846924
[2025-05-28 19:12:45] - Traininng loss : 0.38289464209609386
[2025-05-28 19:12:52] - vali_results: {'mae': 0.2891542315483093, 'mape': 1.7203247547149658, 'mse': 0.18849962949752808, 'rmse': 0.43416544795036316}
[2025-05-28 19:12:56] - test_results: {'mae': 0.21852287650108337, 'mape': 2.1751668453216553, 'mse': 0.09286567568778992, 'rmse': 0.30473870038986206}
[2025-05-28 19:13:43] - Epoch: 7 cost time: 396.05787658691406
[2025-05-28 19:13:43] - Traininng loss : 0.38223511892160306
[2025-05-28 19:13:50] - vali_results: {'mae': 0.28700512647628784, 'mape': 1.7410746812820435, 'mse': 0.18630020320415497, 'rmse': 0.4316250681877136}
[2025-05-28 19:13:54] - test_results: {'mae': 0.21830318868160248, 'mape': 2.192406177520752, 'mse': 0.09262928366661072, 'rmse': 0.3043505847454071}
[2025-05-28 19:14:42] - Epoch: 8 cost time: 455.0454354286194
[2025-05-28 19:14:42] - Traininng loss : 0.38056022116402377
[2025-05-28 19:14:49] - vali_results: {'mae': 0.28946971893310547, 'mape': 1.7424160242080688, 'mse': 0.1887054592370987, 'rmse': 0.4344024062156677}
[2025-05-28 19:14:52] - test_results: {'mae': 0.2193244993686676, 'mape': 2.173135757446289, 'mse': 0.09336460381746292, 'rmse': 0.30555620789527893}
[2025-05-28 19:15:39] - Epoch: 9 cost time: 512.2184612751007
[2025-05-28 19:15:39] - Traininng loss : 0.3802344724781512
[2025-05-28 19:15:46] - vali_results: {'mae': 0.3032900393009186, 'mape': 1.6440961360931396, 'mse': 0.19696016609668732, 'rmse': 0.4438019394874573}
[2025-05-28 19:15:50] - test_results: {'mae': 0.22464697062969208, 'mape': 2.1237807273864746, 'mse': 0.0949564203619957, 'rmse': 0.3081499934196472}
[2025-05-28 19:16:37] - Epoch: 10 cost time: 570.0969657897949
[2025-05-28 19:16:37] - Traininng loss : 0.37942742452212047
[2025-05-28 19:16:44] - vali_results: {'mae': 0.2893691062927246, 'mape': 1.765025019645691, 'mse': 0.18922437727451324, 'rmse': 0.4349992871284485}
[2025-05-28 19:16:48] - test_results: {'mae': 0.22048364579677582, 'mape': 2.2633156776428223, 'mse': 0.09440986067056656, 'rmse': 0.3072618842124939}
[2025-05-28 19:17:36] - Epoch: 11 cost time: 628.5644280910492
[2025-05-28 19:17:36] - Traininng loss : 0.37890856876605894
[2025-05-28 19:17:42] - vali_results: {'mae': 0.2995958626270294, 'mape': 1.6384873390197754, 'mse': 0.19119524955749512, 'rmse': 0.437258780002594}
[2025-05-28 19:17:46] - test_results: {'mae': 0.2240401655435562, 'mape': 2.016819477081299, 'mse': 0.09474417567253113, 'rmse': 0.3078054189682007}
[2025-05-28 19:18:33] - Epoch: 12 cost time: 685.9588692188263
[2025-05-28 19:18:33] - Traininng loss : 0.37847927529008746
[2025-05-28 19:18:40] - vali_results: {'mae': 0.2882317304611206, 'mape': 1.7102433443069458, 'mse': 0.1862887144088745, 'rmse': 0.4316117763519287}
[2025-05-28 19:18:43] - test_results: {'mae': 0.2197788506746292, 'mape': 2.132233142852783, 'mse': 0.09339861571788788, 'rmse': 0.30561187863349915}
[2025-05-28 19:19:30] - Epoch: 13 cost time: 743.3827128410339
[2025-05-28 19:19:30] - Traininng loss : 0.37799359454319675
[2025-05-28 19:19:37] - vali_results: {'mae': 0.28778427839279175, 'mape': 1.6756036281585693, 'mse': 0.18651071190834045, 'rmse': 0.43186885118484497}
[2025-05-28 19:19:41] - test_results: {'mae': 0.2178688496351242, 'mape': 2.1274850368499756, 'mse': 0.09216217696666718, 'rmse': 0.30358225107192993}
[2025-05-28 19:20:28] - Epoch: 14 cost time: 800.885758638382
[2025-05-28 19:20:28] - Traininng loss : 0.3775852549484708
[2025-05-28 19:20:34] - vali_results: {'mae': 0.2865200340747833, 'mape': 1.7431343793869019, 'mse': 0.18449541926383972, 'rmse': 0.4295293092727661}
[2025-05-28 19:20:38] - test_results: {'mae': 0.2189818173646927, 'mape': 2.147700309753418, 'mse': 0.0931130051612854, 'rmse': 0.3051442503929138}
[2025-05-28 19:21:26] - Epoch: 15 cost time: 858.5528221130371
[2025-05-28 19:21:26] - Traininng loss : 0.3772042241922396
[2025-05-28 19:21:32] - vali_results: {'mae': 0.29396894574165344, 'mape': 1.6435325145721436, 'mse': 0.18922759592533112, 'rmse': 0.43500298261642456}
[2025-05-28 19:21:36] - test_results: {'mae': 0.2209501713514328, 'mape': 2.0723416805267334, 'mse': 0.09336118400096893, 'rmse': 0.30555063486099243}
[2025-05-28 19:22:23] - Epoch: 16 cost time: 916.3650076389313
[2025-05-28 19:22:23] - Traininng loss : 0.37714590818848986
[2025-05-28 19:22:30] - vali_results: {'mae': 0.2931485176086426, 'mape': 1.643141508102417, 'mse': 0.18780232965946198, 'rmse': 0.43336164951324463}
[2025-05-28 19:22:34] - test_results: {'mae': 0.22031666338443756, 'mape': 2.04697585105896, 'mse': 0.09287789463996887, 'rmse': 0.304758757352829}
[2025-05-28 19:23:20] - Epoch: 17 cost time: 972.9765305519104
[2025-05-28 19:23:20] - Traininng loss : 0.3770823521231379
[2025-05-28 19:23:26] - vali_results: {'mae': 0.2918175160884857, 'mape': 1.6642478704452515, 'mse': 0.190313458442688, 'rmse': 0.436249315738678}
[2025-05-28 19:23:30] - test_results: {'mae': 0.2191762924194336, 'mape': 2.116732358932495, 'mse': 0.09288498014211655, 'rmse': 0.3047703802585602}
[2025-05-28 19:24:17] - Epoch: 18 cost time: 1030.0035359859467
[2025-05-28 19:24:17] - Traininng loss : 0.37631086921644746
[2025-05-28 19:24:24] - vali_results: {'mae': 0.28701645135879517, 'mape': 1.6978243589401245, 'mse': 0.18575115501880646, 'rmse': 0.4309885799884796}
[2025-05-28 19:24:27] - test_results: {'mae': 0.2175581306219101, 'mape': 2.141507863998413, 'mse': 0.09192594885826111, 'rmse': 0.3031929135322571}
[2025-05-28 19:25:15] - Epoch: 19 cost time: 1087.5411632061005
[2025-05-28 19:25:15] - Traininng loss : 0.3758749724436372
[2025-05-28 19:25:22] - vali_results: {'mae': 0.28562426567077637, 'mape': 1.7267959117889404, 'mse': 0.1862623542547226, 'rmse': 0.4315812289714813}
[2025-05-28 19:25:25] - test_results: {'mae': 0.21748225390911102, 'mape': 2.195991039276123, 'mse': 0.09260616451501846, 'rmse': 0.3043126165866852}
[2025-05-28 19:25:25] - loss no decreased for 5 epochs,  early stopping ....
[2025-05-28 19:25:29] - test_results: {'mae': 0.2189818173646927, 'mape': 2.147700309753418, 'mse': 0.0931130051612854, 'rmse': 0.3051442503929138}
