[2025-06-04 23:36:32] - run : 4 in seed: 5
[2025-06-04 23:36:32] - +-----------------------------------+------------+
|              Modules              | Parameters |
+-----------------------------------+------------+
|     fm.Linear_Seasonal.weight     |   69120    |
|      fm.Linear_Seasonal.bias      |    720     |
|       fm.Linear_Trend.weight      |   69120    |
|        fm.Linear_Trend.bias       |    720     |
|             nm.weight             |     16     |
| nm.model_freq.model_freq.0.weight |    6144    |
|  nm.model_freq.model_freq.0.bias  |     64     |
|  nm.model_freq.model_all.0.weight |   20480    |
|   nm.model_freq.model_all.0.bias  |    128     |
|  nm.model_freq.model_all.2.weight |   92160    |
|   nm.model_freq.model_all.2.bias  |    720     |
| nm.model_pred.model_freq.0.weight |   24576    |
|  nm.model_pred.model_freq.0.bias  |    256     |
|  nm.model_pred.model_all.0.weight |   180224   |
|   nm.model_pred.model_all.0.bias  |    512     |
|  nm.model_pred.model_all.2.weight |   368640   |
|   nm.model_pred.model_all.2.bias  |    720     |
+-----------------------------------+------------+
[2025-06-04 23:36:32] - Total Trainable Params: 834320
[2025-06-04 23:36:32] - model parameters: 834320
[2025-06-04 23:36:41] - Epoch: 1 cost time: 9.356659173965454
[2025-06-04 23:36:41] - Traininng loss : 0.9675208165290508
[2025-06-04 23:36:42] - vali_results: {'mae': 0.7961591482162476, 'mape': 0.9837051630020142, 'mse': 0.9261448979377747, 'rmse': 0.9623641967773438}
[2025-06-04 23:36:42] - test_results: {'mae': 0.44025206565856934, 'mape': 2.6529016494750977, 'mse': 0.33090710639953613, 'rmse': 0.5752452611923218}
[2025-06-04 23:36:52] - Epoch: 2 cost time: 19.631531715393066
[2025-06-04 23:36:52] - Traininng loss : 0.8159683448203067
[2025-06-04 23:36:52] - vali_results: {'mae': 0.790981650352478, 'mape': 0.9880155920982361, 'mse': 0.9344034194946289, 'rmse': 0.9666454195976257}
[2025-06-04 23:36:53] - test_results: {'mae': 0.4357503056526184, 'mape': 2.7438647747039795, 'mse': 0.3242199420928955, 'rmse': 0.5694031715393066}
[2025-06-04 23:37:02] - Epoch: 3 cost time: 29.984389066696167
[2025-06-04 23:37:02] - Traininng loss : 0.800154575219391
[2025-06-04 23:37:03] - vali_results: {'mae': 0.7661551833152771, 'mape': 0.9528396725654602, 'mse': 0.863666296005249, 'rmse': 0.9293364882469177}
[2025-06-04 23:37:03] - test_results: {'mae': 0.41559430956840515, 'mape': 2.6737899780273438, 'mse': 0.2990133762359619, 'rmse': 0.5468211770057678}
[2025-06-04 23:37:13] - Epoch: 4 cost time: 40.51494598388672
[2025-06-04 23:37:13] - Traininng loss : 0.7930761956154032
[2025-06-04 23:37:13] - vali_results: {'mae': 0.8105795383453369, 'mape': 0.9921953082084656, 'mse': 0.9488945603370667, 'rmse': 0.9741122126579285}
[2025-06-04 23:37:14] - test_results: {'mae': 0.42248600721359253, 'mape': 2.568695545196533, 'mse': 0.3085707724094391, 'rmse': 0.5554914474487305}
[2025-06-04 23:37:23] - Epoch: 5 cost time: 51.23458957672119
[2025-06-04 23:37:23] - Traininng loss : 0.7871473452723619
[2025-06-04 23:37:24] - vali_results: {'mae': 0.7937582731246948, 'mape': 0.959465503692627, 'mse': 0.908584475517273, 'rmse': 0.9531970024108887}
[2025-06-04 23:37:24] - test_results: {'mae': 0.4145318269729614, 'mape': 2.5440993309020996, 'mse': 0.2984755337238312, 'rmse': 0.546329140663147}
[2025-06-04 23:37:34] - Epoch: 6 cost time: 61.862842321395874
[2025-06-04 23:37:34] - Traininng loss : 0.7817584563654365
[2025-06-04 23:37:35] - vali_results: {'mae': 0.7709668874740601, 'mape': 0.9385486245155334, 'mse': 0.8549761772155762, 'rmse': 0.9246492385864258}
[2025-06-04 23:37:35] - test_results: {'mae': 0.40132418274879456, 'mape': 2.5106894969940186, 'mse': 0.2864585220813751, 'rmse': 0.5352181792259216}
[2025-06-04 23:37:44] - Epoch: 7 cost time: 72.35266327857971
[2025-06-04 23:37:44] - Traininng loss : 0.7764907961196088
[2025-06-04 23:37:45] - vali_results: {'mae': 0.7533924579620361, 'mape': 0.9512458443641663, 'mse': 0.8114317655563354, 'rmse': 0.9007951021194458}
[2025-06-04 23:37:45] - test_results: {'mae': 0.40016424655914307, 'mape': 2.629608392715454, 'mse': 0.2821047604084015, 'rmse': 0.5311353206634521}
[2025-06-04 23:37:55] - Epoch: 8 cost time: 82.53474378585815
[2025-06-04 23:37:55] - Traininng loss : 0.7734102670182573
[2025-06-04 23:37:55] - vali_results: {'mae': 0.7519583702087402, 'mape': 0.9180342555046082, 'mse': 0.838935375213623, 'rmse': 0.915934145450592}
[2025-06-04 23:37:56] - test_results: {'mae': 0.41129034757614136, 'mape': 2.7587504386901855, 'mse': 0.299259215593338, 'rmse': 0.547045886516571}
[2025-06-04 23:38:05] - Epoch: 9 cost time: 92.87529850006104
[2025-06-04 23:38:05] - Traininng loss : 0.770676407830935
[2025-06-04 23:38:06] - vali_results: {'mae': 0.7710303068161011, 'mape': 0.9750431776046753, 'mse': 0.8843514323234558, 'rmse': 0.9403995871543884}
[2025-06-04 23:38:06] - test_results: {'mae': 0.40558287501335144, 'mape': 2.6576290130615234, 'mse': 0.28949326276779175, 'rmse': 0.5380457639694214}
[2025-06-04 23:38:16] - Epoch: 10 cost time: 103.47765731811523
[2025-06-04 23:38:16] - Traininng loss : 0.7677341522054469
[2025-06-04 23:38:16] - vali_results: {'mae': 0.6629588007926941, 'mape': 0.8706536889076233, 'mse': 0.6689000129699707, 'rmse': 0.8178631067276001}
[2025-06-04 23:38:17] - test_results: {'mae': 0.4035646319389343, 'mape': 3.1508572101593018, 'mse': 0.29135861992836, 'rmse': 0.5397764444351196}
[2025-06-04 23:38:26] - Epoch: 11 cost time: 113.96659564971924
[2025-06-04 23:38:26] - Traininng loss : 0.7632234565755154
[2025-06-04 23:38:27] - vali_results: {'mae': 0.7757954001426697, 'mape': 0.9113078117370605, 'mse': 0.8808079361915588, 'rmse': 0.9385136961936951}
[2025-06-04 23:38:27] - test_results: {'mae': 0.39859938621520996, 'mape': 2.579883098602295, 'mse': 0.2881450951099396, 'rmse': 0.5367915034294128}
[2025-06-04 23:38:37] - Epoch: 12 cost time: 124.59713745117188
[2025-06-04 23:38:37] - Traininng loss : 0.7614527742067972
[2025-06-04 23:38:37] - vali_results: {'mae': 0.7260996103286743, 'mape': 0.8953628540039062, 'mse': 0.7917697429656982, 'rmse': 0.8898144364356995}
[2025-06-04 23:38:38] - test_results: {'mae': 0.41967564821243286, 'mape': 3.1311826705932617, 'mse': 0.30702105164527893, 'rmse': 0.5540947914123535}
[2025-06-04 23:38:47] - Epoch: 13 cost time: 134.94726252555847
[2025-06-04 23:38:47] - Traininng loss : 0.7599648993911473
[2025-06-04 23:38:48] - vali_results: {'mae': 0.700383722782135, 'mape': 0.8828206062316895, 'mse': 0.747633159160614, 'rmse': 0.8646578192710876}
[2025-06-04 23:38:48] - test_results: {'mae': 0.39704352617263794, 'mape': 2.948131799697876, 'mse': 0.28468057513237, 'rmse': 0.5335546731948853}
[2025-06-04 23:38:58] - Epoch: 14 cost time: 145.50314092636108
[2025-06-04 23:38:58] - Traininng loss : 0.7569559681500103
[2025-06-04 23:38:58] - vali_results: {'mae': 0.762647807598114, 'mape': 0.9404434561729431, 'mse': 0.8801330327987671, 'rmse': 0.9381540417671204}
[2025-06-04 23:38:59] - test_results: {'mae': 0.418224036693573, 'mape': 3.0123515129089355, 'mse': 0.3077353239059448, 'rmse': 0.5547389984130859}
[2025-06-04 23:39:08] - Epoch: 15 cost time: 156.03014755249023
[2025-06-04 23:39:08] - Traininng loss : 0.7541260135934708
[2025-06-04 23:39:09] - vali_results: {'mae': 0.7907720804214478, 'mape': 0.9567129611968994, 'mse': 0.9229342937469482, 'rmse': 0.9606946706771851}
[2025-06-04 23:39:09] - test_results: {'mae': 0.4091843068599701, 'mape': 2.7677628993988037, 'mse': 0.3001521825790405, 'rmse': 0.5478614568710327}
[2025-06-04 23:39:09] - loss no decreased for 5 epochs,  early stopping ....
[2025-06-04 23:39:09] - test_results: {'mae': 0.4035646319389343, 'mape': 3.1508572101593018, 'mse': 0.29135861992836, 'rmse': 0.5397764444351196}
