[2025-06-04 23:11:14] - run : 1 in seed: 2
[2025-06-04 23:11:14] - +-----------------------------------+------------+
|              Modules              | Parameters |
+-----------------------------------+------------+
|     fm.Linear_Seasonal.weight     |   16128    |
|      fm.Linear_Seasonal.bias      |    168     |
|       fm.Linear_Trend.weight      |   16128    |
|        fm.Linear_Trend.bias       |    168     |
|             nm.weight             |     16     |
| nm.model_freq.model_freq.0.weight |    6144    |
|  nm.model_freq.model_freq.0.bias  |     64     |
|  nm.model_freq.model_all.0.weight |   20480    |
|   nm.model_freq.model_all.0.bias  |    128     |
|  nm.model_freq.model_all.2.weight |   21504    |
|   nm.model_freq.model_all.2.bias  |    168     |
| nm.model_pred.model_freq.0.weight |   24576    |
|  nm.model_pred.model_freq.0.bias  |    256     |
|  nm.model_pred.model_all.0.weight |   180224   |
|   nm.model_pred.model_all.0.bias  |    512     |
|  nm.model_pred.model_all.2.weight |   86016    |
|   nm.model_pred.model_all.2.bias  |    168     |
+-----------------------------------+------------+
[2025-06-04 23:11:14] - Total Trainable Params: 372848
[2025-06-04 23:11:14] - model parameters: 372848
[2025-06-04 23:11:19] - Epoch: 1 cost time: 5.058569669723511
[2025-06-04 23:11:19] - Traininng loss : 0.5048497954878626
[2025-06-04 23:11:20] - vali_results: {'mae': 0.32891497015953064, 'mape': 0.6573694944381714, 'mse': 0.17969554662704468, 'rmse': 0.4239051043987274}
[2025-06-04 23:11:21] - test_results: {'mae': 0.2275853306055069, 'mape': 1.4493321180343628, 'mse': 0.09457854181528091, 'rmse': 0.307536244392395}
[2025-06-04 23:11:26] - Epoch: 2 cost time: 11.578624963760376
[2025-06-04 23:11:26] - Traininng loss : 0.30119398858728286
[2025-06-04 23:11:26] - vali_results: {'mae': 0.33937013149261475, 'mape': 0.6397038102149963, 'mse': 0.19316460192203522, 'rmse': 0.4395049512386322}
[2025-06-04 23:11:27] - test_results: {'mae': 0.2256823033094406, 'mape': 1.382562518119812, 'mse': 0.09374763816595078, 'rmse': 0.3061823546886444}
[2025-06-04 23:11:32] - Epoch: 3 cost time: 17.973380088806152
[2025-06-04 23:11:32] - Traininng loss : 0.29103818894187106
[2025-06-04 23:11:33] - vali_results: {'mae': 0.32001715898513794, 'mape': 0.649451494216919, 'mse': 0.1720248907804489, 'rmse': 0.4147588312625885}
[2025-06-04 23:11:33] - test_results: {'mae': 0.2198176085948944, 'mape': 1.420259714126587, 'mse': 0.08982176333665848, 'rmse': 0.29970279335975647}
[2025-06-04 23:11:39] - Epoch: 4 cost time: 24.511281967163086
[2025-06-04 23:11:39] - Traininng loss : 0.2868092539189737
[2025-06-04 23:11:40] - vali_results: {'mae': 0.3365069031715393, 'mape': 0.654160737991333, 'mse': 0.185551255941391, 'rmse': 0.4307565987110138}
[2025-06-04 23:11:40] - test_results: {'mae': 0.2210482656955719, 'mape': 1.4053353071212769, 'mse': 0.09003668278455734, 'rmse': 0.3000611364841461}
[2025-06-04 23:11:45] - Epoch: 5 cost time: 31.184942483901978
[2025-06-04 23:11:45] - Traininng loss : 0.28276789226109467
[2025-06-04 23:11:46] - vali_results: {'mae': 0.34556323289871216, 'mape': 0.6522597074508667, 'mse': 0.2053983062505722, 'rmse': 0.45320889353752136}
[2025-06-04 23:11:47] - test_results: {'mae': 0.22388093173503876, 'mape': 1.3859142065048218, 'mse': 0.09237499535083771, 'rmse': 0.3039325475692749}
[2025-06-04 23:11:52] - Epoch: 6 cost time: 37.60708427429199
[2025-06-04 23:11:52] - Traininng loss : 0.2800323089844064
[2025-06-04 23:11:52] - vali_results: {'mae': 0.34761449694633484, 'mape': 0.6760821342468262, 'mse': 0.21058152616024017, 'rmse': 0.4588916301727295}
[2025-06-04 23:11:53] - test_results: {'mae': 0.22336289286613464, 'mape': 1.408101201057434, 'mse': 0.09090481698513031, 'rmse': 0.3015042543411255}
[2025-06-04 23:11:58] - Epoch: 7 cost time: 44.030948877334595
[2025-06-04 23:11:58] - Traininng loss : 0.2798958434900151
[2025-06-04 23:11:59] - vali_results: {'mae': 0.3166556656360626, 'mape': 0.6568955183029175, 'mse': 0.17382413148880005, 'rmse': 0.4169222116470337}
[2025-06-04 23:11:59] - test_results: {'mae': 0.21606655418872833, 'mape': 1.4538285732269287, 'mse': 0.08670075237751007, 'rmse': 0.29444992542266846}
[2025-06-04 23:12:04] - Epoch: 8 cost time: 50.45305132865906
[2025-06-04 23:12:04] - Traininng loss : 0.2785890905917445
[2025-06-04 23:12:05] - vali_results: {'mae': 0.3300437331199646, 'mape': 0.6725897192955017, 'mse': 0.18717631697654724, 'rmse': 0.4326387941837311}
[2025-06-04 23:12:06] - test_results: {'mae': 0.21630194783210754, 'mape': 1.4444622993469238, 'mse': 0.0866137221455574, 'rmse': 0.2943021059036255}
[2025-06-04 23:12:06] - loss no decreased for 5 epochs,  early stopping ....
[2025-06-04 23:12:07] - test_results: {'mae': 0.2198176085948944, 'mape': 1.420259714126587, 'mse': 0.08982176333665848, 'rmse': 0.29970279335975647}
