[2025-06-04 23:26:23] - run : 0 in seed: 1
[2025-06-04 23:26:23] - +-----------------------------------+------------+
|              Modules              | Parameters |
+-----------------------------------+------------+
|     fm.Linear_Seasonal.weight     |   69120    |
|      fm.Linear_Seasonal.bias      |    720     |
|       fm.Linear_Trend.weight      |   69120    |
|        fm.Linear_Trend.bias       |    720     |
|             nm.weight             |     16     |
| nm.model_freq.model_freq.0.weight |    6144    |
|  nm.model_freq.model_freq.0.bias  |     64     |
|  nm.model_freq.model_all.0.weight |   20480    |
|   nm.model_freq.model_all.0.bias  |    128     |
|  nm.model_freq.model_all.2.weight |   92160    |
|   nm.model_freq.model_all.2.bias  |    720     |
| nm.model_pred.model_freq.0.weight |   24576    |
|  nm.model_pred.model_freq.0.bias  |    256     |
|  nm.model_pred.model_all.0.weight |   180224   |
|   nm.model_pred.model_all.0.bias  |    512     |
|  nm.model_pred.model_all.2.weight |   368640   |
|   nm.model_pred.model_all.2.bias  |    720     |
+-----------------------------------+------------+
[2025-06-04 23:26:23] - Total Trainable Params: 834320
[2025-06-04 23:26:23] - model parameters: 834320
[2025-06-04 23:26:32] - Epoch: 1 cost time: 9.598652362823486
[2025-06-04 23:26:32] - Traininng loss : 0.9759167403194076
[2025-06-04 23:26:33] - vali_results: {'mae': 0.7934426665306091, 'mape': 0.9671840071678162, 'mse': 0.914396345615387, 'rmse': 0.956240713596344}
[2025-06-04 23:26:33] - test_results: {'mae': 0.44207799434661865, 'mape': 2.705576181411743, 'mse': 0.3330373466014862, 'rmse': 0.5770938992500305}
[2025-06-04 23:26:43] - Epoch: 2 cost time: 20.15789818763733
[2025-06-04 23:26:43] - Traininng loss : 0.8166589174710267
[2025-06-04 23:26:43] - vali_results: {'mae': 0.7376681566238403, 'mape': 0.9362519979476929, 'mse': 0.8040691614151001, 'rmse': 0.8966990113258362}
[2025-06-04 23:26:44] - test_results: {'mae': 0.4174673557281494, 'mape': 2.766260862350464, 'mse': 0.3021274507045746, 'rmse': 0.5496612191200256}
[2025-06-04 23:26:53] - Epoch: 3 cost time: 30.769452571868896
[2025-06-04 23:26:53] - Traininng loss : 0.8025236472170404
[2025-06-04 23:26:54] - vali_results: {'mae': 0.7793319821357727, 'mape': 0.9579951167106628, 'mse': 0.892430305480957, 'rmse': 0.9446852803230286}
[2025-06-04 23:26:55] - test_results: {'mae': 0.42289769649505615, 'mape': 2.6809873580932617, 'mse': 0.3137305676937103, 'rmse': 0.5601165890693665}
[2025-06-04 23:27:04] - Epoch: 4 cost time: 41.26141929626465
[2025-06-04 23:27:04] - Traininng loss : 0.7934333563696409
[2025-06-04 23:27:05] - vali_results: {'mae': 0.7463197708129883, 'mape': 0.9811444878578186, 'mse': 0.845381498336792, 'rmse': 0.9194462895393372}
[2025-06-04 23:27:05] - test_results: {'mae': 0.42297178506851196, 'mape': 2.973824977874756, 'mse': 0.30576959252357483, 'rmse': 0.5529643893241882}
[2025-06-04 23:27:14] - Epoch: 5 cost time: 51.69274616241455
[2025-06-04 23:27:14] - Traininng loss : 0.7873168012774583
[2025-06-04 23:27:15] - vali_results: {'mae': 0.7770790457725525, 'mape': 0.9735739231109619, 'mse': 0.8994596004486084, 'rmse': 0.9483984112739563}
[2025-06-04 23:27:15] - test_results: {'mae': 0.41644036769866943, 'mape': 2.5441954135894775, 'mse': 0.30366623401641846, 'rmse': 0.5510591864585876}
[2025-06-04 23:27:25] - Epoch: 6 cost time: 62.22276735305786
[2025-06-04 23:27:25] - Traininng loss : 0.781797005775127
[2025-06-04 23:27:26] - vali_results: {'mae': 0.7753803730010986, 'mape': 0.97396320104599, 'mse': 0.901274561882019, 'rmse': 0.9493548274040222}
[2025-06-04 23:27:26] - test_results: {'mae': 0.4177055358886719, 'mape': 2.689507007598877, 'mse': 0.3008803725242615, 'rmse': 0.5485256314277649}
[2025-06-04 23:27:35] - Epoch: 7 cost time: 72.79228615760803
[2025-06-04 23:27:35] - Traininng loss : 0.7762408679258739
[2025-06-04 23:27:36] - vali_results: {'mae': 0.7543224096298218, 'mape': 0.936224102973938, 'mse': 0.8395237922668457, 'rmse': 0.9162552952766418}
[2025-06-04 23:27:36] - test_results: {'mae': 0.400541216135025, 'mape': 2.6783230304718018, 'mse': 0.2834853231906891, 'rmse': 0.5324333906173706}
[2025-06-04 23:27:36] - loss no decreased for 5 epochs,  early stopping ....
[2025-06-04 23:27:37] - test_results: {'mae': 0.4174673557281494, 'mape': 2.766260862350464, 'mse': 0.3021274507045746, 'rmse': 0.5496612191200256}
