[2025-06-04 14:47:18] - run : 3 in seed: 5
[2025-06-04 14:47:18] - +-----------------------------------+------------+
|              Modules              | Parameters |
+-----------------------------------+------------+
|     fm.Linear_Seasonal.weight     |   16128    |
|      fm.Linear_Seasonal.bias      |    168     |
|       fm.Linear_Trend.weight      |   16128    |
|        fm.Linear_Trend.bias       |    168     |
|             nm.weight             |     14     |
| nm.model_freq.model_freq.0.weight |    6144    |
|  nm.model_freq.model_freq.0.bias  |     64     |
|  nm.model_freq.model_all.0.weight |   20480    |
|   nm.model_freq.model_all.0.bias  |    128     |
|  nm.model_freq.model_all.2.weight |   21504    |
|   nm.model_freq.model_all.2.bias  |    168     |
| nm.model_pred.model_freq.0.weight |   24576    |
|  nm.model_pred.model_freq.0.bias  |    256     |
|  nm.model_pred.model_all.0.weight |   180224   |
|   nm.model_pred.model_all.0.bias  |    512     |
|  nm.model_pred.model_all.2.weight |   86016    |
|   nm.model_pred.model_all.2.bias  |    168     |
+-----------------------------------+------------+
[2025-06-04 14:47:18] - Total Trainable Params: 372846
[2025-06-04 14:47:18] - model parameters: 372846
[2025-06-04 14:47:29] - Epoch: 1 cost time: 11.122126579284668
[2025-06-04 14:47:29] - Traininng loss : 0.8306387772349186
[2025-06-04 14:47:30] - vali_results: {'mae': 0.3723609447479248, 'mape': 4.689357757568359, 'mse': 0.280570387840271, 'rmse': 0.5296889543533325}
[2025-06-04 14:47:32] - test_results: {'mae': 0.2632859945297241, 'mape': 11.891310691833496, 'mse': 0.1314716637134552, 'rmse': 0.3625902235507965}
[2025-06-04 14:47:43] - Epoch: 2 cost time: 25.017167806625366
[2025-06-04 14:47:43] - Traininng loss : 0.6988909660811079
[2025-06-04 14:47:44] - vali_results: {'mae': 0.3570742905139923, 'mape': 5.017602920532227, 'mse': 0.2693222165107727, 'rmse': 0.5189626216888428}
[2025-06-04 14:47:45] - test_results: {'mae': 0.2506714165210724, 'mape': 12.735696792602539, 'mse': 0.1268543154001236, 'rmse': 0.35616612434387207}
[2025-06-04 14:47:57] - Epoch: 3 cost time: 39.354326248168945
[2025-06-04 14:47:57] - Traininng loss : 0.6791735257124454
[2025-06-04 14:47:59] - vali_results: {'mae': 0.35675758123397827, 'mape': 4.839066505432129, 'mse': 0.265407919883728, 'rmse': 0.5151775479316711}
[2025-06-04 14:48:00] - test_results: {'mae': 0.2523180842399597, 'mape': 13.035755157470703, 'mse': 0.1260915994644165, 'rmse': 0.355093777179718}
[2025-06-04 14:48:12] - Epoch: 4 cost time: 54.192927837371826
[2025-06-04 14:48:12] - Traininng loss : 0.6697534018323504
[2025-06-04 14:48:14] - vali_results: {'mae': 0.3589460551738739, 'mape': 4.626072406768799, 'mse': 0.26889654994010925, 'rmse': 0.5185523629188538}
[2025-06-04 14:48:15] - test_results: {'mae': 0.2488079071044922, 'mape': 12.485824584960938, 'mse': 0.12249806523323059, 'rmse': 0.34999722242355347}
[2025-06-04 14:48:26] - Epoch: 5 cost time: 68.81319403648376
[2025-06-04 14:48:26] - Traininng loss : 0.6623977994790985
[2025-06-04 14:48:29] - vali_results: {'mae': 0.3565787374973297, 'mape': 4.943463325500488, 'mse': 0.26373299956321716, 'rmse': 0.5135493874549866}
[2025-06-04 14:48:30] - test_results: {'mae': 0.25125014781951904, 'mape': 13.259003639221191, 'mse': 0.1252060830593109, 'rmse': 0.35384470224380493}
[2025-06-04 14:48:41] - Epoch: 6 cost time: 83.22094511985779
[2025-06-04 14:48:41] - Traininng loss : 0.6561406344255237
[2025-06-04 14:48:43] - vali_results: {'mae': 0.3546699583530426, 'mape': 5.015187740325928, 'mse': 0.26437923312187195, 'rmse': 0.5141782164573669}
[2025-06-04 14:48:44] - test_results: {'mae': 0.24924691021442413, 'mape': 13.459137916564941, 'mse': 0.12418722361326218, 'rmse': 0.35240209102630615}
[2025-06-04 14:48:55] - Epoch: 7 cost time: 97.16009378433228
[2025-06-04 14:48:55] - Traininng loss : 0.6517852482463335
[2025-06-04 14:48:57] - vali_results: {'mae': 0.35314637422561646, 'mape': 5.204831123352051, 'mse': 0.26265835762023926, 'rmse': 0.5125020742416382}
[2025-06-04 14:48:58] - test_results: {'mae': 0.2503311038017273, 'mape': 14.25522518157959, 'mse': 0.12674620747566223, 'rmse': 0.35601434111595154}
[2025-06-04 14:49:09] - Epoch: 8 cost time: 111.0488429069519
[2025-06-04 14:49:09] - Traininng loss : 0.6487239962768299
[2025-06-04 14:49:10] - vali_results: {'mae': 0.37833473086357117, 'mape': 4.56277322769165, 'mse': 0.28960341215133667, 'rmse': 0.5381481051445007}
[2025-06-04 14:49:11] - test_results: {'mae': 0.25862008333206177, 'mape': 11.419644355773926, 'mse': 0.1259717047214508, 'rmse': 0.35492491722106934}
[2025-06-04 14:49:23] - Epoch: 9 cost time: 124.91204190254211
[2025-06-04 14:49:23] - Traininng loss : 0.6451516505380738
[2025-06-04 14:49:24] - vali_results: {'mae': 0.355050265789032, 'mape': 5.004952907562256, 'mse': 0.265816867351532, 'rmse': 0.5155743360519409}
[2025-06-04 14:49:25] - test_results: {'mae': 0.24900652468204498, 'mape': 13.671967506408691, 'mse': 0.12470396608114243, 'rmse': 0.35313448309898376}
[2025-06-04 14:49:37] - Epoch: 10 cost time: 139.13701391220093
[2025-06-04 14:49:37] - Traininng loss : 0.6420316818412444
[2025-06-04 14:49:39] - vali_results: {'mae': 0.35809069871902466, 'mape': 4.8340959548950195, 'mse': 0.2693454325199127, 'rmse': 0.5189849734306335}
[2025-06-04 14:49:39] - test_results: {'mae': 0.24756108224391937, 'mape': 12.944687843322754, 'mse': 0.12243285775184631, 'rmse': 0.34990406036376953}
[2025-06-04 14:49:51] - Epoch: 11 cost time: 153.45817279815674
[2025-06-04 14:49:51] - Traininng loss : 0.6397994970827895
[2025-06-04 14:49:53] - vali_results: {'mae': 0.35684219002723694, 'mape': 4.984466075897217, 'mse': 0.26636064052581787, 'rmse': 0.5161013603210449}
[2025-06-04 14:49:54] - test_results: {'mae': 0.24897699058055878, 'mape': 13.250609397888184, 'mse': 0.12379095703363419, 'rmse': 0.3518393933773041}
[2025-06-04 14:50:05] - Epoch: 12 cost time: 167.5688455104828
[2025-06-04 14:50:05] - Traininng loss : 0.6378766692196076
[2025-06-04 14:50:07] - vali_results: {'mae': 0.35487043857574463, 'mape': 5.034638404846191, 'mse': 0.2656174600124359, 'rmse': 0.515380859375}
[2025-06-04 14:50:08] - test_results: {'mae': 0.2477845549583435, 'mape': 13.61816692352295, 'mse': 0.12385217100381851, 'rmse': 0.35192638635635376}
[2025-06-04 14:50:08] - loss no decreased for 5 epochs,  early stopping ....
[2025-06-04 14:50:09] - test_results: {'mae': 0.2503311038017273, 'mape': 14.25522518157959, 'mse': 0.12674620747566223, 'rmse': 0.35601434111595154}
