[2025-06-05 17:07:05] - run : 1 in seed: 3
[2025-06-05 17:07:05] - +-----------------------------------+------------+
|              Modules              | Parameters |
+-----------------------------------+------------+
|     fm.Linear_Seasonal.weight     |   32256    |
|      fm.Linear_Seasonal.bias      |    336     |
|       fm.Linear_Trend.weight      |   32256    |
|        fm.Linear_Trend.bias       |    336     |
|             nm.weight             |     14     |
| nm.model_freq.model_freq.0.weight |    6144    |
|  nm.model_freq.model_freq.0.bias  |     64     |
|  nm.model_freq.model_all.0.weight |   20480    |
|   nm.model_freq.model_all.0.bias  |    128     |
|  nm.model_freq.model_all.2.weight |   43008    |
|   nm.model_freq.model_all.2.bias  |    336     |
| nm.model_pred.model_freq.0.weight |   24576    |
|  nm.model_pred.model_freq.0.bias  |    256     |
|  nm.model_pred.model_all.0.weight |   180224   |
|   nm.model_pred.model_all.0.bias  |    512     |
|  nm.model_pred.model_all.2.weight |   172032   |
|   nm.model_pred.model_all.2.bias  |    336     |
+-----------------------------------+------------+
[2025-06-05 17:07:05] - Total Trainable Params: 513294
[2025-06-05 17:07:05] - model parameters: 513294
[2025-06-05 17:08:04] - Epoch: 1 cost time: 59.47303891181946
[2025-06-05 17:08:04] - Traininng loss : 0.6021590389848781
[2025-06-05 17:08:11] - vali_results: {'mae': 0.3340621888637543, 'mape': 1.9360648393630981, 'mse': 0.2449478954076767, 'rmse': 0.49492210149765015}
[2025-06-05 17:08:15] - test_results: {'mae': 0.24635761976242065, 'mape': 2.415609836578369, 'mse': 0.11689390987157822, 'rmse': 0.34189751744270325}
[2025-06-05 17:09:15] - Epoch: 2 cost time: 130.09688091278076
[2025-06-05 17:09:15] - Traininng loss : 0.5494707500319225
[2025-06-05 17:09:22] - vali_results: {'mae': 0.33228012919425964, 'mape': 1.9246681928634644, 'mse': 0.24282026290893555, 'rmse': 0.49276795983314514}
[2025-06-05 17:09:26] - test_results: {'mae': 0.2437993437051773, 'mape': 2.4058377742767334, 'mse': 0.11525460332632065, 'rmse': 0.33949169516563416}
[2025-06-05 17:10:24] - Epoch: 3 cost time: 198.94106101989746
[2025-06-05 17:10:24] - Traininng loss : 0.5421530518663553
[2025-06-05 17:10:31] - vali_results: {'mae': 0.33661356568336487, 'mape': 1.8563283681869507, 'mse': 0.24555490911006927, 'rmse': 0.4955349862575531}
[2025-06-05 17:10:35] - test_results: {'mae': 0.24462440609931946, 'mape': 2.3327596187591553, 'mse': 0.1148574948310852, 'rmse': 0.33890631794929504}
[2025-06-05 17:11:35] - Epoch: 4 cost time: 270.0362057685852
[2025-06-05 17:11:35] - Traininng loss : 0.5362848841654868
[2025-06-05 17:11:42] - vali_results: {'mae': 0.3546232581138611, 'mape': 1.7356858253479004, 'mse': 0.2641637623310089, 'rmse': 0.5139686465263367}
[2025-06-05 17:11:46] - test_results: {'mae': 0.2514644265174866, 'mape': 2.2436108589172363, 'mse': 0.11817612498998642, 'rmse': 0.34376755356788635}
[2025-06-05 17:12:44] - Epoch: 5 cost time: 338.90235471725464
[2025-06-05 17:12:44] - Traininng loss : 0.5340124997356568
[2025-06-05 17:12:51] - vali_results: {'mae': 0.3412185609340668, 'mape': 1.7809385061264038, 'mse': 0.25013166666030884, 'rmse': 0.5001316666603088}
[2025-06-05 17:12:55] - test_results: {'mae': 0.24489231407642365, 'mape': 2.267909288406372, 'mse': 0.11451803892850876, 'rmse': 0.33840513229370117}
[2025-06-05 17:13:56] - Epoch: 6 cost time: 410.5037245750427
[2025-06-05 17:13:56] - Traininng loss : 0.5312508663580482
[2025-06-05 17:14:03] - vali_results: {'mae': 0.330095499753952, 'mape': 1.8541451692581177, 'mse': 0.24105307459831238, 'rmse': 0.49097156524658203}
[2025-06-05 17:14:06] - test_results: {'mae': 0.24106688797473907, 'mape': 2.392670154571533, 'mse': 0.11323565989732742, 'rmse': 0.33650505542755127}
[2025-06-05 17:15:05] - Epoch: 7 cost time: 479.9657266139984
[2025-06-05 17:15:05] - Traininng loss : 0.5294134186384775
[2025-06-05 17:15:12] - vali_results: {'mae': 0.33207038044929504, 'mape': 1.849001407623291, 'mse': 0.23917822539806366, 'rmse': 0.4890584945678711}
[2025-06-05 17:15:16] - test_results: {'mae': 0.24345389008522034, 'mape': 2.2867636680603027, 'mse': 0.11481129378080368, 'rmse': 0.3388381600379944}
[2025-06-05 17:16:18] - Epoch: 8 cost time: 552.8219513893127
[2025-06-05 17:16:18] - Traininng loss : 0.5284873470417479
[2025-06-05 17:16:25] - vali_results: {'mae': 0.3308798372745514, 'mape': 1.8327046632766724, 'mse': 0.23995040357112885, 'rmse': 0.489847332239151}
[2025-06-05 17:16:29] - test_results: {'mae': 0.24132956564426422, 'mape': 2.3680381774902344, 'mse': 0.11296860128641129, 'rmse': 0.3361080288887024}
[2025-06-05 17:17:28] - Epoch: 9 cost time: 623.0567858219147
[2025-06-05 17:17:28] - Traininng loss : 0.5276027033456818
[2025-06-05 17:17:35] - vali_results: {'mae': 0.34594109654426575, 'mape': 1.7283912897109985, 'mse': 0.2561969757080078, 'rmse': 0.5061590671539307}
[2025-06-05 17:17:39] - test_results: {'mae': 0.2465599626302719, 'mape': 2.2450056076049805, 'mse': 0.11524111032485962, 'rmse': 0.33947181701660156}
[2025-06-05 17:18:38] - Epoch: 10 cost time: 693.3935873508453
[2025-06-05 17:18:38] - Traininng loss : 0.5264792332560081
[2025-06-05 17:18:45] - vali_results: {'mae': 0.33813977241516113, 'mape': 1.7948100566864014, 'mse': 0.24824459850788116, 'rmse': 0.49824151396751404}
[2025-06-05 17:18:49] - test_results: {'mae': 0.2432032823562622, 'mape': 2.3201496601104736, 'mse': 0.11416958272457123, 'rmse': 0.3378899097442627}
[2025-06-05 17:19:48] - Epoch: 11 cost time: 763.2748744487762
[2025-06-05 17:19:48] - Traininng loss : 0.5246233213606613
[2025-06-05 17:19:55] - vali_results: {'mae': 0.33438077569007874, 'mape': 1.7822630405426025, 'mse': 0.2424137443304062, 'rmse': 0.4923553168773651}
[2025-06-05 17:19:59] - test_results: {'mae': 0.24218356609344482, 'mape': 2.2883927822113037, 'mse': 0.11297744512557983, 'rmse': 0.33612117171287537}
[2025-06-05 17:21:00] - Epoch: 12 cost time: 835.1879360675812
[2025-06-05 17:21:00] - Traininng loss : 0.5241207962672021
[2025-06-05 17:21:07] - vali_results: {'mae': 0.3317476212978363, 'mape': 1.816806674003601, 'mse': 0.2424822896718979, 'rmse': 0.4924249053001404}
[2025-06-05 17:21:11] - test_results: {'mae': 0.24136163294315338, 'mape': 2.3167264461517334, 'mse': 0.1140909194946289, 'rmse': 0.33777347207069397}
[2025-06-05 17:21:11] - loss no decreased for 5 epochs,  early stopping ....
[2025-06-05 17:21:15] - test_results: {'mae': 0.24345389008522034, 'mape': 2.2867636680603027, 'mse': 0.11481129378080368, 'rmse': 0.3388381600379944}
