[2025-06-04 23:15:29] - run : 4 in seed: 5
[2025-06-04 23:15:29] - +-----------------------------------+------------+
|              Modules              | Parameters |
+-----------------------------------+------------+
|     fm.Linear_Seasonal.weight     |   16128    |
|      fm.Linear_Seasonal.bias      |    168     |
|       fm.Linear_Trend.weight      |   16128    |
|        fm.Linear_Trend.bias       |    168     |
|             nm.weight             |     16     |
| nm.model_freq.model_freq.0.weight |    6144    |
|  nm.model_freq.model_freq.0.bias  |     64     |
|  nm.model_freq.model_all.0.weight |   20480    |
|   nm.model_freq.model_all.0.bias  |    128     |
|  nm.model_freq.model_all.2.weight |   21504    |
|   nm.model_freq.model_all.2.bias  |    168     |
| nm.model_pred.model_freq.0.weight |   24576    |
|  nm.model_pred.model_freq.0.bias  |    256     |
|  nm.model_pred.model_all.0.weight |   180224   |
|   nm.model_pred.model_all.0.bias  |    512     |
|  nm.model_pred.model_all.2.weight |   86016    |
|   nm.model_pred.model_all.2.bias  |    168     |
+-----------------------------------+------------+
[2025-06-04 23:15:29] - Total Trainable Params: 372848
[2025-06-04 23:15:29] - model parameters: 372848
[2025-06-04 23:15:34] - Epoch: 1 cost time: 5.1497642993927
[2025-06-04 23:15:34] - Traininng loss : 0.5092206264409838
[2025-06-04 23:15:35] - vali_results: {'mae': 0.35316991806030273, 'mape': 0.7070644497871399, 'mse': 0.1971779614686966, 'rmse': 0.4440472424030304}
[2025-06-04 23:15:35] - test_results: {'mae': 0.22968590259552002, 'mape': 1.4787276983261108, 'mse': 0.09454738348722458, 'rmse': 0.30748558044433594}
[2025-06-04 23:15:40] - Epoch: 2 cost time: 11.771017074584961
[2025-06-04 23:15:40] - Traininng loss : 0.3034840004542206
[2025-06-04 23:15:41] - vali_results: {'mae': 0.34126484394073486, 'mape': 0.6568040251731873, 'mse': 0.19952532649040222, 'rmse': 0.44668257236480713}
[2025-06-04 23:15:42] - test_results: {'mae': 0.22628384828567505, 'mape': 1.3844457864761353, 'mse': 0.09362012892961502, 'rmse': 0.3059740662574768}
[2025-06-04 23:15:47] - Epoch: 3 cost time: 18.31878685951233
[2025-06-04 23:15:47] - Traininng loss : 0.2908339137329331
[2025-06-04 23:15:48] - vali_results: {'mae': 0.3436276316642761, 'mape': 0.6770738363265991, 'mse': 0.20666350424289703, 'rmse': 0.45460256934165955}
[2025-06-04 23:15:48] - test_results: {'mae': 0.2248740792274475, 'mape': 1.4029345512390137, 'mse': 0.09179477393627167, 'rmse': 0.3029765188694}
[2025-06-04 23:15:54] - Epoch: 4 cost time: 25.051076650619507
[2025-06-04 23:15:54] - Traininng loss : 0.28700223225581495
[2025-06-04 23:15:54] - vali_results: {'mae': 0.30632710456848145, 'mape': 0.6496408581733704, 'mse': 0.16381007432937622, 'rmse': 0.4047345817089081}
[2025-06-04 23:15:55] - test_results: {'mae': 0.21643319725990295, 'mape': 1.447845458984375, 'mse': 0.08717025071382523, 'rmse': 0.29524609446525574}
[2025-06-04 23:16:00] - Epoch: 5 cost time: 31.673166751861572
[2025-06-04 23:16:00] - Traininng loss : 0.28366388889807687
[2025-06-04 23:16:01] - vali_results: {'mae': 0.3264909088611603, 'mape': 0.6711264252662659, 'mse': 0.18562962114810944, 'rmse': 0.43084755539894104}
[2025-06-04 23:16:02] - test_results: {'mae': 0.2174888253211975, 'mape': 1.4374923706054688, 'mse': 0.08720509707927704, 'rmse': 0.2953051030635834}
[2025-06-04 23:16:07] - Epoch: 6 cost time: 38.1921112537384
[2025-06-04 23:16:07] - Traininng loss : 0.2803828405051292
[2025-06-04 23:16:08] - vali_results: {'mae': 0.3393603563308716, 'mape': 0.6502153873443604, 'mse': 0.19463500380516052, 'rmse': 0.44117456674575806}
[2025-06-04 23:16:08] - test_results: {'mae': 0.22309833765029907, 'mape': 1.3873876333236694, 'mse': 0.09183630347251892, 'rmse': 0.3030450642108917}
[2025-06-04 23:16:13] - Epoch: 7 cost time: 44.76505994796753
[2025-06-04 23:16:13] - Traininng loss : 0.2796478238475474
[2025-06-04 23:16:14] - vali_results: {'mae': 0.3271351158618927, 'mape': 0.6502946019172668, 'mse': 0.18008588254451752, 'rmse': 0.4243652820587158}
[2025-06-04 23:16:15] - test_results: {'mae': 0.21814222633838654, 'mape': 1.4191710948944092, 'mse': 0.08830924332141876, 'rmse': 0.29716870188713074}
[2025-06-04 23:16:20] - Epoch: 8 cost time: 51.442386627197266
[2025-06-04 23:16:20] - Traininng loss : 0.27793234860218025
[2025-06-04 23:16:21] - vali_results: {'mae': 0.3107219636440277, 'mape': 0.6400100588798523, 'mse': 0.17011447250843048, 'rmse': 0.41244935989379883}
[2025-06-04 23:16:21] - test_results: {'mae': 0.21636484563350677, 'mape': 1.4577997922897339, 'mse': 0.08749338239431381, 'rmse': 0.2957927882671356}
[2025-06-04 23:16:26] - Epoch: 9 cost time: 57.90828728675842
[2025-06-04 23:16:26] - Traininng loss : 0.2753631826254386
[2025-06-04 23:16:27] - vali_results: {'mae': 0.26747819781303406, 'mape': 0.6122418642044067, 'mse': 0.13059331476688385, 'rmse': 0.36137697100639343}
[2025-06-04 23:16:28] - test_results: {'mae': 0.21564894914627075, 'mape': 1.5686813592910767, 'mse': 0.08743851631879807, 'rmse': 0.2957000434398651}
[2025-06-04 23:16:33] - Epoch: 10 cost time: 64.57749032974243
[2025-06-04 23:16:33] - Traininng loss : 0.27555341047199466
[2025-06-04 23:16:34] - vali_results: {'mae': 0.3569381833076477, 'mape': 0.6287500858306885, 'mse': 0.21507543325424194, 'rmse': 0.4637622535228729}
[2025-06-04 23:16:35] - test_results: {'mae': 0.22897420823574066, 'mape': 1.3526381254196167, 'mse': 0.09717753529548645, 'rmse': 0.3117331266403198}
[2025-06-04 23:16:40] - Epoch: 11 cost time: 70.98007130622864
[2025-06-04 23:16:40] - Traininng loss : 0.2731616709239875
[2025-06-04 23:16:41] - vali_results: {'mae': 0.29147762060165405, 'mape': 0.6175622940063477, 'mse': 0.15346486866474152, 'rmse': 0.391745924949646}
[2025-06-04 23:16:41] - test_results: {'mae': 0.21494030952453613, 'mape': 1.477494239807129, 'mse': 0.08743218332529068, 'rmse': 0.29568934440612793}
[2025-06-04 23:16:46] - Epoch: 12 cost time: 77.69863796234131
[2025-06-04 23:16:46] - Traininng loss : 0.2735279382595533
[2025-06-04 23:16:47] - vali_results: {'mae': 0.31140732765197754, 'mape': 0.6235833764076233, 'mse': 0.1713675856590271, 'rmse': 0.4139656722545624}
[2025-06-04 23:16:48] - test_results: {'mae': 0.2164154201745987, 'mape': 1.4404850006103516, 'mse': 0.08856594562530518, 'rmse': 0.29760029911994934}
[2025-06-04 23:16:53] - Epoch: 13 cost time: 84.05453300476074
[2025-06-04 23:16:53] - Traininng loss : 0.27241830480626866
[2025-06-04 23:16:53] - vali_results: {'mae': 0.2762065827846527, 'mape': 0.6316635608673096, 'mse': 0.1397688388824463, 'rmse': 0.37385672330856323}
[2025-06-04 23:16:54] - test_results: {'mae': 0.21042315661907196, 'mape': 1.5205340385437012, 'mse': 0.08356570452451706, 'rmse': 0.2890773415565491}
[2025-06-04 23:16:59] - Epoch: 14 cost time: 90.59200501441956
[2025-06-04 23:16:59] - Traininng loss : 0.2720493731808059
[2025-06-04 23:17:00] - vali_results: {'mae': 0.30945244431495667, 'mape': 0.6393858790397644, 'mse': 0.1667206585407257, 'rmse': 0.40831440687179565}
[2025-06-04 23:17:01] - test_results: {'mae': 0.2148454487323761, 'mape': 1.4662944078445435, 'mse': 0.08648896962404251, 'rmse': 0.29409006237983704}
[2025-06-04 23:17:01] - loss no decreased for 5 epochs,  early stopping ....
[2025-06-04 23:17:01] - test_results: {'mae': 0.21564894914627075, 'mape': 1.5686813592910767, 'mse': 0.08743851631879807, 'rmse': 0.2957000434398651}
