[2025-06-04 18:07:25] - run : 3 in seed: 5
[2025-06-04 18:07:25] - +-----------------------------------+------------+
|              Modules              | Parameters |
+-----------------------------------+------------+
|     fm.Linear_Seasonal.weight     |   16128    |
|      fm.Linear_Seasonal.bias      |    168     |
|       fm.Linear_Trend.weight      |   16128    |
|        fm.Linear_Trend.bias       |    168     |
|             nm.weight             |    642     |
| nm.model_freq.model_freq.0.weight |    6144    |
|  nm.model_freq.model_freq.0.bias  |     64     |
|  nm.model_freq.model_all.0.weight |   20480    |
|   nm.model_freq.model_all.0.bias  |    128     |
|  nm.model_freq.model_all.2.weight |   21504    |
|   nm.model_freq.model_all.2.bias  |    168     |
| nm.model_pred.model_freq.0.weight |   24576    |
|  nm.model_pred.model_freq.0.bias  |    256     |
|  nm.model_pred.model_all.0.weight |   180224   |
|   nm.model_pred.model_all.0.bias  |    512     |
|  nm.model_pred.model_all.2.weight |   86016    |
|   nm.model_pred.model_all.2.bias  |    168     |
+-----------------------------------+------------+
[2025-06-04 18:07:25] - Total Trainable Params: 373474
[2025-06-04 18:07:25] - model parameters: 373474
[2025-06-04 18:07:50] - Epoch: 1 cost time: 24.468481063842773
[2025-06-04 18:07:50] - Traininng loss : 0.5540495522740022
[2025-06-04 18:07:58] - vali_results: {'mae': 0.2722640931606293, 'mape': 2.29144024848938, 'mse': 0.17907209694385529, 'rmse': 0.4231691062450409}
[2025-06-04 18:08:03] - test_results: {'mae': 0.2725066542625427, 'mape': 2.93105411529541, 'mse': 0.18308982253074646, 'rmse': 0.42788997292518616}
[2025-06-04 18:08:27] - Epoch: 2 cost time: 61.43749451637268
[2025-06-04 18:08:27] - Traininng loss : 0.4113496837376709
[2025-06-04 18:08:35] - vali_results: {'mae': 0.26987767219543457, 'mape': 2.3169381618499756, 'mse': 0.1757757067680359, 'rmse': 0.4192561209201813}
[2025-06-04 18:08:40] - test_results: {'mae': 0.27120065689086914, 'mape': 2.9404680728912354, 'mse': 0.1803453117609024, 'rmse': 0.4246708154678345}
[2025-06-04 18:09:04] - Epoch: 3 cost time: 98.21721243858337
[2025-06-04 18:09:04] - Traininng loss : 0.4055672494668356
[2025-06-04 18:09:12] - vali_results: {'mae': 0.2669370770454407, 'mape': 2.3119044303894043, 'mse': 0.17509725689888, 'rmse': 0.41844624280929565}
[2025-06-04 18:09:16] - test_results: {'mae': 0.26643407344818115, 'mape': 2.9373106956481934, 'mse': 0.1780346930027008, 'rmse': 0.4219415783882141}
[2025-06-04 18:09:40] - Epoch: 4 cost time: 134.8114504814148
[2025-06-04 18:09:40] - Traininng loss : 0.40292879970560613
[2025-06-04 18:09:48] - vali_results: {'mae': 0.2669677436351776, 'mape': 2.347954273223877, 'mse': 0.1744714379310608, 'rmse': 0.4176977872848511}
[2025-06-04 18:09:53] - test_results: {'mae': 0.26791951060295105, 'mape': 2.9555864334106445, 'mse': 0.17847809195518494, 'rmse': 0.4224666655063629}
[2025-06-04 18:10:17] - Epoch: 5 cost time: 171.90281677246094
[2025-06-04 18:10:17] - Traininng loss : 0.400936385013268
[2025-06-04 18:10:26] - vali_results: {'mae': 0.26629921793937683, 'mape': 2.3424205780029297, 'mse': 0.17343977093696594, 'rmse': 0.4164610207080841}
[2025-06-04 18:10:30] - test_results: {'mae': 0.2673165500164032, 'mape': 2.944114923477173, 'mse': 0.17766988277435303, 'rmse': 0.4215090572834015}
[2025-06-04 18:10:54] - Epoch: 6 cost time: 208.89251232147217
[2025-06-04 18:10:54] - Traininng loss : 0.400151965588751
[2025-06-04 18:11:02] - vali_results: {'mae': 0.26507970690727234, 'mape': 2.321444272994995, 'mse': 0.17321375012397766, 'rmse': 0.4161895513534546}
[2025-06-04 18:11:07] - test_results: {'mae': 0.2651750147342682, 'mape': 2.9384121894836426, 'mse': 0.17650966346263885, 'rmse': 0.42013052105903625}
[2025-06-04 18:11:31] - Epoch: 7 cost time: 245.48788690567017
[2025-06-04 18:11:31] - Traininng loss : 0.3993363519474654
[2025-06-04 18:11:39] - vali_results: {'mae': 0.2652851641178131, 'mape': 2.2727556228637695, 'mse': 0.17356008291244507, 'rmse': 0.4166054427623749}
[2025-06-04 18:11:44] - test_results: {'mae': 0.26407819986343384, 'mape': 2.8906900882720947, 'mse': 0.17628546059131622, 'rmse': 0.41986361145973206}
[2025-06-04 18:12:08] - Epoch: 8 cost time: 282.7244563102722
[2025-06-04 18:12:08] - Traininng loss : 0.3985709192782221
[2025-06-04 18:12:16] - vali_results: {'mae': 0.2643730640411377, 'mape': 2.317073106765747, 'mse': 0.1731550693511963, 'rmse': 0.4161190688610077}
[2025-06-04 18:12:21] - test_results: {'mae': 0.26436859369277954, 'mape': 2.915214776992798, 'mse': 0.17613571882247925, 'rmse': 0.4196852743625641}
[2025-06-04 18:12:45] - Epoch: 9 cost time: 319.3467130661011
[2025-06-04 18:12:45] - Traininng loss : 0.3980071171068809
[2025-06-04 18:12:53] - vali_results: {'mae': 0.2651439607143402, 'mape': 2.280054807662964, 'mse': 0.17331834137439728, 'rmse': 0.4163151979446411}
[2025-06-04 18:12:58] - test_results: {'mae': 0.2644306421279907, 'mape': 2.8988943099975586, 'mse': 0.17594048380851746, 'rmse': 0.41945260763168335}
[2025-06-04 18:13:22] - Epoch: 10 cost time: 356.58874106407166
[2025-06-04 18:13:22] - Traininng loss : 0.3979395800073382
[2025-06-04 18:13:30] - vali_results: {'mae': 0.266412615776062, 'mape': 2.345717668533325, 'mse': 0.17269626259803772, 'rmse': 0.41556739807128906}
[2025-06-04 18:13:35] - test_results: {'mae': 0.2677760720252991, 'mape': 2.9232547283172607, 'mse': 0.17711509764194489, 'rmse': 0.4208504557609558}
[2025-06-04 18:13:59] - Epoch: 11 cost time: 393.5856304168701
[2025-06-04 18:13:59] - Traininng loss : 0.3975067784563756
[2025-06-04 18:14:07] - vali_results: {'mae': 0.26559850573539734, 'mape': 2.3734986782073975, 'mse': 0.17357133328914642, 'rmse': 0.4166189432144165}
[2025-06-04 18:14:12] - test_results: {'mae': 0.2664543688297272, 'mape': 2.9673805236816406, 'mse': 0.17747855186462402, 'rmse': 0.421282023191452}
[2025-06-04 18:14:36] - Epoch: 12 cost time: 430.6082339286804
[2025-06-04 18:14:36] - Traininng loss : 0.39715334106708916
[2025-06-04 18:14:44] - vali_results: {'mae': 0.2665767967700958, 'mape': 2.368495464324951, 'mse': 0.17323291301727295, 'rmse': 0.4162125885486603}
[2025-06-04 18:14:49] - test_results: {'mae': 0.2681334316730499, 'mape': 2.9487085342407227, 'mse': 0.1775900423526764, 'rmse': 0.4214143455028534}
[2025-06-04 18:15:13] - Epoch: 13 cost time: 467.433571100235
[2025-06-04 18:15:13] - Traininng loss : 0.39681962924733966
[2025-06-04 18:15:21] - vali_results: {'mae': 0.26532983779907227, 'mape': 2.3480100631713867, 'mse': 0.1729995161294937, 'rmse': 0.4159321188926697}
[2025-06-04 18:15:25] - test_results: {'mae': 0.2665794789791107, 'mape': 2.949648380279541, 'mse': 0.17708447575569153, 'rmse': 0.42081406712532043}
[2025-06-04 18:15:49] - Epoch: 14 cost time: 503.62584829330444
[2025-06-04 18:15:49] - Traininng loss : 0.3969453654029
[2025-06-04 18:15:57] - vali_results: {'mae': 0.26410025358200073, 'mape': 2.3448562622070312, 'mse': 0.17261816561222076, 'rmse': 0.41547343134880066}
[2025-06-04 18:16:02] - test_results: {'mae': 0.26447150111198425, 'mape': 2.940912961959839, 'mse': 0.1760423332452774, 'rmse': 0.41957399249076843}
[2025-06-04 18:16:25] - Epoch: 15 cost time: 539.8708388805389
[2025-06-04 18:16:25] - Traininng loss : 0.3969450034725834
[2025-06-04 18:16:33] - vali_results: {'mae': 0.26525598764419556, 'mape': 2.3181276321411133, 'mse': 0.17292052507400513, 'rmse': 0.4158371388912201}
[2025-06-04 18:16:38] - test_results: {'mae': 0.26547229290008545, 'mape': 2.9309678077697754, 'mse': 0.17628175020217896, 'rmse': 0.4198592007160187}
[2025-06-04 18:17:02] - Epoch: 16 cost time: 576.3625075817108
[2025-06-04 18:17:02] - Traininng loss : 0.39656727157638105
[2025-06-04 18:17:10] - vali_results: {'mae': 0.26642829179763794, 'mape': 2.374073028564453, 'mse': 0.17291632294654846, 'rmse': 0.4158320724964142}
[2025-06-04 18:17:14] - test_results: {'mae': 0.2679504156112671, 'mape': 2.9610297679901123, 'mse': 0.17732569575309753, 'rmse': 0.42110058665275574}
[2025-06-04 18:17:38] - Epoch: 17 cost time: 612.8657987117767
[2025-06-04 18:17:38] - Traininng loss : 0.3963967668758312
[2025-06-04 18:17:46] - vali_results: {'mae': 0.2652469575405121, 'mape': 2.331057071685791, 'mse': 0.17212677001953125, 'rmse': 0.4148816466331482}
[2025-06-04 18:17:51] - test_results: {'mae': 0.2662159502506256, 'mape': 2.917876958847046, 'mse': 0.17612862586975098, 'rmse': 0.419676810503006}
[2025-06-04 18:18:15] - Epoch: 18 cost time: 649.6097002029419
[2025-06-04 18:18:15] - Traininng loss : 0.3962038572300488
[2025-06-04 18:18:23] - vali_results: {'mae': 0.2640426456928253, 'mape': 2.277813196182251, 'mse': 0.1723536103963852, 'rmse': 0.41515493392944336}
[2025-06-04 18:18:28] - test_results: {'mae': 0.2632874548435211, 'mape': 2.8842222690582275, 'mse': 0.17510414123535156, 'rmse': 0.41845446825027466}
[2025-06-04 18:18:51] - Epoch: 19 cost time: 685.8338737487793
[2025-06-04 18:18:51] - Traininng loss : 0.3961357184698884
[2025-06-04 18:19:00] - vali_results: {'mae': 0.2658108174800873, 'mape': 2.3551666736602783, 'mse': 0.17301209270954132, 'rmse': 0.41594722867012024}
[2025-06-04 18:19:04] - test_results: {'mae': 0.2667044997215271, 'mape': 2.9553778171539307, 'mse': 0.17703695595264435, 'rmse': 0.42075759172439575}
[2025-06-04 18:19:28] - Epoch: 20 cost time: 723.1853172779083
[2025-06-04 18:19:28] - Traininng loss : 0.3960435573588794
[2025-06-04 18:19:37] - vali_results: {'mae': 0.26450687646865845, 'mape': 2.33677339553833, 'mse': 0.17190369963645935, 'rmse': 0.41461271047592163}
[2025-06-04 18:19:42] - test_results: {'mae': 0.2654043734073639, 'mape': 2.935338258743286, 'mse': 0.17594803869724274, 'rmse': 0.41946160793304443}
[2025-06-04 18:20:06] - Epoch: 21 cost time: 760.4819712638855
[2025-06-04 18:20:06] - Traininng loss : 0.39582956786936435
[2025-06-04 18:20:14] - vali_results: {'mae': 0.26425251364707947, 'mape': 2.329972743988037, 'mse': 0.17235367000102997, 'rmse': 0.41515499353408813}
[2025-06-04 18:20:19] - test_results: {'mae': 0.26460883021354675, 'mape': 2.907928466796875, 'mse': 0.17565709352493286, 'rmse': 0.4191146492958069}
[2025-06-04 18:20:43] - Epoch: 22 cost time: 797.5935893058777
[2025-06-04 18:20:43] - Traininng loss : 0.3958240510817145
[2025-06-04 18:20:51] - vali_results: {'mae': 0.2633725106716156, 'mape': 2.317422866821289, 'mse': 0.1720302551984787, 'rmse': 0.41476529836654663}
[2025-06-04 18:20:56] - test_results: {'mae': 0.2634378671646118, 'mape': 2.9029011726379395, 'mse': 0.17513780295848846, 'rmse': 0.41849470138549805}
[2025-06-04 18:21:20] - Epoch: 23 cost time: 835.0938942432404
[2025-06-04 18:21:20] - Traininng loss : 0.39577364538547016
[2025-06-04 18:21:29] - vali_results: {'mae': 0.2642943561077118, 'mape': 2.353410243988037, 'mse': 0.1728488802909851, 'rmse': 0.41575098037719727}
[2025-06-04 18:21:33] - test_results: {'mae': 0.26469525694847107, 'mape': 2.9554364681243896, 'mse': 0.17630912363529205, 'rmse': 0.4198918044567108}
[2025-06-04 18:21:57] - Epoch: 24 cost time: 871.8860042095184
[2025-06-04 18:21:57] - Traininng loss : 0.39580280339004287
[2025-06-04 18:22:05] - vali_results: {'mae': 0.265387624502182, 'mape': 2.354785203933716, 'mse': 0.17268012464046478, 'rmse': 0.4155479669570923}
[2025-06-04 18:22:10] - test_results: {'mae': 0.26624828577041626, 'mape': 2.9447972774505615, 'mse': 0.17646904289722443, 'rmse': 0.4200821816921234}
[2025-06-04 18:22:34] - Epoch: 25 cost time: 908.9086453914642
[2025-06-04 18:22:34] - Traininng loss : 0.39552385916172617
[2025-06-04 18:22:43] - vali_results: {'mae': 0.2654053866863251, 'mape': 2.322108268737793, 'mse': 0.1721484512090683, 'rmse': 0.4149077534675598}
[2025-06-04 18:22:47] - test_results: {'mae': 0.26628315448760986, 'mape': 2.9164512157440186, 'mse': 0.1761176437139511, 'rmse': 0.4196637272834778}
[2025-06-04 18:22:47] - loss no decreased for 5 epochs,  early stopping ....
[2025-06-04 18:22:52] - test_results: {'mae': 0.2654043734073639, 'mape': 2.935338258743286, 'mse': 0.17594803869724274, 'rmse': 0.41946160793304443}
