[2025-06-06 17:54:32] - run : 2 in seed: 4
[2025-06-06 17:54:32] - +-----------------------------------+------------+
|              Modules              | Parameters |
+-----------------------------------+------------+
|     fm.Linear_Seasonal.weight     |   69120    |
|      fm.Linear_Seasonal.bias      |    720     |
|       fm.Linear_Trend.weight      |   69120    |
|        fm.Linear_Trend.bias       |    720     |
|             nm.weight             |    1724    |
| nm.model_freq.model_freq.0.weight |    6144    |
|  nm.model_freq.model_freq.0.bias  |     64     |
|  nm.model_freq.model_all.0.weight |   20480    |
|   nm.model_freq.model_all.0.bias  |    128     |
|  nm.model_freq.model_all.2.weight |   92160    |
|   nm.model_freq.model_all.2.bias  |    720     |
| nm.model_pred.model_freq.0.weight |   24576    |
|  nm.model_pred.model_freq.0.bias  |    256     |
|  nm.model_pred.model_all.0.weight |   180224   |
|   nm.model_pred.model_all.0.bias  |    512     |
|  nm.model_pred.model_all.2.weight |   368640   |
|   nm.model_pred.model_all.2.bias  |    720     |
+-----------------------------------+------------+
[2025-06-06 17:54:32] - Total Trainable Params: 836028
[2025-06-06 17:54:32] - model parameters: 836028
[2025-06-06 17:55:38] - Epoch: 1 cost time: 65.82510709762573
[2025-06-06 17:55:38] - Traininng loss : 0.967452003099128
[2025-06-06 17:56:08] - vali_results: {'mae': 0.34487125277519226, 'mape': 5.475964069366455, 'mse': 0.4007442593574524, 'rmse': 0.633043646812439}
[2025-06-06 17:56:22] - test_results: {'mae': 0.4090571999549866, 'mape': 6.523492336273193, 'mse': 0.5227858424186707, 'rmse': 0.7230393290519714}
[2025-06-06 17:57:28] - Epoch: 2 cost time: 175.5086169242859
[2025-06-06 17:57:28] - Traininng loss : 0.7409797662812023
[2025-06-06 17:57:59] - vali_results: {'mae': 0.32619914412498474, 'mape': 5.126387119293213, 'mse': 0.3758988678455353, 'rmse': 0.6131058931350708}
[2025-06-06 17:58:13] - test_results: {'mae': 0.3940679430961609, 'mape': 6.333520889282227, 'mse': 0.502260684967041, 'rmse': 0.7087035179138184}
[2025-06-06 17:59:21] - Epoch: 3 cost time: 288.7362937927246
[2025-06-06 17:59:21] - Traininng loss : 0.709166539412687
[2025-06-06 17:59:52] - vali_results: {'mae': 0.3183869421482086, 'mape': 4.9923996925354, 'mse': 0.36612066626548767, 'rmse': 0.6050790548324585}
[2025-06-06 18:00:04] - test_results: {'mae': 0.38920629024505615, 'mape': 6.316589832305908, 'mse': 0.4963780343532562, 'rmse': 0.704541027545929}
[2025-06-06 18:01:11] - Epoch: 4 cost time: 398.93123030662537
[2025-06-06 18:01:11] - Traininng loss : 0.6945641444254055
[2025-06-06 18:01:44] - vali_results: {'mae': 0.31411558389663696, 'mape': 4.821450710296631, 'mse': 0.3621472120285034, 'rmse': 0.6017866730690002}
[2025-06-06 18:01:56] - test_results: {'mae': 0.3846113383769989, 'mape': 6.118776321411133, 'mse': 0.4918542206287384, 'rmse': 0.7013232111930847}
[2025-06-06 18:03:06] - Epoch: 5 cost time: 513.4499115943909
[2025-06-06 18:03:06] - Traininng loss : 0.6854763394610796
[2025-06-06 18:03:36] - vali_results: {'mae': 0.31263482570648193, 'mape': 4.773016452789307, 'mse': 0.3593757748603821, 'rmse': 0.599479615688324}
[2025-06-06 18:03:49] - test_results: {'mae': 0.3837660849094391, 'mape': 6.164602756500244, 'mse': 0.48934346437454224, 'rmse': 0.6995308995246887}
[2025-06-06 18:04:56] - Epoch: 6 cost time: 623.7554776668549
[2025-06-06 18:04:56] - Traininng loss : 0.6790818507292808
[2025-06-06 18:05:26] - vali_results: {'mae': 0.3097495436668396, 'mape': 4.772180080413818, 'mse': 0.3566323220729828, 'rmse': 0.5971869826316833}
[2025-06-06 18:05:38] - test_results: {'mae': 0.3801458477973938, 'mape': 6.100523948669434, 'mse': 0.48590943217277527, 'rmse': 0.6970720291137695}
[2025-06-06 18:06:45] - Epoch: 7 cost time: 732.4703431129456
[2025-06-06 18:06:45] - Traininng loss : 0.6741384865513751
[2025-06-06 18:07:15] - vali_results: {'mae': 0.3094305694103241, 'mape': 4.7672882080078125, 'mse': 0.35498514771461487, 'rmse': 0.5958063006401062}
[2025-06-06 18:07:28] - test_results: {'mae': 0.38111260533332825, 'mape': 6.159651756286621, 'mse': 0.48561644554138184, 'rmse': 0.6968618631362915}
[2025-06-06 18:08:33] - Epoch: 8 cost time: 840.7869503498077
[2025-06-06 18:08:33] - Traininng loss : 0.6702757761671019
[2025-06-06 18:09:03] - vali_results: {'mae': 0.3086315989494324, 'mape': 4.7853851318359375, 'mse': 0.35338667035102844, 'rmse': 0.5944633483886719}
[2025-06-06 18:09:16] - test_results: {'mae': 0.38204097747802734, 'mape': 6.355628490447998, 'mse': 0.4862281084060669, 'rmse': 0.6973006129264832}
[2025-06-06 18:10:26] - Epoch: 9 cost time: 953.6317842006683
[2025-06-06 18:10:26] - Traininng loss : 0.6670839441187867
[2025-06-06 18:11:00] - vali_results: {'mae': 0.306532621383667, 'mape': 4.6418538093566895, 'mse': 0.35201916098594666, 'rmse': 0.5933120250701904}
[2025-06-06 18:11:13] - test_results: {'mae': 0.3780308961868286, 'mape': 6.112530708312988, 'mse': 0.482804536819458, 'rmse': 0.6948413848876953}
[2025-06-06 18:12:16] - Epoch: 10 cost time: 1063.7419257164001
[2025-06-06 18:12:16] - Traininng loss : 0.664229862371195
[2025-06-06 18:12:46] - vali_results: {'mae': 0.3068609833717346, 'mape': 4.814175128936768, 'mse': 0.350305438041687, 'rmse': 0.5918660759925842}
[2025-06-06 18:13:00] - test_results: {'mae': 0.3782857656478882, 'mape': 6.257564067840576, 'mse': 0.4810924530029297, 'rmse': 0.693608283996582}
[2025-06-06 18:14:07] - Epoch: 11 cost time: 1174.402431488037
[2025-06-06 18:14:07] - Traininng loss : 0.6621189939278413
[2025-06-06 18:14:39] - vali_results: {'mae': 0.3057929277420044, 'mape': 4.717209815979004, 'mse': 0.34970951080322266, 'rmse': 0.5913624167442322}
[2025-06-06 18:14:51] - test_results: {'mae': 0.3778544068336487, 'mape': 6.168713569641113, 'mse': 0.48127901554107666, 'rmse': 0.6937427520751953}
[2025-06-06 18:15:57] - Epoch: 12 cost time: 1284.8448915481567
[2025-06-06 18:15:57] - Traininng loss : 0.6599786940723409
[2025-06-06 18:16:28] - vali_results: {'mae': 0.3050495386123657, 'mape': 4.6958909034729, 'mse': 0.3485984802246094, 'rmse': 0.5904222726821899}
[2025-06-06 18:16:41] - test_results: {'mae': 0.37859588861465454, 'mape': 6.258944511413574, 'mse': 0.48171892762184143, 'rmse': 0.6940597295761108}
[2025-06-06 18:17:45] - Epoch: 13 cost time: 1392.5932877063751
[2025-06-06 18:17:45] - Traininng loss : 0.6584529209269787
[2025-06-06 18:18:16] - vali_results: {'mae': 0.30502063035964966, 'mape': 4.735907077789307, 'mse': 0.34808605909347534, 'rmse': 0.5899881720542908}
[2025-06-06 18:18:30] - test_results: {'mae': 0.37822166085243225, 'mape': 6.243490695953369, 'mse': 0.4806791841983795, 'rmse': 0.6933103203773499}
[2025-06-06 18:19:37] - Epoch: 14 cost time: 1504.4332315921783
[2025-06-06 18:19:37] - Traininng loss : 0.6568392981725815
[2025-06-06 18:20:07] - vali_results: {'mae': 0.30514681339263916, 'mape': 4.742967128753662, 'mse': 0.3475353717803955, 'rmse': 0.5895212888717651}
[2025-06-06 18:20:20] - test_results: {'mae': 0.3760093152523041, 'mape': 6.098791122436523, 'mse': 0.47781819105148315, 'rmse': 0.6912439465522766}
[2025-06-06 18:21:25] - Epoch: 15 cost time: 1612.8545808792114
[2025-06-06 18:21:25] - Traininng loss : 0.6553657591176897
[2025-06-06 18:21:55] - vali_results: {'mae': 0.3033648729324341, 'mape': 4.719857215881348, 'mse': 0.346232533454895, 'rmse': 0.588415265083313}
[2025-06-06 18:22:07] - test_results: {'mae': 0.3757360279560089, 'mape': 6.235557556152344, 'mse': 0.4777268171310425, 'rmse': 0.6911778450012207}
[2025-06-06 18:23:13] - Epoch: 16 cost time: 1720.8572804927826
[2025-06-06 18:23:13] - Traininng loss : 0.6542595807556323
[2025-06-06 18:23:44] - vali_results: {'mae': 0.30319979786872864, 'mape': 4.727548599243164, 'mse': 0.34535062313079834, 'rmse': 0.5876653790473938}
[2025-06-06 18:23:57] - test_results: {'mae': 0.37639644742012024, 'mape': 6.248033046722412, 'mse': 0.47810086607933044, 'rmse': 0.6914483904838562}
[2025-06-06 18:24:59] - Epoch: 17 cost time: 1826.4725193977356
[2025-06-06 18:24:59] - Traininng loss : 0.6530845462445761
[2025-06-06 18:25:28] - vali_results: {'mae': 0.30328112840652466, 'mape': 4.739686012268066, 'mse': 0.3449224829673767, 'rmse': 0.5873010158538818}
[2025-06-06 18:25:41] - test_results: {'mae': 0.37591424584388733, 'mape': 6.2272820472717285, 'mse': 0.4770182967185974, 'rmse': 0.6906651258468628}
[2025-06-06 18:26:47] - Epoch: 18 cost time: 1934.89444565773
[2025-06-06 18:26:47] - Traininng loss : 0.6523209627624341
[2025-06-06 18:27:16] - vali_results: {'mae': 0.3020314872264862, 'mape': 4.687256813049316, 'mse': 0.3445762097835541, 'rmse': 0.587006151676178}
[2025-06-06 18:27:29] - test_results: {'mae': 0.374741792678833, 'mape': 6.115916728973389, 'mse': 0.4767094850540161, 'rmse': 0.6904414892196655}
[2025-06-06 18:28:36] - Epoch: 19 cost time: 2043.6942591667175
[2025-06-06 18:28:36] - Traininng loss : 0.6513298651966212
[2025-06-06 18:29:07] - vali_results: {'mae': 0.30139273405075073, 'mape': 4.632586479187012, 'mse': 0.3445635139942169, 'rmse': 0.5869953036308289}
[2025-06-06 18:29:20] - test_results: {'mae': 0.3750435709953308, 'mape': 6.1147780418396, 'mse': 0.47721409797668457, 'rmse': 0.6908068656921387}
[2025-06-06 18:30:27] - Epoch: 20 cost time: 2154.917018890381
[2025-06-06 18:30:27] - Traininng loss : 0.6502467066796709
[2025-06-06 18:30:57] - vali_results: {'mae': 0.3019506335258484, 'mape': 4.671263694763184, 'mse': 0.34434181451797485, 'rmse': 0.5868064761161804}
[2025-06-06 18:31:09] - test_results: {'mae': 0.37428030371665955, 'mape': 6.12125301361084, 'mse': 0.4760630428791046, 'rmse': 0.6899732351303101}
[2025-06-06 18:32:16] - Epoch: 21 cost time: 2263.230759382248
[2025-06-06 18:32:16] - Traininng loss : 0.6495641051560723
[2025-06-06 18:32:46] - vali_results: {'mae': 0.3019999563694, 'mape': 4.699942588806152, 'mse': 0.3435269594192505, 'rmse': 0.5861117243766785}
[2025-06-06 18:32:59] - test_results: {'mae': 0.37601855397224426, 'mape': 6.2666754722595215, 'mse': 0.4771711528301239, 'rmse': 0.6907757520675659}
[2025-06-06 18:34:06] - Epoch: 22 cost time: 2374.092641353607
[2025-06-06 18:34:06] - Traininng loss : 0.648949964464873
[2025-06-06 18:34:36] - vali_results: {'mae': 0.30162346363067627, 'mape': 4.726465225219727, 'mse': 0.3429396450519562, 'rmse': 0.5856105089187622}
[2025-06-06 18:34:49] - test_results: {'mae': 0.37404170632362366, 'mape': 6.264984130859375, 'mse': 0.4748256504535675, 'rmse': 0.6890759468078613}
[2025-06-06 18:35:55] - Epoch: 23 cost time: 2482.7427368164062
[2025-06-06 18:35:55] - Traininng loss : 0.6482694728460816
[2025-06-06 18:36:25] - vali_results: {'mae': 0.3013409674167633, 'mape': 4.692697048187256, 'mse': 0.3424285054206848, 'rmse': 0.5851739048957825}
[2025-06-06 18:36:37] - test_results: {'mae': 0.37412789463996887, 'mape': 6.2310333251953125, 'mse': 0.47503334283828735, 'rmse': 0.6892266273498535}
[2025-06-06 18:37:44] - Epoch: 24 cost time: 2591.5749368667603
[2025-06-06 18:37:44] - Traininng loss : 0.6475231393466089
[2025-06-06 18:38:15] - vali_results: {'mae': 0.30080240964889526, 'mape': 4.606327533721924, 'mse': 0.3428846001625061, 'rmse': 0.5855634808540344}
[2025-06-06 18:38:27] - test_results: {'mae': 0.373842716217041, 'mape': 6.105676174163818, 'mse': 0.4752153158187866, 'rmse': 0.689358651638031}
[2025-06-06 18:39:36] - Epoch: 25 cost time: 2703.7483735084534
[2025-06-06 18:39:36] - Traininng loss : 0.6469570688882578
[2025-06-06 18:40:06] - vali_results: {'mae': 0.3012019693851471, 'mape': 4.735655307769775, 'mse': 0.34215328097343445, 'rmse': 0.5849387049674988}
[2025-06-06 18:40:19] - test_results: {'mae': 0.3757387399673462, 'mape': 6.2685675621032715, 'mse': 0.47651952505111694, 'rmse': 0.6903039216995239}
[2025-06-06 18:41:27] - Epoch: 26 cost time: 2814.9156260490417
[2025-06-06 18:41:27] - Traininng loss : 0.6466342713839497
[2025-06-06 18:41:58] - vali_results: {'mae': 0.3007705807685852, 'mape': 4.726870059967041, 'mse': 0.34166428446769714, 'rmse': 0.5845205783843994}
[2025-06-06 18:42:11] - test_results: {'mae': 0.3732714056968689, 'mape': 6.163009166717529, 'mse': 0.47363317012786865, 'rmse': 0.688210129737854}
[2025-06-06 18:43:17] - Epoch: 27 cost time: 2925.118822813034
[2025-06-06 18:43:17] - Traininng loss : 0.646018765264899
[2025-06-06 18:43:48] - vali_results: {'mae': 0.2995275855064392, 'mape': 4.60294771194458, 'mse': 0.34185466170310974, 'rmse': 0.584683358669281}
[2025-06-06 18:44:01] - test_results: {'mae': 0.372787743806839, 'mape': 6.0766096115112305, 'mse': 0.47470834851264954, 'rmse': 0.6889908313751221}
[2025-06-06 18:45:07] - Epoch: 28 cost time: 3034.978628873825
[2025-06-06 18:45:07] - Traininng loss : 0.645600420020749
[2025-06-06 18:45:38] - vali_results: {'mae': 0.299643337726593, 'mape': 4.637640953063965, 'mse': 0.3412896692752838, 'rmse': 0.5842000246047974}
[2025-06-06 18:45:51] - test_results: {'mae': 0.3725775182247162, 'mape': 6.194810390472412, 'mse': 0.4736279547214508, 'rmse': 0.6882063150405884}
[2025-06-06 18:47:00] - Epoch: 29 cost time: 3147.640466451645
[2025-06-06 18:47:00] - Traininng loss : 0.6451660610507126
[2025-06-06 18:47:31] - vali_results: {'mae': 0.2997899055480957, 'mape': 4.656404495239258, 'mse': 0.34131819009780884, 'rmse': 0.5842244625091553}
[2025-06-06 18:47:44] - test_results: {'mae': 0.3718380331993103, 'mape': 6.118208885192871, 'mse': 0.4727327227592468, 'rmse': 0.6875556111335754}
[2025-06-06 18:48:50] - Epoch: 30 cost time: 3257.4067709445953
[2025-06-06 18:48:50] - Traininng loss : 0.644728686318092
[2025-06-06 18:49:19] - vali_results: {'mae': 0.2994828224182129, 'mape': 4.675844192504883, 'mse': 0.34061485528945923, 'rmse': 0.5836221575737}
[2025-06-06 18:49:32] - test_results: {'mae': 0.3737049400806427, 'mape': 6.26121187210083, 'mse': 0.4749358296394348, 'rmse': 0.6891558766365051}
[2025-06-06 18:50:39] - Epoch: 31 cost time: 3366.2966911792755
[2025-06-06 18:50:39] - Traininng loss : 0.6443619777897275
[2025-06-06 18:51:09] - vali_results: {'mae': 0.29933667182922363, 'mape': 4.573694229125977, 'mse': 0.34139391779899597, 'rmse': 0.5842892527580261}
[2025-06-06 18:51:22] - test_results: {'mae': 0.37202632427215576, 'mape': 6.073835849761963, 'mse': 0.473406046628952, 'rmse': 0.688045084476471}
[2025-06-06 18:52:29] - Epoch: 32 cost time: 3476.3930881023407
[2025-06-06 18:52:29] - Traininng loss : 0.6439850712220981
[2025-06-06 18:52:59] - vali_results: {'mae': 0.29999247193336487, 'mape': 4.668386459350586, 'mse': 0.3414483964443207, 'rmse': 0.5843358635902405}
[2025-06-06 18:53:12] - test_results: {'mae': 0.37476810812950134, 'mape': 6.162333011627197, 'mse': 0.4758246839046478, 'rmse': 0.6898004412651062}
[2025-06-06 18:54:19] - Epoch: 33 cost time: 3586.3194954395294
[2025-06-06 18:54:19] - Traininng loss : 0.6436529566318544
[2025-06-06 18:54:49] - vali_results: {'mae': 0.2987600266933441, 'mape': 4.579467296600342, 'mse': 0.3405018150806427, 'rmse': 0.5835253596305847}
[2025-06-06 18:55:02] - test_results: {'mae': 0.3708573281764984, 'mape': 6.120551586151123, 'mse': 0.47199976444244385, 'rmse': 0.6870223879814148}
[2025-06-06 18:56:08] - Epoch: 34 cost time: 3695.8225045204163
[2025-06-06 18:56:08] - Traininng loss : 0.6432714591783402
[2025-06-06 18:56:38] - vali_results: {'mae': 0.29867875576019287, 'mape': 4.558427810668945, 'mse': 0.3409816026687622, 'rmse': 0.5839362740516663}
[2025-06-06 18:56:50] - test_results: {'mae': 0.3714029788970947, 'mape': 6.051360607147217, 'mse': 0.473063588142395, 'rmse': 0.6877961754798889}
[2025-06-06 18:57:55] - Epoch: 35 cost time: 3802.779925107956
[2025-06-06 18:57:55] - Traininng loss : 0.6430750598814494
[2025-06-06 18:58:25] - vali_results: {'mae': 0.2981185019016266, 'mape': 4.59140157699585, 'mse': 0.3402712047100067, 'rmse': 0.5833277106285095}
[2025-06-06 18:58:38] - test_results: {'mae': 0.3713640570640564, 'mape': 6.10587739944458, 'mse': 0.47273412346839905, 'rmse': 0.6875566244125366}
[2025-06-06 18:59:43] - Epoch: 36 cost time: 3911.1664514541626
[2025-06-06 18:59:43] - Traininng loss : 0.6426943874292719
[2025-06-06 19:00:13] - vali_results: {'mae': 0.2985905408859253, 'mape': 4.645427227020264, 'mse': 0.33987775444984436, 'rmse': 0.5829903483390808}
[2025-06-06 19:00:26] - test_results: {'mae': 0.37357357144355774, 'mape': 6.226337432861328, 'mse': 0.47476741671562195, 'rmse': 0.6890336871147156}
[2025-06-06 19:01:33] - Epoch: 37 cost time: 4020.3150074481964
[2025-06-06 19:01:33] - Traininng loss : 0.642508943432885
[2025-06-06 19:02:02] - vali_results: {'mae': 0.29884254932403564, 'mape': 4.643058776855469, 'mse': 0.33984917402267456, 'rmse': 0.5829658508300781}
[2025-06-06 19:02:15] - test_results: {'mae': 0.372980535030365, 'mape': 6.283911228179932, 'mse': 0.47407031059265137, 'rmse': 0.6885276436805725}
[2025-06-06 19:03:24] - Epoch: 38 cost time: 4131.936160802841
[2025-06-06 19:03:24] - Traininng loss : 0.64229149821741
[2025-06-06 19:03:55] - vali_results: {'mae': 0.29801854491233826, 'mape': 4.609760284423828, 'mse': 0.33970925211906433, 'rmse': 0.5828458070755005}
[2025-06-06 19:04:08] - test_results: {'mae': 0.3721451461315155, 'mape': 6.172998905181885, 'mse': 0.47367894649505615, 'rmse': 0.6882433891296387}
[2025-06-06 19:05:16] - Epoch: 39 cost time: 4244.003912448883
[2025-06-06 19:05:16] - Traininng loss : 0.6418411643724256
[2025-06-06 19:05:46] - vali_results: {'mae': 0.29820284247398376, 'mape': 4.6307172775268555, 'mse': 0.3394123315811157, 'rmse': 0.5825910568237305}
[2025-06-06 19:05:58] - test_results: {'mae': 0.37131714820861816, 'mape': 6.16278076171875, 'mse': 0.47213879227638245, 'rmse': 0.6871235370635986}
[2025-06-06 19:07:04] - Epoch: 40 cost time: 4351.741650819778
[2025-06-06 19:07:04] - Traininng loss : 0.641719768306339
[2025-06-06 19:07:33] - vali_results: {'mae': 0.29819542169570923, 'mape': 4.638401508331299, 'mse': 0.3390648066997528, 'rmse': 0.5822927355766296}
[2025-06-06 19:07:46] - test_results: {'mae': 0.37111029028892517, 'mape': 6.171698093414307, 'mse': 0.4715203046798706, 'rmse': 0.6866733431816101}
[2025-06-06 19:08:52] - Epoch: 41 cost time: 4459.256106376648
[2025-06-06 19:08:52] - Traininng loss : 0.6414121610208474
[2025-06-06 19:09:21] - vali_results: {'mae': 0.2982783913612366, 'mape': 4.627952575683594, 'mse': 0.33916282653808594, 'rmse': 0.5823768973350525}
[2025-06-06 19:09:34] - test_results: {'mae': 0.370735228061676, 'mape': 6.166328430175781, 'mse': 0.4709469974040985, 'rmse': 0.6862557530403137}
[2025-06-06 19:10:40] - Epoch: 42 cost time: 4567.216739416122
[2025-06-06 19:10:40] - Traininng loss : 0.6411133028338547
[2025-06-06 19:11:09] - vali_results: {'mae': 0.2978399693965912, 'mape': 4.612452507019043, 'mse': 0.3393254578113556, 'rmse': 0.5825164914131165}
[2025-06-06 19:11:21] - test_results: {'mae': 0.3718045651912689, 'mape': 6.184039115905762, 'mse': 0.4727824032306671, 'rmse': 0.6875917315483093}
[2025-06-06 19:12:27] - Epoch: 43 cost time: 4674.438919305801
[2025-06-06 19:12:27] - Traininng loss : 0.640989423628305
[2025-06-06 19:12:58] - vali_results: {'mae': 0.2974191904067993, 'mape': 4.57975435256958, 'mse': 0.3390742242336273, 'rmse': 0.5823007822036743}
[2025-06-06 19:13:10] - test_results: {'mae': 0.37102922797203064, 'mape': 6.161139965057373, 'mse': 0.47230398654937744, 'rmse': 0.6872437596321106}
[2025-06-06 19:14:16] - Epoch: 44 cost time: 4783.507020711899
[2025-06-06 19:14:16] - Traininng loss : 0.6405999615663938
[2025-06-06 19:14:45] - vali_results: {'mae': 0.2972581386566162, 'mape': 4.570931911468506, 'mse': 0.33925071358680725, 'rmse': 0.5824523568153381}
[2025-06-06 19:14:57] - test_results: {'mae': 0.36969345808029175, 'mape': 6.096606254577637, 'mse': 0.47073519229888916, 'rmse': 0.6861014366149902}
[2025-06-06 19:16:03] - Epoch: 45 cost time: 4890.326257944107
[2025-06-06 19:16:03] - Traininng loss : 0.6406072862965151
[2025-06-06 19:16:34] - vali_results: {'mae': 0.2975838780403137, 'mape': 4.633670806884766, 'mse': 0.338575541973114, 'rmse': 0.5818724632263184}
[2025-06-06 19:16:46] - test_results: {'mae': 0.37032073736190796, 'mape': 6.195516109466553, 'mse': 0.47062763571739197, 'rmse': 0.6860230565071106}
[2025-06-06 19:17:50] - Epoch: 46 cost time: 4997.896543502808
[2025-06-06 19:17:50] - Traininng loss : 0.6402879840484237
[2025-06-06 19:18:20] - vali_results: {'mae': 0.29738694429397583, 'mape': 4.5014801025390625, 'mse': 0.3396223187446594, 'rmse': 0.5827712416648865}
[2025-06-06 19:18:34] - test_results: {'mae': 0.3700045347213745, 'mape': 5.983564376831055, 'mse': 0.4717160165309906, 'rmse': 0.6868158578872681}
[2025-06-06 19:19:41] - Epoch: 47 cost time: 5108.850733280182
[2025-06-06 19:19:41] - Traininng loss : 0.6401076786697409
[2025-06-06 19:20:10] - vali_results: {'mae': 0.29718276858329773, 'mape': 4.591132164001465, 'mse': 0.3387121558189392, 'rmse': 0.5819898247718811}
[2025-06-06 19:20:22] - test_results: {'mae': 0.37029552459716797, 'mape': 6.1014509201049805, 'mse': 0.4713250696659088, 'rmse': 0.6865311861038208}
[2025-06-06 19:21:28] - Epoch: 48 cost time: 5216.077803134918
[2025-06-06 19:21:28] - Traininng loss : 0.6398743474051813
[2025-06-06 19:21:58] - vali_results: {'mae': 0.2967756986618042, 'mape': 4.573657989501953, 'mse': 0.33845722675323486, 'rmse': 0.5817707777023315}
[2025-06-06 19:22:10] - test_results: {'mae': 0.3700927197933197, 'mape': 6.171889781951904, 'mse': 0.4711642265319824, 'rmse': 0.6864140629768372}
[2025-06-06 19:23:16] - Epoch: 49 cost time: 5323.7189111709595
[2025-06-06 19:23:16] - Traininng loss : 0.6397972282925024
[2025-06-06 19:23:47] - vali_results: {'mae': 0.29713529348373413, 'mape': 4.6162333488464355, 'mse': 0.3383326828479767, 'rmse': 0.5816637277603149}
[2025-06-06 19:23:59] - test_results: {'mae': 0.3704260587692261, 'mape': 6.181331634521484, 'mse': 0.4710458815097809, 'rmse': 0.6863278150558472}
[2025-06-06 19:25:03] - Epoch: 50 cost time: 5430.871562004089
[2025-06-06 19:25:03] - Traininng loss : 0.6395759766812444
[2025-06-06 19:25:33] - vali_results: {'mae': 0.2967183291912079, 'mape': 4.598451137542725, 'mse': 0.33834365010261536, 'rmse': 0.5816731452941895}
[2025-06-06 19:25:45] - test_results: {'mae': 0.37040287256240845, 'mape': 6.157737731933594, 'mse': 0.4713762104511261, 'rmse': 0.6865684390068054}
[2025-06-06 19:26:53] - Epoch: 51 cost time: 5540.7497301101685
[2025-06-06 19:26:53] - Traininng loss : 0.6393477466777174
[2025-06-06 19:27:23] - vali_results: {'mae': 0.2972702383995056, 'mape': 4.604016304016113, 'mse': 0.33849984407424927, 'rmse': 0.5818073749542236}
[2025-06-06 19:27:36] - test_results: {'mae': 0.37036222219467163, 'mape': 6.16891622543335, 'mse': 0.47092288732528687, 'rmse': 0.6862382292747498}
[2025-06-06 19:28:40] - Epoch: 52 cost time: 5647.321098804474
[2025-06-06 19:28:40] - Traininng loss : 0.6392923890714194
[2025-06-06 19:29:09] - vali_results: {'mae': 0.29688137769699097, 'mape': 4.570291519165039, 'mse': 0.3385413587093353, 'rmse': 0.5818430781364441}
[2025-06-06 19:29:21] - test_results: {'mae': 0.37012776732444763, 'mape': 6.061388969421387, 'mse': 0.47105011343955994, 'rmse': 0.6863309144973755}
[2025-06-06 19:30:28] - Epoch: 53 cost time: 5755.337207794189
[2025-06-06 19:30:28] - Traininng loss : 0.6390644685471623
[2025-06-06 19:30:57] - vali_results: {'mae': 0.2964852452278137, 'mape': 4.573698997497559, 'mse': 0.33809688687324524, 'rmse': 0.5814610123634338}
[2025-06-06 19:31:09] - test_results: {'mae': 0.3699668049812317, 'mape': 6.1676530838012695, 'mse': 0.47088363766670227, 'rmse': 0.6862096190452576}
[2025-06-06 19:32:15] - Epoch: 54 cost time: 5862.676342248917
[2025-06-06 19:32:15] - Traininng loss : 0.6388705563744462
[2025-06-06 19:32:44] - vali_results: {'mae': 0.29641133546829224, 'mape': 4.564608573913574, 'mse': 0.33781468868255615, 'rmse': 0.5812183022499084}
[2025-06-06 19:32:57] - test_results: {'mae': 0.3694867789745331, 'mape': 6.1858391761779785, 'mse': 0.47032731771469116, 'rmse': 0.6858041286468506}
[2025-06-06 19:34:03] - Epoch: 55 cost time: 5970.710868358612
[2025-06-06 19:34:03] - Traininng loss : 0.638698135909928
[2025-06-06 19:34:32] - vali_results: {'mae': 0.29627931118011475, 'mape': 4.5858941078186035, 'mse': 0.3376835584640503, 'rmse': 0.5811054706573486}
[2025-06-06 19:34:44] - test_results: {'mae': 0.3703075349330902, 'mape': 6.202291488647461, 'mse': 0.47114109992980957, 'rmse': 0.6863971948623657}
[2025-06-06 19:35:51] - Epoch: 56 cost time: 6078.879987478256
[2025-06-06 19:35:51] - Traininng loss : 0.6385269935416644
[2025-06-06 19:36:21] - vali_results: {'mae': 0.2965133786201477, 'mape': 4.555692672729492, 'mse': 0.33818790316581726, 'rmse': 0.5815392732620239}
[2025-06-06 19:36:34] - test_results: {'mae': 0.37019845843315125, 'mape': 6.113312244415283, 'mse': 0.4714461863040924, 'rmse': 0.6866194009780884}
[2025-06-06 19:37:40] - Epoch: 57 cost time: 6187.4917068481445
[2025-06-06 19:37:40] - Traininng loss : 0.6385767054757036
[2025-06-06 19:38:09] - vali_results: {'mae': 0.295876681804657, 'mape': 4.512814998626709, 'mse': 0.33801934123039246, 'rmse': 0.5813943147659302}
[2025-06-06 19:38:22] - test_results: {'mae': 0.36977720260620117, 'mape': 6.108929634094238, 'mse': 0.471111923456192, 'rmse': 0.6863759160041809}
[2025-06-06 19:39:27] - Epoch: 58 cost time: 6295.135104894638
[2025-06-06 19:39:27] - Traininng loss : 0.6384475981624678
[2025-06-06 19:39:57] - vali_results: {'mae': 0.29608964920043945, 'mape': 4.502362251281738, 'mse': 0.3385566174983978, 'rmse': 0.5818561911582947}
[2025-06-06 19:40:10] - test_results: {'mae': 0.37015384435653687, 'mape': 6.084570407867432, 'mse': 0.472168505191803, 'rmse': 0.6871451735496521}
[2025-06-06 19:41:12] - Epoch: 59 cost time: 6399.709685325623
[2025-06-06 19:41:12] - Traininng loss : 0.6381002108366709
[2025-06-06 19:41:43] - vali_results: {'mae': 0.2960263192653656, 'mape': 4.550532341003418, 'mse': 0.3379712700843811, 'rmse': 0.581352949142456}
[2025-06-06 19:41:56] - test_results: {'mae': 0.3695501387119293, 'mape': 6.120863914489746, 'mse': 0.4707310199737549, 'rmse': 0.6860983967781067}
[2025-06-06 19:43:00] - Epoch: 60 cost time: 6508.158522129059
[2025-06-06 19:43:00] - Traininng loss : 0.6380515568435691
[2025-06-06 19:43:30] - vali_results: {'mae': 0.2958488166332245, 'mape': 4.551689624786377, 'mse': 0.33757439255714417, 'rmse': 0.5810115337371826}
[2025-06-06 19:43:43] - test_results: {'mae': 0.3689720332622528, 'mape': 6.125565052032471, 'mse': 0.4699725806713104, 'rmse': 0.6855454444885254}
[2025-06-06 19:44:48] - Epoch: 61 cost time: 6616.144278049469
[2025-06-06 19:44:48] - Traininng loss : 0.637943102954822
[2025-06-06 19:45:17] - vali_results: {'mae': 0.2958095669746399, 'mape': 4.559487342834473, 'mse': 0.3376467823982239, 'rmse': 0.5810738205909729}
[2025-06-06 19:45:29] - test_results: {'mae': 0.3690950572490692, 'mape': 6.085671901702881, 'mse': 0.4701910614967346, 'rmse': 0.68570476770401}
[2025-06-06 19:46:34] - Epoch: 62 cost time: 6722.141150712967
[2025-06-06 19:46:34] - Traininng loss : 0.6377181576819141
[2025-06-06 19:47:04] - vali_results: {'mae': 0.29625561833381653, 'mape': 4.59067964553833, 'mse': 0.3377131521701813, 'rmse': 0.5811309218406677}
[2025-06-06 19:47:17] - test_results: {'mae': 0.37091803550720215, 'mape': 6.218531131744385, 'mse': 0.4719906747341156, 'rmse': 0.6870157718658447}
[2025-06-06 19:48:21] - Epoch: 63 cost time: 6828.515300035477
[2025-06-06 19:48:21] - Traininng loss : 0.6377341737322156
[2025-06-06 19:48:52] - vali_results: {'mae': 0.2954692840576172, 'mape': 4.532284736633301, 'mse': 0.3374713063240051, 'rmse': 0.5809227824211121}
[2025-06-06 19:49:04] - test_results: {'mae': 0.3689904808998108, 'mape': 6.104896068572998, 'mse': 0.4704968333244324, 'rmse': 0.68592768907547}
[2025-06-06 19:50:10] - Epoch: 64 cost time: 6937.860493421555
[2025-06-06 19:50:10] - Traininng loss : 0.6374277095608725
[2025-06-06 19:50:39] - vali_results: {'mae': 0.29558926820755005, 'mape': 4.56022310256958, 'mse': 0.33735913038253784, 'rmse': 0.5808262228965759}
[2025-06-06 19:50:52] - test_results: {'mae': 0.3686561584472656, 'mape': 6.091282844543457, 'mse': 0.4697011113166809, 'rmse': 0.6853474378585815}
[2025-06-06 19:51:54] - Epoch: 65 cost time: 7041.747259616852
[2025-06-06 19:51:54] - Traininng loss : 0.6374647016312751
[2025-06-06 19:52:23] - vali_results: {'mae': 0.2951931357383728, 'mape': 4.5202789306640625, 'mse': 0.3373793661594391, 'rmse': 0.5808436870574951}
[2025-06-06 19:52:36] - test_results: {'mae': 0.36808323860168457, 'mape': 6.092288017272949, 'mse': 0.4695858061313629, 'rmse': 0.6852633357048035}
[2025-06-06 19:53:41] - Epoch: 66 cost time: 7148.926416635513
[2025-06-06 19:53:41] - Traininng loss : 0.6372912067888838
[2025-06-06 19:54:11] - vali_results: {'mae': 0.29531463980674744, 'mape': 4.522233486175537, 'mse': 0.3375328779220581, 'rmse': 0.5809757709503174}
[2025-06-06 19:54:24] - test_results: {'mae': 0.36880409717559814, 'mape': 6.0982513427734375, 'mse': 0.4703950881958008, 'rmse': 0.6858535408973694}
[2025-06-06 19:55:30] - Epoch: 67 cost time: 7257.750617742538
[2025-06-06 19:55:30] - Traininng loss : 0.6372682636494756
[2025-06-06 19:56:00] - vali_results: {'mae': 0.2951492965221405, 'mape': 4.469051361083984, 'mse': 0.33777177333831787, 'rmse': 0.5811813473701477}
[2025-06-06 19:56:13] - test_results: {'mae': 0.3687458634376526, 'mape': 6.032750129699707, 'mse': 0.47080788016319275, 'rmse': 0.6861544251441956}
[2025-06-06 19:57:18] - Epoch: 68 cost time: 7365.860057115555
[2025-06-06 19:57:18] - Traininng loss : 0.6370806415100948
[2025-06-06 19:57:48] - vali_results: {'mae': 0.29500049352645874, 'mape': 4.513751983642578, 'mse': 0.3373085558414459, 'rmse': 0.5807827115058899}
[2025-06-06 19:58:00] - test_results: {'mae': 0.3682123124599457, 'mape': 6.066892147064209, 'mse': 0.4697696566581726, 'rmse': 0.6853974461555481}
[2025-06-06 19:59:05] - Epoch: 69 cost time: 7473.120920181274
[2025-06-06 19:59:05] - Traininng loss : 0.6369971192978883
[2025-06-06 19:59:36] - vali_results: {'mae': 0.29514002799987793, 'mape': 4.554740905761719, 'mse': 0.33708348870277405, 'rmse': 0.5805889368057251}
[2025-06-06 19:59:49] - test_results: {'mae': 0.3680051267147064, 'mape': 6.10434627532959, 'mse': 0.4691103398799896, 'rmse': 0.6849163174629211}
[2025-06-06 20:00:52] - Epoch: 70 cost time: 7580.100642442703
[2025-06-06 20:00:52] - Traininng loss : 0.6369203332406896
[2025-06-06 20:01:22] - vali_results: {'mae': 0.29505133628845215, 'mape': 4.531583786010742, 'mse': 0.3372192084789276, 'rmse': 0.5807057619094849}
[2025-06-06 20:01:34] - test_results: {'mae': 0.36828815937042236, 'mape': 6.075812816619873, 'mse': 0.46967774629592896, 'rmse': 0.6853303909301758}
[2025-06-06 20:02:38] - Epoch: 71 cost time: 7686.120614051819
[2025-06-06 20:02:38] - Traininng loss : 0.6367567397425766
[2025-06-06 20:03:07] - vali_results: {'mae': 0.2948441505432129, 'mape': 4.5257158279418945, 'mse': 0.33691006898880005, 'rmse': 0.580439567565918}
[2025-06-06 20:03:19] - test_results: {'mae': 0.368246465921402, 'mape': 6.104255199432373, 'mse': 0.46950986981391907, 'rmse': 0.6852079033851624}
[2025-06-06 20:04:26] - Epoch: 72 cost time: 7793.299834489822
[2025-06-06 20:04:26] - Traininng loss : 0.636633750123898
[2025-06-06 20:04:55] - vali_results: {'mae': 0.29486915469169617, 'mape': 4.536275386810303, 'mse': 0.3369686007499695, 'rmse': 0.580489993095398}
[2025-06-06 20:05:08] - test_results: {'mae': 0.36849814653396606, 'mape': 6.107928276062012, 'mse': 0.46982571482658386, 'rmse': 0.685438334941864}
[2025-06-06 20:06:12] - Epoch: 73 cost time: 7899.914460659027
[2025-06-06 20:06:12] - Traininng loss : 0.6367440011175894
[2025-06-06 20:06:42] - vali_results: {'mae': 0.2946600317955017, 'mape': 4.514108657836914, 'mse': 0.33694350719451904, 'rmse': 0.5804683566093445}
[2025-06-06 20:06:54] - test_results: {'mae': 0.3679981231689453, 'mape': 6.115012168884277, 'mse': 0.4694543480873108, 'rmse': 0.6851673722267151}
[2025-06-06 20:08:00] - Epoch: 74 cost time: 8007.894718885422
[2025-06-06 20:08:00] - Traininng loss : 0.636429799964501
[2025-06-06 20:08:30] - vali_results: {'mae': 0.29493457078933716, 'mape': 4.52286434173584, 'mse': 0.33731821179389954, 'rmse': 0.5807909965515137}
[2025-06-06 20:08:43] - test_results: {'mae': 0.36889466643333435, 'mape': 6.0979790687561035, 'mse': 0.47060197591781616, 'rmse': 0.6860043406486511}
[2025-06-06 20:09:47] - Epoch: 75 cost time: 8115.087881088257
[2025-06-06 20:09:47] - Traininng loss : 0.6365945900383102
[2025-06-06 20:10:16] - vali_results: {'mae': 0.2946472764015198, 'mape': 4.518558979034424, 'mse': 0.3368704617023468, 'rmse': 0.5804054141044617}
[2025-06-06 20:10:28] - test_results: {'mae': 0.36840060353279114, 'mape': 6.104998588562012, 'mse': 0.4698743224143982, 'rmse': 0.6854737997055054}
[2025-06-06 20:11:33] - Epoch: 76 cost time: 8220.569009065628
[2025-06-06 20:11:33] - Traininng loss : 0.6364468349387719
[2025-06-06 20:12:02] - vali_results: {'mae': 0.29475137591362, 'mape': 4.5106048583984375, 'mse': 0.3371315598487854, 'rmse': 0.5806303024291992}
[2025-06-06 20:12:14] - test_results: {'mae': 0.3683103919029236, 'mape': 6.072939872741699, 'mse': 0.47009384632110596, 'rmse': 0.6856338977813721}
[2025-06-06 20:13:20] - Epoch: 77 cost time: 8327.256233215332
[2025-06-06 20:13:20] - Traininng loss : 0.6363266017443623
[2025-06-06 20:13:48] - vali_results: {'mae': 0.29453638195991516, 'mape': 4.522563934326172, 'mse': 0.3366546034812927, 'rmse': 0.5802194476127625}
[2025-06-06 20:14:00] - test_results: {'mae': 0.36819109320640564, 'mape': 6.127318382263184, 'mse': 0.46955016255378723, 'rmse': 0.6852372884750366}
[2025-06-06 20:15:05] - Epoch: 78 cost time: 8432.55620765686
[2025-06-06 20:15:05] - Traininng loss : 0.6362598604810603
[2025-06-06 20:15:34] - vali_results: {'mae': 0.2944980263710022, 'mape': 4.507672309875488, 'mse': 0.3368555009365082, 'rmse': 0.5803925395011902}
[2025-06-06 20:15:46] - test_results: {'mae': 0.3681034743785858, 'mape': 6.098593711853027, 'mse': 0.46969085931777954, 'rmse': 0.6853399872779846}
[2025-06-06 20:16:50] - Epoch: 79 cost time: 8538.031758069992
[2025-06-06 20:16:50] - Traininng loss : 0.6362048751132402
[2025-06-06 20:17:21] - vali_results: {'mae': 0.29452380537986755, 'mape': 4.510115623474121, 'mse': 0.33690345287323, 'rmse': 0.5804338455200195}
[2025-06-06 20:17:33] - test_results: {'mae': 0.3681891858577728, 'mape': 6.0929059982299805, 'mse': 0.469890296459198, 'rmse': 0.6854854226112366}
[2025-06-06 20:18:38] - Epoch: 80 cost time: 8645.603910207748
[2025-06-06 20:18:38] - Traininng loss : 0.636140110266906
[2025-06-06 20:19:06] - vali_results: {'mae': 0.29445090889930725, 'mape': 4.523556232452393, 'mse': 0.3367345333099365, 'rmse': 0.580288290977478}
[2025-06-06 20:19:19] - test_results: {'mae': 0.3682566285133362, 'mape': 6.112949848175049, 'mse': 0.46968916058540344, 'rmse': 0.6853387355804443}
[2025-06-06 20:20:22] - Epoch: 81 cost time: 8749.663554906845
[2025-06-06 20:20:22] - Traininng loss : 0.6361202889830289
[2025-06-06 20:20:51] - vali_results: {'mae': 0.2945554256439209, 'mape': 4.5468573570251465, 'mse': 0.3365594446659088, 'rmse': 0.5801374316215515}
[2025-06-06 20:21:03] - test_results: {'mae': 0.3683316111564636, 'mape': 6.13454008102417, 'mse': 0.46967947483062744, 'rmse': 0.6853316426277161}
[2025-06-06 20:22:09] - Epoch: 82 cost time: 8856.888275623322
[2025-06-06 20:22:09] - Traininng loss : 0.6360558454040698
[2025-06-06 20:22:39] - vali_results: {'mae': 0.2945305109024048, 'mape': 4.534453392028809, 'mse': 0.33658191561698914, 'rmse': 0.5801568031311035}
[2025-06-06 20:22:51] - test_results: {'mae': 0.367824912071228, 'mape': 6.109453201293945, 'mse': 0.46920058131217957, 'rmse': 0.684982180595398}
[2025-06-06 20:23:58] - Epoch: 83 cost time: 8965.713970661163
[2025-06-06 20:23:58] - Traininng loss : 0.6359639944804412
[2025-06-06 20:24:28] - vali_results: {'mae': 0.2943998873233795, 'mape': 4.52337646484375, 'mse': 0.33663278818130493, 'rmse': 0.5802006721496582}
[2025-06-06 20:24:40] - test_results: {'mae': 0.36810848116874695, 'mape': 6.123584747314453, 'mse': 0.4696633815765381, 'rmse': 0.6853199005126953}
[2025-06-06 20:25:48] - Epoch: 84 cost time: 9075.510432720184
[2025-06-06 20:25:48] - Traininng loss : 0.6359424708945506
[2025-06-06 20:26:18] - vali_results: {'mae': 0.29436489939689636, 'mape': 4.528872489929199, 'mse': 0.33648744225502014, 'rmse': 0.5800753831863403}
[2025-06-06 20:26:31] - test_results: {'mae': 0.3678458034992218, 'mape': 6.116115093231201, 'mse': 0.46922215819358826, 'rmse': 0.6849979162216187}
[2025-06-06 20:27:38] - Epoch: 85 cost time: 9185.756784915924
[2025-06-06 20:27:38] - Traininng loss : 0.6357941336950552
[2025-06-06 20:28:08] - vali_results: {'mae': 0.294355571269989, 'mape': 4.519786834716797, 'mse': 0.3366938531398773, 'rmse': 0.5802532434463501}
[2025-06-06 20:28:20] - test_results: {'mae': 0.36799073219299316, 'mape': 6.103541374206543, 'mse': 0.46952828764915466, 'rmse': 0.6852213144302368}
[2025-06-06 20:29:26] - Epoch: 86 cost time: 9294.067393541336
[2025-06-06 20:29:26] - Traininng loss : 0.6360122481760541
[2025-06-06 20:29:57] - vali_results: {'mae': 0.29431596398353577, 'mape': 4.512235641479492, 'mse': 0.33666396141052246, 'rmse': 0.5802274942398071}
[2025-06-06 20:30:10] - test_results: {'mae': 0.3677915930747986, 'mape': 6.093176364898682, 'mse': 0.46937450766563416, 'rmse': 0.6851091384887695}
[2025-06-06 20:31:16] - Epoch: 87 cost time: 9403.807893037796
[2025-06-06 20:31:16] - Traininng loss : 0.6358430101678896
[2025-06-06 20:31:47] - vali_results: {'mae': 0.29422760009765625, 'mape': 4.51832389831543, 'mse': 0.3365708887577057, 'rmse': 0.5801473259925842}
[2025-06-06 20:31:59] - test_results: {'mae': 0.3678217828273773, 'mape': 6.11141300201416, 'mse': 0.46936216950416565, 'rmse': 0.6851001381874084}
[2025-06-06 20:33:07] - Epoch: 88 cost time: 9514.590619802475
[2025-06-06 20:33:07] - Traininng loss : 0.6356830381085281
[2025-06-06 20:33:37] - vali_results: {'mae': 0.2941986918449402, 'mape': 4.509533882141113, 'mse': 0.336642324924469, 'rmse': 0.5802088379859924}
[2025-06-06 20:33:49] - test_results: {'mae': 0.36762166023254395, 'mape': 6.086849689483643, 'mse': 0.4692632257938385, 'rmse': 0.6850278973579407}
[2025-06-06 20:34:56] - Epoch: 89 cost time: 9624.15197467804
[2025-06-06 20:34:56] - Traininng loss : 0.6357655070286276
[2025-06-06 20:35:25] - vali_results: {'mae': 0.29427167773246765, 'mape': 4.519465923309326, 'mse': 0.3365571200847626, 'rmse': 0.5801354050636292}
[2025-06-06 20:35:38] - test_results: {'mae': 0.3678334653377533, 'mape': 6.119097709655762, 'mse': 0.46937912702560425, 'rmse': 0.685112476348877}
[2025-06-06 20:35:38] - loss no decreased for 5 epochs,  early stopping ....
[2025-06-06 20:35:50] - test_results: {'mae': 0.3678458034992218, 'mape': 6.116115093231201, 'mse': 0.46922215819358826, 'rmse': 0.6849979162216187}
