[2025-05-28 20:34:10] - run : 0 in seed: 1
[2025-05-28 20:34:10] - +-----------------------------------+------------+
|              Modules              | Parameters |
+-----------------------------------+------------+
|     fm.Linear_Seasonal.weight     |   32256    |
|      fm.Linear_Seasonal.bias      |    336     |
|       fm.Linear_Trend.weight      |   32256    |
|        fm.Linear_Trend.bias       |    336     |
|             nm.weight             |     14     |
| nm.model_freq.model_freq.0.weight |    6144    |
|  nm.model_freq.model_freq.0.bias  |     64     |
|  nm.model_freq.model_all.0.weight |   20480    |
|   nm.model_freq.model_all.0.bias  |    128     |
|  nm.model_freq.model_all.2.weight |   43008    |
|   nm.model_freq.model_all.2.bias  |    336     |
| nm.model_pred.model_freq.0.weight |   24576    |
|  nm.model_pred.model_freq.0.bias  |    256     |
|  nm.model_pred.model_all.0.weight |   180224   |
|   nm.model_pred.model_all.0.bias  |    512     |
|  nm.model_pred.model_all.2.weight |   172032   |
|   nm.model_pred.model_all.2.bias  |    336     |
+-----------------------------------+------------+
[2025-05-28 20:34:10] - Total Trainable Params: 513294
[2025-05-28 20:34:10] - model parameters: 513294
[2025-05-28 20:34:26] - Epoch: 1 cost time: 15.336496591567993
[2025-05-28 20:34:26] - Traininng loss : 1.0325217152257329
[2025-05-28 20:34:27] - vali_results: {'mae': 0.4253930449485779, 'mape': 4.3450608253479, 'mse': 0.3514759838581085, 'rmse': 0.5928540825843811}
[2025-05-28 20:34:28] - test_results: {'mae': 0.2855525612831116, 'mape': 12.885011672973633, 'mse': 0.1476426124572754, 'rmse': 0.3842429220676422}
[2025-05-28 20:34:44] - Epoch: 2 cost time: 33.422839403152466
[2025-05-28 20:34:44] - Traininng loss : 0.906729552084985
[2025-05-28 20:34:45] - vali_results: {'mae': 0.39541545510292053, 'mape': 4.598793029785156, 'mse': 0.31640663743019104, 'rmse': 0.5625003576278687}
[2025-05-28 20:34:47] - test_results: {'mae': 0.2643525004386902, 'mape': 15.588492393493652, 'mse': 0.13849230110645294, 'rmse': 0.37214553356170654}
[2025-05-28 20:35:02] - Epoch: 3 cost time: 51.31981945037842
[2025-05-28 20:35:02] - Traininng loss : 0.88835935416105
[2025-05-28 20:35:03] - vali_results: {'mae': 0.4031730592250824, 'mape': 4.600463390350342, 'mse': 0.3262196183204651, 'rmse': 0.57115638256073}
[2025-05-28 20:35:04] - test_results: {'mae': 0.26284682750701904, 'mape': 14.331515312194824, 'mse': 0.13300134241580963, 'rmse': 0.3646934926509857}
[2025-05-28 20:35:20] - Epoch: 4 cost time: 69.80218052864075
[2025-05-28 20:35:20] - Traininng loss : 0.8781774555049513
[2025-05-28 20:35:22] - vali_results: {'mae': 0.39888086915016174, 'mape': 4.528717994689941, 'mse': 0.3187214732170105, 'rmse': 0.5645542144775391}
[2025-05-28 20:35:23] - test_results: {'mae': 0.26539406180381775, 'mape': 14.786478042602539, 'mse': 0.13538488745689392, 'rmse': 0.3679468631744385}
[2025-05-28 20:35:38] - Epoch: 5 cost time: 88.09009170532227
[2025-05-28 20:35:38] - Traininng loss : 0.8693714375891115
[2025-05-28 20:35:40] - vali_results: {'mae': 0.40595555305480957, 'mape': 4.653668403625488, 'mse': 0.32697251439094543, 'rmse': 0.5718151330947876}
[2025-05-28 20:35:41] - test_results: {'mae': 0.2689661979675293, 'mape': 14.255866050720215, 'mse': 0.13651219010353088, 'rmse': 0.3694755733013153}
[2025-05-28 20:35:57] - Epoch: 6 cost time: 106.76443719863892
[2025-05-28 20:35:57] - Traininng loss : 0.8646150652481162
[2025-05-28 20:35:59] - vali_results: {'mae': 0.3982103168964386, 'mape': 4.881619453430176, 'mse': 0.32030993700027466, 'rmse': 0.5659593343734741}
[2025-05-28 20:36:00] - test_results: {'mae': 0.2663020193576813, 'mape': 15.720202445983887, 'mse': 0.13812291622161865, 'rmse': 0.371648907661438}
[2025-05-28 20:36:14] - Epoch: 7 cost time: 123.96406555175781
[2025-05-28 20:36:14] - Traininng loss : 0.8595745211224193
[2025-05-28 20:36:16] - vali_results: {'mae': 0.4031718373298645, 'mape': 4.41754150390625, 'mse': 0.32669374346733093, 'rmse': 0.5715712904930115}
[2025-05-28 20:36:17] - test_results: {'mae': 0.26429158449172974, 'mape': 14.208887100219727, 'mse': 0.13282296061515808, 'rmse': 0.3644488453865051}
[2025-05-28 20:36:17] - loss no decreased for 5 epochs,  early stopping ....
[2025-05-28 20:36:18] - test_results: {'mae': 0.2643525004386902, 'mape': 15.588492393493652, 'mse': 0.13849230110645294, 'rmse': 0.37214553356170654}
