[2025-06-05 15:28:45] - run : 1 in seed: 3
[2025-06-05 15:28:45] - +-----------------------------------+------------+
|              Modules              | Parameters |
+-----------------------------------+------------+
|     fm.Linear_Seasonal.weight     |    9216    |
|      fm.Linear_Seasonal.bias      |     96     |
|       fm.Linear_Trend.weight      |    9216    |
|        fm.Linear_Trend.bias       |     96     |
|             nm.weight             |     14     |
| nm.model_freq.model_freq.0.weight |    6144    |
|  nm.model_freq.model_freq.0.bias  |     64     |
|  nm.model_freq.model_all.0.weight |   20480    |
|   nm.model_freq.model_all.0.bias  |    128     |
|  nm.model_freq.model_all.2.weight |   12288    |
|   nm.model_freq.model_all.2.bias  |     96     |
| nm.model_pred.model_freq.0.weight |   24576    |
|  nm.model_pred.model_freq.0.bias  |    256     |
|  nm.model_pred.model_all.0.weight |   180224   |
|   nm.model_pred.model_all.0.bias  |    512     |
|  nm.model_pred.model_all.2.weight |   49152    |
|   nm.model_pred.model_all.2.bias  |     96     |
+-----------------------------------+------------+
[2025-06-05 15:28:45] - Total Trainable Params: 312654
[2025-06-05 15:28:45] - model parameters: 312654
[2025-06-05 15:29:22] - Epoch: 1 cost time: 37.21676516532898
[2025-06-05 15:29:22] - Traininng loss : 0.3450190335453302
[2025-06-05 15:29:29] - vali_results: {'mae': 0.2650119960308075, 'mape': 1.5344916582107544, 'mse': 0.15257982909679413, 'rmse': 0.39061468839645386}
[2025-06-05 15:29:32] - test_results: {'mae': 0.2058660089969635, 'mape': 1.916711449623108, 'mse': 0.0810142531991005, 'rmse': 0.28463003039360046}
[2025-06-05 15:30:09] - Epoch: 2 cost time: 84.51679396629333
[2025-06-05 15:30:09] - Traininng loss : 0.30012265356886614
[2025-06-05 15:30:16] - vali_results: {'mae': 0.267272025346756, 'mape': 1.5451017618179321, 'mse': 0.15548767149448395, 'rmse': 0.39431923627853394}
[2025-06-05 15:30:19] - test_results: {'mae': 0.20682378113269806, 'mape': 1.9997135400772095, 'mse': 0.08198879659175873, 'rmse': 0.28633686900138855}
[2025-06-05 15:30:57] - Epoch: 3 cost time: 131.90053796768188
[2025-06-05 15:30:57] - Traininng loss : 0.29358176063008024
[2025-06-05 15:31:03] - vali_results: {'mae': 0.2665761709213257, 'mape': 1.5377252101898193, 'mse': 0.1527746170759201, 'rmse': 0.39086392521858215}
[2025-06-05 15:31:06] - test_results: {'mae': 0.20496979355812073, 'mape': 1.9352068901062012, 'mse': 0.08073205500841141, 'rmse': 0.2841338813304901}
[2025-06-05 15:31:44] - Epoch: 4 cost time: 179.38772535324097
[2025-06-05 15:31:44] - Traininng loss : 0.2902725923357628
[2025-06-05 15:31:51] - vali_results: {'mae': 0.262863427400589, 'mape': 1.5423579216003418, 'mse': 0.14991849660873413, 'rmse': 0.38719311356544495}
[2025-06-05 15:31:54] - test_results: {'mae': 0.20321781933307648, 'mape': 1.9269168376922607, 'mse': 0.07959826290607452, 'rmse': 0.2821316421031952}
[2025-06-05 15:32:31] - Epoch: 5 cost time: 226.38105154037476
[2025-06-05 15:32:31] - Traininng loss : 0.2883270255843615
[2025-06-05 15:32:38] - vali_results: {'mae': 0.2560351490974426, 'mape': 1.580832600593567, 'mse': 0.14809858798980713, 'rmse': 0.38483577966690063}
[2025-06-05 15:32:41] - test_results: {'mae': 0.20079664885997772, 'mape': 1.9975874423980713, 'mse': 0.07919160276651382, 'rmse': 0.2814100384712219}
[2025-06-05 15:33:18] - Epoch: 6 cost time: 273.69363141059875
[2025-06-05 15:33:18] - Traininng loss : 0.2877570066436723
[2025-06-05 15:33:25] - vali_results: {'mae': 0.2726035416126251, 'mape': 1.4892821311950684, 'mse': 0.15657640993595123, 'rmse': 0.39569738507270813}
[2025-06-05 15:33:29] - test_results: {'mae': 0.20716093480587006, 'mape': 1.8790000677108765, 'mse': 0.08136545866727829, 'rmse': 0.2852463126182556}
[2025-06-05 15:34:06] - Epoch: 7 cost time: 321.52782249450684
[2025-06-05 15:34:06] - Traininng loss : 0.2865681929502776
[2025-06-05 15:34:12] - vali_results: {'mae': 0.2568410336971283, 'mape': 1.5713263750076294, 'mse': 0.148183211684227, 'rmse': 0.38494572043418884}
[2025-06-05 15:34:15] - test_results: {'mae': 0.20068839192390442, 'mape': 1.9911918640136719, 'mse': 0.0785970687866211, 'rmse': 0.2803516983985901}
[2025-06-05 15:34:53] - Epoch: 8 cost time: 367.9839391708374
[2025-06-05 15:34:53] - Traininng loss : 0.28549544497039303
[2025-06-05 15:34:59] - vali_results: {'mae': 0.25686877965927124, 'mape': 1.5557172298431396, 'mse': 0.14812536537647247, 'rmse': 0.38487058877944946}
[2025-06-05 15:35:03] - test_results: {'mae': 0.20020563900470734, 'mape': 1.9638618230819702, 'mse': 0.07839755713939667, 'rmse': 0.2799956500530243}
[2025-06-05 15:35:39] - Epoch: 9 cost time: 414.00376200675964
[2025-06-05 15:35:39] - Traininng loss : 0.28463123952620434
[2025-06-05 15:35:45] - vali_results: {'mae': 0.25877273082733154, 'mape': 1.5586726665496826, 'mse': 0.14842192828655243, 'rmse': 0.3852556645870209}
[2025-06-05 15:35:49] - test_results: {'mae': 0.20097017288208008, 'mape': 1.9642666578292847, 'mse': 0.07854170352220535, 'rmse': 0.28025293350219727}
[2025-06-05 15:36:26] - Epoch: 10 cost time: 460.8933906555176
[2025-06-05 15:36:26] - Traininng loss : 0.2845322051532493
[2025-06-05 15:36:32] - vali_results: {'mae': 0.25394752621650696, 'mape': 1.6031521558761597, 'mse': 0.14701735973358154, 'rmse': 0.3834284245967865}
[2025-06-05 15:36:35] - test_results: {'mae': 0.19926388561725616, 'mape': 2.0021791458129883, 'mse': 0.07820751518011093, 'rmse': 0.2796560525894165}
[2025-06-05 15:37:11] - Epoch: 11 cost time: 506.7502226829529
[2025-06-05 15:37:11] - Traininng loss : 0.28355408166096824
[2025-06-05 15:37:18] - vali_results: {'mae': 0.2561434209346771, 'mape': 1.5166844129562378, 'mse': 0.14816758036613464, 'rmse': 0.3849254250526428}
[2025-06-05 15:37:21] - test_results: {'mae': 0.1987939029932022, 'mape': 1.906760334968567, 'mse': 0.07732507586479187, 'rmse': 0.27807387709617615}
[2025-06-05 15:37:58] - Epoch: 12 cost time: 552.8571214675903
[2025-06-05 15:37:58] - Traininng loss : 0.28358064677230305
[2025-06-05 15:38:04] - vali_results: {'mae': 0.2551346719264984, 'mape': 1.575646996498108, 'mse': 0.14704832434654236, 'rmse': 0.3834688067436218}
[2025-06-05 15:38:08] - test_results: {'mae': 0.19992312788963318, 'mape': 1.9766814708709717, 'mse': 0.07864362001419067, 'rmse': 0.2804346978664398}
[2025-06-05 15:38:44] - Epoch: 13 cost time: 599.6800212860107
[2025-06-05 15:38:44] - Traininng loss : 0.28289960295334704
[2025-06-05 15:38:51] - vali_results: {'mae': 0.2551771402359009, 'mape': 1.6413503885269165, 'mse': 0.1473090499639511, 'rmse': 0.38380861282348633}
[2025-06-05 15:38:54] - test_results: {'mae': 0.20122724771499634, 'mape': 2.035510301589966, 'mse': 0.07950582355260849, 'rmse': 0.28196775913238525}
[2025-06-05 15:39:32] - Epoch: 14 cost time: 647.304113149643
[2025-06-05 15:39:32] - Traininng loss : 0.2827266483243317
[2025-06-05 15:39:39] - vali_results: {'mae': 0.257497638463974, 'mape': 1.5713756084442139, 'mse': 0.1479073315858841, 'rmse': 0.38458722829818726}
[2025-06-05 15:39:42] - test_results: {'mae': 0.2009328305721283, 'mape': 1.982326626777649, 'mse': 0.07872481644153595, 'rmse': 0.28057941794395447}
[2025-06-05 15:40:20] - Epoch: 15 cost time: 694.830846786499
[2025-06-05 15:40:20] - Traininng loss : 0.2822283619795291
[2025-06-05 15:40:26] - vali_results: {'mae': 0.26003333926200867, 'mape': 1.5419517755508423, 'mse': 0.14962731301784515, 'rmse': 0.3868168890476227}
[2025-06-05 15:40:30] - test_results: {'mae': 0.20143632590770721, 'mape': 1.96036958694458, 'mse': 0.07899604737758636, 'rmse': 0.28106236457824707}
[2025-06-05 15:40:30] - loss no decreased for 5 epochs,  early stopping ....
[2025-06-05 15:40:33] - test_results: {'mae': 0.19926388561725616, 'mape': 2.0021791458129883, 'mse': 0.07820751518011093, 'rmse': 0.2796560525894165}
